WARNING: ignoring environment value of R_HOME

Attaching package: ‘dplyr’

The following objects are masked from ‘package:stats’:

    filter, lag

The following objects are masked from ‘package:base’:

    intersect, setdiff, setequal, union

Loading required package: splines
Loading required package: foreach
Loaded gam 1.20.2

Super Learner
Version: 2.0-28
Package created on 2021-05-04

Loading required package: lattice
Loading required package: ggplot2
Loading required package: Matrix
Loaded glmnet 4.1-7
Loading required package: Formula
Loading required package: plotmo
Loading required package: plotrix
Loading required package: TeachingDemos
Loaded gbm 2.1.8.1

Attaching package: ‘xgboost’

The following object is masked from ‘package:dplyr’:

    slice

[1] "[Simulation setting]"
[1] "m: 100"
[1] "deltas: 0.5, 1, 2"
[1] "r: 300"
[1] "Sim.id 1"
[1] "Data generated"
[1] "   Split: 1"
[1] "   Split: 2"
[1] "Estimates and SE estimates computed"
[1] ""
[[1]]
[[1]]$est
  delta        mu      mu_1      mu_0         de         se_1        se_0
1   0.5 0.4285882 0.2376905 0.5720554 -0.3343650  0.005915414  0.01177421
2   1.0 0.3647521 0.2317751 0.5602812 -0.3285062  0.000000000  0.00000000
3   2.0 0.2560272 0.1759059 0.4904167 -0.3145108 -0.055869186 -0.06986452
          oe         te
1  0.0638361 -0.3225907
2  0.0000000 -0.3285062
3 -0.1087249 -0.3843753

[[1]]$se
  delta         mu       mu_1       mu_0         de       se_1       se_0
1   0.5 0.02453205 0.03148750 0.02854303 0.03540716 0.02506560 0.02112754
2   1.0 0.02256340 0.02123277 0.02747966 0.02336887 0.00000000 0.00000000
3   2.0 0.03066931 0.03246821 0.03581219 0.03751862 0.02415639 0.02533137
          oe         te
1 0.01821062 0.03601742
2 0.00000000 0.02336887
3 0.02218083 0.03519625


[1] "Total run time was 73.201 seconds"
