WARNING: ignoring environment value of R_HOME

Attaching package: ‘dplyr’

The following objects are masked from ‘package:stats’:

    filter, lag

The following objects are masked from ‘package:base’:

    intersect, setdiff, setequal, union

Loading required package: splines
Loading required package: foreach
Loaded gam 1.20.2

Super Learner
Version: 2.0-28
Package created on 2021-05-04

Loading required package: lattice
Loading required package: ggplot2
Loading required package: Matrix
Loaded glmnet 4.1-7
Loading required package: Formula
Loading required package: plotmo
Loading required package: plotrix
Loading required package: TeachingDemos
Loaded gbm 2.1.8.1

Attaching package: ‘xgboost’

The following object is masked from ‘package:dplyr’:

    slice

[1] "[Simulation setting]"
[1] "m: 100"
[1] "deltas: 0.5, 1, 2"
[1] "r: 300"
[1] "Sim.id 1"
[1] "Data generated"
[1] "   Split: 1"
[1] "   Split: 2"
[1] "Estimates and SE estimates computed"
[1] ""
[[1]]
[[1]]$est
  delta        mu      mu_1      mu_0         de        se_1        se_0
1   0.5 0.4859929 0.3180912 0.5986883 -0.2805971  0.07113653  0.04747734
2   1.0 0.3780554 0.2469547 0.5512110 -0.3042563  0.00000000  0.00000000
3   2.0 0.2625123 0.1795990 0.4704285 -0.2908296 -0.06735569 -0.08078242
          oe         te
1  0.1079375 -0.2331198
2  0.0000000 -0.3042563
3 -0.1155432 -0.3716120

[[1]]$se
  delta         mu       mu_1       mu_0         de       se_1       se_0
1   0.5 0.02607854 0.03057079 0.03803317 0.05077361 0.02181191 0.03069489
2   1.0 0.02264378 0.02163439 0.02783284 0.02739095 0.00000000 0.00000000
3   2.0 0.02748009 0.02703831 0.03757159 0.03580181 0.01841550 0.02698159
          oe         te
1 0.01900318 0.03448114
2 0.00000000 0.02739095
3 0.01741921 0.03160774


[1] "Total run time was 107.093 seconds"
