WARNING: ignoring environment value of R_HOME

Attaching package: ‘dplyr’

The following objects are masked from ‘package:stats’:

    filter, lag

The following objects are masked from ‘package:base’:

    intersect, setdiff, setequal, union

Loading required package: splines
Loading required package: foreach
Loaded gam 1.20.2

Super Learner
Version: 2.0-28
Package created on 2021-05-04

Loading required package: lattice
Loading required package: ggplot2
Loading required package: Matrix
Loaded glmnet 4.1-7
Loading required package: Formula
Loading required package: plotmo
Loading required package: plotrix
Loading required package: TeachingDemos
Loaded gbm 2.1.8.1

Attaching package: ‘xgboost’

The following object is masked from ‘package:dplyr’:

    slice

[1] "[Simulation setting]"
[1] "m: 100"
[1] "deltas: 0.5, 1, 2"
[1] "r: 300"
[1] "Sim.id 1"
[1] "Data generated"
[1] "   Split: 1"
[1] "   Split: 2"
[1] "Estimates and SE estimates computed"
[1] ""
[[1]]
[[1]]$est
  delta        mu      mu_1      mu_0         de         se_1        se_0
1   0.5 0.4546506 0.2161062 0.6036605 -0.3875543 -0.016797179  0.01335201
2   1.0 0.3952918 0.2329034 0.5903085 -0.3574051  0.000000000  0.00000000
3   2.0 0.3328490 0.2346971 0.5583983 -0.3237012  0.001793756 -0.03191013
           oe         te
1  0.05935881 -0.3742023
2  0.00000000 -0.3574051
3 -0.06244276 -0.3556113

[[1]]$se
  delta         mu       mu_1       mu_0         de       se_1       se_0
1   0.5 0.03168941 0.02265187 0.04272188 0.03846076 0.01530925 0.03035141
2   1.0 0.02403231 0.02116757 0.02964401 0.02366314 0.00000000 0.00000000
3   2.0 0.02665106 0.02276340 0.03957584 0.02936992 0.01243335 0.02958218
          oe         te
1 0.02221262 0.02546061
2 0.00000000 0.02366314
3 0.01623831 0.02619213


[1] "Total run time was 109.411 seconds"
