WARNING: ignoring environment value of R_HOME

Attaching package: ‘dplyr’

The following objects are masked from ‘package:stats’:

    filter, lag

The following objects are masked from ‘package:base’:

    intersect, setdiff, setequal, union

Loading required package: splines
Loading required package: foreach
Loaded gam 1.20.2

Super Learner
Version: 2.0-28
Package created on 2021-05-04

Loading required package: lattice
Loading required package: ggplot2
Loading required package: Matrix
Loaded glmnet 4.1-7
Loading required package: Formula
Loading required package: plotmo
Loading required package: plotrix
Loading required package: TeachingDemos
Loaded gbm 2.1.8.1

Attaching package: ‘xgboost’

The following object is masked from ‘package:dplyr’:

    slice

[1] "[Simulation setting]"
[1] "m: 100"
[1] "deltas: 0.5, 1, 2"
[1] "r: 300"
[1] "Sim.id 1"
[1] "Data generated"
[1] "   Split: 1"
[1] "   Split: 2"
[1] "Estimates and SE estimates computed"
[1] ""
[[1]]
[[1]]$est
  delta        mu      mu_1      mu_0         de        se_1        se_0
1   0.5 0.5025132 0.3247328 0.6179870 -0.2932542  0.06721549  0.04798830
2   1.0 0.3954346 0.2575173 0.5699987 -0.3124814  0.00000000  0.00000000
3   2.0 0.2627933 0.1783053 0.4848292 -0.3065240 -0.07921201 -0.08516947
          oe         te
1  0.1070786 -0.2452659
2  0.0000000 -0.3124814
3 -0.1326412 -0.3916934

[[1]]$se
  delta         mu       mu_1       mu_0         de       se_1       se_0
1   0.5 0.03385306 0.03915974 0.04009063 0.04854507 0.02788683 0.02939341
2   1.0 0.02624078 0.02447305 0.02979596 0.02378151 0.00000000 0.00000000
3   2.0 0.04795061 0.04869068 0.05289060 0.04064486 0.03982951 0.04094650
          oe         te
1 0.02263608 0.03792562
2 0.00000000 0.02378151
3 0.03741216 0.04704398


[1] "Total run time was 112.538 seconds"
