WARNING: ignoring environment value of R_HOME

Attaching package: ‘dplyr’

The following objects are masked from ‘package:stats’:

    filter, lag

The following objects are masked from ‘package:base’:

    intersect, setdiff, setequal, union

Loading required package: splines
Loading required package: foreach
Loaded gam 1.20.2

Super Learner
Version: 2.0-28
Package created on 2021-05-04

Loading required package: lattice
Loading required package: ggplot2
Loading required package: Matrix
Loaded glmnet 4.1-7
Loading required package: Formula
Loading required package: plotmo
Loading required package: plotrix
Loading required package: TeachingDemos
Loaded gbm 2.1.8.1

Attaching package: ‘xgboost’

The following object is masked from ‘package:dplyr’:

    slice

[1] "[Simulation setting]"
[1] "m: 100"
[1] "deltas: 0.5, 1, 2"
[1] "r: 300"
[1] "Sim.id 1"
[1] "Data generated"
[1] "   Split: 1"
[1] "   Split: 2"
[1] "Estimates and SE estimates computed"
[1] ""
[[1]]
[[1]]$est
  delta        mu      mu_1      mu_0         de        se_1         se_0
1   0.5 0.4157012 0.2452890 0.5412868 -0.2959977  0.02919925  0.001422126
2   1.0 0.3484537 0.2160898 0.5398647 -0.3237749  0.00000000  0.000000000
3   2.0 0.2697841 0.1785169 0.5251558 -0.3466389 -0.03757291 -0.014708826
           oe         te
1  0.06724747 -0.2945756
2  0.00000000 -0.3237749
3 -0.07866960 -0.3613478

[[1]]$se
  delta         mu       mu_1       mu_0         de       se_1       se_0
1   0.5 0.02481623 0.02682298 0.03077363 0.03327295 0.01859952 0.01835712
2   1.0 0.02076581 0.01937553 0.03051718 0.02934968 0.00000000 0.00000000
3   2.0 0.02866897 0.02747254 0.04187379 0.03727892 0.01945563 0.03174103
          oe         te
1 0.01608135 0.03544482
2 0.00000000 0.02934968
3 0.02077395 0.03620848


[1] "Total run time was 132.663 seconds"
