WARNING: ignoring environment value of R_HOME

Attaching package: ‘dplyr’

The following objects are masked from ‘package:stats’:

    filter, lag

The following objects are masked from ‘package:base’:

    intersect, setdiff, setequal, union

Loading required package: splines
Loading required package: foreach
Loaded gam 1.20.2

Super Learner
Version: 2.0-28
Package created on 2021-05-04

Loading required package: lattice
Loading required package: ggplot2
Loading required package: Matrix
Loaded glmnet 4.1-7
Loading required package: Formula
Loading required package: plotmo
Loading required package: plotrix
Loading required package: TeachingDemos
Loaded gbm 2.1.8.1

Attaching package: ‘xgboost’

The following object is masked from ‘package:dplyr’:

    slice

[1] "[Simulation setting]"
[1] "m: 100"
[1] "deltas: 0.5, 1, 2"
[1] "r: 300"
[1] "Sim.id 1"
[1] "Data generated"
[1] "   Split: 1"
[1] "   Split: 2"
[1] "Estimates and SE estimates computed"
[1] ""
[[1]]
[[1]]$est
  delta        mu      mu_1      mu_0         de        se_1        se_0
1   0.5 0.4452503 0.2746227 0.5738824 -0.2992597  0.03963339  0.06044500
2   1.0 0.3446894 0.2349893 0.5134374 -0.2784481  0.00000000  0.00000000
3   2.0 0.2430879 0.1831758 0.4332548 -0.2500790 -0.05181346 -0.08018262
          oe         te
1  0.1005609 -0.2388147
2  0.0000000 -0.2784481
3 -0.1016015 -0.3302616

[[1]]$se
  delta         mu       mu_1       mu_0         de       se_1       se_0
1   0.5 0.02680853 0.02819580 0.02929077 0.02840089 0.01762349 0.01816606
2   1.0 0.02513066 0.02307966 0.03211314 0.02603312 0.00000000 0.00000000
3   2.0 0.02790999 0.02699040 0.03962353 0.03660493 0.01771073 0.02450456
          oe         te
1 0.01394068 0.02940588
2 0.00000000 0.02603312
3 0.01875827 0.03438212


[1] "Total run time was 119.877 seconds"
