WARNING: ignoring environment value of R_HOME

Attaching package: ‘dplyr’

The following objects are masked from ‘package:stats’:

    filter, lag

The following objects are masked from ‘package:base’:

    intersect, setdiff, setequal, union

Loading required package: splines
Loading required package: foreach
Loaded gam 1.20.2

Super Learner
Version: 2.0-28
Package created on 2021-05-04

Loading required package: lattice
Loading required package: ggplot2
Loading required package: Matrix
Loaded glmnet 4.1-7
Loading required package: Formula
Loading required package: plotmo
Loading required package: plotrix
Loading required package: TeachingDemos
Loaded gbm 2.1.8.1

Attaching package: ‘xgboost’

The following object is masked from ‘package:dplyr’:

    slice

[1] "[Simulation setting]"
[1] "m: 100"
[1] "deltas: 0.5, 1, 2"
[1] "r: 300"
[1] "Sim.id 1"
[1] "Data generated"
[1] "   Split: 1"
[1] "   Split: 2"
[1] "Estimates and SE estimates computed"
[1] ""
[[1]]
[[1]]$est
  delta        mu      mu_1      mu_0         de          se_1       se_0
1   0.5 0.4893045 0.2810211 0.6217300 -0.3407090 -0.0003482339 0.01422347
2   1.0 0.4242045 0.2813693 0.6075066 -0.3261373  0.0000000000 0.00000000
3   2.0 0.3578643 0.2506692 0.6429298 -0.3922606 -0.0307000702 0.03542322
           oe         te
1  0.06509994 -0.3264855
2  0.00000000 -0.3261373
3 -0.06634022 -0.3568373

[[1]]$se
  delta         mu       mu_1       mu_0         de       se_1       se_0
1   0.5 0.03478907 0.04994548 0.04650667 0.06570011 0.04330098 0.03597669
2   1.0 0.02410647 0.02261625 0.02843199 0.02497217 0.00000000 0.00000000
3   2.0 0.03115638 0.03294963 0.03788555 0.04056173 0.02406474 0.02925391
          oe         te
1 0.02390086 0.04788362
2 0.00000000 0.02497217
3 0.02371966 0.03634965


[1] "Total run time was 80.982 seconds"
