WARNING: ignoring environment value of R_HOME

Attaching package: ‘dplyr’

The following objects are masked from ‘package:stats’:

    filter, lag

The following objects are masked from ‘package:base’:

    intersect, setdiff, setequal, union

Loading required package: splines
Loading required package: foreach
Loaded gam 1.20.2

Super Learner
Version: 2.0-28
Package created on 2021-05-04

Loading required package: lattice
Loading required package: ggplot2
Loading required package: Matrix
Loaded glmnet 4.1-7
Loading required package: Formula
Loading required package: plotmo
Loading required package: plotrix
Loading required package: TeachingDemos
Loaded gbm 2.1.8.1

Attaching package: ‘xgboost’

The following object is masked from ‘package:dplyr’:

    slice

[1] "[Simulation setting]"
[1] "m: 100"
[1] "deltas: 0.5, 1, 2"
[1] "r: 300"
[1] "Sim.id 1"
[1] "Data generated"
[1] "   Split: 1"
[1] "   Split: 2"
[1] "Estimates and SE estimates computed"
[1] ""
[[1]]
[[1]]$est
  delta        mu      mu_1      mu_0         de        se_1        se_0
1   0.5 0.4648478 0.2590493 0.6088940 -0.3498447  0.01840834  0.05427270
2   1.0 0.3732240 0.2406410 0.5546213 -0.3139803  0.00000000  0.00000000
3   2.0 0.2889271 0.2078991 0.5127176 -0.3048185 -0.03274194 -0.04190376
           oe         te
1  0.09162374 -0.2955720
2  0.00000000 -0.3139803
3 -0.08429690 -0.3467223

[[1]]$se
  delta         mu       mu_1       mu_0         de       se_1       se_0
1   0.5 0.03109618 0.03023793 0.03540029 0.02963250 0.02237863 0.02805913
2   1.0 0.02199591 0.02264180 0.02608157 0.02549109 0.00000000 0.00000000
3   2.0 0.02675359 0.02466279 0.04004188 0.03381127 0.01516678 0.02801140
          oe         te
1 0.02475455 0.03011445
2 0.00000000 0.02549109
3 0.01682471 0.02771666


[1] "Total run time was 114.104 seconds"
