WARNING: ignoring environment value of R_HOME

Attaching package: ‘dplyr’

The following objects are masked from ‘package:stats’:

    filter, lag

The following objects are masked from ‘package:base’:

    intersect, setdiff, setequal, union

Loading required package: splines
Loading required package: foreach
Loaded gam 1.20.2

Super Learner
Version: 2.0-28
Package created on 2021-05-04

Loading required package: lattice
Loading required package: ggplot2
Loading required package: Matrix
Loaded glmnet 4.1-7
Loading required package: Formula
Loading required package: plotmo
Loading required package: plotrix
Loading required package: TeachingDemos
Loaded gbm 2.1.8.1

Attaching package: ‘xgboost’

The following object is masked from ‘package:dplyr’:

    slice

[1] "[Simulation setting]"
[1] "m: 100"
[1] "deltas: 0.5, 1, 2"
[1] "r: 300"
[1] "Sim.id 1"
[1] "Data generated"
[1] "   Split: 1"
[1] "   Split: 2"
[1] "Estimates and SE estimates computed"
[1] ""
[[1]]
[[1]]$est
  delta        mu      mu_1      mu_0         de        se_1        se_0
1   0.5 0.4331939 0.2561712 0.5451750 -0.2890038 -0.02446213 0.008392879
2   1.0 0.3944064 0.2806333 0.5367821 -0.2561488  0.00000000 0.000000000
3   2.0 0.3738123 0.2927453 0.5756390 -0.2828937  0.01211197 0.038856887
           oe         te
1  0.03878748 -0.2806109
2  0.00000000 -0.2561488
3 -0.02059412 -0.2440368

[[1]]$se
  delta         mu       mu_1       mu_0         de       se_1       se_0
1   0.5 0.02911003 0.02634669 0.03973357 0.04081079 0.01954689 0.02930161
2   1.0 0.02315293 0.02472336 0.02842663 0.02682230 0.00000000 0.00000000
3   2.0 0.03662680 0.04039847 0.03742885 0.03785389 0.02731773 0.02635552
          oe         te
1 0.02170138 0.03021095
2 0.00000000 0.02682230
3 0.02605824 0.04222109


[1] "Total run time was 113.575 seconds"
