WARNING: ignoring environment value of R_HOME

Attaching package: ‘dplyr’

The following objects are masked from ‘package:stats’:

    filter, lag

The following objects are masked from ‘package:base’:

    intersect, setdiff, setequal, union

Loading required package: splines
Loading required package: foreach
Loaded gam 1.20.2

Super Learner
Version: 2.0-28
Package created on 2021-05-04

Loading required package: lattice
Loading required package: ggplot2
Loading required package: Matrix
Loaded glmnet 4.1-7
Loading required package: Formula
Loading required package: plotmo
Loading required package: plotrix
Loading required package: TeachingDemos
Loaded gbm 2.1.8.1

Attaching package: ‘xgboost’

The following object is masked from ‘package:dplyr’:

    slice

[1] "[Simulation setting]"
[1] "m: 100"
[1] "deltas: 0.5, 1, 2"
[1] "r: 300"
[1] "Sim.id 1"
[1] "Data generated"
[1] "   Split: 1"
[1] "   Split: 2"
[1] "Estimates and SE estimates computed"
[1] ""
[[1]]
[[1]]$est
  delta        mu      mu_1      mu_0         de        se_1        se_0
1   0.5 0.3798238 0.2604908 0.4523108 -0.1918200  0.04286731 -0.05708197
2   1.0 0.3489018 0.2176235 0.5093927 -0.2917693  0.00000000  0.00000000
3   2.0 0.2744435 0.1867893 0.4840224 -0.2972330 -0.03083413 -0.02537033
           oe         te
1  0.03092197 -0.2489019
2  0.00000000 -0.2917693
3 -0.07445837 -0.3226034

[[1]]$se
  delta         mu       mu_1       mu_0         de       se_1       se_0
1   0.5 0.04159160 0.03695081 0.05921514 0.05480802 0.02718878 0.04482362
2   1.0 0.02196608 0.01927027 0.03232309 0.03003180 0.00000000 0.00000000
3   2.0 0.02454058 0.02404215 0.03868954 0.04001947 0.01805573 0.02550612
          oe         te
1 0.03247040 0.03910473
2 0.00000000 0.03003180
3 0.01685817 0.03501985


[1] "Total run time was 112.933 seconds"
