WARNING: ignoring environment value of R_HOME

Attaching package: ‘dplyr’

The following objects are masked from ‘package:stats’:

    filter, lag

The following objects are masked from ‘package:base’:

    intersect, setdiff, setequal, union

Loading required package: splines
Loading required package: foreach
Loaded gam 1.20.2

Super Learner
Version: 2.0-28
Package created on 2021-05-04

Loading required package: lattice
Loading required package: ggplot2
Loading required package: Matrix
Loaded glmnet 4.1-7
Loading required package: Formula
Loading required package: plotmo
Loading required package: plotrix
Loading required package: TeachingDemos
Loaded gbm 2.1.8.1

Attaching package: ‘xgboost’

The following object is masked from ‘package:dplyr’:

    slice

[1] "[Simulation setting]"
[1] "m: 100"
[1] "deltas: 0.5, 1, 2"
[1] "r: 300"
[1] "Sim.id 1"
[1] "Data generated"
[1] "   Split: 1"
[1] "   Split: 2"
[1] "Estimates and SE estimates computed"
[1] ""
[[1]]
[[1]]$est
  delta        mu      mu_1      mu_0         de         se_1        se_0
1   0.5 0.4715378 0.2348672 0.6324105 -0.3975433  0.002512216  0.08342619
2   1.0 0.3620848 0.2323550 0.5489843 -0.3166294  0.000000000  0.00000000
3   2.0 0.2638691 0.2035452 0.4539556 -0.2504103 -0.028809735 -0.09502875
           oe         te
1  0.10945302 -0.3141171
2  0.00000000 -0.3166294
3 -0.09821564 -0.3454391

[[1]]$se
  delta         mu       mu_1       mu_0         de       se_1       se_0
1   0.5 0.03143997 0.03082884 0.03980106 0.04405843 0.02145199 0.03141344
2   1.0 0.02292717 0.02272937 0.02868972 0.02384033 0.00000000 0.00000000
3   2.0 0.02641517 0.02630168 0.04416658 0.04440402 0.01615378 0.03481483
          oe         te
1 0.02217319 0.03185161
2 0.00000000 0.02384033
3 0.01856162 0.03158782


[1] "Total run time was 110.861 seconds"
