WARNING: ignoring environment value of R_HOME

Attaching package: ‘dplyr’

The following objects are masked from ‘package:stats’:

    filter, lag

The following objects are masked from ‘package:base’:

    intersect, setdiff, setequal, union

Loading required package: splines
Loading required package: foreach
Loaded gam 1.20.2

Super Learner
Version: 2.0-28
Package created on 2021-05-04

Loading required package: lattice
Loading required package: ggplot2
Loading required package: Matrix
Loaded glmnet 4.1-7
Loading required package: Formula
Loading required package: plotmo
Loading required package: plotrix
Loading required package: TeachingDemos
Loaded gbm 2.1.8.1

Attaching package: ‘xgboost’

The following object is masked from ‘package:dplyr’:

    slice

[1] "[Simulation setting]"
[1] "m: 100"
[1] "deltas: 0.5, 1, 2"
[1] "r: 300"
[1] "Sim.id 1"
[1] "Data generated"
[1] "   Split: 1"
[1] "   Split: 2"
[1] "Estimates and SE estimates computed"
[1] ""
[[1]]
[[1]]$est
  delta        mu      mu_1      mu_0         de         se_1        se_0
1   0.5 0.3885248 0.2025065 0.5221031 -0.3195966 -0.008098348  0.05003428
2   1.0 0.3152184 0.2106048 0.4720688 -0.2614639  0.000000000  0.00000000
3   2.0 0.2552380 0.1951393 0.4496713 -0.2545320 -0.015465494 -0.02239746
           oe         te
1  0.07330641 -0.2695623
2  0.00000000 -0.2614639
3 -0.05998037 -0.2769294

[[1]]$se
  delta         mu       mu_1       mu_0         de       se_1       se_0
1   0.5 0.03684840 0.03114207 0.06054277 0.07795083 0.02504521 0.04791320
2   1.0 0.02330077 0.02215114 0.03390046 0.03306937 0.00000000 0.00000000
3   2.0 0.03860806 0.03834948 0.04644538 0.04219046 0.02959874 0.03407728
          oe         te
1 0.02821196 0.04505511
2 0.00000000 0.03306937
3 0.03064318 0.04570004


[1] "Total run time was 95.065 seconds"
