WARNING: ignoring environment value of R_HOME

Attaching package: ‘dplyr’

The following objects are masked from ‘package:stats’:

    filter, lag

The following objects are masked from ‘package:base’:

    intersect, setdiff, setequal, union

Loading required package: splines
Loading required package: foreach
Loaded gam 1.20.2

Super Learner
Version: 2.0-28
Package created on 2021-05-04

Loading required package: lattice
Loading required package: ggplot2
Loading required package: Matrix
Loaded glmnet 4.1-7
Loading required package: Formula
Loading required package: plotmo
Loading required package: plotrix
Loading required package: TeachingDemos
Loaded gbm 2.1.8.1

Attaching package: ‘xgboost’

The following object is masked from ‘package:dplyr’:

    slice

[1] "[Simulation setting]"
[1] "m: 100"
[1] "deltas: 0.5, 1, 2"
[1] "r: 300"
[1] "Sim.id 1"
[1] "Data generated"
[1] "   Split: 1"
[1] "   Split: 2"
[1] "Estimates and SE estimates computed"
[1] ""
[[1]]
[[1]]$est
  delta        mu      mu_1      mu_0         de         se_1        se_0
1   0.5 0.4506656 0.2616339 0.5912363 -0.3296024  0.004137641 0.042151762
2   1.0 0.3781535 0.2574963 0.5490845 -0.2915882  0.000000000 0.000000000
3   2.0 0.3079655 0.2196516 0.5545125 -0.3348609 -0.037844675 0.005427967
           oe         te
1  0.07251211 -0.2874506
2  0.00000000 -0.2915882
3 -0.07018804 -0.3294329

[[1]]$se
  delta         mu       mu_1       mu_0         de       se_1       se_0
1   0.5 0.04063268 0.03739741 0.05221632 0.04721253 0.02731879 0.04190712
2   1.0 0.02503217 0.02205137 0.03076789 0.02312089 0.00000000 0.00000000
3   2.0 0.03482306 0.03245353 0.04398546 0.03460142 0.02432106 0.03283036
          oe         te
1 0.03000532 0.03167398
2 0.00000000 0.02312089
3 0.02567363 0.03454183


[1] "Total run time was 106.21 seconds"
