WARNING: ignoring environment value of R_HOME

Attaching package: ‘dplyr’

The following objects are masked from ‘package:stats’:

    filter, lag

The following objects are masked from ‘package:base’:

    intersect, setdiff, setequal, union

Loading required package: splines
Loading required package: foreach
Loaded gam 1.20.2

Super Learner
Version: 2.0-28
Package created on 2021-05-04

Loading required package: lattice
Loading required package: ggplot2
Loading required package: Matrix
Loaded glmnet 4.1-7
Loading required package: Formula
Loading required package: plotmo
Loading required package: plotrix
Loading required package: TeachingDemos
Loaded gbm 2.1.8.1

Attaching package: ‘xgboost’

The following object is masked from ‘package:dplyr’:

    slice

[1] "[Simulation setting]"
[1] "m: 100"
[1] "deltas: 0.5, 1, 2"
[1] "r: 300"
[1] "Sim.id 1"
[1] "Data generated"
[1] "   Split: 1"
[1] "   Split: 2"
[1] "Estimates and SE estimates computed"
[1] ""
[[1]]
[[1]]$est
  delta        mu      mu_1      mu_0         de        se_1         se_0
1   0.5 0.4546990 0.2659507 0.5895397 -0.3235890  0.01476623  0.007152659
2   1.0 0.3902265 0.2511845 0.5823871 -0.3312026  0.00000000  0.000000000
3   2.0 0.2739193 0.1687666 0.5632389 -0.3944723 -0.08241783 -0.019148143
          oe         te
1  0.0644725 -0.3164364
2  0.0000000 -0.3312026
3 -0.1163073 -0.4136204

[[1]]$se
  delta         mu       mu_1       mu_0         de       se_1       se_0
1   0.5 0.02742766 0.03525731 0.03129855 0.03920137 0.02481489 0.02383866
2   1.0 0.02388088 0.02436595 0.02785654 0.02433462 0.00000000 0.00000000
3   2.0 0.05513466 0.06370106 0.04507765 0.04991851 0.05987207 0.03914869
          oe         te
1 0.01820813 0.03541271
2 0.00000000 0.02433462
3 0.05131676 0.06632715


[1] "Total run time was 107.798 seconds"
