WARNING: ignoring environment value of R_HOME

Attaching package: ‘dplyr’

The following objects are masked from ‘package:stats’:

    filter, lag

The following objects are masked from ‘package:base’:

    intersect, setdiff, setequal, union

Loading required package: splines
Loading required package: foreach
Loaded gam 1.20.2

Super Learner
Version: 2.0-28
Package created on 2021-05-04

Loading required package: lattice
Loading required package: ggplot2
Loading required package: Matrix
Loaded glmnet 4.1-7
Loading required package: Formula
Loading required package: plotmo
Loading required package: plotrix
Loading required package: TeachingDemos
Loaded gbm 2.1.8.1

Attaching package: ‘xgboost’

The following object is masked from ‘package:dplyr’:

    slice

[1] "[Simulation setting]"
[1] "m: 100"
[1] "deltas: 0.5, 1, 2"
[1] "r: 300"
[1] "Sim.id 1"
[1] "Data generated"
[1] "   Split: 1"
[1] "   Split: 2"
[1] "Estimates and SE estimates computed"
[1] ""
[[1]]
[[1]]$est
  delta        mu      mu_1      mu_0         de        se_1         se_0
1   0.5 0.4215699 0.2311570 0.5677516 -0.3365946 -0.01063568  0.005298337
2   1.0 0.3710754 0.2417927 0.5624532 -0.3206606  0.00000000  0.000000000
3   2.0 0.2344069 0.1425102 0.5199427 -0.3774325 -0.09928248 -0.042510524
           oe         te
1  0.05049442 -0.3312963
2  0.00000000 -0.3206606
3 -0.13666854 -0.4199431

[[1]]$se
  delta         mu       mu_1       mu_0         de       se_1       se_0
1   0.5 0.02589338 0.02913411 0.03297445 0.03514640 0.02234812 0.02207620
2   1.0 0.02319996 0.02095017 0.03050768 0.02534285 0.00000000 0.00000000
3   2.0 0.03792105 0.04456630 0.03962499 0.05721355 0.04221305 0.02620973
          oe         te
1 0.01741887 0.03445552
2 0.00000000 0.02534285
3 0.03551096 0.05250253


[1] "Total run time was 76.58 seconds"
