WARNING: ignoring environment value of R_HOME

Attaching package: ‘dplyr’

The following objects are masked from ‘package:stats’:

    filter, lag

The following objects are masked from ‘package:base’:

    intersect, setdiff, setequal, union

Loading required package: splines
Loading required package: foreach
Loaded gam 1.20.2

Super Learner
Version: 2.0-28
Package created on 2021-05-04

Loading required package: lattice
Loading required package: ggplot2
Loading required package: Matrix
Loaded glmnet 4.1-7
Loading required package: Formula
Loading required package: plotmo
Loading required package: plotrix
Loading required package: TeachingDemos
Loaded gbm 2.1.8.1

Attaching package: ‘xgboost’

The following object is masked from ‘package:dplyr’:

    slice

[1] "[Simulation setting]"
[1] "m: 100"
[1] "deltas: 0.5, 1, 2"
[1] "r: 300"
[1] "Sim.id 1"
[1] "Data generated"
[1] "   Split: 1"
[1] "   Split: 2"
[1] "Estimates and SE estimates computed"
[1] ""
[[1]]
[[1]]$est
  delta        mu      mu_1      mu_0         de         se_1        se_0
1   0.5 0.4733174 0.2625895 0.6210652 -0.3584757  0.007227535  0.05165731
2   1.0 0.3885006 0.2553620 0.5694079 -0.3140459  0.000000000  0.00000000
3   2.0 0.3294496 0.2484518 0.5423227 -0.2938710 -0.006910189 -0.02708517
           oe         te
1  0.08481678 -0.3068184
2  0.00000000 -0.3140459
3 -0.05905100 -0.3209561

[[1]]$se
  delta         mu       mu_1       mu_0         de       se_1       se_0
1   0.5 0.02400434 0.02649491 0.03555812 0.04785702 0.02153767 0.02498073
2   1.0 0.02062232 0.01885325 0.02985456 0.02963683 0.00000000 0.00000000
3   2.0 0.03485111 0.03429576 0.04573598 0.04514122 0.02527579 0.03259746
          oe         te
1 0.01561274 0.03775674
2 0.00000000 0.02963683
3 0.02666108 0.04081736


[1] "Total run time was 107.986 seconds"
