WARNING: ignoring environment value of R_HOME

Attaching package: ‘dplyr’

The following objects are masked from ‘package:stats’:

    filter, lag

The following objects are masked from ‘package:base’:

    intersect, setdiff, setequal, union

Loading required package: splines
Loading required package: foreach
Loaded gam 1.20.2

Super Learner
Version: 2.0-28
Package created on 2021-05-04

Loading required package: lattice
Loading required package: ggplot2
Loading required package: Matrix
Loaded glmnet 4.1-7
Loading required package: Formula
Loading required package: plotmo
Loading required package: plotrix
Loading required package: TeachingDemos
Loaded gbm 2.1.8.1

Attaching package: ‘xgboost’

The following object is masked from ‘package:dplyr’:

    slice

[1] "[Simulation setting]"
[1] "m: 100"
[1] "deltas: 0.5, 1, 2"
[1] "r: 300"
[1] "Sim.id 1"
[1] "Data generated"
[1] "   Split: 1"
[1] "   Split: 2"
[1] "Estimates and SE estimates computed"
[1] ""
[[1]]
[[1]]$est
  delta        mu      mu_1      mu_0         de        se_1        se_0
1   0.5 0.3910786 0.2456897 0.4914048 -0.2457151  0.01375795 -0.03403621
2   1.0 0.3558002 0.2319317 0.5254410 -0.2935093  0.00000000  0.00000000
3   2.0 0.2747627 0.1974057 0.4880921 -0.2906864 -0.03452605 -0.03734894
           oe         te
1  0.03527845 -0.2797514
2  0.00000000 -0.2935093
3 -0.08103745 -0.3280353

[[1]]$se
  delta         mu       mu_1       mu_0         de       se_1       se_0
1   0.5 0.04526810 0.03757558 0.05942633 0.04609547 0.03073679 0.04905751
2   1.0 0.02309111 0.02293246 0.02881412 0.02362998 0.00000000 0.00000000
3   2.0 0.03557045 0.03778449 0.03894670 0.03746132 0.02882882 0.02998004
          oe         te
1 0.03826981 0.03465844
2 0.00000000 0.02362998
3 0.02815826 0.04126194


[1] "Total run time was 125.73 seconds"
