WARNING: ignoring environment value of R_HOME

Attaching package: ‘dplyr’

The following objects are masked from ‘package:stats’:

    filter, lag

The following objects are masked from ‘package:base’:

    intersect, setdiff, setequal, union

Loading required package: splines
Loading required package: foreach
Loaded gam 1.20.2

Super Learner
Version: 2.0-28
Package created on 2021-05-04

Loading required package: lattice
Loading required package: ggplot2
Loading required package: Matrix
Loaded glmnet 4.1-7
Loading required package: Formula
Loading required package: plotmo
Loading required package: plotrix
Loading required package: TeachingDemos
Loaded gbm 2.1.8.1

Attaching package: ‘xgboost’

The following object is masked from ‘package:dplyr’:

    slice

[1] "[Simulation setting]"
[1] "m: 100"
[1] "deltas: 0.5, 1, 2"
[1] "r: 300"
[1] "Sim.id 1"
[1] "Data generated"
[1] "   Split: 1"
[1] "   Split: 2"
[1] "Estimates and SE estimates computed"
[1] ""
[[1]]
[[1]]$est
  delta        mu      mu_1      mu_0         de       se_1        se_0
1   0.5 0.5215608 0.2923893 0.6799461 -0.3875568 0.05943025  0.11396331
2   1.0 0.3734423 0.2329590 0.5659827 -0.3330237 0.00000000  0.00000000
3   2.0 0.3410281 0.2671476 0.5239411 -0.2567935 0.03418859 -0.04204159
          oe         te
1  0.1481185 -0.2735935
2  0.0000000 -0.3330237
3 -0.0324142 -0.2988351

[[1]]$se
  delta         mu       mu_1       mu_0         de       se_1       se_0
1   0.5 0.04016627 0.04830647 0.04551025 0.06014914 0.04141104 0.03276701
2   1.0 0.02399703 0.02109883 0.02897570 0.02590666 0.00000000 0.00000000
3   2.0 0.03494334 0.03498087 0.04376180 0.04230402 0.02546870 0.03158861
          oe         te
1 0.02907179 0.04990871
2 0.00000000 0.02590666
3 0.02516483 0.03692194


[1] "Total run time was 122.979 seconds"
