WARNING: ignoring environment value of R_HOME

Attaching package: ‘dplyr’

The following objects are masked from ‘package:stats’:

    filter, lag

The following objects are masked from ‘package:base’:

    intersect, setdiff, setequal, union

Loading required package: splines
Loading required package: foreach
Loaded gam 1.20.2

Super Learner
Version: 2.0-28
Package created on 2021-05-04

Loading required package: lattice
Loading required package: ggplot2
Loading required package: Matrix
Loaded glmnet 4.1-7
Loading required package: Formula
Loading required package: plotmo
Loading required package: plotrix
Loading required package: TeachingDemos
Loaded gbm 2.1.8.1

Attaching package: ‘xgboost’

The following object is masked from ‘package:dplyr’:

    slice

[1] "[Simulation setting]"
[1] "m: 100"
[1] "deltas: 0.5, 1, 2"
[1] "r: 300"
[1] "Sim.id 1"
[1] "Data generated"
[1] "   Split: 1"
[1] "   Split: 2"
[1] "Estimates and SE estimates computed"
[1] ""
[[1]]
[[1]]$est
  delta        mu      mu_1      mu_0         de        se_1        se_0
1   0.5 0.4273015 0.2845753 0.5039726 -0.2193974 0.020154026 -0.03695499
2   1.0 0.3814920 0.2644212 0.5409276 -0.2765064 0.000000000  0.00000000
3   2.0 0.3409253 0.2694703 0.5540775 -0.2846072 0.005049092  0.01314988
           oe         te
1  0.04580955 -0.2563524
2  0.00000000 -0.2765064
3 -0.04056663 -0.2714573

[[1]]$se
  delta         mu       mu_1       mu_0         de       se_1       se_0
1   0.5 0.03484583 0.04158872 0.04799382 0.06506587 0.03568163 0.03833047
2   1.0 0.02104609 0.02200963 0.02882042 0.02877490 0.00000000 0.00000000
3   2.0 0.03178700 0.03247974 0.04565209 0.04206008 0.02111850 0.03570361
          oe         te
1 0.02963552 0.04756386
2 0.00000000 0.02877490
3 0.02202415 0.03815458


[1] "Total run time was 106.981 seconds"
