WARNING: ignoring environment value of R_HOME

Attaching package: ‘dplyr’

The following objects are masked from ‘package:stats’:

    filter, lag

The following objects are masked from ‘package:base’:

    intersect, setdiff, setequal, union

Loading required package: splines
Loading required package: foreach
Loaded gam 1.20.2

Super Learner
Version: 2.0-28
Package created on 2021-05-04

Loading required package: lattice
Loading required package: ggplot2
Loading required package: Matrix
Loaded glmnet 4.1-7
Loading required package: Formula
Loading required package: plotmo
Loading required package: plotrix
Loading required package: TeachingDemos
Loaded gbm 2.1.8.1

Attaching package: ‘xgboost’

The following object is masked from ‘package:dplyr’:

    slice

[1] "[Simulation setting]"
[1] "m: 100"
[1] "deltas: 0.5, 1, 2"
[1] "r: 300"
[1] "Sim.id 1"
[1] "Data generated"
[1] "   Split: 1"
[1] "   Split: 2"
[1] "Estimates and SE estimates computed"
[1] ""
[[1]]
[[1]]$est
  delta        mu      mu_1      mu_0         de        se_1        se_0
1   0.5 0.4572535 0.2993699 0.5632462 -0.2638763  0.03045277 -0.03082229
2   1.0 0.4080313 0.2689172 0.5940685 -0.3251514  0.00000000  0.00000000
3   2.0 0.3449469 0.2353294 0.6546341 -0.4193047 -0.03358776  0.06056564
           oe         te
1  0.04922222 -0.2946986
2  0.00000000 -0.3251514
3 -0.06308446 -0.3587391

[[1]]$se
  delta         mu       mu_1       mu_0         de       se_1       se_0
1   0.5 0.03137433 0.03620283 0.03531816 0.03774904 0.02837455 0.02619421
2   1.0 0.02394710 0.02280197 0.02903231 0.02407492 0.00000000 0.00000000
3   2.0 0.04317811 0.04515541 0.05110526 0.04763131 0.03517944 0.03814320
          oe         te
1 0.02315964 0.03399253
2 0.00000000 0.02407492
3 0.03399151 0.04708794


[1] "Total run time was 107.104 seconds"
