WARNING: ignoring environment value of R_HOME

Attaching package: ‘dplyr’

The following objects are masked from ‘package:stats’:

    filter, lag

The following objects are masked from ‘package:base’:

    intersect, setdiff, setequal, union

Loading required package: splines
Loading required package: foreach
Loaded gam 1.20.2

Super Learner
Version: 2.0-28
Package created on 2021-05-04

Loading required package: lattice
Loading required package: ggplot2
Loading required package: Matrix
Loaded glmnet 4.1-7
Loading required package: Formula
Loading required package: plotmo
Loading required package: plotrix
Loading required package: TeachingDemos
Loaded gbm 2.1.8.1

Attaching package: ‘xgboost’

The following object is masked from ‘package:dplyr’:

    slice

[1] "[Simulation setting]"
[1] "m: 100"
[1] "deltas: 0.5, 1, 2"
[1] "r: 300"
[1] "Sim.id 1"
[1] "Data generated"
[1] "   Split: 1"
[1] "   Split: 2"
[1] "Estimates and SE estimates computed"
[1] ""
[[1]]
[[1]]$est
  delta        mu      mu_1      mu_0         de         se_1        se_0
1   0.5 0.4383385 0.2224387 0.5813955 -0.3589569  0.002942206  0.04730465
2   1.0 0.3557375 0.2194964 0.5340909 -0.3145944  0.000000000  0.00000000
3   2.0 0.2938114 0.2112133 0.5067361 -0.2955228 -0.008283178 -0.02735480
           oe         te
1  0.08260094 -0.3116522
2  0.00000000 -0.3145944
3 -0.06192618 -0.3228776

[[1]]$se
  delta         mu       mu_1       mu_0         de       se_1       se_0
1   0.5 0.03930601 0.05120116 0.04198175 0.05093300 0.04745351 0.02844257
2   1.0 0.02393119 0.02127288 0.02988322 0.02556467 0.00000000 0.00000000
3   2.0 0.02776938 0.02695604 0.04194101 0.04011601 0.01761960 0.03056067
          oe         te
1 0.03153566 0.05437987
2 0.00000000 0.02556467
3 0.01861022 0.03229582


[1] "Total run time was 110.618 seconds"
