WARNING: ignoring environment value of R_HOME

Attaching package: ‘dplyr’

The following objects are masked from ‘package:stats’:

    filter, lag

The following objects are masked from ‘package:base’:

    intersect, setdiff, setequal, union

Loading required package: splines
Loading required package: foreach
Loaded gam 1.20.2

Super Learner
Version: 2.0-28
Package created on 2021-05-04

Loading required package: lattice
Loading required package: ggplot2
Loading required package: Matrix
Loaded glmnet 4.1-7
Loading required package: Formula
Loading required package: plotmo
Loading required package: plotrix
Loading required package: TeachingDemos
Loaded gbm 2.1.8.1

Attaching package: ‘xgboost’

The following object is masked from ‘package:dplyr’:

    slice

[1] "[Simulation setting]"
[1] "m: 100"
[1] "deltas: 0.5, 1, 2"
[1] "r: 300"
[1] "Sim.id 1"
[1] "Data generated"
[1] "   Split: 1"
[1] "   Split: 2"
[1] "Estimates and SE estimates computed"
[1] ""
[[1]]
[[1]]$est
  delta        mu      mu_1      mu_0         de        se_1        se_0
1   0.5 0.4628791 0.2822614 0.5785289 -0.2962675  0.05613398  0.04136919
2   1.0 0.3598187 0.2261275 0.5371597 -0.3110323  0.00000000  0.00000000
3   2.0 0.2905441 0.2048707 0.5039677 -0.2990971 -0.02125680 -0.03319200
           oe         te
1  0.10306036 -0.2548983
2  0.00000000 -0.3110323
3 -0.06927468 -0.3322891

[[1]]$se
  delta         mu       mu_1       mu_0         de       se_1       se_0
1   0.5 0.04762807 0.04197397 0.06656398 0.07018777 0.03750864 0.05038053
2   1.0 0.02411143 0.02175629 0.03252282 0.02838272 0.00000000 0.00000000
3   2.0 0.03615224 0.03703106 0.05459544 0.05567422 0.02549048 0.04240113
          oe         te
1 0.03666101 0.04557381
2 0.00000000 0.02838272
3 0.02515274 0.04062099


[1] "Total run time was 126.038 seconds"
