WARNING: ignoring environment value of R_HOME

Attaching package: ‘dplyr’

The following objects are masked from ‘package:stats’:

    filter, lag

The following objects are masked from ‘package:base’:

    intersect, setdiff, setequal, union

Loading required package: splines
Loading required package: foreach
Loaded gam 1.20.2

Super Learner
Version: 2.0-28
Package created on 2021-05-04

Loading required package: lattice
Loading required package: ggplot2
Loading required package: Matrix
Loaded glmnet 4.1-7
Loading required package: Formula
Loading required package: plotmo
Loading required package: plotrix
Loading required package: TeachingDemos
Loaded gbm 2.1.8.1

Attaching package: ‘xgboost’

The following object is masked from ‘package:dplyr’:

    slice

[1] "[Simulation setting]"
[1] "m: 100"
[1] "deltas: 0.5, 1, 2"
[1] "r: 300"
[1] "Sim.id 1"
[1] "Data generated"
[1] "   Split: 1"
[1] "   Split: 2"
[1] "Estimates and SE estimates computed"
[1] ""
[[1]]
[[1]]$est
  delta        mu      mu_1      mu_0         de        se_1        se_0
1   0.5 0.4309026 0.2396885 0.5688211 -0.3291326  0.04161951  0.04650997
2   1.0 0.3308336 0.1980690 0.5223112 -0.3242422  0.00000000  0.00000000
3   2.0 0.2010722 0.1170944 0.4595973 -0.3425029 -0.08097460 -0.06271389
          oe         te
1  0.1000690 -0.2826227
2  0.0000000 -0.3242422
3 -0.1297614 -0.4052168

[[1]]$se
  delta         mu       mu_1       mu_0         de       se_1       se_0
1   0.5 0.02986312 0.02749435 0.03770515 0.03164155 0.01892074 0.02416964
2   1.0 0.02240964 0.01946644 0.02975788 0.02389891 0.00000000 0.00000000
3   2.0 0.04589261 0.04079558 0.06101195 0.03699313 0.03647932 0.05568207
          oe         te
1 0.02006534 0.02930957
2 0.00000000 0.02389891
3 0.04066893 0.04413523


[1] "Total run time was 106.608 seconds"
