WARNING: ignoring environment value of R_HOME

Attaching package: ‘dplyr’

The following objects are masked from ‘package:stats’:

    filter, lag

The following objects are masked from ‘package:base’:

    intersect, setdiff, setequal, union

Loading required package: splines
Loading required package: foreach
Loaded gam 1.20.2

Super Learner
Version: 2.0-28
Package created on 2021-05-04

Loading required package: lattice
Loading required package: ggplot2
Loading required package: Matrix
Loaded glmnet 4.1-7
Loading required package: Formula
Loading required package: plotmo
Loading required package: plotrix
Loading required package: TeachingDemos
Loaded gbm 2.1.8.1

Attaching package: ‘xgboost’

The following object is masked from ‘package:dplyr’:

    slice

[1] "[Simulation setting]"
[1] "m: 100"
[1] "deltas: 0.5, 1, 2"
[1] "r: 300"
[1] "Sim.id 1"
[1] "Data generated"
[1] "   Split: 1"
[1] "   Split: 2"
[1] "Estimates and SE estimates computed"
[1] ""
[[1]]
[[1]]$est
  delta        mu      mu_1      mu_0         de        se_1        se_0
1   0.5 0.4662217 0.3068356 0.5832225 -0.2763868  0.06011656  0.05095991
2   1.0 0.3633236 0.2467191 0.5322625 -0.2855435  0.00000000  0.00000000
3   2.0 0.2840693 0.2285450 0.4519435 -0.2233985 -0.01817405 -0.08031902
           oe         te
1  0.10289806 -0.2254269
2  0.00000000 -0.2855435
3 -0.07925431 -0.3037175

[[1]]$se
  delta         mu       mu_1       mu_0         de       se_1       se_0
1   0.5 0.03175568 0.03122839 0.03800832 0.03799052 0.02266874 0.02555835
2   1.0 0.02381163 0.02392874 0.02970523 0.02801619 0.00000000 0.00000000
3   2.0 0.03883143 0.03795311 0.05309418 0.04597801 0.02474635 0.04185663
          oe         te
1 0.02072223 0.03323464
2 0.00000000 0.02801619
3 0.02694968 0.03849325


[1] "Total run time was 118.095 seconds"
