WARNING: ignoring environment value of R_HOME

Attaching package: ‘dplyr’

The following objects are masked from ‘package:stats’:

    filter, lag

The following objects are masked from ‘package:base’:

    intersect, setdiff, setequal, union

Loading required package: splines
Loading required package: foreach
Loaded gam 1.20.2

Super Learner
Version: 2.0-28
Package created on 2021-05-04

Loading required package: lattice
Loading required package: ggplot2
Loading required package: Matrix
Loaded glmnet 4.1-7
Loading required package: Formula
Loading required package: plotmo
Loading required package: plotrix
Loading required package: TeachingDemos
Loaded gbm 2.1.8.1

Attaching package: ‘xgboost’

The following object is masked from ‘package:dplyr’:

    slice

[1] "[Simulation setting]"
[1] "m: 100"
[1] "deltas: 0.5, 1, 2"
[1] "r: 300"
[1] "Sim.id 1"
[1] "Data generated"
[1] "   Split: 1"
[1] "   Split: 2"
[1] "Estimates and SE estimates computed"
[1] ""
[[1]]
[[1]]$est
  delta        mu      mu_1      mu_0         de        se_1        se_0
1   0.5 0.4876185 0.2807303 0.6301375 -0.3494072  0.02779528  0.07579462
2   1.0 0.3803384 0.2529351 0.5543429 -0.3014079  0.00000000  0.00000000
3   2.0 0.3046075 0.2298026 0.5053051 -0.2755025 -0.02313244 -0.04903784
           oe         te
1  0.10728011 -0.2736126
2  0.00000000 -0.3014079
3 -0.07573098 -0.3245403

[[1]]$se
  delta         mu       mu_1       mu_0         de       se_1       se_0
1   0.5 0.03344787 0.02975955 0.04675610 0.05092901 0.02006982 0.03127528
2   1.0 0.02381596 0.02318797 0.03085160 0.02956829 0.00000000 0.00000000
3   2.0 0.03258380 0.03310028 0.03969802 0.03614074 0.02260919 0.03066977
          oe         te
1 0.02212296 0.03567775
2 0.00000000 0.02956829
3 0.02317075 0.03827536


[1] "Total run time was 99.799 seconds"
