WARNING: ignoring environment value of R_HOME

Attaching package: ‘dplyr’

The following objects are masked from ‘package:stats’:

    filter, lag

The following objects are masked from ‘package:base’:

    intersect, setdiff, setequal, union

Loading required package: splines
Loading required package: foreach
Loaded gam 1.20.2

Super Learner
Version: 2.0-28
Package created on 2021-05-04

Loading required package: lattice
Loading required package: ggplot2
Loading required package: Matrix
Loaded glmnet 4.1-7
Loading required package: Formula
Loading required package: plotmo
Loading required package: plotrix
Loading required package: TeachingDemos
Loaded gbm 2.1.8.1

Attaching package: ‘xgboost’

The following object is masked from ‘package:dplyr’:

    slice

[1] "[Simulation setting]"
[1] "m: 100"
[1] "deltas: 0.5, 1, 2"
[1] "r: 300"
[1] "Sim.id 1"
[1] "Data generated"
[1] "   Split: 1"
[1] "   Split: 2"
[1] "Estimates and SE estimates computed"
[1] ""
[[1]]
[[1]]$est
  delta        mu      mu_1      mu_0         de        se_1        se_0
1   0.5 0.4783275 0.2413230 0.6421493 -0.4008263 0.001325348  0.04489535
2   1.0 0.3909822 0.2399976 0.5972539 -0.3572563 0.000000000  0.00000000
3   2.0 0.3347424 0.2416579 0.5843698 -0.3427119 0.001660257 -0.01288413
           oe         te
1  0.08734535 -0.3559310
2  0.00000000 -0.3572563
3 -0.05623982 -0.3555961

[[1]]$se
  delta         mu       mu_1       mu_0         de       se_1       se_0
1   0.5 0.03191116 0.03272756 0.04894297 0.06052072 0.02674486 0.03372408
2   1.0 0.02412830 0.02295354 0.03224309 0.02981841 0.00000000 0.00000000
3   2.0 0.03349084 0.03462193 0.04299033 0.04488316 0.02591572 0.03058517
          oe         te
1 0.02017604 0.04101393
2 0.00000000 0.02981841
3 0.02441936 0.04184617


[1] "Total run time was 57.153 seconds"
