WARNING: ignoring environment value of R_HOME

Attaching package: ‘dplyr’

The following objects are masked from ‘package:stats’:

    filter, lag

The following objects are masked from ‘package:base’:

    intersect, setdiff, setequal, union

Loading required package: splines
Loading required package: foreach
Loaded gam 1.20.2

Super Learner
Version: 2.0-28
Package created on 2021-05-04

Loading required package: lattice
Loading required package: ggplot2
Loading required package: Matrix
Loaded glmnet 4.1-7
Loading required package: Formula
Loading required package: plotmo
Loading required package: plotrix
Loading required package: TeachingDemos
Loaded gbm 2.1.8.1

Attaching package: ‘xgboost’

The following object is masked from ‘package:dplyr’:

    slice

[1] "[Simulation setting]"
[1] "m: 100"
[1] "deltas: 0.5, 1, 2"
[1] "r: 300"
[1] "Sim.id 1"
[1] "Data generated"
[1] "   Split: 1"
[1] "   Split: 2"
[1] "Estimates and SE estimates computed"
[1] ""
[[1]]
[[1]]$est
  delta        mu      mu_1      mu_0         de       se_1        se_0
1   0.5 0.4033809 0.2079065 0.5547129 -0.3468064 -0.0243406  0.02117067
2   1.0 0.3571186 0.2322471 0.5335422 -0.3012951  0.0000000  0.00000000
3   2.0 0.3344009 0.2719584 0.5100878 -0.2381293  0.0397113 -0.02345448
           oe         te
1  0.04626227 -0.3256357
2  0.00000000 -0.3012951
3 -0.02271767 -0.2615838

[[1]]$se
  delta         mu       mu_1       mu_0         de       se_1       se_0
1   0.5 0.02475159 0.02944877 0.04091521 0.05233525 0.02159733 0.03068809
2   1.0 0.02233354 0.01985302 0.03433280 0.02997268 0.00000000 0.00000000
3   2.0 0.03504766 0.03658312 0.05245102 0.05320621 0.02865304 0.04177676
          oe         te
1 0.01438894 0.03801436
2 0.00000000 0.02997268
3 0.02770064 0.04371404


[1] "Total run time was 106.75 seconds"
