WARNING: ignoring environment value of R_HOME

Attaching package: ‘dplyr’

The following objects are masked from ‘package:stats’:

    filter, lag

The following objects are masked from ‘package:base’:

    intersect, setdiff, setequal, union

Loading required package: splines
Loading required package: foreach
Loaded gam 1.20.2

Super Learner
Version: 2.0-28
Package created on 2021-05-04

Loading required package: lattice
Loading required package: ggplot2
Loading required package: Matrix
Loaded glmnet 4.1-7
Loading required package: Formula
Loading required package: plotmo
Loading required package: plotrix
Loading required package: TeachingDemos
Loaded gbm 2.1.8.1

Attaching package: ‘xgboost’

The following object is masked from ‘package:dplyr’:

    slice

[1] "[Simulation setting]"
[1] "m: 100"
[1] "deltas: 0.5, 1, 2"
[1] "r: 300"
[1] "Sim.id 1"
[1] "Data generated"
[1] "   Split: 1"
[1] "   Split: 2"
[1] "Estimates and SE estimates computed"
[1] ""
[[1]]
[[1]]$est
  delta        mu      mu_1      mu_0         de         se_1         se_0
1   0.5 0.4345903 0.2724011 0.5668500 -0.2944489  0.009936098  0.042205506
2   1.0 0.3648134 0.2624650 0.5246445 -0.2621795  0.000000000  0.000000000
3   2.0 0.3165057 0.2481157 0.5152147 -0.2670990 -0.014349265 -0.009429756
           oe         te
1  0.06977689 -0.2522434
2  0.00000000 -0.2621795
3 -0.04830767 -0.2765288

[[1]]$se
  delta         mu       mu_1       mu_0         de       se_1       se_0
1   0.5 0.03003816 0.02300456 0.04347287 0.03692937 0.01613710 0.03123748
2   1.0 0.02220618 0.01891205 0.03179987 0.02603504 0.00000000 0.00000000
3   2.0 0.03467793 0.03244280 0.05220832 0.04718830 0.02704281 0.04239071
          oe         te
1 0.02240902 0.02914460
2 0.00000000 0.02603504
3 0.02710527 0.03832136


[1] "Total run time was 108.145 seconds"
