WARNING: ignoring environment value of R_HOME

Attaching package: ‘dplyr’

The following objects are masked from ‘package:stats’:

    filter, lag

The following objects are masked from ‘package:base’:

    intersect, setdiff, setequal, union

Loading required package: splines
Loading required package: foreach
Loaded gam 1.20.2

Super Learner
Version: 2.0-28
Package created on 2021-05-04

Loading required package: lattice
Loading required package: ggplot2
Loading required package: Matrix
Loaded glmnet 4.1-7
Loading required package: Formula
Loading required package: plotmo
Loading required package: plotrix
Loading required package: TeachingDemos
Loaded gbm 2.1.8.1

Attaching package: ‘xgboost’

The following object is masked from ‘package:dplyr’:

    slice

[1] "[Simulation setting]"
[1] "m: 100"
[1] "deltas: 0.5, 1, 2"
[1] "r: 300"
[1] "Sim.id 1"
[1] "Data generated"
[1] "   Split: 1"
[1] "   Split: 2"
[1] "Estimates and SE estimates computed"
[1] ""
[[1]]
[[1]]$est
  delta        mu      mu_1      mu_0         de        se_1          se_0
1   0.5 0.4398853 0.2797665 0.5529048 -0.2731382  0.01797420  1.978605e-05
2   1.0 0.3794826 0.2617923 0.5528850 -0.2910926  0.00000000  0.000000e+00
3   2.0 0.2960147 0.2168766 0.5241247 -0.3072481 -0.04491572 -2.876031e-02
           oe         te
1  0.06040271 -0.2731184
2  0.00000000 -0.2910926
3 -0.08346787 -0.3360084

[[1]]$se
  delta         mu       mu_1       mu_0         de       se_1       se_0
1   0.5 0.03324795 0.03648283 0.04186533 0.04162869 0.02701394 0.02617189
2   1.0 0.02400344 0.02469650 0.02921617 0.02634799 0.00000000 0.00000000
3   2.0 0.05908174 0.06408853 0.05692817 0.06301288 0.05885193 0.05008975
          oe         te
1 0.02228026 0.03566055
2 0.00000000 0.02634799
3 0.05533992 0.06858460


[1] "Total run time was 106.064 seconds"
