WARNING: ignoring environment value of R_HOME

Attaching package: ‘dplyr’

The following objects are masked from ‘package:stats’:

    filter, lag

The following objects are masked from ‘package:base’:

    intersect, setdiff, setequal, union

Loading required package: splines
Loading required package: foreach
Loaded gam 1.20.2

Super Learner
Version: 2.0-28
Package created on 2021-05-04

Loading required package: lattice
Loading required package: ggplot2
Loading required package: Matrix
Loaded glmnet 4.1-7
Loading required package: Formula
Loading required package: plotmo
Loading required package: plotrix
Loading required package: TeachingDemos
Loaded gbm 2.1.8.1

Attaching package: ‘xgboost’

The following object is masked from ‘package:dplyr’:

    slice

[1] "[Simulation setting]"
[1] "m: 100"
[1] "deltas: 0.5, 1, 2"
[1] "r: 300"
[1] "Sim.id 1"
[1] "Data generated"
[1] "   Split: 1"
[1] "   Split: 2"
[1] "Estimates and SE estimates computed"
[1] ""
[[1]]
[[1]]$est
  delta        mu      mu_1      mu_0         de        se_1         se_0
1   0.5 0.3975823 0.2556236 0.4945336 -0.2389099  0.03181731 -0.009499908
2   1.0 0.3423633 0.2238063 0.5040335 -0.2802271  0.00000000  0.000000000
3   2.0 0.2517990 0.1921174 0.4282130 -0.2360956 -0.03168893 -0.075820502
           oe         te
1  0.05521905 -0.2484098
2  0.00000000 -0.2802271
3 -0.09056431 -0.3119161

[[1]]$se
  delta         mu       mu_1       mu_0         de       se_1       se_0
1   0.5 0.06186941 0.04142880 0.08140714 0.05597517 0.03255096 0.06882702
2   1.0 0.02418158 0.02246608 0.03129201 0.02615455 0.00000000 0.00000000
3   2.0 0.03131283 0.03986686 0.04329676 0.06023506 0.03449233 0.03370730
          oe         te
1 0.05302998 0.03493098
2 0.00000000 0.02615455
3 0.02618779 0.04750088


[1] "Total run time was 123.023 seconds"
