WARNING: ignoring environment value of R_HOME

Attaching package: ‘dplyr’

The following objects are masked from ‘package:stats’:

    filter, lag

The following objects are masked from ‘package:base’:

    intersect, setdiff, setequal, union

Loading required package: splines
Loading required package: foreach
Loaded gam 1.20.2

Super Learner
Version: 2.0-28
Package created on 2021-05-04

Loading required package: lattice
Loading required package: ggplot2
Loading required package: Matrix
Loaded glmnet 4.1-7
Loading required package: Formula
Loading required package: plotmo
Loading required package: plotrix
Loading required package: TeachingDemos
Loaded gbm 2.1.8.1

Attaching package: ‘xgboost’

The following object is masked from ‘package:dplyr’:

    slice

[1] "[Simulation setting]"
[1] "m: 100"
[1] "deltas: 0.5, 1, 2"
[1] "r: 300"
[1] "Sim.id 1"
[1] "Data generated"
[1] "   Split: 1"
[1] "   Split: 2"
[1] "Estimates and SE estimates computed"
[1] ""
[[1]]
[[1]]$est
  delta        mu      mu_1      mu_0         de        se_1         se_0
1   0.5 0.3796979 0.2240333 0.4880199 -0.2639865  0.02146329  0.007104978
2   1.0 0.3226690 0.2025701 0.4809149 -0.2783448  0.00000000  0.000000000
3   2.0 0.2485110 0.1691547 0.4549952 -0.2858405 -0.03341539 -0.025919728
           oe         te
1  0.05702891 -0.2568816
2  0.00000000 -0.2783448
3 -0.07415795 -0.3117602

[[1]]$se
  delta         mu       mu_1       mu_0         de       se_1       se_0
1   0.5 0.03152082 0.02654049 0.04865577 0.05184560 0.01985887 0.03334265
2   1.0 0.02469129 0.02289386 0.03139539 0.02771789 0.00000000 0.00000000
3   2.0 0.04319317 0.04257965 0.04805691 0.03328215 0.03051684 0.03663751
          oe         te
1 0.02269846 0.03435346
2 0.00000000 0.02771789
3 0.03068862 0.04209163


[1] "Total run time was 122.474 seconds"
