WARNING: ignoring environment value of R_HOME

Attaching package: ‘dplyr’

The following objects are masked from ‘package:stats’:

    filter, lag

The following objects are masked from ‘package:base’:

    intersect, setdiff, setequal, union

Loading required package: splines
Loading required package: foreach
Loaded gam 1.20.2

Super Learner
Version: 2.0-28
Package created on 2021-05-04

Loading required package: lattice
Loading required package: ggplot2
Loading required package: Matrix
Loaded glmnet 4.1-7
Loading required package: Formula
Loading required package: plotmo
Loading required package: plotrix
Loading required package: TeachingDemos
Loaded gbm 2.1.8.1

Attaching package: ‘xgboost’

The following object is masked from ‘package:dplyr’:

    slice

[1] "[Simulation setting]"
[1] "m: 100"
[1] "deltas: 0.5, 1, 2"
[1] "r: 300"
[1] "Sim.id 1"
[1] "Data generated"
[1] "   Split: 1"
[1] "   Split: 2"
[1] "Estimates and SE estimates computed"
[1] ""
[[1]]
[[1]]$est
  delta        mu      mu_1      mu_0         de        se_1        se_0
1   0.5 0.4398229 0.2830047 0.5610181 -0.2780135  0.01455023  0.04156754
2   1.0 0.3658058 0.2684544 0.5194506 -0.2509961  0.00000000  0.00000000
3   2.0 0.3114050 0.2500316 0.4987802 -0.2487486 -0.01842288 -0.02067040
           oe         te
1  0.07401712 -0.2364459
2  0.00000000 -0.2509961
3 -0.05440082 -0.2694190

[[1]]$se
  delta         mu       mu_1       mu_0         de       se_1       se_0
1   0.5 0.02344772 0.02722207 0.03059343 0.03875989 0.02037845 0.02219338
2   1.0 0.02283106 0.02337239 0.02860746 0.02644304 0.00000000 0.00000000
3   2.0 0.03344036 0.03564644 0.04408454 0.04347444 0.02418733 0.03277446
          oe         te
1 0.01568702 0.03327774
2 0.00000000 0.02644304
3 0.02496472 0.03852169


[1] "Total run time was 135.093 seconds"
