WARNING: ignoring environment value of R_HOME

Attaching package: ‘dplyr’

The following objects are masked from ‘package:stats’:

    filter, lag

The following objects are masked from ‘package:base’:

    intersect, setdiff, setequal, union

Loading required package: splines
Loading required package: foreach
Loaded gam 1.20.2

Super Learner
Version: 2.0-28
Package created on 2021-05-04

Loading required package: lattice
Loading required package: ggplot2
Loading required package: Matrix
Loaded glmnet 4.1-7
Loading required package: Formula
Loading required package: plotmo
Loading required package: plotrix
Loading required package: TeachingDemos
Loaded gbm 2.1.8.1

Attaching package: ‘xgboost’

The following object is masked from ‘package:dplyr’:

    slice

[1] "[Simulation setting]"
[1] "m: 100"
[1] "deltas: 0.5, 1, 2"
[1] "r: 300"
[1] "Sim.id 1"
[1] "Data generated"
[1] "   Split: 1"
[1] "   Split: 2"
[1] "Estimates and SE estimates computed"
[1] ""
[[1]]
[[1]]$est
  delta        mu      mu_1      mu_0         de       se_1        se_0
1   0.5 0.4368952 0.2943197 0.5371899 -0.2428702 0.06144753  0.03916225
2   1.0 0.3427564 0.2328722 0.4980276 -0.2651555 0.00000000  0.00000000
3   2.0 0.2956559 0.2356496 0.4621019 -0.2264523 0.00277746 -0.03592572
           oe         te
1  0.09413886 -0.2037079
2  0.00000000 -0.2651555
3 -0.04710047 -0.2623780

[[1]]$se
  delta         mu       mu_1       mu_0         de       se_1       se_0
1   0.5 0.02806378 0.03453354 0.03007936 0.03525457 0.02622761 0.01912666
2   1.0 0.01999185 0.02057305 0.02612122 0.02631319 0.00000000 0.00000000
3   2.0 0.03879441 0.04032521 0.04878132 0.04854564 0.03431232 0.04182865
          oe         te
1 0.01862242 0.03540402
2 0.00000000 0.02631319
3 0.03415320 0.04667667


[1] "Total run time was 94.514 seconds"
