WARNING: ignoring environment value of R_HOME

Attaching package: ‘dplyr’

The following objects are masked from ‘package:stats’:

    filter, lag

The following objects are masked from ‘package:base’:

    intersect, setdiff, setequal, union

Loading required package: splines
Loading required package: foreach
Loaded gam 1.20.2

Super Learner
Version: 2.0-28
Package created on 2021-05-04

Loading required package: lattice
Loading required package: ggplot2
Loading required package: Matrix
Loaded glmnet 4.1-7
Loading required package: Formula
Loading required package: plotmo
Loading required package: plotrix
Loading required package: TeachingDemos
Loaded gbm 2.1.8.1

Attaching package: ‘xgboost’

The following object is masked from ‘package:dplyr’:

    slice

[1] "[Simulation setting]"
[1] "m: 100"
[1] "deltas: 0.5, 1, 2"
[1] "r: 300"
[1] "Sim.id 1"
[1] "Data generated"
[1] "   Split: 1"
[1] "   Split: 2"
[1] "Estimates and SE estimates computed"
[1] ""
[[1]]
[[1]]$est
  delta        mu      mu_1      mu_0         de        se_1        se_0
1   0.5 0.4826168 0.2573538 0.6253924 -0.3680386  0.03324362  0.05149803
2   1.0 0.3779516 0.2241102 0.5738943 -0.3497842  0.00000000  0.00000000
3   2.0 0.2988742 0.2065405 0.5479210 -0.3413805 -0.01756971 -0.02597337
           oe         te
1  0.10466521 -0.3165405
2  0.00000000 -0.3497842
3 -0.07907739 -0.3673539

[[1]]$se
  delta         mu       mu_1       mu_0         de       se_1       se_0
1   0.5 0.02721587 0.02722888 0.03282645 0.03556855 0.01885261 0.02357217
2   1.0 0.02235615 0.02250930 0.02765456 0.02798739 0.00000000 0.00000000
3   2.0 0.03067473 0.03457307 0.04250518 0.04544249 0.02261808 0.03101798
          oe         te
1 0.01859239 0.03133579
2 0.00000000 0.02798739
3 0.02075542 0.03837586


[1] "Total run time was 120.435 seconds"
