WARNING: ignoring environment value of R_HOME

Attaching package: ‘dplyr’

The following objects are masked from ‘package:stats’:

    filter, lag

The following objects are masked from ‘package:base’:

    intersect, setdiff, setequal, union

Loading required package: splines
Loading required package: foreach
Loaded gam 1.20.2

Super Learner
Version: 2.0-28
Package created on 2021-05-04

Loading required package: lattice
Loading required package: ggplot2
Loading required package: Matrix
Loaded glmnet 4.1-7
Loading required package: Formula
Loading required package: plotmo
Loading required package: plotrix
Loading required package: TeachingDemos
Loaded gbm 2.1.8.1

Attaching package: ‘xgboost’

The following object is masked from ‘package:dplyr’:

    slice

[1] "[Simulation setting]"
[1] "m: 100"
[1] "deltas: 0.5, 1, 2"
[1] "r: 300"
[1] "Sim.id 1"
[1] "Data generated"
[1] "   Split: 1"
[1] "   Split: 2"
[1] "Estimates and SE estimates computed"
[1] ""
[[1]]
[[1]]$est
  delta        mu      mu_1      mu_0         de        se_1        se_0
1   0.5 0.4145996 0.2439898 0.5250523 -0.2810625 0.018145937  0.03119279
2   1.0 0.3419608 0.2258438 0.4938595 -0.2680156 0.000000000  0.00000000
3   2.0 0.2989069 0.2337638 0.4707248 -0.2369610 0.007919964 -0.02313469
           oe         te
1  0.07263883 -0.2498697
2  0.00000000 -0.2680156
3 -0.04305384 -0.2600957

[[1]]$se
  delta         mu       mu_1       mu_0         de       se_1       se_0
1   0.5 0.02805850 0.02928192 0.03121627 0.03048577 0.02043213 0.02245469
2   1.0 0.02201144 0.02067161 0.02640310 0.02288472 0.00000000 0.00000000
3   2.0 0.03573812 0.03355026 0.04743609 0.03672836 0.02909076 0.03797944
          oe         te
1 0.01757033 0.02894968
2 0.00000000 0.02288472
3 0.02995706 0.03683512


[1] "Total run time was 99.057 seconds"
