WARNING: ignoring environment value of R_HOME

Attaching package: ‘dplyr’

The following objects are masked from ‘package:stats’:

    filter, lag

The following objects are masked from ‘package:base’:

    intersect, setdiff, setequal, union

Loading required package: splines
Loading required package: foreach
Loaded gam 1.20.2

Super Learner
Version: 2.0-28
Package created on 2021-05-04

Loading required package: lattice
Loading required package: ggplot2
Loading required package: Matrix
Loaded glmnet 4.1-7
Loading required package: Formula
Loading required package: plotmo
Loading required package: plotrix
Loading required package: TeachingDemos
Loaded gbm 2.1.8.1

Attaching package: ‘xgboost’

The following object is masked from ‘package:dplyr’:

    slice

[1] "[Simulation setting]"
[1] "m: 100"
[1] "deltas: 0.5, 1, 2"
[1] "r: 300"
[1] "Sim.id 1"
[1] "Data generated"
[1] "   Split: 1"
[1] "   Split: 2"
[1] "Estimates and SE estimates computed"
[1] ""
[[1]]
[[1]]$est
  delta        mu      mu_1      mu_0         de       se_1        se_0
1   0.5 0.5154105 0.3392210 0.6036814 -0.2644604 0.09460123  0.04098898
2   1.0 0.3805994 0.2446198 0.5626925 -0.3180727 0.00000000  0.00000000
3   2.0 0.3496613 0.3130812 0.4900627 -0.1769815 0.06846144 -0.07262972
           oe         te
1  0.13481110 -0.2234714
2  0.00000000 -0.3180727
3 -0.03093813 -0.2496112

[[1]]$se
  delta         mu       mu_1       mu_0         de       se_1       se_0
1   0.5 0.03924098 0.03581393 0.05528796 0.05781405 0.02577158 0.03662595
2   1.0 0.02743427 0.02377571 0.03633553 0.02792367 0.00000000 0.00000000
3   2.0 0.06593833 0.13234990 0.10282440 0.22346321 0.12816759 0.09706043
          oe         te
1 0.02376891 0.03509759
2 0.00000000 0.02792367
3 0.06103243 0.13390487


[1] "Total run time was 92.147 seconds"
