WARNING: ignoring environment value of R_HOME

Attaching package: ‘dplyr’

The following objects are masked from ‘package:stats’:

    filter, lag

The following objects are masked from ‘package:base’:

    intersect, setdiff, setequal, union

Loading required package: splines
Loading required package: foreach
Loaded gam 1.20.2

Super Learner
Version: 2.0-28
Package created on 2021-05-04

Loading required package: lattice
Loading required package: ggplot2
Loading required package: Matrix
Loaded glmnet 4.1-7
Loading required package: Formula
Loading required package: plotmo
Loading required package: plotrix
Loading required package: TeachingDemos
Loaded gbm 2.1.8.1

Attaching package: ‘xgboost’

The following object is masked from ‘package:dplyr’:

    slice

[1] "[Simulation setting]"
[1] "m: 100"
[1] "deltas: 0.5, 1, 2"
[1] "r: 300"
[1] "Sim.id 1"
[1] "Data generated"
[1] "   Split: 1"
[1] "   Split: 2"
[1] "Estimates and SE estimates computed"
[1] ""
[[1]]
[[1]]$est
  delta        mu      mu_1      mu_0         de        se_1         se_0
1   0.5 0.4381792 0.2917282 0.5489461 -0.2572179  0.04105108  0.026702065
2   1.0 0.3574176 0.2506771 0.5222440 -0.2715669  0.00000000  0.000000000
3   2.0 0.2950925 0.2285424 0.5126439 -0.2841015 -0.02213471 -0.009600136
           oe         te
1  0.08076157 -0.2305158
2  0.00000000 -0.2715669
3 -0.06232506 -0.2937016

[[1]]$se
  delta         mu       mu_1       mu_0         de       se_1       se_0
1   0.5 0.03728760 0.03937083 0.03863635 0.02964079 0.03372008 0.02843536
2   1.0 0.02176434 0.02273685 0.02605037 0.02419112 0.00000000 0.00000000
3   2.0 0.03747864 0.03939061 0.03993916 0.03768217 0.02698180 0.02783517
          oe         te
1 0.02902259 0.03806952
2 0.00000000 0.02419112
3 0.02677033 0.03867524


[1] "Total run time was 71.969 seconds"
