WARNING: ignoring environment value of R_HOME

Attaching package: ‘dplyr’

The following objects are masked from ‘package:stats’:

    filter, lag

The following objects are masked from ‘package:base’:

    intersect, setdiff, setequal, union

Loading required package: splines
Loading required package: foreach
Loaded gam 1.20.2

Super Learner
Version: 2.0-28
Package created on 2021-05-04

Loading required package: lattice
Loading required package: ggplot2
Loading required package: Matrix
Loaded glmnet 4.1-7
Loading required package: Formula
Loading required package: plotmo
Loading required package: plotrix
Loading required package: TeachingDemos
Loaded gbm 2.1.8.1

Attaching package: ‘xgboost’

The following object is masked from ‘package:dplyr’:

    slice

[1] "[Simulation setting]"
[1] "m: 100"
[1] "deltas: 0.5, 1, 2"
[1] "r: 300"
[1] "Sim.id 1"
[1] "Data generated"
[1] "   Split: 1"
[1] "   Split: 2"
[1] "Estimates and SE estimates computed"
[1] ""
[[1]]
[[1]]$est
  delta        mu      mu_1      mu_0         de        se_1        se_0
1   0.5 0.4405923 0.2817033 0.5521595 -0.2704562  0.07066940  0.05459190
2   1.0 0.3306029 0.2110339 0.4975676 -0.2865337  0.00000000  0.00000000
3   2.0 0.2336080 0.1551097 0.4574387 -0.3023290 -0.05592427 -0.04012894
           oe         te
1  0.10998936 -0.2158643
2  0.00000000 -0.2865337
3 -0.09699492 -0.3424580

[[1]]$se
  delta         mu       mu_1       mu_0         de       se_1       se_0
1   0.5 0.03957470 0.05367048 0.04362953 0.05452377 0.04565416 0.03330672
2   1.0 0.02237766 0.02168711 0.02951287 0.02686285 0.00000000 0.00000000
3   2.0 0.03198090 0.03413971 0.04126733 0.04337613 0.02741574 0.02889019
          oe         te
1 0.02999057 0.05218772
2 0.00000000 0.02686285
3 0.02341929 0.03918535


[1] "Total run time was 115.22 seconds"
