WARNING: ignoring environment value of R_HOME

Attaching package: ‘dplyr’

The following objects are masked from ‘package:stats’:

    filter, lag

The following objects are masked from ‘package:base’:

    intersect, setdiff, setequal, union

Loading required package: splines
Loading required package: foreach
Loaded gam 1.20.2

Super Learner
Version: 2.0-28
Package created on 2021-05-04

Loading required package: lattice
Loading required package: ggplot2
Loading required package: Matrix
Loaded glmnet 4.1-7
Loading required package: Formula
Loading required package: plotmo
Loading required package: plotrix
Loading required package: TeachingDemos
Loaded gbm 2.1.8.1

Attaching package: ‘xgboost’

The following object is masked from ‘package:dplyr’:

    slice

[1] "[Simulation setting]"
[1] "m: 100"
[1] "deltas: 0.5, 1, 2"
[1] "r: 300"
[1] "Sim.id 1"
[1] "Data generated"
[1] "   Split: 1"
[1] "   Split: 2"
[1] "Estimates and SE estimates computed"
[1] ""
[[1]]
[[1]]$est
  delta        mu      mu_1      mu_0         de        se_1         se_0
1   0.5 0.4316097 0.1836951 0.6133473 -0.4296522 -0.05319993  0.060039643
2   1.0 0.3657531 0.2368950 0.5533077 -0.3164127  0.00000000  0.000000000
3   2.0 0.3034161 0.2206428 0.5451148 -0.3244720 -0.01625225 -0.008192891
           oe         te
1  0.06585656 -0.3696126
2  0.00000000 -0.3164127
3 -0.06233705 -0.3326649

[[1]]$se
  delta         mu       mu_1       mu_0         de       se_1       se_0
1   0.5 0.03851333 0.09441408 0.04642956 0.11939579 0.09131794 0.03600594
2   1.0 0.02361910 0.02120423 0.03126612 0.02656710 0.00000000 0.00000000
3   2.0 0.03150606 0.03220095 0.04163710 0.04171404 0.02865930 0.03209236
          oe         te
1 0.03186530 0.09556505
2 0.00000000 0.02656710
3 0.02676349 0.03903844


[1] "Total run time was 108.949 seconds"
