WARNING: ignoring environment value of R_HOME

Attaching package: ‘dplyr’

The following objects are masked from ‘package:stats’:

    filter, lag

The following objects are masked from ‘package:base’:

    intersect, setdiff, setequal, union

Loading required package: splines
Loading required package: foreach
Loaded gam 1.20.2

Super Learner
Version: 2.0-28
Package created on 2021-05-04

Loading required package: lattice
Loading required package: ggplot2
Loading required package: Matrix
Loaded glmnet 4.1-7
Loading required package: Formula
Loading required package: plotmo
Loading required package: plotrix
Loading required package: TeachingDemos
Loaded gbm 2.1.8.1

Attaching package: ‘xgboost’

The following object is masked from ‘package:dplyr’:

    slice

[1] "[Simulation setting]"
[1] "m: 100"
[1] "deltas: 0.5, 1, 2"
[1] "r: 300"
[1] "Sim.id 1"
[1] "Data generated"
[1] "   Split: 1"
[1] "   Split: 2"
[1] "Estimates and SE estimates computed"
[1] ""
[[1]]
[[1]]$est
  delta        mu      mu_1      mu_0         de       se_1       se_0
1   0.5 0.4720879 0.2740979 0.6070723 -0.3329743 0.06818499 0.07359687
2   1.0 0.3440447 0.2059130 0.5334754 -0.3275625 0.00000000 0.00000000
3   2.0 0.3288463 0.2293943 0.5883841 -0.3589898 0.02348133 0.05490870
           oe         te
1  0.12804318 -0.2593775
2  0.00000000 -0.3275625
3 -0.01519842 -0.3040811

[[1]]$se
  delta         mu       mu_1       mu_0         de       se_1       se_0
1   0.5 0.02860516 0.02924478 0.03140814 0.03303261 0.01810681 0.02179580
2   1.0 0.02117937 0.01845789 0.02821098 0.02473151 0.00000000 0.00000000
3   2.0 0.03210489 0.03213579 0.04412864 0.04139480 0.02785575 0.03371761
          oe         te
1 0.01700684 0.03119467
2 0.00000000 0.02473151
3 0.02758985 0.03712952


[1] "Total run time was 124.857 seconds"
