WARNING: ignoring environment value of R_HOME

Attaching package: ‘dplyr’

The following objects are masked from ‘package:stats’:

    filter, lag

The following objects are masked from ‘package:base’:

    intersect, setdiff, setequal, union

Loading required package: splines
Loading required package: foreach
Loaded gam 1.20.2

Super Learner
Version: 2.0-28
Package created on 2021-05-04

Loading required package: lattice
Loading required package: ggplot2
Loading required package: Matrix
Loaded glmnet 4.1-7
Loading required package: Formula
Loading required package: plotmo
Loading required package: plotrix
Loading required package: TeachingDemos
Loaded gbm 2.1.8.1

Attaching package: ‘xgboost’

The following object is masked from ‘package:dplyr’:

    slice

[1] "[Simulation setting]"
[1] "m: 100"
[1] "deltas: 0.5, 1, 2"
[1] "r: 300"
[1] "Sim.id 1"
[1] "Data generated"
[1] "   Split: 1"
[1] "   Split: 2"
[1] "Estimates and SE estimates computed"
[1] ""
[[1]]
[[1]]$est
  delta        mu      mu_1      mu_0         de        se_1        se_0
1   0.5 0.4032617 0.2099210 0.5267064 -0.3167854 -0.01842114  0.00695535
2   1.0 0.3478688 0.2283421 0.5197511 -0.2914089  0.00000000  0.00000000
3   2.0 0.2511080 0.1910225 0.4522867 -0.2612641 -0.03731960 -0.06746442
           oe         te
1  0.05539290 -0.3098301
2  0.00000000 -0.2914089
3 -0.09676084 -0.3287285

[[1]]$se
  delta         mu       mu_1       mu_0         de       se_1       se_0
1   0.5 0.02679021 0.02452845 0.03588478 0.03171859 0.01643421 0.02586076
2   1.0 0.02033907 0.02053337 0.02966476 0.02775960 0.00000000 0.00000000
3   2.0 0.03489304 0.03766898 0.04341013 0.04401122 0.03003909 0.03133067
          oe         te
1 0.01812488 0.02999755
2 0.00000000 0.02775960
3 0.02738094 0.04108410


[1] "Total run time was 106.416 seconds"
