WARNING: ignoring environment value of R_HOME

Attaching package: ‘dplyr’

The following objects are masked from ‘package:stats’:

    filter, lag

The following objects are masked from ‘package:base’:

    intersect, setdiff, setequal, union

Loading required package: splines
Loading required package: foreach
Loaded gam 1.20.2

Super Learner
Version: 2.0-28
Package created on 2021-05-04

Loading required package: lattice
Loading required package: ggplot2
Loading required package: Matrix
Loaded glmnet 4.1-7
Loading required package: Formula
Loading required package: plotmo
Loading required package: plotrix
Loading required package: TeachingDemos
Loaded gbm 2.1.8.1

Attaching package: ‘xgboost’

The following object is masked from ‘package:dplyr’:

    slice

[1] "[Simulation setting]"
[1] "m: 100"
[1] "deltas: 0.5, 1, 2"
[1] "r: 300"
[1] "Sim.id 1"
[1] "Data generated"
[1] "   Split: 1"
[1] "   Split: 2"
[1] "Estimates and SE estimates computed"
[1] ""
[[1]]
[[1]]$est
  delta        mu      mu_1      mu_0         de        se_1         se_0
1   0.5 0.4703774 0.2915447 0.5716494 -0.2801047  0.02936093 -0.003995812
2   1.0 0.4015873 0.2621838 0.5756452 -0.3134615  0.00000000  0.000000000
3   2.0 0.2873306 0.1966902 0.5251206 -0.3284304 -0.06549362 -0.050524618
           oe         te
1  0.06879014 -0.2841005
2  0.00000000 -0.3134615
3 -0.11425670 -0.3789551

[[1]]$se
  delta         mu       mu_1       mu_0         de       se_1       se_0
1   0.5 0.03062229 0.02686813 0.04845361 0.05156481 0.01830328 0.03951491
2   1.0 0.02254323 0.02231379 0.02783470 0.02943346 0.00000000 0.00000000
3   2.0 0.04011443 0.04627442 0.04468302 0.05682551 0.03670460 0.03501418
          oe         te
1 0.02385301 0.03162694
2 0.00000000 0.02943346
3 0.03097921 0.04898091


[1] "Total run time was 106.824 seconds"
