WARNING: ignoring environment value of R_HOME

Attaching package: ‘dplyr’

The following objects are masked from ‘package:stats’:

    filter, lag

The following objects are masked from ‘package:base’:

    intersect, setdiff, setequal, union

Loading required package: splines
Loading required package: foreach
Loaded gam 1.20.2

Super Learner
Version: 2.0-28
Package created on 2021-05-04

Loading required package: lattice
Loading required package: ggplot2
Loading required package: Matrix
Loaded glmnet 4.1-7
Loading required package: Formula
Loading required package: plotmo
Loading required package: plotrix
Loading required package: TeachingDemos
Loaded gbm 2.1.8.1

Attaching package: ‘xgboost’

The following object is masked from ‘package:dplyr’:

    slice

[1] "[Simulation setting]"
[1] "m: 100"
[1] "deltas: 0.5, 1, 2"
[1] "r: 300"
[1] "Sim.id 1"
[1] "Data generated"
[1] "   Split: 1"
[1] "   Split: 2"
[1] "Estimates and SE estimates computed"
[1] ""
[[1]]
[[1]]$est
  delta        mu      mu_1      mu_0         de        se_1          se_0
1   0.5 0.4140748 0.2463396 0.5290084 -0.2826688  0.02169600 -0.0005149526
2   1.0 0.3545864 0.2246436 0.5295234 -0.3048797  0.00000000  0.0000000000
3   2.0 0.2776208 0.2029671 0.4803025 -0.2773354 -0.02167653 -0.0492208797
           oe         te
1  0.05948848 -0.2831837
2  0.00000000 -0.3048797
3 -0.07696552 -0.3265563

[[1]]$se
  delta         mu       mu_1       mu_0         de       se_1       se_0
1   0.5 0.03162114 0.02977942 0.03516833 0.02828405 0.01984510 0.02198953
2   1.0 0.02323208 0.02294973 0.02840866 0.02390763 0.00000000 0.00000000
3   2.0 0.04078667 0.04629074 0.04724298 0.05038623 0.03547571 0.03522287
          oe         te
1 0.01943551 0.02827868
2 0.00000000 0.02390763
3 0.03101116 0.04627869


[1] "Total run time was 132.838 seconds"
