WARNING: ignoring environment value of R_HOME

Attaching package: ‘dplyr’

The following objects are masked from ‘package:stats’:

    filter, lag

The following objects are masked from ‘package:base’:

    intersect, setdiff, setequal, union

Loading required package: splines
Loading required package: foreach
Loaded gam 1.20.2

Super Learner
Version: 2.0-28
Package created on 2021-05-04

Loading required package: lattice
Loading required package: ggplot2
Loading required package: Matrix
Loaded glmnet 4.1-7
Loading required package: Formula
Loading required package: plotmo
Loading required package: plotrix
Loading required package: TeachingDemos
Loaded gbm 2.1.8.1

Attaching package: ‘xgboost’

The following object is masked from ‘package:dplyr’:

    slice

[1] "[Simulation setting]"
[1] "m: 100"
[1] "deltas: 0.5, 1, 2"
[1] "r: 300"
[1] "Sim.id 1"
[1] "Data generated"
[1] "   Split: 1"
[1] "   Split: 2"
[1] "Estimates and SE estimates computed"
[1] ""
[[1]]
[[1]]$est
  delta        mu      mu_1      mu_0         de          se_1        se_0
1   0.5 0.4136152 0.2715453 0.5033831 -0.2318379  0.0102163565 -0.01519053
2   1.0 0.3724922 0.2613289 0.5185737 -0.2572447  0.0000000000  0.00000000
3   2.0 0.3222546 0.2609308 0.4866053 -0.2256744 -0.0003980811 -0.03196840
           oe         te
1  0.04112305 -0.2470284
2  0.00000000 -0.2572447
3 -0.05023756 -0.2576428

[[1]]$se
  delta         mu       mu_1       mu_0         de       se_1       se_0
1   0.5 0.05297738 0.03634622 0.07710642 0.06668093 0.02938500 0.06301035
2   1.0 0.02265312 0.02159537 0.03134055 0.02854527 0.00000000 0.00000000
3   2.0 0.04235930 0.04754839 0.04825267 0.05204153 0.03752211 0.03696876
          oe         te
1 0.04481964 0.04128318
2 0.00000000 0.02854527
3 0.03311576 0.04924319


[1] "Total run time was 110.778 seconds"
