WARNING: ignoring environment value of R_HOME

Attaching package: ‘dplyr’

The following objects are masked from ‘package:stats’:

    filter, lag

The following objects are masked from ‘package:base’:

    intersect, setdiff, setequal, union

Loading required package: splines
Loading required package: foreach
Loaded gam 1.20.2

Super Learner
Version: 2.0-28
Package created on 2021-05-04

Loading required package: lattice
Loading required package: ggplot2
Loading required package: Matrix
Loaded glmnet 4.1-7
Loading required package: Formula
Loading required package: plotmo
Loading required package: plotrix
Loading required package: TeachingDemos
Loaded gbm 2.1.8.1

Attaching package: ‘xgboost’

The following object is masked from ‘package:dplyr’:

    slice

[1] "[Simulation setting]"
[1] "m: 100"
[1] "deltas: 0.5, 1, 2"
[1] "r: 300"
[1] "Sim.id 1"
[1] "Data generated"
[1] "   Split: 1"
[1] "   Split: 2"
[1] "Estimates and SE estimates computed"
[1] ""
[[1]]
[[1]]$est
  delta        mu      mu_1      mu_0         de        se_1      se_0
1   0.5 0.4554456 0.2618437 0.5834271 -0.3215834  0.01820703 0.0289301
2   1.0 0.3758919 0.2436367 0.5544970 -0.3108603  0.00000000 0.0000000
3   2.0 0.3252327 0.2281448 0.5838697 -0.3557249 -0.01549186 0.0293727
           oe         te
1  0.07955375 -0.2926533
2  0.00000000 -0.3108603
3 -0.05065917 -0.3263522

[[1]]$se
  delta         mu       mu_1       mu_0         de       se_1       se_0
1   0.5 0.02840283 0.02581277 0.03415877 0.03191390 0.01633447 0.02256617
2   1.0 0.02116079 0.01867114 0.02907076 0.02648359 0.00000000 0.00000000
3   2.0 0.02988973 0.03596992 0.04742740 0.06187666 0.03235234 0.03649858
          oe         te
1 0.01665189 0.02953785
2 0.00000000 0.02648359
3 0.02749774 0.04747385


[1] "Total run time was 116.91 seconds"
