WARNING: ignoring environment value of R_HOME

Attaching package: ‘dplyr’

The following objects are masked from ‘package:stats’:

    filter, lag

The following objects are masked from ‘package:base’:

    intersect, setdiff, setequal, union

Loading required package: splines
Loading required package: foreach
Loaded gam 1.20.2

Super Learner
Version: 2.0-28
Package created on 2021-05-04

Loading required package: lattice
Loading required package: ggplot2
Loading required package: Matrix
Loaded glmnet 4.1-7
Loading required package: Formula
Loading required package: plotmo
Loading required package: plotrix
Loading required package: TeachingDemos
Loaded gbm 2.1.8.1

Attaching package: ‘xgboost’

The following object is masked from ‘package:dplyr’:

    slice

[1] "[Simulation setting]"
[1] "m: 100"
[1] "deltas: 0.5, 1, 2"
[1] "r: 300"
[1] "Sim.id 1"
[1] "Data generated"
[1] "   Split: 1"
[1] "   Split: 2"
[1] "Estimates and SE estimates computed"
[1] ""
[[1]]
[[1]]$est
  delta        mu      mu_1      mu_0         de          se_1        se_0
1   0.5 0.3957021 0.1789456 0.5444015 -0.3654560 -3.773090e-02 -0.01188510
2   1.0 0.3533160 0.2166764 0.5562866 -0.3396102  0.000000e+00  0.00000000
3   2.0 0.3108898 0.2166684 0.5762592 -0.3595908 -8.073744e-06  0.01997261
           oe         te
1  0.04238617 -0.3773411
2  0.00000000 -0.3396102
3 -0.04242613 -0.3396182

[[1]]$se
  delta         mu       mu_1       mu_0         de       se_1       se_0
1   0.5 0.02720556 0.04950973 0.03859855 0.05835061 0.05015230 0.02654635
2   1.0 0.02189428 0.02099826 0.03216999 0.03089101 0.00000000 0.00000000
3   2.0 0.04111615 0.04381926 0.04666368 0.04775329 0.03250902 0.03553654
          oe         te
1 0.02176122 0.05358360
2 0.00000000 0.03089101
3 0.03094393 0.04874288


[1] "Total run time was 110.636 seconds"
