WARNING: ignoring environment value of R_HOME

Attaching package: ‘dplyr’

The following objects are masked from ‘package:stats’:

    filter, lag

The following objects are masked from ‘package:base’:

    intersect, setdiff, setequal, union

Loading required package: splines
Loading required package: foreach
Loaded gam 1.20.2

Super Learner
Version: 2.0-28
Package created on 2021-05-04

Loading required package: lattice
Loading required package: ggplot2
Loading required package: Matrix
Loaded glmnet 4.1-7
Loading required package: Formula
Loading required package: plotmo
Loading required package: plotrix
Loading required package: TeachingDemos
Loaded gbm 2.1.8.1

Attaching package: ‘xgboost’

The following object is masked from ‘package:dplyr’:

    slice

[1] "[Simulation setting]"
[1] "m: 100"
[1] "deltas: 0.5, 1, 2"
[1] "r: 300"
[1] "Sim.id 1"
[1] "Data generated"
[1] "   Split: 1"
[1] "   Split: 2"
[1] "Estimates and SE estimates computed"
[1] ""
[[1]]
[[1]]$est
  delta        mu      mu_1      mu_0         de         se_1        se_0
1   0.5 0.4869491 0.2948662 0.6092131 -0.3143469 0.0167369906  0.02346124
2   1.0 0.4142717 0.2781292 0.5857519 -0.3076226 0.0000000000  0.00000000
3   2.0 0.3615843 0.2788623 0.5651472 -0.2862849 0.0007330412 -0.02060467
           oe         te
1  0.07267743 -0.2908857
2  0.00000000 -0.3076226
3 -0.05268733 -0.3068896

[[1]]$se
  delta         mu       mu_1       mu_0         de       se_1       se_0
1   0.5 0.03064648 0.04384112 0.03441226 0.05118807 0.03482815 0.02466712
2   1.0 0.02606341 0.02658257 0.03140053 0.02736591 0.00000000 0.00000000
3   2.0 0.03775089 0.03803786 0.04206335 0.03240455 0.02724956 0.02692443
          oe         te
1 0.02173755 0.04588334
2 0.00000000 0.02736591
3 0.02639898 0.03774049


[1] "Total run time was 68.05 seconds"
