WARNING: ignoring environment value of R_HOME

Attaching package: ‘dplyr’

The following objects are masked from ‘package:stats’:

    filter, lag

The following objects are masked from ‘package:base’:

    intersect, setdiff, setequal, union

Loading required package: splines
Loading required package: foreach
Loaded gam 1.20.2

Super Learner
Version: 2.0-28
Package created on 2021-05-04

Loading required package: lattice
Loading required package: ggplot2
Loading required package: Matrix
Loaded glmnet 4.1-7
Loading required package: Formula
Loading required package: plotmo
Loading required package: plotrix
Loading required package: TeachingDemos
Loaded gbm 2.1.8.1

Attaching package: ‘xgboost’

The following object is masked from ‘package:dplyr’:

    slice

[1] "[Simulation setting]"
[1] "m: 100"
[1] "deltas: 0.5, 1, 2"
[1] "r: 200"
[1] "Sim.id 1"
[1] "Data generated"
[1] "   Split: 1"
[1] "   Split: 2"
[1] "Estimates and SE estimates computed"
[1] ""
[[1]]
[[1]]$est
  delta        mu      mu_1      mu_0         de       se_1        se_0
1   0.5 0.5044646 0.3466197 0.6131931 -0.2665734 0.04996805  0.05931983
2   1.0 0.4053278 0.2966516 0.5538732 -0.2572216 0.00000000  0.00000000
3   2.0 0.3615110 0.3067964 0.4997133 -0.1929169 0.01014480 -0.05415992
           oe         te
1  0.09913677 -0.2072536
2  0.00000000 -0.2572216
3 -0.04381674 -0.2470768

[[1]]$se
  delta         mu       mu_1       mu_0         de       se_1       se_0
1   0.5 0.03587205 0.04014448 0.03811707 0.03915488 0.03158199 0.02640081
2   1.0 0.02445412 0.02436470 0.03039052 0.02914205 0.00000000 0.00000000
3   2.0 0.04559558 0.04646308 0.05499869 0.05390065 0.03591648 0.04300983
          oe         te
1 0.02444265 0.04208849
2 0.00000000 0.02914205
3 0.03618391 0.04789481


[1] "Total run time was 78.504 seconds"
