WARNING: ignoring environment value of R_HOME

Attaching package: ‘dplyr’

The following objects are masked from ‘package:stats’:

    filter, lag

The following objects are masked from ‘package:base’:

    intersect, setdiff, setequal, union

Loading required package: splines
Loading required package: foreach
Loaded gam 1.20.2

Super Learner
Version: 2.0-28
Package created on 2021-05-04

Loading required package: lattice
Loading required package: ggplot2
Loading required package: Matrix
Loaded glmnet 4.1-7
Loading required package: Formula
Loading required package: plotmo
Loading required package: plotrix
Loading required package: TeachingDemos
Loaded gbm 2.1.8.1

Attaching package: ‘xgboost’

The following object is masked from ‘package:dplyr’:

    slice

[1] "[Simulation setting]"
[1] "m: 100"
[1] "deltas: 0.5, 1, 2"
[1] "r: 200"
[1] "Sim.id 1"
[1] "Data generated"
[1] "   Split: 1"
[1] "   Split: 2"
[1] "Estimates and SE estimates computed"
[1] ""
[[1]]
[[1]]$est
  delta        mu      mu_1      mu_0         de        se_1        se_0
1   0.5 0.4991214 0.2780551 0.6503560 -0.3723009  0.03796076  0.08266059
2   1.0 0.3767917 0.2400943 0.5676954 -0.3276011  0.00000000  0.00000000
3   2.0 0.2490138 0.1772884 0.4720898 -0.2948014 -0.06280592 -0.09560561
          oe         te
1  0.1223298 -0.2896404
2  0.0000000 -0.3276011
3 -0.1277778 -0.3904070

[[1]]$se
  delta         mu       mu_1       mu_0         de       se_1       se_0
1   0.5 0.04280406 0.03498617 0.05376657 0.04540802 0.02692492 0.03954439
2   1.0 0.02420657 0.02303406 0.02978369 0.02561898 0.00000000 0.00000000
3   2.0 0.04233247 0.04201820 0.04588288 0.04049694 0.03117285 0.03706201
          oe         te
1 0.03133916 0.03409883
2 0.00000000 0.02561898
3 0.03405579 0.04580487


[1] "Total run time was 77.426 seconds"
