WARNING: ignoring environment value of R_HOME

Attaching package: ‘dplyr’

The following objects are masked from ‘package:stats’:

    filter, lag

The following objects are masked from ‘package:base’:

    intersect, setdiff, setequal, union

Loading required package: splines
Loading required package: foreach
Loaded gam 1.20.2

Super Learner
Version: 2.0-28
Package created on 2021-05-04

Loading required package: lattice
Loading required package: ggplot2
Loading required package: Matrix
Loaded glmnet 4.1-7
Loading required package: Formula
Loading required package: plotmo
Loading required package: plotrix
Loading required package: TeachingDemos
Loaded gbm 2.1.8.1

Attaching package: ‘xgboost’

The following object is masked from ‘package:dplyr’:

    slice

[1] "[Simulation setting]"
[1] "m: 100"
[1] "deltas: 0.5, 1, 2"
[1] "r: 200"
[1] "Sim.id 1"
[1] "Data generated"
[1] "   Split: 1"
[1] "   Split: 2"
[1] "Estimates and SE estimates computed"
[1] ""
[[1]]
[[1]]$est
  delta        mu      mu_1      mu_0         de       se_1       se_0
1   0.5 0.4244086 0.2700970 0.5463279 -0.2762308 0.01534129 0.00287454
2   1.0 0.3661249 0.2547557 0.5434533 -0.2886976 0.00000000 0.00000000
3   2.0 0.3581752 0.2689101 0.6280247 -0.3591146 0.01415437 0.08457137
            oe         te
1  0.058283672 -0.2733563
2  0.000000000 -0.2886976
3 -0.007949706 -0.2745432

[[1]]$se
  delta         mu       mu_1       mu_0         de       se_1       se_0
1   0.5 0.02329115 0.02828015 0.02521179 0.03081082 0.02225821 0.02259089
2   1.0 0.02352285 0.02423572 0.02829626 0.02423502 0.00000000 0.00000000
3   2.0 0.04146410 0.04363502 0.05093861 0.04848696 0.02994227 0.03447304
          oe         te
1 0.01774967 0.03073319
2 0.00000000 0.02423502
3 0.02931613 0.04419085


[1] "Total run time was 84.083 seconds"
