WARNING: ignoring environment value of R_HOME

Attaching package: ‘dplyr’

The following objects are masked from ‘package:stats’:

    filter, lag

The following objects are masked from ‘package:base’:

    intersect, setdiff, setequal, union

Loading required package: splines
Loading required package: foreach
Loaded gam 1.20.2

Super Learner
Version: 2.0-28
Package created on 2021-05-04

Loading required package: lattice
Loading required package: ggplot2
Loading required package: Matrix
Loaded glmnet 4.1-7
Loading required package: Formula
Loading required package: plotmo
Loading required package: plotrix
Loading required package: TeachingDemos
Loaded gbm 2.1.8.1

Attaching package: ‘xgboost’

The following object is masked from ‘package:dplyr’:

    slice

[1] "[Simulation setting]"
[1] "m: 100"
[1] "deltas: 0.5, 1, 2"
[1] "r: 200"
[1] "Sim.id 1"
[1] "Data generated"
[1] "   Split: 1"
[1] "   Split: 2"
[1] "Estimates and SE estimates computed"
[1] ""
[[1]]
[[1]]$est
  delta        mu      mu_1      mu_0         de        se_1        se_0
1   0.5 0.4023453 0.2343569 0.5373837 -0.3030268 0.023333660  0.01978046
2   1.0 0.3276443 0.2110233 0.5176033 -0.3065800 0.000000000  0.00000000
3   2.0 0.2599418 0.2126917 0.4091473 -0.1964556 0.001668404 -0.10845597
           oe         te
1  0.07470099 -0.2832463
2  0.00000000 -0.3065800
3 -0.06770244 -0.3049116

[[1]]$se
  delta         mu       mu_1       mu_0         de       se_1       se_0
1   0.5 0.03614163 0.03354173 0.04835763 0.04374614 0.02608879 0.03510547
2   1.0 0.02373586 0.02186784 0.03182753 0.02731204 0.00000000 0.00000000
3   2.0 0.03988965 0.03994025 0.05284758 0.05122336 0.02930657 0.03818021
          oe         te
1 0.02650796 0.03347865
2 0.00000000 0.02731204
3 0.02903171 0.04288426


[1] "Total run time was 100.505 seconds"
