WARNING: ignoring environment value of R_HOME

Attaching package: ‘dplyr’

The following objects are masked from ‘package:stats’:

    filter, lag

The following objects are masked from ‘package:base’:

    intersect, setdiff, setequal, union

Loading required package: splines
Loading required package: foreach
Loaded gam 1.20.2

Super Learner
Version: 2.0-28
Package created on 2021-05-04

Loading required package: lattice
Loading required package: ggplot2
Loading required package: Matrix
Loaded glmnet 4.1-7
Loading required package: Formula
Loading required package: plotmo
Loading required package: plotrix
Loading required package: TeachingDemos
Loaded gbm 2.1.8.1

Attaching package: ‘xgboost’

The following object is masked from ‘package:dplyr’:

    slice

[1] "[Simulation setting]"
[1] "m: 100"
[1] "deltas: 0.5, 1, 2"
[1] "r: 200"
[1] "Sim.id 1"
[1] "Data generated"
[1] "   Split: 1"
[1] "   Split: 2"
[1] "Estimates and SE estimates computed"
[1] ""
[[1]]
[[1]]$est
  delta        mu      mu_1      mu_0         de         se_1        se_0
1   0.5 0.4624674 0.2825955 0.5800114 -0.2974159  0.023295328  0.06396405
2   1.0 0.3729544 0.2593002 0.5160474 -0.2567472  0.000000000  0.00000000
3   2.0 0.3164754 0.2581358 0.4569188 -0.1987830 -0.001164389 -0.05912855
           oe         te
1  0.08951304 -0.2334519
2  0.00000000 -0.2567472
3 -0.05647898 -0.2579116

[[1]]$se
  delta         mu       mu_1       mu_0         de       se_1       se_0
1   0.5 0.03222641 0.02958731 0.03921047 0.03670293 0.02099735 0.02444934
2   1.0 0.02686072 0.02554629 0.03302350 0.02730283 0.00000000 0.00000000
3   2.0 0.03876308 0.04028080 0.03986402 0.03397610 0.02753894 0.03037419
          oe         te
1 0.02069598 0.02960197
2 0.00000000 0.02730283
3 0.02813230 0.04247860


[1] "Total run time was 95.187 seconds"
