WARNING: ignoring environment value of R_HOME

Attaching package: ‘dplyr’

The following objects are masked from ‘package:stats’:

    filter, lag

The following objects are masked from ‘package:base’:

    intersect, setdiff, setequal, union

Loading required package: splines
Loading required package: foreach
Loaded gam 1.20.2

Super Learner
Version: 2.0-28
Package created on 2021-05-04

Loading required package: lattice
Loading required package: ggplot2
Loading required package: Matrix
Loaded glmnet 4.1-7
Loading required package: Formula
Loading required package: plotmo
Loading required package: plotrix
Loading required package: TeachingDemos
Loaded gbm 2.1.8.1

Attaching package: ‘xgboost’

The following object is masked from ‘package:dplyr’:

    slice

[1] "[Simulation setting]"
[1] "m: 100"
[1] "deltas: 0.5, 1, 2"
[1] "r: 200"
[1] "Sim.id 1"
[1] "Data generated"
[1] "   Split: 1"
[1] "   Split: 2"
[1] "Estimates and SE estimates computed"
[1] ""
[[1]]
[[1]]$est
  delta        mu      mu_1      mu_0         de        se_1          se_0
1   0.5 0.4441892 0.3541169 0.5178518 -0.1637349  0.11401022 -0.0002249625
2   1.0 0.3513693 0.2401067 0.5180768 -0.2779701  0.00000000  0.0000000000
3   2.0 0.2713138 0.1938979 0.4915075 -0.2976095 -0.04620871 -0.0265692657
           oe         te
1  0.09281988 -0.1639599
2  0.00000000 -0.2779701
3 -0.08005550 -0.3241788

[[1]]$se
  delta         mu       mu_1       mu_0         de       se_1       se_0
1   0.5 0.03866696 0.05330315 0.06364832 0.09452482 0.04577408 0.05753353
2   1.0 0.02545660 0.02361824 0.03229039 0.02538411 0.00000000 0.00000000
3   2.0 0.04026580 0.04064579 0.04942973 0.04061068 0.02902842 0.03450016
          oe         te
1 0.02999914 0.05375069
2 0.00000000 0.02538411
3 0.02822229 0.03998972


[1] "Total run time was 40.997 seconds"
