WARNING: ignoring environment value of R_HOME

Attaching package: ‘dplyr’

The following objects are masked from ‘package:stats’:

    filter, lag

The following objects are masked from ‘package:base’:

    intersect, setdiff, setequal, union

Loading required package: splines
Loading required package: foreach
Loaded gam 1.20.2

Super Learner
Version: 2.0-28
Package created on 2021-05-04

Loading required package: lattice
Loading required package: ggplot2
Loading required package: Matrix
Loaded glmnet 4.1-7
Loading required package: Formula
Loading required package: plotmo
Loading required package: plotrix
Loading required package: TeachingDemos
Loaded gbm 2.1.8.1

Attaching package: ‘xgboost’

The following object is masked from ‘package:dplyr’:

    slice

[1] "[Simulation setting]"
[1] "m: 100"
[1] "deltas: 0.5, 1, 2"
[1] "r: 200"
[1] "Sim.id 1"
[1] "Data generated"
[1] "   Split: 1"
[1] "   Split: 2"
[1] "Estimates and SE estimates computed"
[1] ""
[[1]]
[[1]]$est
  delta        mu      mu_1      mu_0         de         se_1        se_0
1   0.5 0.4209267 0.2451396 0.5357032 -0.2905636  0.036447082  0.04008558
2   1.0 0.3330178 0.2086925 0.4956176 -0.2869251  0.000000000  0.00000000
3   2.0 0.2777088 0.2058124 0.4582555 -0.2524430 -0.002880059 -0.03736218
           oe         te
1  0.08790885 -0.2504781
2  0.00000000 -0.2869251
3 -0.05530909 -0.2898052

[[1]]$se
  delta         mu       mu_1       mu_0         de       se_1       se_0
1   0.5 0.02759124 0.02768072 0.03369939 0.03595663 0.01855943 0.02354432
2   1.0 0.02253873 0.02040490 0.02975948 0.02657536 0.00000000 0.00000000
3   2.0 0.02923913 0.02733950 0.03844419 0.03303199 0.01837649 0.02775888
          oe         te
1 0.01768689 0.03247230
2 0.00000000 0.02657536
3 0.01980502 0.03241417


[1] "Total run time was 79.309 seconds"
