WARNING: ignoring environment value of R_HOME

Attaching package: ‘dplyr’

The following objects are masked from ‘package:stats’:

    filter, lag

The following objects are masked from ‘package:base’:

    intersect, setdiff, setequal, union

Loading required package: splines
Loading required package: foreach
Loaded gam 1.20.2

Super Learner
Version: 2.0-28
Package created on 2021-05-04

Loading required package: lattice
Loading required package: ggplot2
Loading required package: Matrix
Loaded glmnet 4.1-7
Loading required package: Formula
Loading required package: plotmo
Loading required package: plotrix
Loading required package: TeachingDemos
Loaded gbm 2.1.8.1

Attaching package: ‘xgboost’

The following object is masked from ‘package:dplyr’:

    slice

[1] "[Simulation setting]"
[1] "m: 100"
[1] "deltas: 0.5, 1, 2"
[1] "r: 200"
[1] "Sim.id 1"
[1] "Data generated"
[1] "   Split: 1"
[1] "   Split: 2"
[1] "Estimates and SE estimates computed"
[1] ""
[[1]]
[[1]]$est
  delta        mu      mu_1      mu_0         de        se_1        se_0
1   0.5 0.4767976 0.3070187 0.6068968 -0.2998781  0.05975294  0.06775861
2   1.0 0.3670970 0.2472658 0.5391382 -0.2918724  0.00000000  0.00000000
3   2.0 0.2950296 0.2240137 0.4982146 -0.2742009 -0.02325210 -0.04092359
           oe         te
1  0.10970063 -0.2321195
2  0.00000000 -0.2918724
3 -0.07206735 -0.3151245

[[1]]$se
  delta         mu       mu_1       mu_0         de       se_1       se_0
1   0.5 0.05603842 0.04795683 0.07180497 0.05541513 0.04142725 0.06118708
2   1.0 0.02384556 0.02245047 0.03254145 0.02992014 0.00000000 0.00000000
3   2.0 0.04941074 0.05175842 0.04790555 0.04274170 0.04542062 0.03540921
          oe         te
1 0.04911137 0.04880196
2 0.00000000 0.02992014
3 0.04332608 0.05585495


[1] "Total run time was 79.528 seconds"
