WARNING: ignoring environment value of R_HOME

Attaching package: ‘dplyr’

The following objects are masked from ‘package:stats’:

    filter, lag

The following objects are masked from ‘package:base’:

    intersect, setdiff, setequal, union

Loading required package: splines
Loading required package: foreach
Loaded gam 1.20.2

Super Learner
Version: 2.0-28
Package created on 2021-05-04

Loading required package: lattice
Loading required package: ggplot2
Loading required package: Matrix
Loaded glmnet 4.1-7
Loading required package: Formula
Loading required package: plotmo
Loading required package: plotrix
Loading required package: TeachingDemos
Loaded gbm 2.1.8.1

Attaching package: ‘xgboost’

The following object is masked from ‘package:dplyr’:

    slice

[1] "[Simulation setting]"
[1] "m: 100"
[1] "deltas: 0.5, 1, 2"
[1] "r: 200"
[1] "Sim.id 1"
[1] "Data generated"
[1] "   Split: 1"
[1] "   Split: 2"
[1] "Estimates and SE estimates computed"
[1] ""
[[1]]
[[1]]$est
  delta        mu      mu_1      mu_0         de        se_1         se_0
1   0.5 0.4507269 0.3356817 0.5304981 -0.1948164  0.05734522  0.008746576
2   1.0 0.3783740 0.2783365 0.5217516 -0.2434151  0.00000000  0.000000000
3   2.0 0.2921543 0.2327799 0.4542072 -0.2214273 -0.04555656 -0.067544338
           oe         te
1  0.07235289 -0.1860699
2  0.00000000 -0.2434151
3 -0.08621978 -0.2889716

[[1]]$se
  delta         mu       mu_1       mu_0         de       se_1       se_0
1   0.5 0.02788316 0.03010803 0.03379406 0.03631747 0.02109757 0.02569288
2   1.0 0.02568024 0.02314434 0.03217543 0.02571066 0.00000000 0.00000000
3   2.0 0.03700514 0.03365535 0.05041005 0.03595377 0.02427850 0.03607436
          oe         te
1 0.02111003 0.03367910
2 0.00000000 0.02571066
3 0.02540958 0.03551557


[1] "Total run time was 57.667 seconds"
