WARNING: ignoring environment value of R_HOME

Attaching package: ‘dplyr’

The following objects are masked from ‘package:stats’:

    filter, lag

The following objects are masked from ‘package:base’:

    intersect, setdiff, setequal, union

Loading required package: splines
Loading required package: foreach
Loaded gam 1.20.2

Super Learner
Version: 2.0-28
Package created on 2021-05-04

Loading required package: lattice
Loading required package: ggplot2
Loading required package: Matrix
Loaded glmnet 4.1-7
Loading required package: Formula
Loading required package: plotmo
Loading required package: plotrix
Loading required package: TeachingDemos
Loaded gbm 2.1.8.1

Attaching package: ‘xgboost’

The following object is masked from ‘package:dplyr’:

    slice

[1] "[Simulation setting]"
[1] "m: 100"
[1] "deltas: 0.5, 1, 2"
[1] "r: 200"
[1] "Sim.id 1"
[1] "Data generated"
[1] "   Split: 1"
[1] "   Split: 2"
[1] "Estimates and SE estimates computed"
[1] ""
[[1]]
[[1]]$est
  delta        mu      mu_1      mu_0         de        se_1        se_0
1   0.5 0.4738963 0.2609255 0.6148504 -0.3539249  0.03284165  0.06567855
2   1.0 0.3648773 0.2280839 0.5491718 -0.3210880  0.00000000  0.00000000
3   2.0 0.2598138 0.1756909 0.4920691 -0.3163781 -0.05239292 -0.05710279
          oe         te
1  0.1090190 -0.2882463
2  0.0000000 -0.3210880
3 -0.1050634 -0.3734809

[[1]]$se
  delta         mu       mu_1       mu_0         de       se_1       se_0
1   0.5 0.03376560 0.03478645 0.04517551 0.05104936 0.02836611 0.03526352
2   1.0 0.02373031 0.02205166 0.03125350 0.02630484 0.00000000 0.00000000
3   2.0 0.03061081 0.02994137 0.04309247 0.04173819 0.01963272 0.03285510
          oe         te
1 0.02504983 0.03932202
2 0.00000000 0.02630484
3 0.02073084 0.03531396


[1] "Total run time was 112.142 seconds"
