WARNING: ignoring environment value of R_HOME

Attaching package: ‘dplyr’

The following objects are masked from ‘package:stats’:

    filter, lag

The following objects are masked from ‘package:base’:

    intersect, setdiff, setequal, union

Loading required package: splines
Loading required package: foreach
Loaded gam 1.20.2

Super Learner
Version: 2.0-28
Package created on 2021-05-04

Loading required package: lattice
Loading required package: ggplot2
Loading required package: Matrix
Loaded glmnet 4.1-7
Loading required package: Formula
Loading required package: plotmo
Loading required package: plotrix
Loading required package: TeachingDemos
Loaded gbm 2.1.8.1

Attaching package: ‘xgboost’

The following object is masked from ‘package:dplyr’:

    slice

[1] "[Simulation setting]"
[1] "m: 100"
[1] "deltas: 0.5, 1, 2"
[1] "r: 200"
[1] "Sim.id 1"
[1] "Data generated"
[1] "   Split: 1"
[1] "   Split: 2"
[1] "Estimates and SE estimates computed"
[1] ""
[[1]]
[[1]]$est
  delta        mu      mu_1      mu_0         de        se_1        se_0
1   0.5 0.4258228 0.3121091 0.5072658 -0.1951567  0.05340412 -0.01369201
2   1.0 0.3697139 0.2587049 0.5209578 -0.2622528  0.00000000  0.00000000
3   2.0 0.3031614 0.2138255 0.5435575 -0.3297320 -0.04487943  0.02259978
           oe         te
1  0.05610891 -0.2088487
2  0.00000000 -0.2622528
3 -0.06655249 -0.3071322

[[1]]$se
  delta         mu       mu_1       mu_0         de       se_1       se_0
1   0.5 0.03463605 0.02941055 0.05775313 0.06886761 0.02019876 0.04954578
2   1.0 0.02348358 0.02299359 0.03177303 0.03120977 0.00000000 0.00000000
3   2.0 0.03043551 0.03053654 0.04719595 0.04772276 0.02051702 0.03996509
          oe         te
1 0.03204912 0.03889987
2 0.00000000 0.03120977
3 0.02217106 0.03908205


[1] "Total run time was 76.591 seconds"
