WARNING: ignoring environment value of R_HOME

Attaching package: ‘dplyr’

The following objects are masked from ‘package:stats’:

    filter, lag

The following objects are masked from ‘package:base’:

    intersect, setdiff, setequal, union

Loading required package: splines
Loading required package: foreach
Loaded gam 1.20.2

Super Learner
Version: 2.0-28
Package created on 2021-05-04

Loading required package: lattice
Loading required package: ggplot2
Loading required package: Matrix
Loaded glmnet 4.1-7
Loading required package: Formula
Loading required package: plotmo
Loading required package: plotrix
Loading required package: TeachingDemos
Loaded gbm 2.1.8.1

Attaching package: ‘xgboost’

The following object is masked from ‘package:dplyr’:

    slice

[1] "[Simulation setting]"
[1] "m: 100"
[1] "deltas: 0.5, 1, 2"
[1] "r: 200"
[1] "Sim.id 1"
[1] "Data generated"
[1] "   Split: 1"
[1] "   Split: 2"
[1] "Estimates and SE estimates computed"
[1] ""
[[1]]
[[1]]$est
  delta        mu      mu_1      mu_0         de        se_1       se_0
1   0.5 0.4335224 0.2557269 0.5501511 -0.2944243 0.035591490 0.02684892
2   1.0 0.3474152 0.2201354 0.5233022 -0.3031669 0.000000000 0.00000000
3   2.0 0.3094054 0.2234257 0.5368245 -0.3133988 0.003290367 0.01352227
           oe         te
1  0.08610717 -0.2675754
2  0.00000000 -0.3031669
3 -0.03800976 -0.2998765

[[1]]$se
  delta         mu       mu_1       mu_0         de       se_1       se_0
1   0.5 0.02972951 0.03469332 0.03572391 0.04567687 0.02793862 0.02170150
2   1.0 0.02216546 0.02121710 0.02896492 0.02850500 0.00000000 0.00000000
3   2.0 0.03884825 0.04085822 0.04195642 0.04582974 0.03173793 0.03754594
          oe         te
1 0.01977949 0.04006553
2 0.00000000 0.02850500
3 0.03224555 0.04629388


[1] "Total run time was 78.479 seconds"
