WARNING: ignoring environment value of R_HOME

Attaching package: ‘dplyr’

The following objects are masked from ‘package:stats’:

    filter, lag

The following objects are masked from ‘package:base’:

    intersect, setdiff, setequal, union

Loading required package: splines
Loading required package: foreach
Loaded gam 1.20.2

Super Learner
Version: 2.0-28
Package created on 2021-05-04

Loading required package: lattice
Loading required package: ggplot2
Loading required package: Matrix
Loaded glmnet 4.1-7
Loading required package: Formula
Loading required package: plotmo
Loading required package: plotrix
Loading required package: TeachingDemos
Loaded gbm 2.1.8.1

Attaching package: ‘xgboost’

The following object is masked from ‘package:dplyr’:

    slice

[1] "[Simulation setting]"
[1] "m: 100"
[1] "deltas: 0.5, 1, 2"
[1] "r: 200"
[1] "Sim.id 1"
[1] "Data generated"
[1] "   Split: 1"
[1] "   Split: 2"
[1] "Estimates and SE estimates computed"
[1] ""
[[1]]
[[1]]$est
  delta        mu      mu_1      mu_0         de        se_1        se_0
1   0.5 0.4904043 0.2697453 0.6445026 -0.3747573  0.05298052  0.06600916
2   1.0 0.3701798 0.2167648 0.5784935 -0.3617287  0.00000000  0.00000000
3   2.0 0.2802996 0.1828764 0.5372651 -0.3543886 -0.03388836 -0.04122840
           oe         te
1  0.12022446 -0.3087481
2  0.00000000 -0.3617287
3 -0.08988022 -0.3956170

[[1]]$se
  delta         mu       mu_1       mu_0         de       se_1       se_0
1   0.5 0.02809819 0.02532376 0.03854446 0.04246848 0.01834418 0.03013790
2   1.0 0.02110386 0.02047791 0.02763099 0.02795902 0.00000000 0.00000000
3   2.0 0.03049115 0.03120264 0.03776770 0.03877415 0.02420750 0.02891322
          oe         te
1 0.02291260 0.03428861
2 0.00000000 0.02795902
3 0.02373513 0.03875638


[1] "Total run time was 107.219 seconds"
