WARNING: ignoring environment value of R_HOME

Attaching package: ‘dplyr’

The following objects are masked from ‘package:stats’:

    filter, lag

The following objects are masked from ‘package:base’:

    intersect, setdiff, setequal, union

Loading required package: splines
Loading required package: foreach
Loaded gam 1.20.2

Super Learner
Version: 2.0-28
Package created on 2021-05-04

Loading required package: lattice
Loading required package: ggplot2
Loading required package: Matrix
Loaded glmnet 4.1-7
Loading required package: Formula
Loading required package: plotmo
Loading required package: plotrix
Loading required package: TeachingDemos
Loaded gbm 2.1.8.1

Attaching package: ‘xgboost’

The following object is masked from ‘package:dplyr’:

    slice

[1] "[Simulation setting]"
[1] "m: 100"
[1] "deltas: 0.5, 1, 2"
[1] "r: 200"
[1] "Sim.id 1"
[1] "Data generated"
[1] "   Split: 1"
[1] "   Split: 2"
[1] "Estimates and SE estimates computed"
[1] ""
[[1]]
[[1]]$est
  delta        mu      mu_1      mu_0         de       se_1        se_0
1   0.5 0.4686236 0.2806410 0.6005189 -0.3198779  0.0283971  0.03985057
2   1.0 0.3826942 0.2522439 0.5606684 -0.3084245  0.0000000  0.00000000
3   2.0 0.2217519 0.1325917 0.4713954 -0.3388037 -0.1196522 -0.08927293
           oe         te
1  0.08592945 -0.2800274
2  0.00000000 -0.3084245
3 -0.16094228 -0.4280767

[[1]]$se
  delta         mu       mu_1       mu_0         de       se_1       se_0
1   0.5 0.03332686 0.04965785 0.04198047 0.06391547 0.04160997 0.03159243
2   1.0 0.02533692 0.02396101 0.02990451 0.02533590 0.00000000 0.00000000
3   2.0 0.05538186 0.06176037 0.05551750 0.06569178 0.05211852 0.04495661
          oe         te
1 0.02461761 0.05233688
2 0.00000000 0.02533590
3 0.04203787 0.05696168


[1] "Total run time was 57.497 seconds"
