WARNING: ignoring environment value of R_HOME

Attaching package: ‘dplyr’

The following objects are masked from ‘package:stats’:

    filter, lag

The following objects are masked from ‘package:base’:

    intersect, setdiff, setequal, union

Loading required package: splines
Loading required package: foreach
Loaded gam 1.20.2

Super Learner
Version: 2.0-28
Package created on 2021-05-04

Loading required package: lattice
Loading required package: ggplot2
Loading required package: Matrix
Loaded glmnet 4.1-7
Loading required package: Formula
Loading required package: plotmo
Loading required package: plotrix
Loading required package: TeachingDemos
Loaded gbm 2.1.8.1

Attaching package: ‘xgboost’

The following object is masked from ‘package:dplyr’:

    slice

[1] "[Simulation setting]"
[1] "m: 100"
[1] "deltas: 0.5, 1, 2"
[1] "r: 200"
[1] "Sim.id 1"
[1] "Data generated"
[1] "   Split: 1"
[1] "   Split: 2"
[1] "Estimates and SE estimates computed"
[1] ""
[[1]]
[[1]]$est
  delta        mu      mu_1      mu_0         de        se_1        se_0
1   0.5 0.4429901 0.2632883 0.5624815 -0.2991931  0.02497237  0.01574057
2   1.0 0.3708415 0.2383160 0.5467409 -0.3084249  0.00000000  0.00000000
3   2.0 0.2963673 0.2123373 0.5061467 -0.2938094 -0.02597865 -0.04059418
           oe         te
1  0.07214861 -0.2834526
2  0.00000000 -0.3084249
3 -0.07447421 -0.3344036

[[1]]$se
  delta         mu       mu_1       mu_0         de       se_1       se_0
1   0.5 0.03527063 0.03656711 0.04452861 0.04727908 0.02635224 0.03078092
2   1.0 0.02565892 0.02484328 0.03011611 0.02678767 0.00000000 0.00000000
3   2.0 0.04864666 0.04958636 0.04830331 0.04900907 0.04198450 0.03703706
          oe         te
1 0.02551095 0.03560704
2 0.00000000 0.02678767
3 0.04077602 0.05232413


[1] "Total run time was 61.687 seconds"
