WARNING: ignoring environment value of R_HOME

Attaching package: ‘dplyr’

The following objects are masked from ‘package:stats’:

    filter, lag

The following objects are masked from ‘package:base’:

    intersect, setdiff, setequal, union

Loading required package: splines
Loading required package: foreach
Loaded gam 1.20.2

Super Learner
Version: 2.0-28
Package created on 2021-05-04

Loading required package: lattice
Loading required package: ggplot2
Loading required package: Matrix
Loaded glmnet 4.1-7
Loading required package: Formula
Loading required package: plotmo
Loading required package: plotrix
Loading required package: TeachingDemos
Loaded gbm 2.1.8.1

Attaching package: ‘xgboost’

The following object is masked from ‘package:dplyr’:

    slice

[1] "[Simulation setting]"
[1] "m: 100"
[1] "deltas: 0.5, 1, 2"
[1] "r: 200"
[1] "Sim.id 1"
[1] "Data generated"
[1] "   Split: 1"
[1] "   Split: 2"
[1] "Estimates and SE estimates computed"
[1] ""
[[1]]
[[1]]$est
  delta        mu      mu_1      mu_0         de         se_1        se_0
1   0.5 0.3979427 0.2652320 0.4940514 -0.2288194 -0.005174080 -0.06344809
2   1.0 0.3915860 0.2704061 0.5574995 -0.2870934  0.000000000  0.00000000
3   2.0 0.3441790 0.2773724 0.5352360 -0.2578636  0.006966331 -0.02226352
            oe         te
1  0.006356697 -0.2922675
2  0.000000000 -0.2870934
3 -0.047406982 -0.2801271

[[1]]$se
  delta         mu       mu_1       mu_0         de       se_1       se_0
1   0.5 0.07418987 0.02730853 0.12352886 0.12031290 0.02107747 0.11235967
2   1.0 0.02553065 0.02363245 0.03112444 0.02491170 0.00000000 0.00000000
3   2.0 0.03365476 0.03206039 0.04362789 0.03578321 0.02047369 0.02778153
          oe         te
1 0.06792482 0.02993176
2 0.00000000 0.02491170
3 0.02086601 0.03234129


[1] "Total run time was 31.276 seconds"
