WARNING: ignoring environment value of R_HOME

Attaching package: ‘dplyr’

The following objects are masked from ‘package:stats’:

    filter, lag

The following objects are masked from ‘package:base’:

    intersect, setdiff, setequal, union

Loading required package: splines
Loading required package: foreach
Loaded gam 1.20.2

Super Learner
Version: 2.0-28
Package created on 2021-05-04

Loading required package: lattice
Loading required package: ggplot2
Loading required package: Matrix
Loaded glmnet 4.1-7
Loading required package: Formula
Loading required package: plotmo
Loading required package: plotrix
Loading required package: TeachingDemos
Loaded gbm 2.1.8.1

Attaching package: ‘xgboost’

The following object is masked from ‘package:dplyr’:

    slice

[1] "[Simulation setting]"
[1] "m: 100"
[1] "deltas: 0.5, 1, 2"
[1] "r: 200"
[1] "Sim.id 1"
[1] "Data generated"
[1] "   Split: 1"
[1] "   Split: 2"
[1] "Estimates and SE estimates computed"
[1] ""
[[1]]
[[1]]$est
  delta        mu      mu_1      mu_0         de        se_1        se_0
1   0.5 0.4284000 0.2596760 0.5438601 -0.2841841  0.05049227  0.03728410
2   1.0 0.3379117 0.2091837 0.5065760 -0.2973923  0.00000000  0.00000000
3   2.0 0.2279252 0.1436610 0.4471027 -0.3034417 -0.06552273 -0.05947335
           oe         te
1  0.09048833 -0.2469000
2  0.00000000 -0.2973923
3 -0.10998647 -0.3629150

[[1]]$se
  delta         mu       mu_1       mu_0         de       se_1       se_0
1   0.5 0.02476570 0.03087092 0.03084194 0.04093707 0.02099179 0.02093912
2   1.0 0.02234597 0.02145082 0.02833247 0.02686916 0.00000000 0.00000000
3   2.0 0.04133653 0.04762805 0.03967323 0.04707358 0.04224159 0.02688183
          oe         te
1 0.01516370 0.03645290
2 0.00000000 0.02686916
3 0.03521854 0.05163728


[1] "Total run time was 72.781 seconds"
