WARNING: ignoring environment value of R_HOME

Attaching package: ‘dplyr’

The following objects are masked from ‘package:stats’:

    filter, lag

The following objects are masked from ‘package:base’:

    intersect, setdiff, setequal, union

Loading required package: splines
Loading required package: foreach
Loaded gam 1.20.2

Super Learner
Version: 2.0-28
Package created on 2021-05-04

Loading required package: lattice
Loading required package: ggplot2
Loading required package: Matrix
Loaded glmnet 4.1-7
Loading required package: Formula
Loading required package: plotmo
Loading required package: plotrix
Loading required package: TeachingDemos
Loaded gbm 2.1.8.1

Attaching package: ‘xgboost’

The following object is masked from ‘package:dplyr’:

    slice

[1] "[Simulation setting]"
[1] "m: 100"
[1] "deltas: 0.5, 1, 2"
[1] "r: 200"
[1] "Sim.id 1"
[1] "Data generated"
[1] "   Split: 1"
[1] "   Split: 2"
[1] "Estimates and SE estimates computed"
[1] ""
[[1]]
[[1]]$est
  delta        mu      mu_1      mu_0         de         se_1       se_0
1   0.5 0.4169224 0.2060147 0.5618416 -0.3558270  0.007974521 0.04472960
2   1.0 0.3326258 0.1980401 0.5171120 -0.3190719  0.000000000 0.00000000
3   2.0 0.2667755 0.1611775 0.5377920 -0.3766144 -0.036862612 0.02067995
           oe         te
1  0.08429660 -0.3110974
2  0.00000000 -0.3190719
3 -0.06585029 -0.3559345

[[1]]$se
  delta         mu       mu_1       mu_0         de       se_1       se_0
1   0.5 0.03644664 0.02621193 0.04257719 0.03334797 0.02045819 0.02955563
2   1.0 0.02496298 0.02187573 0.03120340 0.02561741 0.00000000 0.00000000
3   2.0 0.04477984 0.05039155 0.04739356 0.05110681 0.04550290 0.03849487
          oe         te
1 0.02587242 0.02747989
2 0.00000000 0.02561741
3 0.03949811 0.05625965


[1] "Total run time was 103.197 seconds"
