WARNING: ignoring environment value of R_HOME

Attaching package: ‘dplyr’

The following objects are masked from ‘package:stats’:

    filter, lag

The following objects are masked from ‘package:base’:

    intersect, setdiff, setequal, union

Loading required package: splines
Loading required package: foreach
Loaded gam 1.20.2

Super Learner
Version: 2.0-28
Package created on 2021-05-04

Loading required package: lattice
Loading required package: ggplot2
Loading required package: Matrix
Loaded glmnet 4.1-7
Loading required package: Formula
Loading required package: plotmo
Loading required package: plotrix
Loading required package: TeachingDemos
Loaded gbm 2.1.8.1

Attaching package: ‘xgboost’

The following object is masked from ‘package:dplyr’:

    slice

[1] "[Simulation setting]"
[1] "m: 100"
[1] "deltas: 0.5, 1, 2"
[1] "r: 200"
[1] "Sim.id 1"
[1] "Data generated"
[1] "   Split: 1"
[1] "   Split: 2"
[1] "Estimates and SE estimates computed"
[1] ""
[[1]]
[[1]]$est
  delta        mu      mu_1      mu_0         de        se_1        se_0
1   0.5 0.4271096 0.2620864 0.5473519 -0.2852655  0.01044038 -0.01490929
2   1.0 0.3768164 0.2516460 0.5622612 -0.3106151  0.00000000  0.00000000
3   2.0 0.3041727 0.2404996 0.5029548 -0.2624552 -0.01114645 -0.05930634
           oe         te
1  0.05029320 -0.3001748
2  0.00000000 -0.3106151
3 -0.07264371 -0.3217616

[[1]]$se
  delta         mu       mu_1       mu_0         de       se_1       se_0
1   0.5 0.03851159 0.02973378 0.05345287 0.04712102 0.02373145 0.04025307
2   1.0 0.02351523 0.02199123 0.02972960 0.02673634 0.00000000 0.00000000
3   2.0 0.03947111 0.03994049 0.04619827 0.03986339 0.03009843 0.03630241
          oe         te
1 0.02960939 0.03267784
2 0.00000000 0.02673634
3 0.03184050 0.04368570


[1] "Total run time was 80.942 seconds"
