WARNING: ignoring environment value of R_HOME

Attaching package: ‘dplyr’

The following objects are masked from ‘package:stats’:

    filter, lag

The following objects are masked from ‘package:base’:

    intersect, setdiff, setequal, union

Loading required package: splines
Loading required package: foreach
Loaded gam 1.20.2

Super Learner
Version: 2.0-28
Package created on 2021-05-04

Loading required package: lattice
Loading required package: ggplot2
Loading required package: Matrix
Loaded glmnet 4.1-7
Loading required package: Formula
Loading required package: plotmo
Loading required package: plotrix
Loading required package: TeachingDemos
Loaded gbm 2.1.8.1

Attaching package: ‘xgboost’

The following object is masked from ‘package:dplyr’:

    slice

[1] "[Simulation setting]"
[1] "m: 100"
[1] "deltas: 0.5, 1, 2"
[1] "r: 200"
[1] "Sim.id 1"
[1] "Data generated"
[1] "   Split: 1"
[1] "   Split: 2"
[1] "Estimates and SE estimates computed"
[1] ""
[[1]]
[[1]]$est
  delta        mu      mu_1      mu_0         de        se_1        se_0
1   0.5 0.4709065 0.3021766 0.5955166 -0.2933400  0.03604638  0.05683508
2   1.0 0.3766180 0.2661303 0.5386816 -0.2725513  0.00000000  0.00000000
3   2.0 0.2827438 0.2161755 0.4866304 -0.2704549 -0.04995472 -0.05205116
           oe         te
1  0.09428851 -0.2365049
2  0.00000000 -0.2725513
3 -0.09387418 -0.3225060

[[1]]$se
  delta         mu       mu_1       mu_0         de       se_1       se_0
1   0.5 0.02861907 0.02743089 0.03344726 0.03278055 0.01917276 0.02355017
2   1.0 0.02234991 0.02221624 0.02750020 0.02569030 0.00000000 0.00000000
3   2.0 0.03501443 0.03387282 0.04326540 0.03567498 0.02498459 0.03237055
          oe         te
1 0.01884931 0.03040827
2 0.00000000 0.02569030
3 0.02757522 0.03924452


[1] "Total run time was 74.854 seconds"
