WARNING: ignoring environment value of R_HOME

Attaching package: ‘dplyr’

The following objects are masked from ‘package:stats’:

    filter, lag

The following objects are masked from ‘package:base’:

    intersect, setdiff, setequal, union

Loading required package: splines
Loading required package: foreach
Loaded gam 1.20.2

Super Learner
Version: 2.0-28
Package created on 2021-05-04

Loading required package: lattice
Loading required package: ggplot2
Loading required package: Matrix
Loaded glmnet 4.1-7
Loading required package: Formula
Loading required package: plotmo
Loading required package: plotrix
Loading required package: TeachingDemos
Loaded gbm 2.1.8.1

Attaching package: ‘xgboost’

The following object is masked from ‘package:dplyr’:

    slice

[1] "[Simulation setting]"
[1] "m: 100"
[1] "deltas: 0.5, 1, 2"
[1] "r: 200"
[1] "Sim.id 1"
[1] "Data generated"
[1] "   Split: 1"
[1] "   Split: 2"
[1] "Estimates and SE estimates computed"
[1] ""
[[1]]
[[1]]$est
  delta        mu      mu_1      mu_0         de        se_1        se_0
1   0.5 0.4561656 0.2856247 0.5789536 -0.2933289  0.08613637  0.09201579
2   1.0 0.3166865 0.1994883 0.4869378 -0.2874495  0.00000000  0.00000000
3   2.0 0.2049715 0.1239638 0.4395018 -0.3155379 -0.07552447 -0.04743604
          oe         te
1  0.1394791 -0.2013131
2  0.0000000 -0.2874495
3 -0.1117149 -0.3629740

[[1]]$se
  delta         mu       mu_1       mu_0         de       se_1       se_0
1   0.5 0.03485686 0.03406858 0.03921084 0.03507107 0.02157144 0.02754312
2   1.0 0.02376706 0.02249742 0.02989960 0.02797147 0.00000000 0.00000000
3   2.0 0.03766113 0.03629221 0.04888641 0.04138157 0.02864352 0.03634422
          oe         te
1 0.02164021 0.03374527
2 0.00000000 0.02797147
3 0.02791678 0.03865726


[1] "Total run time was 84.421 seconds"
