WARNING: ignoring environment value of R_HOME

Attaching package: ‘dplyr’

The following objects are masked from ‘package:stats’:

    filter, lag

The following objects are masked from ‘package:base’:

    intersect, setdiff, setequal, union

Loading required package: splines
Loading required package: foreach
Loaded gam 1.20.2

Super Learner
Version: 2.0-28
Package created on 2021-05-04

Loading required package: lattice
Loading required package: ggplot2
Loading required package: Matrix
Loaded glmnet 4.1-7
Loading required package: Formula
Loading required package: plotmo
Loading required package: plotrix
Loading required package: TeachingDemos
Loaded gbm 2.1.8.1

Attaching package: ‘xgboost’

The following object is masked from ‘package:dplyr’:

    slice

[1] "[Simulation setting]"
[1] "m: 100"
[1] "deltas: 0.5, 1, 2"
[1] "r: 200"
[1] "Sim.id 1"
[1] "Data generated"
[1] "   Split: 1"
[1] "   Split: 2"
[1] "Estimates and SE estimates computed"
[1] ""
[[1]]
[[1]]$est
  delta        mu      mu_1      mu_0         de        se_1        se_0
1   0.5 0.4439190 0.2266407 0.5959302 -0.3692895  0.02693700  0.07191471
2   1.0 0.3356774 0.1997037 0.5240155 -0.3243118  0.00000000  0.00000000
3   2.0 0.2042693 0.1225396 0.4384558 -0.3159162 -0.07716411 -0.08555972
          oe         te
1  0.1082416 -0.2973748
2  0.0000000 -0.3243118
3 -0.1314081 -0.4014759

[[1]]$se
  delta         mu       mu_1       mu_0         de       se_1       se_0
1   0.5 0.04002285 0.03434957 0.05240844 0.05255170 0.02705314 0.04285480
2   1.0 0.02173580 0.01910945 0.03020278 0.02801079 0.00000000 0.00000000
3   2.0 0.03907932 0.04071642 0.04432567 0.03935511 0.03321211 0.03365938
          oe         te
1 0.03176696 0.04110601
2 0.00000000 0.02801079
3 0.03138790 0.04527779


[1] "Total run time was 91.068 seconds"
