WARNING: ignoring environment value of R_HOME

Attaching package: ‘dplyr’

The following objects are masked from ‘package:stats’:

    filter, lag

The following objects are masked from ‘package:base’:

    intersect, setdiff, setequal, union

Loading required package: splines
Loading required package: foreach
Loaded gam 1.20.2

Super Learner
Version: 2.0-28
Package created on 2021-05-04

Loading required package: lattice
Loading required package: ggplot2
Loading required package: Matrix
Loaded glmnet 4.1-7
Loading required package: Formula
Loading required package: plotmo
Loading required package: plotrix
Loading required package: TeachingDemos
Loaded gbm 2.1.8.1

Attaching package: ‘xgboost’

The following object is masked from ‘package:dplyr’:

    slice

[1] "[Simulation setting]"
[1] "m: 100"
[1] "deltas: 0.5, 1, 2"
[1] "r: 200"
[1] "Sim.id 1"
[1] "Data generated"
[1] "   Split: 1"
[1] "   Split: 2"
[1] "Estimates and SE estimates computed"
[1] ""
[[1]]
[[1]]$est
  delta        mu      mu_1      mu_0         de         se_1        se_0
1   0.5 0.4322615 0.2308812 0.5682091 -0.3373279 -0.025240344  0.03714741
2   1.0 0.3712420 0.2561215 0.5310617 -0.2749402  0.000000000  0.00000000
3   2.0 0.3156624 0.2495687 0.5103191 -0.2607504 -0.006552812 -0.02074253
           oe         te
1  0.06101944 -0.3001805
2  0.00000000 -0.2749402
3 -0.05557959 -0.2814930

[[1]]$se
  delta         mu       mu_1       mu_0         de       se_1       se_0
1   0.5 0.02652583 0.03034864 0.04223715 0.05685449 0.02289925 0.03698717
2   1.0 0.02313339 0.02328461 0.03104134 0.02880153 0.00000000 0.00000000
3   2.0 0.03995027 0.04396561 0.04386489 0.04739891 0.03366322 0.02959562
          oe         te
1 0.02057148 0.03820223
2 0.00000000 0.02880153
3 0.02958911 0.04503704


[1] "Total run time was 43.079 seconds"
