WARNING: ignoring environment value of R_HOME

Attaching package: ‘dplyr’

The following objects are masked from ‘package:stats’:

    filter, lag

The following objects are masked from ‘package:base’:

    intersect, setdiff, setequal, union

Loading required package: splines
Loading required package: foreach
Loaded gam 1.20.2

Super Learner
Version: 2.0-28
Package created on 2021-05-04

Loading required package: lattice
Loading required package: ggplot2
Loading required package: Matrix
Loaded glmnet 4.1-7
Loading required package: Formula
Loading required package: plotmo
Loading required package: plotrix
Loading required package: TeachingDemos
Loaded gbm 2.1.8.1

Attaching package: ‘xgboost’

The following object is masked from ‘package:dplyr’:

    slice

[1] "[Simulation setting]"
[1] "m: 100"
[1] "deltas: 0.5, 1, 2"
[1] "r: 200"
[1] "Sim.id 1"
[1] "Data generated"
[1] "   Split: 1"
[1] "   Split: 2"
[1] "Estimates and SE estimates computed"
[1] ""
[[1]]
[[1]]$est
  delta        mu      mu_1      mu_0         de        se_1        se_0
1   0.5 0.4560182 0.2706229 0.5780491 -0.3074262 0.017093121 0.043089500
2   1.0 0.3716095 0.2535297 0.5349596 -0.2814299 0.000000000 0.000000000
3   2.0 0.3363228 0.2618618 0.5398546 -0.2779929 0.008332047 0.004895048
           oe         te
1  0.08440865 -0.2643367
2  0.00000000 -0.2814299
3 -0.03528672 -0.2730978

[[1]]$se
  delta         mu       mu_1       mu_0         de       se_1       se_0
1   0.5 0.03338835 0.03686590 0.04281279 0.05045446 0.02991266 0.03329331
2   1.0 0.02673554 0.02478034 0.03346189 0.02867954 0.00000000 0.00000000
3   2.0 0.04624929 0.04471561 0.05560276 0.04461497 0.02948689 0.04144797
          oe         te
1 0.02652401 0.04186292
2 0.00000000 0.02867954
3 0.03219246 0.04530535


[1] "Total run time was 61.371 seconds"
