WARNING: ignoring environment value of R_HOME

Attaching package: ‘dplyr’

The following objects are masked from ‘package:stats’:

    filter, lag

The following objects are masked from ‘package:base’:

    intersect, setdiff, setequal, union

Loading required package: splines
Loading required package: foreach
Loaded gam 1.20.2

Super Learner
Version: 2.0-28
Package created on 2021-05-04

Loading required package: lattice
Loading required package: ggplot2
Loading required package: Matrix
Loaded glmnet 4.1-7
Loading required package: Formula
Loading required package: plotmo
Loading required package: plotrix
Loading required package: TeachingDemos
Loaded gbm 2.1.8.1

Attaching package: ‘xgboost’

The following object is masked from ‘package:dplyr’:

    slice

[1] "[Simulation setting]"
[1] "m: 100"
[1] "deltas: 0.5, 1, 2"
[1] "r: 200"
[1] "Sim.id 1"
[1] "Data generated"
[1] "   Split: 1"
[1] "   Split: 2"
[1] "Estimates and SE estimates computed"
[1] ""
[[1]]
[[1]]$est
  delta        mu      mu_1      mu_0         de        se_1        se_0
1   0.5 0.4565451 0.2453571 0.6352491 -0.3898920  0.03529780  0.10666827
2   1.0 0.3386705 0.2100593 0.5285809 -0.3185215  0.00000000  0.00000000
3   2.0 0.2742655 0.1939240 0.4998122 -0.3058882 -0.01613529 -0.02876868
           oe         te
1  0.11787462 -0.2832237
2  0.00000000 -0.3185215
3 -0.06440498 -0.3346568

[[1]]$se
  delta         mu       mu_1       mu_0         de       se_1       se_0
1   0.5 0.06005330 0.03500063 0.12440468 0.12944719 0.02692840 0.11337963
2   1.0 0.02454223 0.02334245 0.03146258 0.02918028 0.00000000 0.00000000
3   2.0 0.04538860 0.04230443 0.05725506 0.04304643 0.02856839 0.04670994
         oe         te
1 0.0518370 0.04187583
2 0.0000000 0.02918028
3 0.0324897 0.04222724


[1] "Total run time was 83.767 seconds"
