WARNING: ignoring environment value of R_HOME

Attaching package: ‘dplyr’

The following objects are masked from ‘package:stats’:

    filter, lag

The following objects are masked from ‘package:base’:

    intersect, setdiff, setequal, union

Loading required package: splines
Loading required package: foreach
Loaded gam 1.20.2

Super Learner
Version: 2.0-28
Package created on 2021-05-04

Loading required package: lattice
Loading required package: ggplot2
Loading required package: Matrix
Loaded glmnet 4.1-7
Loading required package: Formula
Loading required package: plotmo
Loading required package: plotrix
Loading required package: TeachingDemos
Loaded gbm 2.1.8.1

Attaching package: ‘xgboost’

The following object is masked from ‘package:dplyr’:

    slice

[1] "[Simulation setting]"
[1] "m: 100"
[1] "deltas: 0.5, 1, 2"
[1] "r: 200"
[1] "Sim.id 1"
[1] "Data generated"
[1] "   Split: 1"
[1] "   Split: 2"
[1] "Estimates and SE estimates computed"
[1] ""
[[1]]
[[1]]$est
  delta        mu      mu_1      mu_0         de        se_1        se_0
1   0.5 0.4263640 0.2461816 0.5415115 -0.2953299  0.05445873  0.05049698
2   1.0 0.3185098 0.1917228 0.4910145 -0.2992916  0.00000000  0.00000000
3   2.0 0.2131283 0.1261809 0.4533185 -0.3271377 -0.06554199 -0.03769598
          oe         te
1  0.1078542 -0.2448329
2  0.0000000 -0.2992916
3 -0.1053815 -0.3648336

[[1]]$se
  delta         mu       mu_1       mu_0         de       se_1       se_0
1   0.5 0.03465027 0.02784762 0.04466664 0.03602909 0.01884401 0.03368655
2   1.0 0.02295714 0.01995494 0.03049949 0.02528676 0.00000000 0.00000000
3   2.0 0.03358479 0.03432316 0.04199056 0.03658720 0.02742877 0.02944755
          oe         te
1 0.02561425 0.02717770
2 0.00000000 0.02528676
3 0.02536882 0.03846059


[1] "Total run time was 62.28 seconds"
