WARNING: ignoring environment value of R_HOME

Attaching package: ‘dplyr’

The following objects are masked from ‘package:stats’:

    filter, lag

The following objects are masked from ‘package:base’:

    intersect, setdiff, setequal, union

Loading required package: splines
Loading required package: foreach
Loaded gam 1.20.2

Super Learner
Version: 2.0-28
Package created on 2021-05-04

Loading required package: lattice
Loading required package: ggplot2
Loading required package: Matrix
Loaded glmnet 4.1-7
Loading required package: Formula
Loading required package: plotmo
Loading required package: plotrix
Loading required package: TeachingDemos
Loaded gbm 2.1.8.1

Attaching package: ‘xgboost’

The following object is masked from ‘package:dplyr’:

    slice

[1] "[Simulation setting]"
[1] "m: 100"
[1] "deltas: 0.5, 1, 2"
[1] "r: 200"
[1] "Sim.id 1"
[1] "Data generated"
[1] "   Split: 1"
[1] "   Split: 2"
[1] "Estimates and SE estimates computed"
[1] ""
[[1]]
[[1]]$est
  delta        mu      mu_1      mu_0         de          se_1        se_0
1   0.5 0.3996755 0.2150849 0.5172797 -0.3021948 -2.482462e-05  0.04034390
2   1.0 0.3299248 0.2151097 0.4769358 -0.2618261  0.000000e+00  0.00000000
3   2.0 0.2739442 0.2134415 0.4232653 -0.2098238 -1.668257e-03 -0.05367057
           oe         te
1  0.06975063 -0.2618509
2  0.00000000 -0.2618261
3 -0.05598062 -0.2634943

[[1]]$se
  delta         mu       mu_1       mu_0         de       se_1       se_0
1   0.5 0.03652916 0.03096611 0.04846238 0.03708979 0.02443802 0.04282976
2   1.0 0.02228208 0.02089778 0.02969705 0.02703827 0.00000000 0.00000000
3   2.0 0.03096633 0.02887015 0.03976875 0.02977604 0.01976716 0.02921807
          oe         te
1 0.03138986 0.03333408
2 0.00000000 0.02703827
3 0.02299870 0.03563913


[1] "Total run time was 82.709 seconds"
