WARNING: ignoring environment value of R_HOME

Attaching package: ‘dplyr’

The following objects are masked from ‘package:stats’:

    filter, lag

The following objects are masked from ‘package:base’:

    intersect, setdiff, setequal, union

Loading required package: splines
Loading required package: foreach
Loaded gam 1.20.2

Super Learner
Version: 2.0-28
Package created on 2021-05-04

Loading required package: lattice
Loading required package: ggplot2
Loading required package: Matrix
Loaded glmnet 4.1-7
Loading required package: Formula
Loading required package: plotmo
Loading required package: plotrix
Loading required package: TeachingDemos
Loaded gbm 2.1.8.1

Attaching package: ‘xgboost’

The following object is masked from ‘package:dplyr’:

    slice

[1] "[Simulation setting]"
[1] "m: 100"
[1] "deltas: 0.5, 1, 2"
[1] "r: 200"
[1] "Sim.id 1"
[1] "Data generated"
[1] "   Split: 1"
[1] "   Split: 2"
[1] "Estimates and SE estimates computed"
[1] ""
[[1]]
[[1]]$est
  delta        mu      mu_1      mu_0         de        se_1        se_0
1   0.5 0.4553656 0.2711044 0.5897572 -0.3186528  0.03827488  0.05803745
2   1.0 0.3548017 0.2328295 0.5317198 -0.2988902  0.00000000  0.00000000
3   2.0 0.2780179 0.1987943 0.5046911 -0.3058968 -0.03403522 -0.02702865
           oe         te
1  0.10056393 -0.2606153
2  0.00000000 -0.2988902
3 -0.07678378 -0.3329254

[[1]]$se
  delta         mu       mu_1       mu_0         de       se_1       se_0
1   0.5 0.02813171 0.03103360 0.03453545 0.03913794 0.02069701 0.02424904
2   1.0 0.02382743 0.02470071 0.03028062 0.02975318 0.00000000 0.00000000
3   2.0 0.03353684 0.03232649 0.04233768 0.03698482 0.02221248 0.02963187
          oe         te
1 0.01847457 0.03661168
2 0.00000000 0.02975318
3 0.02370619 0.03674351


[1] "Total run time was 82.852 seconds"
