WARNING: ignoring environment value of R_HOME

Attaching package: ‘dplyr’

The following objects are masked from ‘package:stats’:

    filter, lag

The following objects are masked from ‘package:base’:

    intersect, setdiff, setequal, union

Loading required package: splines
Loading required package: foreach
Loaded gam 1.20.2

Super Learner
Version: 2.0-28
Package created on 2021-05-04

Loading required package: lattice
Loading required package: ggplot2
Loading required package: Matrix
Loaded glmnet 4.1-7
Loading required package: Formula
Loading required package: plotmo
Loading required package: plotrix
Loading required package: TeachingDemos
Loaded gbm 2.1.8.1

Attaching package: ‘xgboost’

The following object is masked from ‘package:dplyr’:

    slice

[1] "[Simulation setting]"
[1] "m: 100"
[1] "deltas: 0.5, 1, 2"
[1] "r: 200"
[1] "Sim.id 1"
[1] "Data generated"
[1] "   Split: 1"
[1] "   Split: 2"
[1] "Estimates and SE estimates computed"
[1] ""
[[1]]
[[1]]$est
  delta        mu      mu_1      mu_0         de        se_1        se_0
1   0.5 0.4724118 0.2224373 0.6374057 -0.4149684 -0.02834288  0.06721932
2   1.0 0.3892396 0.2507802 0.5701864 -0.3194062  0.00000000  0.00000000
3   2.0 0.2720914 0.1982716 0.4476438 -0.2493722 -0.05250862 -0.12254265
           oe         te
1  0.08317226 -0.3477491
2  0.00000000 -0.3194062
3 -0.11714822 -0.3719148

[[1]]$se
  delta         mu       mu_1       mu_0         de       se_1       se_0
1   0.5 0.03219122 0.03706501 0.05015408 0.06463409 0.03069804 0.04084149
2   1.0 0.02772316 0.02553189 0.03425114 0.02791779 0.00000000 0.00000000
3   2.0 0.04626030 0.04978189 0.04919779 0.04244185 0.03861963 0.03281377
          oe         te
1 0.02369330 0.04269531
2 0.00000000 0.02791779
3 0.03322308 0.05100310


[1] "Total run time was 77.582 seconds"
