WARNING: ignoring environment value of R_HOME

Attaching package: ‘dplyr’

The following objects are masked from ‘package:stats’:

    filter, lag

The following objects are masked from ‘package:base’:

    intersect, setdiff, setequal, union

Loading required package: splines
Loading required package: foreach
Loaded gam 1.20.2

Super Learner
Version: 2.0-28
Package created on 2021-05-04

Loading required package: lattice
Loading required package: ggplot2
Loading required package: Matrix
Loaded glmnet 4.1-7
Loading required package: Formula
Loading required package: plotmo
Loading required package: plotrix
Loading required package: TeachingDemos
Loaded gbm 2.1.8.1

Attaching package: ‘xgboost’

The following object is masked from ‘package:dplyr’:

    slice

[1] "[Simulation setting]"
[1] "m: 100"
[1] "deltas: 0.5, 1, 2"
[1] "r: 200"
[1] "Sim.id 1"
[1] "Data generated"
[1] "   Split: 1"
[1] "   Split: 2"
[1] "Estimates and SE estimates computed"
[1] ""
[[1]]
[[1]]$est
  delta        mu      mu_1      mu_0         de       se_1        se_0
1   0.5 0.4232634 0.2782267 0.5009129 -0.2226862 0.02784887 -0.05051676
2   1.0 0.3872804 0.2503778 0.5514297 -0.3010519 0.00000000  0.00000000
3   2.0 0.3626028 0.2674012 0.6044653 -0.3370641 0.01702344  0.05303564
           oe         te
1  0.03598298 -0.2732030
2  0.00000000 -0.3010519
3 -0.02467769 -0.2840284

[[1]]$se
  delta         mu       mu_1       mu_0         de       se_1       se_0
1   0.5 0.04338875 0.03614971 0.07254625 0.08413399 0.02944096 0.06219401
2   1.0 0.02591004 0.02397719 0.03250761 0.02556574 0.00000000 0.00000000
3   2.0 0.04346838 0.04661664 0.06088608 0.06154623 0.03531305 0.04588364
          oe         te
1 0.03542004 0.04024935
2 0.00000000 0.02556574
3 0.03212780 0.04602978


[1] "Total run time was 63.676 seconds"
