WARNING: ignoring environment value of R_HOME

Attaching package: ‘dplyr’

The following objects are masked from ‘package:stats’:

    filter, lag

The following objects are masked from ‘package:base’:

    intersect, setdiff, setequal, union

Loading required package: splines
Loading required package: foreach
Loaded gam 1.20.2

Super Learner
Version: 2.0-28
Package created on 2021-05-04

Loading required package: lattice
Loading required package: ggplot2
Loading required package: Matrix
Loaded glmnet 4.1-7
Loading required package: Formula
Loading required package: plotmo
Loading required package: plotrix
Loading required package: TeachingDemos
Loaded gbm 2.1.8.1

Attaching package: ‘xgboost’

The following object is masked from ‘package:dplyr’:

    slice

[1] "[Simulation setting]"
[1] "m: 100"
[1] "deltas: 0.5, 1, 2"
[1] "r: 200"
[1] "Sim.id 1"
[1] "Data generated"
[1] "   Split: 1"
[1] "   Split: 2"
[1] "Estimates and SE estimates computed"
[1] ""
[[1]]
[[1]]$est
  delta        mu      mu_1      mu_0         de        se_1        se_0
1   0.5 0.4567778 0.2968196 0.5731667 -0.2763471  0.05068935  0.02475744
2   1.0 0.3722372 0.2461303 0.5484093 -0.3022790  0.00000000  0.00000000
3   2.0 0.2561537 0.1885528 0.4534713 -0.2649185 -0.05757747 -0.09493793
           oe         te
1  0.08454054 -0.2515896
2  0.00000000 -0.3022790
3 -0.11608356 -0.3598565

[[1]]$se
  delta        mu       mu_1       mu_0         de       se_1       se_0
1   0.5 0.0323248 0.03360236 0.03960296 0.04081886 0.02265016 0.03435917
2   1.0 0.0230463 0.02038995 0.02947993 0.02530355 0.00000000 0.00000000
3   2.0 0.0244421 0.02192475 0.03626516 0.03221016 0.01788761 0.02429938
          oe         te
1 0.02463519 0.03453967
2 0.00000000 0.02530355
3 0.01880907 0.03210051


[1] "Total run time was 80.098 seconds"
