WARNING: ignoring environment value of R_HOME

Attaching package: ‘dplyr’

The following objects are masked from ‘package:stats’:

    filter, lag

The following objects are masked from ‘package:base’:

    intersect, setdiff, setequal, union

Loading required package: splines
Loading required package: foreach
Loaded gam 1.20.2

Super Learner
Version: 2.0-28
Package created on 2021-05-04

Loading required package: lattice
Loading required package: ggplot2
Loading required package: Matrix
Loaded glmnet 4.1-7
Loading required package: Formula
Loading required package: plotmo
Loading required package: plotrix
Loading required package: TeachingDemos
Loaded gbm 2.1.8.1

Attaching package: ‘xgboost’

The following object is masked from ‘package:dplyr’:

    slice

[1] "[Simulation setting]"
[1] "m: 100"
[1] "deltas: 0.5, 1, 2"
[1] "r: 200"
[1] "Sim.id 1"
[1] "Data generated"
[1] "   Split: 1"
[1] "   Split: 2"
[1] "Estimates and SE estimates computed"
[1] ""
[[1]]
[[1]]$est
  delta        mu      mu_1      mu_0         de        se_1        se_0
1   0.5 0.4320919 0.2283587 0.5657651 -0.3374064 -0.01329543  0.04544158
2   1.0 0.3620057 0.2416541 0.5203236 -0.2786694  0.00000000  0.00000000
3   2.0 0.3525319 0.2863090 0.5076796 -0.2213706  0.04465482 -0.01264397
            oe         te
1  0.070086276 -0.2919648
2  0.000000000 -0.2786694
3 -0.009473803 -0.2340146

[[1]]$se
  delta         mu       mu_1       mu_0         de       se_1       se_0
1   0.5 0.03004993 0.02755084 0.04080536 0.04536568 0.02027658 0.02988874
2   1.0 0.02257921 0.02275970 0.02844815 0.02734131 0.00000000 0.00000000
3   2.0 0.04036031 0.03987350 0.05128100 0.04456512 0.02876841 0.04083070
          oe         te
1 0.02204884 0.03356075
2 0.00000000 0.02734131
3 0.02997253 0.04088024


[1] "Total run time was 90.202 seconds"
