WARNING: ignoring environment value of R_HOME

Attaching package: ‘dplyr’

The following objects are masked from ‘package:stats’:

    filter, lag

The following objects are masked from ‘package:base’:

    intersect, setdiff, setequal, union

Loading required package: splines
Loading required package: foreach
Loaded gam 1.20.2

Super Learner
Version: 2.0-28
Package created on 2021-05-04

Loading required package: lattice
Loading required package: ggplot2
Loading required package: Matrix
Loaded glmnet 4.1-7
Loading required package: Formula
Loading required package: plotmo
Loading required package: plotrix
Loading required package: TeachingDemos
Loaded gbm 2.1.8.1

Attaching package: ‘xgboost’

The following object is masked from ‘package:dplyr’:

    slice

[1] "[Simulation setting]"
[1] "m: 100"
[1] "deltas: 0.5, 1, 2"
[1] "r: 200"
[1] "Sim.id 1"
[1] "Data generated"
[1] "   Split: 1"
[1] "   Split: 2"
[1] "Estimates and SE estimates computed"
[1] ""
[[1]]
[[1]]$est
  delta        mu      mu_1      mu_0         de         se_1        se_0
1   0.5 0.4389733 0.2615679 0.5709363 -0.3093685  0.007692877  0.04560378
2   1.0 0.3635070 0.2538750 0.5253326 -0.2714576  0.000000000  0.00000000
3   2.0 0.2915862 0.2353117 0.4636702 -0.2283585 -0.018563325 -0.06166239
           oe         te
1  0.07546634 -0.2637647
2  0.00000000 -0.2714576
3 -0.07192075 -0.2900209

[[1]]$se
  delta         mu       mu_1       mu_0         de       se_1       se_0
1   0.5 0.03477988 0.03621624 0.04561708 0.05003369 0.02813003 0.03649572
2   1.0 0.02351668 0.02301844 0.03001289 0.02630756 0.00000000 0.00000000
3   2.0 0.03023743 0.03052581 0.04366487 0.04224710 0.02286134 0.02902851
          oe         te
1 0.02636063 0.03761784
2 0.00000000 0.02630756
3 0.02189125 0.03459852


[1] "Total run time was 105.812 seconds"
