WARNING: ignoring environment value of R_HOME

Attaching package: ‘dplyr’

The following objects are masked from ‘package:stats’:

    filter, lag

The following objects are masked from ‘package:base’:

    intersect, setdiff, setequal, union

Loading required package: splines
Loading required package: foreach
Loaded gam 1.20.2

Super Learner
Version: 2.0-28
Package created on 2021-05-04

Loading required package: lattice
Loading required package: ggplot2
Loading required package: Matrix
Loaded glmnet 4.1-7
Loading required package: Formula
Loading required package: plotmo
Loading required package: plotrix
Loading required package: TeachingDemos
Loaded gbm 2.1.8.1

Attaching package: ‘xgboost’

The following object is masked from ‘package:dplyr’:

    slice

[1] "[Simulation setting]"
[1] "m: 100"
[1] "deltas: 0.5, 1, 2"
[1] "r: 200"
[1] "Sim.id 1"
[1] "Data generated"
[1] "   Split: 1"
[1] "   Split: 2"
[1] "Estimates and SE estimates computed"
[1] ""
[[1]]
[[1]]$est
  delta        mu      mu_1      mu_0         de        se_1         se_0
1   0.5 0.4367844 0.2900522 0.5433530 -0.2533008 0.050357017 -0.005979084
2   1.0 0.3628010 0.2396952 0.5493321 -0.3096369 0.000000000  0.000000000
3   2.0 0.3111045 0.2416025 0.5169018 -0.2752993 0.001907302 -0.032430277
           oe         te
1  0.07398339 -0.2592799
2  0.00000000 -0.3096369
3 -0.05169654 -0.3077296

[[1]]$se
  delta         mu       mu_1       mu_0         de       se_1      se_0
1   0.5 0.03198089 0.03347231 0.03893448 0.03837045 0.02656874 0.0251986
2   1.0 0.02358866 0.02324784 0.03264297 0.03043232 0.00000000 0.0000000
3   2.0 0.05336908 0.05706666 0.04861692 0.04894510 0.04834488 0.0377997
          oe         te
1 0.02300996 0.03867931
2 0.00000000 0.03043232
3 0.04521122 0.05836356


[1] "Total run time was 79.313 seconds"
