WARNING: ignoring environment value of R_HOME

Attaching package: ‘dplyr’

The following objects are masked from ‘package:stats’:

    filter, lag

The following objects are masked from ‘package:base’:

    intersect, setdiff, setequal, union

Loading required package: splines
Loading required package: foreach
Loaded gam 1.20.2

Super Learner
Version: 2.0-28
Package created on 2021-05-04

Loading required package: lattice
Loading required package: ggplot2
Loading required package: Matrix
Loaded glmnet 4.1-7
Loading required package: Formula
Loading required package: plotmo
Loading required package: plotrix
Loading required package: TeachingDemos
Loaded gbm 2.1.8.1

Attaching package: ‘xgboost’

The following object is masked from ‘package:dplyr’:

    slice

[1] "[Simulation setting]"
[1] "m: 100"
[1] "deltas: 0.5, 1, 2"
[1] "r: 200"
[1] "Sim.id 1"
[1] "Data generated"
[1] "   Split: 1"
[1] "   Split: 2"
[1] "Estimates and SE estimates computed"
[1] ""
[[1]]
[[1]]$est
  delta        mu      mu_1      mu_0         de        se_1       se_0
1   0.5 0.4307976 0.2639014 0.5437827 -0.2798813  0.04155820  0.0184996
2   1.0 0.3505926 0.2223432 0.5252831 -0.3029399  0.00000000  0.0000000
3   2.0 0.2700566 0.1932971 0.4796908 -0.2863937 -0.02904609 -0.0455923
           oe         te
1  0.08020498 -0.2613817
2  0.00000000 -0.3029399
3 -0.08053592 -0.3319860

[[1]]$se
  delta         mu       mu_1       mu_0         de       se_1       se_0
1   0.5 0.02994490 0.03127920 0.04017892 0.04409993 0.02529986 0.02938554
2   1.0 0.02312485 0.02183786 0.03097501 0.02685244 0.00000000 0.00000000
3   2.0 0.03429634 0.02994011 0.05157884 0.03785986 0.02116746 0.03681709
          oe         te
1 0.02317140 0.03927886
2 0.00000000 0.02685244
3 0.02297994 0.03314106


[1] "Total run time was 79.645 seconds"
