WARNING: ignoring environment value of R_HOME

Attaching package: ‘dplyr’

The following objects are masked from ‘package:stats’:

    filter, lag

The following objects are masked from ‘package:base’:

    intersect, setdiff, setequal, union

Loading required package: splines
Loading required package: foreach
Loaded gam 1.20.2

Super Learner
Version: 2.0-28
Package created on 2021-05-04

Loading required package: lattice
Loading required package: ggplot2
Loading required package: Matrix
Loaded glmnet 4.1-7
Loading required package: Formula
Loading required package: plotmo
Loading required package: plotrix
Loading required package: TeachingDemos
Loaded gbm 2.1.8.1

Attaching package: ‘xgboost’

The following object is masked from ‘package:dplyr’:

    slice

[1] "[Simulation setting]"
[1] "m: 100"
[1] "deltas: 0.5, 1, 2"
[1] "r: 200"
[1] "Sim.id 1"
[1] "Data generated"
[1] "   Split: 1"
[1] "   Split: 2"
[1] "Estimates and SE estimates computed"
[1] ""
[[1]]
[[1]]$est
  delta        mu      mu_1      mu_0         de        se_1         se_0
1   0.5 0.4728775 0.3383642 0.5796749 -0.2413107  0.08693966  0.072675551
2   1.0 0.3539254 0.2514245 0.5069993 -0.2555748  0.00000000  0.000000000
3   2.0 0.3044947 0.2342025 0.5056797 -0.2714772 -0.01722202 -0.001319564
           oe         te
1  0.11895209 -0.1686351
2  0.00000000 -0.2555748
3 -0.04943072 -0.2727968

[[1]]$se
  delta         mu       mu_1       mu_0         de       se_1       se_0
1   0.5 0.04111893 0.05334165 0.03958959 0.04142290 0.04360048 0.02845134
2   1.0 0.02594554 0.02346378 0.03176091 0.02398310 0.00000000 0.00000000
3   2.0 0.03395072 0.03104966 0.04538141 0.03432673 0.02263825 0.03168459
          oe         te
1 0.02894528 0.04885022
2 0.00000000 0.02398310
3 0.02425739 0.03311434


[1] "Total run time was 105.792 seconds"
