WARNING: ignoring environment value of R_HOME

Attaching package: ‘dplyr’

The following objects are masked from ‘package:stats’:

    filter, lag

The following objects are masked from ‘package:base’:

    intersect, setdiff, setequal, union

Loading required package: splines
Loading required package: foreach
Loaded gam 1.20.2

Super Learner
Version: 2.0-28
Package created on 2021-05-04

Loading required package: lattice
Loading required package: ggplot2
Loading required package: Matrix
Loaded glmnet 4.1-7
Loading required package: Formula
Loading required package: plotmo
Loading required package: plotrix
Loading required package: TeachingDemos
Loaded gbm 2.1.8.1

Attaching package: ‘xgboost’

The following object is masked from ‘package:dplyr’:

    slice

[1] "[Simulation setting]"
[1] "m: 100"
[1] "deltas: 0.5, 1, 2"
[1] "r: 200"
[1] "Sim.id 1"
[1] "Data generated"
[1] "   Split: 1"
[1] "   Split: 2"
[1] "Estimates and SE estimates computed"
[1] ""
[[1]]
[[1]]$est
  delta        mu      mu_1      mu_0         de         se_1         se_0
1   0.5 0.4049918 0.2023322 0.5483074 -0.3459752 -0.037792823 -0.013342193
2   1.0 0.3686779 0.2401251 0.5616496 -0.3215245  0.000000000  0.000000000
3   2.0 0.3109092 0.2347874 0.5546891 -0.3199017 -0.005337645 -0.006960455
           oe         te
1  0.03631389 -0.3593174
2  0.00000000 -0.3215245
3 -0.05776870 -0.3268622

[[1]]$se
  delta         mu       mu_1       mu_0         de       se_1       se_0
1   0.5 0.03938019 0.03268559 0.06605440 0.06821559 0.02455333 0.05445691
2   1.0 0.02421164 0.02408229 0.03394574 0.03339080 0.00000000 0.00000000
3   2.0 0.04340149 0.04344643 0.05554009 0.05252253 0.03205275 0.04028784
          oe         te
1 0.03295904 0.04079911
2 0.00000000 0.03339080
3 0.03307202 0.05049780


[1] "Total run time was 82.567 seconds"
