WARNING: ignoring environment value of R_HOME

Attaching package: ‘dplyr’

The following objects are masked from ‘package:stats’:

    filter, lag

The following objects are masked from ‘package:base’:

    intersect, setdiff, setequal, union

Loading required package: splines
Loading required package: foreach
Loaded gam 1.20.2

Super Learner
Version: 2.0-28
Package created on 2021-05-04

Loading required package: lattice
Loading required package: ggplot2
Loading required package: Matrix
Loaded glmnet 4.1-7
Loading required package: Formula
Loading required package: plotmo
Loading required package: plotrix
Loading required package: TeachingDemos
Loaded gbm 2.1.8.1

Attaching package: ‘xgboost’

The following object is masked from ‘package:dplyr’:

    slice

[1] "[Simulation setting]"
[1] "m: 100"
[1] "deltas: 0.5, 1, 2"
[1] "r: 200"
[1] "Sim.id 1"
[1] "Data generated"
[1] "   Split: 1"
[1] "   Split: 2"
[1] "Estimates and SE estimates computed"
[1] ""
[[1]]
[[1]]$est
  delta        mu      mu_1      mu_0         de        se_1       se_0
1   0.5 0.4968837 0.2327850 0.6884546 -0.4556696 -0.01949863 0.10476703
2   1.0 0.3888459 0.2522836 0.5836876 -0.3314039  0.00000000 0.00000000
3   2.0 0.3695468 0.2812900 0.6047293 -0.3234392  0.02900640 0.02104173
           oe         te
1  0.10803776 -0.3509026
2  0.00000000 -0.3314039
3 -0.01929908 -0.3023975

[[1]]$se
  delta         mu       mu_1       mu_0         de       se_1       se_0
1   0.5 0.03457372 0.02515598 0.05360407 0.06133180 0.02104688 0.04122081
2   1.0 0.02194145 0.02010961 0.03083358 0.02802692 0.00000000 0.00000000
3   2.0 0.04162062 0.04422031 0.04570581 0.04434532 0.03653509 0.03499486
          oe         te
1 0.02572848 0.03659703
2 0.00000000 0.02802692
3 0.03415353 0.04572988


[1] "Total run time was 94.373 seconds"
