WARNING: ignoring environment value of R_HOME

Attaching package: ‘dplyr’

The following objects are masked from ‘package:stats’:

    filter, lag

The following objects are masked from ‘package:base’:

    intersect, setdiff, setequal, union

Loading required package: splines
Loading required package: foreach
Loaded gam 1.20.2

Super Learner
Version: 2.0-28
Package created on 2021-05-04

Loading required package: lattice
Loading required package: ggplot2
Loading required package: Matrix
Loaded glmnet 4.1-7
Loading required package: Formula
Loading required package: plotmo
Loading required package: plotrix
Loading required package: TeachingDemos
Loaded gbm 2.1.8.1

Attaching package: ‘xgboost’

The following object is masked from ‘package:dplyr’:

    slice

[1] "[Simulation setting]"
[1] "m: 100"
[1] "deltas: 0.5, 1, 2"
[1] "r: 200"
[1] "Sim.id 1"
[1] "Data generated"
[1] "   Split: 1"
[1] "   Split: 2"
[1] "Estimates and SE estimates computed"
[1] ""
[[1]]
[[1]]$est
  delta        mu      mu_1      mu_0         de        se_1         se_0
1   0.5 0.4305587 0.2404449 0.5785529 -0.3381080  0.03536547  0.059986444
2   1.0 0.3368371 0.2050795 0.5185665 -0.3134870  0.00000000  0.000000000
3   2.0 0.2761080 0.1859067 0.5170818 -0.3311751 -0.01917279 -0.001484697
           oe         te
1  0.09372169 -0.2781215
2  0.00000000 -0.3134870
3 -0.06072908 -0.3326598

[[1]]$se
  delta         mu       mu_1       mu_0         de       se_1       se_0
1   0.5 0.03818088 0.02430251 0.06990147 0.07367287 0.02015452 0.05645030
2   1.0 0.02431143 0.02321373 0.03360928 0.03089761 0.00000000 0.00000000
3   2.0 0.04186853 0.04866109 0.04387996 0.05319411 0.03534723 0.03405968
          oe         te
1 0.03093184 0.03409919
2 0.00000000 0.03089761
3 0.03163047 0.05354387


[1] "Total run time was 83.607 seconds"
