WARNING: ignoring environment value of R_HOME

Attaching package: ‘dplyr’

The following objects are masked from ‘package:stats’:

    filter, lag

The following objects are masked from ‘package:base’:

    intersect, setdiff, setequal, union

Loading required package: splines
Loading required package: foreach
Loaded gam 1.20.2

Super Learner
Version: 2.0-28
Package created on 2021-05-04

Loading required package: lattice
Loading required package: ggplot2
Loading required package: Matrix
Loaded glmnet 4.1-7
Loading required package: Formula
Loading required package: plotmo
Loading required package: plotrix
Loading required package: TeachingDemos
Loaded gbm 2.1.8.1

Attaching package: ‘xgboost’

The following object is masked from ‘package:dplyr’:

    slice

[1] "[Simulation setting]"
[1] "m: 100"
[1] "deltas: 0.5, 1, 2"
[1] "r: 200"
[1] "Sim.id 1"
[1] "Data generated"
[1] "   Split: 1"
[1] "   Split: 2"
[1] "Estimates and SE estimates computed"
[1] ""
[[1]]
[[1]]$est
  delta        mu      mu_1      mu_0         de         se_1         se_0
1   0.5 0.4467506 0.2647999 0.5763728 -0.3115729 -0.005004169  0.008342753
2   1.0 0.3951073 0.2698040 0.5680300 -0.2982260  0.000000000  0.000000000
3   2.0 0.3535271 0.2682128 0.5664742 -0.2982614 -0.001591178 -0.001555834
           oe         te
1  0.05164328 -0.3032302
2  0.00000000 -0.2982260
3 -0.04158022 -0.2998172

[[1]]$se
  delta         mu       mu_1       mu_0         de       se_1       se_0
1   0.5 0.02976963 0.03259516 0.04041566 0.04675938 0.02468091 0.03127523
2   1.0 0.02257558 0.02336762 0.02750819 0.02642633 0.00000000 0.00000000
3   2.0 0.03665200 0.04070247 0.03971318 0.04555074 0.02921275 0.02670920
          oe         te
1 0.02355100 0.03773833
2 0.00000000 0.02642633
3 0.02567166 0.04256188


[1] "Total run time was 88.3 seconds"
