WARNING: ignoring environment value of R_HOME

Attaching package: ‘dplyr’

The following objects are masked from ‘package:stats’:

    filter, lag

The following objects are masked from ‘package:base’:

    intersect, setdiff, setequal, union

Loading required package: splines
Loading required package: foreach
Loaded gam 1.20.2

Super Learner
Version: 2.0-28
Package created on 2021-05-04

Loading required package: lattice
Loading required package: ggplot2
Loading required package: Matrix
Loaded glmnet 4.1-7
Loading required package: Formula
Loading required package: plotmo
Loading required package: plotrix
Loading required package: TeachingDemos
Loaded gbm 2.1.8.1

Attaching package: ‘xgboost’

The following object is masked from ‘package:dplyr’:

    slice

[1] "[Simulation setting]"
[1] "m: 100"
[1] "deltas: 0.5, 1, 2"
[1] "r: 200"
[1] "Sim.id 1"
[1] "Data generated"
[1] "   Split: 1"
[1] "   Split: 2"
[1] "Estimates and SE estimates computed"
[1] ""
[[1]]
[[1]]$est
  delta        mu      mu_1      mu_0         de        se_1         se_0
1   0.5 0.4405184 0.2876431 0.5303562 -0.2427131  0.05796326  0.005467980
2   1.0 0.3631477 0.2296799 0.5248883 -0.2952084  0.00000000  0.000000000
3   2.0 0.2469148 0.1419293 0.5221402 -0.3802109 -0.08775062 -0.002748059
           oe         te
1  0.07737069 -0.2372451
2  0.00000000 -0.2952084
3 -0.11623290 -0.3829590

[[1]]$se
  delta         mu       mu_1       mu_0         de       se_1       se_0
1   0.5 0.03828588 0.03338927 0.06808502 0.08133445 0.02939164 0.05323205
2   1.0 0.02554210 0.02421477 0.03292099 0.02765685 0.00000000 0.00000000
3   2.0 0.03893825 0.04284079 0.04648734 0.05182001 0.03040669 0.03275349
          oe         te
1 0.02915517 0.04268207
2 0.00000000 0.02765685
3 0.02588128 0.04430401


[1] "Total run time was 86.342 seconds"
