WARNING: ignoring environment value of R_HOME

Attaching package: ‘dplyr’

The following objects are masked from ‘package:stats’:

    filter, lag

The following objects are masked from ‘package:base’:

    intersect, setdiff, setequal, union

Loading required package: splines
Loading required package: foreach
Loaded gam 1.20.2

Super Learner
Version: 2.0-28
Package created on 2021-05-04

Loading required package: lattice
Loading required package: ggplot2
Loading required package: Matrix
Loaded glmnet 4.1-7
Loading required package: Formula
Loading required package: plotmo
Loading required package: plotrix
Loading required package: TeachingDemos
Loaded gbm 2.1.8.1

Attaching package: ‘xgboost’

The following object is masked from ‘package:dplyr’:

    slice

[1] "[Simulation setting]"
[1] "m: 100"
[1] "deltas: 0.5, 1, 2"
[1] "r: 200"
[1] "Sim.id 1"
[1] "Data generated"
[1] "   Split: 1"
[1] "   Split: 2"
[1] "Estimates and SE estimates computed"
[1] ""
[[1]]
[[1]]$est
  delta        mu      mu_1      mu_0         de        se_1       se_0
1   0.5 0.5069591 0.2905043 0.6603681 -0.3698638 0.001515989 0.05335011
2   1.0 0.4223064 0.2889883 0.6070180 -0.3180297 0.000000000 0.00000000
3   2.0 0.4094688 0.3171432 0.6525997 -0.3354565 0.028154897 0.04558167
           oe         te
1  0.08465272 -0.3165137
2  0.00000000 -0.3180297
3 -0.01283758 -0.2898748

[[1]]$se
  delta         mu       mu_1       mu_0         de       se_1       se_0
1   0.5 0.02478962 0.02684151 0.02950910 0.03211127 0.02153098 0.02282252
2   1.0 0.02314104 0.02224899 0.02811334 0.02483019 0.00000000 0.00000000
3   2.0 0.03978165 0.04004167 0.04399981 0.03950252 0.02937990 0.03039288
          oe         te
1 0.01739451 0.03200641
2 0.00000000 0.02483019
3 0.02926445 0.04081216


[1] "Total run time was 86.657 seconds"
