WARNING: ignoring environment value of R_HOME

Attaching package: ‘dplyr’

The following objects are masked from ‘package:stats’:

    filter, lag

The following objects are masked from ‘package:base’:

    intersect, setdiff, setequal, union

Loading required package: splines
Loading required package: foreach
Loaded gam 1.20.2

Super Learner
Version: 2.0-28
Package created on 2021-05-04

Loading required package: lattice
Loading required package: ggplot2
Loading required package: Matrix
Loaded glmnet 4.1-7
Loading required package: Formula
Loading required package: plotmo
Loading required package: plotrix
Loading required package: TeachingDemos
Loaded gbm 2.1.8.1

Attaching package: ‘xgboost’

The following object is masked from ‘package:dplyr’:

    slice

[1] "[Simulation setting]"
[1] "m: 100"
[1] "deltas: 0.5, 1, 2"
[1] "r: 200"
[1] "Sim.id 1"
[1] "Data generated"
[1] "   Split: 1"
[1] "   Split: 2"
[1] "Estimates and SE estimates computed"
[1] ""
[[1]]
[[1]]$est
  delta        mu      mu_1      mu_0         de        se_1        se_0
1   0.5 0.4549660 0.2853412 0.5909157 -0.3055746  0.07202178  0.04915220
2   1.0 0.3385721 0.2133194 0.5417635 -0.3284441  0.00000000  0.00000000
3   2.0 0.2192139 0.1502248 0.4594803 -0.3092554 -0.06309454 -0.08228325
          oe         te
1  0.1163939 -0.2564224
2  0.0000000 -0.3284441
3 -0.1193583 -0.3915387

[[1]]$se
  delta         mu       mu_1       mu_0         de       se_1       se_0
1   0.5 0.03815120 0.03653477 0.04069248 0.02419944 0.02592101 0.02787983
2   1.0 0.02568927 0.02429792 0.03259549 0.02805288 0.00000000 0.00000000
3   2.0 0.03295627 0.03111565 0.04431793 0.03978204 0.02119311 0.02911879
          oe         te
1 0.02627918 0.03258898
2 0.00000000 0.02805288
3 0.02348763 0.03862733


[1] "Total run time was 72.979 seconds"
