WARNING: ignoring environment value of R_HOME

Attaching package: ‘dplyr’

The following objects are masked from ‘package:stats’:

    filter, lag

The following objects are masked from ‘package:base’:

    intersect, setdiff, setequal, union

Loading required package: splines
Loading required package: foreach
Loaded gam 1.20.2

Super Learner
Version: 2.0-28
Package created on 2021-05-04

Loading required package: lattice
Loading required package: ggplot2
Loading required package: Matrix
Loaded glmnet 4.1-7
Loading required package: Formula
Loading required package: plotmo
Loading required package: plotrix
Loading required package: TeachingDemos
Loaded gbm 2.1.8.1

Attaching package: ‘xgboost’

The following object is masked from ‘package:dplyr’:

    slice

[1] "[Simulation setting]"
[1] "m: 100"
[1] "deltas: 0.5, 1, 2"
[1] "r: 200"
[1] "Sim.id 1"
[1] "Data generated"
[1] "   Split: 1"
[1] "   Split: 2"
[1] "Estimates and SE estimates computed"
[1] ""
[[1]]
[[1]]$est
  delta        mu      mu_1      mu_0         de          se_1        se_0
1   0.5 0.3965035 0.2236089 0.5062161 -0.2826072 -0.0009808781 -0.01854780
2   1.0 0.3557495 0.2245898 0.5247639 -0.3001741  0.0000000000  0.00000000
3   2.0 0.2585754 0.1764012 0.4713589 -0.2949578 -0.0481885870 -0.05340494
           oe         te
1  0.04075397 -0.3011550
2  0.00000000 -0.3001741
3 -0.09717411 -0.3483627

[[1]]$se
  delta         mu       mu_1       mu_0         de       se_1       se_0
1   0.5 0.06824376 0.03722920 0.09959707 0.08238441 0.03326885 0.09156816
2   1.0 0.02449351 0.02040321 0.03281406 0.02746939 0.00000000 0.00000000
3   2.0 0.03451197 0.03725290 0.04282852 0.04804136 0.03113424 0.02964516
          oe         te
1 0.06381768 0.04065343
2 0.00000000 0.02746939
3 0.02806805 0.04476597


[1] "Total run time was 110.299 seconds"
