WARNING: ignoring environment value of R_HOME

Attaching package: ‘dplyr’

The following objects are masked from ‘package:stats’:

    filter, lag

The following objects are masked from ‘package:base’:

    intersect, setdiff, setequal, union

Loading required package: splines
Loading required package: foreach
Loaded gam 1.20.2

Super Learner
Version: 2.0-28
Package created on 2021-05-04

Loading required package: lattice
Loading required package: ggplot2
Loading required package: Matrix
Loaded glmnet 4.1-7
Loading required package: Formula
Loading required package: plotmo
Loading required package: plotrix
Loading required package: TeachingDemos
Loaded gbm 2.1.8.1

Attaching package: ‘xgboost’

The following object is masked from ‘package:dplyr’:

    slice

[1] "[Simulation setting]"
[1] "m: 100"
[1] "deltas: 0.5, 1, 2"
[1] "r: 200"
[1] "Sim.id 1"
[1] "Data generated"
[1] "   Split: 1"
[1] "   Split: 2"
[1] "Estimates and SE estimates computed"
[1] ""
[[1]]
[[1]]$est
  delta        mu      mu_1      mu_0         de        se_1        se_0
1   0.5 0.5149021 0.2540974 0.6808245 -0.4267271 -0.00401717  0.09627060
2   1.0 0.4017610 0.2581146 0.5845539 -0.3264393  0.00000000  0.00000000
3   2.0 0.3505748 0.2778090 0.5363174 -0.2585085  0.01969440 -0.04823649
           oe         te
1  0.11314115 -0.3304565
2  0.00000000 -0.3264393
3 -0.05118617 -0.3067450

[[1]]$se
  delta         mu       mu_1       mu_0         de       se_1       se_0
1   0.5 0.04048438 0.02865366 0.05425259 0.05073746 0.02356713 0.04099145
2   1.0 0.02708478 0.02433079 0.03464170 0.03061469 0.00000000 0.00000000
3   2.0 0.03757799 0.03686805 0.04819881 0.04437036 0.02488122 0.03852414
          oe         te
1 0.03072350 0.03660133
2 0.00000000 0.03061469
3 0.02519168 0.03786706


[1] "Total run time was 54.813 seconds"
