WARNING: ignoring environment value of R_HOME

Attaching package: ‘dplyr’

The following objects are masked from ‘package:stats’:

    filter, lag

The following objects are masked from ‘package:base’:

    intersect, setdiff, setequal, union

Loading required package: splines
Loading required package: foreach
Loaded gam 1.20.2

Super Learner
Version: 2.0-28
Package created on 2021-05-04

Loading required package: lattice
Loading required package: ggplot2
Loading required package: Matrix
Loaded glmnet 4.1-7
Loading required package: Formula
Loading required package: plotmo
Loading required package: plotrix
Loading required package: TeachingDemos
Loaded gbm 2.1.8.1

Attaching package: ‘xgboost’

The following object is masked from ‘package:dplyr’:

    slice

[1] "[Simulation setting]"
[1] "m: 100"
[1] "deltas: 0.5, 1, 2"
[1] "r: 200"
[1] "Sim.id 1"
[1] "Data generated"
[1] "   Split: 1"
[1] "   Split: 2"
[1] "Estimates and SE estimates computed"
[1] ""
[[1]]
[[1]]$est
  delta        mu      mu_1      mu_0         de        se_1        se_0
1   0.5 0.4241000 0.2780464 0.5360093 -0.2579629 0.038789483  0.01895640
2   1.0 0.3514398 0.2392569 0.5170529 -0.2777960 0.000000000  0.00000000
3   2.0 0.3126841 0.2445048 0.4959437 -0.2514389 0.005247921 -0.02110919
           oe         te
1  0.07266016 -0.2390065
2  0.00000000 -0.2777960
3 -0.03875574 -0.2725481

[[1]]$se
  delta         mu       mu_1       mu_0         de       se_1       se_0
1   0.5 0.03058605 0.02976721 0.05026061 0.05745732 0.02053681 0.03939855
2   1.0 0.02140769 0.02095098 0.02997243 0.02754219 0.00000000 0.00000000
3   2.0 0.03395991 0.03440456 0.05012304 0.04969072 0.02776831 0.03865261
          oe         te
1 0.02366144 0.03553714
2 0.00000000 0.02754219
3 0.02698500 0.04028447


[1] "Total run time was 107.179 seconds"
