WARNING: ignoring environment value of R_HOME

Attaching package: ‘dplyr’

The following objects are masked from ‘package:stats’:

    filter, lag

The following objects are masked from ‘package:base’:

    intersect, setdiff, setequal, union

Loading required package: splines
Loading required package: foreach
Loaded gam 1.20.2

Super Learner
Version: 2.0-28
Package created on 2021-05-04

Loading required package: lattice
Loading required package: ggplot2
Loading required package: Matrix
Loaded glmnet 4.1-7
Loading required package: Formula
Loading required package: plotmo
Loading required package: plotrix
Loading required package: TeachingDemos
Loaded gbm 2.1.8.1

Attaching package: ‘xgboost’

The following object is masked from ‘package:dplyr’:

    slice

[1] "[Simulation setting]"
[1] "m: 100"
[1] "deltas: 0.5, 1, 2"
[1] "r: 200"
[1] "Sim.id 1"
[1] "Data generated"
[1] "   Split: 1"
[1] "   Split: 2"
[1] "Estimates and SE estimates computed"
[1] ""
[[1]]
[[1]]$est
  delta        mu      mu_1      mu_0         de        se_1        se_0
1   0.5 0.4072134 0.2527154 0.5244625 -0.2717471  0.01141406 -0.06442212
2   1.0 0.3792747 0.2413013 0.5888847 -0.3475833  0.00000000  0.00000000
3   2.0 0.2456487 0.1646671 0.5089051 -0.3442380 -0.07663422 -0.07997955
           oe         te
1  0.02793872 -0.3361692
2  0.00000000 -0.3475833
3 -0.13362604 -0.4242175

[[1]]$se
  delta         mu       mu_1       mu_0         de       se_1       se_0
1   0.5 0.04907835 0.03725662 0.07106302 0.07153081 0.02599371 0.06367105
2   1.0 0.02484629 0.02289825 0.02913656 0.02307291 0.00000000 0.00000000
3   2.0 0.03813175 0.03830717 0.04202330 0.03733771 0.03011234 0.03356968
          oe         te
1 0.04166047 0.03464244
2 0.00000000 0.02307291
3 0.03046815 0.04150480


[1] "Total run time was 116.454 seconds"
