WARNING: ignoring environment value of R_HOME

Attaching package: ‘dplyr’

The following objects are masked from ‘package:stats’:

    filter, lag

The following objects are masked from ‘package:base’:

    intersect, setdiff, setequal, union

Loading required package: splines
Loading required package: foreach
Loaded gam 1.20.2

Super Learner
Version: 2.0-28
Package created on 2021-05-04

Loading required package: lattice
Loading required package: ggplot2
Loading required package: Matrix
Loaded glmnet 4.1-7
Loading required package: Formula
Loading required package: plotmo
Loading required package: plotrix
Loading required package: TeachingDemos
Loaded gbm 2.1.8.1

Attaching package: ‘xgboost’

The following object is masked from ‘package:dplyr’:

    slice

[1] "[Simulation setting]"
[1] "n: 500"
[1] "rhos: 0.3, 0.45, 0.6"
[1] "K: 2"
[1] "Sim.id 1"
[1] "Data generated"
[1] "---- Sample Splitting, IPW, Plug-in Estimator ----"
[1] "   Split: 1"
[1] "     Cluster: 1"
[1] "       G: NP, H: NP"
[1] "       G: P, H: P"
[1] "     Cluster: 2"
[1] "       G: NP, H: NP"
[1] "       G: P, H: P"
[1] "     Cluster: 3"
[1] "       G: NP, H: NP"
[1] "       G: P, H: P"
[1] "     Cluster: 4"
[1] "       G: NP, H: NP"
[1] "       G: P, H: P"
[1] "     Cluster: 5"
[1] "       G: NP, H: NP"
[1] "       G: P, H: P"
[1] "     Cluster: 6"
[1] "       G: NP, H: NP"
[1] "       G: P, H: P"
[1] "     Cluster: 11"
[1] "       G: NP, H: NP"
[1] "       G: P, H: P"
[1] "     Cluster: 14"
[1] "       G: NP, H: NP"
[1] "       G: P, H: P"
[1] "     Cluster: 15"
[1] "       G: NP, H: NP"
[1] "       G: P, H: P"
[1] "     Cluster: 17"
[1] "       G: NP, H: NP"
[1] "       G: P, H: P"
[1] "     Cluster: 19"
[1] "       G: NP, H: NP"
[1] "       G: P, H: P"
[1] "     Cluster: 20"
[1] "       G: NP, H: NP"
[1] "       G: P, H: P"
[1] "     Cluster: 23"
[1] "       G: NP, H: NP"
[1] "       G: P, H: P"
[1] "     Cluster: 24"
[1] "       G: NP, H: NP"
[1] "       G: P, H: P"
[1] "     Cluster: 25"
[1] "       G: NP, H: NP"
[1] "       G: P, H: P"
[1] "     Cluster: 26"
[1] "       G: NP, H: NP"
[1] "       G: P, H: P"
[1] "     Cluster: 27"
[1] "       G: NP, H: NP"
[1] "       G: P, H: P"
[1] "     Cluster: 30"
[1] "       G: NP, H: NP"
[1] "       G: P, H: P"
[1] "     Cluster: 31"
[1] "       G: NP, H: NP"
[1] "       G: P, H: P"
[1] "     Cluster: 32"
[1] "       G: NP, H: NP"
[1] "       G: P, H: P"
[1] "     Cluster: 33"
[1] "       G: NP, H: NP"
[1] "       G: P, H: P"
[1] "     Cluster: 35"
[1] "       G: NP, H: NP"
[1] "       G: P, H: P"
[1] "     Cluster: 36"
[1] "       G: NP, H: NP"
[1] "       G: P, H: P"
[1] "     Cluster: 38"
[1] "       G: NP, H: NP"
[1] "       G: P, H: P"
[1] "     Cluster: 41"
[1] "       G: NP, H: NP"
[1] "       G: P, H: P"
[1] "     Cluster: 43"
[1] "       G: NP, H: NP"
[1] "       G: P, H: P"
[1] "     Cluster: 47"
[1] "       G: NP, H: NP"
[1] "       G: P, H: P"
[1] "     Cluster: 49"
[1] "       G: NP, H: NP"
[1] "       G: P, H: P"
[1] "     Cluster: 50"
[1] "       G: NP, H: NP"
[1] "       G: P, H: P"
[1] "     Cluster: 51"
[1] "       G: NP, H: NP"
[1] "       G: P, H: P"
[1] "     Cluster: 52"
[1] "       G: NP, H: NP"
[1] "       G: P, H: P"
[1] "     Cluster: 54"
[1] "       G: NP, H: NP"
[1] "       G: P, H: P"
[1] "     Cluster: 59"
[1] "       G: NP, H: NP"
[1] "       G: P, H: P"
[1] "     Cluster: 61"
[1] "       G: NP, H: NP"
[1] "       G: P, H: P"
[1] "     Cluster: 62"
[1] "       G: NP, H: NP"
[1] "       G: P, H: P"
[1] "     Cluster: 64"
[1] "       G: NP, H: NP"
[1] "       G: P, H: P"
[1] "     Cluster: 68"
[1] "       G: NP, H: NP"
[1] "       G: P, H: P"
[1] "     Cluster: 70"
[1] "       G: NP, H: NP"
[1] "       G: P, H: P"
[1] "     Cluster: 72"
[1] "       G: NP, H: NP"
[1] "       G: P, H: P"
[1] "     Cluster: 75"
[1] "       G: NP, H: NP"
[1] "       G: P, H: P"
[1] "     Cluster: 78"
[1] "       G: NP, H: NP"
[1] "       G: P, H: P"
[1] "     Cluster: 79"
[1] "       G: NP, H: NP"
[1] "       G: P, H: P"
[1] "     Cluster: 80"
[1] "       G: NP, H: NP"
[1] "       G: P, H: P"
[1] "     Cluster: 81"
[1] "       G: NP, H: NP"
[1] "       G: P, H: P"
[1] "     Cluster: 85"
[1] "       G: NP, H: NP"
[1] "       G: P, H: P"
[1] "     Cluster: 86"
[1] "       G: NP, H: NP"
[1] "       G: P, H: P"
[1] "     Cluster: 87"
[1] "       G: NP, H: NP"
[1] "       G: P, H: P"
[1] "     Cluster: 88"
[1] "       G: NP, H: NP"
[1] "       G: P, H: P"
[1] "     Cluster: 89"
[1] "       G: NP, H: NP"
[1] "       G: P, H: P"
[1] "     Cluster: 90"
[1] "       G: NP, H: NP"
[1] "       G: P, H: P"
[1] "     Cluster: 92"
[1] "       G: NP, H: NP"
[1] "       G: P, H: P"
[1] "     Cluster: 94"
[1] "       G: NP, H: NP"
[1] "       G: P, H: P"
[1] "     Cluster: 101"
[1] "       G: NP, H: NP"
[1] "       G: P, H: P"
[1] "     Cluster: 102"
[1] "       G: NP, H: NP"
[1] "       G: P, H: P"
[1] "     Cluster: 104"
[1] "       G: NP, H: NP"
[1] "       G: P, H: P"
[1] "     Cluster: 106"
[1] "       G: NP, H: NP"
[1] "       G: P, H: P"
[1] "     Cluster: 107"
[1] "       G: NP, H: NP"
[1] "       G: P, H: P"
[1] "     Cluster: 108"
[1] "       G: NP, H: NP"
[1] "       G: P, H: P"
[1] "     Cluster: 109"
[1] "       G: NP, H: NP"
[1] "       G: P, H: P"
[1] "     Cluster: 110"
[1] "       G: NP, H: NP"
[1] "       G: P, H: P"
[1] "     Cluster: 113"
[1] "       G: NP, H: NP"
[1] "       G: P, H: P"
[1] "     Cluster: 114"
[1] "       G: NP, H: NP"
[1] "       G: P, H: P"
[1] "     Cluster: 121"
[1] "       G: NP, H: NP"
[1] "       G: P, H: P"
[1] "     Cluster: 124"
[1] "       G: NP, H: NP"
[1] "       G: P, H: P"
[1] "     Cluster: 127"
[1] "       G: NP, H: NP"
[1] "       G: P, H: P"
[1] "     Cluster: 129"
[1] "       G: NP, H: NP"
[1] "       G: P, H: P"
[1] "     Cluster: 133"
[1] "       G: NP, H: NP"
[1] "       G: P, H: P"
[1] "     Cluster: 134"
[1] "       G: NP, H: NP"
[1] "       G: P, H: P"
[1] "     Cluster: 135"
[1] "       G: NP, H: NP"
[1] "       G: P, H: P"
[1] "     Cluster: 136"
[1] "       G: NP, H: NP"
[1] "       G: P, H: P"
[1] "     Cluster: 138"
[1] "       G: NP, H: NP"
[1] "       G: P, H: P"
[1] "     Cluster: 141"
[1] "       G: NP, H: NP"
[1] "       G: P, H: P"
[1] "     Cluster: 144"
[1] "       G: NP, H: NP"
[1] "       G: P, H: P"
[1] "     Cluster: 146"
[1] "       G: NP, H: NP"
[1] "       G: P, H: P"
[1] "     Cluster: 148"
[1] "       G: NP, H: NP"
[1] "       G: P, H: P"
[1] "     Cluster: 149"
[1] "       G: NP, H: NP"
[1] "       G: P, H: P"
[1] "     Cluster: 150"
[1] "       G: NP, H: NP"
[1] "       G: P, H: P"
[1] "     Cluster: 151"
[1] "       G: NP, H: NP"
[1] "       G: P, H: P"
[1] "     Cluster: 155"
[1] "       G: NP, H: NP"
[1] "       G: P, H: P"
[1] "     Cluster: 156"
[1] "       G: NP, H: NP"
[1] "       G: P, H: P"
[1] "     Cluster: 157"
[1] "       G: NP, H: NP"
[1] "       G: P, H: P"
[1] "     Cluster: 158"
[1] "       G: NP, H: NP"
[1] "       G: P, H: P"
[1] "     Cluster: 159"
[1] "       G: NP, H: NP"
[1] "       G: P, H: P"
[1] "     Cluster: 160"
[1] "       G: NP, H: NP"
[1] "       G: P, H: P"
[1] "     Cluster: 161"
[1] "       G: NP, H: NP"
[1] "       G: P, H: P"
[1] "     Cluster: 162"
[1] "       G: NP, H: NP"
[1] "       G: P, H: P"
[1] "     Cluster: 163"
[1] "       G: NP, H: NP"
[1] "       G: P, H: P"
[1] "     Cluster: 164"
[1] "       G: NP, H: NP"
[1] "       G: P, H: P"
[1] "     Cluster: 167"
[1] "       G: NP, H: NP"
[1] "       G: P, H: P"
[1] "     Cluster: 171"
[1] "       G: NP, H: NP"
[1] "       G: P, H: P"
[1] "     Cluster: 173"
[1] "       G: NP, H: NP"
[1] "       G: P, H: P"
[1] "     Cluster: 174"
[1] "       G: NP, H: NP"
[1] "       G: P, H: P"
[1] "     Cluster: 180"
[1] "       G: NP, H: NP"
[1] "       G: P, H: P"
[1] "     Cluster: 182"
[1] "       G: NP, H: NP"
[1] "       G: P, H: P"
[1] "     Cluster: 187"
[1] "       G: NP, H: NP"
[1] "       G: P, H: P"
[1] "     Cluster: 188"
[1] "       G: NP, H: NP"
[1] "       G: P, H: P"
[1] "     Cluster: 189"
[1] "       G: NP, H: NP"
[1] "       G: P, H: P"
[1] "     Cluster: 190"
[1] "       G: NP, H: NP"
[1] "       G: P, H: P"
[1] "     Cluster: 191"
[1] "       G: NP, H: NP"
[1] "       G: P, H: P"
[1] "     Cluster: 196"
[1] "       G: NP, H: NP"
[1] "       G: P, H: P"
[1] "     Cluster: 199"
[1] "       G: NP, H: NP"
[1] "       G: P, H: P"
[1] "     Cluster: 201"
[1] "       G: NP, H: NP"
[1] "       G: P, H: P"
[1] "     Cluster: 203"
[1] "       G: NP, H: NP"
[1] "       G: P, H: P"
[1] "     Cluster: 204"
[1] "       G: NP, H: NP"
[1] "       G: P, H: P"
[1] "     Cluster: 205"
[1] "       G: NP, H: NP"
[1] "       G: P, H: P"
[1] "     Cluster: 206"
[1] "       G: NP, H: NP"
[1] "       G: P, H: P"
[1] "     Cluster: 207"
[1] "       G: NP, H: NP"
[1] "       G: P, H: P"
[1] "     Cluster: 209"
[1] "       G: NP, H: NP"
[1] "       G: P, H: P"
[1] "     Cluster: 211"
[1] "       G: NP, H: NP"
[1] "       G: P, H: P"
[1] "     Cluster: 212"
[1] "       G: NP, H: NP"
[1] "       G: P, H: P"
[1] "     Cluster: 214"
[1] "       G: NP, H: NP"
[1] "       G: P, H: P"
[1] "     Cluster: 215"
[1] "       G: NP, H: NP"
[1] "       G: P, H: P"
[1] "     Cluster: 216"
[1] "       G: NP, H: NP"
[1] "       G: P, H: P"
[1] "     Cluster: 219"
[1] "       G: NP, H: NP"
[1] "       G: P, H: P"
[1] "     Cluster: 223"
[1] "       G: NP, H: NP"
[1] "       G: P, H: P"
[1] "     Cluster: 224"
[1] "       G: NP, H: NP"
[1] "       G: P, H: P"
[1] "     Cluster: 225"
[1] "       G: NP, H: NP"
[1] "       G: P, H: P"
[1] "     Cluster: 227"
[1] "       G: NP, H: NP"
[1] "       G: P, H: P"
[1] "     Cluster: 230"
[1] "       G: NP, H: NP"
[1] "       G: P, H: P"
[1] "     Cluster: 236"
[1] "       G: NP, H: NP"
[1] "       G: P, H: P"
[1] "     Cluster: 237"
[1] "       G: NP, H: NP"
[1] "       G: P, H: P"
[1] "     Cluster: 238"
[1] "       G: NP, H: NP"
[1] "       G: P, H: P"
[1] "     Cluster: 239"
[1] "       G: NP, H: NP"
[1] "       G: P, H: P"
[1] "     Cluster: 242"
[1] "       G: NP, H: NP"
[1] "       G: P, H: P"
[1] "     Cluster: 250"
[1] "       G: NP, H: NP"
[1] "       G: P, H: P"
[1] "     Cluster: 252"
[1] "       G: NP, H: NP"
[1] "       G: P, H: P"
[1] "     Cluster: 255"
[1] "       G: NP, H: NP"
[1] "       G: P, H: P"
[1] "     Cluster: 260"
[1] "       G: NP, H: NP"
[1] "       G: P, H: P"
[1] "     Cluster: 263"
[1] "       G: NP, H: NP"
[1] "       G: P, H: P"
[1] "     Cluster: 264"
[1] "       G: NP, H: NP"
[1] "       G: P, H: P"
[1] "     Cluster: 265"
[1] "       G: NP, H: NP"
[1] "       G: P, H: P"
[1] "     Cluster: 266"
[1] "       G: NP, H: NP"
[1] "       G: P, H: P"
[1] "     Cluster: 269"
[1] "       G: NP, H: NP"
[1] "       G: P, H: P"
[1] "     Cluster: 270"
[1] "       G: NP, H: NP"
[1] "       G: P, H: P"
[1] "     Cluster: 271"
[1] "       G: NP, H: NP"
[1] "       G: P, H: P"
[1] "     Cluster: 272"
[1] "       G: NP, H: NP"
[1] "       G: P, H: P"
[1] "     Cluster: 276"
[1] "       G: NP, H: NP"
[1] "       G: P, H: P"
[1] "     Cluster: 277"
[1] "       G: NP, H: NP"
[1] "       G: P, H: P"
[1] "     Cluster: 278"
[1] "       G: NP, H: NP"
[1] "       G: P, H: P"
[1] "     Cluster: 279"
[1] "       G: NP, H: NP"
[1] "       G: P, H: P"
[1] "     Cluster: 281"
[1] "       G: NP, H: NP"
[1] "       G: P, H: P"
[1] "     Cluster: 282"
[1] "       G: NP, H: NP"
[1] "       G: P, H: P"
[1] "     Cluster: 288"
[1] "       G: NP, H: NP"
[1] "       G: P, H: P"
[1] "     Cluster: 289"
[1] "       G: NP, H: NP"
[1] "       G: P, H: P"
[1] "     Cluster: 290"
[1] "       G: NP, H: NP"
[1] "       G: P, H: P"
[1] "     Cluster: 291"
[1] "       G: NP, H: NP"
[1] "       G: P, H: P"
[1] "     Cluster: 292"
[1] "       G: NP, H: NP"
[1] "       G: P, H: P"
[1] "     Cluster: 294"
[1] "       G: NP, H: NP"
[1] "       G: P, H: P"
[1] "     Cluster: 295"
[1] "       G: NP, H: NP"
[1] "       G: P, H: P"
[1] "     Cluster: 296"
[1] "       G: NP, H: NP"
[1] "       G: P, H: P"
[1] "     Cluster: 300"
[1] "       G: NP, H: NP"
[1] "       G: P, H: P"
[1] "     Cluster: 301"
[1] "       G: NP, H: NP"
[1] "       G: P, H: P"
[1] "     Cluster: 302"
[1] "       G: NP, H: NP"
[1] "       G: P, H: P"
[1] "     Cluster: 304"
[1] "       G: NP, H: NP"
[1] "       G: P, H: P"
[1] "     Cluster: 307"
[1] "       G: NP, H: NP"
[1] "       G: P, H: P"
[1] "     Cluster: 308"
[1] "       G: NP, H: NP"
[1] "       G: P, H: P"
[1] "     Cluster: 309"
[1] "       G: NP, H: NP"
[1] "       G: P, H: P"
[1] "     Cluster: 311"
[1] "       G: NP, H: NP"
[1] "       G: P, H: P"
[1] "     Cluster: 314"
[1] "       G: NP, H: NP"
[1] "       G: P, H: P"
[1] "     Cluster: 315"
[1] "       G: NP, H: NP"
[1] "       G: P, H: P"
[1] "     Cluster: 316"
[1] "       G: NP, H: NP"
[1] "       G: P, H: P"
[1] "     Cluster: 318"
[1] "       G: NP, H: NP"
[1] "       G: P, H: P"
[1] "     Cluster: 320"
[1] "       G: NP, H: NP"
[1] "       G: P, H: P"
[1] "     Cluster: 324"
[1] "       G: NP, H: NP"
[1] "       G: P, H: P"
[1] "     Cluster: 326"
[1] "       G: NP, H: NP"
[1] "       G: P, H: P"
[1] "     Cluster: 327"
[1] "       G: NP, H: NP"
[1] "       G: P, H: P"
[1] "     Cluster: 328"
[1] "       G: NP, H: NP"
[1] "       G: P, H: P"
[1] "     Cluster: 329"
[1] "       G: NP, H: NP"
[1] "       G: P, H: P"
[1] "     Cluster: 330"
[1] "       G: NP, H: NP"
[1] "       G: P, H: P"
[1] "     Cluster: 334"
[1] "       G: NP, H: NP"
[1] "       G: P, H: P"
[1] "     Cluster: 335"
[1] "       G: NP, H: NP"
[1] "       G: P, H: P"
[1] "     Cluster: 337"
[1] "       G: NP, H: NP"
[1] "       G: P, H: P"
[1] "     Cluster: 338"
[1] "       G: NP, H: NP"
[1] "       G: P, H: P"
[1] "     Cluster: 340"
[1] "       G: NP, H: NP"
[1] "       G: P, H: P"
[1] "     Cluster: 341"
[1] "       G: NP, H: NP"
[1] "       G: P, H: P"
[1] "     Cluster: 342"
[1] "       G: NP, H: NP"
[1] "       G: P, H: P"
[1] "     Cluster: 343"
[1] "       G: NP, H: NP"
[1] "       G: P, H: P"
[1] "     Cluster: 345"
[1] "       G: NP, H: NP"
[1] "       G: P, H: P"
[1] "     Cluster: 347"
[1] "       G: NP, H: NP"
[1] "       G: P, H: P"
[1] "     Cluster: 350"
[1] "       G: NP, H: NP"
[1] "       G: P, H: P"
[1] "     Cluster: 351"
[1] "       G: NP, H: NP"
[1] "       G: P, H: P"
[1] "     Cluster: 353"
[1] "       G: NP, H: NP"
[1] "       G: P, H: P"
[1] "     Cluster: 356"
[1] "       G: NP, H: NP"
[1] "       G: P, H: P"
[1] "     Cluster: 359"
[1] "       G: NP, H: NP"
[1] "       G: P, H: P"
[1] "     Cluster: 362"
[1] "       G: NP, H: NP"
[1] "       G: P, H: P"
[1] "     Cluster: 363"
[1] "       G: NP, H: NP"
[1] "       G: P, H: P"
[1] "     Cluster: 365"
[1] "       G: NP, H: NP"
[1] "       G: P, H: P"
[1] "     Cluster: 366"
[1] "       G: NP, H: NP"
[1] "       G: P, H: P"
[1] "     Cluster: 369"
[1] "       G: NP, H: NP"
[1] "       G: P, H: P"
[1] "     Cluster: 371"
[1] "       G: NP, H: NP"
[1] "       G: P, H: P"
[1] "     Cluster: 373"
[1] "       G: NP, H: NP"
[1] "       G: P, H: P"
[1] "     Cluster: 376"
[1] "       G: NP, H: NP"
[1] "       G: P, H: P"
[1] "     Cluster: 377"
[1] "       G: NP, H: NP"
[1] "       G: P, H: P"
[1] "     Cluster: 379"
[1] "       G: NP, H: NP"
[1] "       G: P, H: P"
[1] "     Cluster: 380"
[1] "       G: NP, H: NP"
[1] "       G: P, H: P"
[1] "     Cluster: 382"
[1] "       G: NP, H: NP"
[1] "       G: P, H: P"
[1] "     Cluster: 383"
[1] "       G: NP, H: NP"
[1] "       G: P, H: P"
[1] "     Cluster: 386"
[1] "       G: NP, H: NP"
[1] "       G: P, H: P"
[1] "     Cluster: 389"
[1] "       G: NP, H: NP"
[1] "       G: P, H: P"
[1] "     Cluster: 391"
[1] "       G: NP, H: NP"
[1] "       G: P, H: P"
[1] "     Cluster: 392"
[1] "       G: NP, H: NP"
[1] "       G: P, H: P"
[1] "     Cluster: 394"
[1] "       G: NP, H: NP"
[1] "       G: P, H: P"
[1] "     Cluster: 395"
[1] "       G: NP, H: NP"
[1] "       G: P, H: P"
[1] "     Cluster: 396"
[1] "       G: NP, H: NP"
[1] "       G: P, H: P"
[1] "     Cluster: 397"
[1] "       G: NP, H: NP"
[1] "       G: P, H: P"
[1] "     Cluster: 399"
[1] "       G: NP, H: NP"
[1] "       G: P, H: P"
[1] "     Cluster: 400"
[1] "       G: NP, H: NP"
[1] "       G: P, H: P"
[1] "     Cluster: 401"
[1] "       G: NP, H: NP"
[1] "       G: P, H: P"
[1] "     Cluster: 402"
[1] "       G: NP, H: NP"
[1] "       G: P, H: P"
[1] "     Cluster: 404"
[1] "       G: NP, H: NP"
[1] "       G: P, H: P"
[1] "     Cluster: 407"
[1] "       G: NP, H: NP"
[1] "       G: P, H: P"
[1] "     Cluster: 408"
[1] "       G: NP, H: NP"
[1] "       G: P, H: P"
[1] "     Cluster: 409"
[1] "       G: NP, H: NP"
[1] "       G: P, H: P"
[1] "     Cluster: 411"
[1] "       G: NP, H: NP"
[1] "       G: P, H: P"
[1] "     Cluster: 416"
[1] "       G: NP, H: NP"
[1] "       G: P, H: P"
[1] "     Cluster: 418"
[1] "       G: NP, H: NP"
[1] "       G: P, H: P"
[1] "     Cluster: 420"
[1] "       G: NP, H: NP"
[1] "       G: P, H: P"
[1] "     Cluster: 421"
[1] "       G: NP, H: NP"
[1] "       G: P, H: P"
[1] "     Cluster: 425"
[1] "       G: NP, H: NP"
[1] "       G: P, H: P"
[1] "     Cluster: 426"
[1] "       G: NP, H: NP"
[1] "       G: P, H: P"
[1] "     Cluster: 428"
[1] "       G: NP, H: NP"
[1] "       G: P, H: P"
[1] "     Cluster: 430"
[1] "       G: NP, H: NP"
[1] "       G: P, H: P"
[1] "     Cluster: 431"
[1] "       G: NP, H: NP"
[1] "       G: P, H: P"
[1] "     Cluster: 432"
[1] "       G: NP, H: NP"
[1] "       G: P, H: P"
[1] "     Cluster: 434"
[1] "       G: NP, H: NP"
[1] "       G: P, H: P"
[1] "     Cluster: 437"
[1] "       G: NP, H: NP"
[1] "       G: P, H: P"
[1] "     Cluster: 438"
[1] "       G: NP, H: NP"
[1] "       G: P, H: P"
[1] "     Cluster: 439"
[1] "       G: NP, H: NP"
[1] "       G: P, H: P"
[1] "     Cluster: 444"
[1] "       G: NP, H: NP"
[1] "       G: P, H: P"
[1] "     Cluster: 448"
[1] "       G: NP, H: NP"
[1] "       G: P, H: P"
[1] "     Cluster: 458"
[1] "       G: NP, H: NP"
[1] "       G: P, H: P"
[1] "     Cluster: 459"
[1] "       G: NP, H: NP"
[1] "       G: P, H: P"
[1] "     Cluster: 463"
[1] "       G: NP, H: NP"
[1] "       G: P, H: P"
[1] "     Cluster: 466"
[1] "       G: NP, H: NP"
[1] "       G: P, H: P"
[1] "     Cluster: 468"
[1] "       G: NP, H: NP"
[1] "       G: P, H: P"
[1] "     Cluster: 469"
[1] "       G: NP, H: NP"
[1] "       G: P, H: P"
[1] "     Cluster: 472"
[1] "       G: NP, H: NP"
[1] "       G: P, H: P"
[1] "     Cluster: 474"
[1] "       G: NP, H: NP"
[1] "       G: P, H: P"
[1] "     Cluster: 475"
[1] "       G: NP, H: NP"
[1] "       G: P, H: P"
[1] "     Cluster: 476"
[1] "       G: NP, H: NP"
[1] "       G: P, H: P"
[1] "     Cluster: 481"
[1] "       G: NP, H: NP"
[1] "       G: P, H: P"
[1] "     Cluster: 482"
[1] "       G: NP, H: NP"
[1] "       G: P, H: P"
[1] "     Cluster: 483"
[1] "       G: NP, H: NP"
[1] "       G: P, H: P"
[1] "     Cluster: 484"
[1] "       G: NP, H: NP"
[1] "       G: P, H: P"
[1] "     Cluster: 485"
[1] "       G: NP, H: NP"
[1] "       G: P, H: P"
[1] "     Cluster: 486"
[1] "       G: NP, H: NP"
[1] "       G: P, H: P"
[1] "     Cluster: 491"
[1] "       G: NP, H: NP"
[1] "       G: P, H: P"
[1] "     Cluster: 495"
[1] "       G: NP, H: NP"
[1] "       G: P, H: P"
[1] "     Cluster: 496"
[1] "       G: NP, H: NP"
[1] "       G: P, H: P"
[1] "     Cluster: 499"
[1] "       G: NP, H: NP"
[1] "       G: P, H: P"
[1] "   Split: 2"
[1] "     Cluster: 7"
[1] "       G: NP, H: NP"
[1] "       G: P, H: P"
[1] "     Cluster: 8"
[1] "       G: NP, H: NP"
[1] "       G: P, H: P"
[1] "     Cluster: 9"
[1] "       G: NP, H: NP"
[1] "       G: P, H: P"
[1] "     Cluster: 10"
[1] "       G: NP, H: NP"
[1] "       G: P, H: P"
[1] "     Cluster: 12"
[1] "       G: NP, H: NP"
[1] "       G: P, H: P"
[1] "     Cluster: 13"
[1] "       G: NP, H: NP"
[1] "       G: P, H: P"
[1] "     Cluster: 16"
[1] "       G: NP, H: NP"
[1] "       G: P, H: P"
[1] "     Cluster: 18"
[1] "       G: NP, H: NP"
[1] "       G: P, H: P"
[1] "     Cluster: 21"
[1] "       G: NP, H: NP"
[1] "       G: P, H: P"
[1] "     Cluster: 22"
[1] "       G: NP, H: NP"
[1] "       G: P, H: P"
[1] "     Cluster: 28"
[1] "       G: NP, H: NP"
[1] "       G: P, H: P"
[1] "     Cluster: 29"
[1] "       G: NP, H: NP"
[1] "       G: P, H: P"
[1] "     Cluster: 34"
[1] "       G: NP, H: NP"
[1] "       G: P, H: P"
[1] "     Cluster: 37"
[1] "       G: NP, H: NP"
[1] "       G: P, H: P"
[1] "     Cluster: 39"
[1] "       G: NP, H: NP"
[1] "       G: P, H: P"
[1] "     Cluster: 40"
[1] "       G: NP, H: NP"
[1] "       G: P, H: P"
[1] "     Cluster: 42"
[1] "       G: NP, H: NP"
[1] "       G: P, H: P"
[1] "     Cluster: 44"
[1] "       G: NP, H: NP"
[1] "       G: P, H: P"
[1] "     Cluster: 45"
[1] "       G: NP, H: NP"
[1] "       G: P, H: P"
[1] "     Cluster: 46"
[1] "       G: NP, H: NP"
[1] "       G: P, H: P"
[1] "     Cluster: 48"
[1] "       G: NP, H: NP"
[1] "       G: P, H: P"
[1] "     Cluster: 53"
[1] "       G: NP, H: NP"
[1] "       G: P, H: P"
[1] "     Cluster: 55"
[1] "       G: NP, H: NP"
[1] "       G: P, H: P"
[1] "     Cluster: 56"
[1] "       G: NP, H: NP"
[1] "       G: P, H: P"
[1] "     Cluster: 57"
[1] "       G: NP, H: NP"
[1] "       G: P, H: P"
[1] "     Cluster: 58"
[1] "       G: NP, H: NP"
[1] "       G: P, H: P"
[1] "     Cluster: 60"
[1] "       G: NP, H: NP"
[1] "       G: P, H: P"
[1] "     Cluster: 63"
[1] "       G: NP, H: NP"
[1] "       G: P, H: P"
[1] "     Cluster: 65"
[1] "       G: NP, H: NP"
[1] "       G: P, H: P"
[1] "     Cluster: 66"
[1] "       G: NP, H: NP"
[1] "       G: P, H: P"
[1] "     Cluster: 67"
[1] "       G: NP, H: NP"
[1] "       G: P, H: P"
[1] "     Cluster: 69"
[1] "       G: NP, H: NP"
[1] "       G: P, H: P"
[1] "     Cluster: 71"
[1] "       G: NP, H: NP"
[1] "       G: P, H: P"
[1] "     Cluster: 73"
[1] "       G: NP, H: NP"
[1] "       G: P, H: P"
[1] "     Cluster: 74"
[1] "       G: NP, H: NP"
[1] "       G: P, H: P"
[1] "     Cluster: 76"
[1] "       G: NP, H: NP"
[1] "       G: P, H: P"
[1] "     Cluster: 77"
[1] "       G: NP, H: NP"
[1] "       G: P, H: P"
[1] "     Cluster: 82"
[1] "       G: NP, H: NP"
[1] "       G: P, H: P"
[1] "     Cluster: 83"
[1] "       G: NP, H: NP"
[1] "       G: P, H: P"
[1] "     Cluster: 84"
[1] "       G: NP, H: NP"
[1] "       G: P, H: P"
[1] "     Cluster: 91"
[1] "       G: NP, H: NP"
[1] "       G: P, H: P"
[1] "     Cluster: 93"
[1] "       G: NP, H: NP"
[1] "       G: P, H: P"
[1] "     Cluster: 95"
[1] "       G: NP, H: NP"
[1] "       G: P, H: P"
[1] "     Cluster: 96"
[1] "       G: NP, H: NP"
[1] "       G: P, H: P"
[1] "     Cluster: 97"
[1] "       G: NP, H: NP"
[1] "       G: P, H: P"
[1] "     Cluster: 98"
[1] "       G: NP, H: NP"
[1] "       G: P, H: P"
[1] "     Cluster: 99"
[1] "       G: NP, H: NP"
[1] "       G: P, H: P"
[1] "     Cluster: 100"
[1] "       G: NP, H: NP"
[1] "       G: P, H: P"
[1] "     Cluster: 103"
[1] "       G: NP, H: NP"
[1] "       G: P, H: P"
[1] "     Cluster: 105"
[1] "       G: NP, H: NP"
[1] "       G: P, H: P"
[1] "     Cluster: 111"
[1] "       G: NP, H: NP"
[1] "       G: P, H: P"
[1] "     Cluster: 112"
[1] "       G: NP, H: NP"
[1] "       G: P, H: P"
[1] "     Cluster: 115"
[1] "       G: NP, H: NP"
[1] "       G: P, H: P"
[1] "     Cluster: 116"
[1] "       G: NP, H: NP"
[1] "       G: P, H: P"
[1] "     Cluster: 117"
[1] "       G: NP, H: NP"
[1] "       G: P, H: P"
[1] "     Cluster: 118"
[1] "       G: NP, H: NP"
[1] "       G: P, H: P"
[1] "     Cluster: 119"
[1] "       G: NP, H: NP"
[1] "       G: P, H: P"
[1] "     Cluster: 120"
[1] "       G: NP, H: NP"
[1] "       G: P, H: P"
[1] "     Cluster: 122"
[1] "       G: NP, H: NP"
[1] "       G: P, H: P"
[1] "     Cluster: 123"
[1] "       G: NP, H: NP"
[1] "       G: P, H: P"
[1] "     Cluster: 125"
[1] "       G: NP, H: NP"
[1] "       G: P, H: P"
[1] "     Cluster: 126"
[1] "       G: NP, H: NP"
[1] "       G: P, H: P"
[1] "     Cluster: 128"
[1] "       G: NP, H: NP"
[1] "       G: P, H: P"
[1] "     Cluster: 130"
[1] "       G: NP, H: NP"
[1] "       G: P, H: P"
[1] "     Cluster: 131"
[1] "       G: NP, H: NP"
[1] "       G: P, H: P"
[1] "     Cluster: 132"
[1] "       G: NP, H: NP"
[1] "       G: P, H: P"
[1] "     Cluster: 137"
[1] "       G: NP, H: NP"
[1] "       G: P, H: P"
[1] "     Cluster: 139"
[1] "       G: NP, H: NP"
[1] "       G: P, H: P"
[1] "     Cluster: 140"
[1] "       G: NP, H: NP"
[1] "       G: P, H: P"
[1] "     Cluster: 142"
[1] "       G: NP, H: NP"
[1] "       G: P, H: P"
[1] "     Cluster: 143"
[1] "       G: NP, H: NP"
[1] "       G: P, H: P"
[1] "     Cluster: 145"
[1] "       G: NP, H: NP"
[1] "       G: P, H: P"
[1] "     Cluster: 147"
[1] "       G: NP, H: NP"
[1] "       G: P, H: P"
[1] "     Cluster: 152"
[1] "       G: NP, H: NP"
[1] "       G: P, H: P"
[1] "     Cluster: 153"
[1] "       G: NP, H: NP"
[1] "       G: P, H: P"
[1] "     Cluster: 154"
[1] "       G: NP, H: NP"
[1] "       G: P, H: P"
[1] "     Cluster: 165"
[1] "       G: NP, H: NP"
[1] "       G: P, H: P"
[1] "     Cluster: 166"
[1] "       G: NP, H: NP"
[1] "       G: P, H: P"
[1] "     Cluster: 168"
[1] "       G: NP, H: NP"
[1] "       G: P, H: P"
[1] "     Cluster: 169"
[1] "       G: NP, H: NP"
[1] "       G: P, H: P"
[1] "     Cluster: 170"
[1] "       G: NP, H: NP"
[1] "       G: P, H: P"
[1] "     Cluster: 172"
[1] "       G: NP, H: NP"
[1] "       G: P, H: P"
[1] "     Cluster: 175"
[1] "       G: NP, H: NP"
[1] "       G: P, H: P"
[1] "     Cluster: 176"
[1] "       G: NP, H: NP"
[1] "       G: P, H: P"
[1] "     Cluster: 177"
[1] "       G: NP, H: NP"
[1] "       G: P, H: P"
[1] "     Cluster: 178"
[1] "       G: NP, H: NP"
[1] "       G: P, H: P"
[1] "     Cluster: 179"
[1] "       G: NP, H: NP"
[1] "       G: P, H: P"
[1] "     Cluster: 181"
[1] "       G: NP, H: NP"
[1] "       G: P, H: P"
[1] "     Cluster: 183"
[1] "       G: NP, H: NP"
[1] "       G: P, H: P"
[1] "     Cluster: 184"
[1] "       G: NP, H: NP"
[1] "       G: P, H: P"
[1] "     Cluster: 185"
[1] "       G: NP, H: NP"
[1] "       G: P, H: P"
[1] "     Cluster: 186"
[1] "       G: NP, H: NP"
[1] "       G: P, H: P"
[1] "     Cluster: 192"
[1] "       G: NP, H: NP"
[1] "       G: P, H: P"
[1] "     Cluster: 193"
[1] "       G: NP, H: NP"
[1] "       G: P, H: P"
[1] "     Cluster: 194"
[1] "       G: NP, H: NP"
[1] "       G: P, H: P"
[1] "     Cluster: 195"
[1] "       G: NP, H: NP"
[1] "       G: P, H: P"
[1] "     Cluster: 197"
[1] "       G: NP, H: NP"
[1] "       G: P, H: P"
[1] "     Cluster: 198"
[1] "       G: NP, H: NP"
[1] "       G: P, H: P"
[1] "     Cluster: 200"
[1] "       G: NP, H: NP"
[1] "       G: P, H: P"
[1] "     Cluster: 202"
[1] "       G: NP, H: NP"
[1] "       G: P, H: P"
[1] "     Cluster: 208"
[1] "       G: NP, H: NP"
[1] "       G: P, H: P"
[1] "     Cluster: 210"
[1] "       G: NP, H: NP"
[1] "       G: P, H: P"
[1] "     Cluster: 213"
[1] "       G: NP, H: NP"
[1] "       G: P, H: P"
[1] "     Cluster: 217"
[1] "       G: NP, H: NP"
[1] "       G: P, H: P"
[1] "     Cluster: 218"
[1] "       G: NP, H: NP"
[1] "       G: P, H: P"
[1] "     Cluster: 220"
[1] "       G: NP, H: NP"
[1] "       G: P, H: P"
[1] "     Cluster: 221"
[1] "       G: NP, H: NP"
[1] "       G: P, H: P"
[1] "     Cluster: 222"
[1] "       G: NP, H: NP"
[1] "       G: P, H: P"
[1] "     Cluster: 226"
[1] "       G: NP, H: NP"
[1] "       G: P, H: P"
[1] "     Cluster: 228"
[1] "       G: NP, H: NP"
[1] "       G: P, H: P"
[1] "     Cluster: 229"
[1] "       G: NP, H: NP"
[1] "       G: P, H: P"
[1] "     Cluster: 231"
[1] "       G: NP, H: NP"
[1] "       G: P, H: P"
[1] "     Cluster: 232"
[1] "       G: NP, H: NP"
[1] "       G: P, H: P"
[1] "     Cluster: 233"
[1] "       G: NP, H: NP"
[1] "       G: P, H: P"
[1] "     Cluster: 234"
[1] "       G: NP, H: NP"
[1] "       G: P, H: P"
[1] "     Cluster: 235"
[1] "       G: NP, H: NP"
[1] "       G: P, H: P"
[1] "     Cluster: 240"
[1] "       G: NP, H: NP"
[1] "       G: P, H: P"
[1] "     Cluster: 241"
[1] "       G: NP, H: NP"
[1] "       G: P, H: P"
[1] "     Cluster: 243"
[1] "       G: NP, H: NP"
[1] "       G: P, H: P"
[1] "     Cluster: 244"
[1] "       G: NP, H: NP"
[1] "       G: P, H: P"
[1] "     Cluster: 245"
[1] "       G: NP, H: NP"
[1] "       G: P, H: P"
[1] "     Cluster: 246"
[1] "       G: NP, H: NP"
[1] "       G: P, H: P"
[1] "     Cluster: 247"
[1] "       G: NP, H: NP"
[1] "       G: P, H: P"
[1] "     Cluster: 248"
[1] "       G: NP, H: NP"
[1] "       G: P, H: P"
[1] "     Cluster: 249"
[1] "       G: NP, H: NP"
[1] "       G: P, H: P"
[1] "     Cluster: 251"
[1] "       G: NP, H: NP"
[1] "       G: P, H: P"
[1] "     Cluster: 253"
[1] "       G: NP, H: NP"
[1] "       G: P, H: P"
[1] "     Cluster: 254"
[1] "       G: NP, H: NP"
[1] "       G: P, H: P"
[1] "     Cluster: 256"
[1] "       G: NP, H: NP"
[1] "       G: P, H: P"
[1] "     Cluster: 257"
[1] "       G: NP, H: NP"
[1] "       G: P, H: P"
[1] "     Cluster: 258"
[1] "       G: NP, H: NP"
[1] "       G: P, H: P"
[1] "     Cluster: 259"
[1] "       G: NP, H: NP"
[1] "       G: P, H: P"
[1] "     Cluster: 261"
[1] "       G: NP, H: NP"
[1] "       G: P, H: P"
[1] "     Cluster: 262"
[1] "       G: NP, H: NP"
[1] "       G: P, H: P"
[1] "     Cluster: 267"
[1] "       G: NP, H: NP"
[1] "       G: P, H: P"
[1] "     Cluster: 268"
[1] "       G: NP, H: NP"
[1] "       G: P, H: P"
[1] "     Cluster: 273"
[1] "       G: NP, H: NP"
[1] "       G: P, H: P"
[1] "     Cluster: 274"
[1] "       G: NP, H: NP"
[1] "       G: P, H: P"
[1] "     Cluster: 275"
[1] "       G: NP, H: NP"
[1] "       G: P, H: P"
[1] "     Cluster: 280"
[1] "       G: NP, H: NP"
[1] "       G: P, H: P"
[1] "     Cluster: 283"
[1] "       G: NP, H: NP"
[1] "       G: P, H: P"
[1] "     Cluster: 284"
[1] "       G: NP, H: NP"
[1] "       G: P, H: P"
[1] "     Cluster: 285"
[1] "       G: NP, H: NP"
[1] "       G: P, H: P"
[1] "     Cluster: 286"
[1] "       G: NP, H: NP"
[1] "       G: P, H: P"
[1] "     Cluster: 287"
[1] "       G: NP, H: NP"
[1] "       G: P, H: P"
[1] "     Cluster: 293"
[1] "       G: NP, H: NP"
[1] "       G: P, H: P"
[1] "     Cluster: 297"
[1] "       G: NP, H: NP"
[1] "       G: P, H: P"
[1] "     Cluster: 298"
[1] "       G: NP, H: NP"
[1] "       G: P, H: P"
[1] "     Cluster: 299"
[1] "       G: NP, H: NP"
[1] "       G: P, H: P"
[1] "     Cluster: 303"
[1] "       G: NP, H: NP"
[1] "       G: P, H: P"
[1] "     Cluster: 305"
[1] "       G: NP, H: NP"
[1] "       G: P, H: P"
[1] "     Cluster: 306"
[1] "       G: NP, H: NP"
[1] "       G: P, H: P"
[1] "     Cluster: 310"
[1] "       G: NP, H: NP"
[1] "       G: P, H: P"
[1] "     Cluster: 312"
[1] "       G: NP, H: NP"
[1] "       G: P, H: P"
[1] "     Cluster: 313"
[1] "       G: NP, H: NP"
[1] "       G: P, H: P"
[1] "     Cluster: 317"
[1] "       G: NP, H: NP"
[1] "       G: P, H: P"
[1] "     Cluster: 319"
[1] "       G: NP, H: NP"
[1] "       G: P, H: P"
[1] "     Cluster: 321"
[1] "       G: NP, H: NP"
[1] "       G: P, H: P"
[1] "     Cluster: 322"
[1] "       G: NP, H: NP"
[1] "       G: P, H: P"
[1] "     Cluster: 323"
[1] "       G: NP, H: NP"
[1] "       G: P, H: P"
[1] "     Cluster: 325"
[1] "       G: NP, H: NP"
[1] "       G: P, H: P"
[1] "     Cluster: 331"
[1] "       G: NP, H: NP"
[1] "       G: P, H: P"
[1] "     Cluster: 332"
[1] "       G: NP, H: NP"
[1] "       G: P, H: P"
[1] "     Cluster: 333"
[1] "       G: NP, H: NP"
[1] "       G: P, H: P"
[1] "     Cluster: 336"
[1] "       G: NP, H: NP"
[1] "       G: P, H: P"
[1] "     Cluster: 339"
[1] "       G: NP, H: NP"
[1] "       G: P, H: P"
[1] "     Cluster: 344"
[1] "       G: NP, H: NP"
[1] "       G: P, H: P"
[1] "     Cluster: 346"
[1] "       G: NP, H: NP"
[1] "       G: P, H: P"
[1] "     Cluster: 348"
[1] "       G: NP, H: NP"
[1] "       G: P, H: P"
[1] "     Cluster: 349"
[1] "       G: NP, H: NP"
[1] "       G: P, H: P"
[1] "     Cluster: 352"
[1] "       G: NP, H: NP"
[1] "       G: P, H: P"
[1] "     Cluster: 354"
[1] "       G: NP, H: NP"
[1] "       G: P, H: P"
[1] "     Cluster: 355"
[1] "       G: NP, H: NP"
[1] "       G: P, H: P"
[1] "     Cluster: 357"
[1] "       G: NP, H: NP"
[1] "       G: P, H: P"
[1] "     Cluster: 358"
[1] "       G: NP, H: NP"
[1] "       G: P, H: P"
[1] "     Cluster: 360"
[1] "       G: NP, H: NP"
[1] "       G: P, H: P"
[1] "     Cluster: 361"
[1] "       G: NP, H: NP"
[1] "       G: P, H: P"
[1] "     Cluster: 364"
[1] "       G: NP, H: NP"
[1] "       G: P, H: P"
[1] "     Cluster: 367"
[1] "       G: NP, H: NP"
[1] "       G: P, H: P"
[1] "     Cluster: 368"
[1] "       G: NP, H: NP"
[1] "       G: P, H: P"
[1] "     Cluster: 370"
[1] "       G: NP, H: NP"
[1] "       G: P, H: P"
[1] "     Cluster: 372"
[1] "       G: NP, H: NP"
[1] "       G: P, H: P"
[1] "     Cluster: 374"
[1] "       G: NP, H: NP"
[1] "       G: P, H: P"
[1] "     Cluster: 375"
[1] "       G: NP, H: NP"
[1] "       G: P, H: P"
[1] "     Cluster: 378"
[1] "       G: NP, H: NP"
[1] "       G: P, H: P"
[1] "     Cluster: 381"
[1] "       G: NP, H: NP"
[1] "       G: P, H: P"
[1] "     Cluster: 384"
[1] "       G: NP, H: NP"
[1] "       G: P, H: P"
[1] "     Cluster: 385"
[1] "       G: NP, H: NP"
[1] "       G: P, H: P"
[1] "     Cluster: 387"
[1] "       G: NP, H: NP"
[1] "       G: P, H: P"
[1] "     Cluster: 388"
[1] "       G: NP, H: NP"
[1] "       G: P, H: P"
[1] "     Cluster: 390"
[1] "       G: NP, H: NP"
[1] "       G: P, H: P"
[1] "     Cluster: 393"
[1] "       G: NP, H: NP"
[1] "       G: P, H: P"
[1] "     Cluster: 398"
[1] "       G: NP, H: NP"
[1] "       G: P, H: P"
[1] "     Cluster: 403"
[1] "       G: NP, H: NP"
[1] "       G: P, H: P"
[1] "     Cluster: 405"
[1] "       G: NP, H: NP"
[1] "       G: P, H: P"
[1] "     Cluster: 406"
[1] "       G: NP, H: NP"
[1] "       G: P, H: P"
[1] "     Cluster: 410"
[1] "       G: NP, H: NP"
[1] "       G: P, H: P"
[1] "     Cluster: 412"
[1] "       G: NP, H: NP"
[1] "       G: P, H: P"
[1] "     Cluster: 413"
[1] "       G: NP, H: NP"
[1] "       G: P, H: P"
[1] "     Cluster: 414"
[1] "       G: NP, H: NP"
[1] "       G: P, H: P"
[1] "     Cluster: 415"
[1] "       G: NP, H: NP"
[1] "       G: P, H: P"
[1] "     Cluster: 417"
[1] "       G: NP, H: NP"
[1] "       G: P, H: P"
[1] "     Cluster: 419"
[1] "       G: NP, H: NP"
[1] "       G: P, H: P"
[1] "     Cluster: 422"
[1] "       G: NP, H: NP"
[1] "       G: P, H: P"
[1] "     Cluster: 423"
[1] "       G: NP, H: NP"
[1] "       G: P, H: P"
[1] "     Cluster: 424"
[1] "       G: NP, H: NP"
[1] "       G: P, H: P"
[1] "     Cluster: 427"
[1] "       G: NP, H: NP"
[1] "       G: P, H: P"
[1] "     Cluster: 429"
[1] "       G: NP, H: NP"
[1] "       G: P, H: P"
[1] "     Cluster: 433"
[1] "       G: NP, H: NP"
[1] "       G: P, H: P"
[1] "     Cluster: 435"
[1] "       G: NP, H: NP"
[1] "       G: P, H: P"
[1] "     Cluster: 436"
[1] "       G: NP, H: NP"
[1] "       G: P, H: P"
[1] "     Cluster: 440"
[1] "       G: NP, H: NP"
[1] "       G: P, H: P"
[1] "     Cluster: 441"
[1] "       G: NP, H: NP"
[1] "       G: P, H: P"
[1] "     Cluster: 442"
[1] "       G: NP, H: NP"
[1] "       G: P, H: P"
[1] "     Cluster: 443"
[1] "       G: NP, H: NP"
[1] "       G: P, H: P"
[1] "     Cluster: 445"
[1] "       G: NP, H: NP"
[1] "       G: P, H: P"
[1] "     Cluster: 446"
[1] "       G: NP, H: NP"
[1] "       G: P, H: P"
[1] "     Cluster: 447"
[1] "       G: NP, H: NP"
[1] "       G: P, H: P"
[1] "     Cluster: 449"
[1] "       G: NP, H: NP"
[1] "       G: P, H: P"
[1] "     Cluster: 450"
[1] "       G: NP, H: NP"
[1] "       G: P, H: P"
[1] "     Cluster: 451"
[1] "       G: NP, H: NP"
[1] "       G: P, H: P"
[1] "     Cluster: 452"
[1] "       G: NP, H: NP"
[1] "       G: P, H: P"
[1] "     Cluster: 453"
[1] "       G: NP, H: NP"
[1] "       G: P, H: P"
[1] "     Cluster: 454"
[1] "       G: NP, H: NP"
[1] "       G: P, H: P"
[1] "     Cluster: 455"
[1] "       G: NP, H: NP"
[1] "       G: P, H: P"
[1] "     Cluster: 456"
[1] "       G: NP, H: NP"
[1] "       G: P, H: P"
[1] "     Cluster: 457"
[1] "       G: NP, H: NP"
[1] "       G: P, H: P"
[1] "     Cluster: 460"
[1] "       G: NP, H: NP"
[1] "       G: P, H: P"
[1] "     Cluster: 461"
[1] "       G: NP, H: NP"
[1] "       G: P, H: P"
[1] "     Cluster: 462"
[1] "       G: NP, H: NP"
[1] "       G: P, H: P"
[1] "     Cluster: 464"
[1] "       G: NP, H: NP"
[1] "       G: P, H: P"
[1] "     Cluster: 465"
[1] "       G: NP, H: NP"
[1] "       G: P, H: P"
[1] "     Cluster: 467"
[1] "       G: NP, H: NP"
[1] "       G: P, H: P"
[1] "     Cluster: 470"
[1] "       G: NP, H: NP"
[1] "       G: P, H: P"
[1] "     Cluster: 471"
[1] "       G: NP, H: NP"
[1] "       G: P, H: P"
[1] "     Cluster: 473"
[1] "       G: NP, H: NP"
[1] "       G: P, H: P"
[1] "     Cluster: 477"
[1] "       G: NP, H: NP"
[1] "       G: P, H: P"
[1] "     Cluster: 478"
[1] "       G: NP, H: NP"
[1] "       G: P, H: P"
[1] "     Cluster: 479"
[1] "       G: NP, H: NP"
[1] "       G: P, H: P"
[1] "     Cluster: 480"
[1] "       G: NP, H: NP"
[1] "       G: P, H: P"
[1] "     Cluster: 487"
[1] "       G: NP, H: NP"
[1] "       G: P, H: P"
[1] "     Cluster: 488"
[1] "       G: NP, H: NP"
[1] "       G: P, H: P"
[1] "     Cluster: 489"
[1] "       G: NP, H: NP"
[1] "       G: P, H: P"
[1] "     Cluster: 490"
[1] "       G: NP, H: NP"
[1] "       G: P, H: P"
[1] "     Cluster: 492"
[1] "       G: NP, H: NP"
[1] "       G: P, H: P"
[1] "     Cluster: 493"
[1] "       G: NP, H: NP"
[1] "       G: P, H: P"
[1] "     Cluster: 494"
[1] "       G: NP, H: NP"
[1] "       G: P, H: P"
[1] "     Cluster: 497"
[1] "       G: NP, H: NP"
[1] "       G: P, H: P"
[1] "     Cluster: 498"
[1] "       G: NP, H: NP"
[1] "       G: P, H: P"
[1] "     Cluster: 500"
[1] "       G: NP, H: NP"
[1] "       G: P, H: P"
[1] ""
[1] "IF for six estimators (proposed, IPW, plug-in) * (Para, Nonpara) computed."
[1] ""
[1] "data, fold, IF, estimate, se, nuisance fit saved."
[1] ""
[1] "Total run time was 77267.453 seconds"
[1] "Estimates and se estimates computed"
[1] ""
[[1]]
[[1]]$pro.p
[[1]]$pro.p$est
   rho        mu      mu_1      mu_0         de         se_1         se_0
1 0.30 0.3457392 0.2211441 0.5274250 -0.3062809  0.005197418  0.001359236
2 0.45 0.3267343 0.2159467 0.5260658 -0.3101190  0.000000000  0.000000000
3 0.60 0.2839600 0.2063433 0.4997506 -0.2934073 -0.009603400 -0.026315149
           oe         te
1  0.01900494 -0.3049216
2  0.00000000 -0.3101190
3 -0.04277429 -0.3197224

[[1]]$pro.p$se
   rho          mu        mu_1       mu_0         de        se_1        se_0
1 0.30 0.009384231 0.009499299 0.01312922 0.01341460 0.002850173 0.004685701
2 0.45 0.009842563 0.010111247 0.01344016 0.01408774 0.000000000 0.000000000
3 0.60 0.011185912 0.012214674 0.01548771 0.01719355 0.005637865 0.007492577
           oe         te
1 0.003799671 0.01361372
2 0.000000000 0.01408774
3 0.006774276 0.01601575


[[1]]$pro.np
[[1]]$pro.np$est
   rho        mu      mu_1      mu_0         de         se_1          se_0
1 0.30 0.3463626 0.2323312 0.5056061 -0.2732748  0.003200644  0.0005957566
2 0.45 0.3310607 0.2291306 0.5050103 -0.2758797  0.000000000  0.0000000000
3 0.60 0.2972014 0.2203665 0.4899710 -0.2696045 -0.008764030 -0.0150392639
           oe         te
1  0.01530187 -0.2726791
2  0.00000000 -0.2758797
3 -0.03385927 -0.2846438

[[1]]$pro.np$se
   rho          mu        mu_1       mu_0         de        se_1        se_0
1 0.30 0.009352896 0.009466895 0.01221822 0.01144289 0.002472814 0.003501986
2 0.45 0.009587883 0.009954271 0.01237146 0.01209308 0.000000000 0.000000000
3 0.60 0.010438000 0.011848350 0.01379698 0.01506660 0.005091836 0.005682281
           oe         te
1 0.003079414 0.01163467
2 0.000000000 0.01209308
3 0.005448377 0.01396237


[[1]]$ipw.p
[[1]]$ipw.p$est
   rho        mu      mu_1      mu_0         de         se_1        se_0
1 0.30 0.3465734 0.2218562 0.5355402 -0.3136840  0.005848425  0.00286409
2 0.45 0.3292171 0.2160078 0.5326761 -0.3166683  0.000000000  0.00000000
3 0.60 0.2761089 0.2069324 0.4889343 -0.2820018 -0.009075342 -0.04374185
           oe         te
1  0.01735636 -0.3108199
2  0.00000000 -0.3166683
3 -0.05310817 -0.3257437

[[1]]$ipw.p$se
   rho          mu        mu_1       mu_0         de        se_1       se_0
1 0.30 0.009808735 0.009937398 0.01609626 0.01782941 0.004350596 0.01067323
2 0.45 0.012179494 0.011602644 0.01706995 0.01911437 0.000000000 0.00000000
3 0.60 0.017852193 0.016820015 0.02229661 0.02344305 0.009853567 0.01986594
           oe         te
1 0.009089466 0.01743816
2 0.000000000 0.01911437
3 0.016037683 0.02528777


[[1]]$ipw.np
[[1]]$ipw.np$est
   rho        mu      mu_1      mu_0         de         se_1         se_0
1 0.30 0.3469193 0.2275015 0.5202391 -0.2927376  0.005928589  0.002810026
2 0.45 0.3302175 0.2215729 0.5174291 -0.2958562  0.000000000  0.000000000
3 0.60 0.2770347 0.2127454 0.4739472 -0.2612018 -0.008827512 -0.043481862
           oe         te
1  0.01670179 -0.2899276
2  0.00000000 -0.2958562
3 -0.05318283 -0.3046837

[[1]]$ipw.np$se
   rho          mu       mu_1       mu_0         de        se_1       se_0
1 0.30 0.009845413 0.01025084 0.01567154 0.01760946 0.004609935 0.01039135
2 0.45 0.012318242 0.01208450 0.01668848 0.01902886 0.000000000 0.00000000
3 0.60 0.018077556 0.01754138 0.02175818 0.02324253 0.010266116 0.01930423
           oe         te
1 0.009149759 0.01716799
2 0.000000000 0.01902886
3 0.016209494 0.02547220



[1] "Total run time was 77277.434 seconds"
