WARNING: ignoring environment value of R_HOME

Attaching package: ‘dplyr’

The following objects are masked from ‘package:stats’:

    filter, lag

The following objects are masked from ‘package:base’:

    intersect, setdiff, setequal, union

Loading required package: splines
Loading required package: foreach
Loaded gam 1.20.2

Super Learner
Version: 2.0-28
Package created on 2021-05-04

Loading required package: lattice
Loading required package: ggplot2
Loading required package: Matrix
Loaded glmnet 4.1-7
Loading required package: Formula
Loading required package: plotmo
Loading required package: plotrix
Loading required package: TeachingDemos
Loaded gbm 2.1.8.1

Attaching package: ‘xgboost’

The following object is masked from ‘package:dplyr’:

    slice

[1] "[Simulation setting]"
[1] "m: 100"
[1] "deltas: 0.5, 1, 2"
[1] "Sim.id 1"
[1] "Data generated"
[1] "Proposed & IPW estimators"
[1] "   Split: 1"
[1] "   Split: 2"
[1] "Estimates and SE estimates computed"
[1] ""
[[1]]
[[1]]$pro.p
[[1]]$pro.p$est
  delta        mu      mu_1      mu_0         de         se_1        se_0
1   0.5 0.3934536 0.2090086 0.5338499 -0.3248413  0.010221864  0.03349438
2   1.0 0.3179283 0.1987868 0.5003555 -0.3015687  0.000000000  0.00000000
3   2.0 0.2578047 0.1893392 0.4666145 -0.2772753 -0.009447586 -0.03374104
           oe         te
1  0.07552529 -0.2913469
2  0.00000000 -0.3015687
3 -0.06012357 -0.3110163

[[1]]$pro.p$se
  delta         mu       mu_1       mu_0         de       se_1       se_0
1   0.5 0.03119692 0.02864076 0.03591373 0.03001058 0.02404718 0.03035911
2   1.0 0.02779619 0.02136856 0.03691215 0.02791124 0.00000000 0.00000000
3   2.0 0.03285001 0.02898164 0.04745089 0.03845266 0.01991381 0.03000400
          oe         te
1 0.02543718 0.03629424
2 0.00000000 0.02791124
3 0.02218226 0.03751150


[[1]]$pro.np
[[1]]$pro.np$est
  delta        mu      mu_1      mu_0         de        se_1        se_0
1   0.5 0.3657951 0.2068000 0.4859207 -0.2791207 -0.01693295  0.01402300
2   1.0 0.3224332 0.2237329 0.4718977 -0.2481648  0.00000000  0.00000000
3   2.0 0.2901715 0.2345541 0.4553747 -0.2208206  0.01082118 -0.01652297
           oe         te
1  0.04336195 -0.2650977
2  0.00000000 -0.2481648
3 -0.03226170 -0.2373436

[[1]]$pro.np$se
  delta         mu       mu_1       mu_0         de       se_1       se_0
1   0.5 0.02837885 0.02665365 0.03288899 0.02930505 0.02411247 0.02713406
2   1.0 0.02842866 0.02323126 0.03566839 0.02462409 0.00000000 0.00000000
3   2.0 0.03609743 0.03397683 0.04418477 0.03291915 0.02182200 0.02686298
          oe         te
1 0.02394906 0.03502956
2 0.00000000 0.02462409
3 0.02276882 0.03552894


[[1]]$ipw.p
[[1]]$ipw.p$est
  delta        mu      mu_1      mu_0         de        se_1        se_0
1   0.5 0.3722887 0.2174507 0.4875940 -0.2701433 0.014930205 -0.01838822
2   1.0 0.3247130 0.2025205 0.5059822 -0.3034617 0.000000000  0.00000000
3   2.0 0.2585187 0.2037168 0.4183308 -0.2146140 0.001196291 -0.08765141
           oe         te
1  0.04757567 -0.2885315
2  0.00000000 -0.3034617
3 -0.06619430 -0.3022654

[[1]]$ipw.p$se
  delta         mu       mu_1       mu_0         de       se_1       se_0
1   0.5 0.06077680 0.03664073 0.08510689 0.06479981 0.03360670 0.05989756
2   1.0 0.02108071 0.01750646 0.04018378 0.04024680 0.00000000 0.00000000
3   2.0 0.03918749 0.04393395 0.04410992 0.04765357 0.03767384 0.05719665
          oe         te
1 0.04969085 0.03356178
2 0.00000000 0.04024680
3 0.04243817 0.06725353


[[1]]$ipw.np
[[1]]$ipw.np$est
  delta        mu      mu_1      mu_0         de         se_1        se_0
1   0.5 0.3741413 0.2182288 0.4889731 -0.2707443  0.012516299 -0.01055230
2   1.0 0.3247130 0.2057125 0.4995254 -0.2938129  0.000000000  0.00000000
3   2.0 0.2537489 0.2021059 0.4039731 -0.2018672 -0.003606599 -0.09555228
           oe         te
1  0.04942828 -0.2812966
2  0.00000000 -0.2938129
3 -0.07096408 -0.2974195

[[1]]$ipw.np$se
  delta         mu       mu_1       mu_0         de       se_1       se_0
1   0.5 0.05984667 0.03597664 0.08426018 0.06607037 0.03303980 0.05986161
2   1.0 0.02108071 0.01782084 0.03955250 0.03986863 0.00000000 0.00000000
3   2.0 0.03845580 0.04323587 0.04280650 0.04625849 0.03694705 0.05540757
          oe         te
1 0.04915836 0.03326538
2 0.00000000 0.03986863
3 0.04160389 0.06618099



[1] "Total run time was 54.036 seconds"
