WARNING: ignoring environment value of R_HOME

Attaching package: ‘dplyr’

The following objects are masked from ‘package:stats’:

    filter, lag

The following objects are masked from ‘package:base’:

    intersect, setdiff, setequal, union

Loading required package: splines
Loading required package: foreach
Loaded gam 1.20.2

Super Learner
Version: 2.0-28
Package created on 2021-05-04

Loading required package: lattice
Loading required package: ggplot2
Loading required package: Matrix
Loaded glmnet 4.1-7
Loading required package: Formula
Loading required package: plotmo
Loading required package: plotrix
Loading required package: TeachingDemos
Loaded gbm 2.1.8.1

Attaching package: ‘xgboost’

The following object is masked from ‘package:dplyr’:

    slice

[1] "[Simulation setting]"
[1] "m: 100"
[1] "deltas: 0.5, 1, 2"
[1] "Sim.id 1"
[1] "Data generated"
[1] "Proposed & IPW estimators"
[1] "   Split: 1"
[1] "   Split: 2"
[1] "Estimates and SE estimates computed"
[1] ""
[[1]]
[[1]]$pro.p
[[1]]$pro.p$est
  delta        mu      mu_1      mu_0         de       se_1       se_0
1   0.5 0.4988468 0.2900769 0.6477337 -0.3576568 0.02399625 0.08390789
2   1.0 0.3878456 0.2660806 0.5638258 -0.2977452 0.00000000 0.00000000
3   2.0 0.4197189 0.3488069 0.6208597 -0.2720528 0.08272628 0.05703389
          oe         te
1 0.11100118 -0.2737489
2 0.00000000 -0.2977452
3 0.03187324 -0.2150189

[[1]]$pro.p$se
  delta         mu       mu_1       mu_0         de       se_1       se_0
1   0.5 0.03319086 0.03560858 0.04315073 0.05296094 0.03142420 0.03447410
2   1.0 0.02391072 0.02552405 0.03025559 0.03253869 0.00000000 0.00000000
3   2.0 0.07344308 0.07878892 0.07125903 0.04383318 0.06837881 0.06403722
          oe         te
1 0.02887920 0.04393440
2 0.00000000 0.03253869
3 0.06670572 0.08122872


[[1]]$pro.np
[[1]]$pro.np$est
  delta        mu      mu_1      mu_0         de       se_1       se_0
1   0.5 0.5428825 0.3389537 0.6815247 -0.3425710 0.06506741 0.12847824
2   1.0 0.3892236 0.2738863 0.5530465 -0.2791602 0.00000000 0.00000000
3   2.0 0.4005657 0.3403058 0.5755027 -0.2351969 0.06641957 0.02245625
          oe         te
1 0.15365896 -0.2140928
2 0.00000000 -0.2791602
3 0.01134214 -0.2127407

[[1]]$pro.np$se
  delta         mu       mu_1       mu_0         de       se_1       se_0
1   0.5 0.03501846 0.03558669 0.04179430 0.04688998 0.03072858 0.03436009
2   1.0 0.02430461 0.02571340 0.02858677 0.02855426 0.00000000 0.00000000
3   2.0 0.06207737 0.06806409 0.05905319 0.04255744 0.05691393 0.05064832
          oe         te
1 0.02973269 0.03982243
2 0.00000000 0.02855426
3 0.05397749 0.06870451


[[1]]$ipw.p
[[1]]$ipw.p$est
  delta        mu      mu_1      mu_0         de       se_1       se_0
1   0.5 0.4605858 0.2915137 0.5952507 -0.3037370 0.04209040 0.04436698
2   1.0 0.3686101 0.2494233 0.5508837 -0.3014604 0.00000000 0.00000000
3   2.0 0.3888886 0.3241496 0.5748751 -0.2507255 0.07472631 0.02399137
          oe         te
1 0.09197571 -0.2593700
2 0.00000000 -0.3014604
3 0.02027848 -0.2267341

[[1]]$ipw.p$se
  delta         mu       mu_1       mu_0         de       se_1       se_0
1   0.5 0.07935308 0.05403854 0.11273344 0.09257680 0.05152352 0.08929634
2   1.0 0.02068570 0.02500514 0.03604561 0.04352992 0.00000000 0.00000000
3   2.0 0.09696392 0.10475296 0.08591278 0.04904633 0.09540878 0.09454636
          oe         te
1 0.07136404 0.05149033
2 0.00000000 0.04352992
3 0.09475237 0.11655816


[[1]]$ipw.np
[[1]]$ipw.np$est
  delta        mu      mu_1      mu_0         de       se_1       se_0
1   0.5 0.4557253 0.2949059 0.5896747 -0.2947687 0.03940542 0.03932232
2   1.0 0.3686101 0.2555005 0.5503524 -0.2948518 0.00000000 0.00000000
3   2.0 0.3990053 0.3408367 0.5738434 -0.2330067 0.08533614 0.02349099
          oe         te
1 0.08711521 -0.2554464
2 0.00000000 -0.2948518
3 0.03039518 -0.2095157

[[1]]$ipw.np$se
  delta         mu       mu_1       mu_0         de       se_1       se_0
1   0.5 0.07820449 0.05513874 0.11193422 0.09296629 0.05272408 0.08778017
2   1.0 0.02068570 0.02577064 0.03622995 0.04417650 0.00000000 0.00000000
3   2.0 0.09878955 0.10881010 0.08562547 0.05291714 0.09865292 0.09444551
          oe         te
1 0.07010189 0.05208057
2 0.00000000 0.04417650
3 0.09633317 0.12065966



[1] "Total run time was 74.275 seconds"
