WARNING: ignoring environment value of R_HOME

Attaching package: ‘dplyr’

The following objects are masked from ‘package:stats’:

    filter, lag

The following objects are masked from ‘package:base’:

    intersect, setdiff, setequal, union

Loading required package: splines
Loading required package: foreach
Loaded gam 1.20.2

Super Learner
Version: 2.0-28
Package created on 2021-05-04

Loading required package: lattice
Loading required package: ggplot2
Loading required package: Matrix
Loaded glmnet 4.1-7
Loading required package: Formula
Loading required package: plotmo
Loading required package: plotrix
Loading required package: TeachingDemos
Loaded gbm 2.1.8.1

Attaching package: ‘xgboost’

The following object is masked from ‘package:dplyr’:

    slice

[1] "[Simulation setting]"
[1] "m: 100"
[1] "deltas: 0.5, 1, 2"
[1] "Sim.id 1"
[1] "Data generated"
[1] "Proposed & IPW estimators"
[1] "   Split: 1"
[1] "   Split: 2"
[1] "Estimates and SE estimates computed"
[1] ""
[[1]]
[[1]]$pro.p
[[1]]$pro.p$est
  delta        mu       mu_1      mu_0         de        se_1        se_0
1   0.5 0.3773526 0.22487971 0.4917471 -0.2668674  0.04838864  0.01014343
2   1.0 0.2930171 0.17649107 0.4816037 -0.3051126  0.00000000  0.00000000
3   2.0 0.1574488 0.08957141 0.3908468 -0.3012754 -0.08691966 -0.09075692
           oe         te
1  0.08433544 -0.2567240
2  0.00000000 -0.3051126
3 -0.13556836 -0.3920323

[[1]]$pro.p$se
  delta         mu       mu_1       mu_0         de       se_1       se_0
1   0.5 0.05262037 0.03161421 0.07754747 0.06191222 0.02536514 0.06686272
2   1.0 0.02289618 0.01863778 0.03464505 0.03044102 0.00000000 0.00000000
3   2.0 0.03009393 0.03110268 0.04383508 0.04611688 0.02555221 0.03566673
          oe         te
1 0.04675601 0.03348291
2 0.00000000 0.03044102
3 0.02477733 0.04179638


[[1]]$pro.np
[[1]]$pro.np$est
  delta        mu      mu_1      mu_0         de        se_1         se_0
1   0.5 0.3456764 0.2215375 0.4280622 -0.2065246  0.04176123 -0.009054329
2   1.0 0.2851515 0.1797763 0.4371165 -0.2573402  0.00000000  0.000000000
3   2.0 0.1730686 0.1095209 0.3738587 -0.2643377 -0.07025538 -0.063257827
           oe         te
1  0.06052483 -0.2155790
2  0.00000000 -0.2573402
3 -0.11208289 -0.3275956

[[1]]$pro.np$se
  delta         mu       mu_1       mu_0         de       se_1       se_0
1   0.5 0.05721829 0.03047380 0.08815974 0.07266712 0.02314241 0.07832613
2   1.0 0.02232206 0.01872646 0.03268476 0.02761037 0.00000000 0.00000000
3   2.0 0.03143417 0.02937663 0.04377147 0.03650504 0.02276872 0.03569458
          oe         te
1 0.05118305 0.02925286
2 0.00000000 0.02761037
3 0.02490504 0.03739564


[[1]]$ipw.p
[[1]]$ipw.p$est
  delta        mu      mu_1      mu_0         de        se_1        se_0
1   0.5 0.4794632 0.2765171 0.6388728 -0.3623557  0.08519982  0.13076635
2   1.0 0.3145516 0.1913172 0.5081064 -0.3167892  0.00000000  0.00000000
3   2.0 0.2165711 0.1495742 0.4255393 -0.2759651 -0.04174304 -0.08256711
           oe         te
1  0.16491157 -0.2315894
2  0.00000000 -0.3167892
3 -0.09798056 -0.3585322

[[1]]$ipw.p$se
  delta         mu       mu_1       mu_0         de       se_1       se_0
1   0.5 0.10240443 0.04984123 0.15038678 0.11404810 0.04697667 0.13497016
2   1.0 0.02090045 0.01799232 0.03811728 0.03726113 0.00000000 0.00000000
3   2.0 0.02333853 0.02319267 0.04344192 0.04209725 0.02013487 0.05075578
          oe         te
1 0.09554134 0.04330059
2 0.00000000 0.03726113
3 0.02784930 0.04979130


[[1]]$ipw.np
[[1]]$ipw.np$est
  delta        mu      mu_1      mu_0         de        se_1        se_0
1   0.5 0.4744690 0.2782607 0.6254602 -0.3471996  0.07749358  0.14449277
2   1.0 0.3145516 0.2007671 0.4809674 -0.2802004  0.00000000  0.00000000
3   2.0 0.2270189 0.1601207 0.4129988 -0.2528780 -0.04064634 -0.06796868
           oe         te
1  0.15991734 -0.2027068
2  0.00000000 -0.2802004
3 -0.08753267 -0.3208467

[[1]]$ipw.np$se
  delta         mu       mu_1       mu_0         de       se_1       se_0
1   0.5 0.10981412 0.05122227 0.16297053 0.12559957 0.04901615 0.14911210
2   1.0 0.02090045 0.01913955 0.03641940 0.03631197 0.00000000 0.00000000
3   2.0 0.02647175 0.02578508 0.04390144 0.04027403 0.02091732 0.05019711
          oe         te
1 0.10395622 0.04440191
2 0.00000000 0.03631197
3 0.02906003 0.04919097



[1] "Total run time was 54.362 seconds"
