WARNING: ignoring environment value of R_HOME

Attaching package: ‘dplyr’

The following objects are masked from ‘package:stats’:

    filter, lag

The following objects are masked from ‘package:base’:

    intersect, setdiff, setequal, union

Loading required package: splines
Loading required package: foreach
Loaded gam 1.20.2

Super Learner
Version: 2.0-28
Package created on 2021-05-04

Loading required package: lattice
Loading required package: ggplot2
Loading required package: Matrix
Loaded glmnet 4.1-7
Loading required package: Formula
Loading required package: plotmo
Loading required package: plotrix
Loading required package: TeachingDemos
Loaded gbm 2.1.8.1

Attaching package: ‘xgboost’

The following object is masked from ‘package:dplyr’:

    slice

[1] "[Simulation setting]"
[1] "m: 100"
[1] "deltas: 0.5, 1, 2"
[1] "Sim.id 1"
[1] "Data generated"
[1] "Proposed & IPW estimators"
[1] "   Split: 1"
[1] "   Split: 2"
[1] "Estimates and SE estimates computed"
[1] ""
[[1]]
[[1]]$pro.p
[[1]]$pro.p$est
  delta        mu      mu_1      mu_0         de       se_1         se_0
1   0.5 0.5454657 0.3241821 0.6988700 -0.3746879 0.04359772  0.107401089
2   1.0 0.4001702 0.2805843 0.5914689 -0.3108846 0.00000000  0.000000000
3   2.0 0.3820950 0.3152313 0.5845997 -0.2693684 0.03464695 -0.006869163
           oe         te
1  0.14529547 -0.2672868
2  0.00000000 -0.3108846
3 -0.01807518 -0.2762376

[[1]]$pro.p$se
  delta         mu       mu_1       mu_0         de       se_1       se_0
1   0.5 0.04785340 0.03631970 0.04959422 0.04150737 0.03261136 0.04583788
2   1.0 0.02766682 0.02721620 0.03767438 0.03817553 0.00000000 0.00000000
3   2.0 0.05100983 0.05884025 0.05827260 0.06729095 0.04316413 0.04248128
          oe         te
1 0.04337283 0.04517510
2 0.00000000 0.03817553
3 0.04067031 0.06690809


[[1]]$pro.np
[[1]]$pro.np$est
  delta        mu      mu_1      mu_0         de       se_1         se_0
1   0.5 0.4854690 0.3488799 0.5612000 -0.2123201 0.06334576 -0.009804667
2   1.0 0.3988027 0.2855342 0.5710047 -0.2854705 0.00000000  0.000000000
3   2.0 0.3624080 0.2977326 0.5539143 -0.2561817 0.01219845 -0.017090332
           oe         te
1  0.08666627 -0.2221247
2  0.00000000 -0.2854705
3 -0.03639473 -0.2732721

[[1]]$pro.np$se
  delta         mu       mu_1       mu_0         de       se_1       se_0
1   0.5 0.05331532 0.04097361 0.09730400 0.09685910 0.03544478 0.08961525
2   1.0 0.02602549 0.02530635 0.03440157 0.03277894 0.00000000 0.00000000
3   2.0 0.04846591 0.05086933 0.05458718 0.04971516 0.03581772 0.04287314
          oe         te
1 0.04623736 0.04303443
2 0.00000000 0.03277894
3 0.03766910 0.05532084


[[1]]$ipw.p
[[1]]$ipw.p$est
  delta        mu      mu_1      mu_0         de       se_1        se_0
1   0.5 0.6534891 0.3597967 0.8871498 -0.5273531 0.08856042  0.31130612
2   1.0 0.3898690 0.2712363 0.5758437 -0.3046074 0.00000000  0.00000000
3   2.0 0.3311162 0.2845876 0.4931712 -0.2085836 0.01335135 -0.08267244
           oe         te
1  0.26362016 -0.2160470
2  0.00000000 -0.3046074
3 -0.05875281 -0.2912560

[[1]]$ipw.p$se
  delta         mu       mu_1       mu_0         de       se_1       se_0
1   0.5 0.22294954 0.07978788 0.35059259 0.28930532 0.08065306 0.34107877
2   1.0 0.02147461 0.02570837 0.03865170 0.04780786 0.00000000 0.00000000
3   2.0 0.05326790 0.06910434 0.05204319 0.08182877 0.05458244 0.06287753
          oe         te
1 0.21960783 0.07272071
2 0.00000000 0.04780786
3 0.05239826 0.09008739


[[1]]$ipw.np
[[1]]$ipw.np$est
  delta        mu      mu_1      mu_0         de        se_1       se_0
1   0.5 0.6860727 0.3854059 0.9263008 -0.5408948 0.111671612  0.3513000
2   1.0 0.3898690 0.2737343 0.5750007 -0.3012664 0.000000000  0.0000000
3   2.0 0.3219806 0.2818555 0.4715400 -0.1896845 0.008121168 -0.1034607
           oe         te
1  0.29620368 -0.1895948
2  0.00000000 -0.3012664
3 -0.06788834 -0.2931452

[[1]]$ipw.np$se
  delta         mu       mu_1       mu_0         de       se_1       se_0
1   0.5 0.22476943 0.08139794 0.35257883 0.29006608 0.08227921 0.34256440
2   1.0 0.02147461 0.02593409 0.03864584 0.04782879 0.00000000 0.00000000
3   2.0 0.05441705 0.07322180 0.05080429 0.08629005 0.05901712 0.06183516
          oe         te
1 0.22117566 0.07295922
2 0.00000000 0.04782879
3 0.05367137 0.09351305



[1] "Total run time was 41.45 seconds"
