WARNING: ignoring environment value of R_HOME

Attaching package: ‘dplyr’

The following objects are masked from ‘package:stats’:

    filter, lag

The following objects are masked from ‘package:base’:

    intersect, setdiff, setequal, union

Loading required package: splines
Loading required package: foreach
Loaded gam 1.20.2

Super Learner
Version: 2.0-28
Package created on 2021-05-04

Loading required package: lattice
Loading required package: ggplot2
Loading required package: Matrix
Loaded glmnet 4.1-7
Loading required package: Formula
Loading required package: plotmo
Loading required package: plotrix
Loading required package: TeachingDemos
Loaded gbm 2.1.8.1

Attaching package: ‘xgboost’

The following object is masked from ‘package:dplyr’:

    slice

[1] "[Simulation setting]"
[1] "m: 100"
[1] "deltas: 0.5, 1, 2"
[1] "Sim.id 1"
[1] "Data generated"
[1] "Proposed & IPW estimators"
[1] "   Split: 1"
[1] "   Split: 2"
[1] "Estimates and SE estimates computed"
[1] ""
[[1]]
[[1]]$pro.p
[[1]]$pro.p$est
  delta        mu      mu_1      mu_0         de        se_1       se_0
1   0.5 0.4863539 0.2986518 0.6370517 -0.3383998  0.04488701  0.0615085
2   1.0 0.3755245 0.2537648 0.5755432 -0.3217783  0.00000000  0.0000000
3   2.0 0.2580249 0.2016149 0.4520481 -0.2504331 -0.05214989 -0.1234951
          oe         te
1  0.1108294 -0.2768913
2  0.0000000 -0.3217783
3 -0.1174996 -0.3739282

[[1]]$pro.p$se
  delta         mu       mu_1       mu_0         de       se_1       se_0
1   0.5 0.03920092 0.04209285 0.04419339 0.04444476 0.03529903 0.03944468
2   1.0 0.02721681 0.02648146 0.03241004 0.03004399 0.00000000 0.00000000
3   2.0 0.05019525 0.05091346 0.05756795 0.05453039 0.03991881 0.04180792
          oe         te
1 0.03363349 0.04431071
2 0.00000000 0.03004399
3 0.03942778 0.05453856


[[1]]$pro.np
[[1]]$pro.np$est
  delta        mu      mu_1      mu_0         de        se_1        se_0
1   0.5 0.4741083 0.3029736 0.6024966 -0.2995230  0.03551234  0.05434942
2   1.0 0.3779518 0.2674612 0.5481471 -0.2806859  0.00000000  0.00000000
3   2.0 0.2708470 0.2120046 0.4641125 -0.2521079 -0.05545662 -0.08403466
           oe         te
1  0.09615648 -0.2451736
2  0.00000000 -0.2806859
3 -0.10710477 -0.3361425

[[1]]$pro.np$se
  delta         mu       mu_1       mu_0         de       se_1       se_0
1   0.5 0.04180632 0.04511210 0.04698677 0.04429311 0.03761624 0.04170503
2   1.0 0.02753013 0.02718719 0.03056213 0.02582823 0.00000000 0.00000000
3   2.0 0.05090214 0.05250648 0.05382697 0.04908862 0.04087559 0.03976476
          oe         te
1 0.03577649 0.04294817
2 0.00000000 0.02582823
3 0.03903496 0.05349043


[[1]]$ipw.p
[[1]]$ipw.p$est
  delta        mu      mu_1      mu_0         de       se_1        se_0
1   0.5 0.6505670 0.3795088 0.8595200 -0.4800111 0.11005875  0.28087220
2   1.0 0.3889383 0.2694501 0.5786478 -0.3091977 0.00000000  0.00000000
3   2.0 0.3586398 0.3000259 0.5380359 -0.2380100 0.03057583 -0.04061186
           oe         te
1  0.26162878 -0.1991389
2  0.00000000 -0.3091977
3 -0.03029848 -0.2786219

[[1]]$ipw.p$se
  delta         mu       mu_1       mu_0         de       se_1       se_0
1   0.5 0.14196387 0.07343420 0.19704938 0.13519918 0.07250223 0.17350687
2   1.0 0.02168917 0.02273041 0.04051628 0.04555027 0.00000000 0.00000000
3   2.0 0.05027795 0.05306607 0.05749586 0.05152611 0.04456666 0.07209366
          oe         te
1 0.13284993 0.05748410
2 0.00000000 0.04555027
3 0.05219111 0.07793276


[[1]]$ipw.np
[[1]]$ipw.np$est
  delta        mu      mu_1      mu_0         de       se_1        se_0
1   0.5 0.7424872 0.4306292 1.0085060 -0.5778768 0.15476137  0.43394058
2   1.0 0.3889383 0.2758679 0.5745655 -0.2986976 0.00000000  0.00000000
3   2.0 0.3779261 0.3239718 0.5260326 -0.2020609 0.04810388 -0.04853284
           oe         te
1  0.35354894 -0.1439362
2  0.00000000 -0.2986976
3 -0.01101211 -0.2505937

[[1]]$ipw.np$se
  delta         mu       mu_1       mu_0         de       se_1      se_0
1   0.5 0.18247339 0.08912729 0.27182754 0.19472517 0.08837369 0.2477093
2   1.0 0.02168917 0.02320947 0.04175063 0.04640633 0.00000000 0.0000000
3   2.0 0.05901906 0.06320427 0.05626104 0.05333490 0.05463062 0.0713963
          oe         te
1 0.17369475 0.06937676
2 0.00000000 0.04640633
3 0.06045639 0.08675493



[1] "Total run time was 77.897 seconds"
