WARNING: ignoring environment value of R_HOME

Attaching package: ‘dplyr’

The following objects are masked from ‘package:stats’:

    filter, lag

The following objects are masked from ‘package:base’:

    intersect, setdiff, setequal, union

Loading required package: splines
Loading required package: foreach
Loaded gam 1.20.2

Super Learner
Version: 2.0-28
Package created on 2021-05-04

Loading required package: lattice
Loading required package: ggplot2
Loading required package: Matrix
Loaded glmnet 4.1-7
Loading required package: Formula
Loading required package: plotmo
Loading required package: plotrix
Loading required package: TeachingDemos
Loaded gbm 2.1.8.1

Attaching package: ‘xgboost’

The following object is masked from ‘package:dplyr’:

    slice

[1] "[Simulation setting]"
[1] "m: 100"
[1] "deltas: 0.5, 1, 2"
[1] "Sim.id 1"
[1] "Data generated"
[1] "Proposed & IPW estimators"
[1] "   Split: 1"
[1] "   Split: 2"
[1] "Estimates and SE estimates computed"
[1] ""
[[1]]
[[1]]$pro.p
[[1]]$pro.p$est
  delta        mu      mu_1      mu_0         de        se_1          se_0
1   0.5 0.4200441 0.2364164 0.5639242 -0.3275079  0.01002335  0.0149766566
2   1.0 0.3535832 0.2263930 0.5489476 -0.3225546  0.00000000  0.0000000000
3   2.0 0.2802998 0.1934683 0.5484857 -0.3550173 -0.03292471 -0.0004619159
           oe         te
1  0.06646091 -0.3125312
2  0.00000000 -0.3225546
3 -0.07328340 -0.3554793

[[1]]$pro.p$se
  delta         mu       mu_1       mu_0         de       se_1       se_0
1   0.5 0.04313134 0.03040474 0.06077361 0.05447725 0.02273549 0.04778262
2   1.0 0.02606467 0.02265934 0.03514202 0.03147652 0.00000000 0.00000000
3   2.0 0.04438027 0.04662921 0.05663906 0.06217951 0.03795640 0.04450793
          oe         te
1 0.03335885 0.03525209
2 0.00000000 0.03147652
3 0.03546159 0.05321821


[[1]]$pro.np
[[1]]$pro.np$est
  delta        mu      mu_1      mu_0         de         se_1        se_0
1   0.5 0.3920865 0.2373474 0.5104250 -0.2730776  0.006616404 0.005324227
2   1.0 0.3424713 0.2307310 0.5051008 -0.2743698  0.000000000 0.000000000
3   2.0 0.2875898 0.2062216 0.5181140 -0.3118925 -0.024509486 0.013013201
           oe         te
1  0.04961519 -0.2677534
2  0.00000000 -0.2743698
3 -0.05488147 -0.2988793

[[1]]$pro.np$se
  delta         mu       mu_1       mu_0         de       se_1       se_0
1   0.5 0.04237319 0.03114351 0.05788127 0.05295092 0.02316774 0.04490341
2   1.0 0.02645648 0.02361331 0.03289697 0.02756373 0.00000000 0.00000000
3   2.0 0.04536112 0.04471819 0.05183665 0.04398747 0.03365084 0.03896468
          oe         te
1 0.03236439 0.03351924
2 0.00000000 0.02756373
3 0.03355173 0.04593065


[[1]]$ipw.p
[[1]]$ipw.p$est
  delta        mu      mu_1      mu_0         de       se_1       se_0
1   0.5 0.5363396 0.2700484 0.7379945 -0.4679461 0.03858523 0.17234343
2   1.0 0.3630132 0.2314632 0.5656511 -0.3341879 0.00000000 0.00000000
3   2.0 0.3293221 0.2448470 0.5907176 -0.3458707 0.01338376 0.02506651
           oe         te
1  0.17332639 -0.2956027
2  0.00000000 -0.3341879
3 -0.03369107 -0.3208042

[[1]]$ipw.p$se
  delta         mu       mu_1       mu_0         de       se_1       se_0
1   0.5 0.10858871 0.04024995 0.16872626 0.14270725 0.03956939 0.14698017
2   1.0 0.01929234 0.01893384 0.03938256 0.04313231 0.00000000 0.00000000
3   2.0 0.05080933 0.05018164 0.08073624 0.07019890 0.04524973 0.09075834
          oe         te
1 0.10119252 0.03680685
2 0.00000000 0.04313231
3 0.05339758 0.07214267


[[1]]$ipw.np
[[1]]$ipw.np$est
  delta        mu      mu_1      mu_0         de       se_1       se_0
1   0.5 0.5553329 0.2894134 0.7570407 -0.4676272 0.04845577 0.21003561
2   1.0 0.3630132 0.2409577 0.5470051 -0.3060474 0.00000000 0.00000000
3   2.0 0.3350719 0.2610601 0.5530601 -0.2920000 0.02010244 0.00605501
           oe         te
1  0.19231970 -0.2575916
2  0.00000000 -0.3060474
3 -0.02794126 -0.2859450

[[1]]$ipw.np$se
  delta         mu       mu_1       mu_0         de       se_1       se_0
1   0.5 0.11127089 0.04441075 0.16985696 0.14193097 0.04424688 0.14967600
2   1.0 0.01929234 0.01998444 0.03807787 0.04245966 0.00000000 0.00000000
3   2.0 0.05966789 0.06500556 0.07053522 0.06559725 0.05958165 0.08120019
          oe         te
1 0.10477024 0.04097481
2 0.00000000 0.04245966
3 0.06127133 0.08287362



[1] "Total run time was 75.067 seconds"
