WARNING: ignoring environment value of R_HOME

Attaching package: ‘dplyr’

The following objects are masked from ‘package:stats’:

    filter, lag

The following objects are masked from ‘package:base’:

    intersect, setdiff, setequal, union

Loading required package: splines
Loading required package: foreach
Loaded gam 1.20.2

Super Learner
Version: 2.0-28
Package created on 2021-05-04

Loading required package: lattice
Loading required package: ggplot2
Loading required package: Matrix
Loaded glmnet 4.1-7
Loading required package: Formula
Loading required package: plotmo
Loading required package: plotrix
Loading required package: TeachingDemos
Loaded gbm 2.1.8.1

Attaching package: ‘xgboost’

The following object is masked from ‘package:dplyr’:

    slice

[1] "[Simulation setting]"
[1] "m: 100"
[1] "deltas: 0.5, 1, 2"
[1] "Sim.id 1"
[1] "Data generated"
[1] "Proposed & IPW estimators"
[1] "   Split: 1"
[1] "   Split: 2"
[1] "Estimates and SE estimates computed"
[1] ""
[[1]]
[[1]]$pro.p
[[1]]$pro.p$est
  delta        mu      mu_1      mu_0         de        se_1       se_0
1   0.5 0.5138865 0.2292510 0.7008733 -0.4716223  0.01821631  0.1219965
2   1.0 0.3666807 0.2110346 0.5788768 -0.3678422  0.00000000  0.0000000
3   2.0 0.2827390 0.1884773 0.5473063 -0.3588290 -0.02255734 -0.0315705
           oe         te
1  0.14720574 -0.3496258
2  0.00000000 -0.3678422
3 -0.08394171 -0.3903995

[[1]]$pro.p$se
  delta         mu       mu_1       mu_0         de       se_1       se_0
1   0.5 0.03719354 0.03378573 0.05194333 0.06396986 0.02454203 0.04452573
2   1.0 0.02342104 0.02026743 0.03142101 0.02961919 0.00000000 0.00000000
3   2.0 0.04125932 0.03597569 0.05871472 0.04281742 0.03144872 0.04937798
          oe         te
1 0.02936850 0.03891444
2 0.00000000 0.02961919
3 0.03724523 0.04465419


[[1]]$pro.np
[[1]]$pro.np$est
  delta        mu      mu_1      mu_0         de        se_1        se_0
1   0.5 0.5052339 0.2482880 0.6689069 -0.4206189  0.03020153  0.13054321
2   1.0 0.3575019 0.2180865 0.5383637 -0.3202772  0.00000000  0.00000000
3   2.0 0.2917809 0.2058301 0.5222042 -0.3163740 -0.01225640 -0.01615957
           oe         te
1  0.14773201 -0.2900757
2  0.00000000 -0.3202772
3 -0.06572104 -0.3325336

[[1]]$pro.np$se
  delta         mu       mu_1       mu_0         de       se_1       se_0
1   0.5 0.04349996 0.03350941 0.05760440 0.06189162 0.02570856 0.04869792
2   1.0 0.02350097 0.01969733 0.03095141 0.02759078 0.00000000 0.00000000
3   2.0 0.03732786 0.03570498 0.05368132 0.04739697 0.03071480 0.04395242
          oe         te
1 0.03463857 0.03750058
2 0.00000000 0.02759078
3 0.03364039 0.04565199


[[1]]$ipw.p
[[1]]$ipw.p$est
  delta        mu      mu_1      mu_0         de       se_1       se_0
1   0.5 0.5819885 0.2416949 0.8338902 -0.5921953 0.03019868 0.26501316
2   1.0 0.3596645 0.2114962 0.5688770 -0.3573808 0.00000000 0.00000000
3   2.0 0.3928865 0.3097900 0.6214880 -0.3116981 0.09829372 0.05261099
          oe         te
1 0.22232401 -0.3271821
2 0.00000000 -0.3573808
3 0.03322202 -0.2590871

[[1]]$ipw.p$se
  delta         mu       mu_1       mu_0         de       se_1      se_0
1   0.5 0.11192315 0.03880785 0.18521857 0.17251574 0.03690532 0.1654173
2   1.0 0.01872342 0.01909942 0.03650231 0.04168200 0.00000000 0.0000000
3   2.0 0.09108723 0.09354747 0.09150846 0.04781739 0.08735242 0.1043669
          oe         te
1 0.10474741 0.03747865
2 0.00000000 0.04168200
3 0.09204882 0.10795207


[[1]]$ipw.np
[[1]]$ipw.np$est
  delta        mu      mu_1      mu_0         de       se_1       se_0
1   0.5 0.6309041 0.2671007 0.8964557 -0.6293551 0.05171732 0.33405932
2   1.0 0.3596645 0.2153833 0.5623964 -0.3470131 0.00000000 0.00000000
3   2.0 0.3926321 0.3125655 0.6030195 -0.2904540 0.09718216 0.04062309
         oe         te
1 0.2712397 -0.2952957
2 0.0000000 -0.3470131
3 0.0329676 -0.2498309

[[1]]$ipw.np$se
  delta         mu       mu_1       mu_0         de       se_1      se_0
1   0.5 0.12497009 0.04427617 0.19583445 0.17575216 0.04283333 0.1746442
2   1.0 0.01872342 0.01947894 0.03689518 0.04214793 0.00000000 0.0000000
3   2.0 0.09147870 0.09422657 0.09257842 0.04800064 0.08769695 0.1051611
         oe         te
1 0.1174856 0.04000459
2 0.0000000 0.04214793
3 0.0922673 0.10856469



[1] "Total run time was 66.364 seconds"
