WARNING: ignoring environment value of R_HOME

Attaching package: ‘dplyr’

The following objects are masked from ‘package:stats’:

    filter, lag

The following objects are masked from ‘package:base’:

    intersect, setdiff, setequal, union

Loading required package: splines
Loading required package: foreach
Loaded gam 1.20.2

Super Learner
Version: 2.0-28
Package created on 2021-05-04

Loading required package: lattice
Loading required package: ggplot2
Loading required package: Matrix
Loaded glmnet 4.1-7
Loading required package: Formula
Loading required package: plotmo
Loading required package: plotrix
Loading required package: TeachingDemos
Loaded gbm 2.1.8.1

Attaching package: ‘xgboost’

The following object is masked from ‘package:dplyr’:

    slice

[1] "[Simulation setting]"
[1] "m: 100"
[1] "deltas: 0.5, 1, 2"
[1] "Sim.id 1"
[1] "Data generated"
[1] "Proposed & IPW estimators"
[1] "   Split: 1"
[1] "   Split: 2"
[1] "Estimates and SE estimates computed"
[1] ""
[[1]]
[[1]]$pro.p
[[1]]$pro.p$est
  delta        mu      mu_1      mu_0         de        se_1        se_0
1   0.5 0.3865035 0.2317960 0.5000567 -0.2682606 0.007889740 -0.03857434
2   1.0 0.3497219 0.2239063 0.5386310 -0.3147247 0.000000000  0.00000000
3   2.0 0.3066639 0.2317477 0.5141608 -0.2824131 0.007841381 -0.02447020
           oe         te
1  0.03678161 -0.3068350
2  0.00000000 -0.3147247
3 -0.04305796 -0.3068833

[[1]]$pro.p$se
  delta         mu       mu_1       mu_0         de       se_1       se_0
1   0.5 0.06695954 0.04318701 0.09346364 0.06737727 0.03743464 0.08794156
2   1.0 0.02472387 0.02342112 0.03327695 0.03140006 0.00000000 0.00000000
3   2.0 0.05493543 0.05173154 0.06244290 0.05092369 0.04347080 0.04815416
          oe         te
1 0.06285939 0.04821270
2 0.00000000 0.03140006
3 0.04646199 0.05571173


[[1]]$pro.np
[[1]]$pro.np$est
  delta        mu      mu_1      mu_0         de         se_1        se_0
1   0.5 0.3656969 0.2226678 0.4725563 -0.2498885  0.000144154 -0.05717291
2   1.0 0.3437890 0.2225237 0.5297292 -0.3072055  0.000000000  0.00000000
3   2.0 0.2869866 0.2197877 0.4829366 -0.2631490 -0.002736010 -0.04679261
           oe         te
1  0.02190788 -0.3070614
2  0.00000000 -0.3072055
3 -0.05680245 -0.3099416

[[1]]$pro.np$se
  delta         mu       mu_1       mu_0         de       se_1       se_0
1   0.5 0.07957185 0.05320975 0.10620155 0.06445684 0.04876972 0.10065909
2   1.0 0.02547585 0.02414251 0.03203507 0.02747987 0.00000000 0.00000000
3   2.0 0.05418834 0.04820916 0.06322431 0.04156558 0.03962461 0.05059163
          oe         te
1 0.07576599 0.05372386
2 0.00000000 0.02747987
3 0.04546381 0.05038932


[[1]]$ipw.p
[[1]]$ipw.p$est
  delta        mu      mu_1      mu_0         de        se_1        se_0
1   0.5 0.5145408 0.2639419 0.7305664 -0.4666245  0.04670773  0.18767523
2   1.0 0.3390238 0.2172342 0.5428911 -0.3256570  0.00000000  0.00000000
3   2.0 0.2655181 0.1875315 0.5141130 -0.3265815 -0.02970270 -0.02877819
           oe         te
1  0.17551706 -0.2789493
2  0.00000000 -0.3256570
3 -0.07350565 -0.3553597

[[1]]$ipw.p$se
  delta         mu       mu_1       mu_0         de       se_1       se_0
1   0.5 0.11779568 0.04606332 0.20353453 0.19404491 0.04102676 0.19055141
2   1.0 0.02099792 0.02044483 0.04087396 0.04294706 0.00000000 0.00000000
3   2.0 0.03077464 0.02982715 0.05276613 0.04800722 0.02431398 0.05988924
         oe         te
1 0.1127079 0.04187585
2 0.0000000 0.04294706
3 0.0326230 0.05656160


[[1]]$ipw.np
[[1]]$ipw.np$est
  delta        mu      mu_1      mu_0         de        se_1        se_0
1   0.5 0.5123681 0.2637108 0.7257505 -0.4620397  0.04580929  0.18427199
2   1.0 0.3390238 0.2179015 0.5414785 -0.3235770  0.00000000  0.00000000
3   2.0 0.2659438 0.1884429 0.5123942 -0.3239513 -0.02945865 -0.02908429
           oe         te
1  0.17334437 -0.2777677
2  0.00000000 -0.3235770
3 -0.07307995 -0.3530356

[[1]]$ipw.np$se
  delta         mu       mu_1       mu_0         de       se_1       se_0
1   0.5 0.11659258 0.04578420 0.20060262 0.19128643 0.04066516 0.18759365
2   1.0 0.02099792 0.02049400 0.04080570 0.04283612 0.00000000 0.00000000
3   2.0 0.03078882 0.03002177 0.05218707 0.04749793 0.02441444 0.05936441
          oe         te
1 0.11148542 0.04155335
2 0.00000000 0.04283612
3 0.03259306 0.05660339



[1] "Total run time was 56.32 seconds"
