WARNING: ignoring environment value of R_HOME

Attaching package: ‘dplyr’

The following objects are masked from ‘package:stats’:

    filter, lag

The following objects are masked from ‘package:base’:

    intersect, setdiff, setequal, union

Loading required package: splines
Loading required package: foreach
Loaded gam 1.20.2

Super Learner
Version: 2.0-28
Package created on 2021-05-04

Loading required package: lattice
Loading required package: ggplot2
Loading required package: Matrix
Loaded glmnet 4.1-7
Loading required package: Formula
Loading required package: plotmo
Loading required package: plotrix
Loading required package: TeachingDemos
Loaded gbm 2.1.8.1

Attaching package: ‘xgboost’

The following object is masked from ‘package:dplyr’:

    slice

[1] "[Simulation setting]"
[1] "m: 100"
[1] "deltas: 0.5, 1, 2"
[1] "Sim.id 1"
[1] "Data generated"
[1] "Proposed & IPW estimators"
[1] "   Split: 1"
[1] "   Split: 2"
[1] "Estimates and SE estimates computed"
[1] ""
[[1]]
[[1]]$pro.p
[[1]]$pro.p$est
  delta        mu      mu_1      mu_0         de         se_1        se_0
1   0.5 0.4663007 0.2585579 0.5961490 -0.3375911 -0.004529761  0.03809890
2   1.0 0.3912049 0.2630877 0.5580501 -0.2949624  0.000000000  0.00000000
3   2.0 0.3013673 0.2281279 0.4938750 -0.2657472 -0.034959772 -0.06417502
           oe         te
1  0.07509578 -0.2994922
2  0.00000000 -0.2949624
3 -0.08983759 -0.3299222

[[1]]$pro.p$se
  delta         mu       mu_1       mu_0         de       se_1       se_0
1   0.5 0.03979581 0.03185870 0.05211950 0.04392535 0.02820758 0.04214130
2   1.0 0.02402361 0.02236879 0.03281022 0.03047416 0.00000000 0.00000000
3   2.0 0.03641708 0.03534207 0.04789902 0.04171902 0.02542027 0.03663011
          oe         te
1 0.03383555 0.03770070
2 0.00000000 0.03047416
3 0.02862307 0.04354250


[[1]]$pro.np
[[1]]$pro.np$est
  delta        mu      mu_1      mu_0         de        se_1        se_0
1   0.5 0.4625419 0.2552301 0.6037107 -0.3484806 -0.01370830  0.03736399
2   1.0 0.3931163 0.2689384 0.5663468 -0.2974083  0.00000000  0.00000000
3   2.0 0.2932260 0.2177323 0.4974653 -0.2797330 -0.05120608 -0.06888144
           oe         te
1  0.06942561 -0.3111166
2  0.00000000 -0.2974083
3 -0.09989027 -0.3486144

[[1]]$pro.np$se
  delta         mu       mu_1       mu_0         de       se_1       se_0
1   0.5 0.03195857 0.03013854 0.03942758 0.03762701 0.02475404 0.03104068
2   1.0 0.02351773 0.02286085 0.03145251 0.02920064 0.00000000 0.00000000
3   2.0 0.03525811 0.03527168 0.04426267 0.04021446 0.02588476 0.03169829
          oe         te
1 0.02519341 0.03485265
2 0.00000000 0.02920064
3 0.02774324 0.04305881


[[1]]$ipw.p
[[1]]$ipw.p$est
  delta        mu      mu_1      mu_0         de        se_1        se_0
1   0.5 0.4594355 0.2777413 0.5881217 -0.3103805  0.02019392  0.02290388
2   1.0 0.3858238 0.2575474 0.5652179 -0.3076705  0.00000000  0.00000000
3   2.0 0.3109227 0.2351241 0.5118611 -0.2767370 -0.02242326 -0.05335680
           oe         te
1  0.07361169 -0.2874766
2  0.00000000 -0.3076705
3 -0.07490111 -0.3300938

[[1]]$ipw.p$se
  delta         mu       mu_1       mu_0         de       se_1       se_0
1   0.5 0.06926349 0.03733774 0.10034328 0.08452798 0.03667270 0.08382088
2   1.0 0.02071964 0.02191568 0.03634085 0.04030252 0.00000000 0.00000000
3   2.0 0.04096641 0.04150574 0.05403707 0.04391764 0.03396968 0.06324893
          oe         te
1 0.06369721 0.03661533
2 0.00000000 0.04030252
3 0.04250016 0.06288621


[[1]]$ipw.np
[[1]]$ipw.np$est
  delta        mu      mu_1      mu_0         de        se_1        se_0
1   0.5 0.4603882 0.2783656 0.5894748 -0.3111092  0.02055241  0.02455334
2   1.0 0.3858238 0.2578132 0.5649215 -0.3071083  0.00000000  0.00000000
3   2.0 0.3112026 0.2358337 0.5109598 -0.2751261 -0.02197949 -0.05396166
           oe         te
1  0.07456441 -0.2865559
2  0.00000000 -0.3071083
3 -0.07462121 -0.3290878

[[1]]$ipw.np$se
  delta         mu       mu_1       mu_0         de       se_1       se_0
1   0.5 0.06950261 0.03743959 0.10078115 0.08492023 0.03679286 0.08422014
2   1.0 0.02071964 0.02195548 0.03636555 0.04034282 0.00000000 0.00000000
3   2.0 0.04119054 0.04187868 0.05392841 0.04387636 0.03431482 0.06319409
          oe         te
1 0.06393974 0.03664656
2 0.00000000 0.04034282
3 0.04271540 0.06319736



[1] "Total run time was 66.444 seconds"
