WARNING: ignoring environment value of R_HOME

Attaching package: ‘dplyr’

The following objects are masked from ‘package:stats’:

    filter, lag

The following objects are masked from ‘package:base’:

    intersect, setdiff, setequal, union

Loading required package: splines
Loading required package: foreach
Loaded gam 1.20.2

Super Learner
Version: 2.0-28
Package created on 2021-05-04

Loading required package: lattice
Loading required package: ggplot2
Loading required package: Matrix
Loaded glmnet 4.1-7
Loading required package: Formula
Loading required package: plotmo
Loading required package: plotrix
Loading required package: TeachingDemos
Loaded gbm 2.1.8.1

Attaching package: ‘xgboost’

The following object is masked from ‘package:dplyr’:

    slice

[1] "[Simulation setting]"
[1] "m: 100"
[1] "deltas: 0.5, 1, 2"
[1] "Sim.id 1"
[1] "Data generated"
[1] "Proposed & IPW estimators"
[1] "   Split: 1"
[1] "   Split: 2"
[1] "Estimates and SE estimates computed"
[1] ""
[[1]]
[[1]]$pro.p
[[1]]$pro.p$est
  delta        mu      mu_1      mu_0         de       se_1       se_0
1   0.5 0.4803259 0.2904558 0.6165335 -0.3260777 0.02142306 0.02269170
2   1.0 0.4032314 0.2690327 0.5938418 -0.3248091 0.00000000 0.00000000
3   2.0 0.3741298 0.2884200 0.6069458 -0.3185258 0.01938724 0.01310397
           oe         te
1  0.07709441 -0.3033860
2  0.00000000 -0.3248091
3 -0.02910161 -0.3054218

[[1]]$pro.p$se
  delta         mu       mu_1       mu_0         de       se_1       se_0
1   0.5 0.03875246 0.03013810 0.04809193 0.04156855 0.02106964 0.03754697
2   1.0 0.02795898 0.02455547 0.03736387 0.03243399 0.00000000 0.00000000
3   2.0 0.04601877 0.04606345 0.05246885 0.05071728 0.04115911 0.03954387
          oe         te
1 0.02930228 0.03592800
2 0.00000000 0.03243399
3 0.04178150 0.05591496


[[1]]$pro.np
[[1]]$pro.np$est
  delta        mu      mu_1      mu_0         de       se_1       se_0
1   0.5 0.4820647 0.3054659 0.6021837 -0.2967179 0.01591900 0.01472312
2   1.0 0.4194521 0.2895469 0.5874606 -0.2979138 0.00000000 0.00000000
3   2.0 0.4115419 0.3216453 0.6275588 -0.3059135 0.03209845 0.04009815
            oe         te
1  0.062612635 -0.2819948
2  0.000000000 -0.2979138
3 -0.007910183 -0.2658153

[[1]]$pro.np$se
  delta         mu       mu_1       mu_0         de       se_1       se_0
1   0.5 0.04077511 0.03196494 0.04917954 0.04087610 0.02281873 0.03678703
2   1.0 0.03041359 0.02659478 0.03984901 0.03184396 0.00000000 0.00000000
3   2.0 0.05630448 0.05803503 0.05060705 0.05060948 0.05167627 0.03684490
          oe         te
1 0.02972689 0.03692987
2 0.00000000 0.03184396
3 0.05072394 0.06531999


[[1]]$ipw.p
[[1]]$ipw.p$est
  delta        mu      mu_1      mu_0         de        se_1       se_0
1   0.5 0.3967333 0.2840613 0.4781598 -0.1940985  0.01648516 -0.1053181
2   1.0 0.3997471 0.2675762 0.5834779 -0.3159017  0.00000000  0.0000000
3   2.0 0.3064175 0.2131951 0.5619888 -0.3487937 -0.05438104 -0.0214891
            oe         te
1 -0.003013865 -0.2994166
2  0.000000000 -0.3159017
3 -0.093329646 -0.3702828

[[1]]$ipw.p$se
  delta         mu       mu_1       mu_0         de       se_1       se_0
1   0.5 0.07340423 0.04748809 0.09508882 0.05725027 0.04656885 0.08252265
2   1.0 0.02072777 0.02073768 0.03511974 0.03803158 0.00000000 0.00000000
3   2.0 0.03566438 0.03633552 0.05313999 0.04853259 0.02932527 0.05893931
          oe         te
1 0.06792768 0.04442384
2 0.00000000 0.03803158
3 0.03676770 0.05676595


[[1]]$ipw.np
[[1]]$ipw.np$est
  delta        mu      mu_1      mu_0         de        se_1        se_0
1   0.5 0.3925961 0.2938146 0.4653830 -0.1715684  0.01859621 -0.10521049
2   1.0 0.3997471 0.2752184 0.5705935 -0.2953751  0.00000000  0.00000000
3   2.0 0.3044087 0.2117048 0.5520835 -0.3403787 -0.06351356 -0.01850998
            oe         te
1 -0.007151005 -0.2767789
2  0.000000000 -0.2953751
3 -0.095338387 -0.3588887

[[1]]$ipw.np$se
  delta         mu       mu_1       mu_0         de       se_1       se_0
1   0.5 0.07252438 0.04868734 0.09154190 0.05373179 0.04781116 0.07972099
2   1.0 0.02072777 0.02144796 0.03446879 0.03756319 0.00000000 0.00000000
3   2.0 0.03638922 0.03607917 0.05338740 0.04514067 0.02828353 0.05751748
          oe         te
1 0.06749098 0.04578375
2 0.00000000 0.03756319
3 0.03623832 0.05494279



[1] "Total run time was 64.993 seconds"
