WARNING: ignoring environment value of R_HOME

Attaching package: ‘dplyr’

The following objects are masked from ‘package:stats’:

    filter, lag

The following objects are masked from ‘package:base’:

    intersect, setdiff, setequal, union

Loading required package: splines
Loading required package: foreach
Loaded gam 1.20.2

Super Learner
Version: 2.0-28
Package created on 2021-05-04

Loading required package: lattice
Loading required package: ggplot2
Loading required package: Matrix
Loaded glmnet 4.1-7
Loading required package: Formula
Loading required package: plotmo
Loading required package: plotrix
Loading required package: TeachingDemos
Loaded gbm 2.1.8.1

Attaching package: ‘xgboost’

The following object is masked from ‘package:dplyr’:

    slice

[1] "[Simulation setting]"
[1] "m: 100"
[1] "deltas: 0.5, 1, 2"
[1] "Sim.id 1"
[1] "Data generated"
[1] "Proposed & IPW estimators"
[1] "   Split: 1"
[1] "   Split: 2"
[1] "Estimates and SE estimates computed"
[1] ""
[[1]]
[[1]]$pro.p
[[1]]$pro.p$est
  delta        mu      mu_1      mu_0         de        se_1       se_0
1   0.5 0.4436873 0.2322848 0.5938708 -0.3615860  0.05012137  0.1046754
2   1.0 0.3066016 0.1821634 0.4891954 -0.3070320  0.00000000  0.0000000
3   2.0 0.2139434 0.1450590 0.3898858 -0.2448268 -0.03710438 -0.0993096
           oe         te
1  0.13708573 -0.2569106
2  0.00000000 -0.3070320
3 -0.09265819 -0.3441364

[[1]]$pro.p$se
  delta         mu       mu_1       mu_0         de       se_1       se_0
1   0.5 0.06193015 0.04030687 0.08062931 0.06146183 0.03204997 0.06440542
2   1.0 0.03044408 0.02673335 0.04077563 0.03841177 0.00000000 0.00000000
3   2.0 0.03809670 0.04266107 0.04777741 0.05208073 0.03059701 0.02938298
          oe         te
1 0.04941045 0.04048817
2 0.00000000 0.03841177
3 0.02889399 0.05441720


[[1]]$pro.np
[[1]]$pro.np$est
  delta        mu      mu_1      mu_0         de        se_1        se_0
1   0.5 0.4302035 0.2333258 0.5679546 -0.3346287  0.02799476  0.09266941
2   1.0 0.3165979 0.2053311 0.4752852 -0.2699541  0.00000000  0.00000000
3   2.0 0.2641024 0.2001120 0.4329353 -0.2328233 -0.00521904 -0.04234987
           oe         te
1  0.11360559 -0.2419593
2  0.00000000 -0.2699541
3 -0.05249551 -0.2751731

[[1]]$pro.np$se
  delta         mu       mu_1       mu_0         de       se_1       se_0
1   0.5 0.05605921 0.04655235 0.06326921 0.04332371 0.03479506 0.04973730
2   1.0 0.03062820 0.02729637 0.03664189 0.03054143 0.00000000 0.00000000
3   2.0 0.03703771 0.03749860 0.04492873 0.04182915 0.02564411 0.02820111
          oe         te
1 0.04275955 0.04132143
2 0.00000000 0.03054143
3 0.02540295 0.04115978


[[1]]$ipw.p
[[1]]$ipw.p$est
  delta        mu      mu_1      mu_0         de         se_1        se_0
1   0.5 0.5290314 0.2801218 0.7192775 -0.4391557  0.069251193 0.203155918
2   1.0 0.3340971 0.2108706 0.5161216 -0.3052510  0.000000000 0.000000000
3   2.0 0.2987540 0.2063609 0.5220983 -0.3157374 -0.004509724 0.005976688
           oe         te
1  0.19493435 -0.2359998
2  0.00000000 -0.3052510
3 -0.03534302 -0.3097607

[[1]]$ipw.p$se
  delta         mu       mu_1       mu_0         de       se_1      se_0
1   0.5 0.11600232 0.05261178 0.16874079 0.13137062 0.05015686 0.1452780
2   1.0 0.02283287 0.02192090 0.04294038 0.04695771 0.00000000 0.0000000
3   2.0 0.04644286 0.03982768 0.07079787 0.05577874 0.03158690 0.0783264
          oe         te
1 0.10583039 0.04492493
2 0.00000000 0.04695771
3 0.04700593 0.06416416


[[1]]$ipw.np
[[1]]$ipw.np$est
  delta        mu      mu_1      mu_0         de        se_1         se_0
1   0.5 0.5097204 0.2826134 0.6791790 -0.3965656  0.06719329  0.179746727
2   1.0 0.3340971 0.2154201 0.4994323 -0.2840122  0.00000000  0.000000000
3   2.0 0.2886826 0.2028002 0.4898676 -0.2870674 -0.01261996 -0.009564707
           oe         te
1  0.17562334 -0.2168189
2  0.00000000 -0.2840122
3 -0.04541447 -0.2966321

[[1]]$ipw.np$se
  delta         mu       mu_1       mu_0         de       se_1       se_0
1   0.5 0.10761895 0.05181782 0.15468353 0.12015490 0.04896919 0.13247725
2   1.0 0.02283287 0.02242742 0.04151829 0.04570200 0.00000000 0.00000000
3   2.0 0.04287414 0.03852584 0.06412894 0.05262737 0.03032717 0.07120436
          oe         te
1 0.09766355 0.04484996
2 0.00000000 0.04570200
3 0.04372876 0.06220875



[1] "Total run time was 60.993 seconds"
