WARNING: ignoring environment value of R_HOME

Attaching package: ‘dplyr’

The following objects are masked from ‘package:stats’:

    filter, lag

The following objects are masked from ‘package:base’:

    intersect, setdiff, setequal, union

Loading required package: splines
Loading required package: foreach
Loaded gam 1.20.2

Super Learner
Version: 2.0-28
Package created on 2021-05-04

Loading required package: lattice
Loading required package: ggplot2
Loading required package: Matrix
Loaded glmnet 4.1-7
Loading required package: Formula
Loading required package: plotmo
Loading required package: plotrix
Loading required package: TeachingDemos
Loaded gbm 2.1.8.1

Attaching package: ‘xgboost’

The following object is masked from ‘package:dplyr’:

    slice

[1] "[Simulation setting]"
[1] "m: 100"
[1] "deltas: 0.5, 1, 2"
[1] "Sim.id 1"
[1] "Data generated"
[1] "Proposed & IPW estimators"
[1] "   Split: 1"
[1] "   Split: 2"
[1] "Estimates and SE estimates computed"
[1] ""
[[1]]
[[1]]$pro.p
[[1]]$pro.p$est
  delta        mu      mu_1      mu_0         de        se_1        se_0
1   0.5 0.4385716 0.2564870 0.5686949 -0.3122079  0.04043512  0.02357255
2   1.0 0.3501024 0.2160519 0.5451224 -0.3290705  0.00000000  0.00000000
3   2.0 0.2751691 0.2001122 0.4969403 -0.2968281 -0.01593968 -0.04818211
           oe         te
1  0.08846915 -0.2886354
2  0.00000000 -0.3290705
3 -0.07493335 -0.3450102

[[1]]$pro.p$se
  delta         mu       mu_1       mu_0         de       se_1       se_0
1   0.5 0.04231889 0.03912150 0.05132976 0.04557063 0.03300274 0.04360739
2   1.0 0.02734579 0.02427933 0.03550502 0.03040723 0.00000000 0.00000000
3   2.0 0.05084754 0.05246749 0.05751391 0.05461556 0.04042512 0.04595635
          oe         te
1 0.03605836 0.04316396
2 0.00000000 0.03040723
3 0.04062803 0.05537200


[[1]]$pro.np
[[1]]$pro.np$est
  delta        mu      mu_1      mu_0         de        se_1        se_0
1   0.5 0.4630926 0.2710172 0.5920124 -0.3209952  0.05499710  0.04554213
2   1.0 0.3555838 0.2160201 0.5464703 -0.3304502  0.00000000  0.00000000
3   2.0 0.2729925 0.1865809 0.4916404 -0.3050595 -0.02943913 -0.05482981
           oe         te
1  0.10750880 -0.2754531
2  0.00000000 -0.3304502
3 -0.08259131 -0.3598893

[[1]]$pro.np$se
  delta         mu       mu_1       mu_0         de       se_1       se_0
1   0.5 0.04725821 0.04223105 0.05376761 0.03768177 0.03537383 0.04244518
2   1.0 0.02844784 0.02552820 0.03553499 0.02849754 0.00000000 0.00000000
3   2.0 0.05362118 0.05554008 0.05563161 0.05527563 0.04312697 0.04513797
          oe         te
1 0.03849272 0.04173134
2 0.00000000 0.02849754
3 0.04337095 0.05732225


[[1]]$ipw.p
[[1]]$ipw.p$est
  delta        mu      mu_1      mu_0         de        se_1        se_0
1   0.5 0.4329269 0.2684123 0.5575062 -0.2890938 0.047207117  0.01033563
2   1.0 0.3503074 0.2212052 0.5471705 -0.3259653 0.000000000  0.00000000
3   2.0 0.2924104 0.2225667 0.4894514 -0.2668847 0.001361443 -0.05771915
           oe         te
1  0.08261951 -0.2787582
2  0.00000000 -0.3259653
3 -0.05789701 -0.3246039

[[1]]$ipw.p$se
  delta         mu       mu_1       mu_0         de       se_1       se_0
1   0.5 0.09496540 0.05373324 0.13013695 0.09225721 0.05138773 0.11101267
2   1.0 0.02038092 0.02078600 0.03786265 0.04096709 0.00000000 0.00000000
3   2.0 0.04975546 0.05708207 0.06196241 0.07145708 0.04761385 0.07085626
          oe         te
1 0.08638970 0.04644342
2 0.00000000 0.04096709
3 0.05009801 0.07602878


[[1]]$ipw.np
[[1]]$ipw.np$est
  delta        mu      mu_1      mu_0         de       se_1       se_0
1   0.5 0.4939856 0.2995153 0.6568906 -0.3573753 0.07152903 0.11543210
2   1.0 0.3503074 0.2279862 0.5414585 -0.3134723 0.00000000 0.00000000
3   2.0 0.3716270 0.2893189 0.5658265 -0.2765076 0.06133262 0.02436798
          oe         te
1 0.14367821 -0.2419432
2 0.00000000 -0.3134723
3 0.02131964 -0.2521396

[[1]]$ipw.np$se
  delta         mu       mu_1       mu_0         de       se_1      se_0
1   0.5 0.11596534 0.06486275 0.16558879 0.11866413 0.06309086 0.1451491
2   1.0 0.02038092 0.02159095 0.03890201 0.04262108 0.00000000 0.0000000
3   2.0 0.07647737 0.08002835 0.09321171 0.09418024 0.06999057 0.1024290
          oe         te
1 0.10771335 0.05492807
2 0.00000000 0.04262108
3 0.07674096 0.09707433



[1] "Total run time was 74.131 seconds"
