WARNING: ignoring environment value of R_HOME

Attaching package: ‘dplyr’

The following objects are masked from ‘package:stats’:

    filter, lag

The following objects are masked from ‘package:base’:

    intersect, setdiff, setequal, union

Loading required package: splines
Loading required package: foreach
Loaded gam 1.20.2

Super Learner
Version: 2.0-28
Package created on 2021-05-04

Loading required package: lattice
Loading required package: ggplot2
Loading required package: Matrix
Loaded glmnet 4.1-7
Loading required package: Formula
Loading required package: plotmo
Loading required package: plotrix
Loading required package: TeachingDemos
Loaded gbm 2.1.8.1

Attaching package: ‘xgboost’

The following object is masked from ‘package:dplyr’:

    slice

[1] "[Simulation setting]"
[1] "m: 100"
[1] "deltas: 0.5, 1, 2"
[1] "Sim.id 1"
[1] "Data generated"
[1] "Proposed & IPW estimators"
[1] "   Split: 1"
[1] "   Split: 2"
[1] "Estimates and SE estimates computed"
[1] ""
[[1]]
[[1]]$pro.p
[[1]]$pro.p$est
  delta        mu      mu_1      mu_0         de         se_1        se_0
1   0.5 0.4393281 0.2280102 0.6010481 -0.3730378  0.008411549  0.07629238
2   1.0 0.3396853 0.2195987 0.5247557 -0.3051570  0.000000000  0.00000000
3   2.0 0.2665561 0.2072455 0.4583965 -0.2511511 -0.012353240 -0.06635919
           oe         te
1  0.09964282 -0.2967455
2  0.00000000 -0.3051570
3 -0.07312918 -0.3175103

[[1]]$pro.p$se
  delta         mu       mu_1       mu_0         de       se_1       se_0
1   0.5 0.03813928 0.02497835 0.05431462 0.05054300 0.02054742 0.04355738
2   1.0 0.02426443 0.02186069 0.03463183 0.03280769 0.00000000 0.00000000
3   2.0 0.02968072 0.03286583 0.05240655 0.06207168 0.02390149 0.03829760
          oe         te
1 0.03170335 0.03587646
2 0.00000000 0.03280769
3 0.02072866 0.04372903


[[1]]$pro.np
[[1]]$pro.np$est
  delta        mu      mu_1      mu_0         de        se_1        se_0
1   0.5 0.4432022 0.2548819 0.5809037 -0.3260218  0.02913819  0.07998549
2   1.0 0.3348264 0.2257438 0.5009182 -0.2751745  0.00000000  0.00000000
3   2.0 0.2651097 0.2100129 0.4381823 -0.2281694 -0.01573086 -0.06273591
           oe         te
1  0.10837577 -0.2460363
2  0.00000000 -0.2751745
3 -0.06971669 -0.2909054

[[1]]$pro.np$se
  delta         mu       mu_1       mu_0         de       se_1       se_0
1   0.5 0.04134404 0.02961694 0.05913592 0.05393327 0.02639769 0.04677970
2   1.0 0.02465025 0.02248159 0.03293848 0.02818728 0.00000000 0.00000000
3   2.0 0.03224447 0.03635043 0.04903272 0.05838258 0.02605071 0.03422919
          oe         te
1 0.03415764 0.03491407
2 0.00000000 0.02818728
3 0.02237224 0.04278128


[[1]]$ipw.p
[[1]]$ipw.p$est
  delta        mu      mu_1      mu_0         de       se_1        se_0
1   0.5 0.4742204 0.2585724 0.6350065 -0.3764341 0.02985793  0.09841274
2   1.0 0.3512602 0.2287144 0.5365937 -0.3078793 0.00000000  0.00000000
3   2.0 0.3137863 0.2475368 0.5187623 -0.2712255 0.01882237 -0.01783145
           oe         te
1  0.12296020 -0.2780214
2  0.00000000 -0.3078793
3 -0.03747391 -0.2890569

[[1]]$ipw.p$se
  delta         mu       mu_1       mu_0         de       se_1       se_0
1   0.5 0.09020426 0.03580692 0.13583553 0.11195240 0.03530048 0.11340186
2   1.0 0.02056323 0.02026733 0.04028226 0.04441616 0.00000000 0.00000000
3   2.0 0.04425704 0.04972337 0.06171081 0.06393765 0.04272040 0.06961588
          oe         te
1 0.08187754 0.03345283
2 0.00000000 0.04441616
3 0.04639866 0.07318538


[[1]]$ipw.np
[[1]]$ipw.np$est
  delta        mu      mu_1      mu_0         de       se_1         se_0
1   0.5 0.5160110 0.2722444 0.7163843 -0.4441398 0.03795043  0.187896910
2   1.0 0.3512602 0.2342940 0.5284874 -0.2941934 0.00000000  0.000000000
3   2.0 0.3331113 0.2678946 0.5257064 -0.2578118 0.03360062 -0.002780969
           oe         te
1  0.16475074 -0.2562429
2  0.00000000 -0.2941934
3 -0.01814898 -0.2605927

[[1]]$ipw.np$se
  delta         mu       mu_1       mu_0         de       se_1       se_0
1   0.5 0.10072884 0.03896465 0.15675923 0.12907899 0.03950530 0.13400962
2   1.0 0.02056323 0.02082348 0.03986151 0.04458877 0.00000000 0.00000000
3   2.0 0.04589161 0.05269832 0.05973365 0.06361619 0.04519374 0.06853633
          oe         te
1 0.09335818 0.03430093
2 0.00000000 0.04458877
3 0.04777382 0.07564993



[1] "Total run time was 74.968 seconds"
