WARNING: ignoring environment value of R_HOME

Attaching package: ‘dplyr’

The following objects are masked from ‘package:stats’:

    filter, lag

The following objects are masked from ‘package:base’:

    intersect, setdiff, setequal, union

Loading required package: splines
Loading required package: foreach
Loaded gam 1.20.2

Super Learner
Version: 2.0-28
Package created on 2021-05-04

Loading required package: lattice
Loading required package: ggplot2
Loading required package: Matrix
Loaded glmnet 4.1-7
Loading required package: Formula
Loading required package: plotmo
Loading required package: plotrix
Loading required package: TeachingDemos
Loaded gbm 2.1.8.1

Attaching package: ‘xgboost’

The following object is masked from ‘package:dplyr’:

    slice

[1] "[Simulation setting]"
[1] "m: 100"
[1] "deltas: 0.5, 1, 2"
[1] "Sim.id 1"
[1] "Data generated"
[1] "Proposed & IPW estimators"
[1] "   Split: 1"
[1] "   Split: 2"
[1] "Estimates and SE estimates computed"
[1] ""
[[1]]
[[1]]$pro.p
[[1]]$pro.p$est
  delta        mu      mu_1      mu_0         de        se_1         se_0
1   0.5 0.4568882 0.2149143 0.6419464 -0.4270320 0.009456097  0.014612015
2   1.0 0.3697616 0.2054583 0.6273344 -0.4218761 0.000000000  0.000000000
3   2.0 0.3128200 0.2132160 0.6257297 -0.4125138 0.007757705 -0.001604621
           oe         te
1  0.08712658 -0.4124200
2  0.00000000 -0.4218761
3 -0.05694158 -0.4141184

[[1]]$pro.p$se
  delta         mu       mu_1       mu_0         de       se_1       se_0
1   0.5 0.03055857 0.02739756 0.04043996 0.04307669 0.01913331 0.03379875
2   1.0 0.02276747 0.02005749 0.03227171 0.03180594 0.00000000 0.00000000
3   2.0 0.03663684 0.03242951 0.05110149 0.04333414 0.02582442 0.04153213
          oe         te
1 0.02269643 0.03856536
2 0.00000000 0.03180594
3 0.02862890 0.03994607


[[1]]$pro.np
[[1]]$pro.np$est
  delta        mu      mu_1      mu_0         de       se_1       se_0
1   0.5 0.4498919 0.2331940 0.6149360 -0.3817419 0.01370009 0.03814042
2   1.0 0.3622107 0.2194940 0.5767956 -0.3573016 0.00000000 0.00000000
3   2.0 0.3237191 0.2280694 0.5974026 -0.3693332 0.00857547 0.02060705
           oe         te
1  0.08768126 -0.3436015
2  0.00000000 -0.3573016
3 -0.03849155 -0.3487261

[[1]]$pro.np$se
  delta         mu       mu_1       mu_0         de       se_1       se_0
1   0.5 0.02986334 0.03061219 0.03899758 0.04318284 0.02362233 0.03251910
2   1.0 0.02255929 0.02134843 0.03358354 0.03370433 0.00000000 0.00000000
3   2.0 0.03966297 0.03808297 0.05267041 0.04917641 0.02985169 0.04159537
          oe         te
1 0.02391828 0.04205790
2 0.00000000 0.03370433
3 0.03146351 0.04617574


[[1]]$ipw.p
[[1]]$ipw.p$est
  delta        mu      mu_1      mu_0         de        se_1        se_0
1   0.5 0.3414292 0.1950119 0.4523003 -0.2572884 -0.01438710 -0.17319348
2   1.0 0.3732872 0.2093990 0.6254937 -0.4160948  0.00000000  0.00000000
3   2.0 0.2744440 0.1701217 0.5992478 -0.4291261 -0.03927727 -0.02624596
           oe         te
1 -0.03185803 -0.4304819
2  0.00000000 -0.4160948
3 -0.09884317 -0.4553721

[[1]]$ipw.p$se
  delta         mu       mu_1       mu_0         de       se_1       se_0
1   0.5 0.04633206 0.03042289 0.06773040 0.06045211 0.02626268 0.05103728
2   1.0 0.01870180 0.01933173 0.03502858 0.03956770 0.00000000 0.00000000
3   2.0 0.03063846 0.02811987 0.05329051 0.04342424 0.02253193 0.06359722
          oe         te
1 0.03920876 0.03681281
2 0.00000000 0.03956770
3 0.03304376 0.05135053


[[1]]$ipw.np
[[1]]$ipw.np$est
  delta        mu      mu_1      mu_0         de        se_1       se_0
1   0.5 0.3576780 0.2047108 0.4754772 -0.2707663 -0.01322821 -0.1214545
2   1.0 0.3732872 0.2179390 0.5969317 -0.3789927  0.00000000  0.0000000
3   2.0 0.2953969 0.1871467 0.5823078 -0.3951611 -0.03079234 -0.0146239
           oe         te
1 -0.01560925 -0.3922209
2  0.00000000 -0.3789927
3 -0.07789032 -0.4097850

[[1]]$ipw.np$se
  delta        mu       mu_1       mu_0         de       se_1       se_0
1   0.5 0.0527509 0.03072719 0.08283072 0.07718468 0.02678786 0.06595720
2   1.0 0.0187018 0.01999410 0.03579375 0.04110382 0.00000000 0.00000000
3   2.0 0.0358855 0.03185180 0.05456369 0.04413784 0.02645971 0.06496658
          oe         te
1 0.04649281 0.03728556
2 0.00000000 0.04110382
3 0.03791840 0.05488985



[1] "Total run time was 68.375 seconds"
