WARNING: ignoring environment value of R_HOME

Attaching package: ‘dplyr’

The following objects are masked from ‘package:stats’:

    filter, lag

The following objects are masked from ‘package:base’:

    intersect, setdiff, setequal, union

Loading required package: splines
Loading required package: foreach
Loaded gam 1.20.2

Super Learner
Version: 2.0-28
Package created on 2021-05-04

Loading required package: lattice
Loading required package: ggplot2
Loading required package: Matrix
Loaded glmnet 4.1-7
Loading required package: Formula
Loading required package: plotmo
Loading required package: plotrix
Loading required package: TeachingDemos
Loaded gbm 2.1.8.1

Attaching package: ‘xgboost’

The following object is masked from ‘package:dplyr’:

    slice

[1] "[Simulation setting]"
[1] "m: 100"
[1] "deltas: 0.5, 1, 2"
[1] "Sim.id 1"
[1] "Data generated"
[1] "Proposed & IPW estimators"
[1] "   Split: 1"
[1] "   Split: 2"
[1] "Estimates and SE estimates computed"
[1] ""
[[1]]
[[1]]$pro.p
[[1]]$pro.p$est
  delta        mu      mu_1      mu_0         de        se_1         se_0
1   0.5 0.4387361 0.2242185 0.5784630 -0.3542445  0.02252324  0.024800783
2   1.0 0.3546417 0.2016953 0.5536622 -0.3519669  0.00000000  0.000000000
3   2.0 0.2821708 0.1827032 0.5521591 -0.3694559 -0.01899208 -0.001503129
           oe         te
1  0.08409446 -0.3294437
2  0.00000000 -0.3519669
3 -0.07247090 -0.3709590

[[1]]$pro.p$se
  delta         mu       mu_1       mu_0         de       se_1       se_0
1   0.5 0.03725554 0.03094574 0.04608456 0.03898362 0.02133669 0.03461588
2   1.0 0.02415906 0.02065615 0.03431984 0.03117168 0.00000000 0.00000000
3   2.0 0.03521216 0.03138276 0.05392456 0.04317494 0.02547038 0.03682429
          oe         te
1 0.02684819 0.03480960
2 0.00000000 0.03117168
3 0.02754236 0.04044957


[[1]]$pro.np
[[1]]$pro.np$est
  delta        mu      mu_1      mu_0         de        se_1        se_0
1   0.5 0.4444966 0.2475239 0.5698116 -0.3222877  0.03305842  0.02586045
2   1.0 0.3603513 0.2144655 0.5439511 -0.3294857  0.00000000  0.00000000
3   2.0 0.2806720 0.1810419 0.5422400 -0.3611981 -0.03342357 -0.00171114
           oe         te
1  0.08414526 -0.2964272
2  0.00000000 -0.3294857
3 -0.07967935 -0.3629092

[[1]]$pro.np$se
  delta         mu       mu_1       mu_0         de       se_1       se_0
1   0.5 0.03663074 0.03384513 0.04144506 0.03347827 0.02570589 0.03023201
2   1.0 0.02509518 0.02159233 0.03272003 0.02743720 0.00000000 0.00000000
3   2.0 0.04016243 0.03649331 0.05520295 0.04383387 0.02843690 0.03816262
          oe         te
1 0.02591342 0.03399610
2 0.00000000 0.02743720
3 0.03036160 0.04125849


[[1]]$ipw.p
[[1]]$ipw.p$est
  delta        mu      mu_1      mu_0         de       se_1          se_0
1   0.5 0.3910056 0.2101614 0.5260419 -0.3158805 0.01357607 -0.0215031243
2   1.0 0.3433789 0.1965854 0.5475450 -0.3509596 0.00000000  0.0000000000
3   2.0 0.3179189 0.2400141 0.5469221 -0.3069080 0.04342871 -0.0006229235
           oe         te
1  0.04762666 -0.3373836
2  0.00000000 -0.3509596
3 -0.02545996 -0.3075309

[[1]]$ipw.p$se
  delta         mu       mu_1       mu_0         de       se_1       se_0
1   0.5 0.08111318 0.03837407 0.12060725 0.09801797 0.03530937 0.10491350
2   1.0 0.02029571 0.01907604 0.03594394 0.03883310 0.00000000 0.00000000
3   2.0 0.07529071 0.09162771 0.06640577 0.07103575 0.08521446 0.07278752
          oe         te
1 0.07446783 0.03838601
2 0.00000000 0.03883310
3 0.07549978 0.10405714


[[1]]$ipw.np
[[1]]$ipw.np$est
  delta        mu      mu_1      mu_0         de       se_1         se_0
1   0.5 0.3973720 0.2162078 0.5315412 -0.3153334 0.01787629 -0.012261709
2   1.0 0.3433789 0.1983315 0.5438029 -0.3454714 0.00000000  0.000000000
3   2.0 0.3122133 0.2360358 0.5353110 -0.2992752 0.03770427 -0.008491904
           oe         te
1  0.05399307 -0.3275951
2  0.00000000 -0.3454714
3 -0.03116559 -0.3077672

[[1]]$ipw.np$se
  delta         mu       mu_1       mu_0         de       se_1       se_0
1   0.5 0.08430603 0.04002461 0.12519892 0.10071862 0.03677835 0.10921057
2   1.0 0.02029571 0.01918759 0.03615730 0.03882467 0.00000000 0.00000000
3   2.0 0.07289211 0.08804415 0.06484616 0.06800591 0.08179755 0.07163809
          oe         te
1 0.07745675 0.03840916
2 0.00000000 0.03882467
3 0.07344300 0.10093993



[1] "Total run time was 67.909 seconds"
