WARNING: ignoring environment value of R_HOME

Attaching package: ‘dplyr’

The following objects are masked from ‘package:stats’:

    filter, lag

The following objects are masked from ‘package:base’:

    intersect, setdiff, setequal, union

Loading required package: splines
Loading required package: foreach
Loaded gam 1.20.2

Super Learner
Version: 2.0-28
Package created on 2021-05-04

Loading required package: lattice
Loading required package: ggplot2
Loading required package: Matrix
Loaded glmnet 4.1-7
Loading required package: Formula
Loading required package: plotmo
Loading required package: plotrix
Loading required package: TeachingDemos
Loaded gbm 2.1.8.1

Attaching package: ‘xgboost’

The following object is masked from ‘package:dplyr’:

    slice

[1] "[Simulation setting]"
[1] "m: 100"
[1] "deltas: 0.5, 1, 2"
[1] "Sim.id 1"
[1] "Data generated"
[1] "Proposed & IPW estimators"
[1] "   Split: 1"
[1] "   Split: 2"
[1] "Estimates and SE estimates computed"
[1] ""
[[1]]
[[1]]$pro.p
[[1]]$pro.p$est
  delta        mu        mu_1      mu_0         de        se_1        se_0
1   0.5 0.4263528  0.25391211 0.5784645 -0.3245523  0.01194294 -0.02827552
2   1.0 0.3770939  0.24196917 0.6067400 -0.3647708  0.00000000  0.00000000
3   2.0 0.1138799 -0.02282667 0.5274018 -0.5502285 -0.26479583 -0.07933816
           oe         te
1  0.04925891 -0.3528279
2  0.00000000 -0.3647708
3 -0.26321398 -0.6295666

[[1]]$pro.p$se
  delta         mu       mu_1       mu_0         de      se_1       se_0
1   0.5 0.03654045 0.03051364 0.05071790 0.05365575 0.0239585 0.04014663
2   1.0 0.02832536 0.02659786 0.03706762 0.03534933 0.0000000 0.00000000
3   2.0 0.17356499 0.21842991 0.07561821 0.16799377 0.2120026 0.06589408
          oe         te
1 0.02859382 0.03996697
2 0.00000000 0.03534933
3 0.16850545 0.22099801


[[1]]$pro.np
[[1]]$pro.np$est
  delta        mu      mu_1      mu_0         de        se_1         se_0
1   0.5 0.4404881 0.2639198 0.5722846 -0.3083648  0.00716179  0.008184416
2   1.0 0.3715220 0.2567580 0.5641002 -0.3073422  0.00000000  0.000000000
3   2.0 0.1914174 0.1001203 0.4778313 -0.3777110 -0.15663770 -0.086268893
           oe         te
1  0.06896605 -0.3001804
2  0.00000000 -0.3073422
3 -0.18010460 -0.4639799

[[1]]$pro.np$se
  delta         mu       mu_1       mu_0         de      se_1       se_0
1   0.5 0.03797068 0.03016938 0.04658090 0.04277210 0.0236116 0.03558772
2   1.0 0.02920267 0.02685316 0.03604502 0.03030653 0.0000000 0.00000000
3   2.0 0.09874795 0.11474005 0.06639371 0.07871111 0.1064227 0.05342728
          oe         te
1 0.02766926 0.03655024
2 0.00000000 0.03030653
3 0.09087058 0.11532010


[[1]]$ipw.p
[[1]]$ipw.p$est
  delta        mu      mu_1      mu_0         de       se_1        se_0
1   0.5 0.5304411 0.3119984 0.7103841 -0.3983857 0.06084902  0.11142524
2   1.0 0.3779333 0.2511494 0.5989589 -0.3478095 0.00000000  0.00000000
3   2.0 0.4185421 0.3777720 0.5806735 -0.2029015 0.12662257 -0.01828545
          oe         te
1 0.15250777 -0.2869605
2 0.00000000 -0.3478095
3 0.04060882 -0.2211870

[[1]]$ipw.p$se
  delta         mu       mu_1       mu_0         de      se_1       se_0
1   0.5 0.13400738 0.06504033 0.18550496 0.13407983 0.0634461 0.16975488
2   1.0 0.02171148 0.02212932 0.04171032 0.04578102 0.0000000 0.00000000
3   2.0 0.13687068 0.16167335 0.08672019 0.09897122 0.1584403 0.09835626
         oe         te
1 0.1279629 0.06174049
2 0.0000000 0.04578102
3 0.1387419 0.17482667


[[1]]$ipw.np
[[1]]$ipw.np$est
  delta        mu      mu_1      mu_0         de       se_1        se_0
1   0.5 0.6244734 0.3602720 0.8643232 -0.5040512 0.09865314  0.27308258
2   1.0 0.3779333 0.2616188 0.5912406 -0.3296218 0.00000000  0.00000000
3   2.0 0.4023387 0.3623547 0.5604738 -0.1981191 0.10073585 -0.03076686
          oe         te
1 0.24654005 -0.2309687
2 0.00000000 -0.3296218
3 0.02440542 -0.2288859

[[1]]$ipw.np$se
  delta         mu       mu_1       mu_0         de       se_1       se_0
1   0.5 0.18878483 0.09390643 0.27429500 0.18937634 0.09336574 0.25972793
2   1.0 0.02171148 0.02333281 0.04118776 0.04630066 0.00000000 0.00000000
3   2.0 0.12183325 0.14393904 0.08228835 0.08555784 0.14034807 0.09368698
         oe         te
1 0.1838657 0.08775200
2 0.0000000 0.04630066
3 0.1234466 0.15752800



[1] "Total run time was 77.429 seconds"
