WARNING: ignoring environment value of R_HOME

Attaching package: ‘dplyr’

The following objects are masked from ‘package:stats’:

    filter, lag

The following objects are masked from ‘package:base’:

    intersect, setdiff, setequal, union

Loading required package: splines
Loading required package: foreach
Loaded gam 1.20.2

Super Learner
Version: 2.0-28
Package created on 2021-05-04

Loading required package: lattice
Loading required package: ggplot2
Loading required package: Matrix
Loaded glmnet 4.1-7
Loading required package: Formula
Loading required package: plotmo
Loading required package: plotrix
Loading required package: TeachingDemos
Loaded gbm 2.1.8.1

Attaching package: ‘xgboost’

The following object is masked from ‘package:dplyr’:

    slice

[1] "[Simulation setting]"
[1] "m: 100"
[1] "deltas: 0.5, 1, 2"
[1] "Sim.id 1"
[1] "Data generated"
[1] "Proposed & IPW estimators"
[1] "   Split: 1"
[1] "   Split: 2"
[1] "Estimates and SE estimates computed"
[1] ""
[[1]]
[[1]]$pro.p
[[1]]$pro.p$est
  delta        mu      mu_1      mu_0         de        se_1        se_0
1   0.5 0.4276504 0.2129986 0.5906940 -0.3776954 -0.01370038 0.044390775
2   1.0 0.3539720 0.2266990 0.5463032 -0.3196042  0.00000000 0.000000000
3   2.0 0.3121502 0.2369516 0.5512818 -0.3143302  0.01025264 0.004978658
           oe         te
1  0.07367838 -0.3333046
2  0.00000000 -0.3196042
3 -0.04182189 -0.3093516

[[1]]$pro.p$se
  delta         mu       mu_1       mu_0         de       se_1       se_0
1   0.5 0.04758527 0.04038641 0.06486046 0.06380763 0.03367800 0.04895371
2   1.0 0.02636149 0.02363054 0.03674722 0.03275827 0.00000000 0.00000000
3   2.0 0.04522086 0.04425764 0.05964384 0.04779124 0.03183431 0.04522534
          oe         te
1 0.03759042 0.04571237
2 0.00000000 0.03275827
3 0.03518100 0.04987217


[[1]]$pro.np
[[1]]$pro.np$est
  delta        mu      mu_1      mu_0         de         se_1       se_0
1   0.5 0.4219363 0.2256416 0.5604523 -0.3348108 -0.012075526 0.04850655
2   1.0 0.3515090 0.2377171 0.5119458 -0.2742287  0.000000000 0.00000000
3   2.0 0.3084860 0.2311573 0.5307655 -0.2996082 -0.006559788 0.01881971
           oe         te
1  0.07042728 -0.2863042
2  0.00000000 -0.2742287
3 -0.04302301 -0.2807885

[[1]]$pro.np$se
  delta         mu       mu_1       mu_0         de       se_1       se_0
1   0.5 0.04489192 0.03870958 0.06300454 0.06349845 0.03059759 0.04783582
2   1.0 0.02695673 0.02366655 0.03486184 0.02820785 0.00000000 0.00000000
3   2.0 0.04540712 0.04231977 0.05545189 0.03571514 0.03010631 0.04185416
          oe         te
1 0.03493173 0.04162406
2 0.00000000 0.02820785
3 0.03445633 0.04465500


[[1]]$ipw.p
[[1]]$ipw.p$est
  delta        mu      mu_1      mu_0         de        se_1         se_0
1   0.5 0.4472253 0.2273417 0.6135624 -0.3862207 -0.01126233  0.070302402
2   1.0 0.3601747 0.2386041 0.5432600 -0.3046560  0.00000000  0.000000000
3   2.0 0.3387337 0.2730021 0.5367000 -0.2636979  0.03439803 -0.006560023
           oe         te
1  0.08705057 -0.3159183
2  0.00000000 -0.3046560
3 -0.02144101 -0.2702580

[[1]]$ipw.p$se
  delta         mu       mu_1       mu_0         de       se_1       se_0
1   0.5 0.08832629 0.04459644 0.14043067 0.13173028 0.04354146 0.11506009
2   1.0 0.02037298 0.02178418 0.04000658 0.04611715 0.00000000 0.00000000
3   2.0 0.05009829 0.05439174 0.06235727 0.05909435 0.04440561 0.07484293
          oe         te
1 0.08014714 0.04946682
2 0.00000000 0.04611715
3 0.05050522 0.07634040


[[1]]$ipw.np
[[1]]$ipw.np$est
  delta        mu      mu_1      mu_0         de        se_1        se_0
1   0.5 0.4476961 0.2403409 0.5990609 -0.3587200 -0.00586296 0.075879151
2   1.0 0.3601747 0.2462038 0.5231817 -0.2769779  0.00000000 0.000000000
3   2.0 0.3573213 0.2979174 0.5257979 -0.2278805  0.05171362 0.002616224
            oe         te
1  0.087521392 -0.2828409
2  0.000000000 -0.2769779
3 -0.002853457 -0.2252643

[[1]]$ipw.np$se
  delta         mu       mu_1       mu_0         de       se_1       se_0
1   0.5 0.08980975 0.04786726 0.14115331 0.13239676 0.04680179 0.11592093
2   1.0 0.02037298 0.02241281 0.03928644 0.04577192 0.00000000 0.00000000
3   2.0 0.05681656 0.06292899 0.06539106 0.06240609 0.05219397 0.07714613
          oe         te
1 0.08177978 0.05215436
2 0.00000000 0.04577192
3 0.05679546 0.08283222



[1] "Total run time was 69.79 seconds"
