WARNING: ignoring environment value of R_HOME

Attaching package: ‘dplyr’

The following objects are masked from ‘package:stats’:

    filter, lag

The following objects are masked from ‘package:base’:

    intersect, setdiff, setequal, union

Loading required package: splines
Loading required package: foreach
Loaded gam 1.20.2

Super Learner
Version: 2.0-28
Package created on 2021-05-04

Loading required package: lattice
Loading required package: ggplot2
Loading required package: Matrix
Loaded glmnet 4.1-7
Loading required package: Formula
Loading required package: plotmo
Loading required package: plotrix
Loading required package: TeachingDemos
Loaded gbm 2.1.8.1

Attaching package: ‘xgboost’

The following object is masked from ‘package:dplyr’:

    slice

[1] "[Simulation setting]"
[1] "m: 100"
[1] "deltas: 0.5, 1, 2"
[1] "Sim.id 1"
[1] "Data generated"
[1] "Proposed & IPW estimators"
[1] "   Split: 1"
[1] "   Split: 2"
[1] "Estimates and SE estimates computed"
[1] ""
[[1]]
[[1]]$pro.p
[[1]]$pro.p$est
  delta        mu      mu_1      mu_0         de        se_1        se_0
1   0.5 0.4906127 0.2700738 0.6361792 -0.3661054  0.04233340  0.04922724
2   1.0 0.3816035 0.2277404 0.5869520 -0.3592115  0.00000000  0.00000000
3   2.0 0.2804288 0.1773609 0.5689157 -0.3915548 -0.05037958 -0.01803626
          oe         te
1  0.1090092 -0.3168781
2  0.0000000 -0.3592115
3 -0.1011748 -0.4095911

[[1]]$pro.p$se
  delta         mu       mu_1       mu_0         de       se_1       se_0
1   0.5 0.03322159 0.02848501 0.04606239 0.05056788 0.02080367 0.03370606
2   1.0 0.02551835 0.02451369 0.03028648 0.02785627 0.00000000 0.00000000
3   2.0 0.04195044 0.03876779 0.05630545 0.04300282 0.03009432 0.04733732
          oe         te
1 0.02539263 0.03289972
2 0.00000000 0.02785627
3 0.03331713 0.04179950


[[1]]$pro.np
[[1]]$pro.np$est
  delta        mu      mu_1      mu_0         de        se_1        se_0
1   0.5 0.4856569 0.2803310 0.6192295 -0.3388985  0.04490515  0.05852523
2   1.0 0.3766683 0.2354258 0.5607042 -0.3252784  0.00000000  0.00000000
3   2.0 0.2748300 0.1727175 0.5488760 -0.3761585 -0.06270835 -0.01182822
          oe         te
1  0.1089887 -0.2803732
2  0.0000000 -0.3252784
3 -0.1018383 -0.3879867

[[1]]$pro.np$se
  delta         mu       mu_1       mu_0         de       se_1      se_0
1   0.5 0.03170524 0.02942984 0.04089339 0.04515920 0.02158985 0.0301169
2   1.0 0.02642758 0.02578942 0.02926884 0.02456524 0.00000000 0.0000000
3   2.0 0.04514528 0.04438220 0.05828479 0.05255676 0.03432190 0.0487717
          oe         te
1 0.02286348 0.03085872
2 0.00000000 0.02456524
3 0.03494222 0.04484573


[[1]]$ipw.p
[[1]]$ipw.p$est
  delta        mu      mu_1      mu_0        de       se_1        se_0
1   0.5 0.4358663 0.2616328 0.5534488 -0.291816 0.03751273 -0.02013328
2   1.0 0.3725186 0.2241200 0.5735820 -0.349462 0.00000000  0.00000000
3   2.0 0.3269307 0.2278230 0.6023420 -0.374519 0.00370300  0.02875996
           oe         te
1  0.06334773 -0.3119493
2  0.00000000 -0.3494620
3 -0.04558784 -0.3457590

[[1]]$ipw.p$se
  delta         mu       mu_1       mu_0         de       se_1      se_0
1   0.5 0.06949282 0.03569260 0.10014378 0.08141946 0.03226556 0.0767853
2   1.0 0.02159540 0.02130431 0.03592434 0.03748097 0.00000000 0.0000000
3   2.0 0.06824685 0.06266678 0.09265392 0.04124967 0.05805358 0.1024585
          oe         te
1 0.05957303 0.03073365
2 0.00000000 0.03748097
3 0.06938262 0.07683189


[[1]]$ipw.np
[[1]]$ipw.np$est
  delta        mu      mu_1      mu_0         de       se_1        se_0
1   0.5 0.4333011 0.2682318 0.5448722 -0.2766404 0.03530582 -0.01405051
2   1.0 0.3725186 0.2329260 0.5589227 -0.3259967 0.00000000  0.00000000
3   2.0 0.3472447 0.2514377 0.6049912 -0.3535535 0.01851167  0.04606851
           oe         te
1  0.06078259 -0.2906909
2  0.00000000 -0.3259967
3 -0.02527383 -0.3074850

[[1]]$ipw.np$se
  delta         mu       mu_1       mu_0         de       se_1       se_0
1   0.5 0.06805568 0.03698227 0.09638135 0.07792592 0.03396194 0.07358049
2   1.0 0.02159540 0.02214980 0.03500796 0.03752379 0.00000000 0.00000000
3   2.0 0.07673468 0.07092915 0.10010366 0.04152440 0.06584545 0.10898860
          oe         te
1 0.05843830 0.03188378
2 0.00000000 0.03752379
3 0.07741204 0.08378342



[1] "Total run time was 68.484 seconds"
