WARNING: ignoring environment value of R_HOME

Attaching package: ‘dplyr’

The following objects are masked from ‘package:stats’:

    filter, lag

The following objects are masked from ‘package:base’:

    intersect, setdiff, setequal, union

Loading required package: splines
Loading required package: foreach
Loaded gam 1.20.2

Super Learner
Version: 2.0-28
Package created on 2021-05-04

Loading required package: lattice
Loading required package: ggplot2
Loading required package: Matrix
Loaded glmnet 4.1-7
Loading required package: Formula
Loading required package: plotmo
Loading required package: plotrix
Loading required package: TeachingDemos
Loaded gbm 2.1.8.1

Attaching package: ‘xgboost’

The following object is masked from ‘package:dplyr’:

    slice

[1] "[Simulation setting]"
[1] "m: 100"
[1] "deltas: 0.5, 1, 2"
[1] "Sim.id 1"
[1] "Data generated"
[1] "Proposed & IPW estimators"
[1] "   Split: 1"
[1] "   Split: 2"
[1] "Estimates and SE estimates computed"
[1] ""
[[1]]
[[1]]$pro.p
[[1]]$pro.p$est
  delta        mu       mu_1      mu_0         de        se_1        se_0
1   0.5 0.4576647 0.29339318 0.5699981 -0.2766049  0.04235178  0.02686462
2   1.0 0.3750250 0.25104140 0.5431335 -0.2920921  0.00000000  0.00000000
3   2.0 0.1954591 0.08442406 0.4638104 -0.3793863 -0.16661733 -0.07932311
           oe         te
1  0.08263973 -0.2497403
2  0.00000000 -0.2920921
3 -0.17956593 -0.4587094

[[1]]$pro.p$se
  delta         mu       mu_1       mu_0         de       se_1       se_0
1   0.5 0.03812592 0.03625893 0.04736390 0.04989456 0.03062732 0.03809962
2   1.0 0.02624482 0.02433822 0.03409568 0.03200395 0.00000000 0.00000000
3   2.0 0.12873450 0.15373160 0.07968829 0.09533224 0.14934352 0.07555418
          oe         te
1 0.03116766 0.04292911
2 0.00000000 0.03200395
3 0.12530025 0.15723588


[[1]]$pro.np
[[1]]$pro.np$est
  delta        mu      mu_1      mu_0         de        se_1        se_0
1   0.5 0.4436797 0.2951392 0.5504884 -0.2553491  0.03145999  0.03092113
2   1.0 0.3731244 0.2636792 0.5195672 -0.2558880  0.00000000  0.00000000
3   2.0 0.2757228 0.1920921 0.4844380 -0.2923459 -0.07158713 -0.03512922
           oe         te
1  0.07055524 -0.2244280
2  0.00000000 -0.2558880
3 -0.09740166 -0.3274751

[[1]]$pro.np$se
  delta         mu       mu_1       mu_0         de       se_1       se_0
1   0.5 0.04013579 0.03349200 0.05219873 0.04988176 0.02680812 0.04207775
2   1.0 0.02783183 0.02595740 0.03371908 0.02801333 0.00000000 0.00000000
3   2.0 0.07130314 0.07750039 0.05724085 0.05388983 0.07097169 0.04951305
          oe         te
1 0.03193363 0.03656113
2 0.00000000 0.02801333
3 0.06533735 0.08014130


[[1]]$ipw.p
[[1]]$ipw.p$est
  delta        mu      mu_1      mu_0         de       se_1         se_0
1   0.5 0.4522964 0.2875763 0.5713832 -0.2838070 0.03756479  0.009195808
2   1.0 0.3766901 0.2500115 0.5621874 -0.3121759 0.00000000  0.000000000
3   2.0 0.3480818 0.3074468 0.4920906 -0.1846437 0.05743533 -0.070096854
           oe         te
1  0.07560638 -0.2746111
2  0.00000000 -0.3121759
3 -0.02860827 -0.2547406

[[1]]$ipw.p$se
  delta         mu       mu_1       mu_0         de       se_1       se_0
1   0.5 0.07587911 0.04367082 0.11085071 0.09733641 0.04078759 0.08782866
2   1.0 0.02320534 0.02244299 0.03999442 0.04207216 0.00000000 0.00000000
3   2.0 0.09541637 0.13661870 0.05046186 0.14266981 0.13370715 0.06173526
          oe         te
1 0.06681770 0.04444565
2 0.00000000 0.04207216
3 0.09757565 0.14885112


[[1]]$ipw.np
[[1]]$ipw.np$est
  delta        mu      mu_1      mu_0         de         se_1        se_0
1   0.5 0.4574850 0.2974936 0.5733206 -0.2758270 0.0407626226  0.02632114
2   1.0 0.3766901 0.2567310 0.5469995 -0.2902685 0.0000000000  0.00000000
3   2.0 0.3104729 0.2574552 0.4735736 -0.2161184 0.0007242083 -0.07342590
           oe         te
1  0.08079497 -0.2495059
2  0.00000000 -0.2902685
3 -0.06621720 -0.2895443

[[1]]$ipw.np$se
  delta         mu       mu_1       mu_0         de       se_1       se_0
1   0.5 0.07776830 0.04554749 0.11457866 0.10010626 0.04283511 0.09171426
2   1.0 0.02320534 0.02322216 0.03934729 0.04184157 0.00000000 0.00000000
3   2.0 0.06269817 0.08655151 0.04631577 0.09157690 0.08209004 0.05743438
          oe         te
1 0.06910334 0.04524907
2 0.00000000 0.04184157
3 0.06448706 0.10136780



[1] "Total run time was 70.972 seconds"
