WARNING: ignoring environment value of R_HOME

Attaching package: ‘dplyr’

The following objects are masked from ‘package:stats’:

    filter, lag

The following objects are masked from ‘package:base’:

    intersect, setdiff, setequal, union

Loading required package: splines
Loading required package: foreach
Loaded gam 1.20.2

Super Learner
Version: 2.0-28
Package created on 2021-05-04

Loading required package: lattice
Loading required package: ggplot2
Loading required package: Matrix
Loaded glmnet 4.1-7
Loading required package: Formula
Loading required package: plotmo
Loading required package: plotrix
Loading required package: TeachingDemos
Loaded gbm 2.1.8.1

Attaching package: ‘xgboost’

The following object is masked from ‘package:dplyr’:

    slice

[1] "[Simulation setting]"
[1] "m: 100"
[1] "deltas: 0.5, 1, 2"
[1] "Sim.id 1"
[1] "Data generated"
[1] "Proposed & IPW estimators"
[1] "   Split: 1"
[1] "   Split: 2"
[1] "Estimates and SE estimates computed"
[1] ""
[[1]]
[[1]]$pro.p
[[1]]$pro.p$est
  delta        mu      mu_1      mu_0         de       se_1       se_0
1   0.5 0.4345182 0.2729487 0.5660628 -0.2931142 0.03203962 0.03959983
2   1.0 0.3525649 0.2409090 0.5264630 -0.2855540 0.00000000 0.00000000
3   2.0 0.3342976 0.2586738 0.5479491 -0.2892754 0.01776471 0.02148612
           oe         te
1  0.08195322 -0.2535143
2  0.00000000 -0.2855540
3 -0.01826736 -0.2677893

[[1]]$pro.p$se
  delta         mu       mu_1       mu_0         de       se_1       se_0
1   0.5 0.04007810 0.04169311 0.05764645 0.06977943 0.03344111 0.04912473
2   1.0 0.02622684 0.02607918 0.03316779 0.03232358 0.00000000 0.00000000
3   2.0 0.05830798 0.05592197 0.05710963 0.04135658 0.04340322 0.04649071
          oe         te
1 0.03453578 0.04691860
2 0.00000000 0.03232358
3 0.04774235 0.05865421


[[1]]$pro.np
[[1]]$pro.np$est
  delta        mu      mu_1      mu_0         de       se_1       se_0
1   0.5 0.4294821 0.2798267 0.5495662 -0.2697395 0.02502012 0.05700892
2   1.0 0.3461741 0.2548066 0.4925573 -0.2377507 0.00000000 0.00000000
3   2.0 0.3533001 0.2912562 0.5190239 -0.2277677 0.03644960 0.02646661
           oe         te
1 0.083307947 -0.2127306
2 0.000000000 -0.2377507
3 0.007125911 -0.2013011

[[1]]$pro.np$se
  delta         mu       mu_1       mu_0         de       se_1       se_0
1   0.5 0.04016636 0.03893069 0.06110955 0.07288675 0.03129566 0.05163471
2   1.0 0.02854366 0.02882817 0.03303234 0.02956880 0.00000000 0.00000000
3   2.0 0.06476735 0.06253276 0.05949683 0.04200486 0.04725262 0.04654660
          oe         te
1 0.03470916 0.04233249
2 0.00000000 0.02956880
3 0.05146872 0.06031565


[[1]]$ipw.p
[[1]]$ipw.p$est
  delta        mu      mu_1      mu_0         de        se_1        se_0
1   0.5 0.5077421 0.2827532 0.6958426 -0.4130894  0.04526092  0.15579091
2   1.0 0.3539711 0.2374923 0.5400517 -0.3025594  0.00000000  0.00000000
3   2.0 0.2615396 0.1770907 0.5237182 -0.3466274 -0.06040157 -0.01633356
           oe         te
1  0.15377103 -0.2572985
2  0.00000000 -0.3025594
3 -0.09243149 -0.3629610

[[1]]$ipw.p$se
  delta         mu       mu_1       mu_0         de       se_1       se_0
1   0.5 0.11648567 0.05260505 0.18359590 0.15697379 0.05095036 0.16616890
2   1.0 0.02117334 0.02166378 0.03582113 0.03844193 0.00000000 0.00000000
3   2.0 0.02973731 0.02832553 0.04597382 0.03782298 0.02048394 0.05359584
          oe         te
1 0.11050296 0.04534836
2 0.00000000 0.03844193
3 0.02928068 0.04916752


[[1]]$ipw.np
[[1]]$ipw.np$est
  delta        mu      mu_1      mu_0         de        se_1        se_0
1   0.5 0.4729983 0.2903248 0.6088449 -0.3185201  0.04836416  0.08349593
2   1.0 0.3539711 0.2419606 0.5253490 -0.2833884  0.00000000  0.00000000
3   2.0 0.2522374 0.1713463 0.4955990 -0.3242528 -0.07061437 -0.02974998
          oe         te
1  0.1190272 -0.2350242
2  0.0000000 -0.2833884
3 -0.1017337 -0.3540027

[[1]]$ipw.np$se
  delta         mu       mu_1       mu_0         de       se_1       se_0
1   0.5 0.10448849 0.05417615 0.14982788 0.11691167 0.05243347 0.13294904
2   1.0 0.02117334 0.02216829 0.03454985 0.03743446 0.00000000 0.00000000
3   2.0 0.02744157 0.02614540 0.04274639 0.03585070 0.01793720 0.04947762
          oe         te
1 0.09801883 0.04658519
2 0.00000000 0.03743446
3 0.02675239 0.04640736



[1] "Total run time was 74.497 seconds"
