WARNING: ignoring environment value of R_HOME

Attaching package: ‘dplyr’

The following objects are masked from ‘package:stats’:

    filter, lag

The following objects are masked from ‘package:base’:

    intersect, setdiff, setequal, union

Loading required package: splines
Loading required package: foreach
Loaded gam 1.20.2

Super Learner
Version: 2.0-28
Package created on 2021-05-04

Loading required package: lattice
Loading required package: ggplot2
Loading required package: Matrix
Loaded glmnet 4.1-7
Loading required package: Formula
Loading required package: plotmo
Loading required package: plotrix
Loading required package: TeachingDemos
Loaded gbm 2.1.8.1

Attaching package: ‘xgboost’

The following object is masked from ‘package:dplyr’:

    slice

[1] "[Simulation setting]"
[1] "m: 100"
[1] "deltas: 0.5, 1, 2"
[1] "Sim.id 1"
[1] "Data generated"
[1] "Proposed & IPW estimators"
[1] "   Split: 1"
[1] "   Split: 2"
[1] "Estimates and SE estimates computed"
[1] ""
[[1]]
[[1]]$pro.p
[[1]]$pro.p$est
  delta        mu      mu_1      mu_0         de       se_1       se_0
1   0.5 0.4695856 0.2535945 0.6379348 -0.3843403 0.01540356 0.07843915
2   1.0 0.3632547 0.2381909 0.5594956 -0.3213047 0.00000000 0.00000000
3   2.0 0.4019936 0.3403647 0.6047324 -0.2643676 0.10217377 0.04523673
         oe         te
1 0.1063308 -0.3059011
2 0.0000000 -0.3213047
3 0.0387389 -0.2191309

[[1]]$pro.p$se
  delta         mu       mu_1       mu_0         de       se_1       se_0
1   0.5 0.03451151 0.03194527 0.05278720 0.06150566 0.03129108 0.04268653
2   1.0 0.02980662 0.02803068 0.03877616 0.03260732 0.00000000 0.00000000
3   2.0 0.09049686 0.09383029 0.09623833 0.05733189 0.07741263 0.07603886
          oe         te
1 0.03085350 0.04448229
2 0.00000000 0.03260732
3 0.07474886 0.08638838


[[1]]$pro.np
[[1]]$pro.np$est
  delta        mu      mu_1      mu_0         de      se_1       se_0
1   0.5 0.4581015 0.2723075 0.6018156 -0.3295080 0.0187797 0.07011379
2   1.0 0.3635151 0.2535278 0.5317018 -0.2781739 0.0000000 0.00000000
3   2.0 0.4215416 0.3696495 0.5751756 -0.2055260 0.1161217 0.04347381
          oe         te
1 0.09458633 -0.2593942
2 0.00000000 -0.2781739
3 0.05802648 -0.1620522

[[1]]$pro.np$se
  delta         mu       mu_1       mu_0         de       se_1       se_0
1   0.5 0.03179500 0.02982555 0.04595869 0.05224888 0.03103888 0.03658966
2   1.0 0.03057798 0.03013882 0.03679049 0.03172917 0.00000000 0.00000000
3   2.0 0.10683323 0.10863037 0.10074920 0.04825361 0.08859762 0.08431113
          oe         te
1 0.02974523 0.04042438
2 0.00000000 0.03172917
3 0.08930416 0.10141117


[[1]]$ipw.p
[[1]]$ipw.p$est
  delta        mu      mu_1      mu_0         de         se_1         se_0
1   0.5 0.4159338 0.2375237 0.5598967 -0.3223730 -0.002021662 -0.007511302
2   1.0 0.3673048 0.2395453 0.5674080 -0.3278626  0.000000000  0.000000000
3   2.0 0.2982724 0.2285148 0.5096558 -0.2811410 -0.011030523 -0.057752168
           oe         te
1  0.04862903 -0.3298843
2  0.00000000 -0.3278626
3 -0.06903236 -0.3388931

[[1]]$ipw.p$se
  delta         mu       mu_1       mu_0         de       se_1       se_0
1   0.5 0.06736208 0.04049087 0.10560444 0.09517363 0.04057162 0.08171731
2   1.0 0.02273397 0.02339727 0.04278074 0.04671520 0.00000000 0.00000000
3   2.0 0.04275576 0.04632169 0.05714930 0.05675404 0.03433153 0.06584359
          oe         te
1 0.06033070 0.04634543
2 0.00000000 0.04671520
3 0.04121871 0.06984078


[[1]]$ipw.np
[[1]]$ipw.np$est
  delta        mu      mu_1      mu_0         de          se_1        se_0
1   0.5 0.4089011 0.2436924 0.5374067 -0.2937143 -0.0006198367 -0.01642455
2   1.0 0.3673048 0.2443122 0.5538312 -0.3095190  0.0000000000  0.00000000
3   2.0 0.3003043 0.2339979 0.4948566 -0.2608587 -0.0103143570 -0.05897462
           oe         te
1  0.04159635 -0.3101388
2  0.00000000 -0.3095190
3 -0.06700046 -0.3198333

[[1]]$ipw.np$se
  delta         mu       mu_1       mu_0         de       se_1       se_0
1   0.5 0.06533951 0.04011892 0.10084506 0.09109974 0.04002065 0.07772852
2   1.0 0.02273397 0.02392128 0.04217275 0.04610392 0.00000000 0.00000000
3   2.0 0.04635878 0.05027421 0.05713648 0.05494815 0.03811436 0.06524003
          oe         te
1 0.05816787 0.04526653
2 0.00000000 0.04610392
3 0.04441042 0.07198569



[1] "Total run time was 63.091 seconds"
