WARNING: ignoring environment value of R_HOME

Attaching package: ‘dplyr’

The following objects are masked from ‘package:stats’:

    filter, lag

The following objects are masked from ‘package:base’:

    intersect, setdiff, setequal, union

Loading required package: splines
Loading required package: foreach
Loaded gam 1.20.2

Super Learner
Version: 2.0-28
Package created on 2021-05-04

Loading required package: lattice
Loading required package: ggplot2
Loading required package: Matrix
Loaded glmnet 4.1-7
Loading required package: Formula
Loading required package: plotmo
Loading required package: plotrix
Loading required package: TeachingDemos
Loaded gbm 2.1.8.1

Attaching package: ‘xgboost’

The following object is masked from ‘package:dplyr’:

    slice

[1] "[Simulation setting]"
[1] "m: 100"
[1] "deltas: 0.5, 1, 2"
[1] "Sim.id 1"
[1] "Data generated"
[1] "Proposed & IPW estimators"
[1] "   Split: 1"
[1] "   Split: 2"
[1] "Estimates and SE estimates computed"
[1] ""
[[1]]
[[1]]$pro.p
[[1]]$pro.p$est
  delta        mu      mu_1      mu_0         de        se_1        se_0
1   0.5 0.4408354 0.2286857 0.5914216 -0.3627359  0.02700566  0.05695289
2   1.0 0.3400976 0.2016800 0.5344687 -0.3327887  0.00000000  0.00000000
3   2.0 0.2763138 0.1902992 0.4979734 -0.3076742 -0.01138082 -0.03649528
           oe         te
1  0.10073776 -0.3057830
2  0.00000000 -0.3327887
3 -0.06378377 -0.3441695

[[1]]$pro.p$se
  delta         mu       mu_1       mu_0         de       se_1       se_0
1   0.5 0.03823466 0.04318945 0.05973453 0.07998408 0.04023259 0.04870409
2   1.0 0.02395563 0.02087292 0.03385445 0.03258151 0.00000000 0.00000000
3   2.0 0.04075276 0.04320138 0.04873083 0.05720726 0.03601503 0.03895078
          oe         te
1 0.03141462 0.05468172
2 0.00000000 0.03258151
3 0.03506776 0.05356082


[[1]]$pro.np
[[1]]$pro.np$est
  delta        mu      mu_1      mu_0         de       se_1        se_0
1   0.5 0.4066756 0.2582722 0.4996151 -0.2413430 0.04720160 -0.01351526
2   1.0 0.3460637 0.2110705 0.5131304 -0.3020598 0.00000000  0.00000000
3   2.0 0.3029219 0.2231088 0.4874485 -0.2643397 0.01203825 -0.02568183
           oe         te
1  0.06061199 -0.2548582
2  0.00000000 -0.3020598
3 -0.04314175 -0.2900216

[[1]]$pro.np$se
  delta         mu       mu_1       mu_0         de       se_1       se_0
1   0.5 0.03055980 0.04276320 0.04669606 0.06943373 0.03910535 0.03814458
2   1.0 0.02462808 0.02165005 0.03346521 0.03088869 0.00000000 0.00000000
3   2.0 0.05401744 0.06393225 0.04984531 0.07324362 0.05765705 0.03730424
          oe         te
1 0.02502571 0.05266408
2 0.00000000 0.03088869
3 0.04759441 0.06862938


[[1]]$ipw.p
[[1]]$ipw.p$est
  delta        mu      mu_1      mu_0         de        se_1        se_0
1   0.5 0.6073457 0.2624026 0.8603839 -0.5979813  0.05518617  0.28239555
2   1.0 0.3581831 0.2072164 0.5779883 -0.3707719  0.00000000  0.00000000
3   2.0 0.2698101 0.1732697 0.5422753 -0.3690055 -0.03394667 -0.03571304
           oe         te
1  0.24916252 -0.3155857
2  0.00000000 -0.3707719
3 -0.08837305 -0.4047186

[[1]]$ipw.p$se
  delta         mu       mu_1       mu_0         de       se_1       se_0
1   0.5 0.16899571 0.04610618 0.27961612 0.26726731 0.04438994 0.25819839
2   1.0 0.01977770 0.01862506 0.03861659 0.04299523 0.00000000 0.00000000
3   2.0 0.03994856 0.03853369 0.06080360 0.04842255 0.03137220 0.07510333
          oe         te
1 0.16090479 0.04661363
2 0.00000000 0.04299523
3 0.04228915 0.06025398


[[1]]$ipw.np
[[1]]$ipw.np$est
  delta        mu      mu_1      mu_0         de        se_1        se_0
1   0.5 0.6088127 0.2747505 0.8451374 -0.5703869  0.06295768  0.27945682
2   1.0 0.3581831 0.2117928 0.5656806 -0.3538878  0.00000000  0.00000000
3   2.0 0.2616937 0.1674749 0.5219602 -0.3544853 -0.04431792 -0.04372039
           oe         te
1  0.25062952 -0.2909301
2  0.00000000 -0.3538878
3 -0.09648945 -0.3982057

[[1]]$ipw.np$se
  delta         mu       mu_1       mu_0         de       se_1       se_0
1   0.5 0.16830886 0.04791125 0.26886167 0.25165683 0.04603602 0.24756713
2   1.0 0.01977770 0.01868432 0.03814914 0.04251574 0.00000000 0.00000000
3   2.0 0.03789799 0.03704770 0.05872396 0.04747725 0.03074623 0.07283601
          oe         te
1 0.16008767 0.04704698
2 0.00000000 0.04251574
3 0.04087243 0.05863241



[1] "Total run time was 88.124 seconds"
