WARNING: ignoring environment value of R_HOME

Attaching package: ‘dplyr’

The following objects are masked from ‘package:stats’:

    filter, lag

The following objects are masked from ‘package:base’:

    intersect, setdiff, setequal, union

Loading required package: splines
Loading required package: foreach
Loaded gam 1.20.2

Super Learner
Version: 2.0-28
Package created on 2021-05-04

Loading required package: lattice
Loading required package: ggplot2
Loading required package: Matrix
Loaded glmnet 4.1-7
Loading required package: Formula
Loading required package: plotmo
Loading required package: plotrix
Loading required package: TeachingDemos
Loaded gbm 2.1.8.1

Attaching package: ‘xgboost’

The following object is masked from ‘package:dplyr’:

    slice

[1] "[Simulation setting]"
[1] "m: 100"
[1] "deltas: 0.5, 1, 2"
[1] "Sim.id 1"
[1] "Data generated"
[1] "Proposed & IPW estimators"
[1] "   Split: 1"
[1] "   Split: 2"
[1] "Estimates and SE estimates computed"
[1] ""
[[1]]
[[1]]$pro.p
[[1]]$pro.p$est
  delta        mu      mu_1      mu_0         de        se_1        se_0
1   0.5 0.5149183 0.2930964 0.6586744 -0.3655780  0.03473062  0.05067735
2   1.0 0.4091094 0.2583658 0.6079970 -0.3496312  0.00000000  0.00000000
3   2.0 0.3071466 0.2036887 0.5865012 -0.3828125 -0.05467707 -0.02149583
          oe         te
1  0.1058088 -0.3149006
2  0.0000000 -0.3496312
3 -0.1019629 -0.4043083

[[1]]$pro.p$se
  delta         mu       mu_1       mu_0         de       se_1       se_0
1   0.5 0.03963725 0.03249020 0.05142910 0.05058729 0.02521753 0.03761543
2   1.0 0.02351722 0.02170222 0.03114312 0.02809751 0.00000000 0.00000000
3   2.0 0.04079222 0.04589460 0.05305028 0.06224960 0.03967769 0.04508383
          oe         te
1 0.02923805 0.03508534
2 0.00000000 0.02809751
3 0.03437854 0.05073304


[[1]]$pro.np
[[1]]$pro.np$est
  delta        mu      mu_1      mu_0         de        se_1        se_0
1   0.5 0.5017048 0.3089509 0.6310474 -0.3220965  0.02638048  0.03791522
2   1.0 0.4148403 0.2825704 0.5931322 -0.3105618  0.00000000  0.00000000
3   2.0 0.3069622 0.2135418 0.5550354 -0.3414936 -0.06902859 -0.03809678
          oe         te
1  0.0868645 -0.2841813
2  0.0000000 -0.3105618
3 -0.1078781 -0.3795904

[[1]]$pro.np$se
  delta         mu       mu_1       mu_0         de       se_1       se_0
1   0.5 0.03537437 0.03111828 0.04638263 0.04628902 0.02490053 0.03299708
2   1.0 0.02397739 0.02306765 0.03108630 0.02898044 0.00000000 0.00000000
3   2.0 0.04256752 0.05416524 0.04877035 0.06982563 0.04883176 0.04272646
          oe         te
1 0.02779169 0.03498948
2 0.00000000 0.02898044
3 0.03716000 0.06049997


[[1]]$ipw.p
[[1]]$ipw.p$est
  delta        mu      mu_1      mu_0         de         se_1        se_0
1   0.5 0.5250993 0.2601494 0.7073624 -0.4472129  0.004977221  0.09526175
2   1.0 0.4040809 0.2551722 0.6121006 -0.3569284  0.000000000  0.00000000
3   2.0 0.3403057 0.2491372 0.5926909 -0.3435537 -0.006035034 -0.01940970
           oe         te
1  0.12101834 -0.3519512
2  0.00000000 -0.3569284
3 -0.06377526 -0.3629634

[[1]]$ipw.p$se
  delta         mu       mu_1      mu_0         de       se_1       se_0
1   0.5 0.10504323 0.04390885 0.1610353 0.14798616 0.04330331 0.13670284
2   1.0 0.02141984 0.02130591 0.0393064 0.04354311 0.00000000 0.00000000
3   2.0 0.04504799 0.04213252 0.0691549 0.05244459 0.03706052 0.08396023
          oe         te
1 0.09639555 0.04401038
2 0.00000000 0.04354311
3 0.04933913 0.06700787


[[1]]$ipw.np
[[1]]$ipw.np$est
  delta        mu      mu_1      mu_0         de         se_1        se_0
1   0.5 0.5166934 0.2695923 0.6876990 -0.4181067  0.001569437  0.08899811
2   1.0 0.4040809 0.2680229 0.5987009 -0.3306780  0.000000000  0.00000000
3   2.0 0.3364962 0.2510552 0.5876736 -0.3366184 -0.016967682 -0.01102727
           oe         te
1  0.11261247 -0.3291086
2  0.00000000 -0.3306780
3 -0.06758473 -0.3476457

[[1]]$ipw.np$se
  delta         mu       mu_1       mu_0         de       se_1       se_0
1   0.5 0.09936465 0.04134373 0.15291586 0.14425773 0.04085368 0.12891750
2   1.0 0.02141984 0.02229351 0.03830005 0.04317407 0.00000000 0.00000000
3   2.0 0.04558023 0.04201761 0.07582711 0.05618074 0.03641481 0.08892925
          oe         te
1 0.09094226 0.04255094
2 0.00000000 0.04317407
3 0.04904318 0.06545719



[1] "Total run time was 78.454 seconds"
