WARNING: ignoring environment value of R_HOME

Attaching package: ‘dplyr’

The following objects are masked from ‘package:stats’:

    filter, lag

The following objects are masked from ‘package:base’:

    intersect, setdiff, setequal, union

Loading required package: splines
Loading required package: foreach
Loaded gam 1.20.2

Super Learner
Version: 2.0-28
Package created on 2021-05-04

Loading required package: lattice
Loading required package: ggplot2
Loading required package: Matrix
Loaded glmnet 4.1-7
Loading required package: Formula
Loading required package: plotmo
Loading required package: plotrix
Loading required package: TeachingDemos
Loaded gbm 2.1.8.1

Attaching package: ‘xgboost’

The following object is masked from ‘package:dplyr’:

    slice

[1] "[Simulation setting]"
[1] "m: 100"
[1] "deltas: 0.5, 1, 2"
[1] "Sim.id 1"
[1] "Data generated"
[1] "Proposed & IPW estimators"
[1] "   Split: 1"
[1] "   Split: 2"
[1] "Estimates and SE estimates computed"
[1] ""
[[1]]
[[1]]$pro.p
[[1]]$pro.p$est
  delta        mu      mu_1      mu_0         de        se_1        se_0
1   0.5 0.4628051 0.3091209 0.5766490 -0.2675281  0.07344813  0.06508656
2   1.0 0.3438899 0.2356727 0.5115624 -0.2758897  0.00000000  0.00000000
3   2.0 0.2846981 0.2134908 0.4951717 -0.2816810 -0.02218196 -0.01639067
           oe         te
1  0.11891523 -0.2024415
2  0.00000000 -0.2758897
3 -0.05919171 -0.2980716

[[1]]$pro.p$se
  delta         mu       mu_1       mu_0         de       se_1       se_0
1   0.5 0.03226119 0.04000933 0.03656130 0.04441635 0.03508880 0.03260858
2   1.0 0.02666331 0.02558908 0.03417318 0.02991398 0.00000000 0.00000000
3   2.0 0.05996107 0.05485068 0.06889584 0.04155722 0.04525588 0.05719785
          oe         te
1 0.02891973 0.04747345
2 0.00000000 0.02991398
3 0.05038656 0.05708417


[[1]]$pro.np
[[1]]$pro.np$est
  delta        mu      mu_1      mu_0         de        se_1        se_0
1   0.5 0.4456464 0.2986383 0.5520426 -0.2534043  0.05291728 0.045339637
2   1.0 0.3519132 0.2457210 0.5067029 -0.2609820  0.00000000 0.000000000
3   2.0 0.3003580 0.2165963 0.5164417 -0.2998455 -0.02912470 0.009738819
           oe         te
1  0.09373317 -0.2080647
2  0.00000000 -0.2609820
3 -0.05155520 -0.2901067

[[1]]$pro.np$se
  delta         mu       mu_1       mu_0         de       se_1       se_0
1   0.5 0.03444510 0.03957636 0.03600369 0.03716941 0.03270106 0.02790655
2   1.0 0.02742264 0.02587090 0.03353355 0.02603603 0.00000000 0.00000000
3   2.0 0.07937871 0.07410807 0.07618319 0.03929643 0.06293195 0.06260380
          oe         te
1 0.02673177 0.04074994
2 0.00000000 0.02603603
3 0.06762306 0.07119157


[[1]]$ipw.p
[[1]]$ipw.p$est
  delta        mu      mu_1      mu_0         de        se_1        se_0
1   0.5 0.4394950 0.3230585 0.5338933 -0.2108349  0.07508849 -0.01234846
2   1.0 0.3630769 0.2479700 0.5462418 -0.2982718  0.00000000  0.00000000
3   2.0 0.2699944 0.1975457 0.4970641 -0.2995184 -0.05042426 -0.04917773
           oe         te
1  0.07641812 -0.2231833
2  0.00000000 -0.2982718
3 -0.09308243 -0.3486961

[[1]]$ipw.p$se
  delta         mu       mu_1       mu_0         de       se_1       se_0
1   0.5 0.07715350 0.05930366 0.10007069 0.06735795 0.05435498 0.08377670
2   1.0 0.02179717 0.02052691 0.03750074 0.03735259 0.00000000 0.00000000
3   2.0 0.03001025 0.02890421 0.05170246 0.04510489 0.02635922 0.05722557
          oe         te
1 0.06935622 0.05296568
2 0.00000000 0.03735259
3 0.03350870 0.05348183


[[1]]$ipw.np
[[1]]$ipw.np$est
  delta        mu      mu_1      mu_0         de        se_1        se_0
1   0.5 0.4135419 0.3149762 0.5019512 -0.1869750  0.05735131 -0.04127757
2   1.0 0.3630769 0.2576249 0.5432287 -0.2856038  0.00000000  0.00000000
3   2.0 0.2896827 0.2225589 0.5128553 -0.2902964 -0.03506604 -0.03037346
           oe         te
1  0.05046507 -0.2282525
2  0.00000000 -0.2856038
3 -0.07339414 -0.3206699

[[1]]$ipw.np$se
  delta         mu       mu_1       mu_0         de       se_1       se_0
1   0.5 0.06910168 0.05453680 0.09065971 0.06434697 0.04946382 0.07532595
2   1.0 0.02179717 0.02211072 0.03696165 0.03746952 0.00000000 0.00000000
3   2.0 0.03655802 0.03677817 0.05578976 0.04673141 0.03222513 0.06020417
          oe         te
1 0.06172725 0.04853187
2 0.00000000 0.03746952
3 0.03839221 0.05846212



[1] "Total run time was 94.681 seconds"
