WARNING: ignoring environment value of R_HOME

Attaching package: ‘dplyr’

The following objects are masked from ‘package:stats’:

    filter, lag

The following objects are masked from ‘package:base’:

    intersect, setdiff, setequal, union

Loading required package: splines
Loading required package: foreach
Loaded gam 1.20.2

Super Learner
Version: 2.0-28
Package created on 2021-05-04

Loading required package: lattice
Loading required package: ggplot2
Loading required package: Matrix
Loaded glmnet 4.1-7
Loading required package: Formula
Loading required package: plotmo
Loading required package: plotrix
Loading required package: TeachingDemos
Loaded gbm 2.1.8.1

Attaching package: ‘xgboost’

The following object is masked from ‘package:dplyr’:

    slice

[1] "[Simulation setting]"
[1] "m: 100"
[1] "deltas: 0.5, 1, 2"
[1] "Sim.id 1"
[1] "Data generated"
[1] "Proposed & IPW estimators"
[1] "   Split: 1"
[1] "   Split: 2"
[1] "Estimates and SE estimates computed"
[1] ""
[[1]]
[[1]]$pro.p
[[1]]$pro.p$est
  delta        mu      mu_1      mu_0         de        se_1         se_0
1   0.5 0.4427394 0.3558297 0.5132122 -0.1573825  0.12154372 -0.040934682
2   1.0 0.3642910 0.2342860 0.5541469 -0.3198609  0.00000000  0.000000000
3   2.0 0.2831363 0.1834553 0.5609701 -0.3775147 -0.05083063  0.006823212
           oe         te
1  0.07844846 -0.1983172
2  0.00000000 -0.3198609
3 -0.08115465 -0.3706915

[[1]]$pro.p$se
  delta         mu       mu_1       mu_0         de       se_1       se_0
1   0.5 0.05051931 0.07987453 0.05853962 0.09968055 0.07873066 0.04580238
2   1.0 0.02767172 0.02313370 0.03785682 0.03129445 0.00000000 0.00000000
3   2.0 0.04569058 0.04931912 0.05115810 0.05387357 0.03846398 0.03953030
          oe         te
1 0.04388933 0.08505511
2 0.00000000 0.03129445
3 0.03628240 0.05543184


[[1]]$pro.np
[[1]]$pro.np$est
  delta        mu      mu_1      mu_0         de        se_1        se_0
1   0.5 0.4396759 0.3471024 0.5113084 -0.1642061  0.10686586 -0.01953646
2   1.0 0.3614563 0.2402365 0.5308449 -0.2906084  0.00000000  0.00000000
3   2.0 0.2943606 0.1923912 0.5591578 -0.3667666 -0.04784531  0.02831286
           oe         te
1  0.07821963 -0.1837426
2  0.00000000 -0.2906084
3 -0.06709569 -0.3384537

[[1]]$pro.np$se
  delta         mu       mu_1       mu_0         de       se_1       se_0
1   0.5 0.04815547 0.06977222 0.04353861 0.06390373 0.06734211 0.03512764
2   1.0 0.02763398 0.02426624 0.03689420 0.02982338 0.00000000 0.00000000
3   2.0 0.04360256 0.04751669 0.05073472 0.05648450 0.03599439 0.03702322
          oe         te
1 0.04210410 0.07398199
2 0.00000000 0.02982338
3 0.03363422 0.05290550


[[1]]$ipw.p
[[1]]$ipw.p$est
  delta        mu      mu_1      mu_0         de         se_1       se_0
1   0.5 0.5467169 0.3961964 0.6537273 -0.2575309  0.143737278 0.08127807
2   1.0 0.3870224 0.2524591 0.5724492 -0.3199901  0.000000000 0.00000000
3   2.0 0.3425638 0.2429279 0.6147194 -0.3717914 -0.009531225 0.04227012
           oe         te
1  0.15969453 -0.1762528
2  0.00000000 -0.3199901
3 -0.04445863 -0.3295213

[[1]]$ipw.p$se
  delta         mu       mu_1       mu_0         de       se_1       se_0
1   0.5 0.14784323 0.10858034 0.17904684 0.08281494 0.10796056 0.16674417
2   1.0 0.02357961 0.02026942 0.03904315 0.03733432 0.00000000 0.00000000
3   2.0 0.05776270 0.06129824 0.06786082 0.05684258 0.05535968 0.07743964
          oe         te
1 0.14243435 0.10342898
2 0.00000000 0.03733432
3 0.05983063 0.07861472


[[1]]$ipw.np
[[1]]$ipw.np$est
  delta        mu      mu_1      mu_0         de        se_1       se_0
1   0.5 0.5131378 0.3876673 0.5999466 -0.2122794  0.12597096 0.04258906
2   1.0 0.3870224 0.2616963 0.5573576 -0.2956613  0.00000000 0.00000000
3   2.0 0.3473383 0.2505464 0.6005803 -0.3500339 -0.01114986 0.04322276
           oe         te
1  0.12611536 -0.1696903
2  0.00000000 -0.2956613
3 -0.03968412 -0.3068111

[[1]]$ipw.np$se
  delta         mu       mu_1       mu_0         de       se_1       se_0
1   0.5 0.12262369 0.09403721 0.14430546 0.06544898 0.09338002 0.13093775
2   1.0 0.02357961 0.02097197 0.03858292 0.03727495 0.00000000 0.00000000
3   2.0 0.05666607 0.06063410 0.06588930 0.05708410 0.05388436 0.07491141
          oe         te
1 0.11640375 0.08870003
2 0.00000000 0.03727495
3 0.05846734 0.07765200



[1] "Total run time was 70.637 seconds"
