WARNING: ignoring environment value of R_HOME

Attaching package: ‘dplyr’

The following objects are masked from ‘package:stats’:

    filter, lag

The following objects are masked from ‘package:base’:

    intersect, setdiff, setequal, union

Loading required package: splines
Loading required package: foreach
Loaded gam 1.20.2

Super Learner
Version: 2.0-28
Package created on 2021-05-04

Loading required package: lattice
Loading required package: ggplot2
Loading required package: Matrix
Loaded glmnet 4.1-7
Loading required package: Formula
Loading required package: plotmo
Loading required package: plotrix
Loading required package: TeachingDemos
Loaded gbm 2.1.8.1

Attaching package: ‘xgboost’

The following object is masked from ‘package:dplyr’:

    slice

[1] "[Simulation setting]"
[1] "m: 100"
[1] "deltas: 0.5, 1, 2"
[1] "Sim.id 1"
[1] "Data generated"
[1] "Proposed & IPW estimators"
[1] "   Split: 1"
[1] "   Split: 2"
[1] "Estimates and SE estimates computed"
[1] ""
[[1]]
[[1]]$pro.p
[[1]]$pro.p$est
  delta        mu      mu_1      mu_0         de       se_1         se_0
1   0.5 0.4352226 0.2880042 0.5519077 -0.2639035 0.03856728  0.003167816
2   1.0 0.3694045 0.2494369 0.5487399 -0.2993029 0.00000000  0.000000000
3   2.0 0.3218153 0.2628310 0.4900940 -0.2272630 0.01339411 -0.058645823
           oe         te
1  0.06581814 -0.2607356
2  0.00000000 -0.2993029
3 -0.04758915 -0.2859088

[[1]]$pro.p$se
  delta         mu       mu_1       mu_0         de       se_1       se_0
1   0.5 0.03295917 0.03160138 0.03744245 0.03366863 0.02568092 0.03098312
2   1.0 0.02594824 0.02478192 0.03302909 0.03120634 0.00000000 0.00000000
3   2.0 0.05618155 0.06646484 0.08382828 0.11080808 0.05955234 0.07341095
          oe         te
1 0.02687480 0.03783222
2 0.00000000 0.03120634
3 0.04839804 0.07033803


[[1]]$pro.np
[[1]]$pro.np$est
  delta        mu      mu_1      mu_0         de       se_1        se_0
1   0.5 0.4354156 0.2814260 0.5487081 -0.2672821 0.01805419  0.02749092
2   1.0 0.3704515 0.2633718 0.5212171 -0.2578454 0.00000000  0.00000000
3   2.0 0.3457693 0.2982265 0.4811739 -0.1829475 0.03485469 -0.04004319
           oe         te
1  0.06496413 -0.2397912
2  0.00000000 -0.2578454
3 -0.02468214 -0.2229907

[[1]]$pro.np$se
  delta         mu       mu_1       mu_0         de       se_1       se_0
1   0.5 0.03264588 0.02653811 0.04059535 0.03453455 0.02113918 0.03529945
2   1.0 0.02607421 0.02503557 0.03163180 0.02751763 0.00000000 0.00000000
3   2.0 0.06024251 0.06745139 0.07526995 0.08944847 0.05834332 0.06250641
          oe         te
1 0.02714642 0.03170859
2 0.00000000 0.02751763
3 0.05066416 0.06799988


[[1]]$ipw.p
[[1]]$ipw.p$est
  delta        mu      mu_1      mu_0         de       se_1        se_0
1   0.5 0.4388916 0.3078833 0.5305577 -0.2226744 0.04671782 -0.02298689
2   1.0 0.3813156 0.2611655 0.5535446 -0.2923791 0.00000000  0.00000000
3   2.0 0.3762619 0.3379377 0.4821938 -0.1442561 0.07677220 -0.07135081
            oe         te
1  0.057575949 -0.2456613
2  0.000000000 -0.2923791
3 -0.005053687 -0.2156069

[[1]]$ipw.p$se
  delta         mu       mu_1       mu_0         de       se_1       se_0
1   0.5 0.09799008 0.05803109 0.12849972 0.08275014 0.05635807 0.11304930
2   1.0 0.02200524 0.02273581 0.03626890 0.03925865 0.00000000 0.00000000
3   2.0 0.12776692 0.17072114 0.04972567 0.17890151 0.16601936 0.05288356
          oe         te
1 0.09123106 0.05180868
2 0.00000000 0.03925865
3 0.12779015 0.18068613


[[1]]$ipw.np
[[1]]$ipw.np$est
  delta        mu      mu_1      mu_0         de       se_1        se_0
1   0.5 0.4277314 0.3120418 0.5067723 -0.1947305 0.04320959 -0.03041424
2   1.0 0.3813156 0.2688323 0.5371866 -0.2683543 0.00000000  0.00000000
3   2.0 0.3817771 0.3433453 0.4869184 -0.1435731 0.07451303 -0.05026814
            oe         te
1 0.0464157709 -0.2251447
2 0.0000000000 -0.2683543
3 0.0004614712 -0.1938413

[[1]]$ipw.np$se
  delta         mu       mu_1       mu_0         de       se_1       se_0
1   0.5 0.09731311 0.05901156 0.12622765 0.08025213 0.05730057 0.11099350
2   1.0 0.02200524 0.02338083 0.03555338 0.03865582 0.00000000 0.00000000
3   2.0 0.12068693 0.16417552 0.05087818 0.17220064 0.15912010 0.05308544
          oe         te
1 0.09052173 0.05163294
2 0.00000000 0.03865582
3 0.12056143 0.17394789



[1] "Total run time was 62.587 seconds"
