WARNING: ignoring environment value of R_HOME

Attaching package: ‘dplyr’

The following objects are masked from ‘package:stats’:

    filter, lag

The following objects are masked from ‘package:base’:

    intersect, setdiff, setequal, union

Loading required package: splines
Loading required package: foreach
Loaded gam 1.20.2

Super Learner
Version: 2.0-28
Package created on 2021-05-04

Loading required package: lattice
Loading required package: ggplot2
Loading required package: Matrix
Loaded glmnet 4.1-7
Loading required package: Formula
Loading required package: plotmo
Loading required package: plotrix
Loading required package: TeachingDemos
Loaded gbm 2.1.8.1

Attaching package: ‘xgboost’

The following object is masked from ‘package:dplyr’:

    slice

[1] "[Simulation setting]"
[1] "m: 100"
[1] "deltas: 0.5, 1, 2"
[1] "Sim.id 1"
[1] "Data generated"
[1] "Proposed & IPW estimators"
[1] "   Split: 1"
[1] "   Split: 2"
[1] "Estimates and SE estimates computed"
[1] ""
[[1]]
[[1]]$pro.p
[[1]]$pro.p$est
  delta        mu      mu_1      mu_0         de        se_1       se_0
1   0.5 0.4282937 0.2337409 0.5847523 -0.3510114 -0.01718301 0.05425923
2   1.0 0.3581814 0.2509239 0.5304930 -0.2795691  0.00000000 0.00000000
3   2.0 0.2738824 0.1966169 0.5442303 -0.3476134 -0.05430703 0.01373728
           oe         te
1  0.07011231 -0.2967522
2  0.00000000 -0.2795691
3 -0.08429890 -0.3338762

[[1]]$pro.p$se
  delta         mu       mu_1       mu_0         de       se_1       se_0
1   0.5 0.04315610 0.03855557 0.05823129 0.05311641 0.03392657 0.04454605
2   1.0 0.02668299 0.02589277 0.03627505 0.03349473 0.00000000 0.00000000
3   2.0 0.05279512 0.05369497 0.06483395 0.07017097 0.04769430 0.05114180
          oe         te
1 0.03666926 0.04204693
2 0.00000000 0.03349473
3 0.04523903 0.05971499


[[1]]$pro.np
[[1]]$pro.np$est
  delta        mu      mu_1      mu_0         de        se_1       se_0
1   0.5 0.4055831 0.2322760 0.5395316 -0.3072556 -0.03203633 0.03642791
2   1.0 0.3585472 0.2643123 0.5031036 -0.2387914  0.00000000 0.00000000
3   2.0 0.2998117 0.2274140 0.5258223 -0.2984083 -0.03689829 0.02271869
           oe         te
1  0.04703588 -0.2708277
2  0.00000000 -0.2387914
3 -0.05873546 -0.2756896

[[1]]$pro.np$se
  delta         mu       mu_1       mu_0         de       se_1       se_0
1   0.5 0.03817026 0.03278446 0.05524250 0.05391774 0.02689537 0.04071011
2   1.0 0.02660330 0.02591139 0.03432757 0.02914724 0.00000000 0.00000000
3   2.0 0.04637319 0.04852792 0.05814249 0.06040015 0.03985347 0.04615405
          oe         te
1 0.03012726 0.03708078
2 0.00000000 0.02914724
3 0.03673813 0.05115036


[[1]]$ipw.p
[[1]]$ipw.p$est
  delta        mu      mu_1      mu_0         de         se_1        se_0
1   0.5 0.4356597 0.2478055 0.5896362 -0.3418306 -0.009013836  0.04431536
2   1.0 0.3665680 0.2568194 0.5453208 -0.2885014  0.000000000  0.00000000
3   2.0 0.2907659 0.2249478 0.5040203 -0.2790725 -0.031871588 -0.04130055
           oe         te
1  0.06909167 -0.2975153
2  0.00000000 -0.2885014
3 -0.07580211 -0.3203730

[[1]]$ipw.p$se
  delta         mu       mu_1       mu_0         de       se_1       se_0
1   0.5 0.07979721 0.03396988 0.12856764 0.11489190 0.03067849 0.10767460
2   1.0 0.02207638 0.02306344 0.03911437 0.04249663 0.00000000 0.00000000
3   2.0 0.03345590 0.03784424 0.04740724 0.05333429 0.03231991 0.05833447
          oe         te
1 0.07270752 0.03134845
2 0.00000000 0.04249663
3 0.03624967 0.06207957


[[1]]$ipw.np
[[1]]$ipw.np$est
  delta        mu      mu_1      mu_0         de        se_1        se_0
1   0.5 0.4311207 0.2499670 0.5767495 -0.3267825 -0.01242169  0.04189756
2   1.0 0.3665680 0.2623887 0.5348519 -0.2724633  0.00000000  0.00000000
3   2.0 0.3059449 0.2427556 0.5020985 -0.2593429 -0.01963304 -0.03275344
           oe         te
1  0.06455271 -0.2848850
2  0.00000000 -0.2724633
3 -0.06062314 -0.2920963

[[1]]$ipw.np$se
  delta         mu       mu_1       mu_0         de       se_1       se_0
1   0.5 0.07851732 0.03487655 0.12337616 0.10915511 0.03201662 0.10324045
2   1.0 0.02207638 0.02368281 0.03838474 0.04242714 0.00000000 0.00000000
3   2.0 0.03718032 0.04238238 0.04889087 0.05578142 0.03681858 0.05960673
          oe         te
1 0.07169034 0.03249347
2 0.00000000 0.04242714
3 0.03978910 0.06528364



[1] "Total run time was 67.096 seconds"
