WARNING: ignoring environment value of R_HOME

Attaching package: ‘dplyr’

The following objects are masked from ‘package:stats’:

    filter, lag

The following objects are masked from ‘package:base’:

    intersect, setdiff, setequal, union

Loading required package: splines
Loading required package: foreach
Loaded gam 1.20.2

Super Learner
Version: 2.0-28
Package created on 2021-05-04

Loading required package: lattice
Loading required package: ggplot2
Loading required package: Matrix
Loaded glmnet 4.1-7
Loading required package: Formula
Loading required package: plotmo
Loading required package: plotrix
Loading required package: TeachingDemos
Loaded gbm 2.1.8.1

Attaching package: ‘xgboost’

The following object is masked from ‘package:dplyr’:

    slice

[1] "[Simulation setting]"
[1] "m: 100"
[1] "deltas: 0.5, 1, 2"
[1] "Sim.id 1"
[1] "Data generated"
[1] "Proposed & IPW estimators"
[1] "   Split: 1"
[1] "   Split: 2"
[1] "Estimates and SE estimates computed"
[1] ""
[[1]]
[[1]]$pro.p
[[1]]$pro.p$est
  delta        mu      mu_1      mu_0         de        se_1          se_0
1   0.5 0.5123972 0.2958477 0.6535237 -0.3576760  0.07836763  0.0780342468
2   1.0 0.3671562 0.2174801 0.5754895 -0.3580094  0.00000000  0.0000000000
3   2.0 0.2998948 0.2058792 0.5750534 -0.3691742 -0.01160093 -0.0004360627
           oe         te
1  0.14524102 -0.2796417
2  0.00000000 -0.3580094
3 -0.06726143 -0.3696103

[[1]]$pro.p$se
  delta         mu       mu_1       mu_0         de       se_1       se_0
1   0.5 0.06167043 0.04916292 0.07679001 0.05650954 0.04417836 0.05696360
2   1.0 0.02658652 0.02348783 0.04014674 0.03706545 0.00000000 0.00000000
3   2.0 0.04812239 0.05368028 0.06960738 0.07575589 0.04234050 0.05837749
          oe         te
1 0.05022311 0.05363961
2 0.00000000 0.03706545
3 0.03890521 0.06011246


[[1]]$pro.np
[[1]]$pro.np$est
  delta        mu      mu_1      mu_0         de        se_1       se_0
1   0.5 0.5106595 0.3014931 0.6472957 -0.3458026  0.07698489 0.08937835
2   1.0 0.3679402 0.2245082 0.5579174 -0.3334091  0.00000000 0.00000000
3   2.0 0.2716168 0.1583229 0.5742703 -0.4159474 -0.06618531 0.01635298
           oe         te
1  0.14271924 -0.2564242
2  0.00000000 -0.3334091
3 -0.09632347 -0.3995944

[[1]]$pro.np$se
  delta         mu       mu_1       mu_0         de       se_1       se_0
1   0.5 0.06053075 0.04255809 0.08273176 0.05897588 0.03662706 0.06420402
2   1.0 0.02683009 0.02365285 0.03733278 0.03084817 0.00000000 0.00000000
3   2.0 0.04868799 0.05674858 0.06281722 0.07292123 0.04577634 0.05356633
          oe         te
1 0.04885779 0.04230412
2 0.00000000 0.03084817
3 0.03911011 0.06020539


[[1]]$ipw.p
[[1]]$ipw.p$est
  delta        mu      mu_1      mu_0         de      se_1       se_0
1   0.5 0.7490105 0.3628596 1.0839730 -0.7211134 0.1278622 0.46439303
2   1.0 0.3837718 0.2349974 0.6195800 -0.3845826 0.0000000 0.00000000
3   2.0 0.4433041 0.3579842 0.6845348 -0.3265506 0.1229869 0.06495482
          oe         te
1 0.36523875 -0.2567204
2 0.00000000 -0.3845826
3 0.05953231 -0.2615958

[[1]]$ipw.p$se
  delta         mu       mu_1       mu_0         de       se_1      se_0
1   0.5 0.18442495 0.08029454 0.28047333 0.21240708 0.08031151 0.2591246
2   1.0 0.01965784 0.02224932 0.04085622 0.04853434 0.00000000 0.0000000
3   2.0 0.08225500 0.09313203 0.09416919 0.09204573 0.08558279 0.1084211
         oe         te
1 0.1774264 0.06834257
2 0.0000000 0.04853434
3 0.0844596 0.11325592


[[1]]$ipw.np
[[1]]$ipw.np$est
  delta        mu      mu_1      mu_0         de      se_1       se_0
1   0.5 0.7636078 0.3823619 1.0902274 -0.7078655 0.1445811 0.47918073
2   1.0 0.3837718 0.2377808 0.6110467 -0.3732659 0.0000000 0.00000000
3   2.0 0.4414850 0.3681763 0.6600398 -0.2918634 0.1303956 0.04899311
          oe         te
1 0.37983609 -0.2286847
2 0.00000000 -0.3732659
3 0.05771324 -0.2428703

[[1]]$ipw.np$se
  delta         mu       mu_1       mu_0         de       se_1      se_0
1   0.5 0.19129161 0.08654144 0.28890457 0.21479174 0.08628926 0.2677529
2   1.0 0.01965784 0.02255829 0.04036876 0.04804653 0.00000000 0.0000000
3   2.0 0.08798232 0.10398816 0.09497599 0.09598336 0.09657773 0.1088549
          oe         te
1 0.18424811 0.07364282
2 0.00000000 0.04804653
3 0.09021129 0.12263749



[1] "Total run time was 66.824 seconds"
