WARNING: ignoring environment value of R_HOME

Attaching package: ‘dplyr’

The following objects are masked from ‘package:stats’:

    filter, lag

The following objects are masked from ‘package:base’:

    intersect, setdiff, setequal, union

Loading required package: splines
Loading required package: foreach
Loaded gam 1.20.2

Super Learner
Version: 2.0-28
Package created on 2021-05-04

Loading required package: lattice
Loading required package: ggplot2
Loading required package: Matrix
Loaded glmnet 4.1-7
Loading required package: Formula
Loading required package: plotmo
Loading required package: plotrix
Loading required package: TeachingDemos
Loaded gbm 2.1.8.1

Attaching package: ‘xgboost’

The following object is masked from ‘package:dplyr’:

    slice

[1] "[Simulation setting]"
[1] "m: 100"
[1] "deltas: 0.5, 1, 2"
[1] "Sim.id 1"
[1] "Data generated"
[1] "Proposed & IPW estimators"
[1] "   Split: 1"
[1] "   Split: 2"
[1] "Estimates and SE estimates computed"
[1] ""
[[1]]
[[1]]$pro.p
[[1]]$pro.p$est
  delta        mu      mu_1      mu_0         de        se_1        se_0
1   0.5 0.4342622 0.2278316 0.5903652 -0.3625336  0.02699208  0.04352973
2   1.0 0.3368537 0.2008396 0.5468355 -0.3459959  0.00000000  0.00000000
3   2.0 0.2402385 0.1699095 0.4762497 -0.3063402 -0.03093007 -0.07058577
           oe         te
1  0.09740845 -0.3190038
2  0.00000000 -0.3459959
3 -0.09661525 -0.3769260

[[1]]$pro.p$se
  delta         mu       mu_1       mu_0         de       se_1       se_0
1   0.5 0.04487524 0.03192387 0.06791663 0.06653705 0.02478498 0.05637057
2   1.0 0.02835911 0.02627842 0.03816216 0.03426467 0.00000000 0.00000000
3   2.0 0.03710997 0.03560763 0.05163269 0.04628055 0.02172758 0.04057910
          oe         te
1 0.03866349 0.03842396
2 0.00000000 0.03426467
3 0.02505890 0.04409984


[[1]]$pro.np
[[1]]$pro.np$est
  delta        mu      mu_1      mu_0         de        se_1        se_0
1   0.5 0.4293600 0.2316218 0.5788757 -0.3472538  0.02784359  0.04014495
2   1.0 0.3356492 0.2037782 0.5387307 -0.3349525  0.00000000  0.00000000
3   2.0 0.2280906 0.1634849 0.4489559 -0.2854710 -0.04029332 -0.08977480
           oe         te
1  0.09371076 -0.3071089
2  0.00000000 -0.3349525
3 -0.10755858 -0.3752458

[[1]]$pro.np$se
  delta         mu       mu_1       mu_0         de       se_1       se_0
1   0.5 0.03718300 0.03096465 0.04917421 0.04351165 0.02295417 0.03763702
2   1.0 0.02921495 0.02697989 0.03719975 0.03171264 0.00000000 0.00000000
3   2.0 0.03862913 0.03870060 0.04827716 0.04788043 0.02522837 0.03747571
          oe         te
1 0.02925035 0.03486746
2 0.00000000 0.03171264
3 0.02762766 0.04697809


[[1]]$ipw.p
[[1]]$ipw.p$est
  delta        mu      mu_1      mu_0         de         se_1         se_0
1   0.5 0.4662854 0.2067126 0.6867682 -0.4800556 -0.007718437 0.1325233292
2   1.0 0.3378246 0.2144311 0.5542449 -0.3398138  0.000000000 0.0000000000
3   2.0 0.2997689 0.2257660 0.5547666 -0.3290005  0.011334976 0.0005216651
           oe         te
1  0.12846081 -0.3475323
2  0.00000000 -0.3398138
3 -0.03805574 -0.3284789

[[1]]$ipw.p$se
  delta         mu       mu_1       mu_0         de       se_1       se_0
1   0.5 0.11910008 0.03728211 0.20523991 0.20004904 0.03563409 0.18306774
2   1.0 0.01958359 0.02038234 0.04120403 0.04547079 0.00000000 0.00000000
3   2.0 0.04417978 0.04428967 0.06099714 0.04635555 0.03577218 0.07104051
          oe         te
1 0.11195874 0.04514171
2 0.00000000 0.04547079
3 0.04416731 0.06726780


[[1]]$ipw.np
[[1]]$ipw.np$est
  delta        mu      mu_1      mu_0         de         se_1        se_0
1   0.5 0.4647629 0.2141188 0.6733629 -0.4592441 -0.002102203 0.127627258
2   1.0 0.3378246 0.2162210 0.5457357 -0.3295147  0.000000000 0.000000000
3   2.0 0.2996047 0.2262253 0.5470387 -0.3208134  0.010004318 0.001303069
           oe         te
1  0.12693831 -0.3316169
2  0.00000000 -0.3295147
3 -0.03821991 -0.3195104

[[1]]$ipw.np$se
  delta         mu       mu_1       mu_0         de       se_1       se_0
1   0.5 0.11856312 0.04022553 0.20295206 0.19771174 0.03827766 0.18110271
2   1.0 0.01958359 0.02049737 0.04048936 0.04475175 0.00000000 0.00000000
3   2.0 0.04414958 0.04438688 0.06064101 0.04619444 0.03579654 0.07033085
          oe         te
1 0.11137985 0.04671938
2 0.00000000 0.04475175
3 0.04410477 0.06673185



[1] "Total run time was 92.866 seconds"
