WARNING: ignoring environment value of R_HOME

Attaching package: ‘dplyr’

The following objects are masked from ‘package:stats’:

    filter, lag

The following objects are masked from ‘package:base’:

    intersect, setdiff, setequal, union

Loading required package: splines
Loading required package: foreach
Loaded gam 1.20.2

Super Learner
Version: 2.0-28
Package created on 2021-05-04

Loading required package: lattice
Loading required package: ggplot2
Loading required package: Matrix
Loaded glmnet 4.1-7
Loading required package: Formula
Loading required package: plotmo
Loading required package: plotrix
Loading required package: TeachingDemos
Loaded gbm 2.1.8.1

Attaching package: ‘xgboost’

The following object is masked from ‘package:dplyr’:

    slice

[1] "[Simulation setting]"
[1] "m: 100"
[1] "deltas: 0.5, 1, 2"
[1] "Sim.id 1"
[1] "Data generated"
[1] "Proposed & IPW estimators"
[1] "   Split: 1"
[1] "   Split: 2"
[1] "Estimates and SE estimates computed"
[1] ""
[[1]]
[[1]]$pro.p
[[1]]$pro.p$est
  delta        mu      mu_1      mu_0         de        se_1        se_0
1   0.5 0.5132838 0.3163492 0.6431537 -0.3268045  0.06100738  0.04067497
2   1.0 0.4036915 0.2553418 0.6024787 -0.3471369  0.00000000  0.00000000
3   2.0 0.2719354 0.1449607 0.5993923 -0.4544316 -0.11038110 -0.00308645
          oe         te
1  0.1095923 -0.2861295
2  0.0000000 -0.3471369
3 -0.1317561 -0.4575180

[[1]]$pro.p$se
  delta         mu       mu_1       mu_0         de       se_1       se_0
1   0.5 0.03199626 0.02675515 0.04421405 0.04606270 0.01990941 0.03320101
2   1.0 0.02446331 0.02350183 0.03309147 0.03176138 0.00000000 0.00000000
3   2.0 0.08505227 0.11378474 0.04405142 0.12188606 0.10819437 0.03436816
          oe         te
1 0.02539249 0.03200808
2 0.00000000 0.03176138
3 0.08022845 0.11754167


[[1]]$pro.np
[[1]]$pro.np$est
  delta        mu      mu_1      mu_0         de        se_1        se_0
1   0.5 0.5012269 0.3141207 0.6213620 -0.3072413  0.05237881 0.036529607
2   1.0 0.4029485 0.2617419 0.5848324 -0.3230905  0.00000000 0.000000000
3   2.0 0.3122643 0.1911147 0.5947390 -0.4036243 -0.07062717 0.009906571
           oe         te
1  0.09827837 -0.2707117
2  0.00000000 -0.3230905
3 -0.09068423 -0.3937177

[[1]]$pro.np$se
  delta         mu       mu_1       mu_0         de       se_1       se_0
1   0.5 0.02917846 0.02638673 0.03896642 0.04170833 0.01834368 0.02840219
2   1.0 0.02413460 0.02312974 0.03177265 0.02899700 0.00000000 0.00000000
3   2.0 0.08914610 0.11401596 0.04849805 0.12138481 0.10867782 0.03957143
          oe         te
1 0.02192411 0.03087521
2 0.00000000 0.02899700
3 0.08448421 0.11702439


[[1]]$ipw.p
[[1]]$ipw.p$est
  delta        mu      mu_1      mu_0         de        se_1          se_0
1   0.5 0.3784194 0.2745134 0.4504929 -0.1759794  0.01676302 -0.1457449399
2   1.0 0.3965902 0.2577504 0.5962378 -0.3384874  0.00000000  0.0000000000
3   2.0 0.3032200 0.1992903 0.5970123 -0.3977220 -0.05846011  0.0007745268
           oe         te
1 -0.01817079 -0.3217244
2  0.00000000 -0.3384874
3 -0.09337016 -0.3969475

[[1]]$ipw.p$se
  delta         mu       mu_1       mu_0         de       se_1       se_0
1   0.5 0.05620036 0.03662876 0.07372968 0.04828754 0.03399585 0.05900542
2   1.0 0.01997281 0.01993384 0.03349208 0.03484102 0.00000000 0.00000000
3   2.0 0.04964303 0.04671646 0.06098243 0.04259195 0.04538738 0.06918243
          oe         te
1 0.04943593 0.03318882
2 0.00000000 0.03484102
3 0.05289155 0.06316904


[[1]]$ipw.np
[[1]]$ipw.np$est
  delta        mu      mu_1      mu_0         de        se_1         se_0
1   0.5 0.3848407 0.2828072 0.4562120 -0.1734049  0.02188415 -0.134386339
2   1.0 0.3965902 0.2609230 0.5905984 -0.3296754  0.00000000  0.000000000
3   2.0 0.3023496 0.2000326 0.5860905 -0.3860579 -0.06089044 -0.004507894
           oe         te
1 -0.01174956 -0.3077912
2  0.00000000 -0.3296754
3 -0.09424062 -0.3905658

[[1]]$ipw.np$se
  delta         mu       mu_1       mu_0         de       se_1       se_0
1   0.5 0.05674347 0.03776048 0.07349177 0.04721534 0.03527001 0.05900376
2   1.0 0.01997281 0.02018087 0.03335514 0.03489562 0.00000000 0.00000000
3   2.0 0.04879120 0.04596034 0.06021968 0.04256147 0.04454053 0.06842351
          oe         te
1 0.05014036 0.03405445
2 0.00000000 0.03489562
3 0.05204387 0.06254490



[1] "Total run time was 57.489 seconds"
