WARNING: ignoring environment value of R_HOME

Attaching package: ‘dplyr’

The following objects are masked from ‘package:stats’:

    filter, lag

The following objects are masked from ‘package:base’:

    intersect, setdiff, setequal, union

Loading required package: splines
Loading required package: foreach
Loaded gam 1.20.2

Super Learner
Version: 2.0-28
Package created on 2021-05-04

Loading required package: lattice
Loading required package: ggplot2
Loading required package: Matrix
Loaded glmnet 4.1-7
Loading required package: Formula
Loading required package: plotmo
Loading required package: plotrix
Loading required package: TeachingDemos
Loaded gbm 2.1.8.1

Attaching package: ‘xgboost’

The following object is masked from ‘package:dplyr’:

    slice

[1] "[Simulation setting]"
[1] "m: 100"
[1] "deltas: 0.5, 1, 2"
[1] "Sim.id 1"
[1] "Data generated"
[1] "Proposed & IPW estimators"
[1] "   Split: 1"
[1] "   Split: 2"
[1] "Estimates and SE estimates computed"
[1] ""
[[1]]
[[1]]$pro.p
[[1]]$pro.p$est
  delta        mu      mu_1      mu_0         de         se_1        se_0
1   0.5 0.2869673 0.1139954 0.4047995 -0.2908041 -0.101531523 -0.14705280
2   1.0 0.3490883 0.2155269 0.5518523 -0.3363254  0.000000000  0.00000000
3   2.0 0.3157027 0.2165953 0.6312531 -0.4146578  0.001068327  0.07940073
           oe         te
1 -0.06212097 -0.4378569
2  0.00000000 -0.3363254
3 -0.03338553 -0.3352571

[[1]]$pro.p$se
  delta         mu       mu_1       mu_0         de       se_1       se_0
1   0.5 0.10021647 0.10523572 0.11253763 0.05452407 0.10549325 0.10455438
2   1.0 0.02746183 0.02415004 0.03778475 0.03376921 0.00000000 0.00000000
3   2.0 0.04641983 0.04286212 0.05485152 0.04412671 0.03030255 0.04819378
         oe         te
1 0.1000522 0.10892536
2 0.0000000 0.03376921
3 0.0342326 0.04914296


[[1]]$pro.np
[[1]]$pro.np$est
  delta        mu      mu_1      mu_0         de        se_1        se_0
1   0.5 0.3214596 0.1323984 0.4615229 -0.3291245 -0.08561799 -0.06141268
2   1.0 0.3436900 0.2180163 0.5229356 -0.3049192  0.00000000  0.00000000
3   2.0 0.3151329 0.2304789 0.5624031 -0.3319242  0.01246254  0.03946758
           oe         te
1 -0.02223040 -0.3905372
2  0.00000000 -0.3049192
3 -0.02855712 -0.2924567

[[1]]$pro.np$se
  delta         mu       mu_1       mu_0         de       se_1       se_0
1   0.5 0.07043257 0.09500208 0.06081460 0.07195531 0.09672210 0.05133493
2   1.0 0.02513655 0.02241915 0.03609791 0.03306850 0.00000000 0.00000000
3   2.0 0.03954737 0.03827128 0.05297085 0.04764782 0.02875892 0.04361053
          oe         te
1 0.07139422 0.10125007
2 0.00000000 0.03306850
3 0.03107147 0.04811153


[[1]]$ipw.p
[[1]]$ipw.p$est
  delta        mu      mu_1      mu_0         de        se_1        se_0
1   0.5 0.7439776 0.2667393 1.1561372 -0.8893980  0.04583589  0.54805794
2   1.0 0.3673761 0.2209034 0.6080793 -0.3871759  0.00000000  0.00000000
3   2.0 0.2800134 0.1870430 0.5725210 -0.3854780 -0.03386041 -0.03555828
           oe         te
1  0.37660145 -0.3413400
2  0.00000000 -0.3871759
3 -0.08736273 -0.4210363

[[1]]$ipw.p$se
  delta         mu       mu_1       mu_0         de       se_1       se_0
1   0.5 0.31117741 0.04161110 0.58167370 0.58155328 0.03690155 0.57212829
2   1.0 0.02033327 0.01995241 0.03814997 0.03943164 0.00000000 0.00000000
3   2.0 0.03776396 0.03741892 0.05242803 0.04099555 0.03020113 0.06455371
          oe         te
1 0.30876333 0.04037245
2 0.00000000 0.03943164
3 0.03875886 0.05894785


[[1]]$ipw.np
[[1]]$ipw.np$est
  delta        mu      mu_1      mu_0         de        se_1        se_0
1   0.5 0.8056648 0.2567890 1.2799864 -1.0231974  0.02828490  0.69318707
2   1.0 0.3673761 0.2285041 0.5867994 -0.3582952  0.00000000  0.00000000
3   2.0 0.2893979 0.1976997 0.5646835 -0.3669838 -0.03080438 -0.02211582
           oe         te
1  0.43828868 -0.3300103
2  0.00000000 -0.3582952
3 -0.07797828 -0.3890996

[[1]]$ipw.np$se
  delta         mu       mu_1       mu_0         de       se_1       se_0
1   0.5 0.39917421 0.03811629 0.74929178 0.75042534 0.03284856 0.74038419
2   1.0 0.02033327 0.02050892 0.03799641 0.03943809 0.00000000 0.00000000
3   2.0 0.04021125 0.04113688 0.05312679 0.04303329 0.03409488 0.06323715
          oe         te
1 0.39727128 0.03914829
2 0.00000000 0.03943809
3 0.04084658 0.06127520



[1] "Total run time was 61.768 seconds"
