WARNING: ignoring environment value of R_HOME

Attaching package: ‘dplyr’

The following objects are masked from ‘package:stats’:

    filter, lag

The following objects are masked from ‘package:base’:

    intersect, setdiff, setequal, union

Loading required package: splines
Loading required package: foreach
Loaded gam 1.20.2

Super Learner
Version: 2.0-28
Package created on 2021-05-04

Loading required package: lattice
Loading required package: ggplot2
Loading required package: Matrix
Loaded glmnet 4.1-7
Loading required package: Formula
Loading required package: plotmo
Loading required package: plotrix
Loading required package: TeachingDemos
Loaded gbm 2.1.8.1

Attaching package: ‘xgboost’

The following object is masked from ‘package:dplyr’:

    slice

[1] "[Simulation setting]"
[1] "m: 100"
[1] "deltas: 0.5, 1, 2"
[1] "Sim.id 1"
[1] "Data generated"
[1] "Proposed & IPW estimators"
[1] "   Split: 1"
[1] "   Split: 2"
[1] "Estimates and SE estimates computed"
[1] ""
[[1]]
[[1]]$pro.p
[[1]]$pro.p$est
  delta        mu      mu_1      mu_0         de      se_1        se_0
1   0.5 0.4437550 0.2846363 0.5579702 -0.2733339 0.0406921  0.02083441
2   1.0 0.3655806 0.2439442 0.5371358 -0.2931916 0.0000000  0.00000000
3   2.0 0.3605185 0.3104568 0.4831349 -0.1726782 0.0665126 -0.05400086
            oe         te
1  0.078174485 -0.2524995
2  0.000000000 -0.2931916
3 -0.005062027 -0.2266790

[[1]]$pro.p$se
  delta         mu       mu_1       mu_0         de       se_1       se_0
1   0.5 0.03924200 0.03698934 0.05078733 0.05060418 0.02658071 0.03780766
2   1.0 0.02653771 0.02496598 0.03570723 0.03539456 0.00000000 0.00000000
3   2.0 0.05010158 0.05559854 0.04766888 0.05786574 0.04833523 0.03577878
          oe         te
1 0.02892897 0.04299691
2 0.00000000 0.03539456
3 0.04306362 0.06023236


[[1]]$pro.np
[[1]]$pro.np$est
  delta        mu      mu_1      mu_0         de       se_1         se_0
1   0.5 0.4312330 0.2899509 0.5280750 -0.2381241 0.03892274 -0.006042738
2   1.0 0.3705455 0.2510282 0.5341177 -0.2830895 0.00000000  0.000000000
3   2.0 0.3851991 0.3399317 0.4912063 -0.1512746 0.08890353 -0.042911416
          oe         te
1 0.06068748 -0.2441668
2 0.00000000 -0.2830895
3 0.01465353 -0.1941860

[[1]]$pro.np$se
  delta         mu       mu_1       mu_0         de       se_1       se_0
1   0.5 0.03810367 0.03486142 0.04876325 0.04701846 0.02508967 0.03778006
2   1.0 0.02698231 0.02525929 0.03368362 0.03125266 0.00000000 0.00000000
3   2.0 0.06847788 0.07853504 0.04909051 0.07203468 0.07074623 0.03622828
          oe         te
1 0.02869646 0.03793362
2 0.00000000 0.03125266
3 0.06001004 0.07782448


[[1]]$ipw.p
[[1]]$ipw.p$est
  delta        mu      mu_1      mu_0         de       se_1        se_0
1   0.5 0.4295902 0.2718292 0.5453085 -0.2734793 0.02752421 -0.01850289
2   1.0 0.3757710 0.2443050 0.5638114 -0.3195064 0.00000000  0.00000000
3   2.0 0.3143915 0.2600727 0.4708930 -0.2108203 0.01576774 -0.09291835
           oe         te
1  0.05381918 -0.2919822
2  0.00000000 -0.3195064
3 -0.06137950 -0.3037387

[[1]]$ipw.p$se
  delta         mu       mu_1       mu_0         de       se_1       se_0
1   0.5 0.06176682 0.04408034 0.08467766 0.06644661 0.03863929 0.06494543
2   1.0 0.02101794 0.02256584 0.03911961 0.04553618 0.00000000 0.00000000
3   2.0 0.04392638 0.05228325 0.04805208 0.05976353 0.04528824 0.05993014
          oe         te
1 0.05272238 0.04351739
2 0.00000000 0.04553618
3 0.04712765 0.07632912


[[1]]$ipw.np
[[1]]$ipw.np$est
  delta        mu      mu_1      mu_0         de       se_1         se_0
1   0.5 0.4354529 0.2799826 0.5477911 -0.2678084 0.02879973 -0.002612792
2   1.0 0.3757710 0.2511829 0.5504039 -0.2992210 0.00000000  0.000000000
3   2.0 0.3128281 0.2625128 0.4578340 -0.1953212 0.01132993 -0.092569835
           oe         te
1  0.05968187 -0.2704212
2  0.00000000 -0.2992210
3 -0.06294286 -0.2878910

[[1]]$ipw.np$se
  delta         mu       mu_1       mu_0         de       se_1       se_0
1   0.5 0.06388691 0.04535981 0.08879475 0.07202021 0.04023672 0.07042605
2   1.0 0.02101794 0.02313601 0.03821928 0.04499182 0.00000000 0.00000000
3   2.0 0.04415881 0.05285989 0.04778465 0.05979041 0.04571386 0.05850234
          oe         te
1 0.05545551 0.04431280
2 0.00000000 0.04499182
3 0.04710588 0.07596574



[1] "Total run time was 76.474 seconds"
