WARNING: ignoring environment value of R_HOME

Attaching package: ‘dplyr’

The following objects are masked from ‘package:stats’:

    filter, lag

The following objects are masked from ‘package:base’:

    intersect, setdiff, setequal, union

Loading required package: splines
Loading required package: foreach
Loaded gam 1.20.2

Super Learner
Version: 2.0-28
Package created on 2021-05-04

Loading required package: lattice
Loading required package: ggplot2
Loading required package: Matrix
Loaded glmnet 4.1-7
Loading required package: Formula
Loading required package: plotmo
Loading required package: plotrix
Loading required package: TeachingDemos
Loaded gbm 2.1.8.1

Attaching package: ‘xgboost’

The following object is masked from ‘package:dplyr’:

    slice

[1] "[Simulation setting]"
[1] "m: 100"
[1] "deltas: 0.5, 1, 2"
[1] "Sim.id 1"
[1] "Data generated"
[1] "Proposed & IPW estimators"
[1] "   Split: 1"
[1] "   Split: 2"
[1] "Estimates and SE estimates computed"
[1] ""
[[1]]
[[1]]$pro.p
[[1]]$pro.p$est
  delta        mu      mu_1      mu_0         de        se_1       se_0
1   0.5 0.4380809 0.2555622 0.5629612 -0.3073990  0.02420229 0.02511313
2   1.0 0.3595152 0.2313599 0.5378480 -0.3064881  0.00000000 0.00000000
3   2.0 0.3107223 0.2173791 0.5566227 -0.3392436 -0.01398079 0.01877469
           oe         te
1  0.07856576 -0.2822858
2  0.00000000 -0.3064881
3 -0.04879286 -0.3204689

[[1]]$pro.p$se
  delta         mu       mu_1       mu_0         de       se_1       se_0
1   0.5 0.03743725 0.03701612 0.04242517 0.03935411 0.03127956 0.03097892
2   1.0 0.02488867 0.02010867 0.03564843 0.03047474 0.00000000 0.00000000
3   2.0 0.03884418 0.03683159 0.05806179 0.05407205 0.02799075 0.04802946
          oe         te
1 0.02821666 0.04213333
2 0.00000000 0.03047474
3 0.03070884 0.04446041


[[1]]$pro.np
[[1]]$pro.np$est
  delta        mu      mu_1      mu_0         de          se_1        se_0
1   0.5 0.4490060 0.2738835 0.5612167 -0.2873332  0.0360837405 0.043447455
2   1.0 0.3591981 0.2377998 0.5177693 -0.2799695  0.0000000000 0.000000000
3   2.0 0.3206975 0.2373380 0.5193271 -0.2819891 -0.0004617524 0.001557806
           oe         te
1  0.08980793 -0.2438858
2  0.00000000 -0.2799695
3 -0.03850059 -0.2804313

[[1]]$pro.np$se
  delta         mu       mu_1       mu_0         de       se_1       se_0
1   0.5 0.03403905 0.03395420 0.03816265 0.03848819 0.02614397 0.02955968
2   1.0 0.02571989 0.02111282 0.03395988 0.02680348 0.00000000 0.00000000
3   2.0 0.03881219 0.03715616 0.05396364 0.04762138 0.02867233 0.04327514
          oe         te
1 0.02484014 0.03637642
2 0.00000000 0.02680348
3 0.03042431 0.04131179


[[1]]$ipw.p
[[1]]$ipw.p$est
  delta        mu      mu_1      mu_0         de        se_1         se_0
1   0.5 0.4161698 0.2532553 0.5361007 -0.2828454  0.02549592 -0.004200058
2   1.0 0.3551598 0.2277594 0.5403008 -0.3125414  0.00000000  0.000000000
3   2.0 0.3045484 0.2066607 0.5810970 -0.3744362 -0.02109863  0.040796177
           oe         te
1  0.06101000 -0.2870455
2  0.00000000 -0.3125414
3 -0.05061146 -0.3336400

[[1]]$ipw.p$se
  delta         mu       mu_1       mu_0         de       se_1       se_0
1   0.5 0.07809690 0.04915466 0.10441256 0.06999775 0.04911624 0.08838637
2   1.0 0.02034680 0.01901042 0.03706098 0.03880429 0.00000000 0.00000000
3   2.0 0.03667984 0.03198142 0.07136655 0.06183126 0.02789713 0.07782075
          oe         te
1 0.07266721 0.04959834
2 0.00000000 0.03880429
3 0.03904686 0.05464609


[[1]]$ipw.np
[[1]]$ipw.np$est
  delta        mu      mu_1      mu_0         de        se_1        se_0
1   0.5 0.4191369 0.2616695 0.5284040 -0.2667345  0.02948311 0.001223363
2   1.0 0.3551598 0.2321864 0.5271806 -0.2949942  0.00000000 0.000000000
3   2.0 0.2993150 0.2044481 0.5576142 -0.3531661 -0.02773826 0.030433578
           oe         te
1  0.06397705 -0.2655111
2  0.00000000 -0.2949942
3 -0.05584488 -0.3227325

[[1]]$ipw.np$se
  delta         mu       mu_1       mu_0         de       se_1       se_0
1   0.5 0.07755906 0.04916846 0.10142272 0.06766291 0.04938150 0.08643856
2   1.0 0.02034680 0.01942025 0.03625324 0.03837793 0.00000000 0.00000000
3   2.0 0.03528219 0.03050137 0.06748928 0.05779196 0.02588159 0.07348590
          oe         te
1 0.07239315 0.04988672
2 0.00000000 0.03837793
3 0.03721535 0.05262215



[1] "Total run time was 75.226 seconds"
