WARNING: ignoring environment value of R_HOME

Attaching package: ‘dplyr’

The following objects are masked from ‘package:stats’:

    filter, lag

The following objects are masked from ‘package:base’:

    intersect, setdiff, setequal, union

Loading required package: splines
Loading required package: foreach
Loaded gam 1.20.2

Super Learner
Version: 2.0-28
Package created on 2021-05-04

Loading required package: lattice
Loading required package: ggplot2
Loading required package: Matrix
Loaded glmnet 4.1-7
Loading required package: Formula
Loading required package: plotmo
Loading required package: plotrix
Loading required package: TeachingDemos
Loaded gbm 2.1.8.1

Attaching package: ‘xgboost’

The following object is masked from ‘package:dplyr’:

    slice

[1] "[Simulation setting]"
[1] "m: 100"
[1] "deltas: 0.5, 1, 2"
[1] "Sim.id 1"
[1] "Data generated"
[1] "Proposed & IPW estimators"
[1] "   Split: 1"
[1] "   Split: 2"
[1] "Estimates and SE estimates computed"
[1] ""
[[1]]
[[1]]$pro.p
[[1]]$pro.p$est
  delta        mu      mu_1      mu_0         de        se_1        se_0
1   0.5 0.4812963 0.2397902 0.6671419 -0.4273517  0.03571569  0.10341390
2   1.0 0.3449407 0.2040745 0.5637280 -0.3596534  0.00000000  0.00000000
3   2.0 0.2522102 0.1747056 0.4868413 -0.3121357 -0.02936890 -0.07688666
           oe         te
1  0.13635559 -0.3239378
2  0.00000000 -0.3596534
3 -0.09273052 -0.3890223

[[1]]$pro.p$se
  delta         mu       mu_1       mu_0         de       se_1       se_0
1   0.5 0.02976947 0.02850160 0.03614334 0.03575513 0.02050051 0.03094628
2   1.0 0.02513460 0.02250427 0.03234869 0.02828335 0.00000000 0.00000000
3   2.0 0.03222572 0.02923867 0.04666356 0.04082773 0.02141934 0.03141297
          oe         te
1 0.02269755 0.03328264
2 0.00000000 0.02828335
3 0.02246630 0.03575320


[[1]]$pro.np
[[1]]$pro.np$est
  delta        mu      mu_1      mu_0         de        se_1        se_0
1   0.5 0.4445897 0.2333671 0.6035813 -0.3702142  0.01826954  0.07515721
2   1.0 0.3412761 0.2150975 0.5284241 -0.3133265  0.00000000  0.00000000
3   2.0 0.2580393 0.1931714 0.4482203 -0.2550489 -0.02192616 -0.08020379
           oe         te
1  0.10331362 -0.2950570
2  0.00000000 -0.3133265
3 -0.08323679 -0.3352527

[[1]]$pro.np$se
  delta         mu       mu_1       mu_0         de       se_1       se_0
1   0.5 0.02840174 0.02692352 0.03605626 0.03735792 0.01743270 0.02945536
2   1.0 0.02453006 0.02301713 0.03017805 0.02653737 0.00000000 0.00000000
3   2.0 0.03364555 0.03214095 0.04532776 0.04263303 0.02490209 0.03333886
          oe         te
1 0.02112195 0.03059378
2 0.00000000 0.02653737
3 0.02502933 0.03671449


[[1]]$ipw.p
[[1]]$ipw.p$est
  delta        mu      mu_1      mu_0         de        se_1        se_0
1   0.5 0.3773467 0.2196008 0.5093445 -0.2897437  0.01364228 -0.04436225
2   1.0 0.3392053 0.2059586 0.5537068 -0.3477482  0.00000000  0.00000000
3   2.0 0.2555055 0.1707581 0.5147236 -0.3439654 -0.03520046 -0.03898322
           oe         te
1  0.03814140 -0.3341059
2  0.00000000 -0.3477482
3 -0.08369984 -0.3829487

[[1]]$ipw.p$se
  delta         mu       mu_1       mu_0         de       se_1       se_0
1   0.5 0.06526201 0.03907213 0.09589020 0.07503105 0.03486055 0.07466758
2   1.0 0.02087505 0.01871891 0.03766890 0.03745861 0.00000000 0.00000000
3   2.0 0.04263775 0.04542223 0.04819883 0.04246684 0.04242294 0.05615403
          oe         te
1 0.05643361 0.03475828
2 0.00000000 0.03745861
3 0.04437095 0.06347558


[[1]]$ipw.np
[[1]]$ipw.np$est
  delta        mu      mu_1      mu_0         de        se_1        se_0
1   0.5 0.3685584 0.2209424 0.4880934 -0.2671510  0.01051552 -0.05285673
2   1.0 0.3392053 0.2104269 0.5409501 -0.3305232  0.00000000  0.00000000
3   2.0 0.2518741 0.1710883 0.4921738 -0.3210856 -0.03933860 -0.04877628
           oe         te
1  0.02935310 -0.3200077
2  0.00000000 -0.3305232
3 -0.08733119 -0.3698618

[[1]]$ipw.np$se
  delta         mu       mu_1       mu_0         de       se_1       se_0
1   0.5 0.06109030 0.03758437 0.08818433 0.06940441 0.03328857 0.06736153
2   1.0 0.02087505 0.01921518 0.03669063 0.03690321 0.00000000 0.00000000
3   2.0 0.04165397 0.04482299 0.04582677 0.04106185 0.04165208 0.05356833
          oe         te
1 0.05222246 0.03353120
2 0.00000000 0.03690321
3 0.04330729 0.06232137



[1] "Total run time was 65.942 seconds"
