WARNING: ignoring environment value of R_HOME

Attaching package: ‘dplyr’

The following objects are masked from ‘package:stats’:

    filter, lag

The following objects are masked from ‘package:base’:

    intersect, setdiff, setequal, union

Loading required package: splines
Loading required package: foreach
Loaded gam 1.20.2

Super Learner
Version: 2.0-28
Package created on 2021-05-04

Loading required package: lattice
Loading required package: ggplot2
Loading required package: Matrix
Loaded glmnet 4.1-7
Loading required package: Formula
Loading required package: plotmo
Loading required package: plotrix
Loading required package: TeachingDemos
Loaded gbm 2.1.8.1

Attaching package: ‘xgboost’

The following object is masked from ‘package:dplyr’:

    slice

[1] "[Simulation setting]"
[1] "m: 100"
[1] "deltas: 0.5, 1, 2"
[1] "Sim.id 1"
[1] "Data generated"
[1] "Proposed & IPW estimators"
[1] "   Split: 1"
[1] "   Split: 2"
[1] "Estimates and SE estimates computed"
[1] ""
[[1]]
[[1]]$pro.p
[[1]]$pro.p$est
  delta        mu      mu_1      mu_0         de        se_1        se_0
1   0.5 0.4098377 0.2067692 0.5761675 -0.3693983  0.01422272  0.04847689
2   1.0 0.3192861 0.1925464 0.5276906 -0.3351442  0.00000000  0.00000000
3   2.0 0.2460450 0.1686342 0.5153549 -0.3467207 -0.02391226 -0.01233571
           oe         te
1  0.09055159 -0.3209214
2  0.00000000 -0.3351442
3 -0.07324113 -0.3590564

[[1]]$pro.p$se
  delta         mu       mu_1       mu_0         de       se_1       se_0
1   0.5 0.03032817 0.03268263 0.04112778 0.05032583 0.02400593 0.03428044
2   1.0 0.02342376 0.02040040 0.03456780 0.03072054 0.00000000 0.00000000
3   2.0 0.03960616 0.03444815 0.06513906 0.04904826 0.02711272 0.04986653
          oe         te
1 0.02267630 0.04143976
2 0.00000000 0.03072054
3 0.03119655 0.04036734


[[1]]$pro.np
[[1]]$pro.np$est
  delta        mu      mu_1      mu_0         de         se_1        se_0
1   0.5 0.3822220 0.2079250 0.5263543 -0.3184294  0.006970329  0.04043107
2   1.0 0.3103594 0.2009546 0.4859233 -0.2849686  0.000000000  0.00000000
3   2.0 0.2600800 0.1992723 0.4730160 -0.2737437 -0.001682356 -0.01290727
           oe         te
1  0.07186252 -0.2779983
2  0.00000000 -0.2849686
3 -0.05027944 -0.2866510

[[1]]$pro.np$se
  delta         mu       mu_1       mu_0         de       se_1       se_0
1   0.5 0.02971255 0.03721818 0.03561186 0.04801257 0.02667223 0.02958676
2   1.0 0.02378570 0.02220660 0.03273215 0.02830447 0.00000000 0.00000000
3   2.0 0.04264171 0.04109583 0.06323724 0.04911705 0.03021230 0.04708528
          oe         te
1 0.02121085 0.04122509
2 0.00000000 0.02830447
3 0.03174708 0.04224906


[[1]]$ipw.p
[[1]]$ipw.p$est
  delta        mu      mu_1      mu_0         de        se_1         se_0
1   0.5 0.4604364 0.2282594 0.6449792 -0.4167198  0.02600169  0.106160239
2   1.0 0.3320415 0.2022577 0.5388189 -0.3365612  0.00000000  0.000000000
3   2.0 0.2540093 0.1651728 0.5376058 -0.3724330 -0.03708488 -0.001213079
           oe         te
1  0.12839482 -0.3105595
2  0.00000000 -0.3365612
3 -0.07803228 -0.3736461

[[1]]$ipw.p$se
  delta         mu       mu_1       mu_0         de       se_1       se_0
1   0.5 0.09177909 0.04179416 0.15010266 0.14068142 0.03778836 0.13292755
2   1.0 0.01866018 0.01678293 0.03634804 0.03723163 0.00000000 0.00000000
3   2.0 0.02985508 0.02699253 0.05765448 0.04980876 0.02301726 0.06286385
          oe         te
1 0.08545116 0.04133495
2 0.00000000 0.03723163
3 0.03183155 0.04988344


[[1]]$ipw.np
[[1]]$ipw.np$est
  delta        mu      mu_1      mu_0         de        se_1       se_0
1   0.5 0.4524374 0.2273402 0.6356683 -0.4083281  0.01714215 0.11505836
2   1.0 0.3320415 0.2101981 0.5206099 -0.3104119  0.00000000 0.00000000
3   2.0 0.2712231 0.1839668 0.5325932 -0.3486265 -0.02623129 0.01198333
           oe         te
1  0.12039583 -0.2932697
2  0.00000000 -0.3104119
3 -0.06081844 -0.3366431

[[1]]$ipw.np$se
  delta         mu       mu_1       mu_0         de       se_1       se_0
1   0.5 0.10084568 0.04313600 0.17426785 0.16846258 0.03926789 0.15824566
2   1.0 0.01866018 0.01759024 0.03520134 0.03672459 0.00000000 0.00000000
3   2.0 0.03552233 0.03367966 0.05766852 0.04729240 0.02909277 0.06274941
          oe         te
1 0.09526430 0.04287699
2 0.00000000 0.03672459
3 0.03665961 0.05356031



[1] "Total run time was 67.989 seconds"
