WARNING: ignoring environment value of R_HOME

Attaching package: ‘dplyr’

The following objects are masked from ‘package:stats’:

    filter, lag

The following objects are masked from ‘package:base’:

    intersect, setdiff, setequal, union

Loading required package: splines
Loading required package: foreach
Loaded gam 1.20.2

Super Learner
Version: 2.0-28
Package created on 2021-05-04

Loading required package: lattice
Loading required package: ggplot2
Loading required package: Matrix
Loaded glmnet 4.1-7
Loading required package: Formula
Loading required package: plotmo
Loading required package: plotrix
Loading required package: TeachingDemos
Loaded gbm 2.1.8.1

Attaching package: ‘xgboost’

The following object is masked from ‘package:dplyr’:

    slice

[1] "[Simulation setting]"
[1] "m: 100"
[1] "deltas: 0.5, 1, 2"
[1] "Sim.id 1"
[1] "Data generated"
[1] "Proposed & IPW estimators"
[1] "   Split: 1"
[1] "   Split: 2"
[1] "Estimates and SE estimates computed"
[1] ""
[[1]]
[[1]]$pro.p
[[1]]$pro.p$est
  delta        mu      mu_1      mu_0         de        se_1        se_0
1   0.5 0.4281298 0.2948887 0.5289661 -0.2340774  0.01674128 -0.03447852
2   1.0 0.3945714 0.2781474 0.5634446 -0.2852972  0.00000000  0.00000000
3   2.0 0.3398022 0.2655124 0.5459631 -0.2804507 -0.01263494 -0.01748147
           oe         te
1  0.03355841 -0.2685560
2  0.00000000 -0.2852972
3 -0.05476918 -0.2979322

[[1]]$pro.p$se
  delta         mu       mu_1       mu_0         de       se_1       se_0
1   0.5 0.03262918 0.03417294 0.03927922 0.04007078 0.02217783 0.03294677
2   1.0 0.02779134 0.02673988 0.03241516 0.02823165 0.00000000 0.00000000
3   2.0 0.03850593 0.03546184 0.05453828 0.04725159 0.02628187 0.04369776
          oe         te
1 0.02481502 0.03327633
2 0.00000000 0.02823165
3 0.02852985 0.04065751


[[1]]$pro.np
[[1]]$pro.np$est
  delta        mu      mu_1      mu_0         de         se_1         se_0
1   0.5 0.4306004 0.3005555 0.5239417 -0.2233862  0.010226097 -0.019631991
2   1.0 0.3981140 0.2903294 0.5435737 -0.2532442  0.000000000  0.000000000
3   2.0 0.3583588 0.2859207 0.5380981 -0.2521774 -0.004408691 -0.005475539
           oe         te
1  0.03248631 -0.2430181
2  0.00000000 -0.2532442
3 -0.03975521 -0.2576529

[[1]]$pro.np$se
  delta         mu       mu_1       mu_0         de       se_1       se_0
1   0.5 0.03837403 0.03467745 0.04592221 0.04137053 0.02381331 0.03690319
2   1.0 0.02891522 0.02793327 0.03165460 0.02553985 0.00000000 0.00000000
3   2.0 0.04674679 0.04203428 0.05849571 0.04102832 0.03040591 0.04817357
          oe         te
1 0.02910481 0.03338588
2 0.00000000 0.02553985
3 0.03425689 0.04150685


[[1]]$ipw.p
[[1]]$ipw.p$est
  delta        mu      mu_1      mu_0         de        se_1        se_0
1   0.5 0.5233407 0.3062936 0.6970661 -0.3907724  0.05083972  0.12338634
2   1.0 0.3805815 0.2554539 0.5736797 -0.3182258  0.00000000  0.00000000
3   2.0 0.2849879 0.2162806 0.4926813 -0.2764007 -0.03917326 -0.08099836
           oe         te
1  0.14275929 -0.2673861
2  0.00000000 -0.3182258
3 -0.09559359 -0.3573991

[[1]]$ipw.p$se
  delta         mu       mu_1       mu_0         de       se_1       se_0
1   0.5 0.10902079 0.04825971 0.17681003 0.16165378 0.04354095 0.15416231
2   1.0 0.02060318 0.02093014 0.03674317 0.03945406 0.00000000 0.00000000
3   2.0 0.03985706 0.04598181 0.04681635 0.05431720 0.04311691 0.05993565
          oe         te
1 0.10086666 0.04238801
2 0.00000000 0.03945406
3 0.04371424 0.06662630


[[1]]$ipw.np
[[1]]$ipw.np$est
  delta        mu      mu_1      mu_0         de        se_1        se_0
1   0.5 0.4899954 0.2942601 0.6396967 -0.3454366  0.03284756  0.08345432
2   1.0 0.3805815 0.2614125 0.5562423 -0.2948298  0.00000000  0.00000000
3   2.0 0.2967588 0.2245974 0.4983860 -0.2737886 -0.03681513 -0.05785635
           oe         te
1  0.10941393 -0.2619822
2  0.00000000 -0.2948298
3 -0.08382264 -0.3316449

[[1]]$ipw.np$se
  delta         mu       mu_1       mu_0         de       se_1      se_0
1   0.5 0.10417424 0.04403424 0.16884911 0.15723321 0.03907637 0.1478118
2   1.0 0.02060318 0.02138815 0.03543935 0.03843358 0.00000000 0.0000000
3   2.0 0.04158402 0.04664775 0.05203496 0.05737688 0.04364289 0.0629227
          oe         te
1 0.09655940 0.04008162
2 0.00000000 0.03843358
3 0.04482902 0.06598376



[1] "Total run time was 71.655 seconds"
