WARNING: ignoring environment value of R_HOME

Attaching package: ‘dplyr’

The following objects are masked from ‘package:stats’:

    filter, lag

The following objects are masked from ‘package:base’:

    intersect, setdiff, setequal, union

Loading required package: splines
Loading required package: foreach
Loaded gam 1.20.2

Super Learner
Version: 2.0-28
Package created on 2021-05-04

Loading required package: lattice
Loading required package: ggplot2
Loading required package: Matrix
Loaded glmnet 4.1-7
Loading required package: Formula
Loading required package: plotmo
Loading required package: plotrix
Loading required package: TeachingDemos
Loaded gbm 2.1.8.1

Attaching package: ‘xgboost’

The following object is masked from ‘package:dplyr’:

    slice

[1] "[Simulation setting]"
[1] "m: 100"
[1] "deltas: 0.5, 1, 2"
[1] "Sim.id 1"
[1] "Data generated"
[1] "Proposed & IPW estimators"
[1] "   Split: 1"
[1] "   Split: 2"
[1] "Estimates and SE estimates computed"
[1] ""
[[1]]
[[1]]$pro.p
[[1]]$pro.p$est
  delta        mu      mu_1      mu_0         de        se_1        se_0
1   0.5 0.4230234 0.2227559 0.5769933 -0.3542374  0.03202307  0.03848556
2   1.0 0.3261480 0.1907329 0.5385077 -0.3477749  0.00000000  0.00000000
3   2.0 0.2027119 0.1366311 0.4547838 -0.3181527 -0.05410176 -0.08372394
           oe         te
1  0.09687533 -0.3157518
2  0.00000000 -0.3477749
3 -0.12343617 -0.4018766

[[1]]$pro.p$se
  delta         mu       mu_1       mu_0         de       se_1       se_0
1   0.5 0.03416295 0.03112954 0.04172163 0.03559932 0.02427247 0.03332496
2   1.0 0.02445452 0.02362420 0.03367684 0.03126644 0.00000000 0.00000000
3   2.0 0.04151919 0.04026491 0.05589528 0.05314102 0.03292930 0.04439171
          oe         te
1 0.02789098 0.03512833
2 0.00000000 0.03126644
3 0.03599406 0.04977089


[[1]]$pro.np
[[1]]$pro.np$est
  delta        mu      mu_1      mu_0         de        se_1         se_0
1   0.5 0.3767394 0.2176259 0.4938270 -0.2762012  0.01842414  0.006153025
2   1.0 0.3138562 0.1992017 0.4876740 -0.2884723  0.00000000  0.000000000
3   2.0 0.2168378 0.1677939 0.4109052 -0.2431113 -0.03140779 -0.076768785
           oe         te
1  0.06288319 -0.2700482
2  0.00000000 -0.2884723
3 -0.09701842 -0.3198801

[[1]]$pro.np$se
  delta         mu       mu_1       mu_0         de       se_1       se_0
1   0.5 0.03070755 0.03193425 0.03528225 0.03297196 0.02382699 0.02758401
2   1.0 0.02505488 0.02518174 0.03179941 0.03030578 0.00000000 0.00000000
3   2.0 0.04718330 0.04742685 0.05451672 0.05207187 0.03790271 0.04343791
          oe         te
1 0.02392963 0.03453592
2 0.00000000 0.03030578
3 0.03901047 0.05227014


[[1]]$ipw.p
[[1]]$ipw.p$est
  delta        mu      mu_1      mu_0         de         se_1        se_0
1   0.5 0.3859491 0.2217601 0.5205130 -0.2987529  0.006837136 -0.05376823
2   1.0 0.3539210 0.2149230 0.5742812 -0.3593582  0.000000000  0.00000000
3   2.0 0.2751179 0.1970215 0.5169035 -0.3198820 -0.017901517 -0.05737773
           oe         te
1  0.03202802 -0.3525211
2  0.00000000 -0.3593582
3 -0.07880312 -0.3772597

[[1]]$ipw.p$se
  delta         mu       mu_1       mu_0         de       se_1       se_0
1   0.5 0.06212491 0.03639824 0.09267976 0.07425715 0.03208601 0.07746629
2   1.0 0.01932793 0.02178649 0.03427541 0.03865192 0.00000000 0.00000000
3   2.0 0.03547864 0.04334801 0.04896790 0.06164480 0.04014957 0.05713553
          oe         te
1 0.05637890 0.03431380
2 0.00000000 0.03865192
3 0.03920749 0.06385892


[[1]]$ipw.np
[[1]]$ipw.np$est
  delta        mu      mu_1      mu_0         de         se_1        se_0
1   0.5 0.3752641 0.2229923 0.4949002 -0.2719079 -0.006950018 -0.05139744
2   1.0 0.3539210 0.2299423 0.5462977 -0.3163554  0.000000000  0.00000000
3   2.0 0.2926023 0.2323880 0.4831204 -0.2507323  0.002445732 -0.06317729
           oe         te
1  0.02134307 -0.3233054
2  0.00000000 -0.3163554
3 -0.06131870 -0.3139096

[[1]]$ipw.np$se
  delta         mu       mu_1       mu_0         de       se_1       se_0
1   0.5 0.05672753 0.03549432 0.08205665 0.06607427 0.03207827 0.06700822
2   1.0 0.01932793 0.02334212 0.03372702 0.03975169 0.00000000 0.00000000
3   2.0 0.04209272 0.05849476 0.04595468 0.07049427 0.05403439 0.05339237
          oe         te
1 0.05139396 0.03376715
2 0.00000000 0.03975169
3 0.04483802 0.07622530



[1] "Total run time was 40.678 seconds"
