WARNING: ignoring environment value of R_HOME

Attaching package: ‘dplyr’

The following objects are masked from ‘package:stats’:

    filter, lag

The following objects are masked from ‘package:base’:

    intersect, setdiff, setequal, union

Loading required package: splines
Loading required package: foreach
Loaded gam 1.20.2

Super Learner
Version: 2.0-28
Package created on 2021-05-04

Loading required package: lattice
Loading required package: ggplot2
Loading required package: Matrix
Loaded glmnet 4.1-7
Loading required package: Formula
Loading required package: plotmo
Loading required package: plotrix
Loading required package: TeachingDemos
Loaded gbm 2.1.8.1

Attaching package: ‘xgboost’

The following object is masked from ‘package:dplyr’:

    slice

[1] "[Simulation setting]"
[1] "m: 100"
[1] "deltas: 0.5, 1, 2"
[1] "Sim.id 1"
[1] "Data generated"
[1] "Proposed & IPW estimators"
[1] "   Split: 1"
[1] "   Split: 2"
[1] "Estimates and SE estimates computed"
[1] ""
[[1]]
[[1]]$pro.p
[[1]]$pro.p$est
  delta        mu      mu_1      mu_0         de        se_1        se_0
1   0.5 0.4680693 0.1554948 0.6710853 -0.5155905 -0.09540027  0.08384097
2   1.0 0.3959707 0.2508950 0.5872443 -0.3363493  0.00000000  0.00000000
3   2.0 0.3071606 0.2062072 0.5725348 -0.3663276 -0.04468781 -0.01470950
          oe         te
1  0.0720986 -0.4317495
2  0.0000000 -0.3363493
3 -0.0888101 -0.3810371

[[1]]$pro.p$se
  delta         mu       mu_1       mu_0         de       se_1       se_0
1   0.5 0.04142768 0.09230737 0.07988548 0.15327595 0.08961152 0.07083413
2   1.0 0.02741760 0.02398028 0.03445825 0.02945963 0.00000000 0.00000000
3   2.0 0.04035856 0.03963999 0.05515944 0.05169342 0.03156045 0.04410420
          oe         te
1 0.03481842 0.09986333
2 0.00000000 0.02945963
3 0.03271731 0.04514986


[[1]]$pro.np
[[1]]$pro.np$est
  delta        mu      mu_1      mu_0         de        se_1        se_0
1   0.5 0.4790574 0.2027859 0.6560681 -0.4532822 -0.06044003 0.092738983
2   1.0 0.3958963 0.2632259 0.5633291 -0.3001032  0.00000000 0.000000000
3   2.0 0.3299937 0.2262748 0.5688540 -0.3425791 -0.03695108 0.005524827
           oe         te
1  0.08316111 -0.3605432
2  0.00000000 -0.3001032
3 -0.06590269 -0.3370543

[[1]]$pro.np$se
  delta         mu       mu_1       mu_0         de       se_1       se_0
1   0.5 0.05116981 0.06144983 0.10291899 0.14994687 0.05751700 0.09539153
2   1.0 0.02731806 0.02443827 0.03321736 0.02705119 0.00000000 0.00000000
3   2.0 0.04430289 0.04421596 0.05194735 0.04561465 0.03647331 0.04025330
          oe         te
1 0.04427810 0.06949334
2 0.00000000 0.02705119
3 0.03704672 0.04744157


[[1]]$ipw.p
[[1]]$ipw.p$est
  delta        mu      mu_1      mu_0         de        se_1        se_0
1   0.5 0.6534061 0.2284918 0.9378776 -0.7093858 -0.02045668 0.364711793
2   1.0 0.3861984 0.2489485 0.5731658 -0.3242173  0.00000000 0.000000000
3   2.0 0.2950404 0.1834488 0.5807298 -0.3972810 -0.06549970 0.007563965
           oe         te
1  0.26720769 -0.3446740
2  0.00000000 -0.3242173
3 -0.09115796 -0.3897170

[[1]]$ipw.p$se
  delta         mu       mu_1       mu_0         de       se_1       se_0
1   0.5 0.26723463 0.03371630 0.44014522 0.44031410 0.03014039 0.42501239
2   1.0 0.02161300 0.02246640 0.03538714 0.03812051 0.00000000 0.00000000
3   2.0 0.03316768 0.02683338 0.05557463 0.04155870 0.02080021 0.06520245
          oe         te
1 0.26229995 0.03708970
2 0.00000000 0.03812051
3 0.03333212 0.04651052


[[1]]$ipw.np
[[1]]$ipw.np$est
  delta        mu      mu_1      mu_0         de        se_1      se_0
1   0.5 0.6569460 0.2346401 0.9332267 -0.6985865 -0.02017227 0.3724205
2   1.0 0.3861984 0.2548124 0.5608062 -0.3059938  0.00000000 0.0000000
3   2.0 0.2963004 0.1845495 0.5743106 -0.3897611 -0.07026291 0.0135044
          oe         te
1  0.2707476 -0.3261661
2  0.0000000 -0.3059938
3 -0.0898980 -0.3762567

[[1]]$ipw.np$se
  delta         mu       mu_1       mu_0         de       se_1       se_0
1   0.5 0.28320219 0.03333002 0.46704629 0.46803489 0.02914582 0.45257746
2   1.0 0.02161300 0.02285290 0.03414403 0.03670097 0.00000000 0.00000000
3   2.0 0.03301611 0.02620797 0.05548044 0.04061210 0.02051992 0.06381426
          oe         te
1 0.27845864 0.03659451
2 0.00000000 0.03670097
3 0.03302607 0.04451344



[1] "Total run time was 69.78 seconds"
