WARNING: ignoring environment value of R_HOME

Attaching package: ‘dplyr’

The following objects are masked from ‘package:stats’:

    filter, lag

The following objects are masked from ‘package:base’:

    intersect, setdiff, setequal, union

Loading required package: splines
Loading required package: foreach
Loaded gam 1.20.2

Super Learner
Version: 2.0-28
Package created on 2021-05-04

Loading required package: lattice
Loading required package: ggplot2
Loading required package: Matrix
Loaded glmnet 4.1-7
Loading required package: Formula
Loading required package: plotmo
Loading required package: plotrix
Loading required package: TeachingDemos
Loaded gbm 2.1.8.1

Attaching package: ‘xgboost’

The following object is masked from ‘package:dplyr’:

    slice

[1] "[Simulation setting]"
[1] "m: 100"
[1] "deltas: 0.5, 1, 2"
[1] "Sim.id 1"
[1] "Data generated"
[1] "Proposed & IPW estimators"
[1] "   Split: 1"
[1] "   Split: 2"
[1] "Estimates and SE estimates computed"
[1] ""
[[1]]
[[1]]$pro.p
[[1]]$pro.p$est
  delta        mu      mu_1      mu_0         de        se_1       se_0
1   0.5 0.4344213 0.2043008 0.5889025 -0.3846017 -0.01029903 0.04668576
2   1.0 0.3545887 0.2145999 0.5422168 -0.3276169  0.00000000 0.00000000
3   2.0 0.3279345 0.2282606 0.5894122 -0.3611516  0.01366076 0.04719548
           oe         te
1  0.07983255 -0.3379159
2  0.00000000 -0.3276169
3 -0.02665428 -0.3139562

[[1]]$pro.p$se
  delta         mu       mu_1       mu_0         de       se_1       se_0
1   0.5 0.03817553 0.03769060 0.05261683 0.06178918 0.03065887 0.04187843
2   1.0 0.02797244 0.02648570 0.03579290 0.03532656 0.00000000 0.00000000
3   2.0 0.04468882 0.04456016 0.06257877 0.05821400 0.02966465 0.04816684
          oe         te
1 0.02959089 0.04559004
2 0.00000000 0.03532656
3 0.03076903 0.04813718


[[1]]$pro.np
[[1]]$pro.np$est
  delta        mu      mu_1      mu_0         de          se_1       se_0
1   0.5 0.4401302 0.2277636 0.5810298 -0.3532661 -0.0003980205 0.06317929
2   1.0 0.3547068 0.2281617 0.5178505 -0.2896888  0.0000000000 0.00000000
3   2.0 0.3292758 0.2403772 0.5470729 -0.3066957  0.0122155749 0.02922240
           oe         te
1  0.08542342 -0.2900869
2  0.00000000 -0.2896888
3 -0.02543105 -0.2774733

[[1]]$pro.np$se
  delta         mu       mu_1       mu_0         de       se_1       se_0
1   0.5 0.03936820 0.03650370 0.05663249 0.06669137 0.03063820 0.04975863
2   1.0 0.03228792 0.03012492 0.03751284 0.03087066 0.00000000 0.00000000
3   2.0 0.05202506 0.05694599 0.05949939 0.06106676 0.04010503 0.04109659
          oe         te
1 0.03321815 0.04285512
2 0.00000000 0.03087066
3 0.03523807 0.05575700


[[1]]$ipw.p
[[1]]$ipw.p$est
  delta        mu      mu_1      mu_0         de         se_1         se_0
1   0.5 0.4783512 0.2340698 0.6659120 -0.4318422  0.029100452  0.118476848
2   1.0 0.3417769 0.2049693 0.5474351 -0.3424658  0.000000000  0.000000000
3   2.0 0.2865039 0.1959911 0.5409588 -0.3449677 -0.008978244 -0.006476375
           oe         te
1  0.13657434 -0.3133653
2  0.00000000 -0.3424658
3 -0.05527295 -0.3514440

[[1]]$ipw.p$se
  delta         mu       mu_1       mu_0         de       se_1       se_0
1   0.5 0.09132953 0.04496878 0.14630872 0.13737866 0.04017025 0.12897259
2   1.0 0.02079767 0.02198568 0.03965003 0.04477196 0.00000000 0.00000000
3   2.0 0.03983808 0.04271262 0.06607007 0.06845051 0.03497229 0.07388104
          oe         te
1 0.08434585 0.04497070
2 0.00000000 0.04477196
3 0.04179955 0.06584098


[[1]]$ipw.np
[[1]]$ipw.np$est
  delta        mu      mu_1      mu_0         de         se_1         se_0
1   0.5 0.4637557 0.2334284 0.6410845 -0.4076561  0.021554268  0.110380026
2   1.0 0.3417769 0.2118741 0.5307045 -0.3188304  0.000000000  0.000000000
3   2.0 0.2928231 0.2069800 0.5231579 -0.3161779 -0.004894142 -0.007546606
           oe         te
1  0.12197886 -0.2972761
2  0.00000000 -0.3188304
3 -0.04895382 -0.3237245

[[1]]$ipw.np$se
  delta         mu       mu_1       mu_0         de       se_1       se_0
1   0.5 0.09218993 0.04384178 0.15177409 0.14514844 0.03922026 0.13497095
2   1.0 0.02079767 0.02275122 0.03914548 0.04515680 0.00000000 0.00000000
3   2.0 0.04100277 0.04467783 0.06315394 0.06515711 0.03623351 0.07074181
          oe         te
1 0.08549649 0.04473020
2 0.00000000 0.04515680
3 0.04254396 0.06698491



[1] "Total run time was 99.373 seconds"
