WARNING: ignoring environment value of R_HOME

Attaching package: ‘dplyr’

The following objects are masked from ‘package:stats’:

    filter, lag

The following objects are masked from ‘package:base’:

    intersect, setdiff, setequal, union

Loading required package: splines
Loading required package: foreach
Loaded gam 1.20.2

Super Learner
Version: 2.0-28
Package created on 2021-05-04

Loading required package: lattice
Loading required package: ggplot2
Loading required package: Matrix
Loaded glmnet 4.1-7
Loading required package: Formula
Loading required package: plotmo
Loading required package: plotrix
Loading required package: TeachingDemos
Loaded gbm 2.1.8.1

Attaching package: ‘xgboost’

The following object is masked from ‘package:dplyr’:

    slice

[1] "[Simulation setting]"
[1] "m: 100"
[1] "deltas: 0.5, 1, 2"
[1] "Sim.id 1"
[1] "Data generated"
[1] "Proposed & IPW estimators"
[1] "   Split: 1"
[1] "   Split: 2"
[1] "Estimates and SE estimates computed"
[1] ""
[[1]]
[[1]]$pro.p
[[1]]$pro.p$est
  delta        mu      mu_1      mu_0         de        se_1        se_0
1   0.5 0.4414529 0.2210260 0.6046254 -0.3835994  0.02702745  0.05282720
2   1.0 0.3366539 0.1939986 0.5517982 -0.3577997  0.00000000  0.00000000
3   2.0 0.2063001 0.1218177 0.4652060 -0.3433883 -0.07218086 -0.08659221
          oe         te
1  0.1047990 -0.3307722
2  0.0000000 -0.3577997
3 -0.1303537 -0.4299805

[[1]]$pro.p$se
  delta         mu       mu_1       mu_0         de       se_1       se_0
1   0.5 0.04345276 0.03912137 0.05158418 0.04161119 0.03432768 0.04175700
2   1.0 0.02166955 0.02065542 0.03085304 0.03179193 0.00000000 0.00000000
3   2.0 0.03947602 0.03956187 0.04787055 0.04404886 0.03060827 0.04130325
          oe         te
1 0.03779795 0.04404526
2 0.00000000 0.03179193
3 0.03077424 0.04628628


[[1]]$pro.np
[[1]]$pro.np$est
  delta        mu      mu_1      mu_0         de        se_1        se_0
1   0.5 0.4338341 0.2339165 0.5737818 -0.3398652  0.02838041  0.05276881
2   1.0 0.3336451 0.2055361 0.5210130 -0.3154768  0.00000000  0.00000000
3   2.0 0.2183229 0.1443072 0.4370328 -0.2927256 -0.06122888 -0.08398016
          oe         te
1  0.1001890 -0.2870964
2  0.0000000 -0.3154768
3 -0.1153222 -0.3767057

[[1]]$pro.np$se
  delta         mu       mu_1       mu_0         de       se_1       se_0
1   0.5 0.03874778 0.03382180 0.04925788 0.04346816 0.02872478 0.03854153
2   1.0 0.02181169 0.02040751 0.02924859 0.02769312 0.00000000 0.00000000
3   2.0 0.03730248 0.03651168 0.04309891 0.03710765 0.02729668 0.03609077
          oe         te
1 0.03223834 0.03867525
2 0.00000000 0.02769312
3 0.02757461 0.04033122


[[1]]$ipw.p
[[1]]$ipw.p$est
  delta        mu      mu_1      mu_0         de         se_1        se_0
1   0.5 0.3914700 0.2142952 0.5356522 -0.3213570 -0.007409031 -0.01196412
2   1.0 0.3495180 0.2217043 0.5476163 -0.3259121  0.000000000  0.00000000
3   2.0 0.2653626 0.1831403 0.4956018 -0.3124615 -0.038563914 -0.05201452
           oe         te
1  0.04195192 -0.3333211
2  0.00000000 -0.3259121
3 -0.08415546 -0.3644760

[[1]]$ipw.p$se
  delta         mu       mu_1       mu_0         de       se_1       se_0
1   0.5 0.06966028 0.03586115 0.10745009 0.09453882 0.03340004 0.08909005
2   1.0 0.01924305 0.01946158 0.03840571 0.04249545 0.00000000 0.00000000
3   2.0 0.03031666 0.02942877 0.04783118 0.04269230 0.02610186 0.05940101
          oe         te
1 0.06313845 0.03970919
2 0.00000000 0.04249545
3 0.03493828 0.05584767


[[1]]$ipw.np
[[1]]$ipw.np$est
  delta        mu      mu_1      mu_0         de          se_1        se_0
1   0.5 0.3938490 0.2225323 0.5300650 -0.3075327 -8.033188e-06 -0.01317008
2   1.0 0.3495180 0.2225403 0.5432351 -0.3206948  0.000000e+00  0.00000000
3   2.0 0.2637137 0.1802341 0.4891717 -0.3089376 -4.230619e-02 -0.05406338
           oe         te
1  0.04433094 -0.3207028
2  0.00000000 -0.3206948
3 -0.08580435 -0.3630010

[[1]]$ipw.np$se
  delta         mu       mu_1       mu_0         de       se_1       se_0
1   0.5 0.06954598 0.03774932 0.10443257 0.08932048 0.03520718 0.08508375
2   1.0 0.01924305 0.01939111 0.03828925 0.04221472 0.00000000 0.00000000
3   2.0 0.03017119 0.02803838 0.04778243 0.04118349 0.02537751 0.05993712
          oe         te
1 0.06261905 0.04076031
2 0.00000000 0.04221472
3 0.03523620 0.05488423



[1] "Total run time was 64.253 seconds"
