WARNING: ignoring environment value of R_HOME

Attaching package: ‘dplyr’

The following objects are masked from ‘package:stats’:

    filter, lag

The following objects are masked from ‘package:base’:

    intersect, setdiff, setequal, union

Loading required package: splines
Loading required package: foreach
Loaded gam 1.20.2

Super Learner
Version: 2.0-28
Package created on 2021-05-04

Loading required package: lattice
Loading required package: ggplot2
Loading required package: Matrix
Loaded glmnet 4.1-7
Loading required package: Formula
Loading required package: plotmo
Loading required package: plotrix
Loading required package: TeachingDemos
Loaded gbm 2.1.8.1

Attaching package: ‘xgboost’

The following object is masked from ‘package:dplyr’:

    slice

[1] "[Simulation setting]"
[1] "m: 100"
[1] "deltas: 0.5, 1, 2"
[1] "Sim.id 1"
[1] "Data generated"
[1] "Proposed & IPW estimators"
[1] "   Split: 1"
[1] "   Split: 2"
[1] "Estimates and SE estimates computed"
[1] ""
[[1]]
[[1]]$pro.p
[[1]]$pro.p$est
  delta        mu      mu_1      mu_0         de        se_1        se_0
1   0.5 0.4374939 0.2374043 0.5889865 -0.3515822  0.03306885  0.05662338
2   1.0 0.3373856 0.2043354 0.5323631 -0.3280277  0.00000000  0.00000000
3   2.0 0.2548846 0.1791939 0.4733951 -0.2942013 -0.02514158 -0.05896799
           oe         te
1  0.10010822 -0.2949588
2  0.00000000 -0.3280277
3 -0.08250103 -0.3531692

[[1]]$pro.p$se
  delta         mu       mu_1       mu_0         de       se_1       se_0
1   0.5 0.05924067 0.04258505 0.08939380 0.08174755 0.03506581 0.08381682
2   1.0 0.03060158 0.02618601 0.03973286 0.03197378 0.00000000 0.00000000
3   2.0 0.03573526 0.03384819 0.05688908 0.05162677 0.02517637 0.04167191
          oe         te
1 0.05481970 0.04352136
2 0.00000000 0.03197378
3 0.02746076 0.04454298


[[1]]$pro.np
[[1]]$pro.np$est
  delta        mu      mu_1      mu_0         de        se_1        se_0
1   0.5 0.4353036 0.2313192 0.5819448 -0.3506257  0.02435172  0.06268632
2   1.0 0.3370386 0.2069675 0.5192585 -0.3122911  0.00000000  0.00000000
3   2.0 0.2475560 0.1650533 0.4706970 -0.3056437 -0.04191418 -0.04856157
           oe         te
1  0.09826491 -0.2879393
2  0.00000000 -0.3122911
3 -0.08948264 -0.3542052

[[1]]$pro.np$se
  delta         mu       mu_1       mu_0         de       se_1       se_0
1   0.5 0.04629630 0.04218355 0.06201793 0.06173871 0.03292800 0.05863693
2   1.0 0.03129861 0.02683756 0.03751550 0.02652568 0.00000000 0.00000000
3   2.0 0.04013507 0.03727465 0.05806431 0.04736760 0.02775525 0.04026740
          oe         te
1 0.03846495 0.04026878
2 0.00000000 0.02652568
3 0.02904440 0.04079889


[[1]]$ipw.p
[[1]]$ipw.p$est
  delta        mu      mu_1      mu_0         de          se_1        se_0
1   0.5 0.5305033 0.2765241 0.7369459 -0.4604219  0.0801595159  0.19332168
2   1.0 0.3331901 0.1963646 0.5436243 -0.3472597  0.0000000000  0.00000000
3   2.0 0.2786720 0.1961008 0.5236426 -0.3275418 -0.0002637915 -0.01998166
           oe         te
1  0.19731312 -0.2671002
2  0.00000000 -0.3472597
3 -0.05451816 -0.3475235

[[1]]$ipw.p$se
  delta         mu       mu_1       mu_0         de       se_1       se_0
1   0.5 0.12794265 0.06073570 0.19681939 0.15865254 0.05824582 0.17496351
2   1.0 0.02164260 0.02023516 0.04059594 0.04203234 0.00000000 0.00000000
3   2.0 0.04029245 0.04417546 0.05360304 0.05360190 0.03695414 0.06559626
          oe         te
1 0.11894758 0.05049677
2 0.00000000 0.04203234
3 0.04245429 0.06651945


[[1]]$ipw.np
[[1]]$ipw.np$est
  delta        mu      mu_1      mu_0         de          se_1        se_0
1   0.5 0.5484779 0.2916103 0.7590220 -0.4674117  0.0956819792  0.21495135
2   1.0 0.3331901 0.1959283 0.5440706 -0.3481423  0.0000000000  0.00000000
3   2.0 0.2774349 0.1951695 0.5198759 -0.3247064 -0.0007588373 -0.02419477
          oe         te
1  0.2152877 -0.2524603
2  0.0000000 -0.3481423
3 -0.0557552 -0.3489011

[[1]]$ipw.np$se
  delta         mu       mu_1       mu_0         de       se_1       se_0
1   0.5 0.13228711 0.06773589 0.20050053 0.15900702 0.06504860 0.17841797
2   1.0 0.02164260 0.02021305 0.04072371 0.04209467 0.00000000 0.00000000
3   2.0 0.03986705 0.04402528 0.05212345 0.05300155 0.03708881 0.06453725
          oe         te
1 0.12322648 0.05738506
2 0.00000000 0.04209467
3 0.04219222 0.06655370



[1] "Total run time was 56.419 seconds"
