WARNING: ignoring environment value of R_HOME

Attaching package: ‘dplyr’

The following objects are masked from ‘package:stats’:

    filter, lag

The following objects are masked from ‘package:base’:

    intersect, setdiff, setequal, union

Loading required package: splines
Loading required package: foreach
Loaded gam 1.20.2

Super Learner
Version: 2.0-28
Package created on 2021-05-04

Loading required package: lattice
Loading required package: ggplot2
Loading required package: Matrix
Loaded glmnet 4.1-7
Loading required package: Formula
Loading required package: plotmo
Loading required package: plotrix
Loading required package: TeachingDemos
Loaded gbm 2.1.8.1

Attaching package: ‘xgboost’

The following object is masked from ‘package:dplyr’:

    slice

[1] "[Simulation setting]"
[1] "m: 100"
[1] "deltas: 0.5, 1, 2"
[1] "Sim.id 1"
[1] "Data generated"
[1] "Proposed & IPW estimators"
[1] "   Split: 1"
[1] "   Split: 2"
[1] "Estimates and SE estimates computed"
[1] ""
[[1]]
[[1]]$pro.p
[[1]]$pro.p$est
  delta        mu      mu_1      mu_0         de        se_1        se_0
1   0.5 0.4698592 0.2594365 0.6123099 -0.3528734  0.06979226  0.10986760
2   1.0 0.3228848 0.1896442 0.5024423 -0.3127981  0.00000000  0.00000000
3   2.0 0.2256973 0.1518181 0.4296209 -0.2778028 -0.03782615 -0.07282143
           oe         te
1  0.14697445 -0.2430058
2  0.00000000 -0.3127981
3 -0.09718747 -0.3506242

[[1]]$pro.p$se
  delta         mu       mu_1       mu_0         de       se_1      se_0
1   0.5 0.04849568 0.03681727 0.05928274 0.04438378 0.03200179 0.0465407
2   1.0 0.02403322 0.02103912 0.03287982 0.02838719 0.00000000 0.0000000
3   2.0 0.02677102 0.02670615 0.04213160 0.03809877 0.01647314 0.0344757
          oe         te
1 0.03978051 0.03685512
2 0.00000000 0.02838719
3 0.02015121 0.03587141


[[1]]$pro.np
[[1]]$pro.np$est
  delta        mu      mu_1      mu_0         de        se_1        se_0
1   0.5 0.4350555 0.2471144 0.5563842 -0.3092698  0.04699456  0.07266167
2   1.0 0.3247953 0.2001198 0.4837226 -0.2836027  0.00000000  0.00000000
3   2.0 0.2358275 0.1656728 0.4109912 -0.2453184 -0.03444707 -0.07273141
           oe         te
1  0.11026018 -0.2366082
2  0.00000000 -0.2836027
3 -0.08896781 -0.3180498

[[1]]$pro.np$se
  delta         mu       mu_1       mu_0         de       se_1       se_0
1   0.5 0.03679883 0.02890525 0.04665638 0.04255322 0.02265565 0.03411875
2   1.0 0.02442144 0.02174306 0.03222493 0.02670868 0.00000000 0.00000000
3   2.0 0.02953584 0.02949758 0.04567603 0.04136891 0.01942043 0.03644251
          oe         te
1 0.02762301 0.03103465
2 0.00000000 0.02670868
3 0.02167568 0.03628114


[[1]]$ipw.p
[[1]]$ipw.p$est
  delta        mu      mu_1      mu_0         de        se_1        se_0
1   0.5 0.4123236 0.2602896 0.5299713 -0.2696817  0.05507159  0.02082361
2   1.0 0.3320694 0.2052181 0.5091477 -0.3039297  0.00000000  0.00000000
3   2.0 0.2459371 0.1604121 0.4736963 -0.3132842 -0.04480597 -0.03545140
           oe         te
1  0.08025416 -0.2488581
2  0.00000000 -0.3039297
3 -0.08613231 -0.3487356

[[1]]$ipw.p$se
  delta         mu       mu_1       mu_0         de       se_1       se_0
1   0.5 0.10062983 0.05931750 0.13688750 0.08565492 0.05743003 0.12181889
2   1.0 0.02044255 0.02061023 0.03400956 0.03550368 0.00000000 0.00000000
3   2.0 0.03206481 0.03260333 0.04447383 0.03682865 0.02308397 0.05253565
          oe         te
1 0.09418778 0.05144003
2 0.00000000 0.03550368
3 0.03198357 0.05053660


[[1]]$ipw.np
[[1]]$ipw.np$est
  delta        mu      mu_1      mu_0         de        se_1        se_0
1   0.5 0.3834656 0.2513720 0.4781538 -0.2267818  0.04067608 -0.01781537
2   1.0 0.3320694 0.2106959 0.4959692 -0.2852733  0.00000000  0.00000000
3   2.0 0.2470819 0.1659472 0.4606184 -0.2946713 -0.04474871 -0.03535073
           oe         te
1  0.05139620 -0.2445972
2  0.00000000 -0.2852733
3 -0.08498756 -0.3300220

[[1]]$ipw.np$se
  delta         mu       mu_1       mu_0         de       se_1       se_0
1   0.5 0.08931217 0.05276509 0.11854924 0.07549730 0.05064321 0.10374326
2   1.0 0.02044255 0.02152716 0.03274667 0.03481457 0.00000000 0.00000000
3   2.0 0.03358783 0.03594546 0.04388604 0.03603701 0.02612453 0.05113213
          oe         te
1 0.08270358 0.04552109
2 0.00000000 0.03481457
3 0.03318493 0.05191524



[1] "Total run time was 47.851 seconds"
