WARNING: ignoring environment value of R_HOME

Attaching package: ‘dplyr’

The following objects are masked from ‘package:stats’:

    filter, lag

The following objects are masked from ‘package:base’:

    intersect, setdiff, setequal, union

Loading required package: splines
Loading required package: foreach
Loaded gam 1.20.2

Super Learner
Version: 2.0-28
Package created on 2021-05-04

Loading required package: lattice
Loading required package: ggplot2
Loading required package: Matrix
Loaded glmnet 4.1-7
Loading required package: Formula
Loading required package: plotmo
Loading required package: plotrix
Loading required package: TeachingDemos
Loaded gbm 2.1.8.1

Attaching package: ‘xgboost’

The following object is masked from ‘package:dplyr’:

    slice

[1] "[Simulation setting]"
[1] "m: 100"
[1] "deltas: 0.5, 1, 2"
[1] "Sim.id 1"
[1] "Data generated"
[1] "Proposed & IPW estimators"
[1] "   Split: 1"
[1] "   Split: 2"
[1] "Estimates and SE estimates computed"
[1] ""
[[1]]
[[1]]$pro.p
[[1]]$pro.p$est
  delta        mu      mu_1      mu_0         de        se_1         se_0
1   0.5 0.4902471 0.3052997 0.6443317 -0.3390320  0.05972043  0.049662062
2   1.0 0.3808521 0.2455793 0.5946696 -0.3490904  0.00000000  0.000000000
3   2.0 0.3033238 0.2097747 0.5917014 -0.3819267 -0.03580461 -0.002968277
           oe         te
1  0.10939497 -0.2893699
2  0.00000000 -0.3490904
3 -0.07752824 -0.3848950

[[1]]$pro.p$se
  delta         mu       mu_1       mu_0         de       se_1       se_0
1   0.5 0.04509212 0.04668005 0.05840549 0.06383109 0.04053636 0.05606929
2   1.0 0.02528017 0.02579774 0.02897674 0.02821702 0.00000000 0.00000000
3   2.0 0.04546408 0.04641371 0.05098349 0.04694588 0.04019873 0.04056080
          oe         te
1 0.04268075 0.04999803
2 0.00000000 0.02821702
3 0.03867870 0.04960479


[[1]]$pro.np
[[1]]$pro.np$est
  delta        mu      mu_1      mu_0         de        se_1       se_0
1   0.5 0.4762343 0.2638265 0.6217957 -0.3579692  0.00617201 0.07274578
2   1.0 0.3780844 0.2576545 0.5490499 -0.2913954  0.00000000 0.00000000
3   2.0 0.3294513 0.2475032 0.5644908 -0.3169877 -0.01015130 0.01544093
           oe         te
1  0.09814986 -0.2852234
2  0.00000000 -0.2913954
3 -0.04863309 -0.3015467

[[1]]$pro.np$se
  delta         mu       mu_1       mu_0         de       se_1       se_0
1   0.5 0.04860517 0.03706322 0.08967856 0.09138135 0.02753251 0.08517909
2   1.0 0.02810768 0.02943257 0.03048329 0.02792259 0.00000000 0.00000000
3   2.0 0.05132933 0.05524057 0.05883737 0.05272809 0.04757346 0.04730836
          oe         te
1 0.04569294 0.03722507
2 0.00000000 0.02792259
3 0.04321624 0.05695321


[[1]]$ipw.p
[[1]]$ipw.p$est
  delta        mu      mu_1      mu_0         de        se_1       se_0
1   0.5 0.7220656 0.3880318 0.9887823 -0.6007505 0.150438229 0.41721294
2   1.0 0.3677908 0.2375936 0.5715694 -0.3339757 0.000000000 0.00000000
3   2.0 0.3406202 0.2442919 0.6270354 -0.3827435 0.006698314 0.05546606
           oe         te
1  0.35427481 -0.1835375
2  0.00000000 -0.3339757
3 -0.02717062 -0.3272774

[[1]]$ipw.p$se
  delta         mu       mu_1       mu_0         de       se_1       se_0
1   0.5 0.18451857 0.09318919 0.26734627 0.20053452 0.09117217 0.24817396
2   1.0 0.02133160 0.02255126 0.03725164 0.04145570 0.00000000 0.00000000
3   2.0 0.04936187 0.04571291 0.07264885 0.05107237 0.03726632 0.08399873
          oe         te
1 0.17703111 0.08076404
2 0.00000000 0.04145570
3 0.04942476 0.06520822


[[1]]$ipw.np
[[1]]$ipw.np$est
  delta        mu      mu_1      mu_0         de        se_1       se_0
1   0.5 0.7792099 0.4221698 1.0964605 -0.6742908  0.17570870 0.54130016
2   1.0 0.3677908 0.2464610 0.5551603 -0.3086993  0.00000000 0.00000000
3   2.0 0.3159922 0.2239678 0.5822010 -0.3582332 -0.02249326 0.02704069
           oe         te
1  0.41141912 -0.1329906
2  0.00000000 -0.3086993
3 -0.05179864 -0.3311925

[[1]]$ipw.np$se
  delta         mu       mu_1       mu_0         de       se_1       se_0
1   0.5 0.21748335 0.10007600 0.33632530 0.25689865 0.09853948 0.31679548
2   1.0 0.02133160 0.02399274 0.03712590 0.04199905 0.00000000 0.00000000
3   2.0 0.04185395 0.03789408 0.06739317 0.04972550 0.02885874 0.07874814
         oe         te
1 0.2107082 0.08481933
2 0.0000000 0.04199905
3 0.0415626 0.05813459



[1] "Total run time was 59.799 seconds"
