WARNING: ignoring environment value of R_HOME

Attaching package: ‘dplyr’

The following objects are masked from ‘package:stats’:

    filter, lag

The following objects are masked from ‘package:base’:

    intersect, setdiff, setequal, union

Loading required package: splines
Loading required package: foreach
Loaded gam 1.20.2

Super Learner
Version: 2.0-28
Package created on 2021-05-04

Loading required package: lattice
Loading required package: ggplot2
Loading required package: Matrix
Loaded glmnet 4.1-7
Loading required package: Formula
Loading required package: plotmo
Loading required package: plotrix
Loading required package: TeachingDemos
Loaded gbm 2.1.8.1

Attaching package: ‘xgboost’

The following object is masked from ‘package:dplyr’:

    slice

[1] "[Simulation setting]"
[1] "m: 100"
[1] "deltas: 0.5, 1, 2"
[1] "Sim.id 1"
[1] "Data generated"
[1] "Proposed & IPW estimators"
[1] "   Split: 1"
[1] "   Split: 2"
[1] "Estimates and SE estimates computed"
[1] ""
[[1]]
[[1]]$pro.p
[[1]]$pro.p$est
  delta        mu      mu_1      mu_0         de        se_1        se_0
1   0.5 0.4474434 0.2816102 0.5604201 -0.2788099  0.05935557 0.013971678
2   1.0 0.3563541 0.2222546 0.5464484 -0.3241938  0.00000000 0.000000000
3   2.0 0.2892313 0.2008199 0.5492099 -0.3483899 -0.02143468 0.002761487
           oe         te
1  0.09108933 -0.2648382
2  0.00000000 -0.3241938
3 -0.06712281 -0.3456285

[[1]]$pro.p$se
  delta         mu       mu_1       mu_0         de       se_1       se_0
1   0.5 0.03113069 0.03643329 0.03369332 0.04019062 0.02691082 0.02755235
2   1.0 0.02447106 0.02488457 0.03025843 0.02995434 0.00000000 0.00000000
3   2.0 0.03908394 0.03947432 0.04642341 0.04239410 0.02890482 0.03885179
          oe         te
1 0.02347617 0.03961573
2 0.00000000 0.02995434
3 0.03014621 0.04412304


[[1]]$pro.np
[[1]]$pro.np$est
  delta        mu      mu_1      mu_0         de         se_1          se_0
1   0.5 0.4000009 0.2248379 0.5255873 -0.3007494  0.001089312 -0.0004494016
2   1.0 0.3529610 0.2237486 0.5260367 -0.3022881  0.000000000  0.0000000000
3   2.0 0.3088768 0.2140212 0.5680648 -0.3540436 -0.009727343  0.0420281110
           oe         te
1  0.04703992 -0.3011988
2  0.00000000 -0.3022881
3 -0.04408422 -0.3120155

[[1]]$pro.np$se
  delta         mu       mu_1       mu_0         de       se_1       se_0
1   0.5 0.03797780 0.04763356 0.03661496 0.04606284 0.04191380 0.02753357
2   1.0 0.02694910 0.02662577 0.03128618 0.02910494 0.00000000 0.00000000
3   2.0 0.04413299 0.04759579 0.04362527 0.04927970 0.03380207 0.03821831
          oe         te
1 0.03015196 0.04434974
2 0.00000000 0.02910494
3 0.03400418 0.05156347


[[1]]$ipw.p
[[1]]$ipw.p$est
  delta        mu      mu_1      mu_0         de         se_1        se_0
1   0.5 0.3989394 0.2800762 0.4829946 -0.2029185  0.043877843 -0.05964913
2   1.0 0.3647614 0.2361983 0.5426438 -0.3064454  0.000000000  0.00000000
3   2.0 0.3203080 0.2275228 0.5755223 -0.3479996 -0.008675547  0.03287856
           oe         te
1  0.03417797 -0.2625676
2  0.00000000 -0.3064454
3 -0.04445345 -0.3151210

[[1]]$ipw.p$se
  delta         mu       mu_1       mu_0         de       se_1       se_0
1   0.5 0.05595628 0.04513045 0.07343884 0.05952114 0.03944910 0.05443425
2   1.0 0.02190486 0.02356026 0.03406819 0.03701870 0.00000000 0.00000000
3   2.0 0.05525024 0.05465167 0.06579660 0.03971968 0.04579302 0.07491562
          oe         te
1 0.04715386 0.04110049
2 0.00000000 0.03701870
3 0.05367212 0.06807240


[[1]]$ipw.np
[[1]]$ipw.np$est
  delta        mu      mu_1      mu_0         de        se_1       se_0
1   0.5 0.5204660 0.3450556 0.7032752 -0.3582196 0.103772116 0.14949117
2   1.0 0.3647614 0.2412835 0.5537840 -0.3125005 0.000000000 0.00000000
3   2.0 0.3370614 0.2458544 0.5740163 -0.3281619 0.004570853 0.02023224
           oe         te
1  0.15570463 -0.2087284
2  0.00000000 -0.3125005
3 -0.02770003 -0.3079297

[[1]]$ipw.np$se
  delta         mu       mu_1       mu_0         de       se_1       se_0
1   0.5 0.10735113 0.07677420 0.16293198 0.10856227 0.07297868 0.14139002
2   1.0 0.02190486 0.02381386 0.03798772 0.04043927 0.00000000 0.00000000
3   2.0 0.06447390 0.06662610 0.06869469 0.04346289 0.05830290 0.07954106
          oe         te
1 0.10053041 0.06632995
2 0.00000000 0.04043927
3 0.06307885 0.08096371



[1] "Total run time was 67.006 seconds"
