WARNING: ignoring environment value of R_HOME

Attaching package: ‘dplyr’

The following objects are masked from ‘package:stats’:

    filter, lag

The following objects are masked from ‘package:base’:

    intersect, setdiff, setequal, union

Loading required package: splines
Loading required package: foreach
Loaded gam 1.20.2

Super Learner
Version: 2.0-28
Package created on 2021-05-04

Loading required package: lattice
Loading required package: ggplot2
Loading required package: Matrix
Loaded glmnet 4.1-7
Loading required package: Formula
Loading required package: plotmo
Loading required package: plotrix
Loading required package: TeachingDemos
Loaded gbm 2.1.8.1

Attaching package: ‘xgboost’

The following object is masked from ‘package:dplyr’:

    slice

[1] "[Simulation setting]"
[1] "m: 100"
[1] "deltas: 0.5, 1, 2"
[1] "Sim.id 1"
[1] "Data generated"
[1] "Proposed & IPW estimators"
[1] "   Split: 1"
[1] "   Split: 2"
[1] "Estimates and SE estimates computed"
[1] ""
[[1]]
[[1]]$pro.p
[[1]]$pro.p$est
  delta        mu      mu_1      mu_0         de       se_1        se_0
1   0.5 0.4615723 0.2523530 0.6272091 -0.3748560 0.02315227  0.07534520
2   1.0 0.3562214 0.2292007 0.5518639 -0.3226631 0.00000000  0.00000000
3   2.0 0.3118682 0.2424173 0.5124484 -0.2700311 0.01321654 -0.03941548
           oe         te
1  0.10535091 -0.2995109
2  0.00000000 -0.3226631
3 -0.04435313 -0.3094466

[[1]]$pro.p$se
  delta         mu       mu_1       mu_0         de       se_1       se_0
1   0.5 0.04122406 0.03512575 0.05383252 0.05327458 0.02942437 0.04549147
2   1.0 0.02147344 0.01934200 0.03265184 0.03367989 0.00000000 0.00000000
3   2.0 0.04232330 0.04217818 0.05131650 0.04852585 0.03345541 0.03994872
          oe         te
1 0.03472889 0.04343013
2 0.00000000 0.03367989
3 0.03316358 0.04732349


[[1]]$pro.np
[[1]]$pro.np$est
  delta        mu      mu_1      mu_0         de        se_1        se_0
1   0.5 0.4584128 0.2565918 0.6011613 -0.3445695  0.02839531  0.07582275
2   1.0 0.3519189 0.2281965 0.5253386 -0.2971421  0.00000000  0.00000000
3   2.0 0.2575120 0.1752614 0.4727119 -0.2974505 -0.05293509 -0.05262669
           oe         te
1  0.10649395 -0.2687468
2  0.00000000 -0.2971421
3 -0.09440693 -0.3500772

[[1]]$pro.np$se
  delta         mu       mu_1       mu_0         de       se_1       se_0
1   0.5 0.04207433 0.03310491 0.05505233 0.04920649 0.02852023 0.04703745
2   1.0 0.02128366 0.01919300 0.03084681 0.02981065 0.00000000 0.00000000
3   2.0 0.07283902 0.09343699 0.04557886 0.08998501 0.08625562 0.03360809
          oe         te
1 0.03645621 0.03891288
2 0.00000000 0.02981065
3 0.06511362 0.09352829


[[1]]$ipw.p
[[1]]$ipw.p$est
  delta        mu      mu_1      mu_0         de       se_1       se_0
1   0.5 0.5476710 0.2845018 0.7456933 -0.4611914 0.04924674  0.1767125
2   1.0 0.3668384 0.2352551 0.5689808 -0.3337257 0.00000000  0.0000000
3   2.0 0.3207896 0.2756031 0.4582049 -0.1826017 0.04034804 -0.1107759
           oe         te
1  0.18083257 -0.2844790
2  0.00000000 -0.3337257
3 -0.04604884 -0.2933776

[[1]]$ipw.p$se
  delta         mu       mu_1       mu_0         de       se_1      se_0
1   0.5 0.14279572 0.05681328 0.21086705 0.16871917 0.05645071 0.1942840
2   1.0 0.01884668 0.01978915 0.04123792 0.04779620 0.00000000 0.0000000
3   2.0 0.05285225 0.06194622 0.05154074 0.06095608 0.05454739 0.0641654
          oe         te
1 0.13646839 0.05247776
2 0.00000000 0.04779620
3 0.05484917 0.08545804


[[1]]$ipw.np
[[1]]$ipw.np$est
  delta        mu      mu_1      mu_0         de       se_1       se_0
1   0.5 0.5310782 0.2904081 0.6998233 -0.4094153 0.04838673  0.1431784
2   1.0 0.3668384 0.2420213 0.5566450 -0.3146236 0.00000000  0.0000000
3   2.0 0.3234401 0.2897607 0.4418905 -0.1521299 0.04773933 -0.1147544
           oe         te
1  0.16423977 -0.2662369
2  0.00000000 -0.3146236
3 -0.04339836 -0.2668843

[[1]]$ipw.np$se
  delta         mu       mu_1       mu_0         de       se_1       se_0
1   0.5 0.12796009 0.05709553 0.17840748 0.13708079 0.05658099 0.16084398
2   1.0 0.01884668 0.02019639 0.04064681 0.04736764 0.00000000 0.00000000
3   2.0 0.05557335 0.06973434 0.04931176 0.06836123 0.06255448 0.06155821
          oe         te
1 0.12096046 0.05235217
2 0.00000000 0.04736764
3 0.05769194 0.09145482



[1] "Total run time was 43.563 seconds"
