WARNING: ignoring environment value of R_HOME

Attaching package: ‘dplyr’

The following objects are masked from ‘package:stats’:

    filter, lag

The following objects are masked from ‘package:base’:

    intersect, setdiff, setequal, union

Loading required package: splines
Loading required package: foreach
Loaded gam 1.20.2

Super Learner
Version: 2.0-28
Package created on 2021-05-04

Loading required package: lattice
Loading required package: ggplot2
Loading required package: Matrix
Loaded glmnet 4.1-7
Loading required package: Formula
Loading required package: plotmo
Loading required package: plotrix
Loading required package: TeachingDemos
Loaded gbm 2.1.8.1

Attaching package: ‘xgboost’

The following object is masked from ‘package:dplyr’:

    slice

[1] "[Simulation setting]"
[1] "m: 100"
[1] "deltas: 0.5, 1, 2"
[1] "Sim.id 1"
[1] "Data generated"
[1] "Proposed & IPW estimators"
[1] "   Split: 1"
[1] "   Split: 2"
[1] "Estimates and SE estimates computed"
[1] ""
[[1]]
[[1]]$pro.p
[[1]]$pro.p$est
  delta        mu      mu_1      mu_0         de        se_1        se_0
1   0.5 0.4227606 0.2704812 0.5284196 -0.2579384  0.03441973 -0.02264899
2   1.0 0.3701802 0.2360615 0.5510686 -0.3150071  0.00000000  0.00000000
3   2.0 0.2945393 0.1996712 0.5370938 -0.3374226 -0.03639034 -0.01397479
           oe         te
1  0.05258046 -0.2805874
2  0.00000000 -0.3150071
3 -0.07564082 -0.3513974

[[1]]$pro.p$se
  delta         mu       mu_1       mu_0         de       se_1       se_0
1   0.5 0.05412837 0.04387989 0.07542895 0.07608968 0.03625610 0.05876256
2   1.0 0.02813802 0.02581114 0.03499588 0.02959981 0.00000000 0.00000000
3   2.0 0.04612602 0.04484817 0.04749842 0.04019559 0.03533485 0.03805724
          oe         te
1 0.04387846 0.04693459
2 0.00000000 0.02959981
3 0.03728060 0.04954329


[[1]]$pro.np
[[1]]$pro.np$est
  delta        mu      mu_1      mu_0         de        se_1         se_0
1   0.5 0.4383690 0.2714533 0.5566837 -0.2852305  0.03115783  0.004051956
2   1.0 0.3741954 0.2402954 0.5526318 -0.3123363  0.00000000  0.000000000
3   2.0 0.2853566 0.2011578 0.5093138 -0.3081560 -0.03913767 -0.043317967
           oe         te
1  0.06417366 -0.2811785
2  0.00000000 -0.3123363
3 -0.08883875 -0.3514740

[[1]]$pro.np$se
  delta         mu       mu_1       mu_0         de       se_1       se_0
1   0.5 0.05632306 0.04061667 0.08199364 0.08407571 0.03138936 0.06322086
2   1.0 0.02817514 0.02625611 0.03447371 0.02800069 0.00000000 0.00000000
3   2.0 0.04423203 0.04463547 0.04832199 0.04381339 0.03485980 0.03831452
          oe         te
1 0.04450151 0.04295690
2 0.00000000 0.02800069
3 0.03475476 0.04726377


[[1]]$ipw.p
[[1]]$ipw.p$est
  delta        mu      mu_1      mu_0         de        se_1        se_0
1   0.5 0.4624599 0.2818771 0.6157922 -0.3339151  0.05623754  0.06365922
2   1.0 0.3527028 0.2256396 0.5521330 -0.3264934  0.00000000  0.00000000
3   2.0 0.2605013 0.1706719 0.5161924 -0.3455206 -0.05496770 -0.03594057
          oe         te
1  0.1097572 -0.2702559
2  0.0000000 -0.3264934
3 -0.0922015 -0.3814611

[[1]]$ipw.p$se
  delta         mu       mu_1       mu_0         de       se_1       se_0
1   0.5 0.09796293 0.05523273 0.15324953 0.14274315 0.05107775 0.12862407
2   1.0 0.02207172 0.02121638 0.03930043 0.03901636 0.00000000 0.00000000
3   2.0 0.03772291 0.03663696 0.05592287 0.04723056 0.03270721 0.06639402
          oe         te
1 0.08901060 0.05486515
2 0.00000000 0.03901636
3 0.03982765 0.05736096


[[1]]$ipw.np
[[1]]$ipw.np$est
  delta        mu      mu_1      mu_0         de        se_1        se_0
1   0.5 0.4490909 0.2727383 0.5980790 -0.3253406  0.04325142  0.04996711
2   1.0 0.3527028 0.2294869 0.5481118 -0.3186249  0.00000000  0.00000000
3   2.0 0.2658464 0.1759697 0.5220523 -0.3460826 -0.05351723 -0.02605953
           oe         te
1  0.09638818 -0.2753735
2  0.00000000 -0.3186249
3 -0.08685633 -0.3721422

[[1]]$ipw.np$se
  delta         mu       mu_1       mu_0         de       se_1       se_0
1   0.5 0.09418697 0.05100050 0.14986027 0.14368029 0.04687759 0.12558132
2   1.0 0.02207172 0.02160076 0.03946751 0.03927570 0.00000000 0.00000000
3   2.0 0.03690184 0.03629673 0.05589099 0.04789597 0.03198433 0.06570922
          oe         te
1 0.08542037 0.05296905
2 0.00000000 0.03927570
3 0.03897219 0.05718079



[1] "Total run time was 49.331 seconds"
