WARNING: ignoring environment value of R_HOME

Attaching package: ‘dplyr’

The following objects are masked from ‘package:stats’:

    filter, lag

The following objects are masked from ‘package:base’:

    intersect, setdiff, setequal, union

Loading required package: splines
Loading required package: foreach
Loaded gam 1.20.2

Super Learner
Version: 2.0-28
Package created on 2021-05-04

Loading required package: lattice
Loading required package: ggplot2
Loading required package: Matrix
Loaded glmnet 4.1-7
Loading required package: Formula
Loading required package: plotmo
Loading required package: plotrix
Loading required package: TeachingDemos
Loaded gbm 2.1.8.1

Attaching package: ‘xgboost’

The following object is masked from ‘package:dplyr’:

    slice

[1] "[Simulation setting]"
[1] "m: 100"
[1] "deltas: 0.5, 1, 2"
[1] "Sim.id 1"
[1] "Data generated"
[1] "Proposed & IPW estimators"
[1] "   Split: 1"
[1] "   Split: 2"
[1] "Estimates and SE estimates computed"
[1] ""
[[1]]
[[1]]$pro.p
[[1]]$pro.p$est
  delta        mu      mu_1      mu_0         de        se_1       se_0
1   0.5 0.4533940 0.3021782 0.5608160 -0.2586378  0.05621201 0.03492212
2   1.0 0.3608336 0.2459662 0.5258939 -0.2799276  0.00000000 0.00000000
3   2.0 0.3240948 0.2356598 0.5794512 -0.3437914 -0.01030638 0.05355738
          oe         te
1  0.0925604 -0.2237156
2  0.0000000 -0.2799276
3 -0.0367388 -0.2902340

[[1]]$pro.p$se
  delta         mu       mu_1       mu_0         de       se_1       se_0
1   0.5 0.04132576 0.03982571 0.05639304 0.06423207 0.03290322 0.04184374
2   1.0 0.02535566 0.02292392 0.03495079 0.03326170 0.00000000 0.00000000
3   2.0 0.03981285 0.03071325 0.08303577 0.07106751 0.02376033 0.07542967
          oe         te
1 0.03109977 0.04603234
2 0.00000000 0.03326170
3 0.03248300 0.03807490


[[1]]$pro.np
[[1]]$pro.np$est
  delta        mu      mu_1      mu_0         de        se_1       se_0
1   0.5 0.4546082 0.3180456 0.5430979 -0.2250523  0.06529870 0.03437087
2   1.0 0.3627551 0.2527469 0.5087271 -0.2559801  0.00000000 0.00000000
3   2.0 0.3045126 0.2145451 0.5442367 -0.3296917 -0.03820188 0.03550966
           oe         te
1  0.09185308 -0.1906814
2  0.00000000 -0.2559801
3 -0.05824249 -0.2941820

[[1]]$pro.np$se
  delta         mu       mu_1       mu_0         de       se_1       se_0
1   0.5 0.04019446 0.04030692 0.04819850 0.05002064 0.03275068 0.03498258
2   1.0 0.02560701 0.02356761 0.03339175 0.03043493 0.00000000 0.00000000
3   2.0 0.04016930 0.03450483 0.07404817 0.06397661 0.02724452 0.06528902
          oe         te
1 0.02896824 0.04186986
2 0.00000000 0.03043493
3 0.03253350 0.04036210


[[1]]$ipw.p
[[1]]$ipw.p$est
  delta        mu      mu_1      mu_0         de        se_1        se_0
1   0.5 0.4504175 0.2782195 0.5822475 -0.3040280 0.032653714  0.04894647
2   1.0 0.3630553 0.2455658 0.5333010 -0.2877352 0.000000000  0.00000000
3   2.0 0.3191953 0.2494613 0.5188472 -0.2693859 0.003895503 -0.01445377
           oe         te
1  0.08736219 -0.2550815
2  0.00000000 -0.2877352
3 -0.04386003 -0.2838397

[[1]]$ipw.p$se
  delta         mu       mu_1       mu_0         de       se_1       se_0
1   0.5 0.09793685 0.05107076 0.14728240 0.12417108 0.04982269 0.12279336
2   1.0 0.02111148 0.02219149 0.04023551 0.04640449 0.00000000 0.00000000
3   2.0 0.05252497 0.05396185 0.09171744 0.08636295 0.04764612 0.09850778
          oe         te
1 0.08945130 0.05330898
2 0.00000000 0.04640449
3 0.05446375 0.07595877


[[1]]$ipw.np
[[1]]$ipw.np$est
  delta        mu      mu_1      mu_0         de        se_1         se_0
1   0.5 0.4563074 0.2852053 0.5875829 -0.3023775 0.034313571  0.062306907
2   1.0 0.3630553 0.2508918 0.5252759 -0.2743842 0.000000000  0.000000000
3   2.0 0.3281869 0.2601661 0.5178772 -0.2577111 0.009274346 -0.007398721
           oe         te
1  0.09325211 -0.2400706
2  0.00000000 -0.2743842
3 -0.03486837 -0.2651098

[[1]]$ipw.np$se
  delta         mu       mu_1       mu_0         de       se_1       se_0
1   0.5 0.09869593 0.05231083 0.14778728 0.12438671 0.05146268 0.12316198
2   1.0 0.02111148 0.02284286 0.04012522 0.04684088 0.00000000 0.00000000
3   2.0 0.05407548 0.05625707 0.09268025 0.08795249 0.04949674 0.09933355
          oe         te
1 0.09036238 0.05446491
2 0.00000000 0.04684088
3 0.05565331 0.07768761



[1] "Total run time was 81.891 seconds"
