WARNING: ignoring environment value of R_HOME

Attaching package: ‘dplyr’

The following objects are masked from ‘package:stats’:

    filter, lag

The following objects are masked from ‘package:base’:

    intersect, setdiff, setequal, union

Loading required package: splines
Loading required package: foreach
Loaded gam 1.20.2

Super Learner
Version: 2.0-28
Package created on 2021-05-04

Loading required package: lattice
Loading required package: ggplot2
Loading required package: Matrix
Loaded glmnet 4.1-7
Loading required package: Formula
Loading required package: plotmo
Loading required package: plotrix
Loading required package: TeachingDemos
Loaded gbm 2.1.8.1

Attaching package: ‘xgboost’

The following object is masked from ‘package:dplyr’:

    slice

[1] "[Simulation setting]"
[1] "m: 100"
[1] "deltas: 0.5, 1, 2"
[1] "Sim.id 1"
[1] "Data generated"
[1] "Proposed & IPW estimators"
[1] "   Split: 1"
[1] "   Split: 2"
[1] "Estimates and SE estimates computed"
[1] ""
[[1]]
[[1]]$pro.p
[[1]]$pro.p$est
  delta        mu      mu_1      mu_0         de        se_1        se_0
1   0.5 0.4959808 0.2929360 0.6481232 -0.3551872  0.07499337  0.08656382
2   1.0 0.3529598 0.2179427 0.5615594 -0.3436167  0.00000000  0.00000000
3   2.0 0.2603304 0.1950175 0.4882463 -0.2932287 -0.02292512 -0.07331309
           oe         te
1  0.14302095 -0.2686233
2  0.00000000 -0.3436167
3 -0.09262939 -0.3665418

[[1]]$pro.p$se
  delta         mu       mu_1       mu_0         de       se_1       se_0
1   0.5 0.03481387 0.02615864 0.04578554 0.04155945 0.01885853 0.03720622
2   1.0 0.02290755 0.02029023 0.03343287 0.03226316 0.00000000 0.00000000
3   2.0 0.03891759 0.04525741 0.04455868 0.05024811 0.04187707 0.03518670
          oe         te
1 0.02846129 0.03466313
2 0.00000000 0.03226316
3 0.03538722 0.05379504


[[1]]$pro.np
[[1]]$pro.np$est
  delta        mu       mu_1      mu_0         de        se_1        se_0
1   0.5 0.4856743 0.29694924 0.6223103 -0.3253611  0.07241428  0.09700128
2   1.0 0.3469483 0.22453497 0.5253091 -0.3007741  0.00000000  0.00000000
3   2.0 0.1858866 0.09766747 0.4584870 -0.3608195 -0.12686750 -0.06682212
          oe         te
1  0.1387259 -0.2283598
2  0.0000000 -0.3007741
3 -0.1610617 -0.4276416

[[1]]$pro.np$se
  delta         mu       mu_1       mu_0         de       se_1       se_0
1   0.5 0.03107051 0.02412618 0.03830626 0.03182944 0.01778811 0.03235425
2   1.0 0.02250055 0.02104949 0.03041973 0.02904339 0.00000000 0.00000000
3   2.0 0.05772069 0.06837145 0.04322733 0.07255021 0.06380873 0.03313769
          oe         te
1 0.02608481 0.03030564
2 0.00000000 0.02904339
3 0.05104003 0.07092960


[[1]]$ipw.p
[[1]]$ipw.p$est
  delta        mu      mu_1      mu_0         de       se_1        se_0
1   0.5 0.3302306 0.2459822 0.3975396 -0.1515574 0.01512598 -0.15266288
2   1.0 0.3562556 0.2308562 0.5502025 -0.3193463 0.00000000  0.00000000
3   2.0 0.3326062 0.2883893 0.4910491 -0.2026598 0.05753309 -0.05915335
           oe         te
1 -0.02602494 -0.3042203
2  0.00000000 -0.3193463
3 -0.02364939 -0.2618132

[[1]]$ipw.p$se
  delta         mu       mu_1       mu_0         de       se_1       se_0
1   0.5 0.04540953 0.03295440 0.05925967 0.04142760 0.02892218 0.04098448
2   1.0 0.02086471 0.01927788 0.03571612 0.03647353 0.00000000 0.00000000
3   2.0 0.09148994 0.12592296 0.04480541 0.13363277 0.12389075 0.05185954
         oe         te
1 0.0361662 0.03280224
2 0.0000000 0.03647353
3 0.0936838 0.13740401


[[1]]$ipw.np
[[1]]$ipw.np$est
  delta        mu      mu_1      mu_0         de        se_1        se_0
1   0.5 0.3160698 0.2507782 0.3676717 -0.1168935 0.009703925 -0.15744150
2   1.0 0.3562556 0.2410743 0.5251132 -0.2840389 0.000000000  0.00000000
3   2.0 0.3659326 0.3332177 0.4930564 -0.1598387 0.092143383 -0.03205681
            oe         te
1 -0.040185766 -0.2743350
2  0.000000000 -0.2840389
3  0.009677043 -0.1918956

[[1]]$ipw.np$se
  delta         mu       mu_1       mu_0         de       se_1       se_0
1   0.5 0.04343991 0.03342155 0.05453585 0.03653412 0.02945193 0.03625154
2   1.0 0.02086471 0.01995651 0.03489694 0.03586014 0.00000000 0.00000000
3   2.0 0.11037299 0.15950310 0.04697382 0.16622422 0.15741721 0.05385993
          oe         te
1 0.03392799 0.03230388
2 0.00000000 0.03586014
3 0.11239358 0.16928786



[1] "Total run time was 73.833 seconds"
