WARNING: ignoring environment value of R_HOME

Attaching package: ‘dplyr’

The following objects are masked from ‘package:stats’:

    filter, lag

The following objects are masked from ‘package:base’:

    intersect, setdiff, setequal, union

Loading required package: splines
Loading required package: foreach
Loaded gam 1.20.2

Super Learner
Version: 2.0-28
Package created on 2021-05-04

Loading required package: lattice
Loading required package: ggplot2
Loading required package: Matrix
Loaded glmnet 4.1-7
Loading required package: Formula
Loading required package: plotmo
Loading required package: plotrix
Loading required package: TeachingDemos
Loaded gbm 2.1.8.1

Attaching package: ‘xgboost’

The following object is masked from ‘package:dplyr’:

    slice

[1] "[Simulation setting]"
[1] "m: 100"
[1] "deltas: 0.5, 1, 2"
[1] "Sim.id 1"
[1] "Data generated"
[1] "Proposed & IPW estimators"
[1] "   Split: 1"
[1] "   Split: 2"
[1] "Estimates and SE estimates computed"
[1] ""
[[1]]
[[1]]$pro.p
[[1]]$pro.p$est
  delta        mu      mu_1      mu_0         de         se_1        se_0
1   0.5 0.3795917 0.1812359 0.5135786 -0.3323427  0.002689765 -0.02808851
2   1.0 0.3261907 0.1785461 0.5416671 -0.3631210  0.000000000  0.00000000
3   2.0 0.2488770 0.1559904 0.5262186 -0.3702283 -0.022555727 -0.01544844
           oe         te
1  0.05340101 -0.3604312
2  0.00000000 -0.3631210
3 -0.07731369 -0.3856767

[[1]]$pro.p$se
  delta         mu       mu_1       mu_0         de       se_1       se_0
1   0.5 0.03238534 0.02436214 0.04741514 0.04719284 0.01590141 0.03800967
2   1.0 0.02409152 0.02091249 0.03821081 0.03626234 0.00000000 0.00000000
3   2.0 0.03751568 0.03435464 0.05376966 0.04618717 0.02797242 0.04457458
          oe         te
1 0.02543848 0.04070856
2 0.00000000 0.03626234
3 0.03284139 0.04922794


[[1]]$pro.np
[[1]]$pro.np$est
  delta        mu      mu_1      mu_0         de        se_1         se_0
1   0.5 0.3927401 0.1961525 0.5201569 -0.3240043  0.01682689 -0.003960102
2   1.0 0.3211766 0.1793257 0.5241170 -0.3447913  0.00000000  0.000000000
3   2.0 0.2241316 0.1481673 0.4548597 -0.3066925 -0.03115841 -0.069257259
           oe         te
1  0.07156353 -0.3279644
2  0.00000000 -0.3447913
3 -0.09704502 -0.3759497

[[1]]$pro.np$se
  delta         mu       mu_1       mu_0         de       se_1       se_0
1   0.5 0.03230036 0.02788456 0.04354348 0.04205356 0.02003003 0.03311981
2   1.0 0.02634981 0.02316980 0.03809994 0.03426109 0.00000000 0.00000000
3   2.0 0.03992296 0.03913377 0.05478012 0.04917208 0.03043953 0.04230943
          oe         te
1 0.02559562 0.04027360
2 0.00000000 0.03426109
3 0.03170263 0.04980356


[[1]]$ipw.p
[[1]]$ipw.p$est
  delta        mu      mu_1      mu_0         de         se_1        se_0
1   0.5 0.4508558 0.1853488 0.6596760 -0.4743271  0.006789646  0.10639515
2   1.0 0.3250825 0.1785592 0.5532808 -0.3747216  0.000000000  0.00000000
3   2.0 0.2469133 0.1520042 0.5406469 -0.3886427 -0.026554984 -0.01263391
           oe         te
1  0.12577327 -0.3679320
2  0.00000000 -0.3747216
3 -0.07816916 -0.4012766

[[1]]$ipw.p$se
  delta         mu       mu_1       mu_0         de       se_1       se_0
1   0.5 0.15948964 0.04132345 0.25954651 0.22706168 0.03970539 0.24483735
2   1.0 0.01852581 0.01981752 0.03625737 0.04163546 0.00000000 0.00000000
3   2.0 0.03195730 0.03057943 0.05055549 0.04126213 0.02197454 0.06074938
          oe         te
1 0.15446364 0.04476448
2 0.00000000 0.04163546
3 0.03138326 0.05145351


[[1]]$ipw.np
[[1]]$ipw.np$est
  delta        mu      mu_1      mu_0         de        se_1        se_0
1   0.5 0.4645349 0.1984859 0.6787317 -0.4802458  0.01550972  0.12565255
2   1.0 0.3250825 0.1829762 0.5530792 -0.3701030  0.00000000  0.00000000
3   2.0 0.2416279 0.1470835 0.5334638 -0.3863803 -0.03589273 -0.01961539
           oe         te
1  0.13945244 -0.3545932
2  0.00000000 -0.3701030
3 -0.08345454 -0.4059957

[[1]]$ipw.np$se
  delta         mu       mu_1       mu_0         de       se_1       se_0
1   0.5 0.17058437 0.04441924 0.28219383 0.24648879 0.04264449 0.26777081
2   1.0 0.01852581 0.02038131 0.03656574 0.04123135 0.00000000 0.00000000
3   2.0 0.02872108 0.02688221 0.04971607 0.04180855 0.01835469 0.05978205
          oe         te
1 0.16555495 0.04511048
2 0.00000000 0.04123135
3 0.02896804 0.04909948



[1] "Total run time was 38.11 seconds"
