WARNING: ignoring environment value of R_HOME

Attaching package: ‘dplyr’

The following objects are masked from ‘package:stats’:

    filter, lag

The following objects are masked from ‘package:base’:

    intersect, setdiff, setequal, union

Loading required package: splines
Loading required package: foreach
Loaded gam 1.20.2

Super Learner
Version: 2.0-28
Package created on 2021-05-04

Loading required package: lattice
Loading required package: ggplot2
Loading required package: Matrix
Loaded glmnet 4.1-7
Loading required package: Formula
Loading required package: plotmo
Loading required package: plotrix
Loading required package: TeachingDemos
Loaded gbm 2.1.8.1

Attaching package: ‘xgboost’

The following object is masked from ‘package:dplyr’:

    slice

[1] "[Simulation setting]"
[1] "m: 100"
[1] "deltas: 0.5, 1, 2"
[1] "Sim.id 1"
[1] "Data generated"
[1] "Proposed & IPW estimators"
[1] "   Split: 1"
[1] "   Split: 2"
[1] "Estimates and SE estimates computed"
[1] ""
[[1]]
[[1]]$pro.p
[[1]]$pro.p$est
  delta        mu      mu_1      mu_0         de        se_1        se_0
1   0.5 0.4082872 0.2781137 0.5099946 -0.2318809  0.07031445 -0.03912584
2   1.0 0.3410565 0.2077992 0.5491204 -0.3413212  0.00000000  0.00000000
3   2.0 0.2277697 0.1526757 0.4664851 -0.3138094 -0.05512355 -0.08263533
           oe         te
1  0.06723077 -0.2710067
2  0.00000000 -0.3413212
3 -0.11328676 -0.3964447

[[1]]$pro.p$se
  delta         mu       mu_1       mu_0         de       se_1       se_0
1   0.5 0.04074840 0.03714244 0.06278404 0.06981830 0.02936050 0.05515799
2   1.0 0.02521965 0.02340194 0.03233106 0.02921381 0.00000000 0.00000000
3   2.0 0.04607165 0.04160360 0.05626600 0.03923883 0.03106675 0.04328537
          oe         te
1 0.03478584 0.04114439
2 0.00000000 0.02921381
3 0.03489088 0.04342174


[[1]]$pro.np
[[1]]$pro.np$est
  delta        mu      mu_1      mu_0         de        se_1        se_0
1   0.5 0.4579902 0.2759182 0.5910291 -0.3151108  0.06957583  0.06790101
2   1.0 0.3327335 0.2063424 0.5231281 -0.3167856  0.00000000  0.00000000
3   2.0 0.2246292 0.1491708 0.4522278 -0.3030570 -0.05717163 -0.07090022
          oe         te
1  0.1252567 -0.2472098
2  0.0000000 -0.3167856
3 -0.1081043 -0.3739573

[[1]]$pro.np$se
  delta         mu       mu_1       mu_0         de       se_1       se_0
1   0.5 0.04549443 0.03815252 0.05485673 0.04299150 0.03013676 0.04536476
2   1.0 0.02562273 0.02472925 0.03079018 0.02618410 0.00000000 0.00000000
3   2.0 0.05106257 0.05007070 0.05178902 0.03902924 0.03823906 0.03844355
          oe         te
1 0.03804377 0.03786881
2 0.00000000 0.02618410
3 0.03928654 0.04855265


[[1]]$ipw.p
[[1]]$ipw.p$est
  delta        mu      mu_1      mu_0         de        se_1        se_0
1   0.5 0.5692861 0.3147324 0.7633809 -0.4486485  0.09654160  0.18877471
2   1.0 0.3562135 0.2181908 0.5746062 -0.3564154  0.00000000  0.00000000
3   2.0 0.2415065 0.1517037 0.5276254 -0.3759217 -0.06648712 -0.04698079
          oe         te
1  0.2130726 -0.2598738
2  0.0000000 -0.3564154
3 -0.1147071 -0.4229025

[[1]]$ipw.p$se
  delta         mu       mu_1       mu_0         de       se_1       se_0
1   0.5 0.14836686 0.06778460 0.21493357 0.16065792 0.06576297 0.20245995
2   1.0 0.02031610 0.01908594 0.03629043 0.03636858 0.00000000 0.00000000
3   2.0 0.02760215 0.02410928 0.05050536 0.03991737 0.02017906 0.06075882
          oe         te
1 0.14345415 0.06082412
2 0.00000000 0.03636858
3 0.03040487 0.04718245


[[1]]$ipw.np
[[1]]$ipw.np$est
  delta        mu      mu_1      mu_0         de        se_1        se_0
1   0.5 0.5886448 0.3259253 0.7852900 -0.4593647  0.10352676  0.22374112
2   1.0 0.3562135 0.2223986 0.5615489 -0.3391503  0.00000000  0.00000000
3   2.0 0.2445164 0.1560768 0.5132912 -0.3572144 -0.06632176 -0.04825766
          oe         te
1  0.2324313 -0.2356236
2  0.0000000 -0.3391503
3 -0.1116971 -0.4054721

[[1]]$ipw.np$se
  delta         mu       mu_1       mu_0         de       se_1       se_0
1   0.5 0.16065228 0.07128757 0.23302985 0.17693121 0.06951832 0.22122260
2   1.0 0.02031610 0.01948806 0.03572296 0.03610222 0.00000000 0.00000000
3   2.0 0.02873986 0.02557904 0.04907532 0.03794963 0.02110425 0.05923913
          oe         te
1 0.15610962 0.06392768
2 0.00000000 0.03610222
3 0.03104958 0.04755991



[1] "Total run time was 71.938 seconds"
