WARNING: ignoring environment value of R_HOME

Attaching package: ‘dplyr’

The following objects are masked from ‘package:stats’:

    filter, lag

The following objects are masked from ‘package:base’:

    intersect, setdiff, setequal, union

Loading required package: splines
Loading required package: foreach
Loaded gam 1.20.2

Super Learner
Version: 2.0-28
Package created on 2021-05-04

Loading required package: lattice
Loading required package: ggplot2
Loading required package: Matrix
Loaded glmnet 4.1-7
Loading required package: Formula
Loading required package: plotmo
Loading required package: plotrix
Loading required package: TeachingDemos
Loaded gbm 2.1.8.1

Attaching package: ‘xgboost’

The following object is masked from ‘package:dplyr’:

    slice

[1] "[Simulation setting]"
[1] "m: 100"
[1] "deltas: 0.5, 1, 2"
[1] "Sim.id 1"
[1] "Data generated"
[1] "Proposed & IPW estimators"
[1] "   Split: 1"
[1] "   Split: 2"
[1] "Estimates and SE estimates computed"
[1] ""
[[1]]
[[1]]$pro.p
[[1]]$pro.p$est
  delta        mu      mu_1      mu_0         de        se_1         se_0
1   0.5 0.5472568 0.2078268 0.8417794 -0.6339526 -0.02377278  0.260938847
2   1.0 0.3769749 0.2315996 0.5808406 -0.3492410  0.00000000  0.000000000
3   2.0 0.3385017 0.2518108 0.5775399 -0.3257291  0.02021123 -0.003300651
           oe         te
1  0.17028189 -0.3730138
2  0.00000000 -0.3492410
3 -0.03847321 -0.3290298

[[1]]$pro.p$se
  delta         mu       mu_1       mu_0         de       se_1       se_0
1   0.5 0.09869562 0.03483128 0.23066266 0.24338584 0.02871581 0.22346145
2   1.0 0.02315720 0.02179958 0.03005927 0.02647917 0.00000000 0.00000000
3   2.0 0.03630516 0.03599351 0.04941080 0.04236840 0.02845982 0.04045029
          oe         te
1 0.09658306 0.04028706
2 0.00000000 0.02647917
3 0.03055126 0.04216266


[[1]]$pro.np
[[1]]$pro.np$est
  delta        mu      mu_1      mu_0         de        se_1       se_0
1   0.5 0.4587534 0.1738513 0.6981986 -0.5243473 -0.07067995 0.14023940
2   1.0 0.3758267 0.2445313 0.5579592 -0.3134279  0.00000000 0.00000000
3   2.0 0.3515317 0.2642350 0.5887054 -0.3244704  0.01970368 0.03074618
           oe         te
1  0.08292674 -0.3841079
2  0.00000000 -0.3134279
3 -0.02429502 -0.2937242

[[1]]$pro.np$se
  delta         mu       mu_1       mu_0         de       se_1       se_0
1   0.5 0.03542079 0.06415842 0.11540279 0.16902375 0.06174469 0.10888109
2   1.0 0.02390883 0.02243783 0.02888478 0.02303866 0.00000000 0.00000000
3   2.0 0.03828148 0.03604092 0.05381564 0.04366449 0.02941540 0.04503569
          oe         te
1 0.02959096 0.06878926
2 0.00000000 0.02303866
3 0.03287484 0.04116091


[[1]]$ipw.p
[[1]]$ipw.p$est
  delta        mu      mu_1      mu_0         de      se_1       se_0
1   0.5 0.5950246 0.2482235 0.9291266 -0.6809030 0.0268554 0.35626855
2   1.0 0.3633388 0.2213681 0.5728580 -0.3514899 0.0000000 0.00000000
3   2.0 0.3589211 0.2676857 0.6119640 -0.3442783 0.0463176 0.03910596
            oe         te
1  0.231685775 -0.3246345
2  0.000000000 -0.3514899
3 -0.004417716 -0.3051723

[[1]]$ipw.p$se
  delta         mu       mu_1       mu_0         de      se_1       se_0
1   0.5 0.16475853 0.04502172 0.34736417 0.34120297 0.0437008 0.33430520
2   1.0 0.02098319 0.02185384 0.03764505 0.04190822 0.0000000 0.00000000
3   2.0 0.05439228 0.05622550 0.06831387 0.05542396 0.0462346 0.08175629
          oe         te
1 0.16083591 0.04088638
2 0.00000000 0.04190822
3 0.05431024 0.07540267


[[1]]$ipw.np
[[1]]$ipw.np$est
  delta        mu      mu_1      mu_0         de       se_1       se_0
1   0.5 0.5925457 0.2513007 0.9210561 -0.6697554 0.02764820 0.35147034
2   1.0 0.3633388 0.2236525 0.5695857 -0.3459333 0.00000000 0.00000000
3   2.0 0.3590536 0.2719453 0.6004924 -0.3285471 0.04829287 0.03090668
            oe         te
1  0.229206946 -0.3182851
2  0.000000000 -0.3459333
3 -0.004285201 -0.2976404

[[1]]$ipw.np$se
  delta         mu       mu_1       mu_0         de       se_1       se_0
1   0.5 0.16351129 0.04576116 0.34539991 0.33955393 0.04456815 0.33276809
2   1.0 0.02098319 0.02217679 0.03723872 0.04184502 0.00000000 0.00000000
3   2.0 0.05636452 0.05795536 0.06803513 0.05142952 0.04728669 0.08068198
          oe         te
1 0.15974063 0.04169504
2 0.00000000 0.04184502
3 0.05551047 0.07628170



[1] "Total run time was 52.462 seconds"
