WARNING: ignoring environment value of R_HOME

Attaching package: ‘dplyr’

The following objects are masked from ‘package:stats’:

    filter, lag

The following objects are masked from ‘package:base’:

    intersect, setdiff, setequal, union

Loading required package: splines
Loading required package: foreach
Loaded gam 1.20.2

Super Learner
Version: 2.0-28
Package created on 2021-05-04

Loading required package: lattice
Loading required package: ggplot2
Loading required package: Matrix
Loaded glmnet 4.1-7
Loading required package: Formula
Loading required package: plotmo
Loading required package: plotrix
Loading required package: TeachingDemos
Loaded gbm 2.1.8.1

Attaching package: ‘xgboost’

The following object is masked from ‘package:dplyr’:

    slice

[1] "[Simulation setting]"
[1] "m: 100"
[1] "deltas: 0.5, 1, 2"
[1] "Sim.id 1"
[1] "Data generated"
[1] "Proposed & IPW estimators"
[1] "   Split: 1"
[1] "   Split: 2"
[1] "Estimates and SE estimates computed"
[1] ""
[[1]]
[[1]]$pro.p
[[1]]$pro.p$est
  delta        mu      mu_1      mu_0         de        se_1         se_0
1   0.5 0.4179310 0.2476827 0.5515056 -0.3038229  0.01555852  0.002559183
2   1.0 0.3598344 0.2321242 0.5489464 -0.3168222  0.00000000  0.000000000
3   2.0 0.2791433 0.2069213 0.4976335 -0.2907122 -0.02520287 -0.051312924
           oe         te
1  0.05809661 -0.3012637
2  0.00000000 -0.3168222
3 -0.08069101 -0.3420251

[[1]]$pro.p$se
  delta         mu       mu_1       mu_0         de       se_1       se_0
1   0.5 0.03115136 0.03991605 0.03762673 0.05172035 0.03279370 0.03263223
2   1.0 0.02578036 0.02312336 0.03455339 0.03220284 0.00000000 0.00000000
3   2.0 0.03307276 0.03638693 0.04769746 0.05188710 0.02832974 0.03057407
          oe         te
1 0.02482601 0.04562552
2 0.00000000 0.03220284
3 0.02566825 0.04452587


[[1]]$pro.np
[[1]]$pro.np$est
  delta        mu      mu_1      mu_0         de        se_1        se_0
1   0.5 0.4263840 0.1966165 0.6686947 -0.4720781 -0.03668220  0.16621676
2   1.0 0.3427227 0.2332987 0.5024779 -0.2691792  0.00000000  0.00000000
3   2.0 0.2650089 0.2029057 0.4384971 -0.2355914 -0.03039304 -0.06398078
           oe         te
1  0.08366134 -0.3058614
2  0.00000000 -0.2691792
3 -0.07771379 -0.2995722

[[1]]$pro.np$se
  delta         mu       mu_1       mu_0         de       se_1       se_0
1   0.5 0.03485224 0.09231702 0.15549462 0.24005135 0.07774350 0.15731997
2   1.0 0.02896540 0.02769233 0.03283393 0.02878961 0.00000000 0.00000000
3   2.0 0.03445799 0.03595836 0.04397030 0.04223046 0.02543069 0.02837425
          oe         te
1 0.03339242 0.08949420
2 0.00000000 0.02878961
3 0.02287919 0.03821001


[[1]]$ipw.p
[[1]]$ipw.p$est
  delta        mu      mu_1      mu_0         de        se_1        se_0
1   0.5 0.4934275 0.3054109 0.6333387 -0.3279278  0.05259350  0.06181154
2   1.0 0.3859080 0.2528174 0.5715272 -0.3187097  0.00000000  0.00000000
3   2.0 0.3168777 0.2430220 0.5147542 -0.2717322 -0.00979539 -0.05677297
           oe         te
1  0.10751945 -0.2661162
2  0.00000000 -0.3187097
3 -0.06903037 -0.3285051

[[1]]$ipw.p$se
  delta         mu       mu_1       mu_0         de       se_1       se_0
1   0.5 0.09110871 0.04380676 0.13386504 0.10621532 0.04208169 0.11548562
2   1.0 0.01961355 0.02051645 0.03707580 0.04256808 0.00000000 0.00000000
3   2.0 0.03943477 0.04752287 0.04881565 0.06138517 0.03871288 0.05792893
          oe         te
1 0.08362449 0.03744596
2 0.00000000 0.04256808
3 0.04166975 0.07040986


[[1]]$ipw.np
[[1]]$ipw.np$est
  delta        mu      mu_1      mu_0         de        se_1        se_0
1   0.5 0.9022205 0.4077070 1.4761823 -1.0684753  0.14548235  0.92037564
2   1.0 0.3859080 0.2622246 0.5558066 -0.2935820  0.00000000  0.00000000
3   2.0 0.3180143 0.2519171 0.4752200 -0.2233029 -0.01030747 -0.08058661
          oe         te
1  0.5163124 -0.1480997
2  0.0000000 -0.2935820
3 -0.0678937 -0.3038895

[[1]]$ipw.np$se
  delta         mu       mu_1       mu_0         de       se_1       se_0
1   0.5 0.46403839 0.11035139 0.93874751 0.83530676 0.11077354 0.91886278
2   1.0 0.01961355 0.02127368 0.03946185 0.04534777 0.00000000 0.00000000
3   2.0 0.04001678 0.04956820 0.04552662 0.06028444 0.04004965 0.05841741
          oe         te
1 0.45941753 0.09134786
2 0.00000000 0.04534777
3 0.04212902 0.07347896



[1] "Total run time was 67.887 seconds"
