WARNING: ignoring environment value of R_HOME

Attaching package: ‘dplyr’

The following objects are masked from ‘package:stats’:

    filter, lag

The following objects are masked from ‘package:base’:

    intersect, setdiff, setequal, union

Loading required package: splines
Loading required package: foreach
Loaded gam 1.20.2

Super Learner
Version: 2.0-28
Package created on 2021-05-04

Loading required package: lattice
Loading required package: ggplot2
Loading required package: Matrix
Loaded glmnet 4.1-7
Loading required package: Formula
Loading required package: plotmo
Loading required package: plotrix
Loading required package: TeachingDemos
Loaded gbm 2.1.8.1

Attaching package: ‘xgboost’

The following object is masked from ‘package:dplyr’:

    slice

[1] "[Simulation setting]"
[1] "m: 100"
[1] "deltas: 0.5, 1, 2"
[1] "Sim.id 1"
[1] "Data generated"
[1] "Proposed & IPW estimators"
[1] "   Split: 1"
[1] "   Split: 2"
[1] "Estimates and SE estimates computed"
[1] ""
[[1]]
[[1]]$pro.p
[[1]]$pro.p$est
  delta        mu      mu_1      mu_0         de        se_1        se_0
1   0.5 0.5005714 0.2821081 0.6633640 -0.3812558  0.07601654  0.06291597
2   1.0 0.3641284 0.2060916 0.6004480 -0.3943564  0.00000000  0.00000000
3   2.0 0.2543096 0.1558038 0.5632854 -0.4074816 -0.05028785 -0.03716263
          oe         te
1  0.1364431 -0.3183398
2  0.0000000 -0.3943564
3 -0.1098187 -0.4446442

[[1]]$pro.p$se
  delta         mu       mu_1       mu_0         de       se_1       se_0
1   0.5 0.05477570 0.05705829 0.06122240 0.05893161 0.05249958 0.05018279
2   1.0 0.02451790 0.02047567 0.03223674 0.03014239 0.00000000 0.00000000
3   2.0 0.03356549 0.03078751 0.05272689 0.04837003 0.02160256 0.04339728
          oe         te
1 0.04578181 0.05810208
2 0.00000000 0.03014239
3 0.02558616 0.04127184


[[1]]$pro.np
[[1]]$pro.np$est
  delta        mu      mu_1      mu_0         de        se_1        se_0
1   0.5 0.4784332 0.2770069 0.6205924 -0.3435854  0.06011532  0.04975200
2   1.0 0.3642864 0.2168916 0.5708404 -0.3539488  0.00000000  0.00000000
3   2.0 0.2503389 0.1520417 0.5276108 -0.3755691 -0.06484994 -0.04322961
          oe         te
1  0.1141468 -0.2938334
2  0.0000000 -0.3539488
3 -0.1139475 -0.4187987

[[1]]$pro.np$se
  delta         mu       mu_1       mu_0         de       se_1       se_0
1   0.5 0.05310170 0.04927047 0.05842111 0.04568350 0.04521557 0.04689630
2   1.0 0.02585452 0.02100347 0.03499543 0.03056859 0.00000000 0.00000000
3   2.0 0.03541585 0.03823457 0.05191725 0.05398912 0.02926570 0.03888237
          oe         te
1 0.04386076 0.05102450
2 0.00000000 0.03056859
3 0.02652681 0.04649729


[[1]]$ipw.p
[[1]]$ipw.p$est
  delta        mu      mu_1      mu_0         de        se_1        se_0
1   0.5 0.6177696 0.2952061 0.8726891 -0.5774829  0.08270555  0.24658394
2   1.0 0.3774303 0.2125006 0.6261051 -0.4136046  0.00000000  0.00000000
3   2.0 0.2683623 0.1707766 0.5608244 -0.3900478 -0.04172394 -0.06528075
          oe         te
1  0.2403393 -0.3308990
2  0.0000000 -0.4136046
3 -0.1090680 -0.4553285

[[1]]$ipw.p$se
  delta         mu       mu_1       mu_0         de       se_1       se_0
1   0.5 0.16643393 0.08527808 0.24281666 0.17454368 0.08366439 0.21961206
2   1.0 0.01983724 0.01813558 0.04074954 0.04347097 0.00000000 0.00000000
3   2.0 0.02953716 0.02641880 0.05417174 0.04622027 0.02019669 0.06883992
          oe         te
1 0.15773688 0.07512215
2 0.00000000 0.04347097
3 0.03382529 0.05525961


[[1]]$ipw.np
[[1]]$ipw.np$est
  delta        mu      mu_1      mu_0         de        se_1        se_0
1   0.5 0.5849684 0.2804738 0.8125409 -0.5320671  0.05833716  0.20316839
2   1.0 0.3774303 0.2221366 0.6093725 -0.3872359  0.00000000  0.00000000
3   2.0 0.2886114 0.1892762 0.5666976 -0.3774214 -0.03286042 -0.04267488
           oe         te
1  0.20753807 -0.3288987
2  0.00000000 -0.3872359
3 -0.08881885 -0.4200963

[[1]]$ipw.np$se
  delta         mu       mu_1       mu_0         de       se_1       se_0
1   0.5 0.14658995 0.07388013 0.21038564 0.15631873 0.07265727 0.18728396
2   1.0 0.01983724 0.01964476 0.03999207 0.04388636 0.00000000 0.00000000
3   2.0 0.03529393 0.03084251 0.05553079 0.04587607 0.02259088 0.06891733
          oe         te
1 0.13774282 0.06519760
2 0.00000000 0.04388636
3 0.03856992 0.05744211



[1] "Total run time was 74.216 seconds"
