WARNING: ignoring environment value of R_HOME

Attaching package: ‘dplyr’

The following objects are masked from ‘package:stats’:

    filter, lag

The following objects are masked from ‘package:base’:

    intersect, setdiff, setequal, union

Loading required package: splines
Loading required package: foreach
Loaded gam 1.20.2

Super Learner
Version: 2.0-28
Package created on 2021-05-04

Loading required package: lattice
Loading required package: ggplot2
Loading required package: Matrix
Loaded glmnet 4.1-7
Loading required package: Formula
Loading required package: plotmo
Loading required package: plotrix
Loading required package: TeachingDemos
Loaded gbm 2.1.8.1

Attaching package: ‘xgboost’

The following object is masked from ‘package:dplyr’:

    slice

[1] "[Simulation setting]"
[1] "m: 100"
[1] "deltas: 0.5, 1, 2"
[1] "Sim.id 1"
[1] "Data generated"
[1] "Proposed & IPW estimators"
[1] "   Split: 1"
[1] "   Split: 2"
[1] "Estimates and SE estimates computed"
[1] ""
[[1]]
[[1]]$pro.p
[[1]]$pro.p$est
  delta        mu      mu_1      mu_0         de         se_1        se_0
1   0.5 0.4290994 0.2064605 0.5922387 -0.3857782 -0.005885339  0.03190900
2   1.0 0.3539984 0.2123458 0.5603297 -0.3479839  0.000000000  0.00000000
3   2.0 0.2804340 0.2056241 0.4955324 -0.2899083 -0.006721688 -0.06479729
           oe         te
1  0.07510098 -0.3538692
2  0.00000000 -0.3479839
3 -0.07356435 -0.3547056

[[1]]$pro.p$se
  delta         mu       mu_1       mu_0         de       se_1       se_0
1   0.5 0.04232345 0.04421271 0.05682787 0.06616787 0.03966074 0.04643893
2   1.0 0.02637580 0.02290225 0.03366520 0.02970542 0.00000000 0.00000000
3   2.0 0.03798065 0.04065088 0.05400692 0.06115272 0.03531214 0.03797504
          oe         te
1 0.03501878 0.04739088
2 0.00000000 0.02970542
3 0.03146188 0.04855507


[[1]]$pro.np
[[1]]$pro.np$est
  delta        mu      mu_1      mu_0         de         se_1        se_0
1   0.5 0.4850973 0.2326688 0.6567590 -0.4240902  0.008136369  0.06338751
2   1.0 0.3800149 0.2245324 0.5933715 -0.3688391  0.000000000  0.00000000
3   2.0 0.2581383 0.1740777 0.5008887 -0.3268110 -0.050454732 -0.09248284
          oe         te
1  0.1050824 -0.3607027
2  0.0000000 -0.3688391
3 -0.1218766 -0.4192938

[[1]]$pro.np$se
  delta         mu       mu_1       mu_0         de       se_1       se_0
1   0.5 0.04270959 0.04456752 0.05705384 0.06298242 0.04081661 0.04734316
2   1.0 0.03058631 0.02554421 0.03766299 0.02917435 0.00000000 0.00000000
3   2.0 0.04405603 0.04470729 0.06073908 0.05832838 0.03614529 0.04289309
          oe         te
1 0.03396004 0.04997686
2 0.00000000 0.02917435
3 0.03416373 0.04933159


[[1]]$ipw.p
[[1]]$ipw.p$est
  delta        mu      mu_1      mu_0         de       se_1        se_0
1   0.5 0.6055455 0.2764686 0.8819369 -0.6054683 0.06090539  0.30934424
2   1.0 0.3536196 0.2155632 0.5725927 -0.3570295 0.00000000  0.00000000
3   2.0 0.3567391 0.2920958 0.5473854 -0.2552895 0.07653265 -0.02520728
           oe         te
1 0.251925900 -0.2961241
2 0.000000000 -0.3570295
3 0.003119526 -0.2804968

[[1]]$ipw.p$se
  delta         mu       mu_1       mu_0         de       se_1       se_0
1   0.5 0.13428195 0.05262757 0.21990422 0.19557251 0.05054442 0.19600599
2   1.0 0.02136868 0.02031669 0.04058282 0.04364062 0.00000000 0.00000000
3   2.0 0.07734981 0.09129921 0.06901929 0.08634647 0.08689869 0.08097645
          oe         te
1 0.12622525 0.04639194
2 0.00000000 0.04364062
3 0.08019961 0.10932529


[[1]]$ipw.np
[[1]]$ipw.np$est
  delta        mu      mu_1      mu_0         de      se_1        se_0
1   0.5 0.7920003 0.3453667 1.2538563 -0.9084896 0.1205885  0.65437280
2   1.0 0.3536196 0.2247782 0.5994835 -0.3747052 0.0000000  0.00000000
3   2.0 0.3918484 0.3685052 0.5511833 -0.1826781 0.1437270 -0.04830015
          oe         te
1 0.43838068 -0.2541168
2 0.00000000 -0.3747052
3 0.03822881 -0.2309782

[[1]]$ipw.np$se
  delta         mu       mu_1       mu_0         de       se_1       se_0
1   0.5 0.19467700 0.07882092 0.33127138 0.27843579 0.07775255 0.30365458
2   1.0 0.02136868 0.02202876 0.04668826 0.05100166 0.00000000 0.00000000
3   2.0 0.09067348 0.13002782 0.06799023 0.12575577 0.12318061 0.08343369
          oe         te
1 0.18692346 0.06831572
2 0.00000000 0.05100166
3 0.09359002 0.14864828



[1] "Total run time was 76.082 seconds"
