WARNING: ignoring environment value of R_HOME

Attaching package: ‘dplyr’

The following objects are masked from ‘package:stats’:

    filter, lag

The following objects are masked from ‘package:base’:

    intersect, setdiff, setequal, union

Loading required package: splines
Loading required package: foreach
Loaded gam 1.20.2

Super Learner
Version: 2.0-28
Package created on 2021-05-04

Loading required package: lattice
Loading required package: ggplot2
Loading required package: Matrix
Loaded glmnet 4.1-7
Loading required package: Formula
Loading required package: plotmo
Loading required package: plotrix
Loading required package: TeachingDemos
Loaded gbm 2.1.8.1

Attaching package: ‘xgboost’

The following object is masked from ‘package:dplyr’:

    slice

[1] "[Simulation setting]"
[1] "m: 100"
[1] "deltas: 0.5, 1, 2"
[1] "Sim.id 1"
[1] "Data generated"
[1] "Proposed & IPW estimators"
[1] "   Split: 1"
[1] "   Split: 2"
[1] "Estimates and SE estimates computed"
[1] ""
[[1]]
[[1]]$pro.p
[[1]]$pro.p$est
  delta        mu      mu_1      mu_0         de        se_1        se_0
1   0.5 0.3756266 0.2400381 0.4806866 -0.2406485  0.03555894 -0.01411738
2   1.0 0.3199725 0.2044792 0.4948040 -0.2903248  0.00000000  0.00000000
3   2.0 0.2666508 0.1855318 0.5099986 -0.3244668 -0.01894736  0.01519460
           oe         te
1  0.05565412 -0.2547659
2  0.00000000 -0.2903248
3 -0.05332162 -0.3092722

[[1]]$pro.p$se
  delta         mu       mu_1       mu_0         de       se_1       se_0
1   0.5 0.04465473 0.04043430 0.06697077 0.07146331 0.03160545 0.05504072
2   1.0 0.02399912 0.02359965 0.03331810 0.03186801 0.00000000 0.00000000
3   2.0 0.04358687 0.04280489 0.05244744 0.04393347 0.02951771 0.04204205
          oe         te
1 0.03950113 0.04653814
2 0.00000000 0.03186801
3 0.03204107 0.04632306


[[1]]$pro.np
[[1]]$pro.np$est
  delta        mu      mu_1      mu_0         de        se_1        se_0
1   0.5 0.3713597 0.2252716 0.4786771 -0.2534055  0.03535167  0.01474494
2   1.0 0.3012402 0.1899200 0.4639322 -0.2740122  0.00000000  0.00000000
3   2.0 0.2360571 0.1607078 0.4472594 -0.2865517 -0.02921221 -0.01667274
           oe         te
1  0.07011945 -0.2386605
2  0.00000000 -0.2740122
3 -0.06518312 -0.3032244

[[1]]$pro.np$se
  delta         mu       mu_1       mu_0         de       se_1       se_0
1   0.5 0.04558846 0.04635312 0.06871512 0.08074695 0.03118265 0.05790564
2   1.0 0.03416314 0.03761234 0.03476443 0.03667608 0.00000000 0.00000000
3   2.0 0.06681630 0.06337392 0.07747229 0.04571459 0.03239419 0.06598253
         oe         te
1 0.0434050 0.04640484
2 0.0000000 0.03667608
3 0.0410488 0.05929399


[[1]]$ipw.p
[[1]]$ipw.p$est
  delta        mu      mu_1      mu_0         de       se_1         se_0
1   0.5 0.4662749 0.2591085 0.6223042 -0.3631957 0.02692632 0.0673816433
2   1.0 0.3629632 0.2321822 0.5549225 -0.3227404 0.00000000 0.0000000000
3   2.0 0.3645554 0.2949054 0.5557035 -0.2607981 0.06272320 0.0007809427
           oe         te
1 0.103311617 -0.2958141
2 0.000000000 -0.3227404
3 0.001592105 -0.2600172

[[1]]$ipw.p$se
  delta         mu       mu_1       mu_0         de       se_1       se_0
1   0.5 0.08445586 0.05545535 0.12265584 0.10452944 0.05229538 0.09980642
2   1.0 0.02070779 0.02333796 0.03910190 0.04558038 0.00000000 0.00000000
3   2.0 0.05507223 0.05918027 0.06461631 0.06077688 0.04795627 0.07533064
          oe         te
1 0.07614592 0.05330976
2 0.00000000 0.04558038
3 0.05470154 0.08100380


[[1]]$ipw.np
[[1]]$ipw.np$est
  delta        mu      mu_1      mu_0         de       se_1        se_0
1   0.5 0.5323439 0.2818543 0.7394736 -0.4576193 0.04210198  0.19810886
2   1.0 0.3629632 0.2397523 0.5413647 -0.3016124 0.00000000  0.00000000
3   2.0 0.3559459 0.2874471 0.5293003 -0.2418532 0.04769474 -0.01206444
            oe         te
1  0.169380650 -0.2595104
2  0.000000000 -0.3016124
3 -0.007017348 -0.2539176

[[1]]$ipw.np$se
  delta         mu       mu_1       mu_0         de       se_1       se_0
1   0.5 0.10935455 0.05874826 0.17537966 0.15126755 0.05645506 0.15414549
2   1.0 0.02070779 0.02400521 0.03906100 0.04608686 0.00000000 0.00000000
3   2.0 0.04783192 0.05346466 0.05783487 0.06225448 0.04059275 0.06877623
          oe         te
1 0.10228972 0.05428151
2 0.00000000 0.04608686
3 0.04716961 0.07615618



[1] "Total run time was 65.334 seconds"
