WARNING: ignoring environment value of R_HOME

Attaching package: ‘dplyr’

The following objects are masked from ‘package:stats’:

    filter, lag

The following objects are masked from ‘package:base’:

    intersect, setdiff, setequal, union

Loading required package: splines
Loading required package: foreach
Loaded gam 1.20.2

Super Learner
Version: 2.0-28
Package created on 2021-05-04

Loading required package: lattice
Loading required package: ggplot2
Loading required package: Matrix
Loaded glmnet 4.1-7
Loading required package: Formula
Loading required package: plotmo
Loading required package: plotrix
Loading required package: TeachingDemos
Loaded gbm 2.1.8.1

Attaching package: ‘xgboost’

The following object is masked from ‘package:dplyr’:

    slice

[1] "[Simulation setting]"
[1] "m: 100"
[1] "deltas: 0.5, 1, 2"
[1] "Sim.id 1"
[1] "Data generated"
[1] "Proposed & IPW estimators"
[1] "   Split: 1"
[1] "   Split: 2"
[1] "Estimates and SE estimates computed"
[1] ""
[[1]]
[[1]]$pro.p
[[1]]$pro.p$est
  delta        mu      mu_1      mu_0         de        se_1        se_0
1   0.5 0.4278703 0.2576196 0.5525435 -0.2949238  0.03014815  0.01935848
2   1.0 0.3541589 0.2274715 0.5331850 -0.3057135  0.00000000  0.00000000
3   2.0 0.2646344 0.1819215 0.4837678 -0.3018462 -0.04554995 -0.04941720
           oe         te
1  0.07371147 -0.2755653
2  0.00000000 -0.3057135
3 -0.08952448 -0.3512634

[[1]]$pro.p$se
  delta         mu       mu_1       mu_0         de       se_1       se_0
1   0.5 0.03571258 0.03328043 0.04302393 0.03824187 0.02239939 0.03217796
2   1.0 0.02951728 0.02503287 0.03883770 0.03273734 0.00000000 0.00000000
3   2.0 0.03272848 0.02861053 0.04874878 0.03931697 0.02091698 0.03562471
          oe         te
1 0.02467028 0.03764563
2 0.00000000 0.03273734
3 0.02494017 0.04096806


[[1]]$pro.np
[[1]]$pro.np$est
  delta        mu      mu_1      mu_0         de        se_1        se_0
1   0.5 0.4234785 0.2562439 0.5440152 -0.2877713  0.02086182  0.03156829
2   1.0 0.3510630 0.2353821 0.5124469 -0.2770648  0.00000000  0.00000000
3   2.0 0.2596626 0.1793278 0.4670132 -0.2876855 -0.05605430 -0.04543365
           oe         te
1  0.07241545 -0.2562030
2  0.00000000 -0.2770648
3 -0.09140042 -0.3331191

[[1]]$pro.np$se
  delta         mu       mu_1       mu_0         de       se_1       se_0
1   0.5 0.03580804 0.03290234 0.04435643 0.04280340 0.02315240 0.02964193
2   1.0 0.02959591 0.02493296 0.03802850 0.02914658 0.00000000 0.00000000
3   2.0 0.04288916 0.04215732 0.04977286 0.03573140 0.03925566 0.04020660
          oe         te
1 0.02205492 0.03486710
2 0.00000000 0.02914658
3 0.03968989 0.05247137


[[1]]$ipw.p
[[1]]$ipw.p$est
  delta        mu      mu_1      mu_0         de        se_1        se_0
1   0.5 0.4273572 0.2648076 0.5479103 -0.2831027  0.04711075  0.01614999
2   1.0 0.3448649 0.2176968 0.5317603 -0.3140635  0.00000000  0.00000000
3   2.0 0.2450644 0.1683061 0.4615818 -0.2932757 -0.04939073 -0.07017846
           oe         te
1  0.08249230 -0.2669527
2  0.00000000 -0.3140635
3 -0.09980054 -0.3634542

[[1]]$ipw.p$se
  delta         mu       mu_1       mu_0         de       se_1       se_0
1   0.5 0.07297216 0.04146670 0.10297943 0.07866488 0.03510510 0.07819165
2   1.0 0.02308660 0.02124101 0.04254475 0.04359963 0.00000000 0.00000000
3   2.0 0.03528996 0.03485843 0.04688023 0.03661429 0.02948204 0.05912368
          oe         te
1 0.06129095 0.03735431
2 0.00000000 0.04359963
3 0.03799304 0.05925465


[[1]]$ipw.np
[[1]]$ipw.np$est
  delta        mu      mu_1      mu_0         de       se_1        se_0
1   0.5 0.4353299 0.2759240 0.5552164 -0.2792924 0.05207048  0.03130366
2   1.0 0.3448649 0.2238536 0.5239127 -0.3000592 0.00000000  0.00000000
3   2.0 0.2975286 0.2378988 0.4823757 -0.2444769 0.01404520 -0.04153709
           oe         te
1  0.09046500 -0.2479887
2  0.00000000 -0.3000592
3 -0.04733628 -0.2860140

[[1]]$ipw.np$se
  delta         mu       mu_1       mu_0         de       se_1       se_0
1   0.5 0.07982355 0.04498036 0.11285795 0.08393845 0.03942145 0.08997331
2   1.0 0.02308660 0.02207656 0.04217941 0.04375264 0.00000000 0.00000000
3   2.0 0.07943450 0.09192562 0.06719951 0.04759311 0.08678047 0.07740555
          oe         te
1 0.06906613 0.03945909
2 0.00000000 0.04375264
3 0.08050183 0.10571668



[1] "Total run time was 68.599 seconds"
