WARNING: ignoring environment value of R_HOME

Attaching package: ‘dplyr’

The following objects are masked from ‘package:stats’:

    filter, lag

The following objects are masked from ‘package:base’:

    intersect, setdiff, setequal, union

Loading required package: splines
Loading required package: foreach
Loaded gam 1.20.2

Super Learner
Version: 2.0-28
Package created on 2021-05-04

Loading required package: lattice
Loading required package: ggplot2
Loading required package: Matrix
Loaded glmnet 4.1-7
Loading required package: Formula
Loading required package: plotmo
Loading required package: plotrix
Loading required package: TeachingDemos
Loaded gbm 2.1.8.1

Attaching package: ‘xgboost’

The following object is masked from ‘package:dplyr’:

    slice

[1] "[Simulation setting]"
[1] "m: 100"
[1] "deltas: 0.5, 1, 2"
[1] "Sim.id 1"
[1] "Data generated"
[1] "Proposed & IPW estimators"
[1] "   Split: 1"
[1] "   Split: 2"
[1] "Estimates and SE estimates computed"
[1] ""
[[1]]
[[1]]$pro.p
[[1]]$pro.p$est
  delta        mu      mu_1      mu_0         de      se_1        se_0
1   0.5 0.4776619 0.2534775 0.6406753 -0.3871978 0.0311595  0.06355020
2   1.0 0.3655883 0.2223180 0.5771251 -0.3548071 0.0000000  0.00000000
3   2.0 0.4362980 0.4132434 0.5221974 -0.1089539 0.1909254 -0.05492775
          oe         te
1 0.11207366 -0.3236476
2 0.00000000 -0.3548071
3 0.07070968 -0.1638817

[[1]]$pro.p$se
  delta         mu       mu_1       mu_0         de       se_1       se_0
1   0.5 0.03914325 0.03250029 0.05181768 0.04927125 0.02512179 0.03894491
2   1.0 0.02592247 0.02233118 0.03461487 0.02967170 0.00000000 0.00000000
3   2.0 0.17565273 0.21755685 0.08093211 0.17110141 0.21243534 0.07319441
          oe        te
1 0.02905905 0.0391410
2 0.00000000 0.0296717
3 0.17299173 0.2185858


[[1]]$pro.np
[[1]]$pro.np$est
  delta        mu      mu_1      mu_0         de       se_1        se_0
1   0.5 0.4719670 0.2888180 0.6057854 -0.3169674 0.05369929  0.05526831
2   1.0 0.3647339 0.2351187 0.5505171 -0.3153984 0.00000000  0.00000000
3   2.0 0.3555988 0.3293723 0.4716560 -0.1422838 0.09425355 -0.07886108
            oe         te
1  0.107233161 -0.2616991
2  0.000000000 -0.3153984
3 -0.009135054 -0.2211448

[[1]]$pro.np$se
  delta         mu       mu_1       mu_0         de       se_1       se_0
1   0.5 0.03971555 0.03339511 0.05034766 0.04240225 0.02448947 0.03884114
2   1.0 0.02653906 0.02380761 0.03396387 0.02798282 0.00000000 0.00000000
3   2.0 0.12268969 0.15295648 0.07945692 0.10286765 0.14753802 0.06971533
          oe         te
1 0.03012294 0.03573047
2 0.00000000 0.02798282
3 0.11824654 0.15161933


[[1]]$ipw.p
[[1]]$ipw.p$est
  delta        mu      mu_1      mu_0          de       se_1         se_0
1   0.5 0.4757608 0.2594612 0.6502095 -0.39074833 0.03256106  0.053118741
2   1.0 0.3708602 0.2269001 0.5970908 -0.37019065 0.00000000  0.000000000
3   2.0 0.5484633 0.5375189 0.5887431 -0.05122418 0.31061875 -0.008347721
         oe         te
1 0.1049006 -0.3376296
2 0.0000000 -0.3701906
3 0.1776030 -0.0595719

[[1]]$ipw.p$se
  delta         mu       mu_1       mu_0         de       se_1      se_0
1   0.5 0.08575645 0.04073800 0.13152958 0.10747418 0.03921786 0.1073778
2   1.0 0.02133500 0.02004136 0.04132384 0.04399221 0.00000000 0.0000000
3   2.0 0.25802622 0.31349457 0.10816269 0.22130621 0.30786006 0.1187546
          oe         te
1 0.07651306 0.03643677
2 0.00000000 0.04399221
3 0.25768901 0.32286350


[[1]]$ipw.np
[[1]]$ipw.np$est
  delta        mu      mu_1      mu_0         de       se_1         se_0
1   0.5 0.4651749 0.2735814 0.6102776 -0.3366961 0.03675655  0.044464671
2   1.0 0.3708602 0.2368249 0.5658129 -0.3289880 0.00000000  0.000000000
3   2.0 0.5390070 0.5424704 0.5635317 -0.0210613 0.30564551 -0.002281217
          oe          te
1 0.09431465 -0.29223147
2 0.00000000 -0.32898802
3 0.16814674 -0.02334251

[[1]]$ipw.np$se
  delta        mu       mu_1       mu_0         de       se_1      se_0
1   0.5 0.0841908 0.04391782 0.12415163 0.09838865 0.04219999 0.1016430
2   1.0 0.0213350 0.02100368 0.03917839 0.04220328 0.00000000 0.0000000
3   2.0 0.2475477 0.31116218 0.11182067 0.21335802 0.30519788 0.1206995
          oe         te
1 0.07515245 0.03742241
2 0.00000000 0.04220328
3 0.24717036 0.31982024



[1] "Total run time was 76.867 seconds"
