WARNING: ignoring environment value of R_HOME

Attaching package: ‘dplyr’

The following objects are masked from ‘package:stats’:

    filter, lag

The following objects are masked from ‘package:base’:

    intersect, setdiff, setequal, union

Loading required package: splines
Loading required package: foreach
Loaded gam 1.20.2

Super Learner
Version: 2.0-28
Package created on 2021-05-04

Loading required package: lattice
Loading required package: ggplot2
Loading required package: Matrix
Loaded glmnet 4.1-7
Loading required package: Formula
Loading required package: plotmo
Loading required package: plotrix
Loading required package: TeachingDemos
Loaded gbm 2.1.8.1

Attaching package: ‘xgboost’

The following object is masked from ‘package:dplyr’:

    slice

[1] "[Simulation setting]"
[1] "m: 100"
[1] "deltas: 0.5, 1, 2"
[1] "Sim.id 1"
[1] "Data generated"
[1] "Proposed & IPW estimators"
[1] "   Split: 1"
[1] "   Split: 2"
[1] "Estimates and SE estimates computed"
[1] ""
[[1]]
[[1]]$pro.p
[[1]]$pro.p$est
  delta        mu      mu_1      mu_0         de         se_1        se_0
1   0.5 0.3992953 0.2882966 0.4809368 -0.1926402  0.072109106 -0.01519686
2   1.0 0.3246824 0.2161875 0.4961337 -0.2799462  0.000000000  0.00000000
3   2.0 0.2759121 0.2146534 0.4790112 -0.2643578 -0.001534144 -0.01712251
           oe         te
1  0.07461291 -0.2078371
2  0.00000000 -0.2799462
3 -0.04877029 -0.2814803

[[1]]$pro.p$se
  delta         mu       mu_1       mu_0         de       se_1       se_0
1   0.5 0.04221501 0.04033257 0.06939407 0.08259193 0.03477283 0.05206940
2   1.0 0.02982989 0.02642123 0.04101168 0.03498244 0.00000000 0.00000000
3   2.0 0.04478114 0.04353925 0.07430837 0.07122212 0.03452384 0.06348251
          oe         te
1 0.03476670 0.05313725
2 0.00000000 0.03498244
3 0.03566647 0.05150267


[[1]]$pro.np
[[1]]$pro.np$est
  delta        mu      mu_1      mu_0         de        se_1        se_0
1   0.5 0.4252251 0.2770389 0.5415516 -0.2645126  0.04406371  0.03724510
2   1.0 0.3379712 0.2329752 0.5043065 -0.2713312  0.00000000  0.00000000
3   2.0 0.2571984 0.1894308 0.4663851 -0.2769543 -0.04354441 -0.03792135
           oe         te
1  0.08725391 -0.2272675
2  0.00000000 -0.2713312
3 -0.08077279 -0.3148756

[[1]]$pro.np$se
  delta         mu       mu_1       mu_0         de       se_1       se_0
1   0.5 0.03643235 0.03858605 0.05288044 0.06364175 0.03358839 0.04021515
2   1.0 0.03020650 0.02729285 0.03940439 0.03267985 0.00000000 0.00000000
3   2.0 0.04936710 0.05204830 0.07141404 0.07858704 0.04084986 0.05992994
          oe         te
1 0.03048515 0.04830890
2 0.00000000 0.03267985
3 0.03678752 0.05599740


[[1]]$ipw.p
[[1]]$ipw.p$est
  delta        mu      mu_1      mu_0         de       se_1         se_0
1   0.5 0.5540950 0.3789774 0.6997641 -0.3207867 0.13334471  0.120992410
2   1.0 0.3707130 0.2456327 0.5787717 -0.3331390 0.00000000  0.000000000
3   2.0 0.3764743 0.3188510 0.5738265 -0.2549755 0.07321827 -0.004945186
           oe         te
1 0.183381975 -0.1997943
2 0.000000000 -0.3331390
3 0.005761248 -0.2599207

[[1]]$ipw.p$se
  delta         mu       mu_1       mu_0         de       se_1       se_0
1   0.5 0.10069806 0.07037778 0.13303818 0.08221425 0.06830186 0.11396929
2   1.0 0.02004357 0.02052198 0.03768776 0.04081212 0.00000000 0.00000000
3   2.0 0.07019867 0.07978777 0.07844160 0.08091423 0.07332625 0.08716042
          oe         te
1 0.09321098 0.06238994
2 0.00000000 0.04081212
3 0.07192647 0.09859590


[[1]]$ipw.np
[[1]]$ipw.np$est
  delta        mu      mu_1      mu_0         de       se_1        se_0
1   0.5 0.5792482 0.3865650 0.7586196 -0.3720546 0.13601558  0.17874837
2   1.0 0.3707130 0.2505495 0.5798713 -0.3293218 0.00000000  0.00000000
3   2.0 0.3670421 0.3117931 0.5675386 -0.2557456 0.06124363 -0.01233263
            oe         te
1  0.208535111 -0.1933062
2  0.000000000 -0.3293218
3 -0.003670914 -0.2680782

[[1]]$ipw.np$se
  delta         mu       mu_1       mu_0         de       se_1       se_0
1   0.5 0.11098567 0.06958928 0.16099662 0.11041063 0.06759131 0.14078369
2   1.0 0.02004357 0.02130084 0.03888008 0.04208603 0.00000000 0.00000000
3   2.0 0.06942602 0.08022705 0.08156935 0.08257806 0.07321174 0.09081123
          oe         te
1 0.10344562 0.05896682
2 0.00000000 0.04208603
3 0.07101769 0.09902533



[1] "Total run time was 44.225 seconds"
