WARNING: ignoring environment value of R_HOME

Attaching package: ‘dplyr’

The following objects are masked from ‘package:stats’:

    filter, lag

The following objects are masked from ‘package:base’:

    intersect, setdiff, setequal, union

Loading required package: splines
Loading required package: foreach
Loaded gam 1.20.2

Super Learner
Version: 2.0-28
Package created on 2021-05-04

Loading required package: lattice
Loading required package: ggplot2
Loading required package: Matrix
Loaded glmnet 4.1-7
Loading required package: Formula
Loading required package: plotmo
Loading required package: plotrix
Loading required package: TeachingDemos
Loaded gbm 2.1.8.1

Attaching package: ‘xgboost’

The following object is masked from ‘package:dplyr’:

    slice

[1] "[Simulation setting]"
[1] "m: 100"
[1] "deltas: 0.5, 1, 2"
[1] "Sim.id 1"
[1] "Data generated"
[1] "Proposed & IPW estimators"
[1] "   Split: 1"
[1] "   Split: 2"
[1] "Estimates and SE estimates computed"
[1] ""
[[1]]
[[1]]$pro.p
[[1]]$pro.p$est
  delta        mu      mu_1      mu_0         de        se_1        se_0
1   0.5 0.4173723 0.1978901 0.5852670 -0.3873769  0.01308652  0.05553300
2   1.0 0.3200757 0.1848036 0.5297340 -0.3449304  0.00000000  0.00000000
3   2.0 0.2236548 0.1517112 0.4560895 -0.3043783 -0.03309236 -0.07364449
           oe         te
1  0.09729659 -0.3318439
2  0.00000000 -0.3449304
3 -0.09642092 -0.3780228

[[1]]$pro.p$se
  delta         mu       mu_1       mu_0         de       se_1       se_0
1   0.5 0.02715245 0.03399471 0.03981702 0.05580343 0.03545492 0.03667429
2   1.0 0.02405741 0.02097427 0.03510685 0.03138424 0.00000000 0.00000000
3   2.0 0.03412390 0.03225757 0.05944268 0.05974611 0.02367024 0.04498150
          oe         te
1 0.02805325 0.05035153
2 0.00000000 0.03138424
3 0.02489673 0.04129509


[[1]]$pro.np
[[1]]$pro.np$est
  delta        mu      mu_1      mu_0         de         se_1        se_0
1   0.5 0.3957319 0.1939313 0.5480810 -0.3541497  0.002119057  0.04080402
2   1.0 0.3193829 0.1918122 0.5072770 -0.3154648  0.000000000  0.00000000
3   2.0 0.2451911 0.1732366 0.4604712 -0.2872346 -0.018575641 -0.04680579
           oe         te
1  0.07634904 -0.3133457
2  0.00000000 -0.3154648
3 -0.07419181 -0.3340404

[[1]]$pro.np$se
  delta         mu       mu_1       mu_0         de       se_1       se_0
1   0.5 0.02670877 0.03337752 0.04624881 0.06610963 0.03529897 0.04056326
2   1.0 0.02381773 0.02169622 0.03382432 0.03005121 0.00000000 0.00000000
3   2.0 0.03942820 0.03956728 0.05829697 0.06012988 0.03076967 0.04522891
          oe         te
1 0.02731491 0.04864064
2 0.00000000 0.03005121
3 0.03123276 0.04741453


[[1]]$ipw.p
[[1]]$ipw.p$est
  delta        mu      mu_1      mu_0         de        se_1         se_0
1   0.5 0.4128203 0.2290075 0.5585061 -0.3294985  0.01398361 -0.005216607
2   1.0 0.3545281 0.2150239 0.5637227 -0.3486988  0.00000000  0.000000000
3   2.0 0.2751228 0.1827223 0.5401087 -0.3573864 -0.03230166 -0.023614038
           oe         te
1  0.05829217 -0.3347152
2  0.00000000 -0.3486988
3 -0.07940531 -0.3810004

[[1]]$ipw.p$se
  delta         mu       mu_1       mu_0         de       se_1      se_0
1   0.5 0.09941551 0.04544656 0.15564333 0.13050722 0.04476549 0.1413985
2   1.0 0.01860915 0.01917027 0.03429434 0.03709674 0.00000000 0.0000000
3   2.0 0.03638716 0.03678480 0.05806246 0.05316723 0.02795659 0.0656149
          oe         te
1 0.09442910 0.04286347
2 0.00000000 0.03709674
3 0.03635168 0.05590149


[[1]]$ipw.np
[[1]]$ipw.np$est
  delta        mu      mu_1      mu_0         de        se_1         se_0
1   0.5 0.4104770 0.2338932 0.5490321 -0.3151389  0.01344174 -0.004809022
2   1.0 0.3545281 0.2204515 0.5538411 -0.3333897  0.00000000  0.000000000
3   2.0 0.2797925 0.1924417 0.5319161 -0.3394744 -0.02800977 -0.021925052
           oe         te
1  0.05594886 -0.3199479
2  0.00000000 -0.3333897
3 -0.07473565 -0.3613994

[[1]]$ipw.np$se
  delta         mu       mu_1       mu_0         de       se_1       se_0
1   0.5 0.09901496 0.04569970 0.15480408 0.12990270 0.04519296 0.14079290
2   1.0 0.01860915 0.01989022 0.03399732 0.03716497 0.00000000 0.00000000
3   2.0 0.03817686 0.04169884 0.05695957 0.05648516 0.03238938 0.06401297
          oe         te
1 0.09413525 0.04302759
2 0.00000000 0.03716497
3 0.03800109 0.05962200



[1] "Total run time was 81.489 seconds"
