WARNING: ignoring environment value of R_HOME

Attaching package: ‘dplyr’

The following objects are masked from ‘package:stats’:

    filter, lag

The following objects are masked from ‘package:base’:

    intersect, setdiff, setequal, union

Loading required package: splines
Loading required package: foreach
Loaded gam 1.20.2

Super Learner
Version: 2.0-28
Package created on 2021-05-04

Loading required package: lattice
Loading required package: ggplot2
Loading required package: Matrix
Loaded glmnet 4.1-7
Loading required package: Formula
Loading required package: plotmo
Loading required package: plotrix
Loading required package: TeachingDemos
Loaded gbm 2.1.8.1

Attaching package: ‘xgboost’

The following object is masked from ‘package:dplyr’:

    slice

[1] "[Simulation setting]"
[1] "m: 500"
[1] "deltas: 0.5, 1, 2"
[1] "alphas: 0.4251, 0.5948, 0.7448"
[1] "Sim.id 1"
[1] "Data generated"
[1] "Proposed & IPW estimators"
[1] "   Split: 1"
[1] "   Split: 2"
[1] "Barkley estimators"
[1] "I. Estimate GLMER model"
[1] "IB. get MCFP vecs"
[1] "II. Estimate CFBI"
[1] "II. solving for alpha_num 1 of 3 ; alpha= 0.425133170705204"
[1] "elapsed: 6.51 minutes as of 2023-05-08 18:51:57"
[1] "II. solving for alpha_num 2 of 3 ; alpha= 0.594849404255532"
[1] "elapsed: 7.25 minutes as of 2023-05-08 18:59:12"
[1] "II. solving for alpha_num 3 of 3 ; alpha= 0.744822889124285"
[1] "elapsed: 6.49 minutes as of 2023-05-08 19:05:41"
[1] "III. Estimate MCFP"
[1] "III. alpha num 1 of 3"
[1] "elapsed: 0.66 minutes as of 2023-05-08 19:06:21"
[1] "III. alpha num 2 of 3"
[1] "elapsed: 1.31 minutes as of 2023-05-08 19:07:00"
[1] "III. alpha num 3 of 3"
[1] "elapsed: 1.96 minutes as of 2023-05-08 19:07:39"
[1] "IV. Target estimates"
[1] "Beginning variance calculations. This may take some time."
[1] "V. Variance estimates"
[1] ":model stuff:"
[1] "elapsed: 1.9 minutes as of 2023-05-08 19:09:38"
[1] ":CFBI EstFun:"
[1] "elapsed: 0 minutes as of 2023-05-08 19:09:38"
[1] ":CFBI alpha_num 1 of 3"
[1] "elapsed: 5.66 minutes as of 2023-05-08 19:15:17"
[1] ":CFBI alpha_num 2 of 3"
[1] "elapsed: 11.35 minutes as of 2023-05-08 19:20:58"
[1] ":CFBI alpha_num 3 of 3"
[1] ":MCFP EstFun:"
[1] "elapsed: 17.11 minutes as of 2023-05-08 19:26:44"
[1] ":MCFP alpha_num 1 of 3"
[1] "elapsed: 21.82 minutes as of 2023-05-08 19:31:27"
[1] ":MCFP alpha_num 2 of 3"
[1] "elapsed: 26.5 minutes as of 2023-05-08 19:36:07"
[1] ":MCFP alpha_num 3 of 3"
[1] "elapsed: 33.04 minutes as of 2023-05-08 19:40:46"
[1] ":target ests:"
[1] "elapsed: 0 minutes as of 2023-05-08 19:40:46"
[1] "Var_row_num 1 of 9"
[1] "elapsed: 11.09 minutes as of 2023-05-08 19:51:51"
[1] "elapsed: 0 minutes as of 2023-05-08 19:51:52"
[1] "elapsed: 0 minutes as of 2023-05-08 19:51:52"
[1] "Var_row_num 2 of 9"
[1] "elapsed: 11.16 minutes as of 2023-05-08 20:03:01"
[1] "elapsed: 0 minutes as of 2023-05-08 20:03:01"
[1] "elapsed: 0 minutes as of 2023-05-08 20:03:01"
[1] "Var_row_num 3 of 9"
[1] "elapsed: 11.19 minutes as of 2023-05-08 20:14:13"
[1] "elapsed: 0 minutes as of 2023-05-08 20:14:13"
[1] "elapsed: 0 minutes as of 2023-05-08 20:14:13"
[1] "Var_row_num 4 of 9"
[1] "elapsed: 11.23 minutes as of 2023-05-08 20:25:27"
[1] "elapsed: 0 minutes as of 2023-05-08 20:25:27"
[1] "elapsed: 0 minutes as of 2023-05-08 20:25:27"
[1] "Var_row_num 5 of 9"
[1] "elapsed: 11.2 minutes as of 2023-05-08 20:36:39"
[1] "elapsed: 0 minutes as of 2023-05-08 20:36:39"
[1] "elapsed: 0 minutes as of 2023-05-08 20:36:39"
[1] "Var_row_num 6 of 9"
[1] "elapsed: 11.19 minutes as of 2023-05-08 20:47:50"
[1] "elapsed: 0 minutes as of 2023-05-08 20:47:51"
[1] "elapsed: 0 minutes as of 2023-05-08 20:47:51"
[1] "Var_row_num 7 of 9"
[1] "elapsed: 11.24 minutes as of 2023-05-08 20:59:05"
[1] "elapsed: 0 minutes as of 2023-05-08 20:59:05"
[1] "elapsed: 0 minutes as of 2023-05-08 20:59:05"
[1] "Var_row_num 8 of 9"
[1] "elapsed: 11.34 minutes as of 2023-05-08 21:10:26"
[1] "elapsed: 0 minutes as of 2023-05-08 21:10:26"
[1] "elapsed: 0 minutes as of 2023-05-08 21:10:26"
[1] "Var_row_num 9 of 9"
[1] "elapsed: 10.09 minutes as of 2023-05-08 21:20:31"
[1] "elapsed: 0 minutes as of 2023-05-08 21:20:31"
[1] "Done with all variance calculations"
[1] "Estimates and SE estimates computed"
[1] ""
[[1]]
[[1]]$pro.p
[[1]]$pro.p$est
  delta        mu      mu_1      mu_0         de        se_1         se_0
1   0.5 0.4441344 0.2737326 0.5645294 -0.2907968  0.02309450  0.001920641
2   1.0 0.3811954 0.2506381 0.5626088 -0.3119707  0.00000000  0.000000000
3   2.0 0.2966721 0.2222362 0.5057275 -0.2834913 -0.02840187 -0.056881240
           oe         te
1  0.06293897 -0.2888762
2  0.00000000 -0.3119707
3 -0.08452326 -0.3403726

[[1]]$pro.p$se
  delta         mu       mu_1       mu_0         de       se_1       se_0
1   0.5 0.01874162 0.01836952 0.02575098 0.02881146 0.01547122 0.02213727
2   1.0 0.01227313 0.01128508 0.01567563 0.01377404 0.00000000 0.00000000
3   2.0 0.01765837 0.01758988 0.02353420 0.02168727 0.01252067 0.01757584
          oe         te
1 0.01574419 0.02003016
2 0.00000000 0.01377404
3 0.01310741 0.02022834


[[1]]$pro.np
[[1]]$pro.np$est
  delta        mu      mu_1      mu_0         de        se_1        se_0
1   0.5 0.4331672 0.2724109 0.5433887 -0.2709778  0.01183060  0.00516364
2   1.0 0.3800265 0.2605803 0.5382251 -0.2776448  0.00000000  0.00000000
3   2.0 0.3048508 0.2321246 0.4978859 -0.2657613 -0.02845574 -0.04033920
           oe         te
1  0.05314065 -0.2658142
2  0.00000000 -0.2776448
3 -0.07517572 -0.3061005

[[1]]$pro.np$se
  delta         mu       mu_1       mu_0         de       se_1       se_0
1   0.5 0.01637418 0.01620702 0.02183676 0.02442478 0.01278703 0.01822978
2   1.0 0.01229343 0.01148082 0.01513125 0.01285227 0.00000000 0.00000000
3   2.0 0.01856362 0.01868321 0.02290466 0.02052884 0.01340456 0.01692497
          oe         te
1 0.01316528 0.01756710
2 0.00000000 0.01285227
3 0.01377023 0.02024576


[[1]]$ipw.p
[[1]]$ipw.p$est
  delta        mu      mu_1      mu_0         de        se_1        se_0
1   0.5 0.4539499 0.2785956 0.5774633 -0.2988677  0.03241682  0.02399655
2   1.0 0.3739889 0.2461788 0.5534668 -0.3072880  0.00000000  0.00000000
3   2.0 0.2992249 0.2248252 0.5093940 -0.2845688 -0.02135360 -0.04407280
           oe         te
1  0.07996103 -0.2748712
2  0.00000000 -0.3072880
3 -0.07476396 -0.3286416

[[1]]$ipw.p$se
  delta          mu       mu_1       mu_0         de       se_1       se_0
1   0.5 0.041963411 0.02715072 0.05686723 0.04305670 0.02627478 0.04963057
2   1.0 0.009749878 0.01004234 0.01681601 0.01843356 0.00000000 0.00000000
3   2.0 0.020831378 0.02219975 0.02557798 0.02323745 0.01881211 0.02961420
          oe         te
1 0.03916352 0.02624927
2 0.00000000 0.01843356
3 0.02124406 0.03085020


[[1]]$ipw.np
[[1]]$ipw.np$est
  delta        mu      mu_1      mu_0         de        se_1        se_0
1   0.5 0.4495962 0.2823413 0.5651546 -0.2828133  0.03020535  0.02659946
2   1.0 0.3739889 0.2521359 0.5385552 -0.2864192  0.00000000  0.00000000
3   2.0 0.3040788 0.2323225 0.4993531 -0.2670305 -0.01981339 -0.03920211
           oe         te
1  0.07560737 -0.2562139
2  0.00000000 -0.2864192
3 -0.06991009 -0.3062326

[[1]]$ipw.np$se
  delta          mu       mu_1       mu_0         de       se_1       se_0
1   0.5 0.041985045 0.02735087 0.05726796 0.04444378 0.02649324 0.05036159
2   1.0 0.009749878 0.01026233 0.01643068 0.01818534 0.00000000 0.00000000
3   2.0 0.021328039 0.02305519 0.02552811 0.02322581 0.01953133 0.02925661
          oe         te
1 0.03932424 0.02640267
2 0.00000000 0.01818534
3 0.02164071 0.03124576


[[1]]$bar.p
[[1]]$bar.p$est
  delta        mu      mu_1      mu_0 de se_1 se_0 oe te
1   0.5 0.4544186 0.2829049 0.5783518  0    0    0  0  0
2   1.0 0.3666752 0.2474767 0.5233518  0    0    0  0  0
3   2.0 0.2841828 0.2157807 0.4379897  0    0    0  0  0

[[1]]$bar.p$se
  delta         mu       mu_1       mu_0 de se_1 se_0 oe te
1   0.5 0.02050554 0.02791692 0.02098641  0    0    0  0  0
2   1.0 0.00915240 0.01000660 0.01361137  0    0    0  0  0
3   2.0 0.01313602 0.01360677 0.02600516  0    0    0  0  0



[1] "Total run time was 9642.253 seconds"
