WARNING: ignoring environment value of R_HOME

Attaching package: ‘dplyr’

The following objects are masked from ‘package:stats’:

    filter, lag

The following objects are masked from ‘package:base’:

    intersect, setdiff, setequal, union

Loading required package: splines
Loading required package: foreach
Loaded gam 1.20.2

Super Learner
Version: 2.0-28
Package created on 2021-05-04

Loading required package: lattice
Loading required package: ggplot2
Loading required package: Matrix
Loaded glmnet 4.1-7
Loading required package: Formula
Loading required package: plotmo
Loading required package: plotrix
Loading required package: TeachingDemos
Loaded gbm 2.1.8.1

Attaching package: ‘xgboost’

The following object is masked from ‘package:dplyr’:

    slice

[1] "[Simulation setting]"
[1] "m: 500"
[1] "deltas: 0.5, 1, 2"
[1] "alphas: 0.4251, 0.5948, 0.7448"
[1] "Sim.id 1"
[1] "Data generated"
[1] "Proposed & IPW estimators"
[1] "   Split: 1"
[1] "   Split: 2"
[1] "Barkley estimators"
[1] "I. Estimate GLMER model"
[1] "IB. get MCFP vecs"
[1] "II. Estimate CFBI"
[1] "II. solving for alpha_num 1 of 3 ; alpha= 0.425133170705204"
[1] "elapsed: 6.18 minutes as of 2023-05-08 18:40:32"
[1] "II. solving for alpha_num 2 of 3 ; alpha= 0.594849404255532"
[1] "elapsed: 6.76 minutes as of 2023-05-08 18:47:18"
[1] "II. solving for alpha_num 3 of 3 ; alpha= 0.744822889124285"
[1] "elapsed: 5.99 minutes as of 2023-05-08 18:53:17"
[1] "III. Estimate MCFP"
[1] "III. alpha num 1 of 3"
[1] "elapsed: 0.58 minutes as of 2023-05-08 18:53:51"
[1] "III. alpha num 2 of 3"
[1] "elapsed: 1.16 minutes as of 2023-05-08 18:54:27"
[1] "III. alpha num 3 of 3"
[1] "elapsed: 1.74 minutes as of 2023-05-08 18:55:02"
[1] "IV. Target estimates"
[1] "Beginning variance calculations. This may take some time."
[1] "V. Variance estimates"
[1] ":model stuff:"
[1] "elapsed: 1.83 minutes as of 2023-05-08 18:56:56"
[1] ":CFBI EstFun:"
[1] "elapsed: 0 minutes as of 2023-05-08 18:56:56"
[1] ":CFBI alpha_num 1 of 3"
[1] "elapsed: 5.26 minutes as of 2023-05-08 19:02:11"
[1] ":CFBI alpha_num 2 of 3"
[1] "elapsed: 10.29 minutes as of 2023-05-08 19:07:13"
[1] ":CFBI alpha_num 3 of 3"
[1] ":MCFP EstFun:"
[1] "elapsed: 15.23 minutes as of 2023-05-08 19:12:09"
[1] ":MCFP alpha_num 1 of 3"
[1] "elapsed: 19.13 minutes as of 2023-05-08 19:16:04"
[1] ":MCFP alpha_num 2 of 3"
[1] "elapsed: 23.02 minutes as of 2023-05-08 19:19:57"
[1] ":MCFP alpha_num 3 of 3"
[1] "elapsed: 28.72 minutes as of 2023-05-08 19:23:49"
[1] ":target ests:"
[1] "elapsed: 0 minutes as of 2023-05-08 19:23:49"
[1] "Var_row_num 1 of 9"
[1] "elapsed: 9.81 minutes as of 2023-05-08 19:33:38"
[1] "elapsed: 0 minutes as of 2023-05-08 19:33:38"
[1] "elapsed: 0 minutes as of 2023-05-08 19:33:38"
[1] "Var_row_num 2 of 9"
[1] "elapsed: 9.9 minutes as of 2023-05-08 19:43:32"
[1] "elapsed: 0 minutes as of 2023-05-08 19:43:32"
[1] "elapsed: 0 minutes as of 2023-05-08 19:43:32"
[1] "Var_row_num 3 of 9"
[1] "elapsed: 10.3 minutes as of 2023-05-08 19:53:50"
[1] "elapsed: 0 minutes as of 2023-05-08 19:53:50"
[1] "elapsed: 0 minutes as of 2023-05-08 19:53:50"
[1] "Var_row_num 4 of 9"
[1] "elapsed: 10.51 minutes as of 2023-05-08 20:04:21"
[1] "elapsed: 0 minutes as of 2023-05-08 20:04:21"
[1] "elapsed: 0 minutes as of 2023-05-08 20:04:21"
[1] "Var_row_num 5 of 9"
[1] "elapsed: 10.18 minutes as of 2023-05-08 20:14:32"
[1] "elapsed: 0.01 minutes as of 2023-05-08 20:14:32"
[1] "elapsed: 0 minutes as of 2023-05-08 20:14:32"
[1] "Var_row_num 6 of 9"
[1] "elapsed: 10.31 minutes as of 2023-05-08 20:24:51"
[1] "elapsed: 0 minutes as of 2023-05-08 20:24:51"
[1] "elapsed: 0 minutes as of 2023-05-08 20:24:51"
[1] "Var_row_num 7 of 9"
[1] "elapsed: 10.32 minutes as of 2023-05-08 20:35:10"
[1] "elapsed: 0 minutes as of 2023-05-08 20:35:10"
[1] "elapsed: 0 minutes as of 2023-05-08 20:35:10"
[1] "Var_row_num 8 of 9"
[1] "elapsed: 10.08 minutes as of 2023-05-08 20:45:15"
[1] "elapsed: 0 minutes as of 2023-05-08 20:45:15"
[1] "elapsed: 0 minutes as of 2023-05-08 20:45:15"
[1] "Var_row_num 9 of 9"
[1] "elapsed: 9.96 minutes as of 2023-05-08 20:55:13"
[1] "elapsed: 0 minutes as of 2023-05-08 20:55:13"
[1] "Done with all variance calculations"
[1] "Estimates and SE estimates computed"
[1] ""
[[1]]
[[1]]$pro.p
[[1]]$pro.p$est
  delta        mu      mu_1      mu_0         de         se_1        se_0
1   0.5 0.4380872 0.2373315 0.5930789 -0.3557475  0.009257725  0.03154651
2   1.0 0.3595002 0.2280737 0.5615324 -0.3334587  0.000000000  0.00000000
3   2.0 0.2835350 0.2137939 0.5031972 -0.2894033 -0.014279823 -0.05833522
           oe         te
1  0.07858698 -0.3242010
2  0.00000000 -0.3334587
3 -0.07596517 -0.3477385

[[1]]$pro.p$se
  delta         mu       mu_1       mu_0         de       se_1       se_0
1   0.5 0.01557887 0.01512946 0.02120176 0.02344773 0.01282879 0.01619213
2   1.0 0.01170041 0.01039511 0.01584906 0.01441730 0.00000000 0.00000000
3   2.0 0.01957260 0.01933358 0.02482851 0.02322736 0.01577640 0.01845734
          oe         te
1 0.01217244 0.01903751
2 0.00000000 0.01441730
3 0.01562848 0.02194595


[[1]]$pro.np
[[1]]$pro.np$est
  delta        mu      mu_1      mu_0         de        se_1        se_0
1   0.5 0.4287053 0.2522148 0.5620525 -0.3098377  0.01273833  0.02220371
2   1.0 0.3594409 0.2394764 0.5398488 -0.3003723  0.00000000  0.00000000
3   2.0 0.2755862 0.2109386 0.4791110 -0.2681724 -0.02853780 -0.06073776
           oe         te
1  0.06926439 -0.2876340
2  0.00000000 -0.3003723
3 -0.08385466 -0.3289101

[[1]]$pro.np$se
  delta         mu       mu_1       mu_0         de       se_1       se_0
1   0.5 0.01445885 0.01392061 0.01935848 0.02135565 0.01121353 0.01438695
2   1.0 0.01196982 0.01051188 0.01537503 0.01270284 0.00000000 0.00000000
3   2.0 0.02053584 0.02089984 0.02327414 0.02147594 0.01717373 0.01679070
          oe         te
1 0.01066292 0.01696608
2 0.00000000 0.01270284
3 0.01632903 0.02199069


[[1]]$ipw.p
[[1]]$ipw.p$est
  delta        mu      mu_1      mu_0         de        se_1        se_0
1   0.5 0.4481380 0.2436122 0.6063446 -0.3627324  0.01225030  0.04710806
2   1.0 0.3607399 0.2313619 0.5592366 -0.3278746  0.00000000  0.00000000
3   2.0 0.2899626 0.2192459 0.5039566 -0.2847107 -0.01211602 -0.05528000
           oe         te
1  0.08739811 -0.3156243
2  0.00000000 -0.3278746
3 -0.07077734 -0.3399907

[[1]]$ipw.p$se
  delta          mu        mu_1       mu_0         de       se_1       se_0
1   0.5 0.044194148 0.018605814 0.06904237 0.06023394 0.01766882 0.06070369
2   1.0 0.009303452 0.009144707 0.01769569 0.01925079 0.00000000 0.00000000
3   2.0 0.017918846 0.019079872 0.02401070 0.02315651 0.01639474 0.02810696
          oe         te
1 0.04105585 0.01830153
2 0.00000000 0.01925079
3 0.01877785 0.02949485


[[1]]$ipw.np
[[1]]$ipw.np$est
  delta        mu      mu_1      mu_0         de         se_1        se_0
1   0.5 0.4414488 0.2483913 0.5871721 -0.3387808  0.009170621  0.04532009
2   1.0 0.3607399 0.2392207 0.5418520 -0.3026313  0.000000000  0.00000000
3   2.0 0.2973302 0.2309835 0.4918751 -0.2608916 -0.008237201 -0.04997691
           oe         te
1  0.08070890 -0.2934607
2  0.00000000 -0.3026313
3 -0.06340974 -0.3108685

[[1]]$ipw.np$se
  delta          mu        mu_1       mu_0         de       se_1       se_0
1   0.5 0.044165396 0.018966934 0.06840479 0.05969401 0.01813152 0.06044653
2   1.0 0.009303452 0.009466142 0.01724215 0.01900498 0.00000000 0.00000000
3   2.0 0.018806355 0.020673271 0.02359048 0.02349981 0.01791661 0.02744691
          oe         te
1 0.04116432 0.01853233
2 0.00000000 0.01900498
3 0.01955369 0.03037137


[[1]]$bar.p
[[1]]$bar.p$est
  delta        mu      mu_1      mu_0 de se_1 se_0 oe te
1   0.5 0.4605260 0.2372665 0.6121637  0    0    0  0  0
2   1.0 0.3701407 0.2356379 0.5434853  0    0    0  0  0
3   2.0 0.2884271 0.2178168 0.4432344  0    0    0  0  0

[[1]]$bar.p$se
  delta         mu        mu_1       mu_0 de se_1 se_0 oe te
1   0.5 0.02939329 0.019034185 0.03526379  0    0    0  0  0
2   1.0 0.00899444 0.009778737 0.01381129  0    0    0  0  0
3   2.0 0.01133326 0.011314936 0.02529195  0    0    0  0  0



[1] "Total run time was 8838.005 seconds"
