WARNING: ignoring environment value of R_HOME

Attaching package: ‘dplyr’

The following objects are masked from ‘package:stats’:

    filter, lag

The following objects are masked from ‘package:base’:

    intersect, setdiff, setequal, union

Loading required package: splines
Loading required package: foreach
Loaded gam 1.20.2

Super Learner
Version: 2.0-28
Package created on 2021-05-04

Loading required package: lattice
Loading required package: ggplot2
Loading required package: Matrix
Loaded glmnet 4.1-7
Loading required package: Formula
Loading required package: plotmo
Loading required package: plotrix
Loading required package: TeachingDemos
Loaded gbm 2.1.8.1

Attaching package: ‘xgboost’

The following object is masked from ‘package:dplyr’:

    slice

[1] "[Simulation setting]"
[1] "m: 500"
[1] "deltas: 0.5, 1, 2"
[1] "alphas: 0.4251, 0.5948, 0.7448"
[1] "Sim.id 1"
[1] "Data generated"
[1] "Proposed & IPW estimators"
[1] "   Split: 1"
[1] "   Split: 2"
[1] "Barkley estimators"
[1] "I. Estimate GLMER model"
[1] "IB. get MCFP vecs"
[1] "II. Estimate CFBI"
[1] "II. solving for alpha_num 1 of 3 ; alpha= 0.425133170705204"
[1] "elapsed: 6.42 minutes as of 2023-05-08 19:05:16"
[1] "II. solving for alpha_num 2 of 3 ; alpha= 0.594849404255532"
[1] "elapsed: 7.96 minutes as of 2023-05-08 19:13:14"
[1] "II. solving for alpha_num 3 of 3 ; alpha= 0.744822889124285"
[1] "elapsed: 6.49 minutes as of 2023-05-08 19:19:44"
[1] "III. Estimate MCFP"
[1] "III. alpha num 1 of 3"
[1] "elapsed: 0.65 minutes as of 2023-05-08 19:20:23"
[1] "III. alpha num 2 of 3"
[1] "elapsed: 1.3 minutes as of 2023-05-08 19:21:02"
[1] "III. alpha num 3 of 3"
[1] "elapsed: 1.94 minutes as of 2023-05-08 19:21:40"
[1] "IV. Target estimates"
[1] "Beginning variance calculations. This may take some time."
[1] "V. Variance estimates"
[1] ":model stuff:"
[1] "elapsed: 2.02 minutes as of 2023-05-08 19:23:46"
[1] ":CFBI EstFun:"
[1] "elapsed: 0 minutes as of 2023-05-08 19:23:46"
[1] ":CFBI alpha_num 1 of 3"
[1] "elapsed: 5.72 minutes as of 2023-05-08 19:29:29"
[1] ":CFBI alpha_num 2 of 3"
[1] "elapsed: 11.41 minutes as of 2023-05-08 19:35:11"
[1] ":CFBI alpha_num 3 of 3"
[1] ":MCFP EstFun:"
[1] "elapsed: 17.1 minutes as of 2023-05-08 19:40:53"
[1] ":MCFP alpha_num 1 of 3"
[1] "elapsed: 21.69 minutes as of 2023-05-08 19:45:28"
[1] ":MCFP alpha_num 2 of 3"
[1] "elapsed: 26.27 minutes as of 2023-05-08 19:50:03"
[1] ":MCFP alpha_num 3 of 3"
[1] "elapsed: 32.78 minutes as of 2023-05-08 19:54:32"
[1] ":target ests:"
[1] "elapsed: 0 minutes as of 2023-05-08 19:54:32"
[1] "Var_row_num 1 of 9"
[1] "elapsed: 11.18 minutes as of 2023-05-08 20:05:43"
[1] "elapsed: 0 minutes as of 2023-05-08 20:05:43"
[1] "elapsed: 0 minutes as of 2023-05-08 20:05:43"
[1] "Var_row_num 2 of 9"
[1] "elapsed: 11.22 minutes as of 2023-05-08 20:16:56"
[1] "elapsed: 0 minutes as of 2023-05-08 20:16:57"
[1] "elapsed: 0 minutes as of 2023-05-08 20:16:57"
[1] "Var_row_num 3 of 9"
[1] "elapsed: 11.21 minutes as of 2023-05-08 20:28:09"
[1] "elapsed: 0 minutes as of 2023-05-08 20:28:09"
[1] "elapsed: 0 minutes as of 2023-05-08 20:28:09"
[1] "Var_row_num 4 of 9"
[1] "elapsed: 11.2 minutes as of 2023-05-08 20:39:21"
[1] "elapsed: 0 minutes as of 2023-05-08 20:39:21"
[1] "elapsed: 0 minutes as of 2023-05-08 20:39:21"
[1] "Var_row_num 5 of 9"
[1] "elapsed: 11.18 minutes as of 2023-05-08 20:50:32"
[1] "elapsed: 0 minutes as of 2023-05-08 20:50:32"
[1] "elapsed: 0 minutes as of 2023-05-08 20:50:32"
[1] "Var_row_num 6 of 9"
[1] "elapsed: 11.29 minutes as of 2023-05-08 21:01:49"
[1] "elapsed: 0 minutes as of 2023-05-08 21:01:50"
[1] "elapsed: 0 minutes as of 2023-05-08 21:01:50"
[1] "Var_row_num 7 of 9"
[1] "elapsed: 11.34 minutes as of 2023-05-08 21:13:10"
[1] "elapsed: 0 minutes as of 2023-05-08 21:13:10"
[1] "elapsed: 0 minutes as of 2023-05-08 21:13:10"
[1] "Var_row_num 8 of 9"
[1] "elapsed: 8.45 minutes as of 2023-05-08 21:21:37"
[1] "elapsed: 0 minutes as of 2023-05-08 21:21:37"
[1] "elapsed: 0 minutes as of 2023-05-08 21:21:37"
[1] "Var_row_num 9 of 9"
[1] "elapsed: 7.28 minutes as of 2023-05-08 21:28:54"
[1] "elapsed: 0 minutes as of 2023-05-08 21:28:54"
[1] "Done with all variance calculations"
[1] "Estimates and SE estimates computed"
[1] ""
[[1]]
[[1]]$pro.p
[[1]]$pro.p$est
  delta        mu      mu_1      mu_0         de        se_1        se_0
1   0.5 0.4844961 0.2744483 0.6321926 -0.3577444  0.04182086  0.06564689
2   1.0 0.3694560 0.2326274 0.5665457 -0.3339184  0.00000000  0.00000000
3   2.0 0.2906835 0.2078864 0.5256269 -0.3177405 -0.02474099 -0.04091884
           oe         te
1  0.11504010 -0.2920975
2  0.00000000 -0.3339184
3 -0.07877251 -0.3586593

[[1]]$pro.p$se
  delta         mu       mu_1       mu_0         de       se_1       se_0
1   0.5 0.02061185 0.02318349 0.02356116 0.02552863 0.02126201 0.02057182
2   1.0 0.01170147 0.01066615 0.01565061 0.01449525 0.00000000 0.00000000
3   2.0 0.01995920 0.01916923 0.02646455 0.02186596 0.01556552 0.02092504
          oe         te
1 0.01832287 0.02531863
2 0.00000000 0.01449525
3 0.01682394 0.02265643


[[1]]$pro.np
[[1]]$pro.np$est
  delta        mu      mu_1      mu_0         de        se_1        se_0
1   0.5 0.4711708 0.2701042 0.6060287 -0.3359245  0.02033052  0.06356027
2   1.0 0.3738603 0.2497737 0.5424685 -0.2926948  0.00000000  0.00000000
3   2.0 0.3090840 0.2292950 0.5183298 -0.2890348 -0.02047869 -0.02413861
           oe         te
1  0.09731044 -0.2723642
2  0.00000000 -0.2926948
3 -0.06477631 -0.3131734

[[1]]$pro.np$se
  delta         mu       mu_1       mu_0         de       se_1       se_0
1   0.5 0.01674305 0.02021514 0.02028502 0.02589925 0.01799023 0.01710511
2   1.0 0.01195022 0.01096009 0.01502040 0.01282084 0.00000000 0.00000000
3   2.0 0.02011147 0.02025643 0.02469836 0.02236016 0.01629122 0.01834010
          oe         te
1 0.01393321 0.02231205
2 0.00000000 0.01282084
3 0.01628641 0.02232923


[[1]]$ipw.p
[[1]]$ipw.p$est
  delta        mu      mu_1      mu_0         de        se_1        se_0
1   0.5 0.5589326 0.3035216 0.7461440 -0.4426223  0.06968139  0.18400730
2   1.0 0.3683379 0.2338402 0.5621367 -0.3282964  0.00000000  0.00000000
3   2.0 0.3051766 0.2218781 0.5393616 -0.3174835 -0.01196216 -0.02277508
           oe         te
1  0.19059472 -0.2586150
2  0.00000000 -0.3282964
3 -0.06316124 -0.3402586

[[1]]$ipw.p$se
  delta          mu        mu_1       mu_0         de       se_1       se_0
1   0.5 0.069743779 0.027813622 0.10616227 0.08911722 0.02689940 0.09967707
2   1.0 0.009259256 0.009214304 0.01683081 0.01816707 0.00000000 0.00000000
3   2.0 0.023712095 0.025697205 0.02748135 0.02598890 0.02341976 0.03124649
          oe         te
1 0.06717153 0.02491224
2 0.00000000 0.01816707
3 0.02445845 0.03372408


[[1]]$ipw.np
[[1]]$ipw.np$est
  delta        mu      mu_1      mu_0         de        se_1        se_0
1   0.5 0.5509970 0.3095821 0.7205847 -0.4110026  0.06901996  0.17596916
2   1.0 0.3683379 0.2405621 0.5446156 -0.3040535  0.00000000  0.00000000
3   2.0 0.3057957 0.2266286 0.5191753 -0.2925468 -0.01393355 -0.02544024
           oe         te
1  0.18265913 -0.2350335
2  0.00000000 -0.3040535
3 -0.06254219 -0.3179870

[[1]]$ipw.np$se
  delta          mu        mu_1       mu_0         de       se_1       se_0
1   0.5 0.067535323 0.027653320 0.10081230 0.08454289 0.02674130 0.09456204
2   1.0 0.009259256 0.009477818 0.01635644 0.01786385 0.00000000 0.00000000
3   2.0 0.023792852 0.026473398 0.02642995 0.02574306 0.02412026 0.02995647
          oe         te
1 0.06502187 0.02479205
2 0.00000000 0.01786385
3 0.02447551 0.03401785


[[1]]$bar.p
[[1]]$bar.p$est
  delta        mu      mu_1      mu_0 de se_1 se_0 oe te
1   0.5 0.4749210 0.2924228 0.6086455  0    0    0  0  0
2   1.0 0.3625147 0.2404180 0.5362954  0    0    0  0  0
3   2.0 0.2792894 0.2025528 0.4622582  0    0    0  0  0

[[1]]$bar.p$se
  delta          mu        mu_1       mu_0 de se_1 se_0 oe te
1   0.5 0.022151612 0.022977007 0.02612740  0    0    0  0  0
2   1.0 0.008559542 0.009524331 0.01383491  0    0    0  0  0
3   2.0 0.012362008 0.012072000 0.03483855  0    0    0  0  0



[1] "Total run time was 9331.132 seconds"
