WARNING: ignoring environment value of R_HOME

Attaching package: ‘dplyr’

The following objects are masked from ‘package:stats’:

    filter, lag

The following objects are masked from ‘package:base’:

    intersect, setdiff, setequal, union

Loading required package: splines
Loading required package: foreach
Loaded gam 1.20.2

Super Learner
Version: 2.0-28
Package created on 2021-05-04

Loading required package: lattice
Loading required package: ggplot2
Loading required package: Matrix
Loaded glmnet 4.1-7
Loading required package: Formula
Loading required package: plotmo
Loading required package: plotrix
Loading required package: TeachingDemos
Loaded gbm 2.1.8.1

Attaching package: ‘xgboost’

The following object is masked from ‘package:dplyr’:

    slice

[1] "[Simulation setting]"
[1] "m: 500"
[1] "deltas: 0.5, 1, 2"
[1] "alphas: 0.4251, 0.5948, 0.7448"
[1] "Sim.id 1"
[1] "Data generated"
[1] "Proposed & IPW estimators"
[1] "   Split: 1"
[1] "   Split: 2"
[1] "Barkley estimators"
[1] "I. Estimate GLMER model"
[1] "IB. get MCFP vecs"
[1] "II. Estimate CFBI"
[1] "II. solving for alpha_num 1 of 3 ; alpha= 0.425133170705204"
[1] "elapsed: 3.14 minutes as of 2023-05-08 21:37:51"
[1] "II. solving for alpha_num 2 of 3 ; alpha= 0.594849404255532"
[1] "elapsed: 3.51 minutes as of 2023-05-08 21:41:21"
[1] "II. solving for alpha_num 3 of 3 ; alpha= 0.744822889124285"
[1] "elapsed: 3.12 minutes as of 2023-05-08 21:44:28"
[1] "III. Estimate MCFP"
[1] "III. alpha num 1 of 3"
[1] "elapsed: 0.31 minutes as of 2023-05-08 21:44:47"
[1] "III. alpha num 2 of 3"
[1] "elapsed: 0.62 minutes as of 2023-05-08 21:45:05"
[1] "III. alpha num 3 of 3"
[1] "elapsed: 0.92 minutes as of 2023-05-08 21:45:24"
[1] "IV. Target estimates"
[1] "Beginning variance calculations. This may take some time."
[1] "V. Variance estimates"
[1] ":model stuff:"
[1] "elapsed: 0.99 minutes as of 2023-05-08 21:46:26"
[1] ":CFBI EstFun:"
[1] "elapsed: 0 minutes as of 2023-05-08 21:46:26"
[1] ":CFBI alpha_num 1 of 3"
[1] "elapsed: 2.73 minutes as of 2023-05-08 21:49:09"
[1] ":CFBI alpha_num 2 of 3"
[1] "elapsed: 5.46 minutes as of 2023-05-08 21:51:53"
[1] ":CFBI alpha_num 3 of 3"
[1] ":MCFP EstFun:"
[1] "elapsed: 8.18 minutes as of 2023-05-08 21:54:37"
[1] ":MCFP alpha_num 1 of 3"
[1] "elapsed: 10.34 minutes as of 2023-05-08 21:56:46"
[1] ":MCFP alpha_num 2 of 3"
[1] "elapsed: 12.46 minutes as of 2023-05-08 21:58:53"
[1] ":MCFP alpha_num 3 of 3"
[1] "elapsed: 15.59 minutes as of 2023-05-08 22:01:02"
[1] ":target ests:"
[1] "elapsed: 0 minutes as of 2023-05-08 22:01:02"
[1] "Var_row_num 1 of 9"
[1] "elapsed: 6.1 minutes as of 2023-05-08 22:07:08"
[1] "elapsed: 0 minutes as of 2023-05-08 22:07:08"
[1] "elapsed: 0 minutes as of 2023-05-08 22:07:08"
[1] "Var_row_num 2 of 9"
[1] "elapsed: 6.14 minutes as of 2023-05-08 22:13:16"
[1] "elapsed: 0 minutes as of 2023-05-08 22:13:16"
[1] "elapsed: 0 minutes as of 2023-05-08 22:13:16"
[1] "Var_row_num 3 of 9"
[1] "elapsed: 6.13 minutes as of 2023-05-08 22:19:24"
[1] "elapsed: 0 minutes as of 2023-05-08 22:19:24"
[1] "elapsed: 0 minutes as of 2023-05-08 22:19:24"
[1] "Var_row_num 4 of 9"
[1] "elapsed: 6.17 minutes as of 2023-05-08 22:25:34"
[1] "elapsed: 0 minutes as of 2023-05-08 22:25:34"
[1] "elapsed: 0 minutes as of 2023-05-08 22:25:34"
[1] "Var_row_num 5 of 9"
[1] "elapsed: 6.17 minutes as of 2023-05-08 22:31:44"
[1] "elapsed: 0 minutes as of 2023-05-08 22:31:44"
[1] "elapsed: 0 minutes as of 2023-05-08 22:31:44"
[1] "Var_row_num 6 of 9"
[1] "elapsed: 6.18 minutes as of 2023-05-08 22:37:55"
[1] "elapsed: 0 minutes as of 2023-05-08 22:37:55"
[1] "elapsed: 0 minutes as of 2023-05-08 22:37:55"
[1] "Var_row_num 7 of 9"
[1] "elapsed: 6.16 minutes as of 2023-05-08 22:44:05"
[1] "elapsed: 0 minutes as of 2023-05-08 22:44:05"
[1] "elapsed: 0 minutes as of 2023-05-08 22:44:05"
[1] "Var_row_num 8 of 9"
[1] "elapsed: 6.15 minutes as of 2023-05-08 22:50:14"
[1] "elapsed: 0 minutes as of 2023-05-08 22:50:14"
[1] "elapsed: 0 minutes as of 2023-05-08 22:50:14"
[1] "Var_row_num 9 of 9"
[1] "elapsed: 6.11 minutes as of 2023-05-08 22:56:21"
[1] "elapsed: 0 minutes as of 2023-05-08 22:56:21"
[1] "Done with all variance calculations"
[1] "Estimates and SE estimates computed"
[1] ""
[[1]]
[[1]]$pro.p
[[1]]$pro.p$est
  delta        mu      mu_1      mu_0         de         se_1        se_0
1   0.5 0.4644913 0.2434097 0.6205968 -0.3771870  0.020249263  0.07058945
2   1.0 0.3588760 0.2231605 0.5500073 -0.3268469  0.000000000  0.00000000
3   2.0 0.3041804 0.2208333 0.5327994 -0.3119661 -0.002327179 -0.01720791
          oe         te
1  0.1056153 -0.3065976
2  0.0000000 -0.3268469
3 -0.0546956 -0.3291740

[[1]]$pro.p$se
  delta         mu       mu_1       mu_0         de       se_1       se_0
1   0.5 0.02462909 0.01940735 0.03056652 0.02368563 0.01729711 0.02723775
2   1.0 0.01118271 0.01060032 0.01459123 0.01391697 0.00000000 0.00000000
3   2.0 0.02115484 0.02237194 0.02350939 0.02272580 0.01822368 0.01775464
          oe         te
1 0.02204539 0.02134677
2 0.00000000 0.01391697
3 0.01714427 0.02410976


[[1]]$pro.np
[[1]]$pro.np$est
  delta        mu      mu_1      mu_0         de       se_1        se_0
1   0.5 0.4660033 0.2628259 0.6001273 -0.3373014 0.02508358  0.08897613
2   1.0 0.3563073 0.2377423 0.5111511 -0.2734088 0.00000000  0.00000000
3   2.0 0.3223457 0.2525946 0.4973737 -0.2447792 0.01485222 -0.01377743
           oe         te
1  0.10969599 -0.2483252
2  0.00000000 -0.2734088
3 -0.03396161 -0.2585566

[[1]]$pro.np$se
  delta         mu       mu_1       mu_0         de       se_1       se_0
1   0.5 0.02951329 0.02106308 0.03641214 0.02507377 0.01879106 0.03324378
2   1.0 0.01153217 0.01089452 0.01422204 0.01241240 0.00000000 0.00000000
3   2.0 0.02158368 0.02254109 0.02305331 0.02139589 0.01766066 0.01681019
          oe         te
1 0.02685743 0.02150499
2 0.00000000 0.01241240
3 0.01677356 0.02262876


[[1]]$ipw.p
[[1]]$ipw.p$est
  delta        mu      mu_1      mu_0         de        se_1        se_0
1   0.5 0.5159488 0.2628860 0.6981713 -0.4352853  0.03832217  0.13998793
2   1.0 0.3627240 0.2245638 0.5581834 -0.3336196  0.00000000  0.00000000
3   2.0 0.2890010 0.2004617 0.5369085 -0.3364468 -0.02410207 -0.02127486
           oe         te
1  0.15322475 -0.2952974
2  0.00000000 -0.3336196
3 -0.07372298 -0.3577217

[[1]]$ipw.p$se
  delta          mu        mu_1       mu_0         de       se_1       se_0
1   0.5 0.090517946 0.032048540 0.13595734 0.10865794 0.03160398 0.13101630
2   1.0 0.009260902 0.009634671 0.01651456 0.01851160 0.00000000 0.00000000
3   2.0 0.017792465 0.017868920 0.02612387 0.02269308 0.01422120 0.02937569
          oe         te
1 0.08864983 0.03066633
2 0.00000000 0.01851160
3 0.01788641 0.02695938


[[1]]$ipw.np
[[1]]$ipw.np$est
  delta        mu      mu_1      mu_0         de        se_1        se_0
1   0.5 0.5103091 0.2716948 0.6723405 -0.4006456  0.03810859  0.13781422
2   1.0 0.3627240 0.2335863 0.5345262 -0.3009400  0.00000000  0.00000000
3   2.0 0.2949916 0.2100829 0.5184454 -0.3083625 -0.02350334 -0.01608088
           oe         te
1  0.14758508 -0.2628314
2  0.00000000 -0.3009400
3 -0.06773237 -0.3244433

[[1]]$ipw.np$se
  delta          mu       mu_1       mu_0         de       se_1       se_0
1   0.5 0.091488354 0.03262909 0.13382019 0.10594867 0.03223545 0.12919555
2   1.0 0.009260902 0.01000290 0.01581155 0.01804250 0.00000000 0.00000000
3   2.0 0.018411906 0.01891683 0.02555616 0.02218821 0.01506940 0.02848342
          oe         te
1 0.08970612 0.03102292
2 0.00000000 0.01804250
3 0.01834827 0.02716604


[[1]]$bar.p
[[1]]$bar.p$est
  delta        mu      mu_1      mu_0 de se_1 se_0 oe te
1   0.5 0.4916538 0.2812905 0.6383554  0    0    0  0  0
2   1.0 0.3573519 0.2256557 0.5370378  0    0    0  0  0
3   2.0 0.2747263 0.1970830 0.4500215  0    0    0  0  0

[[1]]$bar.p$se
  delta          mu        mu_1       mu_0 de se_1 se_0 oe te
1   0.5 0.051197837 0.039134501 0.05458967  0    0    0  0  0
2   1.0 0.008748875 0.009527354 0.01389186  0    0    0  0  0
3   2.0 0.012367756 0.012234953 0.02576904  0    0    0  0  0



[1] "Total run time was 5102.804 seconds"
