WARNING: ignoring environment value of R_HOME

Attaching package: ‘dplyr’

The following objects are masked from ‘package:stats’:

    filter, lag

The following objects are masked from ‘package:base’:

    intersect, setdiff, setequal, union

Loading required package: splines
Loading required package: foreach
Loaded gam 1.20.2

Super Learner
Version: 2.0-28
Package created on 2021-05-04

Loading required package: lattice
Loading required package: ggplot2
Loading required package: Matrix
Loaded glmnet 4.1-7
Loading required package: Formula
Loading required package: plotmo
Loading required package: plotrix
Loading required package: TeachingDemos
Loaded gbm 2.1.8.1

Attaching package: ‘xgboost’

The following object is masked from ‘package:dplyr’:

    slice

[1] "[Simulation setting]"
[1] "m: 500"
[1] "deltas: 0.5, 1, 2"
[1] "alphas: 0.4251, 0.5948, 0.7448"
[1] "Sim.id 1"
[1] "Data generated"
[1] "Proposed & IPW estimators"
[1] "   Split: 1"
[1] "   Split: 2"
[1] "Barkley estimators"
[1] "I. Estimate GLMER model"
[1] "IB. get MCFP vecs"
[1] "II. Estimate CFBI"
[1] "II. solving for alpha_num 1 of 3 ; alpha= 0.425133170705204"
[1] "elapsed: 7.37 minutes as of 2023-05-08 19:36:58"
[1] "II. solving for alpha_num 2 of 3 ; alpha= 0.594849404255532"
[1] "elapsed: 7.31 minutes as of 2023-05-08 19:44:17"
[1] "II. solving for alpha_num 3 of 3 ; alpha= 0.744822889124285"
[1] "elapsed: 9.2 minutes as of 2023-05-08 19:53:29"
[1] "III. Estimate MCFP"
[1] "III. alpha num 1 of 3"
[1] "elapsed: 0.73 minutes as of 2023-05-08 19:54:13"
[1] "III. alpha num 2 of 3"
[1] "elapsed: 1.47 minutes as of 2023-05-08 19:54:57"
[1] "III. alpha num 3 of 3"
[1] "elapsed: 2.2 minutes as of 2023-05-08 19:55:41"
[1] "IV. Target estimates"
[1] "Beginning variance calculations. This may take some time."
[1] "V. Variance estimates"
[1] ":model stuff:"
[1] "elapsed: 2.19 minutes as of 2023-05-08 19:57:58"
[1] ":CFBI EstFun:"
[1] "elapsed: 0 minutes as of 2023-05-08 19:57:58"
[1] ":CFBI alpha_num 1 of 3"
[1] "elapsed: 6.46 minutes as of 2023-05-08 20:04:26"
[1] ":CFBI alpha_num 2 of 3"
[1] "elapsed: 12.93 minutes as of 2023-05-08 20:10:54"
[1] ":CFBI alpha_num 3 of 3"
[1] ":MCFP EstFun:"
[1] "elapsed: 19.39 minutes as of 2023-05-08 20:17:22"
[1] ":MCFP alpha_num 1 of 3"
[1] "elapsed: 24.54 minutes as of 2023-05-08 20:22:31"
[1] ":MCFP alpha_num 2 of 3"
[1] "elapsed: 29.71 minutes as of 2023-05-08 20:27:41"
[1] ":MCFP alpha_num 3 of 3"
[1] "elapsed: 37.08 minutes as of 2023-05-08 20:32:52"
[1] ":target ests:"
[1] "elapsed: 0 minutes as of 2023-05-08 20:32:52"
[1] "Var_row_num 1 of 9"
[1] "elapsed: 12.2 minutes as of 2023-05-08 20:45:04"
[1] "elapsed: 0 minutes as of 2023-05-08 20:45:04"
[1] "elapsed: 0 minutes as of 2023-05-08 20:45:04"
[1] "Var_row_num 2 of 9"
[1] "elapsed: 12.18 minutes as of 2023-05-08 20:57:15"
[1] "elapsed: 0 minutes as of 2023-05-08 20:57:15"
[1] "elapsed: 0 minutes as of 2023-05-08 20:57:15"
[1] "Var_row_num 3 of 9"
[1] "elapsed: 12.11 minutes as of 2023-05-08 21:09:21"
[1] "elapsed: 0 minutes as of 2023-05-08 21:09:22"
[1] "elapsed: 0 minutes as of 2023-05-08 21:09:22"
[1] "Var_row_num 4 of 9"
[1] "elapsed: 12.11 minutes as of 2023-05-08 21:21:28"
[1] "elapsed: 0 minutes as of 2023-05-08 21:21:28"
[1] "elapsed: 0 minutes as of 2023-05-08 21:21:28"
[1] "Var_row_num 5 of 9"
[1] "elapsed: 11.78 minutes as of 2023-05-08 21:33:15"
[1] "elapsed: 0 minutes as of 2023-05-08 21:33:15"
[1] "elapsed: 0 minutes as of 2023-05-08 21:33:15"
[1] "Var_row_num 6 of 9"
[1] "elapsed: 11.65 minutes as of 2023-05-08 21:44:54"
[1] "elapsed: 0 minutes as of 2023-05-08 21:44:54"
[1] "elapsed: 0 minutes as of 2023-05-08 21:44:54"
[1] "Var_row_num 7 of 9"
[1] "elapsed: 11.54 minutes as of 2023-05-08 21:56:26"
[1] "elapsed: 0 minutes as of 2023-05-08 21:56:26"
[1] "elapsed: 0 minutes as of 2023-05-08 21:56:26"
[1] "Var_row_num 8 of 9"
[1] "elapsed: 11.44 minutes as of 2023-05-08 22:07:53"
[1] "elapsed: 0 minutes as of 2023-05-08 22:07:53"
[1] "elapsed: 0 minutes as of 2023-05-08 22:07:53"
[1] "Var_row_num 9 of 9"
[1] "elapsed: 11.26 minutes as of 2023-05-08 22:19:08"
[1] "elapsed: 0 minutes as of 2023-05-08 22:19:08"
[1] "Done with all variance calculations"
[1] "Estimates and SE estimates computed"
[1] ""
[[1]]
[[1]]$pro.p
[[1]]$pro.p$est
  delta        mu      mu_1      mu_0         de        se_1         se_0
1   0.5 0.4394167 0.2588140 0.5622525 -0.3034386  0.03207108  0.007210292
2   1.0 0.3619371 0.2267429 0.5550422 -0.3282993  0.00000000  0.000000000
3   2.0 0.2660253 0.1800320 0.5223563 -0.3423244 -0.04671091 -0.032685904
           oe         te
1  0.07747963 -0.2962283
2  0.00000000 -0.3282993
3 -0.09591175 -0.3750103

[[1]]$pro.p$se
  delta         mu       mu_1       mu_0         de       se_1       se_0
1   0.5 0.02121848 0.01682138 0.03363837 0.03463030 0.01366441 0.02960985
2   1.0 0.01178806 0.01100284 0.01465867 0.01303200 0.00000000 0.00000000
3   2.0 0.02223610 0.02299136 0.02433177 0.02219856 0.01844706 0.01874995
          oe         te
1 0.01847717 0.01814938
2 0.00000000 0.01303200
3 0.01776285 0.02388192


[[1]]$pro.np
[[1]]$pro.np$est
  delta        mu      mu_1      mu_0         de        se_1        se_0
1   0.5 0.4570368 0.2626903 0.5895809 -0.3268906  0.02723796  0.04679984
2   1.0 0.3639435 0.2354524 0.5427811 -0.3073287  0.00000000  0.00000000
3   2.0 0.2798539 0.2003608 0.5102011 -0.3098403 -0.03509155 -0.03257995
           oe         te
1  0.09309327 -0.2800907
2  0.00000000 -0.3073287
3 -0.08408967 -0.3424203

[[1]]$pro.np$se
  delta         mu       mu_1       mu_0         de       se_1       se_0
1   0.5 0.01798989 0.01766171 0.02163105 0.02108523 0.01479099 0.01759556
2   1.0 0.01196518 0.01132979 0.01423040 0.01200015 0.00000000 0.00000000
3   2.0 0.02212725 0.02249609 0.02446956 0.02080956 0.01755782 0.01880254
          oe         te
1 0.01426909 0.01853028
2 0.00000000 0.01200015
3 0.01727820 0.02238496


[[1]]$ipw.p
[[1]]$ipw.p$est
  delta        mu      mu_1      mu_0         de        se_1         se_0
1   0.5 0.4803988 0.2698303 0.6374780 -0.3676478  0.03848892  0.085426741
2   1.0 0.3625010 0.2313414 0.5520513 -0.3207099  0.00000000  0.000000000
3   2.0 0.3004010 0.2148541 0.5456255 -0.3307714 -0.01648728 -0.006425846
           oe         te
1  0.11789778 -0.2822210
2  0.00000000 -0.3207099
3 -0.06209996 -0.3371972

[[1]]$ipw.p$se
  delta          mu       mu_1       mu_0         de       se_1       se_0
1   0.5 0.057707594 0.02599349 0.08729979 0.06987145 0.02521338 0.08104504
2   1.0 0.009015412 0.00938107 0.01560680 0.01696991 0.00000000 0.00000000
3   2.0 0.023194124 0.02517539 0.02572391 0.02250530 0.02225286 0.03045718
          oe         te
1 0.05529720 0.02315597
2 0.00000000 0.01696991
3 0.02338506 0.03202954


[[1]]$ipw.np
[[1]]$ipw.np$est
  delta        mu      mu_1      mu_0         de        se_1        se_0
1   0.5 0.4777124 0.2756530 0.6284166 -0.3527635  0.03872135 0.087859134
2   1.0 0.3625010 0.2369317 0.5405575 -0.3036258  0.00000000 0.000000000
3   2.0 0.3064616 0.2219268 0.5416027 -0.3196759 -0.01500487 0.001045234
           oe         te
1  0.11521136 -0.2649044
2  0.00000000 -0.3036258
3 -0.05603938 -0.3186306

[[1]]$ipw.np$se
  delta          mu        mu_1       mu_0         de       se_1       se_0
1   0.5 0.058012624 0.027033006 0.08782540 0.06970383 0.02631235 0.08169697
2   1.0 0.009015412 0.009568129 0.01538633 0.01685948 0.00000000 0.00000000
3   2.0 0.023326659 0.025506182 0.02551829 0.02232422 0.02244225 0.03011932
          oe         te
1 0.05567084 0.02405160
2 0.00000000 0.01685948
3 0.02346551 0.03217669


[[1]]$bar.p
[[1]]$bar.p$est
  delta        mu      mu_1      mu_0 de se_1 se_0 oe te
1   0.5 0.4528346 0.2965732 0.5833021  0    0    0  0  0
2   1.0 0.3608825 0.2376683 0.5441217  0    0    0  0  0
3   2.0 0.2834424 0.2044755 0.5081780  0    0    0  0  0

[[1]]$bar.p$se
  delta          mu       mu_1       mu_0 de se_1 se_0 oe te
1   0.5 0.026000827 0.03698958 0.02517423  0    0    0  0  0
2   1.0 0.008552277 0.00961857 0.01282861  0    0    0  0  0
3   2.0 0.015580152 0.01527337 0.03219410  0    0    0  0  0



[1] "Total run time was 10545.768 seconds"
