WARNING: ignoring environment value of R_HOME

Attaching package: ‘dplyr’

The following objects are masked from ‘package:stats’:

    filter, lag

The following objects are masked from ‘package:base’:

    intersect, setdiff, setequal, union

Loading required package: splines
Loading required package: foreach
Loaded gam 1.20.2

Super Learner
Version: 2.0-28
Package created on 2021-05-04

Loading required package: lattice
Loading required package: ggplot2
Loading required package: Matrix
Loaded glmnet 4.1-7
Loading required package: Formula
Loading required package: plotmo
Loading required package: plotrix
Loading required package: TeachingDemos
Loaded gbm 2.1.8.1

Attaching package: ‘xgboost’

The following object is masked from ‘package:dplyr’:

    slice

[1] "[Simulation setting]"
[1] "m: 500"
[1] "deltas: 0.5, 1, 2"
[1] "alphas: 0.4251, 0.5948, 0.7448"
[1] "Sim.id 1"
[1] "Data generated"
[1] "Proposed & IPW estimators"
[1] "   Split: 1"
[1] "   Split: 2"
[1] "Barkley estimators"
[1] "I. Estimate GLMER model"
boundary (singular) fit: see help('isSingular')
[1] "IB. get MCFP vecs"
[1] "II. Estimate CFBI"
[1] "II. solving for alpha_num 1 of 3 ; alpha= 0.425133170705204"
[1] "elapsed: 3.52 minutes as of 2023-05-08 20:37:50"
[1] "II. solving for alpha_num 2 of 3 ; alpha= 0.594849404255532"
[1] "elapsed: 3.43 minutes as of 2023-05-08 20:41:16"
[1] "II. solving for alpha_num 3 of 3 ; alpha= 0.744822889124285"
[1] "elapsed: 3.38 minutes as of 2023-05-08 20:44:39"
[1] "III. Estimate MCFP"
[1] "III. alpha num 1 of 3"
[1] "elapsed: 0.35 minutes as of 2023-05-08 20:44:59"
[1] "III. alpha num 2 of 3"
[1] "elapsed: 0.69 minutes as of 2023-05-08 20:45:20"
[1] "III. alpha num 3 of 3"
[1] "elapsed: 1.04 minutes as of 2023-05-08 20:45:41"
[1] "IV. Target estimates"
[1] "Beginning variance calculations. This may take some time."
[1] "V. Variance estimates"
[1] ":model stuff:"
[1] "elapsed: 1.1 minutes as of 2023-05-08 20:46:50"
[1] ":CFBI EstFun:"
[1] "elapsed: 0 minutes as of 2023-05-08 20:46:50"
[1] ":CFBI alpha_num 1 of 3"
[1] "elapsed: 3.06 minutes as of 2023-05-08 20:49:53"
[1] ":CFBI alpha_num 2 of 3"
[1] "elapsed: 6.07 minutes as of 2023-05-08 20:52:54"
[1] ":CFBI alpha_num 3 of 3"
[1] ":MCFP EstFun:"
[1] "elapsed: 9.1 minutes as of 2023-05-08 20:55:56"
[1] ":MCFP alpha_num 1 of 3"
[1] "elapsed: 11.66 minutes as of 2023-05-08 20:58:30"
[1] ":MCFP alpha_num 2 of 3"
[1] "elapsed: 14.29 minutes as of 2023-05-08 21:01:07"
[1] ":MCFP alpha_num 3 of 3"
[1] "elapsed: 17.96 minutes as of 2023-05-08 21:03:41"
[1] ":target ests:"
[1] "elapsed: 0 minutes as of 2023-05-08 21:03:41"
[1] "Var_row_num 1 of 9"
[1] "elapsed: 7.02 minutes as of 2023-05-08 21:10:42"
[1] "elapsed: 0 minutes as of 2023-05-08 21:10:42"
[1] "elapsed: 0 minutes as of 2023-05-08 21:10:42"
[1] "Var_row_num 2 of 9"
[1] "elapsed: 6.91 minutes as of 2023-05-08 21:17:37"
[1] "elapsed: 0 minutes as of 2023-05-08 21:17:37"
[1] "elapsed: 0 minutes as of 2023-05-08 21:17:37"
[1] "Var_row_num 3 of 9"
[1] "elapsed: 6.79 minutes as of 2023-05-08 21:24:24"
[1] "elapsed: 0 minutes as of 2023-05-08 21:24:24"
[1] "elapsed: 0 minutes as of 2023-05-08 21:24:24"
[1] "Var_row_num 4 of 9"
[1] "elapsed: 6.98 minutes as of 2023-05-08 21:31:23"
[1] "elapsed: 0 minutes as of 2023-05-08 21:31:23"
[1] "elapsed: 0 minutes as of 2023-05-08 21:31:23"
[1] "Var_row_num 5 of 9"
[1] "elapsed: 6.72 minutes as of 2023-05-08 21:38:07"
[1] "elapsed: 0 minutes as of 2023-05-08 21:38:07"
[1] "elapsed: 0 minutes as of 2023-05-08 21:38:07"
[1] "Var_row_num 6 of 9"
[1] "elapsed: 6.8 minutes as of 2023-05-08 21:44:55"
[1] "elapsed: 0 minutes as of 2023-05-08 21:44:55"
[1] "elapsed: 0 minutes as of 2023-05-08 21:44:55"
[1] "Var_row_num 7 of 9"
[1] "elapsed: 6.75 minutes as of 2023-05-08 21:51:40"
[1] "elapsed: 0 minutes as of 2023-05-08 21:51:40"
[1] "elapsed: 0 minutes as of 2023-05-08 21:51:40"
[1] "Var_row_num 8 of 9"
[1] "elapsed: 6.92 minutes as of 2023-05-08 21:58:35"
[1] "elapsed: 0 minutes as of 2023-05-08 21:58:35"
[1] "elapsed: 0 minutes as of 2023-05-08 21:58:35"
[1] "Var_row_num 9 of 9"
[1] "elapsed: 6.78 minutes as of 2023-05-08 22:05:22"
[1] "elapsed: 0 minutes as of 2023-05-08 22:05:22"
[1] "Done with all variance calculations"
[1] "Estimates and SE estimates computed"
[1] ""
[[1]]
[[1]]$pro.p
[[1]]$pro.p$est
  delta        mu      mu_1      mu_0         de        se_1        se_0
1   0.5 0.4552170 0.2668056 0.5938268 -0.3270212  0.03796839  0.03163384
2   1.0 0.3630999 0.2288372 0.5621930 -0.3333558  0.00000000  0.00000000
3   2.0 0.2999554 0.2162894 0.5409688 -0.3246794 -0.01254780 -0.02122421
           oe         te
1  0.09211705 -0.2953874
2  0.00000000 -0.3333558
3 -0.06314455 -0.3459036

[[1]]$pro.p$se
  delta         mu       mu_1       mu_0         de       se_1       se_0
1   0.5 0.01565735 0.01500705 0.01952817 0.01904540 0.01147559 0.01574062
2   1.0 0.01138197 0.01045889 0.01500950 0.01377771 0.00000000 0.00000000
3   2.0 0.01913361 0.01863440 0.02410613 0.02106748 0.01415971 0.01813934
          oe         te
1 0.01218489 0.01739956
2 0.00000000 0.01377771
3 0.01473750 0.02048484


[[1]]$pro.np
[[1]]$pro.np$est
  delta        mu      mu_1      mu_0         de        se_1        se_0
1   0.5 0.4406963 0.2727024 0.5617995 -0.2890971  0.03198708  0.02453302
2   1.0 0.3627379 0.2407153 0.5372665 -0.2965511  0.00000000  0.00000000
3   2.0 0.3044949 0.2295044 0.5087176 -0.2792132 -0.01121088 -0.02854881
           oe         te
1  0.07795837 -0.2645641
2  0.00000000 -0.2965511
3 -0.05824304 -0.3077620

[[1]]$pro.np$se
  delta         mu       mu_1       mu_0         de       se_1       se_0
1   0.5 0.01478324 0.01394638 0.01862512 0.01843546 0.01024728 0.01431481
2   1.0 0.01160701 0.01060763 0.01484079 0.01265430 0.00000000 0.00000000
3   2.0 0.02045551 0.02072120 0.02278420 0.02114785 0.01547594 0.01666686
          oe         te
1 0.01095579 0.01605557
2 0.00000000 0.01265430
3 0.01539819 0.02154918


[[1]]$ipw.p
[[1]]$ipw.p$est
  delta        mu      mu_1      mu_0         de        se_1        se_0
1   0.5 0.4160317 0.2541106 0.5381339 -0.2840233  0.02754187 -0.02992313
2   1.0 0.3628281 0.2265688 0.5680570 -0.3414883  0.00000000  0.00000000
3   2.0 0.2810506 0.1977451 0.5300580 -0.3323128 -0.02882363 -0.03799910
           oe         te
1  0.05320358 -0.3139464
2  0.00000000 -0.3414883
3 -0.08177747 -0.3703119

[[1]]$ipw.p$se
  delta          mu        mu_1       mu_0         de       se_1       se_0
1   0.5 0.031972147 0.018927593 0.04552896 0.03517599 0.01734169 0.03600527
2   1.0 0.009378591 0.009200059 0.01695804 0.01814944 0.00000000 0.00000000
3   2.0 0.018707097 0.019149375 0.02533719 0.02155990 0.01658085 0.02978400
          oe         te
1 0.02796428 0.01738650
2 0.00000000 0.01814944
3 0.01955981 0.02846524


[[1]]$ipw.np
[[1]]$ipw.np$est
  delta        mu      mu_1      mu_0         de        se_1        se_0
1   0.5 0.4107421 0.2578498 0.5226362 -0.2647864  0.02626817 -0.03166031
2   1.0 0.3628281 0.2315816 0.5542965 -0.3227149  0.00000000  0.00000000
3   2.0 0.2814262 0.2010754 0.5128269 -0.3117515 -0.03050627 -0.04146964
           oe         te
1  0.04791406 -0.2964467
2  0.00000000 -0.3227149
3 -0.08140182 -0.3532212

[[1]]$ipw.np$se
  delta          mu        mu_1       mu_0         de       se_1       se_0
1   0.5 0.031329361 0.018917744 0.04402394 0.03427184 0.01728017 0.03473462
2   1.0 0.009378591 0.009395799 0.01666472 0.01791435 0.00000000 0.00000000
3   2.0 0.018846908 0.019515945 0.02475970 0.02105609 0.01690805 0.02903865
          oe         te
1 0.02739124 0.01732810
2 0.00000000 0.01791435
3 0.01966140 0.02849475


[[1]]$bar.p
[[1]]$bar.p$est
  delta        mu      mu_1      mu_0 de se_1 se_0 oe te
1   0.5 0.4249127 0.2768751 0.5452842  0    0    0  0  0
2   1.0 0.3666309 0.2414910 0.5476237  0    0    0  0  0
3   2.0 0.2758294 0.1971233 0.4856061  0    0    0  0  0

[[1]]$bar.p$se
  delta          mu       mu_1       mu_0 de se_1 se_0 oe te
1   0.5 0.027436387 0.02731575 0.02966179  0    0    0  0  0
2   1.0 0.009143352 0.01044350 0.01349800  0    0    0  0  0
3   2.0 0.013430828 0.01304763 0.03034510  0    0    0  0  0



[1] "Total run time was 5707.246 seconds"
