WARNING: ignoring environment value of R_HOME

Attaching package: ‘dplyr’

The following objects are masked from ‘package:stats’:

    filter, lag

The following objects are masked from ‘package:base’:

    intersect, setdiff, setequal, union

Loading required package: splines
Loading required package: foreach
Loaded gam 1.20.2

Super Learner
Version: 2.0-28
Package created on 2021-05-04

Loading required package: lattice
Loading required package: ggplot2
Loading required package: Matrix
Loaded glmnet 4.1-7
Loading required package: Formula
Loading required package: plotmo
Loading required package: plotrix
Loading required package: TeachingDemos
Loaded gbm 2.1.8.1

Attaching package: ‘xgboost’

The following object is masked from ‘package:dplyr’:

    slice

[1] "[Simulation setting]"
[1] "m: 500"
[1] "deltas: 0.5, 1, 2"
[1] "alphas: 0.4251, 0.5948, 0.7448"
[1] "Sim.id 1"
[1] "Data generated"
[1] "Proposed & IPW estimators"
[1] "   Split: 1"
[1] "   Split: 2"
[1] "Barkley estimators"
[1] "I. Estimate GLMER model"
[1] "IB. get MCFP vecs"
[1] "II. Estimate CFBI"
[1] "II. solving for alpha_num 1 of 3 ; alpha= 0.425133170705204"
[1] "elapsed: 6.34 minutes as of 2023-05-08 21:33:54"
[1] "II. solving for alpha_num 2 of 3 ; alpha= 0.594849404255532"
[1] "elapsed: 6.34 minutes as of 2023-05-08 21:40:14"
[1] "II. solving for alpha_num 3 of 3 ; alpha= 0.744822889124285"
[1] "elapsed: 7.92 minutes as of 2023-05-08 21:48:10"
[1] "III. Estimate MCFP"
[1] "III. alpha num 1 of 3"
[1] "elapsed: 0.63 minutes as of 2023-05-08 21:48:47"
[1] "III. alpha num 2 of 3"
[1] "elapsed: 1.26 minutes as of 2023-05-08 21:49:25"
[1] "III. alpha num 3 of 3"
[1] "elapsed: 1.89 minutes as of 2023-05-08 21:50:03"
[1] "IV. Target estimates"
[1] "Beginning variance calculations. This may take some time."
[1] "V. Variance estimates"
[1] ":model stuff:"
[1] "elapsed: 1.91 minutes as of 2023-05-08 21:52:03"
[1] ":CFBI EstFun:"
[1] "elapsed: 0 minutes as of 2023-05-08 21:52:03"
[1] ":CFBI alpha_num 1 of 3"
[1] "elapsed: 5.58 minutes as of 2023-05-08 21:57:37"
[1] ":CFBI alpha_num 2 of 3"
[1] "elapsed: 11.16 minutes as of 2023-05-08 22:03:12"
[1] ":CFBI alpha_num 3 of 3"
[1] ":MCFP EstFun:"
[1] "elapsed: 16.75 minutes as of 2023-05-08 22:08:48"
[1] ":MCFP alpha_num 1 of 3"
[1] "elapsed: 21.22 minutes as of 2023-05-08 22:13:16"
[1] ":MCFP alpha_num 2 of 3"
[1] "elapsed: 25.62 minutes as of 2023-05-08 22:17:40"
[1] ":MCFP alpha_num 3 of 3"
[1] "elapsed: 31.97 minutes as of 2023-05-08 22:22:06"
[1] ":target ests:"
[1] "elapsed: 0 minutes as of 2023-05-08 22:22:06"
[1] "Var_row_num 1 of 9"
[1] "elapsed: 10.93 minutes as of 2023-05-08 22:33:02"
[1] "elapsed: 0 minutes as of 2023-05-08 22:33:02"
[1] "elapsed: 0 minutes as of 2023-05-08 22:33:02"
[1] "Var_row_num 2 of 9"
[1] "elapsed: 10.89 minutes as of 2023-05-08 22:43:55"
[1] "elapsed: 0 minutes as of 2023-05-08 22:43:55"
[1] "elapsed: 0 minutes as of 2023-05-08 22:43:55"
[1] "Var_row_num 3 of 9"
[1] "elapsed: 10.48 minutes as of 2023-05-08 22:54:24"
[1] "elapsed: 0 minutes as of 2023-05-08 22:54:24"
[1] "elapsed: 0 minutes as of 2023-05-08 22:54:24"
[1] "Var_row_num 4 of 9"
[1] "elapsed: 10.36 minutes as of 2023-05-08 23:04:45"
[1] "elapsed: 0 minutes as of 2023-05-08 23:04:45"
[1] "elapsed: 0 minutes as of 2023-05-08 23:04:45"
[1] "Var_row_num 5 of 9"
[1] "elapsed: 11.6 minutes as of 2023-05-08 23:16:22"
[1] "elapsed: 0 minutes as of 2023-05-08 23:16:22"
[1] "elapsed: 0 minutes as of 2023-05-08 23:16:22"
[1] "Var_row_num 6 of 9"
[1] "elapsed: 11.84 minutes as of 2023-05-08 23:28:12"
[1] "elapsed: 0 minutes as of 2023-05-08 23:28:12"
[1] "elapsed: 0 minutes as of 2023-05-08 23:28:12"
[1] "Var_row_num 7 of 9"
[1] "elapsed: 12.22 minutes as of 2023-05-08 23:40:25"
[1] "elapsed: 0 minutes as of 2023-05-08 23:40:25"
[1] "elapsed: 0 minutes as of 2023-05-08 23:40:25"
[1] "Var_row_num 8 of 9"
[1] "elapsed: 12.59 minutes as of 2023-05-08 23:53:01"
[1] "elapsed: 0 minutes as of 2023-05-08 23:53:01"
[1] "elapsed: 0 minutes as of 2023-05-08 23:53:01"
[1] "Var_row_num 9 of 9"
[1] "elapsed: 12.54 minutes as of 2023-05-09 00:05:33"
[1] "elapsed: 0 minutes as of 2023-05-09 00:05:33"
[1] "Done with all variance calculations"
[1] "Estimates and SE estimates computed"
[1] ""
[[1]]
[[1]]$pro.p
[[1]]$pro.p$est
  delta        mu      mu_1      mu_0         de        se_1        se_0
1   0.5 0.4409271 0.2690297 0.5752515 -0.3062219  0.04933681  0.02871481
2   1.0 0.3476457 0.2196928 0.5465367 -0.3268439  0.00000000  0.00000000
3   2.0 0.2542464 0.1764041 0.5012888 -0.3248847 -0.04328873 -0.04524792
           oe         te
1  0.09328139 -0.2775071
2  0.00000000 -0.3268439
3 -0.09339926 -0.3701326

[[1]]$pro.p$se
  delta         mu       mu_1       mu_0         de       se_1       se_0
1   0.5 0.01695669 0.01616639 0.02175750 0.02238743 0.01301026 0.01764332
2   1.0 0.01146571 0.01027805 0.01529094 0.01375710 0.00000000 0.00000000
3   2.0 0.02375022 0.02453407 0.02394924 0.02469291 0.02128611 0.01895036
          oe         te
1 0.01353045 0.01866673
2 0.00000000 0.01375710
3 0.02051196 0.02638277


[[1]]$pro.np
[[1]]$pro.np$est
  delta        mu      mu_1      mu_0         de        se_1        se_0
1   0.5 0.4373831 0.2704082 0.5613614 -0.2909532  0.04143336  0.03249165
2   1.0 0.3502418 0.2289748 0.5288697 -0.2998949  0.00000000  0.00000000
3   2.0 0.2365260 0.1644210 0.4620212 -0.2976002 -0.06455375 -0.06684850
           oe         te
1  0.08714128 -0.2584616
2  0.00000000 -0.2998949
3 -0.11371588 -0.3644487

[[1]]$pro.np$se
  delta         mu       mu_1       mu_0         de       se_1       se_0
1   0.5 0.01695014 0.01556970 0.02121755 0.02000640 0.01250379 0.01689080
2   1.0 0.01189225 0.01087338 0.01486901 0.01262773 0.00000000 0.00000000
3   2.0 0.03967832 0.04392541 0.02630524 0.03696077 0.04022909 0.02110568
          oe         te
1 0.01355682 0.01707926
2 0.00000000 0.01262773
3 0.03599576 0.04346324


[[1]]$ipw.p
[[1]]$ipw.p$est
  delta        mu      mu_1      mu_0         de        se_1         se_0
1   0.5 0.4328886 0.2721612 0.5570709 -0.2849097  0.04567045 -0.003629363
2   1.0 0.3583829 0.2264908 0.5607003 -0.3342095  0.00000000  0.000000000
3   2.0 0.2852786 0.1982440 0.5525178 -0.3542738 -0.02824682 -0.008182520
           oe         te
1  0.07450570 -0.2885390
2  0.00000000 -0.3342095
3 -0.07310431 -0.3624563

[[1]]$ipw.p$se
  delta          mu        mu_1       mu_0         de       se_1       se_0
1   0.5 0.046529164 0.024173550 0.06646802 0.04909547 0.02300590 0.06050843
2   1.0 0.009073315 0.008814527 0.01598982 0.01685558 0.00000000 0.00000000
3   2.0 0.017331627 0.018166788 0.02487692 0.02341275 0.01570346 0.02887431
          oe         te
1 0.04395385 0.02230132
2 0.00000000 0.01685558
3 0.01817384 0.02699047


[[1]]$ipw.np
[[1]]$ipw.np$est
  delta        mu      mu_1      mu_0         de        se_1         se_0
1   0.5 0.4273040 0.2775670 0.5402217 -0.2626547  0.04569470 -0.006623705
2   1.0 0.3583829 0.2318723 0.5468454 -0.3149731  0.00000000  0.000000000
3   2.0 0.2854875 0.2021747 0.5330199 -0.3308452 -0.02969759 -0.013825541
           oe         te
1  0.06892105 -0.2692784
2  0.00000000 -0.3149731
3 -0.07289546 -0.3446707

[[1]]$ipw.np$se
  delta          mu       mu_1       mu_0         de       se_1       se_0
1   0.5 0.046203887 0.02444526 0.06518171 0.04779312 0.02328105 0.05942767
2   1.0 0.009073315 0.00902463 0.01570739 0.01665197 0.00000000 0.00000000
3   2.0 0.017610168 0.01904790 0.02385059 0.02331486 0.01651563 0.02765010
          oe         te
1 0.04368091 0.02242745
2 0.00000000 0.01665197
3 0.01835497 0.02740182


[[1]]$bar.p
[[1]]$bar.p$est
  delta        mu      mu_1      mu_0 de se_1 se_0 oe te
1   0.5 0.4481540 0.3159831 0.5752343  0    0    0  0  0
2   1.0 0.3667459 0.2420305 0.5533650  0    0    0  0  0
3   2.0 0.2807921 0.1981403 0.4979355  0    0    0  0  0

[[1]]$bar.p$se
  delta          mu        mu_1       mu_0 de se_1 se_0 oe te
1   0.5 0.033519380 0.044277767 0.03450914  0    0    0  0  0
2   1.0 0.008585964 0.009831413 0.01289636  0    0    0  0  0
3   2.0 0.010485299 0.010998794 0.02583342  0    0    0  0  0



[1] "Total run time was 9830.334 seconds"
