WARNING: ignoring environment value of R_HOME

Attaching package: ‘dplyr’

The following objects are masked from ‘package:stats’:

    filter, lag

The following objects are masked from ‘package:base’:

    intersect, setdiff, setequal, union

Loading required package: splines
Loading required package: foreach
Loaded gam 1.20.2

Super Learner
Version: 2.0-28
Package created on 2021-05-04

Loading required package: lattice
Loading required package: ggplot2
Loading required package: Matrix
Loaded glmnet 4.1-7
Loading required package: Formula
Loading required package: plotmo
Loading required package: plotrix
Loading required package: TeachingDemos
Loaded gbm 2.1.8.1

Attaching package: ‘xgboost’

The following object is masked from ‘package:dplyr’:

    slice

[1] "[Simulation setting]"
[1] "m: 500"
[1] "deltas: 0.5, 1, 2"
[1] "alphas: 0.4251, 0.5948, 0.7448"
[1] "Sim.id 1"
[1] "Data generated"
[1] "Proposed & IPW estimators"
[1] "   Split: 1"
[1] "   Split: 2"
[1] "Barkley estimators"
[1] "I. Estimate GLMER model"
[1] "IB. get MCFP vecs"
[1] "II. Estimate CFBI"
[1] "II. solving for alpha_num 1 of 3 ; alpha= 0.425133170705204"
[1] "elapsed: 6.4 minutes as of 2023-05-08 18:52:05"
[1] "II. solving for alpha_num 2 of 3 ; alpha= 0.594849404255532"
[1] "elapsed: 6.33 minutes as of 2023-05-08 18:58:25"
[1] "II. solving for alpha_num 3 of 3 ; alpha= 0.744822889124285"
[1] "elapsed: 7.95 minutes as of 2023-05-08 19:06:22"
[1] "III. Estimate MCFP"
[1] "III. alpha num 1 of 3"
[1] "elapsed: 0.64 minutes as of 2023-05-08 19:07:00"
[1] "III. alpha num 2 of 3"
[1] "elapsed: 1.27 minutes as of 2023-05-08 19:07:39"
[1] "III. alpha num 3 of 3"
[1] "elapsed: 1.9 minutes as of 2023-05-08 19:08:16"
[1] "IV. Target estimates"
[1] "Beginning variance calculations. This may take some time."
[1] "V. Variance estimates"
[1] ":model stuff:"
[1] "elapsed: 1.93 minutes as of 2023-05-08 19:10:17"
[1] ":CFBI EstFun:"
[1] "elapsed: 0 minutes as of 2023-05-08 19:10:17"
[1] ":CFBI alpha_num 1 of 3"
[1] "elapsed: 5.59 minutes as of 2023-05-08 19:15:53"
[1] ":CFBI alpha_num 2 of 3"
[1] "elapsed: 11.2 minutes as of 2023-05-08 19:21:29"
[1] ":CFBI alpha_num 3 of 3"
[1] ":MCFP EstFun:"
[1] "elapsed: 16.79 minutes as of 2023-05-08 19:27:05"
[1] ":MCFP alpha_num 1 of 3"
[1] "elapsed: 21.3 minutes as of 2023-05-08 19:31:35"
[1] ":MCFP alpha_num 2 of 3"
[1] "elapsed: 25.82 minutes as of 2023-05-08 19:36:06"
[1] ":MCFP alpha_num 3 of 3"
[1] "elapsed: 32.23 minutes as of 2023-05-08 19:40:35"
[1] ":target ests:"
[1] "elapsed: 0 minutes as of 2023-05-08 19:40:35"
[1] "Var_row_num 1 of 9"
[1] "elapsed: 11.16 minutes as of 2023-05-08 19:51:45"
[1] "elapsed: 0 minutes as of 2023-05-08 19:51:45"
[1] "elapsed: 0 minutes as of 2023-05-08 19:51:45"
[1] "Var_row_num 2 of 9"
[1] "elapsed: 11.19 minutes as of 2023-05-08 20:02:57"
[1] "elapsed: 0 minutes as of 2023-05-08 20:02:57"
[1] "elapsed: 0 minutes as of 2023-05-08 20:02:57"
[1] "Var_row_num 3 of 9"
[1] "elapsed: 11.2 minutes as of 2023-05-08 20:14:09"
[1] "elapsed: 0 minutes as of 2023-05-08 20:14:09"
[1] "elapsed: 0 minutes as of 2023-05-08 20:14:09"
[1] "Var_row_num 4 of 9"
[1] "elapsed: 11.17 minutes as of 2023-05-08 20:25:19"
[1] "elapsed: 0 minutes as of 2023-05-08 20:25:20"
[1] "elapsed: 0 minutes as of 2023-05-08 20:25:20"
[1] "Var_row_num 5 of 9"
[1] "elapsed: 10.96 minutes as of 2023-05-08 20:36:17"
[1] "elapsed: 0 minutes as of 2023-05-08 20:36:17"
[1] "elapsed: 0 minutes as of 2023-05-08 20:36:17"
[1] "Var_row_num 6 of 9"
[1] "elapsed: 10.9 minutes as of 2023-05-08 20:47:11"
[1] "elapsed: 0 minutes as of 2023-05-08 20:47:11"
[1] "elapsed: 0 minutes as of 2023-05-08 20:47:11"
[1] "Var_row_num 7 of 9"
[1] "elapsed: 11.45 minutes as of 2023-05-08 20:58:38"
[1] "elapsed: 0 minutes as of 2023-05-08 20:58:38"
[1] "elapsed: 0 minutes as of 2023-05-08 20:58:38"
[1] "Var_row_num 8 of 9"
[1] "elapsed: 11.64 minutes as of 2023-05-08 21:10:17"
[1] "elapsed: 0 minutes as of 2023-05-08 21:10:17"
[1] "elapsed: 0 minutes as of 2023-05-08 21:10:17"
[1] "Var_row_num 9 of 9"
[1] "elapsed: 11.52 minutes as of 2023-05-08 21:21:48"
[1] "elapsed: 0 minutes as of 2023-05-08 21:21:48"
[1] "Done with all variance calculations"
[1] "Estimates and SE estimates computed"
[1] ""
[[1]]
[[1]]$pro.p
[[1]]$pro.p$est
  delta        mu      mu_1      mu_0         de        se_1        se_0
1   0.5 0.4609056 0.2673031 0.6021210 -0.3348179  0.04054436  0.04590641
2   1.0 0.3621098 0.2267587 0.5562146 -0.3294558  0.00000000  0.00000000
3   2.0 0.2822052 0.2093475 0.4901286 -0.2807811 -0.01741124 -0.06608591
           oe         te
1  0.09879587 -0.2889115
2  0.00000000 -0.3294558
3 -0.07990455 -0.3468671

[[1]]$pro.p$se
  delta         mu       mu_1       mu_0         de       se_1       se_0
1   0.5 0.01879046 0.01771879 0.02569926 0.02729370 0.01533336 0.02170190
2   1.0 0.01212174 0.01054371 0.01585940 0.01372633 0.00000000 0.00000000
3   2.0 0.01917450 0.01909885 0.02588005 0.02437434 0.01500319 0.02012252
          oe         te
1 0.01624802 0.02107779
2 0.00000000 0.01372633
3 0.01501752 0.02145561


[[1]]$pro.np
[[1]]$pro.np$est
  delta        mu      mu_1      mu_0         de        se_1        se_0
1   0.5 0.4313470 0.2653193 0.5479400 -0.2826207  0.02457718  0.01887767
2   1.0 0.3632685 0.2407421 0.5290623 -0.2883202  0.00000000  0.00000000
3   2.0 0.2958776 0.2250095 0.4814573 -0.2564478 -0.01573265 -0.04760501
           oe         te
1  0.06807852 -0.2637430
2  0.00000000 -0.2883202
3 -0.06739092 -0.3040528

[[1]]$pro.np$se
  delta         mu       mu_1       mu_0         de       se_1       se_0
1   0.5 0.01599003 0.01480140 0.02060886 0.02116683 0.01190927 0.01648967
2   1.0 0.01252579 0.01091917 0.01561494 0.01232856 0.00000000 0.00000000
3   2.0 0.02028381 0.01961088 0.02443064 0.01953009 0.01485619 0.01830742
          oe         te
1 0.01292300 0.01748336
2 0.00000000 0.01232856
3 0.01534007 0.02012939


[[1]]$ipw.p
[[1]]$ipw.p$est
  delta        mu      mu_1      mu_0         de        se_1       se_0
1   0.5 0.5203516 0.2893143 0.6877457 -0.3984315 0.063131262  0.1196919
2   1.0 0.3664596 0.2261830 0.5680538 -0.3418708 0.000000000  0.0000000
3   2.0 0.3017029 0.2276000 0.5157062 -0.2881063 0.001416951 -0.0523476
           oe         te
1  0.15389196 -0.2787395
2  0.00000000 -0.3418708
3 -0.06475668 -0.3404539

[[1]]$ipw.p$se
  delta          mu        mu_1       mu_0         de       se_1       se_0
1   0.5 0.047704280 0.026457114 0.06838433 0.05398607 0.02540362 0.05898206
2   1.0 0.009498229 0.009247579 0.01758996 0.01907139 0.00000000 0.00000000
3   2.0 0.024240263 0.028322157 0.02474130 0.02929793 0.02535559 0.03024660
          oe         te
1 0.04392991 0.02447447
2 0.00000000 0.01907139
3 0.02482698 0.03647430


[[1]]$ipw.np
[[1]]$ipw.np$est
  delta        mu      mu_1      mu_0         de        se_1        se_0
1   0.5 0.4914422 0.2884617 0.6301067 -0.3416450 0.054853231  0.08125613
2   1.0 0.3664596 0.2336085 0.5488506 -0.3152421 0.000000000  0.00000000
3   2.0 0.3108047 0.2394947 0.5058284 -0.2663337 0.005886188 -0.04302220
           oe         te
1  0.12498261 -0.2603889
2  0.00000000 -0.3152421
3 -0.05565491 -0.3093559

[[1]]$ipw.np$se
  delta          mu        mu_1       mu_0         de       se_1       se_0
1   0.5 0.043358396 0.025731996 0.05996224 0.04632428 0.02467352 0.05076287
2   1.0 0.009498229 0.009555969 0.01699511 0.01862773 0.00000000 0.00000000
3   2.0 0.025380844 0.029703820 0.02531915 0.02967657 0.02654409 0.03016238
          oe         te
1 0.03956492 0.02377916
2 0.00000000 0.01862773
3 0.02576682 0.03724772


[[1]]$bar.p
[[1]]$bar.p$est
  delta        mu      mu_1      mu_0 de se_1 se_0 oe te
1   0.5 0.4788839 0.2944487 0.6124749  0    0    0  0  0
2   1.0 0.3638927 0.2352602 0.5373254  0    0    0  0  0
3   2.0 0.2839718 0.2091005 0.4459213  0    0    0  0  0

[[1]]$bar.p$se
  delta          mu        mu_1       mu_0 de se_1 se_0 oe te
1   0.5 0.019916552 0.024641392 0.02217670  0    0    0  0  0
2   1.0 0.008657147 0.009671106 0.01349985  0    0    0  0  0
3   2.0 0.014582335 0.014788652 0.02649751  0    0    0  0  0



[1] "Total run time was 9718.975 seconds"
