WARNING: ignoring environment value of R_HOME

Attaching package: ‘dplyr’

The following objects are masked from ‘package:stats’:

    filter, lag

The following objects are masked from ‘package:base’:

    intersect, setdiff, setequal, union

Loading required package: splines
Loading required package: foreach
Loaded gam 1.20.2

Super Learner
Version: 2.0-28
Package created on 2021-05-04

Loading required package: lattice
Loading required package: ggplot2
Loading required package: Matrix
Loaded glmnet 4.1-7
Loading required package: Formula
Loading required package: plotmo
Loading required package: plotrix
Loading required package: TeachingDemos
Loaded gbm 2.1.8.1

Attaching package: ‘xgboost’

The following object is masked from ‘package:dplyr’:

    slice

[1] "[Simulation setting]"
[1] "m: 500"
[1] "deltas: 0.5, 1, 2"
[1] "alphas: 0.4251, 0.5948, 0.7448"
[1] "Sim.id 1"
[1] "Data generated"
[1] "Proposed & IPW estimators"
[1] "   Split: 1"
[1] "   Split: 2"
[1] "Barkley estimators"
[1] "I. Estimate GLMER model"
[1] "IB. get MCFP vecs"
[1] "II. Estimate CFBI"
[1] "II. solving for alpha_num 1 of 3 ; alpha= 0.425133170705204"
[1] "elapsed: 3.33 minutes as of 2023-05-08 20:18:50"
[1] "II. solving for alpha_num 2 of 3 ; alpha= 0.594849404255532"
[1] "elapsed: 3.73 minutes as of 2023-05-08 20:22:34"
[1] "II. solving for alpha_num 3 of 3 ; alpha= 0.744822889124285"
[1] "elapsed: 3.3 minutes as of 2023-05-08 20:25:53"
[1] "III. Estimate MCFP"
[1] "III. alpha num 1 of 3"
[1] "elapsed: 0.35 minutes as of 2023-05-08 20:26:14"
[1] "III. alpha num 2 of 3"
[1] "elapsed: 0.7 minutes as of 2023-05-08 20:26:35"
[1] "III. alpha num 3 of 3"
[1] "elapsed: 1.05 minutes as of 2023-05-08 20:26:55"
[1] "IV. Target estimates"
[1] "Beginning variance calculations. This may take some time."
[1] "V. Variance estimates"
[1] ":model stuff:"
[1] "elapsed: 1.01 minutes as of 2023-05-08 20:27:59"
[1] ":CFBI EstFun:"
[1] "elapsed: 0 minutes as of 2023-05-08 20:27:59"
[1] ":CFBI alpha_num 1 of 3"
[1] "elapsed: 2.92 minutes as of 2023-05-08 20:30:54"
[1] ":CFBI alpha_num 2 of 3"
[1] "elapsed: 5.86 minutes as of 2023-05-08 20:33:50"
[1] ":CFBI alpha_num 3 of 3"
[1] ":MCFP EstFun:"
[1] "elapsed: 8.82 minutes as of 2023-05-08 20:36:48"
[1] ":MCFP alpha_num 1 of 3"
[1] "elapsed: 11.35 minutes as of 2023-05-08 20:39:19"
[1] ":MCFP alpha_num 2 of 3"
[1] "elapsed: 13.86 minutes as of 2023-05-08 20:41:50"
[1] ":MCFP alpha_num 3 of 3"
[1] "elapsed: 17.36 minutes as of 2023-05-08 20:44:20"
[1] ":target ests:"
[1] "elapsed: 0 minutes as of 2023-05-08 20:44:20"
[1] "Var_row_num 1 of 9"
[1] "elapsed: 6.68 minutes as of 2023-05-08 20:51:00"
[1] "elapsed: 0 minutes as of 2023-05-08 20:51:00"
[1] "elapsed: 0 minutes as of 2023-05-08 20:51:00"
[1] "Var_row_num 2 of 9"
[1] "elapsed: 6.7 minutes as of 2023-05-08 20:57:42"
[1] "elapsed: 0 minutes as of 2023-05-08 20:57:42"
[1] "elapsed: 0 minutes as of 2023-05-08 20:57:42"
[1] "Var_row_num 3 of 9"
[1] "elapsed: 6.82 minutes as of 2023-05-08 21:04:31"
[1] "elapsed: 0 minutes as of 2023-05-08 21:04:32"
[1] "elapsed: 0 minutes as of 2023-05-08 21:04:32"
[1] "Var_row_num 4 of 9"
[1] "elapsed: 6.75 minutes as of 2023-05-08 21:11:16"
[1] "elapsed: 0 minutes as of 2023-05-08 21:11:16"
[1] "elapsed: 0 minutes as of 2023-05-08 21:11:16"
[1] "Var_row_num 5 of 9"
[1] "elapsed: 6.71 minutes as of 2023-05-08 21:17:59"
[1] "elapsed: 0 minutes as of 2023-05-08 21:17:59"
[1] "elapsed: 0 minutes as of 2023-05-08 21:17:59"
[1] "Var_row_num 6 of 9"
[1] "elapsed: 6.66 minutes as of 2023-05-08 21:24:39"
[1] "elapsed: 0 minutes as of 2023-05-08 21:24:39"
[1] "elapsed: 0 minutes as of 2023-05-08 21:24:39"
[1] "Var_row_num 7 of 9"
[1] "elapsed: 6.4 minutes as of 2023-05-08 21:31:03"
[1] "elapsed: 0 minutes as of 2023-05-08 21:31:03"
[1] "elapsed: 0 minutes as of 2023-05-08 21:31:03"
[1] "Var_row_num 8 of 9"
[1] "elapsed: 6.34 minutes as of 2023-05-08 21:37:23"
[1] "elapsed: 0 minutes as of 2023-05-08 21:37:23"
[1] "elapsed: 0 minutes as of 2023-05-08 21:37:23"
[1] "Var_row_num 9 of 9"
[1] "elapsed: 6.3 minutes as of 2023-05-08 21:43:41"
[1] "elapsed: 0 minutes as of 2023-05-08 21:43:41"
[1] "Done with all variance calculations"
[1] "Estimates and SE estimates computed"
[1] ""
[[1]]
[[1]]$pro.p
[[1]]$pro.p$est
  delta        mu      mu_1      mu_0         de         se_1        se_0
1   0.5 0.4691521 0.2594168 0.6322953 -0.3728785  0.029971572  0.06760266
2   1.0 0.3625279 0.2294453 0.5646927 -0.3352474  0.000000000  0.00000000
3   2.0 0.2949654 0.2229483 0.5134708 -0.2905225 -0.006496961 -0.05122185
           oe         te
1  0.10662418 -0.3052758
2  0.00000000 -0.3352474
3 -0.06756245 -0.3417444

[[1]]$pro.p$se
  delta         mu       mu_1       mu_0         de       se_1       se_0
1   0.5 0.01992721 0.01789670 0.02777257 0.02860187 0.01597508 0.02443363
2   1.0 0.01140665 0.01025678 0.01490867 0.01340022 0.00000000 0.00000000
3   2.0 0.02133658 0.02324247 0.02406813 0.02808605 0.01991275 0.01858155
          oe         te
1 0.01750087 0.02099889
2 0.00000000 0.01340022
3 0.01850001 0.02601668


[[1]]$pro.np
[[1]]$pro.np$est
  delta        mu      mu_1      mu_0         de         se_1        se_0
1   0.5 0.4362024 0.2510475 0.5701175 -0.3190701  0.009633067  0.03024799
2   1.0 0.3637592 0.2414144 0.5398695 -0.2984552  0.000000000  0.00000000
3   2.0 0.3040368 0.2308710 0.5190791 -0.2882081 -0.010543380 -0.02079045
           oe         te
1  0.07244323 -0.2888221
2  0.00000000 -0.2984552
3 -0.05972244 -0.3089985

[[1]]$pro.np$se
  delta         mu       mu_1       mu_0         de       se_1       se_0
1   0.5 0.01831095 0.01681202 0.02471791 0.02500278 0.01488616 0.02119827
2   1.0 0.01180341 0.01062647 0.01478271 0.01245518 0.00000000 0.00000000
3   2.0 0.02290219 0.02477880 0.02344847 0.02852802 0.02138427 0.01789949
          oe         te
1 0.01575442 0.01966457
2 0.00000000 0.01245518
3 0.01958776 0.02656053


[[1]]$ipw.p
[[1]]$ipw.p$est
  delta        mu      mu_1      mu_0         de         se_1        se_0
1   0.5 0.5090679 0.2717822 0.6980804 -0.4262982 0.0458811062  0.13199972
2   1.0 0.3592554 0.2259011 0.5660807 -0.3401796 0.0000000000  0.00000000
3   2.0 0.2978353 0.2262362 0.5191334 -0.2928972 0.0003351615 -0.04694725
           oe         te
1  0.14981248 -0.2942985
2  0.00000000 -0.3401796
3 -0.06142005 -0.3398444

[[1]]$ipw.p$se
  delta          mu        mu_1       mu_0         de       se_1       se_0
1   0.5 0.048023847 0.023461723 0.07522311 0.06569789 0.02235338 0.06576668
2   1.0 0.009625849 0.009335634 0.01787946 0.01913146 0.00000000 0.00000000
3   2.0 0.024166878 0.027102959 0.02804630 0.02918646 0.02365065 0.03268549
          oe         te
1 0.04439370 0.02162997
2 0.00000000 0.01913146
3 0.02442689 0.03558436


[[1]]$ipw.np
[[1]]$ipw.np$est
  delta        mu      mu_1      mu_0         de        se_1        se_0
1   0.5 0.4864771 0.2723207 0.6520791 -0.3797584 0.039670922  0.10037699
2   1.0 0.3592554 0.2326498 0.5517021 -0.3190523 0.000000000  0.00000000
3   2.0 0.3078262 0.2404254 0.5149371 -0.2745117 0.007775623 -0.03676504
           oe         te
1  0.12722173 -0.2793814
2  0.00000000 -0.3190523
3 -0.05142921 -0.3112767

[[1]]$ipw.np$se
  delta          mu        mu_1       mu_0         de       se_1       se_0
1   0.5 0.043440140 0.022336759 0.06683164 0.05885991 0.02121618 0.05776209
2   1.0 0.009625849 0.009674978 0.01732990 0.01878744 0.00000000 0.00000000
3   2.0 0.026710328 0.030975032 0.02906649 0.03181597 0.02733217 0.03319108
          oe         te
1 0.03985920 0.02068581
2 0.00000000 0.01878744
3 0.02674448 0.03846024


[[1]]$bar.p
[[1]]$bar.p$est
  delta        mu      mu_1      mu_0 de se_1 se_0 oe te
1   0.5 0.4730415 0.2697653 0.6097303  0    0    0  0  0
2   1.0 0.3646343 0.2374070 0.5361214  0    0    0  0  0
3   2.0 0.2846122 0.2095401 0.4570256  0    0    0  0  0

[[1]]$bar.p$se
  delta          mu       mu_1       mu_0 de se_1 se_0 oe te
1   0.5 0.022238452 0.02515563 0.02382476  0    0    0  0  0
2   1.0 0.008859914 0.01002727 0.01340388  0    0    0  0  0
3   2.0 0.014401892 0.01464913 0.02858969  0    0    0  0  0



[1] "Total run time was 5507.702 seconds"
