WARNING: ignoring environment value of R_HOME

Attaching package: ‘dplyr’

The following objects are masked from ‘package:stats’:

    filter, lag

The following objects are masked from ‘package:base’:

    intersect, setdiff, setequal, union

Loading required package: splines
Loading required package: foreach
Loaded gam 1.20.2

Super Learner
Version: 2.0-28
Package created on 2021-05-04

Loading required package: lattice
Loading required package: ggplot2
Loading required package: Matrix
Loaded glmnet 4.1-7
Loading required package: Formula
Loading required package: plotmo
Loading required package: plotrix
Loading required package: TeachingDemos
Loaded gbm 2.1.8.1

Attaching package: ‘xgboost’

The following object is masked from ‘package:dplyr’:

    slice

[1] "[Simulation setting]"
[1] "m: 500"
[1] "deltas: 0.5, 1, 2"
[1] "alphas: 0.4251, 0.5948, 0.7448"
[1] "Sim.id 1"
[1] "Data generated"
[1] "Proposed & IPW estimators"
[1] "   Split: 1"
[1] "   Split: 2"
[1] "Barkley estimators"
[1] "I. Estimate GLMER model"
[1] "IB. get MCFP vecs"
[1] "II. Estimate CFBI"
[1] "II. solving for alpha_num 1 of 3 ; alpha= 0.425133170705204"
[1] "elapsed: 4.74 minutes as of 2023-05-08 18:38:43"
[1] "II. solving for alpha_num 2 of 3 ; alpha= 0.594849404255532"
[1] "elapsed: 4.77 minutes as of 2023-05-08 18:43:29"
[1] "II. solving for alpha_num 3 of 3 ; alpha= 0.744822889124285"
[1] "elapsed: 5.14 minutes as of 2023-05-08 18:48:37"
[1] "III. Estimate MCFP"
[1] "III. alpha num 1 of 3"
[1] "elapsed: 0.52 minutes as of 2023-05-08 18:49:08"
[1] "III. alpha num 2 of 3"
[1] "elapsed: 1.04 minutes as of 2023-05-08 18:49:39"
[1] "III. alpha num 3 of 3"
[1] "elapsed: 1.54 minutes as of 2023-05-08 18:50:10"
[1] "IV. Target estimates"
[1] "Beginning variance calculations. This may take some time."
[1] "V. Variance estimates"
[1] ":model stuff:"
[1] "elapsed: 1.57 minutes as of 2023-05-08 18:51:48"
[1] ":CFBI EstFun:"
[1] "elapsed: 0 minutes as of 2023-05-08 18:51:48"
[1] ":CFBI alpha_num 1 of 3"
[1] "elapsed: 4.08 minutes as of 2023-05-08 18:55:53"
[1] ":CFBI alpha_num 2 of 3"
[1] "elapsed: 7.88 minutes as of 2023-05-08 18:59:41"
[1] ":CFBI alpha_num 3 of 3"
[1] ":MCFP EstFun:"
[1] "elapsed: 11.7 minutes as of 2023-05-08 19:03:30"
[1] ":MCFP alpha_num 1 of 3"
[1] "elapsed: 14.79 minutes as of 2023-05-08 19:06:36"
[1] ":MCFP alpha_num 2 of 3"
[1] "elapsed: 17.96 minutes as of 2023-05-08 19:09:46"
[1] ":MCFP alpha_num 3 of 3"
[1] "elapsed: 22.67 minutes as of 2023-05-08 19:12:54"
[1] ":target ests:"
[1] "elapsed: 0 minutes as of 2023-05-08 19:12:54"
[1] "Var_row_num 1 of 9"
[1] "elapsed: 9.99 minutes as of 2023-05-08 19:22:54"
[1] "elapsed: 0 minutes as of 2023-05-08 19:22:54"
[1] "elapsed: 0 minutes as of 2023-05-08 19:22:54"
[1] "Var_row_num 2 of 9"
[1] "elapsed: 9.99 minutes as of 2023-05-08 19:32:53"
[1] "elapsed: 0 minutes as of 2023-05-08 19:32:53"
[1] "elapsed: 0 minutes as of 2023-05-08 19:32:53"
[1] "Var_row_num 3 of 9"
[1] "elapsed: 9.83 minutes as of 2023-05-08 19:42:43"
[1] "elapsed: 0 minutes as of 2023-05-08 19:42:43"
[1] "elapsed: 0 minutes as of 2023-05-08 19:42:43"
[1] "Var_row_num 4 of 9"
[1] "elapsed: 9.85 minutes as of 2023-05-08 19:52:34"
[1] "elapsed: 0 minutes as of 2023-05-08 19:52:34"
[1] "elapsed: 0 minutes as of 2023-05-08 19:52:34"
[1] "Var_row_num 5 of 9"
[1] "elapsed: 10.73 minutes as of 2023-05-08 20:03:18"
[1] "elapsed: 0 minutes as of 2023-05-08 20:03:18"
[1] "elapsed: 0 minutes as of 2023-05-08 20:03:18"
[1] "Var_row_num 6 of 9"
[1] "elapsed: 10.34 minutes as of 2023-05-08 20:13:38"
[1] "elapsed: 0 minutes as of 2023-05-08 20:13:39"
[1] "elapsed: 0 minutes as of 2023-05-08 20:13:39"
[1] "Var_row_num 7 of 9"
[1] "elapsed: 11.56 minutes as of 2023-05-08 20:25:12"
[1] "elapsed: 0 minutes as of 2023-05-08 20:25:12"
[1] "elapsed: 0 minutes as of 2023-05-08 20:25:12"
[1] "Var_row_num 8 of 9"
[1] "elapsed: 11.64 minutes as of 2023-05-08 20:36:51"
[1] "elapsed: 0 minutes as of 2023-05-08 20:36:51"
[1] "elapsed: 0 minutes as of 2023-05-08 20:36:51"
[1] "Var_row_num 9 of 9"
[1] "elapsed: 9.31 minutes as of 2023-05-08 20:46:10"
[1] "elapsed: 0 minutes as of 2023-05-08 20:46:10"
[1] "Done with all variance calculations"
[1] "Estimates and SE estimates computed"
[1] ""
[[1]]
[[1]]$pro.p
[[1]]$pro.p$est
  delta        mu      mu_1      mu_0         de        se_1        se_0
1   0.5 0.4589263 0.2336441 0.6217022 -0.3880581  0.01350049  0.06842169
2   1.0 0.3568684 0.2201436 0.5532805 -0.3331369  0.00000000  0.00000000
3   2.0 0.2821608 0.1977162 0.5283297 -0.3306135 -0.02242744 -0.02495083
           oe         te
1  0.10205781 -0.3196364
2  0.00000000 -0.3331369
3 -0.07470766 -0.3555643

[[1]]$pro.p$se
  delta         mu        mu_1       mu_0         de       se_1       se_0
1   0.5 0.01500304 0.014945986 0.02035932 0.02321488 0.01198057 0.01603977
2   1.0 0.01092306 0.009914936 0.01459677 0.01345826 0.00000000 0.00000000
3   2.0 0.01689600 0.015857708 0.02340335 0.01971628 0.01261160 0.01858461
          oe         te
1 0.01166575 0.01787885
2 0.00000000 0.01345826
3 0.01377976 0.01925349


[[1]]$pro.np
[[1]]$pro.np$est
  delta        mu      mu_1      mu_0         de        se_1        se_0
1   0.5 0.4459123 0.2423681 0.5858004 -0.3434322  0.01190124  0.05382148
2   1.0 0.3578245 0.2304669 0.5319789 -0.3015120  0.00000000  0.00000000
3   2.0 0.2894911 0.2110870 0.5117799 -0.3006928 -0.01937985 -0.02019903
           oe         te
1  0.08808779 -0.2896108
2  0.00000000 -0.3015120
3 -0.06833345 -0.3208919

[[1]]$pro.np$se
  delta         mu       mu_1       mu_0         de       se_1       se_0
1   0.5 0.01464752 0.01494444 0.01846640 0.02038331 0.01187015 0.01457397
2   1.0 0.01114793 0.01001826 0.01408344 0.01196426 0.00000000 0.00000000
3   2.0 0.01889766 0.01856885 0.02329643 0.01978059 0.01511719 0.01748983
          oe         te
1 0.01127781 0.01688732
2 0.00000000 0.01196426
3 0.01523773 0.02030745


[[1]]$ipw.p
[[1]]$ipw.p$est
  delta        mu      mu_1      mu_0         de        se_1        se_0
1   0.5 0.4534462 0.2381469 0.6085186 -0.3703717  0.01618793  0.04461035
2   1.0 0.3621492 0.2219590 0.5639083 -0.3419493  0.00000000  0.00000000
3   2.0 0.2797179 0.1893068 0.5393929 -0.3500861 -0.03265222 -0.02451542
           oe         te
1  0.09129698 -0.3257614
2  0.00000000 -0.3419493
3 -0.08243131 -0.3746015

[[1]]$ipw.p$se
  delta         mu        mu_1       mu_0         de       se_1       se_0
1   0.5 0.04187223 0.017455948 0.06430753 0.05632963 0.01642173 0.05668575
2   1.0 0.00939905 0.009455598 0.01646104 0.01787281 0.00000000 0.00000000
3   2.0 0.01742804 0.016207224 0.02750349 0.02173868 0.01307142 0.03163425
          oe         te
1 0.03898224 0.01714907
2 0.00000000 0.01787281
3 0.01788497 0.02544785


[[1]]$ipw.np
[[1]]$ipw.np$est
  delta        mu      mu_1      mu_0         de        se_1        se_0
1   0.5 0.4497442 0.2446983 0.5925446 -0.3478464  0.01720579  0.04299436
2   1.0 0.3621492 0.2274925 0.5495503 -0.3220578  0.00000000  0.00000000
3   2.0 0.2835796 0.1958346 0.5273154 -0.3314808 -0.03165788 -0.02223492
           oe         te
1  0.08759497 -0.3048520
2  0.00000000 -0.3220578
3 -0.07856961 -0.3537157

[[1]]$ipw.np$se
  delta         mu        mu_1       mu_0         de       se_1       se_0
1   0.5 0.04105907 0.017855816 0.06170682 0.05344131 0.01685878 0.05414839
2   1.0 0.00939905 0.009704205 0.01614675 0.01769399 0.00000000 0.00000000
3   2.0 0.01787650 0.017042128 0.02715486 0.02155793 0.01371350 0.03109724
          oe         te
1 0.03817803 0.01729674
2 0.00000000 0.01769399
3 0.01823213 0.02579218


[[1]]$bar.p
[[1]]$bar.p$est
  delta        mu      mu_1      mu_0 de se_1 se_0 oe te
1   0.5 0.4370294 0.2426064 0.5798446  0    0    0  0  0
2   1.0 0.3572021 0.2258235 0.5376498  0    0    0  0  0
3   2.0 0.2711028 0.1896474 0.4672007  0    0    0  0  0

[[1]]$bar.p$se
  delta          mu        mu_1       mu_0 de se_1 se_0 oe te
1   0.5 0.018410828 0.021806329 0.02036952  0    0    0  0  0
2   1.0 0.008783824 0.009552251 0.01317531  0    0    0  0  0
3   2.0 0.011671874 0.011118766 0.02561639  0    0    0  0  0



[1] "Total run time was 8258.07 seconds"
