WARNING: ignoring environment value of R_HOME

Attaching package: ‘dplyr’

The following objects are masked from ‘package:stats’:

    filter, lag

The following objects are masked from ‘package:base’:

    intersect, setdiff, setequal, union

Loading required package: splines
Loading required package: foreach
Loaded gam 1.20.2

Super Learner
Version: 2.0-28
Package created on 2021-05-04

Loading required package: lattice
Loading required package: ggplot2
Loading required package: Matrix
Loaded glmnet 4.1-7
Loading required package: Formula
Loading required package: plotmo
Loading required package: plotrix
Loading required package: TeachingDemos
Loaded gbm 2.1.8.1

Attaching package: ‘xgboost’

The following object is masked from ‘package:dplyr’:

    slice

[1] "[Simulation setting]"
[1] "m: 500"
[1] "deltas: 0.5, 1, 2"
[1] "alphas: 0.4251, 0.5948, 0.7448"
[1] "Sim.id 1"
[1] "Data generated"
[1] "Proposed & IPW estimators"
[1] "   Split: 1"
[1] "   Split: 2"
[1] "Barkley estimators"
[1] "I. Estimate GLMER model"
[1] "IB. get MCFP vecs"
[1] "II. Estimate CFBI"
[1] "II. solving for alpha_num 1 of 3 ; alpha= 0.425133170705204"
[1] "elapsed: 7.99 minutes as of 2023-05-08 19:04:59"
[1] "II. solving for alpha_num 2 of 3 ; alpha= 0.594849404255532"
[1] "elapsed: 8.08 minutes as of 2023-05-08 19:13:04"
[1] "II. solving for alpha_num 3 of 3 ; alpha= 0.744822889124285"
[1] "elapsed: 9.23 minutes as of 2023-05-08 19:22:18"
[1] "III. Estimate MCFP"
[1] "III. alpha num 1 of 3"
[1] "elapsed: 0.81 minutes as of 2023-05-08 19:23:06"
[1] "III. alpha num 2 of 3"
[1] "elapsed: 1.62 minutes as of 2023-05-08 19:23:55"
[1] "III. alpha num 3 of 3"
[1] "elapsed: 2.43 minutes as of 2023-05-08 19:24:44"
[1] "IV. Target estimates"
[1] "Beginning variance calculations. This may take some time."
[1] "V. Variance estimates"
[1] ":model stuff:"
[1] "elapsed: 2.32 minutes as of 2023-05-08 19:27:09"
[1] ":CFBI EstFun:"
[1] "elapsed: 0 minutes as of 2023-05-08 19:27:09"
[1] ":CFBI alpha_num 1 of 3"
[1] "elapsed: 6.73 minutes as of 2023-05-08 19:33:53"
[1] ":CFBI alpha_num 2 of 3"
[1] "elapsed: 13.51 minutes as of 2023-05-08 19:40:40"
[1] ":CFBI alpha_num 3 of 3"
[1] ":MCFP EstFun:"
[1] "elapsed: 20.49 minutes as of 2023-05-08 19:47:38"
[1] ":MCFP alpha_num 1 of 3"
[1] "elapsed: 26.43 minutes as of 2023-05-08 19:53:35"
[1] ":MCFP alpha_num 2 of 3"
[1] "elapsed: 31.79 minutes as of 2023-05-08 19:58:57"
[1] ":MCFP alpha_num 3 of 3"
[1] "elapsed: 39.57 minutes as of 2023-05-08 20:04:24"
[1] ":target ests:"
[1] "elapsed: 0 minutes as of 2023-05-08 20:04:24"
[1] "Var_row_num 1 of 9"
[1] "elapsed: 13.49 minutes as of 2023-05-08 20:17:53"
[1] "elapsed: 0 minutes as of 2023-05-08 20:17:53"
[1] "elapsed: 0 minutes as of 2023-05-08 20:17:53"
[1] "Var_row_num 2 of 9"
[1] "elapsed: 13.58 minutes as of 2023-05-08 20:31:28"
[1] "elapsed: 0 minutes as of 2023-05-08 20:31:28"
[1] "elapsed: 0 minutes as of 2023-05-08 20:31:28"
[1] "Var_row_num 3 of 9"
[1] "elapsed: 13.59 minutes as of 2023-05-08 20:45:04"
[1] "elapsed: 0 minutes as of 2023-05-08 20:45:04"
[1] "elapsed: 0 minutes as of 2023-05-08 20:45:04"
[1] "Var_row_num 4 of 9"
[1] "elapsed: 13.54 minutes as of 2023-05-08 20:58:36"
[1] "elapsed: 0 minutes as of 2023-05-08 20:58:36"
[1] "elapsed: 0 minutes as of 2023-05-08 20:58:36"
[1] "Var_row_num 5 of 9"
[1] "elapsed: 13.53 minutes as of 2023-05-08 21:12:08"
[1] "elapsed: 0 minutes as of 2023-05-08 21:12:08"
[1] "elapsed: 0 minutes as of 2023-05-08 21:12:08"
[1] "Var_row_num 6 of 9"
[1] "elapsed: 13.38 minutes as of 2023-05-08 21:25:31"
[1] "elapsed: 0 minutes as of 2023-05-08 21:25:31"
[1] "elapsed: 0 minutes as of 2023-05-08 21:25:31"
[1] "Var_row_num 7 of 9"
[1] "elapsed: 13.85 minutes as of 2023-05-08 21:39:22"
[1] "elapsed: 0 minutes as of 2023-05-08 21:39:22"
[1] "elapsed: 0 minutes as of 2023-05-08 21:39:22"
[1] "Var_row_num 8 of 9"
[1] "elapsed: 13.61 minutes as of 2023-05-08 21:52:59"
[1] "elapsed: 0 minutes as of 2023-05-08 21:52:59"
[1] "elapsed: 0 minutes as of 2023-05-08 21:52:59"
[1] "Var_row_num 9 of 9"
[1] "elapsed: 13.9 minutes as of 2023-05-08 22:06:53"
[1] "elapsed: 0 minutes as of 2023-05-08 22:06:53"
[1] "Done with all variance calculations"
[1] "Estimates and SE estimates computed"
[1] ""
[[1]]
[[1]]$pro.p
[[1]]$pro.p$est
  delta        mu      mu_1      mu_0         de         se_1         se_0
1   0.5 0.4166872 0.2417550 0.5469209 -0.3051659  0.002905531 -0.004142065
2   1.0 0.3648825 0.2388495 0.5510629 -0.3122135  0.000000000  0.000000000
3   2.0 0.3039347 0.2290215 0.5269353 -0.2979139 -0.009827994 -0.024127608
           oe         te
1  0.05180474 -0.3093079
2  0.00000000 -0.3122135
3 -0.06094783 -0.3220415

[[1]]$pro.p$se
  delta         mu       mu_1       mu_0         de       se_1       se_0
1   0.5 0.02933725 0.01747441 0.04191450 0.03638496 0.01541549 0.04022713
2   1.0 0.01127670 0.01042296 0.01450775 0.01338239 0.00000000 0.00000000
3   2.0 0.02379733 0.02508974 0.02391729 0.02277271 0.02145510 0.01961556
          oe         te
1 0.02846708 0.01947174
2 0.00000000 0.01338239
3 0.02059955 0.02689339


[[1]]$pro.np
[[1]]$pro.np$est
  delta        mu      mu_1      mu_0         de        se_1        se_0
1   0.5 0.4266797 0.2604994 0.5455209 -0.2850215  0.01419786  0.02046247
2   1.0 0.3603980 0.2463016 0.5250584 -0.2787568  0.00000000  0.00000000
3   2.0 0.2987702 0.2295179 0.5025542 -0.2730362 -0.01678361 -0.02250422
           oe         te
1  0.06628161 -0.2645590
2  0.00000000 -0.2787568
3 -0.06162789 -0.2955405

[[1]]$pro.np$se
  delta         mu       mu_1       mu_0         de       se_1       se_0
1   0.5 0.01929140 0.01652013 0.02500293 0.02051101 0.01429624 0.02203638
2   1.0 0.01149249 0.01049492 0.01433207 0.01235993 0.00000000 0.00000000
3   2.0 0.02155729 0.02298958 0.02214798 0.02278871 0.01944244 0.01728789
          oe         te
1 0.01682114 0.01811431
2 0.00000000 0.01235993
3 0.01823271 0.02441961


[[1]]$ipw.p
[[1]]$ipw.p$est
  delta        mu      mu_1      mu_0         de        se_1       se_0
1   0.5 0.5751554 0.2771267 0.7927575 -0.5156308  0.04239000  0.2483495
2   1.0 0.3600163 0.2347367 0.5444080 -0.3096713  0.00000000  0.0000000
3   2.0 0.2829227 0.2029938 0.5158388 -0.3128450 -0.03174291 -0.0285692
          oe         te
1  0.2151391 -0.2672813
2  0.0000000 -0.3096713
3 -0.0770936 -0.3414142

[[1]]$ipw.p$se
  delta          mu        mu_1       mu_0         de       se_1       se_0
1   0.5 0.130248532 0.030753312 0.20295737 0.17680020 0.03057457 0.19879693
2   1.0 0.009112374 0.009016015 0.01659319 0.01791832 0.00000000 0.00000000
3   2.0 0.016838637 0.016285298 0.02577637 0.02080736 0.01349272 0.02982635
          oe         te
1 0.12872510 0.02837672
2 0.00000000 0.01791832
3 0.01757402 0.02600737


[[1]]$ipw.np
[[1]]$ipw.np$est
  delta        mu      mu_1      mu_0         de        se_1        se_0
1   0.5 0.6068825 0.2909309 0.8362737 -0.5453428  0.05000624  0.30601471
2   1.0 0.3600163 0.2409247 0.5302590 -0.2893343  0.00000000  0.00000000
3   2.0 0.2855360 0.2077884 0.5037243 -0.2959359 -0.03313623 -0.02653464
           oe         te
1  0.24686623 -0.2393281
2  0.00000000 -0.2893343
3 -0.07448028 -0.3224706

[[1]]$ipw.np$se
  delta          mu        mu_1       mu_0         de       se_1       se_0
1   0.5 0.148533762 0.034168228 0.23311769 0.20354872 0.03408981 0.22902291
2   1.0 0.009112374 0.009250555 0.01634053 0.01780301 0.00000000 0.00000000
3   2.0 0.016694868 0.016388357 0.02501585 0.02017694 0.01337715 0.02896855
         oe         te
1 0.1470694 0.03137768
2 0.0000000 0.01780301
3 0.0173206 0.02581946


[[1]]$bar.p
[[1]]$bar.p$est
  delta        mu      mu_1      mu_0 de se_1 se_0 oe te
1   0.5 0.5008002 0.3052598 0.6338319  0    0    0  0  0
2   1.0 0.3607615 0.2431737 0.5227648  0    0    0  0  0
3   2.0 0.2712308 0.2001609 0.4441412  0    0    0  0  0

[[1]]$bar.p$se
  delta          mu        mu_1       mu_0 de se_1 se_0 oe te
1   0.5 0.061248525 0.048697670 0.06201531  0    0    0  0  0
2   1.0 0.008541364 0.009464151 0.01326449  0    0    0  0  0
3   2.0 0.011231530 0.010546316 0.02660666  0    0    0  0  0



[1] "Total run time was 11845.844 seconds"
