WARNING: ignoring environment value of R_HOME

Attaching package: ‘dplyr’

The following objects are masked from ‘package:stats’:

    filter, lag

The following objects are masked from ‘package:base’:

    intersect, setdiff, setequal, union

Loading required package: splines
Loading required package: foreach
Loaded gam 1.20.2

Super Learner
Version: 2.0-28
Package created on 2021-05-04

Loading required package: lattice
Loading required package: ggplot2
Loading required package: Matrix
Loaded glmnet 4.1-7
Loading required package: Formula
Loading required package: plotmo
Loading required package: plotrix
Loading required package: TeachingDemos
Loaded gbm 2.1.8.1

Attaching package: ‘xgboost’

The following object is masked from ‘package:dplyr’:

    slice

[1] "[Simulation setting]"
[1] "m: 500"
[1] "deltas: 0.5, 1, 2"
[1] "alphas: 0.4251, 0.5948, 0.7448"
[1] "Sim.id 1"
[1] "Data generated"
[1] "Proposed & IPW estimators"
[1] "   Split: 1"
[1] "   Split: 2"
[1] "Barkley estimators"
[1] "I. Estimate GLMER model"
[1] "IB. get MCFP vecs"
[1] "II. Estimate CFBI"
[1] "II. solving for alpha_num 1 of 3 ; alpha= 0.425133170705204"
[1] "elapsed: 3.36 minutes as of 2023-05-08 19:01:24"
[1] "II. solving for alpha_num 2 of 3 ; alpha= 0.594849404255532"
[1] "elapsed: 3.34 minutes as of 2023-05-08 19:04:44"
[1] "II. solving for alpha_num 3 of 3 ; alpha= 0.744822889124285"
[1] "elapsed: 3.34 minutes as of 2023-05-08 19:08:05"
[1] "III. Estimate MCFP"
[1] "III. alpha num 1 of 3"
[1] "elapsed: 0.35 minutes as of 2023-05-08 19:08:26"
[1] "III. alpha num 2 of 3"
[1] "elapsed: 0.7 minutes as of 2023-05-08 19:08:47"
[1] "III. alpha num 3 of 3"
[1] "elapsed: 1.05 minutes as of 2023-05-08 19:09:08"
[1] "IV. Target estimates"
[1] "Beginning variance calculations. This may take some time."
[1] "V. Variance estimates"
[1] ":model stuff:"
[1] "elapsed: 0.99 minutes as of 2023-05-08 19:10:10"
[1] ":CFBI EstFun:"
[1] "elapsed: 0 minutes as of 2023-05-08 19:10:10"
[1] ":CFBI alpha_num 1 of 3"
[1] "elapsed: 2.84 minutes as of 2023-05-08 19:13:00"
[1] ":CFBI alpha_num 2 of 3"
[1] "elapsed: 5.67 minutes as of 2023-05-08 19:15:50"
[1] ":CFBI alpha_num 3 of 3"
[1] ":MCFP EstFun:"
[1] "elapsed: 8.56 minutes as of 2023-05-08 19:18:44"
[1] ":MCFP alpha_num 1 of 3"
[1] "elapsed: 11.05 minutes as of 2023-05-08 19:21:13"
[1] ":MCFP alpha_num 2 of 3"
[1] "elapsed: 13.52 minutes as of 2023-05-08 19:23:41"
[1] ":MCFP alpha_num 3 of 3"
[1] "elapsed: 16.98 minutes as of 2023-05-08 19:26:09"
[1] ":target ests:"
[1] "elapsed: 0 minutes as of 2023-05-08 19:26:09"
[1] "Var_row_num 1 of 9"
[1] "elapsed: 6.6 minutes as of 2023-05-08 19:32:45"
[1] "elapsed: 0 minutes as of 2023-05-08 19:32:45"
[1] "elapsed: 0 minutes as of 2023-05-08 19:32:45"
[1] "Var_row_num 2 of 9"
[1] "elapsed: 6.7 minutes as of 2023-05-08 19:39:27"
[1] "elapsed: 0 minutes as of 2023-05-08 19:39:27"
[1] "elapsed: 0 minutes as of 2023-05-08 19:39:27"
[1] "Var_row_num 3 of 9"
[1] "elapsed: 6.67 minutes as of 2023-05-08 19:46:08"
[1] "elapsed: 0 minutes as of 2023-05-08 19:46:08"
[1] "elapsed: 0 minutes as of 2023-05-08 19:46:08"
[1] "Var_row_num 4 of 9"
[1] "elapsed: 6.65 minutes as of 2023-05-08 19:52:47"
[1] "elapsed: 0 minutes as of 2023-05-08 19:52:47"
[1] "elapsed: 0 minutes as of 2023-05-08 19:52:47"
[1] "Var_row_num 5 of 9"
[1] "elapsed: 6.7 minutes as of 2023-05-08 19:59:29"
[1] "elapsed: 0 minutes as of 2023-05-08 19:59:29"
[1] "elapsed: 0 minutes as of 2023-05-08 19:59:29"
[1] "Var_row_num 6 of 9"
[1] "elapsed: 6.69 minutes as of 2023-05-08 20:06:10"
[1] "elapsed: 0 minutes as of 2023-05-08 20:06:11"
[1] "elapsed: 0 minutes as of 2023-05-08 20:06:11"
[1] "Var_row_num 7 of 9"
[1] "elapsed: 6.73 minutes as of 2023-05-08 20:12:54"
[1] "elapsed: 0 minutes as of 2023-05-08 20:12:54"
[1] "elapsed: 0 minutes as of 2023-05-08 20:12:54"
[1] "Var_row_num 8 of 9"
[1] "elapsed: 6.71 minutes as of 2023-05-08 20:19:37"
[1] "elapsed: 0 minutes as of 2023-05-08 20:19:37"
[1] "elapsed: 0 minutes as of 2023-05-08 20:19:37"
[1] "Var_row_num 9 of 9"
[1] "elapsed: 6.69 minutes as of 2023-05-08 20:26:18"
[1] "elapsed: 0 minutes as of 2023-05-08 20:26:18"
[1] "Done with all variance calculations"
[1] "Estimates and SE estimates computed"
[1] ""
[[1]]
[[1]]$pro.p
[[1]]$pro.p$est
  delta        mu      mu_1      mu_0         de        se_1        se_0
1   0.5 0.4622291 0.2557871 0.6182471 -0.3624601  0.02274150  0.05859829
2   1.0 0.3644339 0.2330456 0.5596488 -0.3266033  0.00000000  0.00000000
3   2.0 0.2922276 0.2066542 0.5471469 -0.3404928 -0.02639139 -0.01250192
           oe         te
1  0.09779525 -0.3038618
2  0.00000000 -0.3266033
3 -0.07220626 -0.3529947

[[1]]$pro.p$se
  delta         mu       mu_1       mu_0         de       se_1       se_0
1   0.5 0.01843454 0.01720781 0.02570322 0.02797367 0.01454326 0.02107525
2   1.0 0.01179333 0.01058117 0.01561781 0.01390060 0.00000000 0.00000000
3   2.0 0.01800706 0.01840221 0.02450260 0.02464284 0.01389497 0.01963459
          oe         te
1 0.01492480 0.01967351
2 0.00000000 0.01390060
3 0.01382131 0.02071356


[[1]]$pro.np
[[1]]$pro.np$est
  delta        mu      mu_1      mu_0         de        se_1        se_0
1   0.5 0.4419018 0.2634745 0.5695229 -0.3060484  0.01634641 0.041454528
2   1.0 0.3646259 0.2471281 0.5280684 -0.2809403  0.00000000 0.000000000
3   2.0 0.3100722 0.2301110 0.5314934 -0.3013824 -0.01701714 0.003425024
           oe         te
1  0.07727586 -0.2645939
2  0.00000000 -0.2809403
3 -0.05455372 -0.2979574

[[1]]$pro.np$se
  delta         mu       mu_1       mu_0         de       se_1       se_0
1   0.5 0.01697600 0.01632920 0.02238875 0.02392253 0.01327649 0.01769123
2   1.0 0.01207126 0.01106360 0.01499253 0.01249873 0.00000000 0.00000000
3   2.0 0.01998969 0.02045082 0.02339379 0.02295456 0.01558780 0.01833403
          oe         te
1 0.01321365 0.01795462
2 0.00000000 0.01249873
3 0.01546794 0.02133163


[[1]]$ipw.p
[[1]]$ipw.p$est
  delta        mu      mu_1      mu_0         de         se_1        se_0
1   0.5 0.5048758 0.2680053 0.6843534 -0.4163482  0.035662655  0.11910668
2   1.0 0.3665239 0.2323426 0.5652467 -0.3329041  0.000000000  0.00000000
3   2.0 0.3093479 0.2282835 0.5464085 -0.3181250 -0.004059146 -0.01883824
           oe         te
1  0.13835187 -0.2972415
2  0.00000000 -0.3329041
3 -0.05717608 -0.3369633

[[1]]$ipw.p$se
  delta          mu        mu_1       mu_0         de       se_1       se_0
1   0.5 0.049519921 0.022401777 0.07662484 0.06688648 0.02155943 0.06799471
2   1.0 0.009346948 0.009624036 0.01690534 0.01877488 0.00000000 0.00000000
3   2.0 0.020317654 0.020880168 0.02797293 0.02459697 0.01754651 0.03297016
          oe         te
1 0.04625497 0.02038259
2 0.00000000 0.01877488
3 0.02099905 0.03028276


[[1]]$ipw.np
[[1]]$ipw.np$est
  delta        mu      mu_1      mu_0         de         se_1        se_0
1   0.5 0.5038982 0.2749570 0.6729048 -0.3979478  0.034518533  0.12507276
2   1.0 0.3665239 0.2404385 0.5478320 -0.3073936  0.000000000  0.00000000
3   2.0 0.3124588 0.2367006 0.5274010 -0.2907004 -0.003737836 -0.02043104
           oe         te
1  0.13737425 -0.2728750
2  0.00000000 -0.3073936
3 -0.05406512 -0.3111314

[[1]]$ipw.np$se
  delta          mu       mu_1       mu_0         de       se_1       se_0
1   0.5 0.050720276 0.02265506 0.07845809 0.06926395 0.02189529 0.07032539
2   1.0 0.009346948 0.00997753 0.01643421 0.01852543 0.00000000 0.00000000
3   2.0 0.021026960 0.02196942 0.02714336 0.02370515 0.01849881 0.03180606
          oe         te
1 0.04765496 0.02063394
2 0.00000000 0.01852543
3 0.02152421 0.03072447


[[1]]$bar.p
[[1]]$bar.p$est
  delta        mu      mu_1      mu_0 de se_1 se_0 oe te
1   0.5 0.4670623 0.2662900 0.6067320  0    0    0  0  0
2   1.0 0.3675106 0.2361829 0.5498535  0    0    0  0  0
3   2.0 0.2868253 0.2071255 0.5195462  0    0    0  0  0

[[1]]$bar.p$se
  delta          mu        mu_1       mu_0 de se_1 se_0 oe te
1   0.5 0.021943656 0.023789079 0.02482243  0    0    0  0  0
2   1.0 0.008854095 0.009975323 0.01310033  0    0    0  0  0
3   2.0 0.011599248 0.011587843 0.04031363  0    0    0  0  0



[1] "Total run time was 5516.738 seconds"
