WARNING: ignoring environment value of R_HOME

Attaching package: ‘dplyr’

The following objects are masked from ‘package:stats’:

    filter, lag

The following objects are masked from ‘package:base’:

    intersect, setdiff, setequal, union

Loading required package: splines
Loading required package: foreach
Loaded gam 1.20.2

Super Learner
Version: 2.0-28
Package created on 2021-05-04

Loading required package: lattice
Loading required package: ggplot2
Loading required package: Matrix
Loaded glmnet 4.1-7
Loading required package: Formula
Loading required package: plotmo
Loading required package: plotrix
Loading required package: TeachingDemos
Loaded gbm 2.1.8.1

Attaching package: ‘xgboost’

The following object is masked from ‘package:dplyr’:

    slice

[1] "[Simulation setting]"
[1] "m: 500"
[1] "deltas: 0.5, 1, 2"
[1] "alphas: 0.4251, 0.5948, 0.7448"
[1] "Sim.id 1"
[1] "Data generated"
[1] "Proposed & IPW estimators"
[1] "   Split: 1"
[1] "   Split: 2"
[1] "Barkley estimators"
[1] "I. Estimate GLMER model"
boundary (singular) fit: see help('isSingular')
[1] "IB. get MCFP vecs"
[1] "II. Estimate CFBI"
[1] "II. solving for alpha_num 1 of 3 ; alpha= 0.425133170705204"
[1] "elapsed: 6.79 minutes as of 2023-05-08 18:39:38"
[1] "II. solving for alpha_num 2 of 3 ; alpha= 0.594849404255532"
[1] "elapsed: 7.57 minutes as of 2023-05-08 18:47:12"
[1] "II. solving for alpha_num 3 of 3 ; alpha= 0.744822889124285"
[1] "elapsed: 6.74 minutes as of 2023-05-08 18:53:56"
[1] "III. Estimate MCFP"
[1] "III. alpha num 1 of 3"
[1] "elapsed: 0.7 minutes as of 2023-05-08 18:54:38"
[1] "III. alpha num 2 of 3"
[1] "elapsed: 1.41 minutes as of 2023-05-08 18:55:21"
[1] "III. alpha num 3 of 3"
[1] "elapsed: 2.11 minutes as of 2023-05-08 18:56:03"
[1] "IV. Target estimates"
[1] "Beginning variance calculations. This may take some time."
[1] "V. Variance estimates"
[1] ":model stuff:"
[1] "elapsed: 2.14 minutes as of 2023-05-08 18:58:17"
[1] ":CFBI EstFun:"
[1] "elapsed: 0 minutes as of 2023-05-08 18:58:17"
[1] ":CFBI alpha_num 1 of 3"
[1] "elapsed: 5.89 minutes as of 2023-05-08 19:04:10"
[1] ":CFBI alpha_num 2 of 3"
[1] "elapsed: 11.79 minutes as of 2023-05-08 19:10:05"
[1] ":CFBI alpha_num 3 of 3"
[1] ":MCFP EstFun:"
[1] "elapsed: 17.7 minutes as of 2023-05-08 19:15:59"
[1] ":MCFP alpha_num 1 of 3"
[1] "elapsed: 22.65 minutes as of 2023-05-08 19:20:56"
[1] ":MCFP alpha_num 2 of 3"
[1] "elapsed: 27.58 minutes as of 2023-05-08 19:25:52"
[1] ":MCFP alpha_num 3 of 3"
[1] "elapsed: 34.68 minutes as of 2023-05-08 19:30:49"
[1] ":target ests:"
[1] "elapsed: 0 minutes as of 2023-05-08 19:30:49"
[1] "Var_row_num 1 of 9"
[1] "elapsed: 12.02 minutes as of 2023-05-08 19:42:50"
[1] "elapsed: 0 minutes as of 2023-05-08 19:42:50"
[1] "elapsed: 0 minutes as of 2023-05-08 19:42:50"
[1] "Var_row_num 2 of 9"
[1] "elapsed: 12.09 minutes as of 2023-05-08 19:54:56"
[1] "elapsed: 0 minutes as of 2023-05-08 19:54:56"
[1] "elapsed: 0 minutes as of 2023-05-08 19:54:56"
[1] "Var_row_num 3 of 9"
[1] "elapsed: 12.1 minutes as of 2023-05-08 20:07:02"
[1] "elapsed: 0 minutes as of 2023-05-08 20:07:02"
[1] "elapsed: 0 minutes as of 2023-05-08 20:07:02"
[1] "Var_row_num 4 of 9"
[1] "elapsed: 12.04 minutes as of 2023-05-08 20:19:04"
[1] "elapsed: 0 minutes as of 2023-05-08 20:19:05"
[1] "elapsed: 0 minutes as of 2023-05-08 20:19:05"
[1] "Var_row_num 5 of 9"
[1] "elapsed: 9.37 minutes as of 2023-05-08 20:28:27"
[1] "elapsed: 0 minutes as of 2023-05-08 20:28:27"
[1] "elapsed: 0 minutes as of 2023-05-08 20:28:27"
[1] "Var_row_num 6 of 9"
[1] "elapsed: 9.78 minutes as of 2023-05-08 20:38:13"
[1] "elapsed: 0 minutes as of 2023-05-08 20:38:14"
[1] "elapsed: 0 minutes as of 2023-05-08 20:38:14"
[1] "Var_row_num 7 of 9"
[1] "elapsed: 10.65 minutes as of 2023-05-08 20:48:53"
[1] "elapsed: 0 minutes as of 2023-05-08 20:48:53"
[1] "elapsed: 0 minutes as of 2023-05-08 20:48:53"
[1] "Var_row_num 8 of 9"
[1] "elapsed: 9.68 minutes as of 2023-05-08 20:58:33"
[1] "elapsed: 0 minutes as of 2023-05-08 20:58:34"
[1] "elapsed: 0 minutes as of 2023-05-08 20:58:34"
[1] "Var_row_num 9 of 9"
[1] "elapsed: 6.27 minutes as of 2023-05-08 21:04:50"
[1] "elapsed: 0 minutes as of 2023-05-08 21:04:50"
[1] "Done with all variance calculations"
[1] "Estimates and SE estimates computed"
[1] ""
[[1]]
[[1]]$pro.p
[[1]]$pro.p$est
  delta        mu      mu_1      mu_0         de        se_1        se_0
1   0.5 0.4303230 0.2374972 0.5676951 -0.3301979 0.008217088  0.01228773
2   1.0 0.3638279 0.2292801 0.5554073 -0.3261272 0.000000000  0.00000000
3   2.0 0.3147641 0.2481262 0.5033047 -0.2551785 0.018846109 -0.05210263
           oe         te
1  0.06649514 -0.3179101
2  0.00000000 -0.3261272
3 -0.04906377 -0.3072811

[[1]]$pro.p$se
  delta         mu       mu_1       mu_0         de       se_1       se_0
1   0.5 0.02059525 0.01650771 0.02648393 0.02102652 0.01339736 0.02276885
2   1.0 0.01150085 0.01064080 0.01516752 0.01399849 0.00000000 0.00000000
3   2.0 0.03241728 0.03867895 0.02321413 0.03919489 0.03650880 0.01789815
          oe         te
1 0.01790672 0.01840220
2 0.00000000 0.01399849
3 0.03025874 0.04007639


[[1]]$pro.np
[[1]]$pro.np$est
  delta        mu      mu_1      mu_0         de        se_1         se_0
1   0.5 0.4180835 0.2495758 0.5332322 -0.2836564 0.006317135  0.003756062
2   1.0 0.3647546 0.2432587 0.5294762 -0.2862175 0.000000000  0.000000000
3   2.0 0.3185522 0.2534203 0.4951130 -0.2416927 0.010161640 -0.034363144
           oe         te
1  0.05332888 -0.2799004
2  0.00000000 -0.2862175
3 -0.04620241 -0.2760559

[[1]]$pro.np$se
  delta         mu       mu_1       mu_0         de        se_1      se_0
1   0.5 0.01757014 0.01298596 0.02418879 0.02123593 0.009161282 0.0205884
2   1.0 0.01182510 0.01098651 0.01450240 0.01230488 0.000000000 0.0000000
3   2.0 0.02893798 0.03362754 0.02190306 0.03289036 0.030983899 0.0161559
          oe         te
1 0.01454954 0.01427688
2 0.00000000 0.01230488
3 0.02606418 0.03421837


[[1]]$ipw.p
[[1]]$ipw.p$est
  delta        mu      mu_1      mu_0         de         se_1        se_0
1   0.5 0.4007363 0.2288789 0.5229995 -0.2941206  0.002149253 -0.02255716
2   1.0 0.3582091 0.2267296 0.5455567 -0.3188270  0.000000000  0.00000000
3   2.0 0.2910353 0.2234733 0.4850007 -0.2615274 -0.003256283 -0.06055591
           oe         te
1  0.04252728 -0.3166778
2  0.00000000 -0.3188270
3 -0.06717375 -0.3220833

[[1]]$ipw.p$se
  delta          mu        mu_1       mu_0         de       se_1       se_0
1   0.5 0.039652933 0.018152063 0.06064657 0.05359524 0.01703538 0.05492351
2   1.0 0.009043175 0.009546353 0.01603588 0.01814664 0.00000000 0.00000000
3   2.0 0.026334474 0.031714782 0.02241067 0.03040672 0.02929142 0.02628457
          oe         te
1 0.03725142 0.01852108
2 0.00000000 0.01814664
3 0.02660315 0.03835659


[[1]]$ipw.np
[[1]]$ipw.np$est
  delta        mu      mu_1      mu_0         de         se_1        se_0
1   0.5 0.3986793 0.2343908 0.5112139 -0.2768232  0.001756303 -0.01835422
2   1.0 0.3582091 0.2326345 0.5295682 -0.2969337  0.000000000  0.00000000
3   2.0 0.2913448 0.2273058 0.4678940 -0.2405882 -0.005328667 -0.06167414
           oe         te
1  0.04047026 -0.2951774
2  0.00000000 -0.2969337
3 -0.06686425 -0.3022624

[[1]]$ipw.np$se
  delta          mu        mu_1       mu_0         de       se_1       se_0
1   0.5 0.039027835 0.017978284 0.05929263 0.05300822 0.01687065 0.05376850
2   1.0 0.009043175 0.009793464 0.01564332 0.01793403 0.00000000 0.00000000
3   2.0 0.026209000 0.032123562 0.02175067 0.03052979 0.02955252 0.02548372
          oe         te
1 0.03669601 0.01815916
2 0.00000000 0.01793403
3 0.02641133 0.03846352


[[1]]$bar.p
[[1]]$bar.p$est
  delta        mu      mu_1      mu_0 de se_1 se_0 oe te
1   0.5 0.4081069 0.2268478 0.5409474  0    0    0  0  0
2   1.0 0.3571258 0.2297080 0.5241566  0    0    0  0  0
3   2.0 0.2739977 0.2057732 0.4013672  0    0    0  0  0

[[1]]$bar.p$se
  delta          mu        mu_1       mu_0 de se_1 se_0 oe te
1   0.5 0.026581117 0.020567007 0.03190302  0    0    0  0  0
2   1.0 0.008567745 0.009729211 0.01288061  0    0    0  0  0
3   2.0 0.018346155 0.018586202 0.02448518  0    0    0  0  0



[1] "Total run time was 9484.86 seconds"
