WARNING: ignoring environment value of R_HOME

Attaching package: ‘dplyr’

The following objects are masked from ‘package:stats’:

    filter, lag

The following objects are masked from ‘package:base’:

    intersect, setdiff, setequal, union

Loading required package: splines
Loading required package: foreach
Loaded gam 1.20.2

Super Learner
Version: 2.0-28
Package created on 2021-05-04

Loading required package: lattice
Loading required package: ggplot2
Loading required package: Matrix
Loaded glmnet 4.1-7
Loading required package: Formula
Loading required package: plotmo
Loading required package: plotrix
Loading required package: TeachingDemos
Loaded gbm 2.1.8.1

Attaching package: ‘xgboost’

The following object is masked from ‘package:dplyr’:

    slice

[1] "[Simulation setting]"
[1] "m: 500"
[1] "deltas: 0.5, 1, 2"
[1] "alphas: 0.4251, 0.5948, 0.7448"
[1] "Sim.id 1"
[1] "Data generated"
[1] "Proposed & IPW estimators"
[1] "   Split: 1"
[1] "   Split: 2"
[1] "Barkley estimators"
[1] "I. Estimate GLMER model"
[1] "IB. get MCFP vecs"
[1] "II. Estimate CFBI"
[1] "II. solving for alpha_num 1 of 3 ; alpha= 0.425133170705204"
[1] "elapsed: 5.68 minutes as of 2023-05-08 21:05:09"
[1] "II. solving for alpha_num 2 of 3 ; alpha= 0.594849404255532"
[1] "elapsed: 5.74 minutes as of 2023-05-08 21:10:53"
[1] "II. solving for alpha_num 3 of 3 ; alpha= 0.744822889124285"
[1] "elapsed: 6.77 minutes as of 2023-05-08 21:17:40"
[1] "III. Estimate MCFP"
[1] "III. alpha num 1 of 3"
[1] "elapsed: 0.55 minutes as of 2023-05-08 21:18:13"
[1] "III. alpha num 2 of 3"
[1] "elapsed: 1.1 minutes as of 2023-05-08 21:18:46"
[1] "III. alpha num 3 of 3"
[1] "elapsed: 1.65 minutes as of 2023-05-08 21:19:19"
[1] "IV. Target estimates"
[1] "Beginning variance calculations. This may take some time."
[1] "V. Variance estimates"
[1] ":model stuff:"
[1] "elapsed: 1.71 minutes as of 2023-05-08 21:21:06"
[1] ":CFBI EstFun:"
[1] "elapsed: 0 minutes as of 2023-05-08 21:21:06"
[1] ":CFBI alpha_num 1 of 3"
[1] "elapsed: 4.8 minutes as of 2023-05-08 21:25:54"
[1] ":CFBI alpha_num 2 of 3"
[1] "elapsed: 9.62 minutes as of 2023-05-08 21:30:43"
[1] ":CFBI alpha_num 3 of 3"
[1] ":MCFP EstFun:"
[1] "elapsed: 14.44 minutes as of 2023-05-08 21:35:32"
[1] ":MCFP alpha_num 1 of 3"
[1] "elapsed: 18.45 minutes as of 2023-05-08 21:39:33"
[1] ":MCFP alpha_num 2 of 3"
[1] "elapsed: 22.56 minutes as of 2023-05-08 21:43:39"
[1] ":MCFP alpha_num 3 of 3"
[1] "elapsed: 28.25 minutes as of 2023-05-08 21:47:38"
[1] ":target ests:"
[1] "elapsed: 0 minutes as of 2023-05-08 21:47:38"
[1] "Var_row_num 1 of 9"
[1] "elapsed: 10.05 minutes as of 2023-05-08 21:57:41"
[1] "elapsed: 0 minutes as of 2023-05-08 21:57:41"
[1] "elapsed: 0 minutes as of 2023-05-08 21:57:41"
[1] "Var_row_num 2 of 9"
[1] "elapsed: 10.32 minutes as of 2023-05-08 22:08:00"
[1] "elapsed: 0 minutes as of 2023-05-08 22:08:00"
[1] "elapsed: 0 minutes as of 2023-05-08 22:08:00"
[1] "Var_row_num 3 of 9"
[1] "elapsed: 9.9 minutes as of 2023-05-08 22:17:54"
[1] "elapsed: 0 minutes as of 2023-05-08 22:17:54"
[1] "elapsed: 0 minutes as of 2023-05-08 22:17:54"
[1] "Var_row_num 4 of 9"
[1] "elapsed: 9.94 minutes as of 2023-05-08 22:27:50"
[1] "elapsed: 0 minutes as of 2023-05-08 22:27:50"
[1] "elapsed: 0 minutes as of 2023-05-08 22:27:50"
[1] "Var_row_num 5 of 9"
[1] "elapsed: 9.97 minutes as of 2023-05-08 22:37:49"
[1] "elapsed: 0 minutes as of 2023-05-08 22:37:49"
[1] "elapsed: 0 minutes as of 2023-05-08 22:37:49"
[1] "Var_row_num 6 of 9"
[1] "elapsed: 10.01 minutes as of 2023-05-08 22:47:49"
[1] "elapsed: 0.01 minutes as of 2023-05-08 22:47:50"
[1] "elapsed: 0 minutes as of 2023-05-08 22:47:50"
[1] "Var_row_num 7 of 9"
[1] "elapsed: 10 minutes as of 2023-05-08 22:57:49"
[1] "elapsed: 0 minutes as of 2023-05-08 22:57:50"
[1] "elapsed: 0 minutes as of 2023-05-08 22:57:50"
[1] "Var_row_num 8 of 9"
[1] "elapsed: 9.97 minutes as of 2023-05-08 23:07:47"
[1] "elapsed: 0 minutes as of 2023-05-08 23:07:48"
[1] "elapsed: 0 minutes as of 2023-05-08 23:07:48"
[1] "Var_row_num 9 of 9"
[1] "elapsed: 9.97 minutes as of 2023-05-08 23:17:46"
[1] "elapsed: 0 minutes as of 2023-05-08 23:17:46"
[1] "Done with all variance calculations"
[1] "Estimates and SE estimates computed"
[1] ""
[[1]]
[[1]]$pro.p
[[1]]$pro.p$est
  delta        mu      mu_1      mu_0         de        se_1        se_0
1   0.5 0.4618445 0.2736641 0.5938652 -0.3202011  0.03132414  0.02582590
2   1.0 0.3780916 0.2423400 0.5680393 -0.3256993  0.00000000  0.00000000
3   2.0 0.2946601 0.2112369 0.5304361 -0.3191992 -0.03110305 -0.03760317
           oe         te
1  0.08375287 -0.2943752
2  0.00000000 -0.3256993
3 -0.08343150 -0.3568024

[[1]]$pro.p$se
  delta         mu       mu_1       mu_0         de       se_1       se_0
1   0.5 0.02102641 0.01599616 0.02825612 0.02488472 0.01244985 0.02231715
2   1.0 0.01192913 0.01086849 0.01544581 0.01372201 0.00000000 0.00000000
3   2.0 0.01834227 0.01762108 0.02432724 0.02096809 0.01333734 0.01991957
          oe         te
1 0.01717772 0.01684480
2 0.00000000 0.01372201
3 0.01460465 0.02047098


[[1]]$pro.np
[[1]]$pro.np$est
  delta        mu      mu_1      mu_0         de        se_1        se_0
1   0.5 0.4486685 0.2735422 0.5677774 -0.2942351  0.02284324  0.02186284
2   1.0 0.3763134 0.2506990 0.5459146 -0.2952155  0.00000000  0.00000000
3   2.0 0.3038557 0.2295964 0.5072832 -0.2776869 -0.02110263 -0.03863132
           oe         te
1  0.07235508 -0.2723723
2  0.00000000 -0.2952155
3 -0.07245767 -0.3163182

[[1]]$pro.np$se
  delta         mu       mu_1       mu_0         de       se_1       se_0
1   0.5 0.01845039 0.01488343 0.02482608 0.02216649 0.01134147 0.01977955
2   1.0 0.01217897 0.01116271 0.01487185 0.01208366 0.00000000 0.00000000
3   2.0 0.01931366 0.01942734 0.02265133 0.01982160 0.01484262 0.01766508
          oe         te
1 0.01468566 0.01497926
2 0.00000000 0.01208366
3 0.01521967 0.02091562


[[1]]$ipw.p
[[1]]$ipw.p$est
  delta        mu      mu_1      mu_0         de        se_1        se_0
1   0.5 0.4873661 0.2773980 0.6363663 -0.3589684  0.04223429  0.07572081
2   1.0 0.3699600 0.2351637 0.5606455 -0.3254819  0.00000000  0.00000000
3   2.0 0.2900892 0.2119441 0.5097471 -0.2978030 -0.02321953 -0.05089837
           oe         te
1  0.11740611 -0.2832476
2  0.00000000 -0.3254819
3 -0.07987079 -0.3487014

[[1]]$ipw.p$se
  delta          mu       mu_1       mu_0         de       se_1       se_0
1   0.5 0.047833466 0.02365569 0.06882413 0.05450862 0.02227418 0.06004926
2   1.0 0.009770337 0.00965869 0.01714943 0.01836283 0.00000000 0.00000000
3   2.0 0.017209217 0.01896239 0.02276045 0.02342836 0.01584849 0.02804527
         oe         te
1 0.0440955 0.02018532
2 0.0000000 0.01836283
3 0.0184101 0.02887567


[[1]]$ipw.np
[[1]]$ipw.np$est
  delta        mu      mu_1      mu_0         de        se_1        se_0
1   0.5 0.4769981 0.2815307 0.6118239 -0.3302932  0.03973457  0.06596953
2   1.0 0.3699600 0.2417962 0.5458544 -0.3040582  0.00000000  0.00000000
3   2.0 0.2948646 0.2206399 0.4995488 -0.2789088 -0.02115624 -0.04630563
           oe         te
1  0.10703809 -0.2643237
2  0.00000000 -0.3040582
3 -0.07509537 -0.3252145

[[1]]$ipw.np$se
  delta          mu        mu_1       mu_0         de       se_1       se_0
1   0.5 0.046257301 0.023807913 0.06611357 0.05235935 0.02243087 0.05760924
2   1.0 0.009770337 0.009948018 0.01671295 0.01805368 0.00000000 0.00000000
3   2.0 0.017813391 0.020033195 0.02272279 0.02360327 0.01678373 0.02765386
          oe         te
1 0.04258222 0.02027346
2 0.00000000 0.01805368
3 0.01889407 0.02934001


[[1]]$bar.p
[[1]]$bar.p$est
  delta        mu      mu_1      mu_0 de se_1 se_0 oe te
1   0.5 0.4569423 0.2673454 0.5884104  0    0    0  0  0
2   1.0 0.3639510 0.2394936 0.5345828  0    0    0  0  0
3   2.0 0.2752384 0.2027714 0.4420171  0    0    0  0  0

[[1]]$bar.p$se
  delta          mu        mu_1       mu_0 de se_1 se_0 oe te
1   0.5 0.020992238 0.019710210 0.02335595  0    0    0  0  0
2   1.0 0.008903368 0.009908576 0.01351141  0    0    0  0  0
3   2.0 0.011623073 0.012294017 0.02440509  0    0    0  0  0



[1] "Total run time was 8616.725 seconds"
