WARNING: ignoring environment value of R_HOME

Attaching package: ‘dplyr’

The following objects are masked from ‘package:stats’:

    filter, lag

The following objects are masked from ‘package:base’:

    intersect, setdiff, setequal, union

Loading required package: splines
Loading required package: foreach
Loaded gam 1.20.2

Super Learner
Version: 2.0-28
Package created on 2021-05-04

Loading required package: lattice
Loading required package: ggplot2
Loading required package: Matrix
Loaded glmnet 4.1-7
Loading required package: Formula
Loading required package: plotmo
Loading required package: plotrix
Loading required package: TeachingDemos
Loaded gbm 2.1.8.1

Attaching package: ‘xgboost’

The following object is masked from ‘package:dplyr’:

    slice

[1] "[Simulation setting]"
[1] "m: 500"
[1] "deltas: 0.5, 1, 2"
[1] "alphas: 0.4251, 0.5948, 0.7448"
[1] "Sim.id 1"
[1] "Data generated"
[1] "Proposed & IPW estimators"
[1] "   Split: 1"
[1] "   Split: 2"
[1] "Barkley estimators"
[1] "I. Estimate GLMER model"
[1] "IB. get MCFP vecs"
[1] "II. Estimate CFBI"
[1] "II. solving for alpha_num 1 of 3 ; alpha= 0.425133170705204"
[1] "elapsed: 3.95 minutes as of 2023-05-08 19:28:01"
[1] "II. solving for alpha_num 2 of 3 ; alpha= 0.594849404255532"
[1] "elapsed: 4.22 minutes as of 2023-05-08 19:32:14"
[1] "II. solving for alpha_num 3 of 3 ; alpha= 0.744822889124285"
[1] "elapsed: 3.67 minutes as of 2023-05-08 19:35:54"
[1] "III. Estimate MCFP"
[1] "III. alpha num 1 of 3"
[1] "elapsed: 0.4 minutes as of 2023-05-08 19:36:18"
[1] "III. alpha num 2 of 3"
[1] "elapsed: 0.82 minutes as of 2023-05-08 19:36:43"
[1] "III. alpha num 3 of 3"
[1] "elapsed: 1.21 minutes as of 2023-05-08 19:37:07"
[1] "IV. Target estimates"
[1] "Beginning variance calculations. This may take some time."
[1] "V. Variance estimates"
[1] ":model stuff:"
[1] "elapsed: 1.14 minutes as of 2023-05-08 19:38:18"
[1] ":CFBI EstFun:"
[1] "elapsed: 0 minutes as of 2023-05-08 19:38:18"
[1] ":CFBI alpha_num 1 of 3"
[1] "elapsed: 3.22 minutes as of 2023-05-08 19:41:31"
[1] ":CFBI alpha_num 2 of 3"
[1] "elapsed: 6.53 minutes as of 2023-05-08 19:44:50"
[1] ":CFBI alpha_num 3 of 3"
[1] ":MCFP EstFun:"
[1] "elapsed: 9.79 minutes as of 2023-05-08 19:48:05"
[1] ":MCFP alpha_num 1 of 3"
[1] "elapsed: 12.65 minutes as of 2023-05-08 19:50:57"
[1] ":MCFP alpha_num 2 of 3"
[1] "elapsed: 15.51 minutes as of 2023-05-08 19:53:49"
[1] ":MCFP alpha_num 3 of 3"
[1] "elapsed: 19.44 minutes as of 2023-05-08 19:56:36"
[1] ":target ests:"
[1] "elapsed: 0 minutes as of 2023-05-08 19:56:36"
[1] "Var_row_num 1 of 9"
[1] "elapsed: 7.51 minutes as of 2023-05-08 20:04:07"
[1] "elapsed: 0 minutes as of 2023-05-08 20:04:07"
[1] "elapsed: 0 minutes as of 2023-05-08 20:04:07"
[1] "Var_row_num 2 of 9"
[1] "elapsed: 7.27 minutes as of 2023-05-08 20:11:23"
[1] "elapsed: 0 minutes as of 2023-05-08 20:11:23"
[1] "elapsed: 0 minutes as of 2023-05-08 20:11:23"
[1] "Var_row_num 3 of 9"
[1] "elapsed: 7.64 minutes as of 2023-05-08 20:19:01"
[1] "elapsed: 0 minutes as of 2023-05-08 20:19:01"
[1] "elapsed: 0 minutes as of 2023-05-08 20:19:01"
[1] "Var_row_num 4 of 9"
[1] "elapsed: 11.43 minutes as of 2023-05-08 20:30:27"
[1] "elapsed: 0 minutes as of 2023-05-08 20:30:27"
[1] "elapsed: 0 minutes as of 2023-05-08 20:30:27"
[1] "Var_row_num 5 of 9"
[1] "elapsed: 11.77 minutes as of 2023-05-08 20:42:13"
[1] "elapsed: 0 minutes as of 2023-05-08 20:42:13"
[1] "elapsed: 0 minutes as of 2023-05-08 20:42:13"
[1] "Var_row_num 6 of 9"
[1] "elapsed: 11.75 minutes as of 2023-05-08 20:53:59"
[1] "elapsed: 0 minutes as of 2023-05-08 20:53:59"
[1] "elapsed: 0 minutes as of 2023-05-08 20:53:59"
[1] "Var_row_num 7 of 9"
[1] "elapsed: 11.57 minutes as of 2023-05-08 21:05:33"
[1] "elapsed: 0 minutes as of 2023-05-08 21:05:33"
[1] "elapsed: 0 minutes as of 2023-05-08 21:05:33"
[1] "Var_row_num 8 of 9"
[1] "elapsed: 11.36 minutes as of 2023-05-08 21:16:55"
[1] "elapsed: 0 minutes as of 2023-05-08 21:16:55"
[1] "elapsed: 0 minutes as of 2023-05-08 21:16:55"
[1] "Var_row_num 9 of 9"
[1] "elapsed: 12.13 minutes as of 2023-05-08 21:29:03"
[1] "elapsed: 0 minutes as of 2023-05-08 21:29:03"
[1] "Done with all variance calculations"
[1] "Estimates and SE estimates computed"
[1] ""
[[1]]
[[1]]$pro.p
[[1]]$pro.p$est
  delta        mu      mu_1      mu_0         de        se_1       se_0
1   0.5 0.4409381 0.2591558 0.5732977 -0.3141419  0.03525878 0.02154369
2   1.0 0.3579772 0.2238970 0.5517540 -0.3278570  0.00000000 0.00000000
3   2.0 0.3051959 0.2129834 0.5646139 -0.3516305 -0.01091358 0.01285988
           oe         te
1  0.08296094 -0.2925983
2  0.00000000 -0.3278570
3 -0.05278125 -0.3387706

[[1]]$pro.p$se
  delta         mu       mu_1       mu_0         de       se_1       se_0
1   0.5 0.02216910 0.01688221 0.02995102 0.02744848 0.01371991 0.02544306
2   1.0 0.01190254 0.01054890 0.01547913 0.01371912 0.00000000 0.00000000
3   2.0 0.02108206 0.02115991 0.02531752 0.02361181 0.01679609 0.01982371
          oe         te
1 0.01874546 0.01771757
2 0.00000000 0.01371912
3 0.01667004 0.02278976


[[1]]$pro.np
[[1]]$pro.np$est
  delta        mu      mu_1      mu_0         de        se_1       se_0
1   0.5 0.4262160 0.2582578 0.5410204 -0.2827626  0.02772707 0.01203821
2   1.0 0.3570594 0.2305307 0.5289822 -0.2984514  0.00000000 0.00000000
3   2.0 0.3055315 0.2127535 0.5547796 -0.3420261 -0.01777725 0.02579742
           oe         te
1  0.06915659 -0.2707244
2  0.00000000 -0.2984514
3 -0.05152792 -0.3162287

[[1]]$pro.np$se
  delta         mu       mu_1       mu_0         de       se_1       se_0
1   0.5 0.01865910 0.01572612 0.02338482 0.02003197 0.01238661 0.01882584
2   1.0 0.01202804 0.01087352 0.01492636 0.01260036 0.00000000 0.00000000
3   2.0 0.02095204 0.02074562 0.02579597 0.02322663 0.01579656 0.02058807
          oe         te
1 0.01505126 0.01618713
2 0.00000000 0.01260036
3 0.01610498 0.02151869


[[1]]$ipw.p
[[1]]$ipw.p$est
  delta        mu      mu_1      mu_0         de         se_1         se_0
1   0.5 0.4821201 0.2712499 0.6351408 -0.3638909  0.047918354  0.082759596
2   1.0 0.3588445 0.2233316 0.5523812 -0.3290496  0.000000000  0.000000000
3   2.0 0.3013604 0.2163916 0.5453646 -0.3289731 -0.006939997 -0.007016566
           oe         te
1  0.12327561 -0.2811313
2  0.00000000 -0.3290496
3 -0.05748412 -0.3359896

[[1]]$ipw.p$se
  delta          mu        mu_1       mu_0         de       se_1       se_0
1   0.5 0.053335938 0.022926079 0.07960917 0.06661832 0.02199591 0.07371220
2   1.0 0.009262816 0.009374444 0.01568872 0.01693590 0.00000000 0.00000000
3   2.0 0.020133939 0.022175510 0.02624579 0.02649454 0.01902353 0.03056106
          oe         te
1 0.05082020 0.01999324
2 0.00000000 0.01693590
3 0.02078924 0.03027579


[[1]]$ipw.np
[[1]]$ipw.np$est
  delta        mu      mu_1      mu_0         de         se_1         se_0
1   0.5 0.4749267 0.2745653 0.6168725 -0.3423072  0.045256427  0.078874245
2   1.0 0.3588445 0.2293089 0.5379983 -0.3086894  0.000000000  0.000000000
3   2.0 0.3073851 0.2248203 0.5361608 -0.3113406 -0.004488643 -0.001837462
          oe         te
1  0.1160822 -0.2634330
2  0.0000000 -0.3086894
3 -0.0514594 -0.3131780

[[1]]$ipw.np$se
  delta          mu        mu_1       mu_0         de       se_1       se_0
1   0.5 0.052793687 0.023034569 0.07778284 0.06476003 0.02220085 0.07210467
2   1.0 0.009262816 0.009648669 0.01537208 0.01679996 0.00000000 0.00000000
3   2.0 0.020967901 0.023466118 0.02634336 0.02673624 0.02013873 0.03036654
          oe         te
1 0.05040621 0.02016890
2 0.00000000 0.01679996
3 0.02143700 0.03105149


[[1]]$bar.p
[[1]]$bar.p$est
  delta        mu      mu_1      mu_0 de se_1 se_0 oe te
1   0.5 0.4229205 0.2815640 0.5499752  0    0    0  0  0
2   1.0 0.3566453 0.2317198 0.5474973  0    0    0  0  0
3   2.0 0.2744698 0.1911544 0.4948142  0    0    0  0  0

[[1]]$bar.p$se
  delta          mu        mu_1       mu_0 de se_1 se_0 oe te
1   0.5 0.022178153 0.030616527 0.02195812  0    0    0  0  0
2   1.0 0.008701555 0.009758224 0.01354997  0    0    0  0  0
3   2.0 0.011784897 0.011891448 0.02977648  0    0    0  0  0



[1] "Total run time was 7813.529 seconds"
