WARNING: ignoring environment value of R_HOME

Attaching package: ‘dplyr’

The following objects are masked from ‘package:stats’:

    filter, lag

The following objects are masked from ‘package:base’:

    intersect, setdiff, setequal, union

Loading required package: splines
Loading required package: foreach
Loaded gam 1.20.2

Super Learner
Version: 2.0-28
Package created on 2021-05-04

Loading required package: lattice
Loading required package: ggplot2
Loading required package: Matrix
Loaded glmnet 4.1-7
Loading required package: Formula
Loading required package: plotmo
Loading required package: plotrix
Loading required package: TeachingDemos
Loaded gbm 2.1.8.1

Attaching package: ‘xgboost’

The following object is masked from ‘package:dplyr’:

    slice

[1] "[Simulation setting]"
[1] "m: 500"
[1] "deltas: 0.5, 1, 2"
[1] "alphas: 0.4251, 0.5948, 0.7448"
[1] "Sim.id 1"
[1] "Data generated"
[1] "Proposed & IPW estimators"
[1] "   Split: 1"
[1] "   Split: 2"
[1] "Barkley estimators"
[1] "I. Estimate GLMER model"
[1] "IB. get MCFP vecs"
[1] "II. Estimate CFBI"
[1] "II. solving for alpha_num 1 of 3 ; alpha= 0.425133170705204"
[1] "elapsed: 6.57 minutes as of 2023-05-08 20:25:19"
[1] "II. solving for alpha_num 2 of 3 ; alpha= 0.594849404255532"
[1] "elapsed: 7.28 minutes as of 2023-05-08 20:32:36"
[1] "II. solving for alpha_num 3 of 3 ; alpha= 0.744822889124285"
[1] "elapsed: 6.41 minutes as of 2023-05-08 20:39:01"
[1] "III. Estimate MCFP"
[1] "III. alpha num 1 of 3"
[1] "elapsed: 0.65 minutes as of 2023-05-08 20:39:40"
[1] "III. alpha num 2 of 3"
[1] "elapsed: 1.27 minutes as of 2023-05-08 20:40:17"
[1] "III. alpha num 3 of 3"
[1] "elapsed: 1.94 minutes as of 2023-05-08 20:40:57"
[1] "IV. Target estimates"
[1] "Beginning variance calculations. This may take some time."
[1] "V. Variance estimates"
[1] ":model stuff:"
[1] "elapsed: 1.92 minutes as of 2023-05-08 20:42:57"
[1] ":CFBI EstFun:"
[1] "elapsed: 0 minutes as of 2023-05-08 20:42:57"
[1] ":CFBI alpha_num 1 of 3"
[1] "elapsed: 5.66 minutes as of 2023-05-08 20:48:37"
[1] ":CFBI alpha_num 2 of 3"
[1] "elapsed: 11.37 minutes as of 2023-05-08 20:54:19"
[1] ":CFBI alpha_num 3 of 3"
[1] ":MCFP EstFun:"
[1] "elapsed: 17.43 minutes as of 2023-05-08 21:00:23"
[1] ":MCFP alpha_num 1 of 3"
[1] "elapsed: 22.11 minutes as of 2023-05-08 21:05:04"
[1] ":MCFP alpha_num 2 of 3"
[1] "elapsed: 26.61 minutes as of 2023-05-08 21:09:34"
[1] ":MCFP alpha_num 3 of 3"
[1] "elapsed: 33.03 minutes as of 2023-05-08 21:14:03"
[1] ":target ests:"
[1] "elapsed: 0 minutes as of 2023-05-08 21:14:03"
[1] "Var_row_num 1 of 9"
[1] "elapsed: 11.44 minutes as of 2023-05-08 21:25:30"
[1] "elapsed: 0 minutes as of 2023-05-08 21:25:30"
[1] "elapsed: 0 minutes as of 2023-05-08 21:25:30"
[1] "Var_row_num 2 of 9"
[1] "elapsed: 11.24 minutes as of 2023-05-08 21:36:44"
[1] "elapsed: 0 minutes as of 2023-05-08 21:36:44"
[1] "elapsed: 0 minutes as of 2023-05-08 21:36:44"
[1] "Var_row_num 3 of 9"
[1] "elapsed: 11.17 minutes as of 2023-05-08 21:47:55"
[1] "elapsed: 0 minutes as of 2023-05-08 21:47:55"
[1] "elapsed: 0 minutes as of 2023-05-08 21:47:55"
[1] "Var_row_num 4 of 9"
[1] "elapsed: 10.39 minutes as of 2023-05-08 21:58:18"
[1] "elapsed: 0 minutes as of 2023-05-08 21:58:18"
[1] "elapsed: 0 minutes as of 2023-05-08 21:58:18"
[1] "Var_row_num 5 of 9"
[1] "elapsed: 10.86 minutes as of 2023-05-08 22:09:10"
[1] "elapsed: 0 minutes as of 2023-05-08 22:09:10"
[1] "elapsed: 0 minutes as of 2023-05-08 22:09:10"
[1] "Var_row_num 6 of 9"
[1] "elapsed: 10.53 minutes as of 2023-05-08 22:19:42"
[1] "elapsed: 0 minutes as of 2023-05-08 22:19:42"
[1] "elapsed: 0 minutes as of 2023-05-08 22:19:42"
[1] "Var_row_num 7 of 9"
[1] "elapsed: 10.29 minutes as of 2023-05-08 22:30:00"
[1] "elapsed: 0 minutes as of 2023-05-08 22:30:00"
[1] "elapsed: 0 minutes as of 2023-05-08 22:30:00"
[1] "Var_row_num 8 of 9"
[1] "elapsed: 10.3 minutes as of 2023-05-08 22:40:18"
[1] "elapsed: 0 minutes as of 2023-05-08 22:40:18"
[1] "elapsed: 0 minutes as of 2023-05-08 22:40:18"
[1] "Var_row_num 9 of 9"
[1] "elapsed: 10.29 minutes as of 2023-05-08 22:50:35"
[1] "elapsed: 0 minutes as of 2023-05-08 22:50:35"
[1] "Done with all variance calculations"
[1] "Estimates and SE estimates computed"
[1] ""
[[1]]
[[1]]$pro.p
[[1]]$pro.p$est
  delta        mu      mu_1      mu_0         de       se_1        se_0
1   0.5 0.4645410 0.2833004 0.5968001 -0.3134997  0.0481227  0.02455493
2   1.0 0.3709506 0.2351777 0.5722452 -0.3370675  0.0000000  0.00000000
3   2.0 0.2902130 0.2034747 0.5510324 -0.3475577 -0.0317030 -0.02121282
           oe         te
1  0.09359046 -0.2889448
2  0.00000000 -0.3370675
3 -0.08073758 -0.3687705

[[1]]$pro.p$se
  delta         mu       mu_1       mu_0         de       se_1       se_0
1   0.5 0.01692914 0.01970306 0.02254794 0.02829149 0.01712225 0.01847616
2   1.0 0.01226471 0.01117286 0.01550166 0.01328219 0.00000000 0.00000000
3   2.0 0.02912754 0.03075977 0.02637658 0.02812314 0.02754079 0.01971005
          oe         te
1 0.01387485 0.02187892
2 0.00000000 0.01328219
3 0.02543749 0.03116981


[[1]]$pro.np
[[1]]$pro.np$est
  delta        mu      mu_1      mu_0         de        se_1        se_0
1   0.5 0.4664813 0.3075482 0.5783131 -0.2707648  0.05880967  0.03502696
2   1.0 0.3705492 0.2487386 0.5432861 -0.2945475  0.00000000  0.00000000
3   2.0 0.2815914 0.1995977 0.5142243 -0.3146266 -0.04914089 -0.02906186
           oe         te
1  0.09593216 -0.2357379
2  0.00000000 -0.2945475
3 -0.08895779 -0.3436884

[[1]]$pro.np$se
  delta         mu       mu_1       mu_0         de       se_1       se_0
1   0.5 0.01531671 0.01933865 0.01832234 0.02429669 0.01628190 0.01441405
2   1.0 0.01279896 0.01176866 0.01558605 0.01237110 0.00000000 0.00000000
3   2.0 0.02696186 0.02905380 0.02542043 0.02627111 0.02503168 0.01778013
          oe         te
1 0.01182094 0.02091245
2 0.00000000 0.01237110
3 0.02233270 0.02878906


[[1]]$ipw.p
[[1]]$ipw.p$est
  delta        mu      mu_1      mu_0         de        se_1        se_0
1   0.5 0.4570105 0.2800325 0.5888275 -0.3087950  0.04346797 0.019972765
2   1.0 0.3710088 0.2365645 0.5688547 -0.3322902  0.00000000 0.000000000
3   2.0 0.3097763 0.2205235 0.5729861 -0.3524627 -0.01604106 0.004131368
           oe         te
1  0.08600168 -0.2888222
2  0.00000000 -0.3322902
3 -0.06123256 -0.3483313

[[1]]$ipw.p$se
  delta          mu        mu_1       mu_0         de       se_1       se_0
1   0.5 0.046626502 0.027408022 0.06567443 0.04936423 0.02650010 0.05848916
2   1.0 0.008994864 0.009022906 0.01593437 0.01722263 0.00000000 0.00000000
3   2.0 0.025158930 0.028108794 0.02618215 0.02597598 0.02611909 0.03060180
          oe         te
1 0.04388786 0.02606667
2 0.00000000 0.01722263
3 0.02577384 0.03491466


[[1]]$ipw.np
[[1]]$ipw.np$est
  delta        mu      mu_1      mu_0         de        se_1        se_0
1   0.5 0.4561954 0.2885730 0.5793510 -0.2907781  0.04482714 0.026425142
2   1.0 0.3710088 0.2437458 0.5529259 -0.3091801  0.00000000 0.000000000
3   2.0 0.3135499 0.2279772 0.5558034 -0.3278263 -0.01576868 0.002877516
           oe         te
1  0.08518658 -0.2643529
2  0.00000000 -0.3091801
3 -0.05745892 -0.3249487

[[1]]$ipw.np$se
  delta          mu        mu_1       mu_0         de       se_1       se_0
1   0.5 0.045684805 0.027521715 0.06394945 0.04833965 0.02662808 0.05672370
2   1.0 0.008994864 0.009308706 0.01566155 0.01711000 0.00000000 0.00000000
3   2.0 0.024922141 0.028085246 0.02577991 0.02605413 0.02594262 0.03001202
          oe         te
1 0.04294174 0.02599891
2 0.00000000 0.01711000
3 0.02547622 0.03475349


[[1]]$bar.p
[[1]]$bar.p$est
  delta        mu      mu_1      mu_0 de se_1 se_0 oe te
1   0.5 0.4698849 0.3061236 0.5959351  0    0    0  0  0
2   1.0 0.3738445 0.2443900 0.5682942  0    0    0  0  0
3   2.0 0.3086124 0.2203975 0.5403960  0    0    0  0  0

[[1]]$bar.p$se
  delta          mu        mu_1       mu_0 de se_1 se_0 oe te
1   0.5 0.030991878 0.036693636 0.03140935  0    0    0  0  0
2   1.0 0.008523817 0.009477218 0.01291312  0    0    0  0  0
3   2.0 0.019484389 0.020020614 0.02992350  0    0    0  0  0



[1] "Total run time was 9521.747 seconds"
