WARNING: ignoring environment value of R_HOME

Attaching package: ‘dplyr’

The following objects are masked from ‘package:stats’:

    filter, lag

The following objects are masked from ‘package:base’:

    intersect, setdiff, setequal, union

Loading required package: splines
Loading required package: foreach
Loaded gam 1.20.2

Super Learner
Version: 2.0-28
Package created on 2021-05-04

Loading required package: lattice
Loading required package: ggplot2
Loading required package: Matrix
Loaded glmnet 4.1-7
Loading required package: Formula
Loading required package: plotmo
Loading required package: plotrix
Loading required package: TeachingDemos
Loaded gbm 2.1.8.1

Attaching package: ‘xgboost’

The following object is masked from ‘package:dplyr’:

    slice

[1] "[Simulation setting]"
[1] "m: 500"
[1] "deltas: 0.5, 1, 2"
[1] "alphas: 0.4251, 0.5948, 0.7448"
[1] "Sim.id 1"
[1] "Data generated"
[1] "Proposed & IPW estimators"
[1] "   Split: 1"
[1] "   Split: 2"
[1] "Barkley estimators"
[1] "I. Estimate GLMER model"
[1] "IB. get MCFP vecs"
[1] "II. Estimate CFBI"
[1] "II. solving for alpha_num 1 of 3 ; alpha= 0.425133170705204"
[1] "elapsed: 7.22 minutes as of 2023-05-08 21:13:57"
[1] "II. solving for alpha_num 2 of 3 ; alpha= 0.594849404255532"
[1] "elapsed: 4.81 minutes as of 2023-05-08 21:18:46"
[1] "II. solving for alpha_num 3 of 3 ; alpha= 0.744822889124285"
[1] "elapsed: 8.4 minutes as of 2023-05-08 21:27:10"
[1] "III. Estimate MCFP"
[1] "III. alpha num 1 of 3"
[1] "elapsed: 0.69 minutes as of 2023-05-08 21:27:52"
[1] "III. alpha num 2 of 3"
[1] "elapsed: 1.38 minutes as of 2023-05-08 21:28:33"
[1] "III. alpha num 3 of 3"
[1] "elapsed: 2.06 minutes as of 2023-05-08 21:29:14"
[1] "IV. Target estimates"
[1] "Beginning variance calculations. This may take some time."
[1] "V. Variance estimates"
[1] ":model stuff:"
[1] "elapsed: 2.02 minutes as of 2023-05-08 21:31:20"
[1] ":CFBI EstFun:"
[1] "elapsed: 0 minutes as of 2023-05-08 21:31:20"
[1] ":CFBI alpha_num 1 of 3"
[1] "elapsed: 5.91 minutes as of 2023-05-08 21:37:14"
[1] ":CFBI alpha_num 2 of 3"
[1] "elapsed: 11.81 minutes as of 2023-05-08 21:43:08"
[1] ":CFBI alpha_num 3 of 3"
[1] ":MCFP EstFun:"
[1] "elapsed: 17.73 minutes as of 2023-05-08 21:49:04"
[1] ":MCFP alpha_num 1 of 3"
[1] "elapsed: 22.55 minutes as of 2023-05-08 21:53:52"
[1] ":MCFP alpha_num 2 of 3"
[1] "elapsed: 27.33 minutes as of 2023-05-08 21:58:40"
[1] ":MCFP alpha_num 3 of 3"
[1] "elapsed: 34.07 minutes as of 2023-05-08 22:03:23"
[1] ":target ests:"
[1] "elapsed: 0 minutes as of 2023-05-08 22:03:23"
[1] "Var_row_num 1 of 9"
[1] "elapsed: 11.16 minutes as of 2023-05-08 22:14:32"
[1] "elapsed: 0 minutes as of 2023-05-08 22:14:32"
[1] "elapsed: 0 minutes as of 2023-05-08 22:14:32"
[1] "Var_row_num 2 of 9"
[1] "elapsed: 11.22 minutes as of 2023-05-08 22:25:45"
[1] "elapsed: 0 minutes as of 2023-05-08 22:25:45"
[1] "elapsed: 0 minutes as of 2023-05-08 22:25:45"
[1] "Var_row_num 3 of 9"
[1] "elapsed: 11.19 minutes as of 2023-05-08 22:36:57"
[1] "elapsed: 0 minutes as of 2023-05-08 22:36:57"
[1] "elapsed: 0 minutes as of 2023-05-08 22:36:57"
[1] "Var_row_num 4 of 9"
[1] "elapsed: 11.32 minutes as of 2023-05-08 22:48:16"
[1] "elapsed: 0 minutes as of 2023-05-08 22:48:16"
[1] "elapsed: 0 minutes as of 2023-05-08 22:48:16"
[1] "Var_row_num 5 of 9"
[1] "elapsed: 11.26 minutes as of 2023-05-08 22:59:32"
[1] "elapsed: 0 minutes as of 2023-05-08 22:59:32"
[1] "elapsed: 0 minutes as of 2023-05-08 22:59:32"
[1] "Var_row_num 6 of 9"
[1] "elapsed: 10.75 minutes as of 2023-05-08 23:10:17"
[1] "elapsed: 0 minutes as of 2023-05-08 23:10:17"
[1] "elapsed: 0 minutes as of 2023-05-08 23:10:17"
[1] "Var_row_num 7 of 9"
[1] "elapsed: 10.75 minutes as of 2023-05-08 23:21:02"
[1] "elapsed: 0 minutes as of 2023-05-08 23:21:02"
[1] "elapsed: 0 minutes as of 2023-05-08 23:21:02"
[1] "Var_row_num 8 of 9"
[1] "elapsed: 10.73 minutes as of 2023-05-08 23:31:45"
[1] "elapsed: 0 minutes as of 2023-05-08 23:31:45"
[1] "elapsed: 0 minutes as of 2023-05-08 23:31:45"
[1] "Var_row_num 9 of 9"
[1] "elapsed: 10.83 minutes as of 2023-05-08 23:42:35"
[1] "elapsed: 0 minutes as of 2023-05-08 23:42:35"
[1] "Done with all variance calculations"
[1] "Estimates and SE estimates computed"
[1] ""
[[1]]
[[1]]$pro.p
[[1]]$pro.p$est
  delta        mu      mu_1      mu_0         de        se_1        se_0
1   0.5 0.4611588 0.2774085 0.6028984 -0.3254900 0.049623343  0.05462993
2   1.0 0.3530089 0.2277851 0.5482685 -0.3204834 0.000000000  0.00000000
3   2.0 0.3006729 0.2303050 0.5091726 -0.2788676 0.002519892 -0.03909593
           oe         te
1  0.10814988 -0.2708601
2  0.00000000 -0.3204834
3 -0.05233595 -0.3179635

[[1]]$pro.p$se
  delta         mu       mu_1       mu_0         de       se_1       se_0
1   0.5 0.02020771 0.01928213 0.02576980 0.02606902 0.01654471 0.02102188
2   1.0 0.01231071 0.01091181 0.01621999 0.01411189 0.00000000 0.00000000
3   2.0 0.02317160 0.02374480 0.02701387 0.02636432 0.01889015 0.02113116
          oe         te
1 0.01634226 0.02117363
2 0.00000000 0.01411189
3 0.01854354 0.02490073


[[1]]$pro.np
[[1]]$pro.np$est
  delta        mu      mu_1      mu_0         de        se_1        se_0
1   0.5 0.4521667 0.2860635 0.5745545 -0.2884909 0.046283328  0.05166130
2   1.0 0.3546954 0.2397802 0.5228932 -0.2831130 0.000000000  0.00000000
3   2.0 0.3127377 0.2464277 0.4943953 -0.2479676 0.006647486 -0.02849789
           oe         te
1  0.09747124 -0.2368296
2  0.00000000 -0.2831130
3 -0.04195772 -0.2764655

[[1]]$pro.np$se
  delta         mu       mu_1       mu_0         de       se_1       se_0
1   0.5 0.02081135 0.01821929 0.02585638 0.02273936 0.01522370 0.02114277
2   1.0 0.01290489 0.01168135 0.01581516 0.01256995 0.00000000 0.00000000
3   2.0 0.02881590 0.02844519 0.02840146 0.02225723 0.02239147 0.02212543
          oe         te
1 0.01689011 0.01900502
2 0.00000000 0.01256995
3 0.02291293 0.02723508


[[1]]$ipw.p
[[1]]$ipw.p$est
  delta        mu      mu_1      mu_0         de         se_1        se_0
1   0.5 0.4914859 0.2822500 0.6534770 -0.3712271  0.055125400  0.09676949
2   1.0 0.3558176 0.2271246 0.5567076 -0.3295830  0.000000000  0.00000000
3   2.0 0.2900049 0.2233056 0.4961891 -0.2728835 -0.003818976 -0.06051843
           oe         te
1  0.13566831 -0.2744576
2  0.00000000 -0.3295830
3 -0.06581272 -0.3334020

[[1]]$ipw.p$se
  delta          mu        mu_1       mu_0         de       se_1       se_0
1   0.5 0.061569569 0.027409581 0.09103137 0.07253763 0.02654675 0.08351816
2   1.0 0.009646888 0.009568616 0.01724474 0.01853638 0.00000000 0.00000000
3   2.0 0.023193741 0.026165254 0.02580627 0.02827039 0.02278760 0.03008108
          oe         te
1 0.05850433 0.02479045
2 0.00000000 0.01853638
3 0.02344246 0.03455356


[[1]]$ipw.np
[[1]]$ipw.np$est
  delta        mu      mu_1      mu_0         de         se_1        se_0
1   0.5 0.5026716 0.2968191 0.6576110 -0.3607919  0.064341437  0.11646955
2   1.0 0.3558176 0.2324777 0.5411415 -0.3086638  0.000000000  0.00000000
3   2.0 0.2909737 0.2289991 0.4754517 -0.2464526 -0.003478527 -0.06568973
           oe         te
1  0.14685397 -0.2443224
2  0.00000000 -0.3086638
3 -0.06484393 -0.3121423

[[1]]$ipw.np$se
  delta          mu        mu_1       mu_0         de       se_1       se_0
1   0.5 0.069050016 0.031155312 0.10159937 0.07843300 0.03035436 0.09453448
2   1.0 0.009646888 0.009775483 0.01692583 0.01830032 0.00000000 0.00000000
3   2.0 0.023594145 0.027385427 0.02432838 0.02849017 0.02385298 0.02860482
          oe         te
1 0.06612860 0.02799368
2 0.00000000 0.01830032
3 0.02376238 0.03532331


[[1]]$bar.p
[[1]]$bar.p$est
  delta        mu      mu_1      mu_0 de se_1 se_0 oe te
1   0.5 0.4711905 0.3306732 0.5933622  0    0    0  0  0
2   1.0 0.3664606 0.2423820 0.5374521  0    0    0  0  0
3   2.0 0.2756191 0.2026754 0.4483670  0    0    0  0  0

[[1]]$bar.p$se
  delta          mu        mu_1       mu_0 de se_1 se_0 oe te
1   0.5 0.037118164 0.047174731 0.03584412  0    0    0  0  0
2   1.0 0.008746715 0.009935185 0.01278064  0    0    0  0  0
3   2.0 0.013050869 0.013348289 0.03816523  0    0    0  0  0



[1] "Total run time was 9695.875 seconds"
