WARNING: ignoring environment value of R_HOME

Attaching package: ‘dplyr’

The following objects are masked from ‘package:stats’:

    filter, lag

The following objects are masked from ‘package:base’:

    intersect, setdiff, setequal, union

Loading required package: splines
Loading required package: foreach
Loaded gam 1.20.2

Super Learner
Version: 2.0-28
Package created on 2021-05-04

Loading required package: lattice
Loading required package: ggplot2
Loading required package: Matrix
Loaded glmnet 4.1-7
Loading required package: Formula
Loading required package: plotmo
Loading required package: plotrix
Loading required package: TeachingDemos
Loaded gbm 2.1.8.1

Attaching package: ‘xgboost’

The following object is masked from ‘package:dplyr’:

    slice

[1] "[Simulation setting]"
[1] "m: 500"
[1] "deltas: 0.5, 1, 2"
[1] "alphas: 0.4251, 0.5948, 0.7448"
[1] "Sim.id 1"
[1] "Data generated"
[1] "Proposed & IPW estimators"
[1] "   Split: 1"
[1] "   Split: 2"
[1] "Barkley estimators"
[1] "I. Estimate GLMER model"
[1] "IB. get MCFP vecs"
[1] "II. Estimate CFBI"
[1] "II. solving for alpha_num 1 of 3 ; alpha= 0.425133170705204"
[1] "elapsed: 6.77 minutes as of 2023-05-08 18:41:17"
[1] "II. solving for alpha_num 2 of 3 ; alpha= 0.594849404255532"
[1] "elapsed: 6.73 minutes as of 2023-05-08 18:48:00"
[1] "II. solving for alpha_num 3 of 3 ; alpha= 0.744822889124285"
[1] "elapsed: 8.42 minutes as of 2023-05-08 18:56:26"
[1] "III. Estimate MCFP"
[1] "III. alpha num 1 of 3"
[1] "elapsed: 0.71 minutes as of 2023-05-08 18:57:08"
[1] "III. alpha num 2 of 3"
[1] "elapsed: 1.41 minutes as of 2023-05-08 18:57:50"
[1] "III. alpha num 3 of 3"
[1] "elapsed: 2.12 minutes as of 2023-05-08 18:58:33"
[1] "IV. Target estimates"
[1] "Beginning variance calculations. This may take some time."
[1] "V. Variance estimates"
[1] ":model stuff:"
[1] "elapsed: 2.06 minutes as of 2023-05-08 19:00:42"
[1] ":CFBI EstFun:"
[1] "elapsed: 0 minutes as of 2023-05-08 19:00:42"
[1] ":CFBI alpha_num 1 of 3"
[1] "elapsed: 5.88 minutes as of 2023-05-08 19:06:34"
[1] ":CFBI alpha_num 2 of 3"
[1] "elapsed: 11.72 minutes as of 2023-05-08 19:12:25"
[1] ":CFBI alpha_num 3 of 3"
[1] ":MCFP EstFun:"
[1] "elapsed: 17.59 minutes as of 2023-05-08 19:18:17"
[1] ":MCFP alpha_num 1 of 3"
[1] "elapsed: 22.57 minutes as of 2023-05-08 19:23:16"
[1] ":MCFP alpha_num 2 of 3"
[1] "elapsed: 27.57 minutes as of 2023-05-08 19:28:16"
[1] ":MCFP alpha_num 3 of 3"
[1] "elapsed: 34.55 minutes as of 2023-05-08 19:33:11"
[1] ":target ests:"
[1] "elapsed: 0 minutes as of 2023-05-08 19:33:11"
[1] "Var_row_num 1 of 9"
[1] "elapsed: 11.79 minutes as of 2023-05-08 19:44:58"
[1] "elapsed: 0 minutes as of 2023-05-08 19:44:59"
[1] "elapsed: 0 minutes as of 2023-05-08 19:44:59"
[1] "Var_row_num 2 of 9"
[1] "elapsed: 11.39 minutes as of 2023-05-08 19:56:22"
[1] "elapsed: 0 minutes as of 2023-05-08 19:56:22"
[1] "elapsed: 0 minutes as of 2023-05-08 19:56:22"
[1] "Var_row_num 3 of 9"
[1] "elapsed: 11.34 minutes as of 2023-05-08 20:07:43"
[1] "elapsed: 0 minutes as of 2023-05-08 20:07:43"
[1] "elapsed: 0 minutes as of 2023-05-08 20:07:43"
[1] "Var_row_num 4 of 9"
[1] "elapsed: 11.39 minutes as of 2023-05-08 20:19:06"
[1] "elapsed: 0 minutes as of 2023-05-08 20:19:06"
[1] "elapsed: 0 minutes as of 2023-05-08 20:19:06"
[1] "Var_row_num 5 of 9"
[1] "elapsed: 11.02 minutes as of 2023-05-08 20:30:07"
[1] "elapsed: 0 minutes as of 2023-05-08 20:30:07"
[1] "elapsed: 0 minutes as of 2023-05-08 20:30:07"
[1] "Var_row_num 6 of 9"
[1] "elapsed: 11.03 minutes as of 2023-05-08 20:41:09"
[1] "elapsed: 0 minutes as of 2023-05-08 20:41:09"
[1] "elapsed: 0 minutes as of 2023-05-08 20:41:09"
[1] "Var_row_num 7 of 9"
[1] "elapsed: 11.06 minutes as of 2023-05-08 20:52:12"
[1] "elapsed: 0 minutes as of 2023-05-08 20:52:12"
[1] "elapsed: 0 minutes as of 2023-05-08 20:52:12"
[1] "Var_row_num 8 of 9"
[1] "elapsed: 11.15 minutes as of 2023-05-08 21:03:21"
[1] "elapsed: 0 minutes as of 2023-05-08 21:03:21"
[1] "elapsed: 0 minutes as of 2023-05-08 21:03:21"
[1] "Var_row_num 9 of 9"
[1] "elapsed: 10.34 minutes as of 2023-05-08 21:13:42"
[1] "elapsed: 0 minutes as of 2023-05-08 21:13:42"
[1] "Done with all variance calculations"
[1] "Estimates and SE estimates computed"
[1] ""
[[1]]
[[1]]$pro.p
[[1]]$pro.p$est
  delta        mu      mu_1      mu_0         de        se_1        se_0
1   0.5 0.4453172 0.2433385 0.5956683 -0.3523298  0.02012459  0.01585768
2   1.0 0.3672952 0.2232139 0.5798106 -0.3565967  0.00000000  0.00000000
3   2.0 0.2891870 0.1948666 0.5641251 -0.3692585 -0.02834725 -0.01568551
           oe         te
1  0.07802193 -0.3364722
2  0.00000000 -0.3565967
3 -0.07810820 -0.3849440

[[1]]$pro.p$se
  delta         mu        mu_1       mu_0         de       se_1       se_0
1   0.5 0.01888617 0.016384338 0.02700684 0.02815827 0.01407721 0.02300069
2   1.0 0.01134903 0.009821026 0.01516931 0.01320942 0.00000000 0.00000000
3   2.0 0.01814211 0.016725911 0.02524250 0.02135560 0.01280252 0.01962160
          oe         te
1 0.01555649 0.01908203
2 0.00000000 0.01320942
3 0.01420741 0.01950961


[[1]]$pro.np
[[1]]$pro.np$est
  delta        mu      mu_1      mu_0         de        se_1         se_0
1   0.5 0.4394383 0.2604706 0.5696474 -0.3091769  0.02490724  0.016339893
2   1.0 0.3668835 0.2355633 0.5533076 -0.3177442  0.00000000  0.000000000
3   2.0 0.3026196 0.2142210 0.5483659 -0.3341449 -0.02134234 -0.004941655
           oe         te
1  0.07255480 -0.2928370
2  0.00000000 -0.3177442
3 -0.06426391 -0.3390866

[[1]]$pro.np$se
  delta         mu       mu_1       mu_0         de       se_1       se_0
1   0.5 0.01693036 0.01468686 0.02452472 0.02651222 0.01186439 0.02018601
2   1.0 0.01168277 0.01022078 0.01493281 0.01210322 0.00000000 0.00000000
3   2.0 0.01922391 0.01801666 0.02485671 0.02095143 0.01379398 0.01894826
          oe         te
1 0.01302355 0.01677701
2 0.00000000 0.01210322
3 0.01493764 0.01987293


[[1]]$ipw.p
[[1]]$ipw.p$est
  delta        mu      mu_1      mu_0         de        se_1        se_0
1   0.5 0.4942392 0.2501144 0.6806636 -0.4305492  0.03515872  0.10830037
2   1.0 0.3563305 0.2149557 0.5723633 -0.3574076  0.00000000  0.00000000
3   2.0 0.2771988 0.1867401 0.5524129 -0.3656728 -0.02821563 -0.01995037
           oe         te
1  0.13790870 -0.3222488
2  0.00000000 -0.3574076
3 -0.07913165 -0.3856232

[[1]]$ipw.p$se
  delta          mu        mu_1       mu_0         de       se_1       se_0
1   0.5 0.053721232 0.020807871 0.08560408 0.07803592 0.01993759 0.07808560
2   1.0 0.009185989 0.009003663 0.01677882 0.01790039 0.00000000 0.00000000
3   2.0 0.016475510 0.015488661 0.02719778 0.02219648 0.01252632 0.03162324
          oe         te
1 0.05082614 0.01938180
2 0.00000000 0.01790039
3 0.01721055 0.02540628


[[1]]$ipw.np
[[1]]$ipw.np$est
  delta        mu      mu_1      mu_0         de        se_1       se_0
1   0.5 0.4863658 0.2544016 0.6578925 -0.4034909  0.03317127  0.1020058
2   1.0 0.3563305 0.2212303 0.5558867 -0.3346564  0.00000000  0.0000000
3   2.0 0.2807378 0.1931127 0.5390063 -0.3458936 -0.02811762 -0.0168804
           oe         te
1  0.13003535 -0.3014851
2  0.00000000 -0.3346564
3 -0.07559274 -0.3627740

[[1]]$ipw.np$se
  delta          mu        mu_1       mu_0         de       se_1       se_0
1   0.5 0.052893549 0.020758147 0.08326267 0.07601957 0.01992188 0.07598419
2   1.0 0.009185989 0.009249043 0.01634038 0.01764579 0.00000000 0.00000000
3   2.0 0.016969406 0.016244660 0.02711253 0.02174214 0.01313413 0.03121808
          oe         te
1 0.05006650 0.01912254
2 0.00000000 0.01764579
3 0.01750988 0.02553844


[[1]]$bar.p
[[1]]$bar.p$est
  delta        mu      mu_1      mu_0 de se_1 se_0 oe te
1   0.5 0.4612146 0.2466564 0.6064342  0    0    0  0  0
2   1.0 0.3614001 0.2224814 0.5564011  0    0    0  0  0
3   2.0 0.2740775 0.1878438 0.4959883  0    0    0  0  0

[[1]]$bar.p$se
  delta          mu        mu_1       mu_0 de se_1 se_0 oe te
1   0.5 0.025960410 0.020753255 0.02965978  0    0    0  0  0
2   1.0 0.008563206 0.009290668 0.01291448  0    0    0  0  0
3   2.0 0.010513550 0.010065176 0.02935321  0    0    0  0  0



[1] "Total run time was 9912.056 seconds"
