WARNING: ignoring environment value of R_HOME

Attaching package: ‘dplyr’

The following objects are masked from ‘package:stats’:

    filter, lag

The following objects are masked from ‘package:base’:

    intersect, setdiff, setequal, union

Loading required package: splines
Loading required package: foreach
Loaded gam 1.20.2

Super Learner
Version: 2.0-28
Package created on 2021-05-04

Loading required package: lattice
Loading required package: ggplot2
Loading required package: Matrix
Loaded glmnet 4.1-7
Loading required package: Formula
Loading required package: plotmo
Loading required package: plotrix
Loading required package: TeachingDemos
Loaded gbm 2.1.8.1

Attaching package: ‘xgboost’

The following object is masked from ‘package:dplyr’:

    slice

[1] "[Simulation setting]"
[1] "m: 500"
[1] "deltas: 0.5, 1, 2"
[1] "alphas: 0.4251, 0.5948, 0.7448"
[1] "Sim.id 1"
[1] "Data generated"
[1] "Proposed & IPW estimators"
[1] "   Split: 1"
[1] "   Split: 2"
[1] "Barkley estimators"
[1] "I. Estimate GLMER model"
[1] "IB. get MCFP vecs"
[1] "II. Estimate CFBI"
[1] "II. solving for alpha_num 1 of 3 ; alpha= 0.425133170705204"
[1] "elapsed: 6.76 minutes as of 2023-05-08 18:40:39"
[1] "II. solving for alpha_num 2 of 3 ; alpha= 0.594849404255532"
[1] "elapsed: 6.72 minutes as of 2023-05-08 18:47:22"
[1] "II. solving for alpha_num 3 of 3 ; alpha= 0.744822889124285"
[1] "elapsed: 7.22 minutes as of 2023-05-08 18:54:36"
[1] "III. Estimate MCFP"
[1] "III. alpha num 1 of 3"
[1] "elapsed: 0.64 minutes as of 2023-05-08 18:55:14"
[1] "III. alpha num 2 of 3"
[1] "elapsed: 1.29 minutes as of 2023-05-08 18:55:53"
[1] "III. alpha num 3 of 3"
[1] "elapsed: 1.92 minutes as of 2023-05-08 18:56:31"
[1] "IV. Target estimates"
[1] "Beginning variance calculations. This may take some time."
[1] "V. Variance estimates"
[1] ":model stuff:"
[1] "elapsed: 1.92 minutes as of 2023-05-08 18:58:31"
[1] ":CFBI EstFun:"
[1] "elapsed: 0 minutes as of 2023-05-08 18:58:31"
[1] ":CFBI alpha_num 1 of 3"
[1] "elapsed: 5.92 minutes as of 2023-05-08 19:04:26"
[1] ":CFBI alpha_num 2 of 3"
[1] "elapsed: 11.92 minutes as of 2023-05-08 19:10:26"
[1] ":CFBI alpha_num 3 of 3"
[1] ":MCFP EstFun:"
[1] "elapsed: 17.93 minutes as of 2023-05-08 19:16:27"
[1] ":MCFP alpha_num 1 of 3"
[1] "elapsed: 22.8 minutes as of 2023-05-08 19:21:19"
[1] ":MCFP alpha_num 2 of 3"
[1] "elapsed: 27.71 minutes as of 2023-05-08 19:26:14"
[1] ":MCFP alpha_num 3 of 3"
[1] "elapsed: 34.53 minutes as of 2023-05-08 19:31:07"
[1] ":target ests:"
[1] "elapsed: 0 minutes as of 2023-05-08 19:31:07"
[1] "Var_row_num 1 of 9"
[1] "elapsed: 11.87 minutes as of 2023-05-08 19:42:59"
[1] "elapsed: 0 minutes as of 2023-05-08 19:42:59"
[1] "elapsed: 0 minutes as of 2023-05-08 19:42:59"
[1] "Var_row_num 2 of 9"
[1] "elapsed: 12.15 minutes as of 2023-05-08 19:55:08"
[1] "elapsed: 0 minutes as of 2023-05-08 19:55:08"
[1] "elapsed: 0 minutes as of 2023-05-08 19:55:08"
[1] "Var_row_num 3 of 9"
[1] "elapsed: 11.66 minutes as of 2023-05-08 20:06:48"
[1] "elapsed: 0 minutes as of 2023-05-08 20:06:48"
[1] "elapsed: 0 minutes as of 2023-05-08 20:06:48"
[1] "Var_row_num 4 of 9"
[1] "elapsed: 11.5 minutes as of 2023-05-08 20:18:18"
[1] "elapsed: 0 minutes as of 2023-05-08 20:18:18"
[1] "elapsed: 0 minutes as of 2023-05-08 20:18:18"
[1] "Var_row_num 5 of 9"
[1] "elapsed: 11.46 minutes as of 2023-05-08 20:29:45"
[1] "elapsed: 0 minutes as of 2023-05-08 20:29:45"
[1] "elapsed: 0 minutes as of 2023-05-08 20:29:45"
[1] "Var_row_num 6 of 9"
[1] "elapsed: 11.42 minutes as of 2023-05-08 20:41:10"
[1] "elapsed: 0 minutes as of 2023-05-08 20:41:10"
[1] "elapsed: 0 minutes as of 2023-05-08 20:41:10"
[1] "Var_row_num 7 of 9"
[1] "elapsed: 11.45 minutes as of 2023-05-08 20:52:37"
[1] "elapsed: 0 minutes as of 2023-05-08 20:52:38"
[1] "elapsed: 0 minutes as of 2023-05-08 20:52:38"
[1] "Var_row_num 8 of 9"
[1] "elapsed: 11.74 minutes as of 2023-05-08 21:04:22"
[1] "elapsed: 0 minutes as of 2023-05-08 21:04:22"
[1] "elapsed: 0 minutes as of 2023-05-08 21:04:22"
[1] "Var_row_num 9 of 9"
[1] "elapsed: 11.78 minutes as of 2023-05-08 21:16:09"
[1] "elapsed: 0 minutes as of 2023-05-08 21:16:09"
[1] "Done with all variance calculations"
[1] "Estimates and SE estimates computed"
[1] ""
[[1]]
[[1]]$pro.p
[[1]]$pro.p$est
  delta        mu      mu_1      mu_0         de        se_1          se_0
1   0.5 0.4372279 0.2667491 0.5638635 -0.2971144 0.049170202  0.0112906860
2   1.0 0.3524772 0.2175789 0.5525728 -0.3349939 0.000000000  0.0000000000
3   2.0 0.3054194 0.2228821 0.5516346 -0.3287525 0.005303149 -0.0009382312
           oe         te
1  0.08475065 -0.2858237
2  0.00000000 -0.3349939
3 -0.04705784 -0.3296908

[[1]]$pro.p$se
  delta         mu       mu_1       mu_0         de       se_1       se_0
1   0.5 0.01755467 0.01701553 0.02637221 0.03158519 0.01457994 0.02207927
2   1.0 0.01150386 0.01014708 0.01581531 0.01414047 0.00000000 0.00000000
3   2.0 0.02012697 0.02019420 0.02556759 0.02318666 0.01600386 0.02009954
          oe         te
1 0.01399582 0.01990847
2 0.00000000 0.01414047
3 0.01617739 0.02240753


[[1]]$pro.np
[[1]]$pro.np$est
  delta        mu      mu_1      mu_0         de        se_1         se_0
1   0.5 0.4311811 0.2764752 0.5397010 -0.2632258 0.049724698  0.009133648
2   1.0 0.3520936 0.2267505 0.5305674 -0.3038169 0.000000000  0.000000000
3   2.0 0.3107795 0.2346068 0.5288635 -0.2942566 0.007856313 -0.001703902
           oe         te
1  0.07908749 -0.2540922
2  0.00000000 -0.3038169
3 -0.04131411 -0.2959605

[[1]]$pro.np$se
  delta         mu       mu_1       mu_0         de       se_1       se_0
1   0.5 0.01606346 0.01690418 0.02450297 0.03056786 0.01423770 0.02050601
2   1.0 0.01165108 0.01026865 0.01548697 0.01288953 0.00000000 0.00000000
3   2.0 0.02107575 0.02105431 0.02521817 0.02220439 0.01688311 0.01941297
          oe         te
1 0.01233187 0.01937232
2 0.00000000 0.01288953
3 0.01691318 0.02224860


[[1]]$ipw.p
[[1]]$ipw.p$est
  delta        mu      mu_1      mu_0         de       se_1        se_0
1   0.5 0.4974390 0.2812078 0.6571462 -0.3759384 0.05852654  0.09793544
2   1.0 0.3595190 0.2226812 0.5592108 -0.3365295 0.00000000  0.00000000
3   2.0 0.3129141 0.2332288 0.5458668 -0.3126380 0.01054755 -0.01334400
           oe         te
1  0.13791998 -0.2780030
2  0.00000000 -0.3365295
3 -0.04660493 -0.3259820

[[1]]$ipw.p$se
  delta          mu        mu_1       mu_0         de       se_1       se_0
1   0.5 0.056932957 0.028888052 0.07957308 0.05634993 0.02839921 0.07194873
2   1.0 0.009463371 0.009157028 0.01747346 0.01892460 0.00000000 0.00000000
3   2.0 0.026529170 0.028993573 0.02947680 0.02643551 0.02586882 0.03386414
          oe         te
1 0.05383456 0.02665656
2 0.00000000 0.01892460
3 0.02679358 0.03673562


[[1]]$ipw.np
[[1]]$ipw.np$est
  delta        mu      mu_1      mu_0         de       se_1        se_0
1   0.5 0.4885627 0.2881294 0.6307818 -0.3426524 0.05834383  0.08884261
2   1.0 0.3595190 0.2297856 0.5419392 -0.3121536 0.00000000  0.00000000
3   2.0 0.3179350 0.2432111 0.5280727 -0.2848617 0.01342548 -0.01386647
           oe         te
1  0.12904371 -0.2538098
2  0.00000000 -0.3121536
3 -0.04158402 -0.2987281

[[1]]$ipw.np$se
  delta          mu        mu_1       mu_0         de       se_1       se_0
1   0.5 0.057666245 0.030481413 0.07837547 0.05371607 0.03004004 0.07139217
2   1.0 0.009463371 0.009455507 0.01699352 0.01864782 0.00000000 0.00000000
3   2.0 0.027205905 0.030359473 0.02860549 0.02668639 0.02705453 0.03271801
          oe         te
1 0.05476555 0.02831471
2 0.00000000 0.01864782
3 0.02735131 0.03762723


[[1]]$bar.p
[[1]]$bar.p$est
  delta        mu      mu_1      mu_0 de se_1 se_0 oe te
1   0.5 0.5097890 0.3404962 0.6410522  0    0    0  0  0
2   1.0 0.3599038 0.2317224 0.5456466  0    0    0  0  0
3   2.0 0.2876257 0.2064471 0.5114697  0    0    0  0  0

[[1]]$bar.p$se
  delta          mu        mu_1       mu_0 de se_1 se_0 oe te
1   0.5 0.031276876 0.037493242 0.03158836  0    0    0  0  0
2   1.0 0.008705285 0.009448092 0.01385413  0    0    0  0  0
3   2.0 0.015156927 0.014659244 0.03596140  0    0    0  0  0



[1] "Total run time was 10093.159 seconds"
