WARNING: ignoring environment value of R_HOME

Attaching package: ‘dplyr’

The following objects are masked from ‘package:stats’:

    filter, lag

The following objects are masked from ‘package:base’:

    intersect, setdiff, setequal, union

Loading required package: splines
Loading required package: foreach
Loaded gam 1.20.2

Super Learner
Version: 2.0-28
Package created on 2021-05-04

Loading required package: lattice
Loading required package: ggplot2
Loading required package: Matrix
Loaded glmnet 4.1-7
Loading required package: Formula
Loading required package: plotmo
Loading required package: plotrix
Loading required package: TeachingDemos
Loaded gbm 2.1.8.1

Attaching package: ‘xgboost’

The following object is masked from ‘package:dplyr’:

    slice

[1] "[Simulation setting]"
[1] "m: 500"
[1] "deltas: 0.5, 1, 2"
[1] "alphas: 0.4251, 0.5948, 0.7448"
[1] "Sim.id 1"
[1] "Data generated"
[1] "Proposed & IPW estimators"
[1] "   Split: 1"
[1] "   Split: 2"
[1] "Barkley estimators"
[1] "I. Estimate GLMER model"
[1] "IB. get MCFP vecs"
[1] "II. Estimate CFBI"
[1] "II. solving for alpha_num 1 of 3 ; alpha= 0.425133170705204"
[1] "elapsed: 7.17 minutes as of 2023-05-08 20:48:05"
[1] "II. solving for alpha_num 2 of 3 ; alpha= 0.594849404255532"
[1] "elapsed: 7.93 minutes as of 2023-05-08 20:56:01"
[1] "II. solving for alpha_num 3 of 3 ; alpha= 0.744822889124285"
[1] "elapsed: 8.73 minutes as of 2023-05-08 21:04:44"
[1] "III. Estimate MCFP"
[1] "III. alpha num 1 of 3"
[1] "elapsed: 0.71 minutes as of 2023-05-08 21:05:27"
[1] "III. alpha num 2 of 3"
[1] "elapsed: 1.42 minutes as of 2023-05-08 21:06:09"
[1] "III. alpha num 3 of 3"
[1] "elapsed: 2.13 minutes as of 2023-05-08 21:06:52"
[1] "IV. Target estimates"
[1] "Beginning variance calculations. This may take some time."
[1] "V. Variance estimates"
[1] ":model stuff:"
[1] "elapsed: 2.11 minutes as of 2023-05-08 21:09:04"
[1] ":CFBI EstFun:"
[1] "elapsed: 0 minutes as of 2023-05-08 21:09:04"
[1] ":CFBI alpha_num 1 of 3"
[1] "elapsed: 6.11 minutes as of 2023-05-08 21:15:10"
[1] ":CFBI alpha_num 2 of 3"
[1] "elapsed: 12.21 minutes as of 2023-05-08 21:21:16"
[1] ":CFBI alpha_num 3 of 3"
[1] ":MCFP EstFun:"
[1] "elapsed: 18.24 minutes as of 2023-05-08 21:27:18"
[1] ":MCFP alpha_num 1 of 3"
[1] "elapsed: 23.04 minutes as of 2023-05-08 21:32:06"
[1] ":MCFP alpha_num 2 of 3"
[1] "elapsed: 27.83 minutes as of 2023-05-08 21:36:53"
[1] ":MCFP alpha_num 3 of 3"
[1] "elapsed: 34.75 minutes as of 2023-05-08 21:41:42"
[1] ":target ests:"
[1] "elapsed: 0 minutes as of 2023-05-08 21:41:42"
[1] "Var_row_num 1 of 9"
[1] "elapsed: 11.22 minutes as of 2023-05-08 21:52:56"
[1] "elapsed: 0 minutes as of 2023-05-08 21:52:56"
[1] "elapsed: 0 minutes as of 2023-05-08 21:52:56"
[1] "Var_row_num 2 of 9"
[1] "elapsed: 11.24 minutes as of 2023-05-08 22:04:10"
[1] "elapsed: 0 minutes as of 2023-05-08 22:04:11"
[1] "elapsed: 0 minutes as of 2023-05-08 22:04:11"
[1] "Var_row_num 3 of 9"
[1] "elapsed: 11.22 minutes as of 2023-05-08 22:15:24"
[1] "elapsed: 0 minutes as of 2023-05-08 22:15:24"
[1] "elapsed: 0 minutes as of 2023-05-08 22:15:24"
[1] "Var_row_num 4 of 9"
[1] "elapsed: 11.42 minutes as of 2023-05-08 22:26:49"
[1] "elapsed: 0 minutes as of 2023-05-08 22:26:49"
[1] "elapsed: 0 minutes as of 2023-05-08 22:26:49"
[1] "Var_row_num 5 of 9"
[1] "elapsed: 11.52 minutes as of 2023-05-08 22:38:21"
[1] "elapsed: 0.01 minutes as of 2023-05-08 22:38:21"
[1] "elapsed: 0 minutes as of 2023-05-08 22:38:21"
[1] "Var_row_num 6 of 9"
[1] "elapsed: 11.46 minutes as of 2023-05-08 22:49:48"
[1] "elapsed: 0 minutes as of 2023-05-08 22:49:48"
[1] "elapsed: 0 minutes as of 2023-05-08 22:49:48"
[1] "Var_row_num 7 of 9"
[1] "elapsed: 11.42 minutes as of 2023-05-08 23:01:14"
[1] "elapsed: 0 minutes as of 2023-05-08 23:01:14"
[1] "elapsed: 0 minutes as of 2023-05-08 23:01:14"
[1] "Var_row_num 8 of 9"
[1] "elapsed: 11.51 minutes as of 2023-05-08 23:12:45"
[1] "elapsed: 0 minutes as of 2023-05-08 23:12:45"
[1] "elapsed: 0 minutes as of 2023-05-08 23:12:45"
[1] "Var_row_num 9 of 9"
[1] "elapsed: 11.55 minutes as of 2023-05-08 23:24:18"
[1] "elapsed: 0 minutes as of 2023-05-08 23:24:18"
[1] "Done with all variance calculations"
[1] "Estimates and SE estimates computed"
[1] ""
[[1]]
[[1]]$pro.p
[[1]]$pro.p$est
  delta        mu      mu_1      mu_0         de        se_1        se_0
1   0.5 0.4723163 0.2685939 0.6259749 -0.3573810  0.03875472  0.05925079
2   1.0 0.3631632 0.2298392 0.5667241 -0.3368849  0.00000000  0.00000000
3   2.0 0.2629541 0.1837335 0.5117311 -0.3279976 -0.04610568 -0.05499303
          oe         te
1  0.1091531 -0.2981302
2  0.0000000 -0.3368849
3 -0.1002091 -0.3829906

[[1]]$pro.p$se
  delta         mu       mu_1       mu_0         de       se_1       se_0
1   0.5 0.01748141 0.02027087 0.02443907 0.03097915 0.01786821 0.01953079
2   1.0 0.01173464 0.01033512 0.01546443 0.01334331 0.00000000 0.00000000
3   2.0 0.01788997 0.01645078 0.02553673 0.02145512 0.01245195 0.01957357
          oe         te
1 0.01337363 0.02221789
2 0.00000000 0.01334331
3 0.01355509 0.01864136


[[1]]$pro.np
[[1]]$pro.np$est
  delta        mu      mu_1      mu_0         de        se_1        se_0
1   0.5 0.4541743 0.2779643 0.5808862 -0.3029219  0.03426287  0.04318538
2   1.0 0.3630618 0.2437014 0.5377008 -0.2939994  0.00000000  0.00000000
3   2.0 0.2732809 0.2012659 0.4891140 -0.2878481 -0.04243548 -0.04858684
           oe         te
1  0.09111250 -0.2597366
2  0.00000000 -0.2939994
3 -0.08978095 -0.3364349

[[1]]$pro.np$se
  delta         mu       mu_1       mu_0         de       se_1       se_0
1   0.5 0.01535049 0.01742077 0.02143737 0.02738021 0.01513793 0.01685663
2   1.0 0.01276450 0.01154534 0.01560771 0.01242755 0.00000000 0.00000000
3   2.0 0.02194536 0.02086833 0.02655368 0.02155836 0.01504743 0.01999891
          oe         te
1 0.01125183 0.01925197
2 0.00000000 0.01242755
3 0.01613758 0.02093717


[[1]]$ipw.p
[[1]]$ipw.p$est
  delta        mu      mu_1      mu_0         de        se_1          se_0
1   0.5 0.4833942 0.2735405 0.6456087 -0.3720681  0.03919077  0.0928922385
2   1.0 0.3603075 0.2343498 0.5527164 -0.3183667  0.00000000  0.0000000000
3   2.0 0.2953558 0.2107861 0.5517273 -0.3409412 -0.02356366 -0.0009891292
           oe         te
1  0.12308676 -0.2791759
2  0.00000000 -0.3183667
3 -0.06495167 -0.3419303

[[1]]$ipw.p$se
  delta          mu        mu_1       mu_0         de       se_1       se_0
1   0.5 0.057280574 0.032039494 0.08182798 0.06211986 0.03126804 0.07427475
2   1.0 0.009216065 0.009170143 0.01662181 0.01784393 0.00000000 0.00000000
3   2.0 0.018304094 0.017044279 0.02827372 0.02090638 0.01464796 0.03261205
          oe         te
1 0.05446931 0.02987455
2 0.00000000 0.01784393
3 0.01917617 0.02660615


[[1]]$ipw.np
[[1]]$ipw.np$est
  delta        mu      mu_1      mu_0         de        se_1         se_0
1   0.5 0.4795418 0.2803393 0.6290211 -0.3486818  0.03912641  0.091165791
2   1.0 0.3603075 0.2412129 0.5378553 -0.2966424  0.00000000  0.000000000
3   2.0 0.2954367 0.2142339 0.5365215 -0.3222876 -0.02697903 -0.001333806
           oe         te
1  0.11923435 -0.2575160
2  0.00000000 -0.2966424
3 -0.06487079 -0.3236214

[[1]]$ipw.np$se
  delta          mu       mu_1       mu_0         de       se_1       se_0
1   0.5 0.059123155 0.03448401 0.08265998 0.06168380 0.03378367 0.07564551
2   1.0 0.009216065 0.00943180 0.01616303 0.01748357 0.00000000 0.00000000
3   2.0 0.018058229 0.01717116 0.02725809 0.02017102 0.01470336 0.03130730
          oe         te
1 0.05648364 0.03236769
2 0.00000000 0.01748357
3 0.01891179 0.02627934


[[1]]$bar.p
[[1]]$bar.p$est
  delta        mu      mu_1      mu_0 de se_1 se_0 oe te
1   0.5 0.4898213 0.2923428 0.6318948  0    0    0  0  0
2   1.0 0.3660925 0.2396707 0.5460179  0    0    0  0  0
3   2.0 0.2846111 0.2049626 0.5161893  0    0    0  0  0

[[1]]$bar.p$se
  delta          mu        mu_1       mu_0 de se_1 se_0 oe te
1   0.5 0.036373698 0.044298032 0.03679411  0    0    0  0  0
2   1.0 0.008690804 0.009797105 0.01308754  0    0    0  0  0
3   2.0 0.010647678 0.010024550 0.02946774  0    0    0  0  0



[1] "Total run time was 10136.705 seconds"
