WARNING: ignoring environment value of R_HOME

Attaching package: ‘dplyr’

The following objects are masked from ‘package:stats’:

    filter, lag

The following objects are masked from ‘package:base’:

    intersect, setdiff, setequal, union

Loading required package: splines
Loading required package: foreach
Loaded gam 1.20.2

Super Learner
Version: 2.0-28
Package created on 2021-05-04

Loading required package: lattice
Loading required package: ggplot2
Loading required package: Matrix
Loaded glmnet 4.1-7
Loading required package: Formula
Loading required package: plotmo
Loading required package: plotrix
Loading required package: TeachingDemos
Loaded gbm 2.1.8.1

Attaching package: ‘xgboost’

The following object is masked from ‘package:dplyr’:

    slice

[1] "[Simulation setting]"
[1] "m: 500"
[1] "deltas: 0.5, 1, 2"
[1] "alphas: 0.4251, 0.5948, 0.7448"
[1] "Sim.id 1"
[1] "Data generated"
[1] "Proposed & IPW estimators"
[1] "   Split: 1"
[1] "   Split: 2"
[1] "Barkley estimators"
[1] "I. Estimate GLMER model"
boundary (singular) fit: see help('isSingular')
[1] "IB. get MCFP vecs"
[1] "II. Estimate CFBI"
[1] "II. solving for alpha_num 1 of 3 ; alpha= 0.425133170705204"
[1] "elapsed: 4.96 minutes as of 2023-05-08 20:03:08"
[1] "II. solving for alpha_num 2 of 3 ; alpha= 0.594849404255532"
[1] "elapsed: 3.94 minutes as of 2023-05-08 20:07:04"
[1] "II. solving for alpha_num 3 of 3 ; alpha= 0.744822889124285"
[1] "elapsed: 4.22 minutes as of 2023-05-08 20:11:17"
[1] "III. Estimate MCFP"
[1] "III. alpha num 1 of 3"
[1] "elapsed: 0.72 minutes as of 2023-05-08 20:12:00"
[1] "III. alpha num 2 of 3"
[1] "elapsed: 1.44 minutes as of 2023-05-08 20:12:44"
[1] "III. alpha num 3 of 3"
[1] "elapsed: 2.16 minutes as of 2023-05-08 20:13:27"
[1] "IV. Target estimates"
[1] "Beginning variance calculations. This may take some time."
[1] "V. Variance estimates"
[1] ":model stuff:"
[1] "elapsed: 2.21 minutes as of 2023-05-08 20:15:45"
[1] ":CFBI EstFun:"
[1] "elapsed: 0 minutes as of 2023-05-08 20:15:45"
[1] ":CFBI alpha_num 1 of 3"
[1] "elapsed: 6.23 minutes as of 2023-05-08 20:21:58"
[1] ":CFBI alpha_num 2 of 3"
[1] "elapsed: 12.42 minutes as of 2023-05-08 20:28:10"
[1] ":CFBI alpha_num 3 of 3"
[1] ":MCFP EstFun:"
[1] "elapsed: 18.6 minutes as of 2023-05-08 20:34:21"
[1] ":MCFP alpha_num 1 of 3"
[1] "elapsed: 23.68 minutes as of 2023-05-08 20:39:26"
[1] ":MCFP alpha_num 2 of 3"
[1] "elapsed: 28.7 minutes as of 2023-05-08 20:44:27"
[1] ":MCFP alpha_num 3 of 3"
[1] "elapsed: 36.04 minutes as of 2023-05-08 20:49:35"
[1] ":target ests:"
[1] "elapsed: 0 minutes as of 2023-05-08 20:49:35"
[1] "Var_row_num 1 of 9"
[1] "elapsed: 9.59 minutes as of 2023-05-08 20:59:10"
[1] "elapsed: 0 minutes as of 2023-05-08 20:59:10"
[1] "elapsed: 0 minutes as of 2023-05-08 20:59:10"
[1] "Var_row_num 2 of 9"
[1] "elapsed: 7.87 minutes as of 2023-05-08 21:07:02"
[1] "elapsed: 0 minutes as of 2023-05-08 21:07:03"
[1] "elapsed: 0 minutes as of 2023-05-08 21:07:03"
[1] "Var_row_num 3 of 9"
[1] "elapsed: 7.57 minutes as of 2023-05-08 21:14:37"
[1] "elapsed: 0 minutes as of 2023-05-08 21:14:37"
[1] "elapsed: 0 minutes as of 2023-05-08 21:14:37"
[1] "Var_row_num 4 of 9"
[1] "elapsed: 7.5 minutes as of 2023-05-08 21:22:07"
[1] "elapsed: 0 minutes as of 2023-05-08 21:22:07"
[1] "elapsed: 0 minutes as of 2023-05-08 21:22:07"
[1] "Var_row_num 5 of 9"
[1] "elapsed: 7.39 minutes as of 2023-05-08 21:29:30"
[1] "elapsed: 0 minutes as of 2023-05-08 21:29:30"
[1] "elapsed: 0 minutes as of 2023-05-08 21:29:30"
[1] "Var_row_num 6 of 9"
[1] "elapsed: 7.28 minutes as of 2023-05-08 21:36:47"
[1] "elapsed: 0 minutes as of 2023-05-08 21:36:47"
[1] "elapsed: 0 minutes as of 2023-05-08 21:36:47"
[1] "Var_row_num 7 of 9"
[1] "elapsed: 7.05 minutes as of 2023-05-08 21:43:50"
[1] "elapsed: 0 minutes as of 2023-05-08 21:43:50"
[1] "elapsed: 0 minutes as of 2023-05-08 21:43:50"
[1] "Var_row_num 8 of 9"
[1] "elapsed: 7.05 minutes as of 2023-05-08 21:50:53"
[1] "elapsed: 0 minutes as of 2023-05-08 21:50:53"
[1] "elapsed: 0 minutes as of 2023-05-08 21:50:53"
[1] "Var_row_num 9 of 9"
[1] "elapsed: 7.05 minutes as of 2023-05-08 21:57:57"
[1] "elapsed: 0 minutes as of 2023-05-08 21:57:57"
[1] "Done with all variance calculations"
[1] "Estimates and SE estimates computed"
[1] ""
[[1]]
[[1]]$pro.p
[[1]]$pro.p$est
  delta        mu      mu_1      mu_0         de        se_1        se_0
1   0.5 0.4315747 0.2507336 0.5607145 -0.3099810  0.02795150  0.00832795
2   1.0 0.3574504 0.2227821 0.5523866 -0.3296045  0.00000000  0.00000000
3   2.0 0.2679813 0.1820457 0.5166617 -0.3346160 -0.04073639 -0.03572491
           oe         te
1  0.07412430 -0.3016530
2  0.00000000 -0.3296045
3 -0.08946912 -0.3703409

[[1]]$pro.p$se
  delta         mu        mu_1       mu_0         de       se_1       se_0
1   0.5 0.01530572 0.017856934 0.02313611 0.02998761 0.01562810 0.01988800
2   1.0 0.01087445 0.009943416 0.01421920 0.01306880 0.00000000 0.00000000
3   2.0 0.01771371 0.017749375 0.02221083 0.02218515 0.01427511 0.01708686
          oe         te
1 0.01290616 0.02052397
2 0.00000000 0.01306880
3 0.01399965 0.02050776


[[1]]$pro.np
[[1]]$pro.np$est
  delta        mu      mu_1      mu_0         de        se_1        se_0
1   0.5 0.4290616 0.2536347 0.5456830 -0.2920483  0.02154554  0.02574058
2   1.0 0.3547799 0.2320892 0.5199425 -0.2878533  0.00000000  0.00000000
3   2.0 0.2786281 0.2003925 0.4899113 -0.2895188 -0.03169668 -0.03003116
           oe         te
1  0.07428169 -0.2663077
2  0.00000000 -0.2878533
3 -0.07615177 -0.3195500

[[1]]$pro.np$se
  delta         mu       mu_1       mu_0         de       se_1       se_0
1   0.5 0.01579188 0.01686667 0.02242618 0.02726748 0.01434378 0.01962264
2   1.0 0.01122643 0.01028689 0.01403376 0.01176576 0.00000000 0.00000000
3   2.0 0.01713878 0.01693412 0.02065077 0.01956140 0.01326291 0.01572806
          oe         te
1 0.01312189 0.01853537
2 0.00000000 0.01176576
3 0.01342785 0.01896744


[[1]]$ipw.p
[[1]]$ipw.p$est
  delta        mu      mu_1      mu_0         de        se_1        se_0
1   0.5 0.4613587 0.2482145 0.6194601 -0.3712456  0.02032418  0.04659396
2   1.0 0.3684532 0.2278903 0.5728661 -0.3449759  0.00000000  0.00000000
3   2.0 0.2768667 0.1833190 0.5455361 -0.3622171 -0.04457130 -0.02733002
           oe         te
1  0.09290541 -0.3246517
2  0.00000000 -0.3449759
3 -0.09158653 -0.3895471

[[1]]$ipw.p$se
  delta          mu        mu_1       mu_0         de       se_1       se_0
1   0.5 0.047395136 0.020493869 0.07527841 0.06862466 0.01989700 0.06944013
2   1.0 0.008634579 0.008741914 0.01547717 0.01691863 0.00000000 0.00000000
3   2.0 0.015271295 0.014598208 0.02542511 0.02209768 0.01225581 0.02949727
          oe         te
1 0.04527515 0.02005851
2 0.00000000 0.01691863
3 0.01624451 0.02390640


[[1]]$ipw.np
[[1]]$ipw.np$est
  delta        mu      mu_1      mu_0         de        se_1        se_0
1   0.5 0.4570327 0.2544300 0.6004248 -0.3459948  0.01972452  0.04703671
2   1.0 0.3684532 0.2347054 0.5533881 -0.3186827  0.00000000  0.00000000
3   2.0 0.2789651 0.1895306 0.5230711 -0.3335405 -0.04517488 -0.03031704
           oe         te
1  0.08857948 -0.2989581
2  0.00000000 -0.3186827
3 -0.08948814 -0.3638575

[[1]]$ipw.np$se
  delta          mu        mu_1       mu_0         de       se_1       se_0
1   0.5 0.047100897 0.020684594 0.07350820 0.06704389 0.02010503 0.06791731
2   1.0 0.008634579 0.008993402 0.01503840 0.01664265 0.00000000 0.00000000
3   2.0 0.015519140 0.015283054 0.02428049 0.02120526 0.01276302 0.02807539
          oe         te
1 0.04504447 0.02004518
2 0.00000000 0.01664265
3 0.01633832 0.02402515


[[1]]$bar.p
[[1]]$bar.p$est
  delta        mu      mu_1      mu_0 de se_1 se_0 oe te
1   0.5 0.4554462 0.2875068 0.5837385  0    0    0  0  0
2   1.0 0.3688719 0.2381616 0.5584006  0    0    0  0  0
3   2.0 0.2684101 0.1855591 0.4846223  0    0    0  0  0

[[1]]$bar.p$se
  delta          mu       mu_1       mu_0 de se_1 se_0 oe te
1   0.5 0.031587730 0.03257476 0.03529104  0    0    0  0  0
2   1.0 0.008363042 0.00936609 0.01298854  0    0    0  0  0
3   2.0 0.011116552 0.01050606 0.03397085  0    0    0  0  0



[1] "Total run time was 7479.847 seconds"
