WARNING: ignoring environment value of R_HOME

Attaching package: ‘dplyr’

The following objects are masked from ‘package:stats’:

    filter, lag

The following objects are masked from ‘package:base’:

    intersect, setdiff, setequal, union

Loading required package: splines
Loading required package: foreach
Loaded gam 1.20.2

Super Learner
Version: 2.0-28
Package created on 2021-05-04

Loading required package: lattice
Loading required package: ggplot2
Loading required package: Matrix
Loaded glmnet 4.1-7
Loading required package: Formula
Loading required package: plotmo
Loading required package: plotrix
Loading required package: TeachingDemos
Loaded gbm 2.1.8.1

Attaching package: ‘xgboost’

The following object is masked from ‘package:dplyr’:

    slice

[1] "[Simulation setting]"
[1] "m: 500"
[1] "deltas: 0.5, 1, 2"
[1] "alphas: 0.4251, 0.5948, 0.7448"
[1] "Sim.id 1"
[1] "Data generated"
[1] "Proposed & IPW estimators"
[1] "   Split: 1"
[1] "   Split: 2"
[1] "Barkley estimators"
[1] "I. Estimate GLMER model"
[1] "IB. get MCFP vecs"
[1] "II. Estimate CFBI"
[1] "II. solving for alpha_num 1 of 3 ; alpha= 0.425133170705204"
[1] "elapsed: 8.13 minutes as of 2023-05-08 18:43:29"
[1] "II. solving for alpha_num 2 of 3 ; alpha= 0.594849404255532"
[1] "elapsed: 8.05 minutes as of 2023-05-08 18:51:32"
[1] "II. solving for alpha_num 3 of 3 ; alpha= 0.744822889124285"
[1] "elapsed: 7.5 minutes as of 2023-05-08 18:59:02"
[1] "III. Estimate MCFP"
[1] "III. alpha num 1 of 3"
[1] "elapsed: 0.75 minutes as of 2023-05-08 18:59:47"
[1] "III. alpha num 2 of 3"
[1] "elapsed: 1.51 minutes as of 2023-05-08 19:00:33"
[1] "III. alpha num 3 of 3"
[1] "elapsed: 2.27 minutes as of 2023-05-08 19:01:18"
[1] "IV. Target estimates"
[1] "Beginning variance calculations. This may take some time."
[1] "V. Variance estimates"
[1] ":model stuff:"
[1] "elapsed: 2.21 minutes as of 2023-05-08 19:03:36"
[1] ":CFBI EstFun:"
[1] "elapsed: 0 minutes as of 2023-05-08 19:03:36"
[1] ":CFBI alpha_num 1 of 3"
[1] "elapsed: 6.45 minutes as of 2023-05-08 19:10:03"
[1] ":CFBI alpha_num 2 of 3"
[1] "elapsed: 12.9 minutes as of 2023-05-08 19:16:30"
[1] ":CFBI alpha_num 3 of 3"
[1] ":MCFP EstFun:"
[1] "elapsed: 19.42 minutes as of 2023-05-08 19:23:01"
[1] ":MCFP alpha_num 1 of 3"
[1] "elapsed: 24.83 minutes as of 2023-05-08 19:28:26"
[1] ":MCFP alpha_num 2 of 3"
[1] "elapsed: 30.23 minutes as of 2023-05-08 19:33:50"
[1] ":MCFP alpha_num 3 of 3"
[1] "elapsed: 37.82 minutes as of 2023-05-08 19:39:13"
[1] ":target ests:"
[1] "elapsed: 0 minutes as of 2023-05-08 19:39:13"
[1] "Var_row_num 1 of 9"
[1] "elapsed: 12.93 minutes as of 2023-05-08 19:52:08"
[1] "elapsed: 0 minutes as of 2023-05-08 19:52:09"
[1] "elapsed: 0 minutes as of 2023-05-08 19:52:09"
[1] "Var_row_num 2 of 9"
[1] "elapsed: 13.09 minutes as of 2023-05-08 20:05:14"
[1] "elapsed: 0 minutes as of 2023-05-08 20:05:14"
[1] "elapsed: 0 minutes as of 2023-05-08 20:05:14"
[1] "Var_row_num 3 of 9"
[1] "elapsed: 13.19 minutes as of 2023-05-08 20:18:25"
[1] "elapsed: 0 minutes as of 2023-05-08 20:18:25"
[1] "elapsed: 0 minutes as of 2023-05-08 20:18:25"
[1] "Var_row_num 4 of 9"
[1] "elapsed: 13.19 minutes as of 2023-05-08 20:31:37"
[1] "elapsed: 0 minutes as of 2023-05-08 20:31:37"
[1] "elapsed: 0 minutes as of 2023-05-08 20:31:37"
[1] "Var_row_num 5 of 9"
[1] "elapsed: 13.21 minutes as of 2023-05-08 20:44:49"
[1] "elapsed: 0 minutes as of 2023-05-08 20:44:49"
[1] "elapsed: 0 minutes as of 2023-05-08 20:44:49"
[1] "Var_row_num 6 of 9"
[1] "elapsed: 13.01 minutes as of 2023-05-08 20:57:50"
[1] "elapsed: 0 minutes as of 2023-05-08 20:57:50"
[1] "elapsed: 0 minutes as of 2023-05-08 20:57:50"
[1] "Var_row_num 7 of 9"
[1] "elapsed: 13.05 minutes as of 2023-05-08 21:10:53"
[1] "elapsed: 0 minutes as of 2023-05-08 21:10:53"
[1] "elapsed: 0 minutes as of 2023-05-08 21:10:53"
[1] "Var_row_num 8 of 9"
[1] "elapsed: 12.79 minutes as of 2023-05-08 21:23:41"
[1] "elapsed: 0 minutes as of 2023-05-08 21:23:41"
[1] "elapsed: 0 minutes as of 2023-05-08 21:23:41"
[1] "Var_row_num 9 of 9"
[1] "elapsed: 12.43 minutes as of 2023-05-08 21:36:07"
[1] "elapsed: 0 minutes as of 2023-05-08 21:36:07"
[1] "Done with all variance calculations"
[1] "Estimates and SE estimates computed"
[1] ""
[[1]]
[[1]]$pro.p
[[1]]$pro.p$est
  delta        mu      mu_1      mu_0         de        se_1        se_0
1   0.5 0.4501335 0.2698525 0.5775936 -0.3077411  0.04612439 0.016459654
2   1.0 0.3624819 0.2237282 0.5611340 -0.3374058  0.00000000 0.000000000
3   2.0 0.3009226 0.2098894 0.5625719 -0.3526825 -0.01383873 0.001437914
           oe         te
1  0.08765166 -0.2912814
2  0.00000000 -0.3374058
3 -0.06155926 -0.3512446

[[1]]$pro.p$se
  delta         mu       mu_1       mu_0         de       se_1       se_0
1   0.5 0.02024286 0.01863287 0.02784780 0.02888513 0.01609544 0.02264081
2   1.0 0.01127558 0.01002085 0.01563251 0.01440047 0.00000000 0.00000000
3   2.0 0.02054391 0.02082334 0.02650722 0.02600381 0.01743893 0.02247096
          oe         te
1 0.01692193 0.02066280
2 0.00000000 0.01440047
3 0.01742384 0.02389651


[[1]]$pro.np
[[1]]$pro.np$est
  delta        mu      mu_1      mu_0         de         se_1        se_0
1   0.5 0.4402516 0.2750009 0.5457136 -0.2707127  0.042418472 0.008072372
2   1.0 0.3641049 0.2325824 0.5376412 -0.3050588  0.000000000 0.000000000
3   2.0 0.3135500 0.2280805 0.5412909 -0.3132104 -0.004501866 0.003649649
           oe         te
1  0.07614671 -0.2626404
2  0.00000000 -0.3050588
3 -0.05055496 -0.3095607

[[1]]$pro.np$se
  delta         mu       mu_1       mu_0         de       se_1       se_0
1   0.5 0.01753326 0.01724911 0.02302745 0.02306756 0.01466001 0.01844341
2   1.0 0.01159433 0.01030136 0.01502429 0.01267805 0.00000000 0.00000000
3   2.0 0.02110921 0.02128147 0.02445149 0.02260825 0.01764591 0.02036260
          oe         te
1 0.01410356 0.01868663
2 0.00000000 0.01267805
3 0.01780979 0.02325276


[[1]]$ipw.p
[[1]]$ipw.p$est
  delta        mu      mu_1      mu_0         de         se_1         se_0
1   0.5 0.4849122 0.2745560 0.6356751 -0.3611191  0.049125067  0.066650760
2   1.0 0.3661321 0.2254309 0.5690244 -0.3435934  0.000000000  0.000000000
3   2.0 0.3076395 0.2174168 0.5673334 -0.3499166 -0.008014094 -0.001690942
           oe         te
1  0.11878012 -0.2944684
2  0.00000000 -0.3435934
3 -0.05849253 -0.3516075

[[1]]$ipw.p$se
  delta          mu        mu_1       mu_0         de       se_1       se_0
1   0.5 0.052068176 0.023597823 0.07640675 0.06346904 0.02253639 0.06956176
2   1.0 0.009217622 0.009073414 0.01616113 0.01734625 0.00000000 0.00000000
3   2.0 0.023572931 0.025653220 0.02903918 0.02774161 0.02344845 0.03362066
          oe         te
1 0.04919192 0.02139470
2 0.00000000 0.01734625
3 0.02451348 0.03329576


[[1]]$ipw.np
[[1]]$ipw.np$est
  delta        mu      mu_1      mu_0         de         se_1         se_0
1   0.5 0.4810612 0.2849758 0.6156735 -0.3306977  0.052850919  0.065160087
2   1.0 0.3661321 0.2321249 0.5505134 -0.3183885  0.000000000  0.000000000
3   2.0 0.3086783 0.2232605 0.5428471 -0.3195866 -0.008864416 -0.007666308
           oe         te
1  0.11492915 -0.2655376
2  0.00000000 -0.3183885
3 -0.05745375 -0.3272530

[[1]]$ipw.np$se
  delta          mu        mu_1       mu_0         de       se_1       se_0
1   0.5 0.049024790 0.024088853 0.07019829 0.05720907 0.02306951 0.06334578
2   1.0 0.009217622 0.009314179 0.01581235 0.01708204 0.00000000 0.00000000
3   2.0 0.023461036 0.026074929 0.02790730 0.02697267 0.02365525 0.03231474
          oe         te
1 0.04609758 0.02165628
2 0.00000000 0.01708204
3 0.02432695 0.03341027


[[1]]$bar.p
[[1]]$bar.p$est
  delta        mu      mu_1      mu_0 de se_1 se_0 oe te
1   0.5 0.4809573 0.2955241 0.6180022  0    0    0  0  0
2   1.0 0.3649717 0.2328715 0.5642123  0    0    0  0  0
3   2.0 0.2887240 0.1992980 0.5820637  0    0    0  0  0

[[1]]$bar.p$se
  delta          mu        mu_1       mu_0 de se_1 se_0 oe te
1   0.5 0.030534784 0.027165478 0.03628482  0    0    0  0  0
2   1.0 0.008615461 0.009332381 0.01368553  0    0    0  0  0
3   2.0 0.013711203 0.012806354 0.07441221  0    0    0  0  0



[1] "Total run time was 11328.735 seconds"
