WARNING: ignoring environment value of R_HOME

Attaching package: ‘dplyr’

The following objects are masked from ‘package:stats’:

    filter, lag

The following objects are masked from ‘package:base’:

    intersect, setdiff, setequal, union

Loading required package: splines
Loading required package: foreach
Loaded gam 1.20.2

Super Learner
Version: 2.0-28
Package created on 2021-05-04

Loading required package: lattice
Loading required package: ggplot2
Loading required package: Matrix
Loaded glmnet 4.1-7
Loading required package: Formula
Loading required package: plotmo
Loading required package: plotrix
Loading required package: TeachingDemos
Loaded gbm 2.1.8.1

Attaching package: ‘xgboost’

The following object is masked from ‘package:dplyr’:

    slice

[1] "[Simulation setting]"
[1] "m: 500"
[1] "deltas: 0.5, 1, 2"
[1] "alphas: 0.4251, 0.5948, 0.7448"
[1] "Sim.id 1"
[1] "Data generated"
[1] "Proposed & IPW estimators"
[1] "   Split: 1"
[1] "   Split: 2"
[1] "Barkley estimators"
[1] "I. Estimate GLMER model"
[1] "IB. get MCFP vecs"
[1] "II. Estimate CFBI"
[1] "II. solving for alpha_num 1 of 3 ; alpha= 0.425133170705204"
[1] "elapsed: 6.58 minutes as of 2023-05-08 21:46:49"
[1] "II. solving for alpha_num 2 of 3 ; alpha= 0.594849404255532"
[1] "elapsed: 7.35 minutes as of 2023-05-08 21:54:11"
[1] "II. solving for alpha_num 3 of 3 ; alpha= 0.744822889124285"
[1] "elapsed: 8.28 minutes as of 2023-05-08 22:02:27"
[1] "III. Estimate MCFP"
[1] "III. alpha num 1 of 3"
[1] "elapsed: 0.68 minutes as of 2023-05-08 22:03:08"
[1] "III. alpha num 2 of 3"
[1] "elapsed: 1.36 minutes as of 2023-05-08 22:03:49"
[1] "III. alpha num 3 of 3"
[1] "elapsed: 2.05 minutes as of 2023-05-08 22:04:30"
[1] "IV. Target estimates"
[1] "Beginning variance calculations. This may take some time."
[1] "V. Variance estimates"
[1] ":model stuff:"
[1] "elapsed: 1.99 minutes as of 2023-05-08 22:06:34"
[1] ":CFBI EstFun:"
[1] "elapsed: 0 minutes as of 2023-05-08 22:06:34"
[1] ":CFBI alpha_num 1 of 3"
[1] "elapsed: 5.71 minutes as of 2023-05-08 22:12:17"
[1] ":CFBI alpha_num 2 of 3"
[1] "elapsed: 11.43 minutes as of 2023-05-08 22:18:00"
[1] ":CFBI alpha_num 3 of 3"
[1] ":MCFP EstFun:"
[1] "elapsed: 17.18 minutes as of 2023-05-08 22:23:45"
[1] ":MCFP alpha_num 1 of 3"
[1] "elapsed: 21.93 minutes as of 2023-05-08 22:28:30"
[1] ":MCFP alpha_num 2 of 3"
[1] "elapsed: 26.6 minutes as of 2023-05-08 22:33:10"
[1] ":MCFP alpha_num 3 of 3"
[1] "elapsed: 33.26 minutes as of 2023-05-08 22:37:51"
[1] ":target ests:"
[1] "elapsed: 0 minutes as of 2023-05-08 22:37:51"
[1] "Var_row_num 1 of 9"
[1] "elapsed: 11.02 minutes as of 2023-05-08 22:48:52"
[1] "elapsed: 0 minutes as of 2023-05-08 22:48:52"
[1] "elapsed: 0 minutes as of 2023-05-08 22:48:52"
[1] "Var_row_num 2 of 9"
[1] "elapsed: 10.95 minutes as of 2023-05-08 22:59:49"
[1] "elapsed: 0 minutes as of 2023-05-08 22:59:49"
[1] "elapsed: 0 minutes as of 2023-05-08 22:59:49"
[1] "Var_row_num 3 of 9"
[1] "elapsed: 11 minutes as of 2023-05-08 23:10:50"
[1] "elapsed: 0 minutes as of 2023-05-08 23:10:50"
[1] "elapsed: 0 minutes as of 2023-05-08 23:10:50"
[1] "Var_row_num 4 of 9"
[1] "elapsed: 11.24 minutes as of 2023-05-08 23:22:04"
[1] "elapsed: 0 minutes as of 2023-05-08 23:22:04"
[1] "elapsed: 0 minutes as of 2023-05-08 23:22:04"
[1] "Var_row_num 5 of 9"
[1] "elapsed: 10.95 minutes as of 2023-05-08 23:33:01"
[1] "elapsed: 0 minutes as of 2023-05-08 23:33:01"
[1] "elapsed: 0 minutes as of 2023-05-08 23:33:01"
[1] "Var_row_num 6 of 9"
[1] "elapsed: 11.01 minutes as of 2023-05-08 23:44:02"
[1] "elapsed: 0 minutes as of 2023-05-08 23:44:02"
[1] "elapsed: 0 minutes as of 2023-05-08 23:44:02"
[1] "Var_row_num 7 of 9"
[1] "elapsed: 11.12 minutes as of 2023-05-08 23:55:10"
[1] "elapsed: 0 minutes as of 2023-05-08 23:55:10"
[1] "elapsed: 0 minutes as of 2023-05-08 23:55:10"
[1] "Var_row_num 8 of 9"
[1] "elapsed: 11.12 minutes as of 2023-05-09 00:06:17"
[1] "elapsed: 0 minutes as of 2023-05-09 00:06:17"
[1] "elapsed: 0 minutes as of 2023-05-09 00:06:17"
[1] "Var_row_num 9 of 9"
[1] "elapsed: 11.13 minutes as of 2023-05-09 00:17:25"
[1] "elapsed: 0 minutes as of 2023-05-09 00:17:25"
[1] "Done with all variance calculations"
[1] "Estimates and SE estimates computed"
[1] ""
[[1]]
[[1]]$pro.p
[[1]]$pro.p$est
  delta        mu      mu_1      mu_0         de        se_1        se_0
1   0.5 0.4769996 0.2651953 0.6357781 -0.3705828 0.049835617  0.08344623
2   1.0 0.3503334 0.2153597 0.5523318 -0.3369721 0.000000000  0.00000000
3   2.0 0.2958738 0.2236928 0.5066967 -0.2830039 0.008333056 -0.04563514
           oe         te
1  0.12666616 -0.2871365
2  0.00000000 -0.3369721
3 -0.05445963 -0.3286391

[[1]]$pro.p$se
  delta         mu       mu_1       mu_0         de       se_1       se_0
1   0.5 0.02960877 0.02222578 0.03972558 0.03243910 0.01981566 0.03630713
2   1.0 0.01115178 0.00991970 0.01460771 0.01290321 0.00000000 0.00000000
3   2.0 0.02080641 0.02162844 0.02528134 0.02604804 0.01764167 0.02163291
          oe         te
1 0.02671471 0.02216119
2 0.00000000 0.01290321
3 0.01756996 0.02426648


[[1]]$pro.np
[[1]]$pro.np$est
  delta        mu      mu_1      mu_0         de       se_1        se_0
1   0.5 0.4461289 0.2602732 0.5801919 -0.3199187 0.03285388  0.05149319
2   1.0 0.3504079 0.2274193 0.5286987 -0.3012794 0.00000000  0.00000000
3   2.0 0.3044881 0.2416596 0.4783005 -0.2366409 0.01424027 -0.05039820
           oe         te
1  0.09572099 -0.2684255
2  0.00000000 -0.3012794
3 -0.04591977 -0.2870391

[[1]]$pro.np$se
  delta         mu       mu_1       mu_0         de       se_1       se_0
1   0.5 0.02104617 0.02028137 0.02535851 0.02278871 0.01740887 0.02157044
2   1.0 0.01138909 0.01030649 0.01409951 0.01173477 0.00000000 0.00000000
3   2.0 0.02051069 0.02119940 0.02237814 0.02281892 0.01679380 0.01852912
          oe         te
1 0.01784228 0.02057820
2 0.00000000 0.01173477
3 0.01679189 0.02313476


[[1]]$ipw.p
[[1]]$ipw.p$est
  delta        mu      mu_1      mu_0         de       se_1        se_0
1   0.5 0.5420272 0.2713591 0.7513930 -0.4800340 0.05490399  0.18933095
2   1.0 0.3550333 0.2164551 0.5620621 -0.3456070 0.00000000  0.00000000
3   2.0 0.3141950 0.2467227 0.5171652 -0.2704425 0.03026762 -0.04489686
           oe         te
1  0.18699397 -0.2907030
2  0.00000000 -0.3456070
3 -0.04083828 -0.3153394

[[1]]$ipw.p$se
  delta         mu        mu_1       mu_0         de       se_1       se_0
1   0.5 0.08532595 0.027311045 0.14098033 0.12896390 0.02624888 0.13546933
2   1.0 0.00942385 0.008887188 0.01697910 0.01776165 0.00000000 0.00000000
3   2.0 0.02437594 0.030087775 0.02413535 0.03464293 0.02720629 0.02863982
          oe         te
1 0.08298664 0.02381128
2 0.00000000 0.01776165
3 0.02524372 0.03838115


[[1]]$ipw.np
[[1]]$ipw.np$est
  delta        mu      mu_1      mu_0         de       se_1        se_0
1   0.5 0.5247412 0.2727043 0.7120510 -0.4393466 0.04993525  0.16661784
2   1.0 0.3550333 0.2227691 0.5454331 -0.3226641 0.00000000  0.00000000
3   2.0 0.3167020 0.2528048 0.5017423 -0.2489376 0.03003569 -0.04369082
           oe         te
1  0.16970796 -0.2727288
2  0.00000000 -0.3226641
3 -0.03833132 -0.2926284

[[1]]$ipw.np$se
  delta         mu        mu_1       mu_0         de       se_1       se_0
1   0.5 0.07945968 0.026439065 0.12940658 0.11891164 0.02538911 0.12423158
2   1.0 0.00942385 0.009165412 0.01649159 0.01741326 0.00000000 0.00000000
3   2.0 0.02472670 0.031150095 0.02314646 0.03514734 0.02816311 0.02744846
          oe         te
1 0.07719481 0.02306025
2 0.00000000 0.01741326
3 0.02548116 0.03893936


[[1]]$bar.p
[[1]]$bar.p$est
  delta        mu      mu_1      mu_0 de se_1 se_0 oe te
1   0.5 0.4729290 0.3041860 0.6047741  0    0    0  0  0
2   1.0 0.3561649 0.2248035 0.5377573  0    0    0  0  0
3   2.0 0.2892223 0.2110001 0.4329225  0    0    0  0  0

[[1]]$bar.p$se
  delta          mu        mu_1       mu_0 de se_1 se_0 oe te
1   0.5 0.038047374 0.045900897 0.03761038  0    0    0  0  0
2   1.0 0.008814903 0.009612709 0.01333537  0    0    0  0  0
3   2.0 0.013471876 0.014169464 0.02226261  0    0    0  0  0



[1] "Total run time was 9783.348 seconds"
