WARNING: ignoring environment value of R_HOME

Attaching package: ‘dplyr’

The following objects are masked from ‘package:stats’:

    filter, lag

The following objects are masked from ‘package:base’:

    intersect, setdiff, setequal, union

Loading required package: splines
Loading required package: foreach
Loaded gam 1.20.2

Super Learner
Version: 2.0-28
Package created on 2021-05-04

Loading required package: lattice
Loading required package: ggplot2
Loading required package: Matrix
Loaded glmnet 4.1-7
Loading required package: Formula
Loading required package: plotmo
Loading required package: plotrix
Loading required package: TeachingDemos
Loaded gbm 2.1.8.1

Attaching package: ‘xgboost’

The following object is masked from ‘package:dplyr’:

    slice

[1] "[Simulation setting]"
[1] "m: 500"
[1] "deltas: 0.5, 1, 2"
[1] "alphas: 0.4251, 0.5948, 0.7448"
[1] "Sim.id 1"
[1] "Data generated"
[1] "Proposed & IPW estimators"
[1] "   Split: 1"
[1] "   Split: 2"
[1] "Barkley estimators"
[1] "I. Estimate GLMER model"
[1] "IB. get MCFP vecs"
[1] "II. Estimate CFBI"
[1] "II. solving for alpha_num 1 of 3 ; alpha= 0.425133170705204"
[1] "elapsed: 6.71 minutes as of 2023-05-08 18:47:01"
[1] "II. solving for alpha_num 2 of 3 ; alpha= 0.594849404255532"
[1] "elapsed: 7.59 minutes as of 2023-05-08 18:54:36"
[1] "II. solving for alpha_num 3 of 3 ; alpha= 0.744822889124285"
[1] "elapsed: 6.76 minutes as of 2023-05-08 19:01:22"
[1] "III. Estimate MCFP"
[1] "III. alpha num 1 of 3"
[1] "elapsed: 0.67 minutes as of 2023-05-08 19:02:02"
[1] "III. alpha num 2 of 3"
[1] "elapsed: 1.32 minutes as of 2023-05-08 19:02:41"
[1] "III. alpha num 3 of 3"
[1] "elapsed: 1.99 minutes as of 2023-05-08 19:03:22"
[1] "IV. Target estimates"
[1] "Beginning variance calculations. This may take some time."
[1] "V. Variance estimates"
[1] ":model stuff:"
[1] "elapsed: 2.04 minutes as of 2023-05-08 19:05:29"
[1] ":CFBI EstFun:"
[1] "elapsed: 0 minutes as of 2023-05-08 19:05:29"
[1] ":CFBI alpha_num 1 of 3"
[1] "elapsed: 5.94 minutes as of 2023-05-08 19:11:25"
[1] ":CFBI alpha_num 2 of 3"
[1] "elapsed: 11.87 minutes as of 2023-05-08 19:17:22"
[1] ":CFBI alpha_num 3 of 3"
[1] ":MCFP EstFun:"
[1] "elapsed: 17.78 minutes as of 2023-05-08 19:23:16"
[1] ":MCFP alpha_num 1 of 3"
[1] "elapsed: 22.31 minutes as of 2023-05-08 19:27:48"
[1] ":MCFP alpha_num 2 of 3"
[1] "elapsed: 26.76 minutes as of 2023-05-08 19:32:15"
[1] ":MCFP alpha_num 3 of 3"
[1] "elapsed: 33.39 minutes as of 2023-05-08 19:36:50"
[1] ":target ests:"
[1] "elapsed: 0 minutes as of 2023-05-08 19:36:50"
[1] "Var_row_num 1 of 9"
[1] "elapsed: 11 minutes as of 2023-05-08 19:47:50"
[1] "elapsed: 0 minutes as of 2023-05-08 19:47:50"
[1] "elapsed: 0 minutes as of 2023-05-08 19:47:50"
[1] "Var_row_num 2 of 9"
[1] "elapsed: 11 minutes as of 2023-05-08 19:58:50"
[1] "elapsed: 0 minutes as of 2023-05-08 19:58:50"
[1] "elapsed: 0 minutes as of 2023-05-08 19:58:50"
[1] "Var_row_num 3 of 9"
[1] "elapsed: 10.97 minutes as of 2023-05-08 20:09:48"
[1] "elapsed: 0 minutes as of 2023-05-08 20:09:48"
[1] "elapsed: 0 minutes as of 2023-05-08 20:09:48"
[1] "Var_row_num 4 of 9"
[1] "elapsed: 10.95 minutes as of 2023-05-08 20:20:45"
[1] "elapsed: 0 minutes as of 2023-05-08 20:20:45"
[1] "elapsed: 0 minutes as of 2023-05-08 20:20:45"
[1] "Var_row_num 5 of 9"
[1] "elapsed: 10.97 minutes as of 2023-05-08 20:31:44"
[1] "elapsed: 0 minutes as of 2023-05-08 20:31:44"
[1] "elapsed: 0 minutes as of 2023-05-08 20:31:44"
[1] "Var_row_num 6 of 9"
[1] "elapsed: 10.91 minutes as of 2023-05-08 20:42:38"
[1] "elapsed: 0 minutes as of 2023-05-08 20:42:38"
[1] "elapsed: 0 minutes as of 2023-05-08 20:42:38"
[1] "Var_row_num 7 of 9"
[1] "elapsed: 10.81 minutes as of 2023-05-08 20:53:27"
[1] "elapsed: 0 minutes as of 2023-05-08 20:53:27"
[1] "elapsed: 0 minutes as of 2023-05-08 20:53:27"
[1] "Var_row_num 8 of 9"
[1] "elapsed: 10.73 minutes as of 2023-05-08 21:04:10"
[1] "elapsed: 0 minutes as of 2023-05-08 21:04:10"
[1] "elapsed: 0 minutes as of 2023-05-08 21:04:10"
[1] "Var_row_num 9 of 9"
[1] "elapsed: 10.7 minutes as of 2023-05-08 21:14:52"
[1] "elapsed: 0 minutes as of 2023-05-08 21:14:52"
[1] "Done with all variance calculations"
[1] "Estimates and SE estimates computed"
[1] ""
[[1]]
[[1]]$pro.p
[[1]]$pro.p$est
  delta        mu      mu_1      mu_0         de       se_1        se_0
1   0.5 0.4480958 0.2393186 0.6041318 -0.3648132 0.02062011  0.04790633
2   1.0 0.3544575 0.2186985 0.5562254 -0.3375270 0.00000000  0.00000000
3   2.0 0.3088787 0.2305401 0.5345660 -0.3040259 0.01184163 -0.02165942
           oe         te
1  0.09363823 -0.3169069
2  0.00000000 -0.3375270
3 -0.04557879 -0.3256854

[[1]]$pro.p$se
  delta         mu       mu_1       mu_0         de       se_1       se_0
1   0.5 0.02003189 0.02009534 0.02333120 0.02140714 0.01754269 0.01890225
2   1.0 0.01176531 0.01054213 0.01562927 0.01376218 0.00000000 0.00000000
3   2.0 0.02024129 0.02004310 0.02508718 0.02205679 0.01594957 0.01987601
          oe         te
1 0.01680476 0.02163402
2 0.00000000 0.01376218
3 0.01661450 0.02238443


[[1]]$pro.np
[[1]]$pro.np$est
  delta        mu      mu_1      mu_0         de       se_1        se_0
1   0.5 0.4352605 0.2500087 0.5690250 -0.3190164 0.01732095  0.04018799
2   1.0 0.3554235 0.2326877 0.5288371 -0.2961494 0.00000000  0.00000000
3   2.0 0.3183423 0.2480426 0.5085911 -0.2605485 0.01535491 -0.02024593
           oe         te
1  0.07983702 -0.2788284
2  0.00000000 -0.2961494
3 -0.03708125 -0.2807944

[[1]]$pro.np$se
  delta         mu       mu_1       mu_0         de       se_1       se_0
1   0.5 0.01832618 0.01712893 0.02185784 0.01962291 0.01422503 0.01698391
2   1.0 0.01190899 0.01085778 0.01503610 0.01230752 0.00000000 0.00000000
3   2.0 0.02359500 0.02385722 0.02447144 0.02099220 0.01928382 0.01950007
          oe         te
1 0.01452281 0.01759353
2 0.00000000 0.01230752
3 0.01933468 0.02399669


[[1]]$ipw.p
[[1]]$ipw.p$est
  delta        mu      mu_1      mu_0         de        se_1        se_0
1   0.5 0.4351929 0.2438185 0.5786237 -0.3348052  0.02484834  0.02071729
2   1.0 0.3553598 0.2189702 0.5579064 -0.3389363  0.00000000  0.00000000
3   2.0 0.2843122 0.2010002 0.5287013 -0.3277011 -0.01796994 -0.02920510
           oe         te
1  0.07983310 -0.3140879
2  0.00000000 -0.3389363
3 -0.07104765 -0.3569062

[[1]]$ipw.p$se
  delta          mu        mu_1       mu_0         de       se_1       se_0
1   0.5 0.046170994 0.025561959 0.06473943 0.04833164 0.02453327 0.05793116
2   1.0 0.009159642 0.009479147 0.01601097 0.01771174 0.00000000 0.00000000
3   2.0 0.018841482 0.019948653 0.02454325 0.02314711 0.01637111 0.02876078
          oe         te
1 0.04339734 0.02392784
2 0.00000000 0.01771174
3 0.01911522 0.02851685


[[1]]$ipw.np
[[1]]$ipw.np$est
  delta        mu      mu_1      mu_0         de        se_1        se_0
1   0.5 0.4264103 0.2495974 0.5542717 -0.3046743  0.02368486  0.01415985
2   1.0 0.3553598 0.2259125 0.5401118 -0.3141993  0.00000000  0.00000000
3   2.0 0.2867734 0.2075923 0.5098282 -0.3022360 -0.01832025 -0.03028358
           oe         te
1  0.07105052 -0.2905144
2  0.00000000 -0.3141993
3 -0.06858644 -0.3325195

[[1]]$ipw.np$se
  delta          mu        mu_1       mu_0         de       se_1       se_0
1   0.5 0.042289998 0.024538869 0.05837641 0.04377237 0.02348966 0.05150205
2   1.0 0.009159642 0.009760143 0.01556749 0.01740377 0.00000000 0.00000000
3   2.0 0.018951451 0.020728388 0.02353300 0.02321055 0.01687939 0.02748793
          oe         te
1 0.03943869 0.02270213
2 0.00000000 0.01740377
3 0.01909023 0.02879848


[[1]]$bar.p
[[1]]$bar.p$est
  delta        mu      mu_1      mu_0 de se_1 se_0 oe te
1   0.5 0.4603900 0.2714354 0.6035797  0    0    0  0  0
2   1.0 0.3583018 0.2251686 0.5381399  0    0    0  0  0
3   2.0 0.2726410 0.1929740 0.4580797  0    0    0  0  0

[[1]]$bar.p$se
  delta          mu        mu_1       mu_0 de se_1 se_0 oe te
1   0.5 0.033542233 0.036528841 0.03379643  0    0    0  0  0
2   1.0 0.008659315 0.009885336 0.01261012  0    0    0  0  0
3   2.0 0.011766240 0.011743866 0.02501350  0    0    0  0  0



[1] "Total run time was 9618.729 seconds"
