WARNING: ignoring environment value of R_HOME

Attaching package: ‘dplyr’

The following objects are masked from ‘package:stats’:

    filter, lag

The following objects are masked from ‘package:base’:

    intersect, setdiff, setequal, union

Loading required package: splines
Loading required package: foreach
Loaded gam 1.20.2

Super Learner
Version: 2.0-28
Package created on 2021-05-04

Loading required package: lattice
Loading required package: ggplot2
Loading required package: Matrix
Loaded glmnet 4.1-7
Loading required package: Formula
Loading required package: plotmo
Loading required package: plotrix
Loading required package: TeachingDemos
Loaded gbm 2.1.8.1

Attaching package: ‘xgboost’

The following object is masked from ‘package:dplyr’:

    slice

[1] "[Simulation setting]"
[1] "m: 500"
[1] "deltas: 0.5, 1, 2"
[1] "alphas: 0.4251, 0.5948, 0.7448"
[1] "Sim.id 1"
[1] "Data generated"
[1] "Proposed & IPW estimators"
[1] "   Split: 1"
[1] "   Split: 2"
[1] "Barkley estimators"
[1] "I. Estimate GLMER model"
[1] "IB. get MCFP vecs"
[1] "II. Estimate CFBI"
[1] "II. solving for alpha_num 1 of 3 ; alpha= 0.425133170705204"
[1] "elapsed: 3.44 minutes as of 2023-05-08 19:11:32"
[1] "II. solving for alpha_num 2 of 3 ; alpha= 0.594849404255532"
[1] "elapsed: 3.4 minutes as of 2023-05-08 19:14:56"
[1] "II. solving for alpha_num 3 of 3 ; alpha= 0.744822889124285"
[1] "elapsed: 4.26 minutes as of 2023-05-08 19:19:11"
[1] "III. Estimate MCFP"
[1] "III. alpha num 1 of 3"
[1] "elapsed: 0.34 minutes as of 2023-05-08 19:19:32"
[1] "III. alpha num 2 of 3"
[1] "elapsed: 0.68 minutes as of 2023-05-08 19:19:52"
[1] "III. alpha num 3 of 3"
[1] "elapsed: 1.02 minutes as of 2023-05-08 19:20:13"
[1] "IV. Target estimates"
[1] "Beginning variance calculations. This may take some time."
[1] "V. Variance estimates"
[1] ":model stuff:"
[1] "elapsed: 1 minutes as of 2023-05-08 19:21:15"
[1] ":CFBI EstFun:"
[1] "elapsed: 0 minutes as of 2023-05-08 19:21:15"
[1] ":CFBI alpha_num 1 of 3"
[1] "elapsed: 2.99 minutes as of 2023-05-08 19:24:14"
[1] ":CFBI alpha_num 2 of 3"
[1] "elapsed: 5.98 minutes as of 2023-05-08 19:27:14"
[1] ":CFBI alpha_num 3 of 3"
[1] ":MCFP EstFun:"
[1] "elapsed: 8.97 minutes as of 2023-05-08 19:30:13"
[1] ":MCFP alpha_num 1 of 3"
[1] "elapsed: 11.34 minutes as of 2023-05-08 19:32:35"
[1] ":MCFP alpha_num 2 of 3"
[1] "elapsed: 13.73 minutes as of 2023-05-08 19:34:59"
[1] ":MCFP alpha_num 3 of 3"
[1] "elapsed: 17.09 minutes as of 2023-05-08 19:37:21"
[1] ":target ests:"
[1] "elapsed: 0 minutes as of 2023-05-08 19:37:21"
[1] "Var_row_num 1 of 9"
[1] "elapsed: 6.37 minutes as of 2023-05-08 19:43:43"
[1] "elapsed: 0 minutes as of 2023-05-08 19:43:43"
[1] "elapsed: 0 minutes as of 2023-05-08 19:43:43"
[1] "Var_row_num 2 of 9"
[1] "elapsed: 6.37 minutes as of 2023-05-08 19:50:05"
[1] "elapsed: 0 minutes as of 2023-05-08 19:50:05"
[1] "elapsed: 0 minutes as of 2023-05-08 19:50:05"
[1] "Var_row_num 3 of 9"
[1] "elapsed: 6.38 minutes as of 2023-05-08 19:56:28"
[1] "elapsed: 0 minutes as of 2023-05-08 19:56:28"
[1] "elapsed: 0 minutes as of 2023-05-08 19:56:28"
[1] "Var_row_num 4 of 9"
[1] "elapsed: 6.4 minutes as of 2023-05-08 20:02:52"
[1] "elapsed: 0 minutes as of 2023-05-08 20:02:52"
[1] "elapsed: 0 minutes as of 2023-05-08 20:02:52"
[1] "Var_row_num 5 of 9"
[1] "elapsed: 6.42 minutes as of 2023-05-08 20:09:17"
[1] "elapsed: 0 minutes as of 2023-05-08 20:09:17"
[1] "elapsed: 0 minutes as of 2023-05-08 20:09:17"
[1] "Var_row_num 6 of 9"
[1] "elapsed: 6.43 minutes as of 2023-05-08 20:15:43"
[1] "elapsed: 0 minutes as of 2023-05-08 20:15:43"
[1] "elapsed: 0 minutes as of 2023-05-08 20:15:43"
[1] "Var_row_num 7 of 9"
[1] "elapsed: 6.46 minutes as of 2023-05-08 20:22:11"
[1] "elapsed: 0 minutes as of 2023-05-08 20:22:11"
[1] "elapsed: 0 minutes as of 2023-05-08 20:22:11"
[1] "Var_row_num 8 of 9"
[1] "elapsed: 6.45 minutes as of 2023-05-08 20:28:38"
[1] "elapsed: 0.01 minutes as of 2023-05-08 20:28:38"
[1] "elapsed: 0 minutes as of 2023-05-08 20:28:38"
[1] "Var_row_num 9 of 9"
[1] "elapsed: 6.46 minutes as of 2023-05-08 20:35:06"
[1] "elapsed: 0 minutes as of 2023-05-08 20:35:06"
[1] "Done with all variance calculations"
[1] "Estimates and SE estimates computed"
[1] ""
[[1]]
[[1]]$pro.p
[[1]]$pro.p$est
  delta        mu      mu_1      mu_0         de         se_1        se_0
1   0.5 0.4717500 0.2400168 0.6393462 -0.3993294  0.006416229  0.03457711
2   1.0 0.3857217 0.2336006 0.6047691 -0.3711685  0.000000000  0.00000000
3   2.0 0.2996299 0.2062737 0.5695281 -0.3632544 -0.027326911 -0.03524102
           oe         te
1  0.08602821 -0.3647523
2  0.00000000 -0.3711685
3 -0.08609184 -0.3984954

[[1]]$pro.p$se
  delta         mu       mu_1       mu_0         de       se_1       se_0
1   0.5 0.01646213 0.01633545 0.02137586 0.02271846 0.01402519 0.01774850
2   1.0 0.01167122 0.01004357 0.01570353 0.01379095 0.00000000 0.00000000
3   2.0 0.02031304 0.01803091 0.02918461 0.02341421 0.01428075 0.02356296
          oe         te
1 0.01334800 0.01948816
2 0.00000000 0.01379095
3 0.01608108 0.02044062


[[1]]$pro.np
[[1]]$pro.np$est
  delta        mu      mu_1      mu_0         de        se_1        se_0
1   0.5 0.4675866 0.2596195 0.6051670 -0.3455475  0.01285540  0.03428964
2   1.0 0.3876256 0.2467641 0.5708774 -0.3241132  0.00000000  0.00000000
3   2.0 0.3095747 0.2254668 0.5291527 -0.3036859 -0.02129731 -0.04172468
           oe         te
1  0.07996102 -0.3112578
2  0.00000000 -0.3241132
3 -0.07805088 -0.3454106

[[1]]$pro.np$se
  delta         mu       mu_1       mu_0         de       se_1       se_0
1   0.5 0.01568138 0.01491294 0.02064565 0.02195261 0.01201514 0.01672572
2   1.0 0.01232415 0.01066905 0.01559411 0.01263074 0.00000000 0.00000000
3   2.0 0.01996566 0.01784587 0.02753504 0.02147182 0.01368873 0.02202181
          oe         te
1 0.01224186 0.01711685
2 0.00000000 0.01263074
3 0.01540111 0.01931425


[[1]]$ipw.p
[[1]]$ipw.p$est
  delta        mu      mu_1      mu_0         de        se_1        se_0
1   0.5 0.4767316 0.2424033 0.6543369 -0.4119336  0.01615373  0.05778804
2   1.0 0.3748092 0.2262495 0.5965489 -0.3702993  0.00000000  0.00000000
3   2.0 0.3041699 0.2128957 0.5781690 -0.3652734 -0.01335389 -0.01837987
           oe         te
1  0.10192244 -0.3541456
2  0.00000000 -0.3702993
3 -0.07063926 -0.3836532

[[1]]$ipw.p$se
  delta          mu        mu_1       mu_0         de       se_1       se_0
1   0.5 0.051811897 0.017842982 0.08652506 0.08193857 0.01697132 0.08011107
2   1.0 0.008929013 0.008969911 0.01627193 0.01778821 0.00000000 0.00000000
3   2.0 0.019468276 0.020118099 0.02769813 0.02484722 0.01749142 0.03253538
          oe         te
1 0.04940275 0.01738803
2 0.00000000 0.01778821
3 0.02027522 0.02905868


[[1]]$ipw.np
[[1]]$ipw.np$est
  delta        mu      mu_1      mu_0         de        se_1        se_0
1   0.5 0.4805692 0.2548640 0.6442467 -0.3893827  0.02045878  0.07160064
2   1.0 0.3748092 0.2344053 0.5726461 -0.3382408  0.00000000  0.00000000
3   2.0 0.3088679 0.2212365 0.5527432 -0.3315068 -0.01316879 -0.01990286
           oe         te
1  0.10576004 -0.3177820
2  0.00000000 -0.3382408
3 -0.06594128 -0.3514096

[[1]]$ipw.np$se
  delta          mu        mu_1       mu_0         de       se_1       se_0
1   0.5 0.052188052 0.019251918 0.08386984 0.07841668 0.01847580 0.07759025
2   1.0 0.008929013 0.009310932 0.01579538 0.01749944 0.00000000 0.00000000
3   2.0 0.020153748 0.020882833 0.02685342 0.02347708 0.01795715 0.03143314
          oe         te
1 0.04987262 0.01821610
2 0.00000000 0.01749944
3 0.02072510 0.02923882


[[1]]$bar.p
[[1]]$bar.p$est
  delta        mu      mu_1      mu_0 de se_1 se_0 oe te
1   0.5 0.4799366 0.2357612 0.6443638  0    0    0  0  0
2   1.0 0.3774640 0.2306470 0.5793214  0    0    0  0  0
3   2.0 0.2898596 0.2038349 0.5046933  0    0    0  0  0

[[1]]$bar.p$se
  delta          mu        mu_1       mu_0 de se_1 se_0 oe te
1   0.5 0.038232870 0.019335129 0.04195104  0    0    0  0  0
2   1.0 0.008826281 0.009659827 0.01351914  0    0    0  0  0
3   2.0 0.011753688 0.012049115 0.02799149  0    0    0  0  0



[1] "Total run time was 5446.686 seconds"
