WARNING: ignoring environment value of R_HOME

Attaching package: ‘dplyr’

The following objects are masked from ‘package:stats’:

    filter, lag

The following objects are masked from ‘package:base’:

    intersect, setdiff, setequal, union

Loading required package: splines
Loading required package: foreach
Loaded gam 1.20.2

Super Learner
Version: 2.0-28
Package created on 2021-05-04

Loading required package: lattice
Loading required package: ggplot2
Loading required package: Matrix
Loaded glmnet 4.1-7
Loading required package: Formula
Loading required package: plotmo
Loading required package: plotrix
Loading required package: TeachingDemos
Loaded gbm 2.1.8.1

Attaching package: ‘xgboost’

The following object is masked from ‘package:dplyr’:

    slice

[1] "[Simulation setting]"
[1] "m: 500"
[1] "deltas: 0.5, 1, 2"
[1] "alphas: 0.4251, 0.5948, 0.7448"
[1] "Sim.id 1"
[1] "Data generated"
[1] "Proposed & IPW estimators"
[1] "   Split: 1"
[1] "   Split: 2"
[1] "Barkley estimators"
[1] "I. Estimate GLMER model"
[1] "IB. get MCFP vecs"
[1] "II. Estimate CFBI"
[1] "II. solving for alpha_num 1 of 3 ; alpha= 0.425133170705204"
[1] "elapsed: 7.79 minutes as of 2023-05-08 18:43:56"
[1] "II. solving for alpha_num 2 of 3 ; alpha= 0.594849404255532"
[1] "elapsed: 8.58 minutes as of 2023-05-08 18:52:31"
[1] "II. solving for alpha_num 3 of 3 ; alpha= 0.744822889124285"
[1] "elapsed: 7.48 minutes as of 2023-05-08 19:00:00"
[1] "III. Estimate MCFP"
[1] "III. alpha num 1 of 3"
[1] "elapsed: 0.73 minutes as of 2023-05-08 19:00:44"
[1] "III. alpha num 2 of 3"
[1] "elapsed: 1.49 minutes as of 2023-05-08 19:01:29"
[1] "III. alpha num 3 of 3"
[1] "elapsed: 2.22 minutes as of 2023-05-08 19:02:13"
[1] "IV. Target estimates"
[1] "Beginning variance calculations. This may take some time."
[1] "V. Variance estimates"
[1] ":model stuff:"
[1] "elapsed: 2.3 minutes as of 2023-05-08 19:04:37"
[1] ":CFBI EstFun:"
[1] "elapsed: 0 minutes as of 2023-05-08 19:04:37"
[1] ":CFBI alpha_num 1 of 3"
[1] "elapsed: 6.49 minutes as of 2023-05-08 19:11:06"
[1] ":CFBI alpha_num 2 of 3"
[1] "elapsed: 12.91 minutes as of 2023-05-08 19:17:31"
[1] ":CFBI alpha_num 3 of 3"
[1] ":MCFP EstFun:"
[1] "elapsed: 19.26 minutes as of 2023-05-08 19:23:53"
[1] ":MCFP alpha_num 1 of 3"
[1] "elapsed: 24.27 minutes as of 2023-05-08 19:28:53"
[1] ":MCFP alpha_num 2 of 3"
[1] "elapsed: 29.41 minutes as of 2023-05-08 19:34:01"
[1] ":MCFP alpha_num 3 of 3"
[1] "elapsed: 36.67 minutes as of 2023-05-08 19:39:00"
[1] ":target ests:"
[1] "elapsed: 0 minutes as of 2023-05-08 19:39:00"
[1] "Var_row_num 1 of 9"
[1] "elapsed: 12.57 minutes as of 2023-05-08 19:51:34"
[1] "elapsed: 0 minutes as of 2023-05-08 19:51:34"
[1] "elapsed: 0 minutes as of 2023-05-08 19:51:34"
[1] "Var_row_num 2 of 9"
[1] "elapsed: 12.99 minutes as of 2023-05-08 20:04:33"
[1] "elapsed: 0 minutes as of 2023-05-08 20:04:34"
[1] "elapsed: 0 minutes as of 2023-05-08 20:04:34"
[1] "Var_row_num 3 of 9"
[1] "elapsed: 12.82 minutes as of 2023-05-08 20:17:23"
[1] "elapsed: 0 minutes as of 2023-05-08 20:17:23"
[1] "elapsed: 0 minutes as of 2023-05-08 20:17:23"
[1] "Var_row_num 4 of 9"
[1] "elapsed: 12.56 minutes as of 2023-05-08 20:29:57"
[1] "elapsed: 0 minutes as of 2023-05-08 20:29:57"
[1] "elapsed: 0 minutes as of 2023-05-08 20:29:57"
[1] "Var_row_num 5 of 9"
[1] "elapsed: 12.26 minutes as of 2023-05-08 20:42:12"
[1] "elapsed: 0 minutes as of 2023-05-08 20:42:12"
[1] "elapsed: 0 minutes as of 2023-05-08 20:42:12"
[1] "Var_row_num 6 of 9"
[1] "elapsed: 11.87 minutes as of 2023-05-08 20:54:04"
[1] "elapsed: 0 minutes as of 2023-05-08 20:54:04"
[1] "elapsed: 0 minutes as of 2023-05-08 20:54:04"
[1] "Var_row_num 7 of 9"
[1] "elapsed: 11.41 minutes as of 2023-05-08 21:05:29"
[1] "elapsed: 0 minutes as of 2023-05-08 21:05:29"
[1] "elapsed: 0 minutes as of 2023-05-08 21:05:29"
[1] "Var_row_num 8 of 9"
[1] "elapsed: 11.25 minutes as of 2023-05-08 21:16:44"
[1] "elapsed: 0 minutes as of 2023-05-08 21:16:44"
[1] "elapsed: 0 minutes as of 2023-05-08 21:16:44"
[1] "Var_row_num 9 of 9"
[1] "elapsed: 10.7 minutes as of 2023-05-08 21:27:26"
[1] "elapsed: 0 minutes as of 2023-05-08 21:27:26"
[1] "Done with all variance calculations"
[1] "Estimates and SE estimates computed"
[1] ""
[[1]]
[[1]]$pro.p
[[1]]$pro.p$est
  delta        mu      mu_1      mu_0         de         se_1        se_0
1   0.5 0.4216712 0.2290237 0.5644188 -0.3353951 -0.007105219 0.026264948
2   1.0 0.3576616 0.2361289 0.5381539 -0.3020249  0.000000000 0.000000000
3   2.0 0.3107115 0.2305333 0.5421021 -0.3115688 -0.005595637 0.003948224
           oe         te
1  0.06400965 -0.3091302
2  0.00000000 -0.3020249
3 -0.04695005 -0.3076206

[[1]]$pro.p$se
  delta         mu       mu_1       mu_0         de       se_1       se_0
1   0.5 0.01719084 0.01646565 0.02263554 0.02220120 0.01500571 0.01865346
2   1.0 0.01140187 0.01037160 0.01541952 0.01355658 0.00000000 0.00000000
3   2.0 0.02345699 0.02378961 0.02623740 0.02407603 0.01928825 0.02080203
          oe         te
1 0.01501157 0.01941202
2 0.00000000 0.01355658
3 0.01937611 0.02555285


[[1]]$pro.np
[[1]]$pro.np$est
  delta        mu      mu_1      mu_0         de          se_1         se_0
1   0.5 0.4237005 0.2449568 0.5518081 -0.3068513 -0.0001245787 3.436205e-02
2   1.0 0.3572079 0.2450814 0.5174460 -0.2723646  0.0000000000 0.000000e+00
3   2.0 0.3114679 0.2378424 0.5174711 -0.2796287 -0.0072389883 2.506577e-05
           oe         te
1  0.06649259 -0.2724892
2  0.00000000 -0.2723646
3 -0.04574002 -0.2796036

[[1]]$pro.np$se
  delta         mu       mu_1       mu_0         de       se_1       se_0
1   0.5 0.01477866 0.01385196 0.02083941 0.02273890 0.01184195 0.01657874
2   1.0 0.01171637 0.01070060 0.01536898 0.01278932 0.00000000 0.00000000
3   2.0 0.02450190 0.02485773 0.02601174 0.02354751 0.01994134 0.02029863
          oe         te
1 0.01191043 0.01649464
2 0.00000000 0.01278932
3 0.02021003 0.02620180


[[1]]$ipw.p
[[1]]$ipw.p$est
  delta        mu      mu_1      mu_0         de        se_1        se_0
1   0.5 0.4613044 0.2509943 0.6258510 -0.3748567  0.01810910  0.09043465
2   1.0 0.3530047 0.2328852 0.5354164 -0.3025312  0.00000000  0.00000000
3   2.0 0.2953864 0.2176818 0.5197145 -0.3020327 -0.01520339 -0.01570185
           oe         te
1  0.10829970 -0.2844221
2  0.00000000 -0.3025312
3 -0.05761828 -0.3177345

[[1]]$ipw.p$se
  delta          mu        mu_1       mu_0         de       se_1       se_0
1   0.5 0.050608089 0.019493118 0.07976564 0.06859534 0.01896662 0.07339047
2   1.0 0.009121185 0.009388777 0.01631112 0.01781332 0.00000000 0.00000000
3   2.0 0.019318482 0.019080862 0.02736773 0.02268529 0.01530905 0.03046640
          oe         te
1 0.04849088 0.01873670
2 0.00000000 0.01781332
3 0.01899943 0.02767877


[[1]]$ipw.np
[[1]]$ipw.np$est
  delta        mu      mu_1      mu_0         de        se_1        se_0
1   0.5 0.4658441 0.2603306 0.6223626 -0.3620320  0.02103780  0.10147536
2   1.0 0.3530047 0.2392928 0.5208872 -0.2815944  0.00000000  0.00000000
3   2.0 0.3003243 0.2261271 0.5072448 -0.2811177 -0.01316563 -0.01364239
           oe         te
1  0.11283936 -0.2605566
2  0.00000000 -0.2815944
3 -0.05268037 -0.2947601

[[1]]$ipw.np$se
  delta          mu        mu_1       mu_0         de       se_1       se_0
1   0.5 0.054244025 0.020434471 0.08483619 0.07260632 0.02000065 0.07890676
2   1.0 0.009121185 0.009657387 0.01599676 0.01764914 0.00000000 0.00000000
3   2.0 0.020088085 0.020116958 0.02730500 0.02207119 0.01614491 0.03022467
          oe         te
1 0.05225287 0.01924407
2 0.00000000 0.01764914
3 0.01964276 0.02820252


[[1]]$bar.p
[[1]]$bar.p$est
  delta        mu      mu_1      mu_0 de se_1 se_0 oe te
1   0.5 0.4261012 0.2361927 0.5565195  0    0    0  0  0
2   1.0 0.3551223 0.2326731 0.5193730  0    0    0  0  0
3   2.0 0.2739790 0.2013028 0.4353184  0    0    0  0  0

[[1]]$bar.p$se
  delta          mu        mu_1       mu_0 de se_1 se_0 oe te
1   0.5 0.020619595 0.017682558 0.02516585  0    0    0  0  0
2   1.0 0.008754864 0.009365774 0.01336469  0    0    0  0  0
3   2.0 0.012355391 0.011750531 0.02617036  0    0    0  0  0



[1] "Total run time was 10771.182 seconds"
