WARNING: ignoring environment value of R_HOME

Attaching package: ‘dplyr’

The following objects are masked from ‘package:stats’:

    filter, lag

The following objects are masked from ‘package:base’:

    intersect, setdiff, setequal, union

Loading required package: splines
Loading required package: foreach
Loaded gam 1.20.2

Super Learner
Version: 2.0-28
Package created on 2021-05-04

Loading required package: lattice
Loading required package: ggplot2
Loading required package: Matrix
Loaded glmnet 4.1-7
Loading required package: Formula
Loading required package: plotmo
Loading required package: plotrix
Loading required package: TeachingDemos
Loaded gbm 2.1.8.1

Attaching package: ‘xgboost’

The following object is masked from ‘package:dplyr’:

    slice

[1] "[Simulation setting]"
[1] "m: 500"
[1] "deltas: 0.5, 1, 2"
[1] "alphas: 0.4251, 0.5948, 0.7448"
[1] "Sim.id 1"
[1] "Data generated"
[1] "Proposed & IPW estimators"
[1] "   Split: 1"
[1] "   Split: 2"
[1] "Barkley estimators"
[1] "I. Estimate GLMER model"
[1] "IB. get MCFP vecs"
[1] "II. Estimate CFBI"
[1] "II. solving for alpha_num 1 of 3 ; alpha= 0.425133170705204"
[1] "elapsed: 7.06 minutes as of 2023-05-08 19:07:56"
[1] "II. solving for alpha_num 2 of 3 ; alpha= 0.594849404255532"
[1] "elapsed: 7.94 minutes as of 2023-05-08 19:15:52"
[1] "II. solving for alpha_num 3 of 3 ; alpha= 0.744822889124285"
[1] "elapsed: 8.97 minutes as of 2023-05-08 19:24:50"
[1] "III. Estimate MCFP"
[1] "III. alpha num 1 of 3"
[1] "elapsed: 0.72 minutes as of 2023-05-08 19:25:33"
[1] "III. alpha num 2 of 3"
[1] "elapsed: 1.44 minutes as of 2023-05-08 19:26:17"
[1] "III. alpha num 3 of 3"
[1] "elapsed: 2.15 minutes as of 2023-05-08 19:26:59"
[1] "IV. Target estimates"
[1] "Beginning variance calculations. This may take some time."
[1] "V. Variance estimates"
[1] ":model stuff:"
[1] "elapsed: 2.22 minutes as of 2023-05-08 19:29:18"
[1] ":CFBI EstFun:"
[1] "elapsed: 0 minutes as of 2023-05-08 19:29:18"
[1] ":CFBI alpha_num 1 of 3"
[1] "elapsed: 6.53 minutes as of 2023-05-08 19:35:50"
[1] ":CFBI alpha_num 2 of 3"
[1] "elapsed: 13.23 minutes as of 2023-05-08 19:42:32"
[1] ":CFBI alpha_num 3 of 3"
[1] ":MCFP EstFun:"
[1] "elapsed: 20.18 minutes as of 2023-05-08 19:49:28"
[1] ":MCFP alpha_num 1 of 3"
[1] "elapsed: 25.74 minutes as of 2023-05-08 19:55:02"
[1] ":MCFP alpha_num 2 of 3"
[1] "elapsed: 31.3 minutes as of 2023-05-08 20:00:36"
[1] ":MCFP alpha_num 3 of 3"
[1] "elapsed: 39.03 minutes as of 2023-05-08 20:06:07"
[1] ":target ests:"
[1] "elapsed: 0 minutes as of 2023-05-08 20:06:07"
[1] "Var_row_num 1 of 9"
[1] "elapsed: 13.42 minutes as of 2023-05-08 20:19:32"
[1] "elapsed: 0 minutes as of 2023-05-08 20:19:32"
[1] "elapsed: 0 minutes as of 2023-05-08 20:19:32"
[1] "Var_row_num 2 of 9"
[1] "elapsed: 13.56 minutes as of 2023-05-08 20:33:05"
[1] "elapsed: 0 minutes as of 2023-05-08 20:33:05"
[1] "elapsed: 0 minutes as of 2023-05-08 20:33:05"
[1] "Var_row_num 3 of 9"
[1] "elapsed: 13.39 minutes as of 2023-05-08 20:46:29"
[1] "elapsed: 0 minutes as of 2023-05-08 20:46:29"
[1] "elapsed: 0 minutes as of 2023-05-08 20:46:29"
[1] "Var_row_num 4 of 9"
[1] "elapsed: 13.68 minutes as of 2023-05-08 21:00:09"
[1] "elapsed: 0 minutes as of 2023-05-08 21:00:09"
[1] "elapsed: 0 minutes as of 2023-05-08 21:00:09"
[1] "Var_row_num 5 of 9"
[1] "elapsed: 13.68 minutes as of 2023-05-08 21:13:50"
[1] "elapsed: 0 minutes as of 2023-05-08 21:13:50"
[1] "elapsed: 0 minutes as of 2023-05-08 21:13:50"
[1] "Var_row_num 6 of 9"
[1] "elapsed: 11.77 minutes as of 2023-05-08 21:25:37"
[1] "elapsed: 0 minutes as of 2023-05-08 21:25:37"
[1] "elapsed: 0 minutes as of 2023-05-08 21:25:37"
[1] "Var_row_num 7 of 9"
[1] "elapsed: 11.79 minutes as of 2023-05-08 21:37:24"
[1] "elapsed: 0 minutes as of 2023-05-08 21:37:24"
[1] "elapsed: 0 minutes as of 2023-05-08 21:37:24"
[1] "Var_row_num 8 of 9"
[1] "elapsed: 7.48 minutes as of 2023-05-08 21:44:53"
[1] "elapsed: 0 minutes as of 2023-05-08 21:44:53"
[1] "elapsed: 0 minutes as of 2023-05-08 21:44:53"
[1] "Var_row_num 9 of 9"
[1] "elapsed: 7.1 minutes as of 2023-05-08 21:51:59"
[1] "elapsed: 0 minutes as of 2023-05-08 21:51:59"
[1] "Done with all variance calculations"
[1] "Estimates and SE estimates computed"
[1] ""
[[1]]
[[1]]$pro.p
[[1]]$pro.p$est
  delta        mu      mu_1      mu_0         de        se_1          se_0
1   0.5 0.4308785 0.2774376 0.5448809 -0.2674433  0.03543347 -0.0005141456
2   1.0 0.3665816 0.2420041 0.5453950 -0.3033909  0.00000000  0.0000000000
3   2.0 0.2997603 0.2158382 0.5360696 -0.3202314 -0.02616593 -0.0093253871
           oe         te
1  0.06429688 -0.2679574
2  0.00000000 -0.3033909
3 -0.06682134 -0.3295568

[[1]]$pro.p$se
  delta         mu       mu_1       mu_0         de       se_1       se_0
1   0.5 0.02210596 0.02080338 0.02855131 0.02820062 0.01806625 0.02335981
2   1.0 0.01159759 0.01051801 0.01535165 0.01359754 0.00000000 0.00000000
3   2.0 0.01791725 0.01667248 0.02480392 0.02051738 0.01264132 0.01951917
          oe         te
1 0.01852978 0.02154541
2 0.00000000 0.01359754
3 0.01405924 0.01971773


[[1]]$pro.np
[[1]]$pro.np$est
  delta        mu      mu_1      mu_0         de        se_1          se_0
1   0.5 0.4050316 0.2740835 0.4977999 -0.2237164  0.02062876 -0.0202410082
2   1.0 0.3650917 0.2534548 0.5180409 -0.2645862  0.00000000  0.0000000000
3   2.0 0.3141277 0.2365139 0.5187225 -0.2822086 -0.01694080  0.0006815697
           oe         te
1  0.03993988 -0.2439574
2  0.00000000 -0.2645862
3 -0.05096402 -0.2815270

[[1]]$pro.np$se
  delta         mu       mu_1       mu_0         de       se_1       se_0
1   0.5 0.02075363 0.02068503 0.02632043 0.02687932 0.01756678 0.02125952
2   1.0 0.01191734 0.01100002 0.01490024 0.01247632 0.00000000 0.00000000
3   2.0 0.01826797 0.01720774 0.02329117 0.01872817 0.01252407 0.01764884
          oe         te
1 0.01689966 0.02020838
2 0.00000000 0.01247632
3 0.01376069 0.01904002


[[1]]$ipw.p
[[1]]$ipw.p$est
  delta        mu      mu_1      mu_0         de        se_1        se_0
1   0.5 0.5143012 0.3016368 0.6677103 -0.3660735  0.06594151  0.13588678
2   1.0 0.3568492 0.2356953 0.5318235 -0.2961282  0.00000000  0.00000000
3   2.0 0.2852803 0.2055076 0.5135826 -0.3080750 -0.03018771 -0.01824092
           oe         te
1  0.15745195 -0.2301867
2  0.00000000 -0.2961282
3 -0.07156898 -0.3263159

[[1]]$ipw.p$se
  delta          mu        mu_1       mu_0         de       se_1       se_0
1   0.5 0.072892608 0.031287890 0.10612444 0.08298041 0.03054350 0.09981275
2   1.0 0.009606343 0.009347653 0.01612159 0.01672382 0.00000000 0.00000000
3   2.0 0.017305611 0.017244447 0.02479582 0.02071480 0.01432311 0.02827033
          oe         te
1 0.07026927 0.02757276
2 0.00000000 0.01672382
3 0.01775159 0.02595501


[[1]]$ipw.np
[[1]]$ipw.np$est
  delta        mu      mu_1      mu_0         de        se_1        se_0
1   0.5 0.5179804 0.3116824 0.6604585 -0.3487760  0.06944116  0.14358606
2   1.0 0.3568492 0.2422413 0.5168724 -0.2746311  0.00000000  0.00000000
3   2.0 0.2839941 0.2076573 0.4931471 -0.2854898 -0.03458393 -0.02372531
           oe         te
1  0.16113116 -0.2051900
2  0.00000000 -0.2746311
3 -0.07285518 -0.3092151

[[1]]$ipw.np$se
  delta          mu        mu_1       mu_0         de       se_1       se_0
1   0.5 0.075826548 0.032438790 0.10859692 0.08439289 0.03174896 0.10270615
2   1.0 0.009606343 0.009588479 0.01581254 0.01650847 0.00000000 0.00000000
3   2.0 0.017005649 0.017124772 0.02373082 0.01990159 0.01410885 0.02707513
          oe         te
1 0.07333900 0.02871791
2 0.00000000 0.01650847
3 0.01742163 0.02558953


[[1]]$bar.p
[[1]]$bar.p$est
  delta        mu      mu_1      mu_0 de se_1 se_0 oe te
1   0.5 0.4965166 0.3465921 0.6160130  0    0    0  0  0
2   1.0 0.3564483 0.2449398 0.5232535  0    0    0  0  0
3   2.0 0.2677525 0.1977410 0.4410633  0    0    0  0  0

[[1]]$bar.p$se
  delta          mu       mu_1       mu_0 de se_1 se_0 oe te
1   0.5 0.034419045 0.04021499 0.03624889  0    0    0  0  0
2   1.0 0.009002743 0.00988552 0.01341295  0    0    0  0  0
3   2.0 0.010691835 0.01028230 0.02459427  0    0    0  0  0



[1] "Total run time was 10656.625 seconds"
