WARNING: ignoring environment value of R_HOME

Attaching package: ‘dplyr’

The following objects are masked from ‘package:stats’:

    filter, lag

The following objects are masked from ‘package:base’:

    intersect, setdiff, setequal, union

Loading required package: splines
Loading required package: foreach
Loaded gam 1.20.2

Super Learner
Version: 2.0-28
Package created on 2021-05-04

Loading required package: lattice
Loading required package: ggplot2
Loading required package: Matrix
Loaded glmnet 4.1-7
Loading required package: Formula
Loading required package: plotmo
Loading required package: plotrix
Loading required package: TeachingDemos
Loaded gbm 2.1.8.1

Attaching package: ‘xgboost’

The following object is masked from ‘package:dplyr’:

    slice

[1] "[Simulation setting]"
[1] "m: 500"
[1] "deltas: 0.5, 1, 2"
[1] "alphas: 0.4251, 0.5948, 0.7448"
[1] "Sim.id 1"
[1] "Data generated"
[1] "Proposed & IPW estimators"
[1] "   Split: 1"
[1] "   Split: 2"
[1] "Barkley estimators"
[1] "I. Estimate GLMER model"
[1] "IB. get MCFP vecs"
[1] "II. Estimate CFBI"
[1] "II. solving for alpha_num 1 of 3 ; alpha= 0.425133170705204"
[1] "elapsed: 6.6 minutes as of 2023-05-08 20:30:15"
[1] "II. solving for alpha_num 2 of 3 ; alpha= 0.594849404255532"
[1] "elapsed: 6.54 minutes as of 2023-05-08 20:36:47"
[1] "II. solving for alpha_num 3 of 3 ; alpha= 0.744822889124285"
[1] "elapsed: 6.52 minutes as of 2023-05-08 20:43:19"
[1] "III. Estimate MCFP"
[1] "III. alpha num 1 of 3"
[1] "elapsed: 0.68 minutes as of 2023-05-08 20:44:00"
[1] "III. alpha num 2 of 3"
[1] "elapsed: 1.37 minutes as of 2023-05-08 20:44:41"
[1] "III. alpha num 3 of 3"
[1] "elapsed: 2.05 minutes as of 2023-05-08 20:45:22"
[1] "IV. Target estimates"
[1] "Beginning variance calculations. This may take some time."
[1] "V. Variance estimates"
[1] ":model stuff:"
[1] "elapsed: 1.98 minutes as of 2023-05-08 20:47:25"
[1] ":CFBI EstFun:"
[1] "elapsed: 0 minutes as of 2023-05-08 20:47:25"
[1] ":CFBI alpha_num 1 of 3"
[1] "elapsed: 5.66 minutes as of 2023-05-08 20:53:05"
[1] ":CFBI alpha_num 2 of 3"
[1] "elapsed: 11.31 minutes as of 2023-05-08 20:58:44"
[1] ":CFBI alpha_num 3 of 3"
[1] ":MCFP EstFun:"
[1] "elapsed: 16.98 minutes as of 2023-05-08 21:04:24"
[1] ":MCFP alpha_num 1 of 3"
[1] "elapsed: 21.73 minutes as of 2023-05-08 21:09:09"
[1] ":MCFP alpha_num 2 of 3"
[1] "elapsed: 26.5 minutes as of 2023-05-08 21:13:55"
[1] ":MCFP alpha_num 3 of 3"
[1] "elapsed: 33.2 minutes as of 2023-05-08 21:18:39"
[1] ":target ests:"
[1] "elapsed: 0 minutes as of 2023-05-08 21:18:39"
[1] "Var_row_num 1 of 9"
[1] "elapsed: 11.23 minutes as of 2023-05-08 21:29:53"
[1] "elapsed: 0 minutes as of 2023-05-08 21:29:53"
[1] "elapsed: 0 minutes as of 2023-05-08 21:29:53"
[1] "Var_row_num 2 of 9"
[1] "elapsed: 11.22 minutes as of 2023-05-08 21:41:06"
[1] "elapsed: 0 minutes as of 2023-05-08 21:41:06"
[1] "elapsed: 0 minutes as of 2023-05-08 21:41:06"
[1] "Var_row_num 3 of 9"
[1] "elapsed: 11.16 minutes as of 2023-05-08 21:52:16"
[1] "elapsed: 0 minutes as of 2023-05-08 21:52:16"
[1] "elapsed: 0 minutes as of 2023-05-08 21:52:16"
[1] "Var_row_num 4 of 9"
[1] "elapsed: 11.19 minutes as of 2023-05-08 22:03:27"
[1] "elapsed: 0 minutes as of 2023-05-08 22:03:27"
[1] "elapsed: 0 minutes as of 2023-05-08 22:03:27"
[1] "Var_row_num 5 of 9"
[1] "elapsed: 11.21 minutes as of 2023-05-08 22:14:40"
[1] "elapsed: 0 minutes as of 2023-05-08 22:14:40"
[1] "elapsed: 0 minutes as of 2023-05-08 22:14:40"
[1] "Var_row_num 6 of 9"
[1] "elapsed: 11.19 minutes as of 2023-05-08 22:25:51"
[1] "elapsed: 0 minutes as of 2023-05-08 22:25:52"
[1] "elapsed: 0 minutes as of 2023-05-08 22:25:52"
[1] "Var_row_num 7 of 9"
[1] "elapsed: 11.32 minutes as of 2023-05-08 22:37:11"
[1] "elapsed: 0 minutes as of 2023-05-08 22:37:11"
[1] "elapsed: 0 minutes as of 2023-05-08 22:37:11"
[1] "Var_row_num 8 of 9"
[1] "elapsed: 11.48 minutes as of 2023-05-08 22:48:40"
[1] "elapsed: 0 minutes as of 2023-05-08 22:48:40"
[1] "elapsed: 0 minutes as of 2023-05-08 22:48:40"
[1] "Var_row_num 9 of 9"
[1] "elapsed: 11.49 minutes as of 2023-05-08 23:00:09"
[1] "elapsed: 0 minutes as of 2023-05-08 23:00:09"
[1] "Done with all variance calculations"
[1] "Estimates and SE estimates computed"
[1] ""
[[1]]
[[1]]$pro.p
[[1]]$pro.p$est
  delta        mu      mu_1      mu_0         de        se_1         se_0
1   0.5 0.4534662 0.2765650 0.5814336 -0.3048687  0.03325941  0.009564049
2   1.0 0.3769715 0.2433056 0.5718696 -0.3285640  0.00000000  0.000000000
3   2.0 0.2942183 0.2117920 0.5405533 -0.3287614 -0.03151358 -0.031316246
          oe         te
1  0.0764947 -0.2953046
2  0.0000000 -0.3285640
3 -0.0827532 -0.3600776

[[1]]$pro.p$se
  delta         mu       mu_1       mu_0         de       se_1       se_0
1   0.5 0.01841721 0.01601940 0.02440026 0.02420431 0.01308649 0.02045737
2   1.0 0.01229130 0.01128643 0.01568276 0.01367831 0.00000000 0.00000000
3   2.0 0.02124413 0.02071046 0.02643762 0.02259297 0.01576039 0.02073253
          oe         te
1 0.01542592 0.01799797
2 0.00000000 0.01367831
3 0.01657497 0.02243221


[[1]]$pro.np
[[1]]$pro.np$est
  delta        mu      mu_1      mu_0         de        se_1         se_0
1   0.5 0.4348976 0.2890751 0.5372285 -0.2481534  0.02966418 -0.006942473
2   1.0 0.3791135 0.2594109 0.5441709 -0.2847600  0.00000000  0.000000000
3   2.0 0.3049923 0.2262614 0.5234075 -0.2971461 -0.03314953 -0.020763424
           oe         te
1  0.05578409 -0.2550958
2  0.00000000 -0.2847600
3 -0.07412111 -0.3179096

[[1]]$pro.np$se
  delta         mu       mu_1       mu_0         de       se_1       se_0
1   0.5 0.01640799 0.01516314 0.02167578 0.02246627 0.01228104 0.01832402
2   1.0 0.01290294 0.01203905 0.01554425 0.01286404 0.00000000 0.00000000
3   2.0 0.02153350 0.02120205 0.02472332 0.01974671 0.01526382 0.01828754
          oe         te
1 0.01385746 0.01691586
2 0.00000000 0.01286404
3 0.01582907 0.02168252


[[1]]$ipw.p
[[1]]$ipw.p$est
  delta        mu      mu_1      mu_0         de        se_1        se_0
1   0.5 0.5099733 0.2950167 0.6677602 -0.3727435  0.05011339  0.09469620
2   1.0 0.3780110 0.2449033 0.5730640 -0.3281607  0.00000000  0.00000000
3   2.0 0.3068242 0.2227748 0.5529066 -0.3301318 -0.02212843 -0.02015734
           oe         te
1  0.13196229 -0.2780473
2  0.00000000 -0.3281607
3 -0.07118686 -0.3502891

[[1]]$ipw.p$se
  delta          mu        mu_1       mu_0         de       se_1       se_0
1   0.5 0.052595574 0.023885950 0.07730608 0.06193610 0.02321760 0.06943136
2   1.0 0.009721943 0.009597854 0.01712403 0.01831243 0.00000000 0.00000000
3   2.0 0.019028182 0.019743781 0.02675570 0.02420041 0.01622602 0.03113809
          oe         te
1 0.04946784 0.02066284
2 0.00000000 0.01831243
3 0.01951016 0.02911183


[[1]]$ipw.np
[[1]]$ipw.np$est
  delta        mu      mu_1      mu_0         de        se_1        se_0
1   0.5 0.4959712 0.3015188 0.6328835 -0.3313647  0.04732142  0.08054955
2   1.0 0.3780110 0.2541974 0.5523340 -0.2981366  0.00000000  0.00000000
3   2.0 0.3085301 0.2293750 0.5298309 -0.3004559 -0.02482238 -0.02250307
           oe         te
1  0.11796021 -0.2508152
2  0.00000000 -0.2981366
3 -0.06948089 -0.3229590

[[1]]$ipw.np$se
  delta          mu        mu_1       mu_0         de       se_1      se_0
1   0.5 0.049153559 0.023761822 0.06999288 0.05490145 0.02313613 0.0622369
2   1.0 0.009721943 0.009954673 0.01660379 0.01800213 0.00000000 0.0000000
3   2.0 0.019162886 0.020463504 0.02548913 0.02361806 0.01672482 0.0295879
          oe         te
1 0.04604417 0.02054334
2 0.00000000 0.01800213
3 0.01948941 0.02920838


[[1]]$bar.p
[[1]]$bar.p$est
  delta        mu      mu_1      mu_0 de se_1 se_0 oe te
1   0.5 0.4572616 0.2990320 0.5818383  0    0    0  0  0
2   1.0 0.3749177 0.2520025 0.5504761  0    0    0  0  0
3   2.0 0.2894358 0.2114534 0.4682845  0    0    0  0  0

[[1]]$bar.p$se
  delta          mu       mu_1       mu_0 de se_1 se_0 oe te
1   0.5 0.022723261 0.02355263 0.02488975  0    0    0  0  0
2   1.0 0.009359978 0.01014464 0.01414490  0    0    0  0  0
3   2.0 0.012139987 0.01175249 0.02503474  0    0    0  0  0



[1] "Total run time was 9737.287 seconds"
