WARNING: ignoring environment value of R_HOME

Attaching package: ‘dplyr’

The following objects are masked from ‘package:stats’:

    filter, lag

The following objects are masked from ‘package:base’:

    intersect, setdiff, setequal, union

Loading required package: splines
Loading required package: foreach
Loaded gam 1.20.2

Super Learner
Version: 2.0-28
Package created on 2021-05-04

Loading required package: lattice
Loading required package: ggplot2
Loading required package: Matrix
Loaded glmnet 4.1-7
Loading required package: Formula
Loading required package: plotmo
Loading required package: plotrix
Loading required package: TeachingDemos
Loaded gbm 2.1.8.1

Attaching package: ‘xgboost’

The following object is masked from ‘package:dplyr’:

    slice

[1] "[Simulation setting]"
[1] "m: 500"
[1] "deltas: 0.5, 1, 2"
[1] "alphas: 0.4251, 0.5948, 0.7448"
[1] "Sim.id 1"
[1] "Data generated"
[1] "Proposed & IPW estimators"
[1] "   Split: 1"
[1] "   Split: 2"
[1] "Barkley estimators"
[1] "I. Estimate GLMER model"
boundary (singular) fit: see help('isSingular')
[1] "IB. get MCFP vecs"
[1] "II. Estimate CFBI"
[1] "II. solving for alpha_num 1 of 3 ; alpha= 0.425133170705204"
[1] "elapsed: 4.72 minutes as of 2023-05-08 19:10:13"
[1] "II. solving for alpha_num 2 of 3 ; alpha= 0.594849404255532"
[1] "elapsed: 5.65 minutes as of 2023-05-08 19:15:52"
[1] "II. solving for alpha_num 3 of 3 ; alpha= 0.744822889124285"
[1] "elapsed: 6.26 minutes as of 2023-05-08 19:22:07"
[1] "III. Estimate MCFP"
[1] "III. alpha num 1 of 3"
[1] "elapsed: 0.59 minutes as of 2023-05-08 19:22:43"
[1] "III. alpha num 2 of 3"
[1] "elapsed: 1.16 minutes as of 2023-05-08 19:23:17"
[1] "III. alpha num 3 of 3"
[1] "elapsed: 1.71 minutes as of 2023-05-08 19:23:50"
[1] "IV. Target estimates"
[1] "Beginning variance calculations. This may take some time."
[1] "V. Variance estimates"
[1] ":model stuff:"
[1] "elapsed: 1.81 minutes as of 2023-05-08 19:25:43"
[1] ":CFBI EstFun:"
[1] "elapsed: 0 minutes as of 2023-05-08 19:25:43"
[1] ":CFBI alpha_num 1 of 3"
[1] "elapsed: 4.65 minutes as of 2023-05-08 19:30:22"
[1] ":CFBI alpha_num 2 of 3"
[1] "elapsed: 8.97 minutes as of 2023-05-08 19:34:41"
[1] ":CFBI alpha_num 3 of 3"
[1] ":MCFP EstFun:"
[1] "elapsed: 12.93 minutes as of 2023-05-08 19:38:39"
[1] ":MCFP alpha_num 1 of 3"
[1] "elapsed: 16.18 minutes as of 2023-05-08 19:41:54"
[1] ":MCFP alpha_num 2 of 3"
[1] "elapsed: 19.48 minutes as of 2023-05-08 19:45:12"
[1] ":MCFP alpha_num 3 of 3"
[1] "elapsed: 24.57 minutes as of 2023-05-08 19:48:28"
[1] ":target ests:"
[1] "elapsed: 0 minutes as of 2023-05-08 19:48:28"
[1] "Var_row_num 1 of 9"
[1] "elapsed: 10.98 minutes as of 2023-05-08 19:59:27"
[1] "elapsed: 0 minutes as of 2023-05-08 19:59:27"
[1] "elapsed: 0 minutes as of 2023-05-08 19:59:27"
[1] "Var_row_num 2 of 9"
[1] "elapsed: 11.25 minutes as of 2023-05-08 20:10:42"
[1] "elapsed: 0 minutes as of 2023-05-08 20:10:42"
[1] "elapsed: 0 minutes as of 2023-05-08 20:10:42"
[1] "Var_row_num 3 of 9"
[1] "elapsed: 15.79 minutes as of 2023-05-08 20:26:30"
[1] "elapsed: 0 minutes as of 2023-05-08 20:26:30"
[1] "elapsed: 0 minutes as of 2023-05-08 20:26:30"
[1] "Var_row_num 4 of 9"
[1] "elapsed: 16.56 minutes as of 2023-05-08 20:43:03"
[1] "elapsed: 0 minutes as of 2023-05-08 20:43:03"
[1] "elapsed: 0 minutes as of 2023-05-08 20:43:03"
[1] "Var_row_num 5 of 9"
[1] "elapsed: 11.74 minutes as of 2023-05-08 20:54:48"
[1] "elapsed: 0 minutes as of 2023-05-08 20:54:48"
[1] "elapsed: 0 minutes as of 2023-05-08 20:54:48"
[1] "Var_row_num 6 of 9"
[1] "elapsed: 12.64 minutes as of 2023-05-08 21:07:26"
[1] "elapsed: 0 minutes as of 2023-05-08 21:07:26"
[1] "elapsed: 0 minutes as of 2023-05-08 21:07:26"
[1] "Var_row_num 7 of 9"
[1] "elapsed: 11.64 minutes as of 2023-05-08 21:19:05"
[1] "elapsed: 0 minutes as of 2023-05-08 21:19:05"
[1] "elapsed: 0 minutes as of 2023-05-08 21:19:05"
[1] "Var_row_num 8 of 9"
[1] "elapsed: 13.24 minutes as of 2023-05-08 21:32:19"
[1] "elapsed: 0 minutes as of 2023-05-08 21:32:20"
[1] "elapsed: 0 minutes as of 2023-05-08 21:32:20"
[1] "Var_row_num 9 of 9"
[1] "elapsed: 12.97 minutes as of 2023-05-08 21:45:18"
[1] "elapsed: 0 minutes as of 2023-05-08 21:45:18"
[1] "Done with all variance calculations"
[1] "Estimates and SE estimates computed"
[1] ""
[[1]]
[[1]]$pro.p
[[1]]$pro.p$est
  delta        mu      mu_1      mu_0         de        se_1        se_0
1   0.5 0.4610902 0.2640902 0.6046889 -0.3405987  0.02067571  0.03522897
2   1.0 0.3751796 0.2434145 0.5694600 -0.3260454  0.00000000  0.00000000
3   2.0 0.3057713 0.2260295 0.5411906 -0.3151611 -0.01738497 -0.02826937
           oe         te
1  0.08591067 -0.3053697
2  0.00000000 -0.3260454
3 -0.06940826 -0.3434304

[[1]]$pro.p$se
  delta         mu       mu_1       mu_0         de       se_1       se_0
1   0.5 0.01505044 0.01433855 0.01870469 0.01888712 0.01111543 0.01465371
2   1.0 0.01217567 0.01092376 0.01601967 0.01423254 0.00000000 0.00000000
3   2.0 0.01951061 0.01969816 0.02405392 0.02224445 0.01561037 0.01761918
          oe         te
1 0.01144724 0.01705658
2 0.00000000 0.01423254
3 0.01582131 0.02310550


[[1]]$pro.np
[[1]]$pro.np$est
  delta        mu      mu_1      mu_0         de        se_1        se_0
1   0.5 0.4552023 0.2717940 0.5807510 -0.3089570  0.01811300  0.02960161
2   1.0 0.3783045 0.2536810 0.5511494 -0.2974684  0.00000000  0.00000000
3   2.0 0.3108450 0.2339163 0.5276017 -0.2936855 -0.01976472 -0.02354765
           oe         te
1  0.07689773 -0.2793554
2  0.00000000 -0.2974684
3 -0.06745949 -0.3172331

[[1]]$pro.np$se
  delta         mu       mu_1       mu_0         de       se_1       se_0
1   0.5 0.01512347 0.01343676 0.01808613 0.01656432 0.01016484 0.01344324
2   1.0 0.01226567 0.01107806 0.01530075 0.01277354 0.00000000 0.00000000
3   2.0 0.01916193 0.01948248 0.02298967 0.02129370 0.01523869 0.01656472
          oe         te
1 0.01097152 0.01473711
2 0.00000000 0.01277354
3 0.01530628 0.02198875


[[1]]$ipw.p
[[1]]$ipw.p$est
  delta        mu      mu_1      mu_0         de        se_1        se_0
1   0.5 0.4209775 0.2536462 0.5484245 -0.2947784  0.01196421 -0.02370386
2   1.0 0.3727015 0.2416819 0.5721284 -0.3304465  0.00000000  0.00000000
3   2.0 0.2899698 0.2087849 0.5333747 -0.3245898 -0.03289709 -0.03875373
           oe         te
1  0.04827594 -0.3184822
2  0.00000000 -0.3304465
3 -0.08273171 -0.3633435

[[1]]$ipw.p$se
  delta         mu        mu_1       mu_0         de       se_1       se_0
1   0.5 0.03482052 0.019343202 0.04993701 0.03953773 0.01826386 0.04231833
2   1.0 0.00928926 0.009372684 0.01666477 0.01793777 0.00000000 0.00000000
3   2.0 0.01979419 0.020489653 0.02433552 0.01938480 0.01793272 0.02864263
          oe         te
1 0.03188144 0.01833357
2 0.00000000 0.01793777
3 0.02036610 0.02915898


[[1]]$ipw.np
[[1]]$ipw.np$est
  delta        mu      mu_1      mu_0         de        se_1        se_0
1   0.5 0.4192878 0.2590613 0.5398720 -0.2808106  0.01231479 -0.02076472
2   1.0 0.3727015 0.2467465 0.5606367 -0.3138901  0.00000000  0.00000000
3   2.0 0.2922801 0.2134637 0.5226364 -0.3091728 -0.03328287 -0.03800023
           oe         te
1  0.04658633 -0.3015753
2  0.00000000 -0.3138901
3 -0.08042143 -0.3471730

[[1]]$ipw.np$se
  delta         mu       mu_1       mu_0         de       se_1       se_0
1   0.5 0.03461201 0.01959724 0.04936417 0.03889972 0.01855444 0.04183045
2   1.0 0.00928926 0.00956216 0.01642719 0.01777665 0.00000000 0.00000000
3   2.0 0.01983017 0.02070162 0.02382182 0.01885432 0.01801930 0.02800548
          oe         te
1 0.03171258 0.01830763
2 0.00000000 0.01777665
3 0.02031907 0.02912440


[[1]]$bar.p
[[1]]$bar.p$est
  delta        mu      mu_1      mu_0 de se_1 se_0 oe te
1   0.5 0.4122420 0.2519848 0.5420487  0    0    0  0  0
2   1.0 0.3733554 0.2465738 0.5501569  0    0    0  0  0
3   2.0 0.2895914 0.2147788 0.4848310  0    0    0  0  0

[[1]]$bar.p$se
  delta          mu        mu_1       mu_0 de se_1 se_0 oe te
1   0.5 0.025380950 0.028216314 0.02739287  0    0    0  0  0
2   1.0 0.008992219 0.009927087 0.01354958  0    0    0  0  0
3   2.0 0.015757810 0.015385070 0.03113499  0    0    0  0  0



[1] "Total run time was 9958.004 seconds"
