WARNING: ignoring environment value of R_HOME

Attaching package: ‘dplyr’

The following objects are masked from ‘package:stats’:

    filter, lag

The following objects are masked from ‘package:base’:

    intersect, setdiff, setequal, union

Loading required package: splines
Loading required package: foreach
Loaded gam 1.20.2

Super Learner
Version: 2.0-28
Package created on 2021-05-04

Loading required package: lattice
Loading required package: ggplot2
Loading required package: Matrix
Loaded glmnet 4.1-7
Loading required package: Formula
Loading required package: plotmo
Loading required package: plotrix
Loading required package: TeachingDemos
Loaded gbm 2.1.8.1

Attaching package: ‘xgboost’

The following object is masked from ‘package:dplyr’:

    slice

[1] "[Simulation setting]"
[1] "m: 500"
[1] "deltas: 0.5, 1, 2"
[1] "alphas: 0.4251, 0.5948, 0.7448"
[1] "Sim.id 1"
[1] "Data generated"
[1] "Proposed & IPW estimators"
[1] "   Split: 1"
[1] "   Split: 2"
[1] "Barkley estimators"
[1] "I. Estimate GLMER model"
[1] "IB. get MCFP vecs"
[1] "II. Estimate CFBI"
[1] "II. solving for alpha_num 1 of 3 ; alpha= 0.425133170705204"
[1] "elapsed: 6.63 minutes as of 2023-05-08 18:40:11"
[1] "II. solving for alpha_num 2 of 3 ; alpha= 0.594849404255532"
[1] "elapsed: 6.7 minutes as of 2023-05-08 18:46:53"
[1] "II. solving for alpha_num 3 of 3 ; alpha= 0.744822889124285"
[1] "elapsed: 7.42 minutes as of 2023-05-08 18:54:18"
[1] "III. Estimate MCFP"
[1] "III. alpha num 1 of 3"
[1] "elapsed: 0.65 minutes as of 2023-05-08 18:54:57"
[1] "III. alpha num 2 of 3"
[1] "elapsed: 1.29 minutes as of 2023-05-08 18:55:35"
[1] "III. alpha num 3 of 3"
[1] "elapsed: 1.93 minutes as of 2023-05-08 18:56:14"
[1] "IV. Target estimates"
[1] "Beginning variance calculations. This may take some time."
[1] "V. Variance estimates"
[1] ":model stuff:"
[1] "elapsed: 1.91 minutes as of 2023-05-08 18:58:13"
[1] ":CFBI EstFun:"
[1] "elapsed: 0 minutes as of 2023-05-08 18:58:13"
[1] ":CFBI alpha_num 1 of 3"
[1] "elapsed: 5.82 minutes as of 2023-05-08 19:04:03"
[1] ":CFBI alpha_num 2 of 3"
[1] "elapsed: 11.76 minutes as of 2023-05-08 19:09:59"
[1] ":CFBI alpha_num 3 of 3"
[1] ":MCFP EstFun:"
[1] "elapsed: 17.78 minutes as of 2023-05-08 19:16:00"
[1] ":MCFP alpha_num 1 of 3"
[1] "elapsed: 22.09 minutes as of 2023-05-08 19:20:19"
[1] ":MCFP alpha_num 2 of 3"
[1] "elapsed: 26.3 minutes as of 2023-05-08 19:24:31"
[1] ":MCFP alpha_num 3 of 3"
[1] "elapsed: 32.82 minutes as of 2023-05-08 19:29:08"
[1] ":target ests:"
[1] "elapsed: 0 minutes as of 2023-05-08 19:29:08"
[1] "Var_row_num 1 of 9"
[1] "elapsed: 11.65 minutes as of 2023-05-08 19:40:46"
[1] "elapsed: 0 minutes as of 2023-05-08 19:40:47"
[1] "elapsed: 0 minutes as of 2023-05-08 19:40:47"
[1] "Var_row_num 2 of 9"
[1] "elapsed: 11.85 minutes as of 2023-05-08 19:52:37"
[1] "elapsed: 0 minutes as of 2023-05-08 19:52:37"
[1] "elapsed: 0 minutes as of 2023-05-08 19:52:38"
[1] "Var_row_num 3 of 9"
[1] "elapsed: 11.82 minutes as of 2023-05-08 20:04:26"
[1] "elapsed: 0 minutes as of 2023-05-08 20:04:27"
[1] "elapsed: 0 minutes as of 2023-05-08 20:04:27"
[1] "Var_row_num 4 of 9"
[1] "elapsed: 11.88 minutes as of 2023-05-08 20:16:19"
[1] "elapsed: 0 minutes as of 2023-05-08 20:16:19"
[1] "elapsed: 0 minutes as of 2023-05-08 20:16:19"
[1] "Var_row_num 5 of 9"
[1] "elapsed: 11.8 minutes as of 2023-05-08 20:28:07"
[1] "elapsed: 0 minutes as of 2023-05-08 20:28:07"
[1] "elapsed: 0 minutes as of 2023-05-08 20:28:07"
[1] "Var_row_num 6 of 9"
[1] "elapsed: 11.55 minutes as of 2023-05-08 20:39:40"
[1] "elapsed: 0 minutes as of 2023-05-08 20:39:41"
[1] "elapsed: 0 minutes as of 2023-05-08 20:39:41"
[1] "Var_row_num 7 of 9"
[1] "elapsed: 11.22 minutes as of 2023-05-08 20:50:54"
[1] "elapsed: 0 minutes as of 2023-05-08 20:50:54"
[1] "elapsed: 0 minutes as of 2023-05-08 20:50:54"
[1] "Var_row_num 8 of 9"
[1] "elapsed: 11.13 minutes as of 2023-05-08 21:02:02"
[1] "elapsed: 0 minutes as of 2023-05-08 21:02:02"
[1] "elapsed: 0 minutes as of 2023-05-08 21:02:02"
[1] "Var_row_num 9 of 9"
[1] "elapsed: 11.01 minutes as of 2023-05-08 21:13:02"
[1] "elapsed: 0 minutes as of 2023-05-08 21:13:02"
[1] "Done with all variance calculations"
[1] "Estimates and SE estimates computed"
[1] ""
[[1]]
[[1]]$pro.p
[[1]]$pro.p$est
  delta        mu      mu_1      mu_0         de        se_1        se_0
1   0.5 0.4528547 0.2530060 0.5954127 -0.3424067  0.03231688  0.04615829
2   1.0 0.3545886 0.2206891 0.5492544 -0.3285653  0.00000000  0.00000000
3   2.0 0.2610750 0.1711428 0.5245150 -0.3533722 -0.04954631 -0.02473936
           oe         te
1  0.09826616 -0.2962484
2  0.00000000 -0.3285653
3 -0.09351356 -0.3781116

[[1]]$pro.p$se
  delta         mu       mu_1       mu_0         de       se_1       se_0
1   0.5 0.01882241 0.01835077 0.02607577 0.02930188 0.01533148 0.01994365
2   1.0 0.01180567 0.01001074 0.01603665 0.01415877 0.00000000 0.00000000
3   2.0 0.01664082 0.01523975 0.02433149 0.02126544 0.01147748 0.01862591
          oe         te
1 0.01434124 0.02103180
2 0.00000000 0.01415877
3 0.01255467 0.01905110


[[1]]$pro.np
[[1]]$pro.np$est
  delta        mu      mu_1      mu_0         de        se_1        se_0
1   0.5 0.4410885 0.2590672 0.5655487 -0.3064815  0.02669978  0.03285938
2   1.0 0.3572870 0.2323674 0.5326893 -0.3003219  0.00000000  0.00000000
3   2.0 0.2656765 0.1816404 0.5061274 -0.3244870 -0.05072704 -0.02656196
           oe         te
1  0.08380153 -0.2736221
2  0.00000000 -0.3003219
3 -0.09161050 -0.3510489

[[1]]$pro.np$se
  delta         mu       mu_1       mu_0         de       se_1       se_0
1   0.5 0.01752766 0.01824827 0.02234518 0.02433310 0.01528143 0.01628182
2   1.0 0.01217284 0.01044095 0.01560613 0.01258125 0.00000000 0.00000000
3   2.0 0.01789660 0.01666592 0.02359880 0.02008874 0.01260310 0.01720737
          oe         te
1 0.01289434 0.02012544
2 0.00000000 0.01258125
3 0.01325950 0.01879668


[[1]]$ipw.p
[[1]]$ipw.p$est
  delta        mu      mu_1      mu_0         de        se_1        se_0
1   0.5 0.4786304 0.2623156 0.6397432 -0.3774276  0.04001197  0.08407697
2   1.0 0.3579043 0.2223036 0.5556662 -0.3333626  0.00000000  0.00000000
3   2.0 0.2773289 0.1863441 0.5402543 -0.3539102 -0.03595954 -0.01541193
           oe         te
1  0.12072612 -0.2933506
2  0.00000000 -0.3333626
3 -0.08057544 -0.3693221

[[1]]$ipw.p$se
  delta          mu        mu_1       mu_0         de       se_1       se_0
1   0.5 0.042241225 0.020651031 0.06615510 0.06014509 0.01901219 0.05847558
2   1.0 0.009440647 0.008654197 0.01692547 0.01730324 0.00000000 0.00000000
3   2.0 0.017206820 0.015286299 0.02769136 0.02033931 0.01327337 0.03180223
          oe         te
1 0.03913419 0.01957780
2 0.00000000 0.01730324
3 0.01828911 0.02508611


[[1]]$ipw.np
[[1]]$ipw.np$est
  delta        mu      mu_1      mu_0         de        se_1        se_0
1   0.5 0.4777128 0.2695783 0.6282248 -0.3586465  0.04200085  0.08378316
2   1.0 0.3579043 0.2275774 0.5444416 -0.3168642  0.00000000  0.00000000
3   2.0 0.2789643 0.1915923 0.5273878 -0.3357954 -0.03598510 -0.01705385
           oe         te
1  0.11980846 -0.2748634
2  0.00000000 -0.3168642
3 -0.07893997 -0.3528493

[[1]]$ipw.np$se
  delta          mu        mu_1       mu_0         de       se_1       se_0
1   0.5 0.040794601 0.020599536 0.06223113 0.05609269 0.01897904 0.05442750
2   1.0 0.009440647 0.008847915 0.01669724 0.01722304 0.00000000 0.00000000
3   2.0 0.017713596 0.016141999 0.02753293 0.01963932 0.01402309 0.03149476
          oe         te
1 0.03764736 0.01951457
2 0.00000000 0.01722304
3 0.01872084 0.02548787


[[1]]$bar.p
[[1]]$bar.p$est
  delta        mu      mu_1      mu_0 de se_1 se_0 oe te
1   0.5 0.4320973 0.2543511 0.5625201  0    0    0  0  0
2   1.0 0.3609277 0.2359526 0.5403295  0    0    0  0  0
3   2.0 0.2625893 0.1821038 0.4770757  0    0    0  0  0

[[1]]$bar.p$se
  delta          mu        mu_1       mu_0 de se_1 se_0 oe te
1   0.5 0.017234073 0.019664251 0.02052698  0    0    0  0  0
2   1.0 0.009003142 0.009495246 0.01399093  0    0    0  0  0
3   2.0 0.010780758 0.009766238 0.02734505  0    0    0  0  0



[1] "Total run time was 9945.744 seconds"
