WARNING: ignoring environment value of R_HOME

Attaching package: ‘dplyr’

The following objects are masked from ‘package:stats’:

    filter, lag

The following objects are masked from ‘package:base’:

    intersect, setdiff, setequal, union

Loading required package: splines
Loading required package: foreach
Loaded gam 1.20.2

Super Learner
Version: 2.0-28
Package created on 2021-05-04

Loading required package: lattice
Loading required package: ggplot2
Loading required package: Matrix
Loaded glmnet 4.1-7
Loading required package: Formula
Loading required package: plotmo
Loading required package: plotrix
Loading required package: TeachingDemos
Loaded gbm 2.1.8.1

Attaching package: ‘xgboost’

The following object is masked from ‘package:dplyr’:

    slice

[1] "[Simulation setting]"
[1] "m: 500"
[1] "deltas: 0.5, 1, 2"
[1] "alphas: 0.4251, 0.5948, 0.7448"
[1] "Sim.id 1"
[1] "Data generated"
[1] "Proposed & IPW estimators"
[1] "   Split: 1"
[1] "   Split: 2"
[1] "Barkley estimators"
[1] "I. Estimate GLMER model"
boundary (singular) fit: see help('isSingular')
[1] "IB. get MCFP vecs"
[1] "II. Estimate CFBI"
[1] "II. solving for alpha_num 1 of 3 ; alpha= 0.425133170705204"
[1] "elapsed: 6.06 minutes as of 2023-05-08 18:40:09"
[1] "II. solving for alpha_num 2 of 3 ; alpha= 0.594849404255532"
[1] "elapsed: 6.83 minutes as of 2023-05-08 18:46:59"
[1] "II. solving for alpha_num 3 of 3 ; alpha= 0.744822889124285"
[1] "elapsed: 6.44 minutes as of 2023-05-08 18:53:26"
[1] "III. Estimate MCFP"
[1] "III. alpha num 1 of 3"
[1] "elapsed: 0.59 minutes as of 2023-05-08 18:54:01"
[1] "III. alpha num 2 of 3"
[1] "elapsed: 1.15 minutes as of 2023-05-08 18:54:35"
[1] "III. alpha num 3 of 3"
[1] "elapsed: 1.72 minutes as of 2023-05-08 18:55:09"
[1] "IV. Target estimates"
[1] "Beginning variance calculations. This may take some time."
[1] "V. Variance estimates"
[1] ":model stuff:"
[1] "elapsed: 1.55 minutes as of 2023-05-08 18:56:46"
[1] ":CFBI EstFun:"
[1] "elapsed: 0 minutes as of 2023-05-08 18:56:46"
[1] ":CFBI alpha_num 1 of 3"
[1] "elapsed: 3.93 minutes as of 2023-05-08 19:00:42"
[1] ":CFBI alpha_num 2 of 3"
[1] "elapsed: 8.25 minutes as of 2023-05-08 19:05:01"
[1] ":CFBI alpha_num 3 of 3"
[1] ":MCFP EstFun:"
[1] "elapsed: 12.48 minutes as of 2023-05-08 19:09:15"
[1] ":MCFP alpha_num 1 of 3"
[1] "elapsed: 16.03 minutes as of 2023-05-08 19:12:48"
[1] ":MCFP alpha_num 2 of 3"
[1] "elapsed: 19.51 minutes as of 2023-05-08 19:16:17"
[1] ":MCFP alpha_num 3 of 3"
[1] "elapsed: 24.44 minutes as of 2023-05-08 19:19:39"
[1] ":target ests:"
[1] "elapsed: 0 minutes as of 2023-05-08 19:19:39"
[1] "Var_row_num 1 of 9"
[1] "elapsed: 10.13 minutes as of 2023-05-08 19:29:47"
[1] "elapsed: 0 minutes as of 2023-05-08 19:29:47"
[1] "elapsed: 0 minutes as of 2023-05-08 19:29:47"
[1] "Var_row_num 2 of 9"
[1] "elapsed: 8.89 minutes as of 2023-05-08 19:38:41"
[1] "elapsed: 0 minutes as of 2023-05-08 19:38:41"
[1] "elapsed: 0 minutes as of 2023-05-08 19:38:41"
[1] "Var_row_num 3 of 9"
[1] "elapsed: 6.94 minutes as of 2023-05-08 19:45:37"
[1] "elapsed: 0 minutes as of 2023-05-08 19:45:37"
[1] "elapsed: 0 minutes as of 2023-05-08 19:45:37"
[1] "Var_row_num 4 of 9"
[1] "elapsed: 6.79 minutes as of 2023-05-08 19:52:24"
[1] "elapsed: 0 minutes as of 2023-05-08 19:52:25"
[1] "elapsed: 0 minutes as of 2023-05-08 19:52:25"
[1] "Var_row_num 5 of 9"
[1] "elapsed: 8.18 minutes as of 2023-05-08 20:00:35"
[1] "elapsed: 0 minutes as of 2023-05-08 20:00:35"
[1] "elapsed: 0 minutes as of 2023-05-08 20:00:35"
[1] "Var_row_num 6 of 9"
[1] "elapsed: 8.31 minutes as of 2023-05-08 20:08:54"
[1] "elapsed: 0 minutes as of 2023-05-08 20:08:54"
[1] "elapsed: 0 minutes as of 2023-05-08 20:08:54"
[1] "Var_row_num 7 of 9"
[1] "elapsed: 7.52 minutes as of 2023-05-08 20:16:25"
[1] "elapsed: 0 minutes as of 2023-05-08 20:16:25"
[1] "elapsed: 0 minutes as of 2023-05-08 20:16:25"
[1] "Var_row_num 8 of 9"
[1] "elapsed: 20.67 minutes as of 2023-05-08 20:37:05"
[1] "elapsed: 0 minutes as of 2023-05-08 20:37:05"
[1] "elapsed: 0 minutes as of 2023-05-08 20:37:05"
[1] "Var_row_num 9 of 9"
[1] "elapsed: 13 minutes as of 2023-05-08 20:50:05"
[1] "elapsed: 0 minutes as of 2023-05-08 20:50:05"
[1] "Done with all variance calculations"
[1] "Estimates and SE estimates computed"
[1] ""
[[1]]
[[1]]$pro.p
[[1]]$pro.p$est
  delta        mu      mu_1      mu_0         de        se_1        se_0
1   0.5 0.4540297 0.2559693 0.6025639 -0.3465946  0.03742373  0.06100126
2   1.0 0.3477661 0.2185456 0.5415627 -0.3230171  0.00000000  0.00000000
3   2.0 0.2572939 0.1795970 0.4930625 -0.3134655 -0.03894860 -0.04850022
          oe         te
1  0.1062637 -0.2855934
2  0.0000000 -0.3230171
3 -0.0904722 -0.3619657

[[1]]$pro.p$se
  delta         mu       mu_1       mu_0         de       se_1       se_0
1   0.5 0.01672250 0.01621460 0.02062481 0.02026406 0.01301716 0.01742501
2   1.0 0.01114222 0.01035104 0.01469136 0.01340451 0.00000000 0.00000000
3   2.0 0.01981327 0.01990950 0.02434737 0.02386406 0.01600603 0.01906154
          oe         te
1 0.01386802 0.01839956
2 0.00000000 0.01340451
3 0.01601569 0.02210477


[[1]]$pro.np
[[1]]$pro.np$est
  delta        mu      mu_1      mu_0         de        se_1       se_0
1   0.5 0.4350281 0.2607109 0.5600817 -0.2993708  0.03329563  0.0447528
2   1.0 0.3463848 0.2274153 0.5153289 -0.2879136  0.00000000  0.0000000
3   2.0 0.2612512 0.1904909 0.4673409 -0.2768501 -0.03692443 -0.0479880
           oe         te
1  0.08864337 -0.2546180
2  0.00000000 -0.2879136
3 -0.08513358 -0.3248381

[[1]]$pro.np$se
  delta         mu       mu_1       mu_0         de       se_1       se_0
1   0.5 0.01471489 0.01516841 0.01786410 0.01838483 0.01197546 0.01473848
2   1.0 0.01150611 0.01079082 0.01421690 0.01211075 0.00000000 0.00000000
3   2.0 0.02132013 0.02102218 0.02409915 0.02215792 0.01668204 0.01885403
          oe         te
1 0.01191551 0.01659383
2 0.00000000 0.01211075
3 0.01703799 0.02186165


[[1]]$ipw.p
[[1]]$ipw.p$est
  delta        mu      mu_1      mu_0         de        se_1        se_0
1   0.5 0.4599139 0.2541127 0.6174263 -0.3633135  0.03414797  0.07311906
2   1.0 0.3483546 0.2199647 0.5443072 -0.3243424  0.00000000  0.00000000
3   2.0 0.2679504 0.1869875 0.5112095 -0.3242220 -0.03297722 -0.03309766
           oe         te
1  0.11155936 -0.2901945
2  0.00000000 -0.3243424
3 -0.08040414 -0.3573197

[[1]]$ipw.p$se
  delta          mu        mu_1       mu_0         de       se_1       se_0
1   0.5 0.052703038 0.023574638 0.08045715 0.06794438 0.02214148 0.07255377
2   1.0 0.009388597 0.008932411 0.01745506 0.01847863 0.00000000 0.00000000
3   2.0 0.016581723 0.016514860 0.02620994 0.02380406 0.01405088 0.03037224
          oe         te
1 0.04943598 0.02189531
2 0.00000000 0.01847863
3 0.01756930 0.02662990


[[1]]$ipw.np
[[1]]$ipw.np$est
  delta        mu      mu_1      mu_0         de        se_1        se_0
1   0.5 0.4528668 0.2590776 0.5948234 -0.3357457  0.03389550  0.06648483
2   1.0 0.3483546 0.2251821 0.5283385 -0.3031564  0.00000000  0.00000000
3   2.0 0.2693305 0.1903249 0.4957414 -0.3054165 -0.03485727 -0.03259714
           oe         te
1  0.10451219 -0.2692609
2  0.00000000 -0.3031564
3 -0.07902405 -0.3380137

[[1]]$ipw.np$se
  delta          mu        mu_1       mu_0         de       se_1       se_0
1   0.5 0.052965614 0.024973477 0.07769500 0.06329379 0.02364048 0.07019727
2   1.0 0.009388597 0.009123947 0.01697377 0.01807640 0.00000000 0.00000000
3   2.0 0.016791301 0.016844069 0.02542105 0.02269742 0.01448024 0.02933326
          oe         te
1 0.04985069 0.02316417
2 0.00000000 0.01807640
3 0.01774690 0.02642150


[[1]]$bar.p
[[1]]$bar.p$est
  delta        mu      mu_1      mu_0 de se_1 se_0 oe te
1   0.5 0.5002425 0.3021971 0.6312772  0    0    0  0  0
2   1.0 0.3578170 0.2347289 0.5266156  0    0    0  0  0
3   2.0 0.2639110 0.1911258 0.4514123  0    0    0  0  0

[[1]]$bar.p$se
  delta         mu       mu_1       mu_0 de se_1 se_0 oe te
1   0.5 0.05714705 0.04356183 0.06255103  0    0    0  0  0
2   1.0 0.00900252 0.01029100 0.01319381  0    0    0  0  0
3   2.0 0.01134435 0.01147603 0.02949897  0    0    0  0  0



[1] "Total run time was 8567.843 seconds"
