WARNING: ignoring environment value of R_HOME

Attaching package: ‘dplyr’

The following objects are masked from ‘package:stats’:

    filter, lag

The following objects are masked from ‘package:base’:

    intersect, setdiff, setequal, union

Loading required package: splines
Loading required package: foreach
Loaded gam 1.20.2

Super Learner
Version: 2.0-28
Package created on 2021-05-04

Loading required package: lattice
Loading required package: ggplot2
Loading required package: Matrix
Loaded glmnet 4.1-7
Loading required package: Formula
Loading required package: plotmo
Loading required package: plotrix
Loading required package: TeachingDemos
Loaded gbm 2.1.8.1

Attaching package: ‘xgboost’

The following object is masked from ‘package:dplyr’:

    slice

[1] "[Simulation setting]"
[1] "m: 500"
[1] "deltas: 0.5, 1, 2"
[1] "alphas: 0.4251, 0.5948, 0.7448"
[1] "Sim.id 1"
[1] "Data generated"
[1] "Proposed & IPW estimators"
[1] "   Split: 1"
[1] "   Split: 2"
[1] "Barkley estimators"
[1] "I. Estimate GLMER model"
[1] "IB. get MCFP vecs"
[1] "II. Estimate CFBI"
[1] "II. solving for alpha_num 1 of 3 ; alpha= 0.425133170705204"
[1] "elapsed: 8.41 minutes as of 2023-05-08 19:10:39"
[1] "II. solving for alpha_num 2 of 3 ; alpha= 0.594849404255532"
[1] "elapsed: 9.32 minutes as of 2023-05-08 19:19:58"
[1] "II. solving for alpha_num 3 of 3 ; alpha= 0.744822889124285"
[1] "elapsed: 9.66 minutes as of 2023-05-08 19:29:38"
[1] "III. Estimate MCFP"
[1] "III. alpha num 1 of 3"
[1] "elapsed: 0.79 minutes as of 2023-05-08 19:30:25"
[1] "III. alpha num 2 of 3"
[1] "elapsed: 1.56 minutes as of 2023-05-08 19:31:12"
[1] "III. alpha num 3 of 3"
[1] "elapsed: 2.34 minutes as of 2023-05-08 19:31:58"
[1] "IV. Target estimates"
[1] "Beginning variance calculations. This may take some time."
[1] "V. Variance estimates"
[1] ":model stuff:"
[1] "elapsed: 2.25 minutes as of 2023-05-08 19:34:20"
[1] ":CFBI EstFun:"
[1] "elapsed: 0 minutes as of 2023-05-08 19:34:20"
[1] ":CFBI alpha_num 1 of 3"
[1] "elapsed: 6.82 minutes as of 2023-05-08 19:41:09"
[1] ":CFBI alpha_num 2 of 3"
[1] "elapsed: 13.53 minutes as of 2023-05-08 19:47:51"
[1] ":CFBI alpha_num 3 of 3"
[1] ":MCFP EstFun:"
[1] "elapsed: 20.28 minutes as of 2023-05-08 19:54:37"
[1] ":MCFP alpha_num 1 of 3"
[1] "elapsed: 25.67 minutes as of 2023-05-08 20:00:00"
[1] ":MCFP alpha_num 2 of 3"
[1] "elapsed: 30.96 minutes as of 2023-05-08 20:05:17"
[1] ":MCFP alpha_num 3 of 3"
[1] "elapsed: 38.55 minutes as of 2023-05-08 20:10:37"
[1] ":target ests:"
[1] "elapsed: 0 minutes as of 2023-05-08 20:10:37"
[1] "Var_row_num 1 of 9"
[1] "elapsed: 12.64 minutes as of 2023-05-08 20:23:16"
[1] "elapsed: 0 minutes as of 2023-05-08 20:23:16"
[1] "elapsed: 0 minutes as of 2023-05-08 20:23:16"
[1] "Var_row_num 2 of 9"
[1] "elapsed: 12.52 minutes as of 2023-05-08 20:35:47"
[1] "elapsed: 0 minutes as of 2023-05-08 20:35:47"
[1] "elapsed: 0 minutes as of 2023-05-08 20:35:47"
[1] "Var_row_num 3 of 9"
[1] "elapsed: 12.66 minutes as of 2023-05-08 20:48:27"
[1] "elapsed: 0 minutes as of 2023-05-08 20:48:27"
[1] "elapsed: 0 minutes as of 2023-05-08 20:48:27"
[1] "Var_row_num 4 of 9"
[1] "elapsed: 12.68 minutes as of 2023-05-08 21:01:08"
[1] "elapsed: 0 minutes as of 2023-05-08 21:01:08"
[1] "elapsed: 0 minutes as of 2023-05-08 21:01:08"
[1] "Var_row_num 5 of 9"
[1] "elapsed: 12.58 minutes as of 2023-05-08 21:13:43"
[1] "elapsed: 0 minutes as of 2023-05-08 21:13:43"
[1] "elapsed: 0 minutes as of 2023-05-08 21:13:43"
[1] "Var_row_num 6 of 9"
[1] "elapsed: 12.33 minutes as of 2023-05-08 21:26:03"
[1] "elapsed: 0 minutes as of 2023-05-08 21:26:03"
[1] "elapsed: 0 minutes as of 2023-05-08 21:26:03"
[1] "Var_row_num 7 of 9"
[1] "elapsed: 12.2 minutes as of 2023-05-08 21:38:15"
[1] "elapsed: 0 minutes as of 2023-05-08 21:38:15"
[1] "elapsed: 0 minutes as of 2023-05-08 21:38:15"
[1] "Var_row_num 8 of 9"
[1] "elapsed: 11.7 minutes as of 2023-05-08 21:49:57"
[1] "elapsed: 0 minutes as of 2023-05-08 21:49:57"
[1] "elapsed: 0 minutes as of 2023-05-08 21:49:57"
[1] "Var_row_num 9 of 9"
[1] "elapsed: 11.94 minutes as of 2023-05-08 22:01:54"
[1] "elapsed: 0 minutes as of 2023-05-08 22:01:54"
[1] "Done with all variance calculations"
[1] "Estimates and SE estimates computed"
[1] ""
[[1]]
[[1]]$pro.p
[[1]]$pro.p$est
  delta        mu      mu_1      mu_0         de         se_1        se_0
1   0.5 0.4351940 0.2331583 0.5868006 -0.3536423  0.023755126  0.06043112
2   1.0 0.3359383 0.2094032 0.5263694 -0.3169663  0.000000000  0.00000000
3   2.0 0.2752793 0.2082857 0.4785031 -0.2702175 -0.001117506 -0.04786630
           oe         te
1  0.09925570 -0.2932112
2  0.00000000 -0.3169663
3 -0.06065901 -0.3180838

[[1]]$pro.p$se
  delta         mu       mu_1       mu_0         de       se_1       se_0
1   0.5 0.01629896 0.01641194 0.02154352 0.02397486 0.01365876 0.01720143
2   1.0 0.01157567 0.01059249 0.01511625 0.01335377 0.00000000 0.00000000
3   2.0 0.02056249 0.02034891 0.02589416 0.02196832 0.01596470 0.02075379
          oe         te
1 0.01273383 0.01796565
2 0.00000000 0.01335377
3 0.01663128 0.02225405


[[1]]$pro.np
[[1]]$pro.np$est
  delta        mu      mu_1      mu_0         de        se_1        se_0
1   0.5 0.4318454 0.2472976 0.5631856 -0.3158880  0.02437747  0.06368620
2   1.0 0.3364201 0.2229201 0.4994994 -0.2765793  0.00000000  0.00000000
3   2.0 0.2711656 0.2108903 0.4459415 -0.2350512 -0.01202984 -0.05355793
           oe         te
1  0.09542526 -0.2522018
2  0.00000000 -0.2765793
3 -0.06525456 -0.2886092

[[1]]$pro.np$se
  delta         mu       mu_1       mu_0         de       se_1       se_0
1   0.5 0.01508885 0.01547999 0.01888035 0.02039257 0.01227326 0.01539259
2   1.0 0.01172163 0.01095386 0.01437288 0.01189590 0.00000000 0.00000000
3   2.0 0.02084473 0.01995473 0.02534104 0.01908559 0.01523633 0.01990468
          oe         te
1 0.01188937 0.01658754
2 0.00000000 0.01189590
3 0.01631607 0.02038513


[[1]]$ipw.p
[[1]]$ipw.p$est
  delta        mu      mu_1      mu_0         de       se_1        se_0
1   0.5 0.4648892 0.2526773 0.6212850 -0.3686077 0.03631572  0.08919054
2   1.0 0.3445964 0.2163615 0.5320944 -0.3157329 0.00000000  0.00000000
3   2.0 0.3015314 0.2323252 0.5043513 -0.2720261 0.01596366 -0.02774318
           oe         te
1  0.12029279 -0.2794172
2  0.00000000 -0.3157329
3 -0.04306495 -0.2997692

[[1]]$ipw.p$se
  delta         mu        mu_1       mu_0         de       se_1       se_0
1   0.5 0.04674548 0.024037680 0.06854942 0.05568314 0.02341760 0.06139912
2   1.0 0.00902083 0.009513449 0.01610156 0.01794773 0.00000000 0.00000000
3   2.0 0.02291077 0.025651881 0.02390452 0.02401186 0.02205244 0.02835327
          oe         te
1 0.04404353 0.02245426
2 0.00000000 0.01794773
3 0.02295004 0.03347961


[[1]]$ipw.np
[[1]]$ipw.np$est
  delta        mu      mu_1      mu_0         de       se_1        se_0
1   0.5 0.4593729 0.2604070 0.6034636 -0.3430566 0.03632002  0.08821999
2   1.0 0.3445964 0.2240870 0.5152436 -0.2911567 0.00000000  0.00000000
3   2.0 0.3078383 0.2438932 0.4887443 -0.2448511 0.01980623 -0.02649931
          oe         te
1  0.1147765 -0.2548367
2  0.0000000 -0.2911567
3 -0.0367581 -0.2713504

[[1]]$ipw.np$se
  delta         mu        mu_1       mu_0         de      se_1       se_0
1   0.5 0.04549651 0.024446455 0.06628526 0.05448209 0.0238566 0.05923355
2   1.0 0.00902083 0.009835584 0.01574480 0.01779975 0.0000000 0.00000000
3   2.0 0.02429367 0.027717725 0.02372105 0.02386433 0.0240079 0.02789846
          oe         te
1 0.04284145 0.02276007
2 0.00000000 0.01779975
3 0.02419577 0.03493483


[[1]]$bar.p
[[1]]$bar.p$est
  delta        mu      mu_1      mu_0 de se_1 se_0 oe te
1   0.5 0.4153167 0.2353477 0.5529719  0    0    0  0  0
2   1.0 0.3448486 0.2180810 0.5161823  0    0    0  0  0
3   2.0 0.2871075 0.2136405 0.4607444  0    0    0  0  0

[[1]]$bar.p$se
  delta          mu        mu_1       mu_0 de se_1 se_0 oe te
1   0.5 0.016910519 0.021038961 0.01881341  0    0    0  0  0
2   1.0 0.008641627 0.009351564 0.01297965  0    0    0  0  0
3   2.0 0.014757331 0.014735597 0.02850475  0    0    0  0  0



[1] "Total run time was 11251.644 seconds"
