WARNING: ignoring environment value of R_HOME

Attaching package: ‘dplyr’

The following objects are masked from ‘package:stats’:

    filter, lag

The following objects are masked from ‘package:base’:

    intersect, setdiff, setequal, union

Loading required package: splines
Loading required package: foreach
Loaded gam 1.20.2

Super Learner
Version: 2.0-28
Package created on 2021-05-04

Loading required package: lattice
Loading required package: ggplot2
Loading required package: Matrix
Loaded glmnet 4.1-7
Loading required package: Formula
Loading required package: plotmo
Loading required package: plotrix
Loading required package: TeachingDemos
Loaded gbm 2.1.8.1

Attaching package: ‘xgboost’

The following object is masked from ‘package:dplyr’:

    slice

[1] "[Simulation setting]"
[1] "m: 500"
[1] "deltas: 0.5, 1, 2"
[1] "alphas: 0.4251, 0.5948, 0.7448"
[1] "Sim.id 1"
[1] "Data generated"
[1] "Proposed & IPW estimators"
[1] "   Split: 1"
[1] "   Split: 2"
[1] "Barkley estimators"
[1] "I. Estimate GLMER model"
[1] "IB. get MCFP vecs"
[1] "II. Estimate CFBI"
[1] "II. solving for alpha_num 1 of 3 ; alpha= 0.425133170705204"
[1] "elapsed: 5.69 minutes as of 2023-05-08 19:27:17"
[1] "II. solving for alpha_num 2 of 3 ; alpha= 0.594849404255532"
[1] "elapsed: 6.98 minutes as of 2023-05-08 19:34:16"
[1] "II. solving for alpha_num 3 of 3 ; alpha= 0.744822889124285"
[1] "elapsed: 5.6 minutes as of 2023-05-08 19:39:52"
[1] "III. Estimate MCFP"
[1] "III. alpha num 1 of 3"
[1] "elapsed: 0.55 minutes as of 2023-05-08 19:40:25"
[1] "III. alpha num 2 of 3"
[1] "elapsed: 1.1 minutes as of 2023-05-08 19:40:58"
[1] "III. alpha num 3 of 3"
[1] "elapsed: 1.66 minutes as of 2023-05-08 19:41:31"
[1] "IV. Target estimates"
[1] "Beginning variance calculations. This may take some time."
[1] "V. Variance estimates"
[1] ":model stuff:"
[1] "elapsed: 1.7 minutes as of 2023-05-08 19:43:18"
[1] ":CFBI EstFun:"
[1] "elapsed: 0 minutes as of 2023-05-08 19:43:18"
[1] ":CFBI alpha_num 1 of 3"
[1] "elapsed: 4.88 minutes as of 2023-05-08 19:48:11"
[1] ":CFBI alpha_num 2 of 3"
[1] "elapsed: 9.74 minutes as of 2023-05-08 19:53:02"
[1] ":CFBI alpha_num 3 of 3"
[1] ":MCFP EstFun:"
[1] "elapsed: 14.63 minutes as of 2023-05-08 19:57:56"
[1] ":MCFP alpha_num 1 of 3"
[1] "elapsed: 18.48 minutes as of 2023-05-08 20:01:46"
[1] ":MCFP alpha_num 2 of 3"
[1] "elapsed: 22.32 minutes as of 2023-05-08 20:05:37"
[1] ":MCFP alpha_num 3 of 3"
[1] "elapsed: 27.89 minutes as of 2023-05-08 20:09:29"
[1] ":target ests:"
[1] "elapsed: 0 minutes as of 2023-05-08 20:09:29"
[1] "Var_row_num 1 of 9"
[1] "elapsed: 9.75 minutes as of 2023-05-08 20:19:14"
[1] "elapsed: 0 minutes as of 2023-05-08 20:19:14"
[1] "elapsed: 0 minutes as of 2023-05-08 20:19:14"
[1] "Var_row_num 2 of 9"
[1] "elapsed: 9.72 minutes as of 2023-05-08 20:28:57"
[1] "elapsed: 0 minutes as of 2023-05-08 20:28:57"
[1] "elapsed: 0 minutes as of 2023-05-08 20:28:57"
[1] "Var_row_num 3 of 9"
[1] "elapsed: 9.91 minutes as of 2023-05-08 20:38:52"
[1] "elapsed: 0 minutes as of 2023-05-08 20:38:52"
[1] "elapsed: 0 minutes as of 2023-05-08 20:38:52"
[1] "Var_row_num 4 of 9"
[1] "elapsed: 8.63 minutes as of 2023-05-08 20:47:30"
[1] "elapsed: 0 minutes as of 2023-05-08 20:47:30"
[1] "elapsed: 0 minutes as of 2023-05-08 20:47:30"
[1] "Var_row_num 5 of 9"
[1] "elapsed: 10.3 minutes as of 2023-05-08 20:57:48"
[1] "elapsed: 0 minutes as of 2023-05-08 20:57:48"
[1] "elapsed: 0 minutes as of 2023-05-08 20:57:48"
[1] "Var_row_num 6 of 9"
[1] "elapsed: 9.27 minutes as of 2023-05-08 21:07:05"
[1] "elapsed: 0 minutes as of 2023-05-08 21:07:05"
[1] "elapsed: 0 minutes as of 2023-05-08 21:07:05"
[1] "Var_row_num 7 of 9"
[1] "elapsed: 10.73 minutes as of 2023-05-08 21:17:49"
[1] "elapsed: 0 minutes as of 2023-05-08 21:17:49"
[1] "elapsed: 0 minutes as of 2023-05-08 21:17:49"
[1] "Var_row_num 8 of 9"
[1] "elapsed: 12.87 minutes as of 2023-05-08 21:30:41"
[1] "elapsed: 0 minutes as of 2023-05-08 21:30:41"
[1] "elapsed: 0 minutes as of 2023-05-08 21:30:41"
[1] "Var_row_num 9 of 9"
[1] "elapsed: 12.95 minutes as of 2023-05-08 21:43:38"
[1] "elapsed: 0 minutes as of 2023-05-08 21:43:38"
[1] "Done with all variance calculations"
[1] "Estimates and SE estimates computed"
[1] ""
[[1]]
[[1]]$pro.p
[[1]]$pro.p$est
  delta        mu      mu_1      mu_0         de        se_1        se_0
1   0.5 0.4591454 0.2683014 0.5983854 -0.3300841  0.03897726  0.03278108
2   1.0 0.3659531 0.2293241 0.5656043 -0.3362803  0.00000000  0.00000000
3   2.0 0.2831529 0.1981883 0.5341166 -0.3359283 -0.03113580 -0.03148777
           oe         te
1  0.09319230 -0.2973030
2  0.00000000 -0.3362803
3 -0.08280015 -0.3674161

[[1]]$pro.p$se
  delta         mu       mu_1       mu_0         de       se_1       se_0
1   0.5 0.01755383 0.01480921 0.02344362 0.02283389 0.01215894 0.01864045
2   1.0 0.01141809 0.01024981 0.01514101 0.01326819 0.00000000 0.00000000
3   2.0 0.01941932 0.01942113 0.02403658 0.02283736 0.01543750 0.01880945
          oe         te
1 0.01399781 0.01659603
2 0.00000000 0.01326819
3 0.01580438 0.02180066


[[1]]$pro.np
[[1]]$pro.np$est
  delta        mu      mu_1      mu_0         de        se_1        se_0
1   0.5 0.4551169 0.2718089 0.5807965 -0.3089876  0.03494159  0.02833297
2   1.0 0.3690909 0.2368673 0.5524635 -0.3155962  0.00000000  0.00000000
3   2.0 0.3006369 0.2168001 0.5327595 -0.3159594 -0.02006715 -0.01970399
           oe         te
1  0.08602595 -0.2806546
2  0.00000000 -0.3155962
3 -0.06845402 -0.3356633

[[1]]$pro.np$se
  delta         mu       mu_1       mu_0         de       se_1       se_0
1   0.5 0.01598978 0.01436595 0.02039662 0.02048722 0.01145244 0.01582337
2   1.0 0.01167160 0.01062398 0.01469986 0.01223125 0.00000000 0.00000000
3   2.0 0.01950806 0.01925061 0.02302696 0.02018783 0.01453780 0.01714476
          oe         te
1 0.01207526 0.01576098
2 0.00000000 0.01223125
3 0.01509682 0.02041235


[[1]]$ipw.p
[[1]]$ipw.p$est
  delta        mu      mu_1      mu_0         de        se_1        se_0
1   0.5 0.4496513 0.2589842 0.5875995 -0.3286154  0.03163036  0.02873269
2   1.0 0.3627629 0.2273538 0.5588669 -0.3315130  0.00000000  0.00000000
3   2.0 0.2909389 0.2108697 0.5197441 -0.3088744 -0.01648412 -0.03912272
           oe         te
1  0.08688849 -0.2998827
2  0.00000000 -0.3315130
3 -0.07182399 -0.3479971

[[1]]$ipw.p$se
  delta          mu        mu_1       mu_0         de       se_1       se_0
1   0.5 0.041143941 0.020716290 0.06046252 0.04985196 0.01969410 0.05182376
2   1.0 0.009189122 0.009176842 0.01658302 0.01779013 0.00000000 0.00000000
3   2.0 0.017664761 0.019506985 0.02387350 0.02509433 0.01673024 0.02856392
          oe         te
1 0.03773387 0.01913510
2 0.00000000 0.01779013
3 0.01865270 0.02884333


[[1]]$ipw.np
[[1]]$ipw.np$est
  delta        mu      mu_1      mu_0         de        se_1        se_0
1   0.5 0.4432063 0.2606971 0.5742131 -0.3135161  0.02802368  0.02671205
2   1.0 0.3627629 0.2326734 0.5475011 -0.3148277  0.00000000  0.00000000
3   2.0 0.2955188 0.2166873 0.5155100 -0.2988228 -0.01598613 -0.03199109
           oe         te
1  0.08044340 -0.2868040
2  0.00000000 -0.3148277
3 -0.06724404 -0.3308138

[[1]]$ipw.np$se
  delta          mu        mu_1       mu_0         de       se_1       se_0
1   0.5 0.040154762 0.020556396 0.05868572 0.04844064 0.01962731 0.04999424
2   1.0 0.009189122 0.009433791 0.01641857 0.01779832 0.00000000 0.00000000
3   2.0 0.018232700 0.020332429 0.02439376 0.02528747 0.01739408 0.02885438
          oe         te
1 0.03676768 0.01887394
2 0.00000000 0.01779832
3 0.01906140 0.02926631


[[1]]$bar.p
[[1]]$bar.p$est
  delta        mu      mu_1      mu_0 de se_1 se_0 oe te
1   0.5 0.4347655 0.2538353 0.5641281  0    0    0  0  0
2   1.0 0.3609931 0.2303604 0.5446861  0    0    0  0  0
3   2.0 0.2868103 0.2087017 0.4726736  0    0    0  0  0

[[1]]$bar.p$se
  delta          mu        mu_1       mu_0 de se_1 se_0 oe te
1   0.5 0.020846245 0.023756698 0.02161266  0    0    0  0  0
2   1.0 0.008733444 0.009286764 0.01336313  0    0    0  0  0
3   2.0 0.011867412 0.012172811 0.02605053  0    0    0  0  0



[1] "Total run time was 8855.965 seconds"
