WARNING: ignoring environment value of R_HOME

Attaching package: ‘dplyr’

The following objects are masked from ‘package:stats’:

    filter, lag

The following objects are masked from ‘package:base’:

    intersect, setdiff, setequal, union

Loading required package: splines
Loading required package: foreach
Loaded gam 1.20.2

Super Learner
Version: 2.0-28
Package created on 2021-05-04

Loading required package: lattice
Loading required package: ggplot2
Loading required package: Matrix
Loaded glmnet 4.1-7
Loading required package: Formula
Loading required package: plotmo
Loading required package: plotrix
Loading required package: TeachingDemos
Loaded gbm 2.1.8.1

Attaching package: ‘xgboost’

The following object is masked from ‘package:dplyr’:

    slice

[1] "[Simulation setting]"
[1] "m: 500"
[1] "deltas: 0.5, 1, 2"
[1] "alphas: 0.4251, 0.5948, 0.7448"
[1] "Sim.id 1"
[1] "Data generated"
[1] "Proposed & IPW estimators"
[1] "   Split: 1"
[1] "   Split: 2"
[1] "Barkley estimators"
[1] "I. Estimate GLMER model"
[1] "IB. get MCFP vecs"
[1] "II. Estimate CFBI"
[1] "II. solving for alpha_num 1 of 3 ; alpha= 0.425133170705204"
[1] "elapsed: 3.63 minutes as of 2023-05-08 18:35:50"
[1] "II. solving for alpha_num 2 of 3 ; alpha= 0.594849404255532"
[1] "elapsed: 4.25 minutes as of 2023-05-08 18:40:05"
[1] "II. solving for alpha_num 3 of 3 ; alpha= 0.744822889124285"
[1] "elapsed: 7.13 minutes as of 2023-05-08 18:47:13"
[1] "III. Estimate MCFP"
[1] "III. alpha num 1 of 3"
[1] "elapsed: 0.58 minutes as of 2023-05-08 18:47:48"
[1] "III. alpha num 2 of 3"
[1] "elapsed: 1.15 minutes as of 2023-05-08 18:48:21"
[1] "III. alpha num 3 of 3"
[1] "elapsed: 1.73 minutes as of 2023-05-08 18:48:57"
[1] "IV. Target estimates"
[1] "Beginning variance calculations. This may take some time."
[1] "V. Variance estimates"
[1] ":model stuff:"
[1] "elapsed: 1.71 minutes as of 2023-05-08 18:50:43"
[1] ":CFBI EstFun:"
[1] "elapsed: 0 minutes as of 2023-05-08 18:50:43"
[1] ":CFBI alpha_num 1 of 3"
[1] "elapsed: 4.94 minutes as of 2023-05-08 18:55:39"
[1] ":CFBI alpha_num 2 of 3"
[1] "elapsed: 9.87 minutes as of 2023-05-08 19:00:35"
[1] ":CFBI alpha_num 3 of 3"
[1] ":MCFP EstFun:"
[1] "elapsed: 14.42 minutes as of 2023-05-08 19:05:08"
[1] ":MCFP alpha_num 1 of 3"
[1] "elapsed: 17.76 minutes as of 2023-05-08 19:08:29"
[1] ":MCFP alpha_num 2 of 3"
[1] "elapsed: 21.76 minutes as of 2023-05-08 19:12:29"
[1] ":MCFP alpha_num 3 of 3"
[1] "elapsed: 27.53 minutes as of 2023-05-08 19:16:33"
[1] ":target ests:"
[1] "elapsed: 0 minutes as of 2023-05-08 19:16:33"
[1] "Var_row_num 1 of 9"
[1] "elapsed: 10.3 minutes as of 2023-05-08 19:26:51"
[1] "elapsed: 0 minutes as of 2023-05-08 19:26:51"
[1] "elapsed: 0 minutes as of 2023-05-08 19:26:51"
[1] "Var_row_num 2 of 9"
[1] "elapsed: 8.91 minutes as of 2023-05-08 19:35:46"
[1] "elapsed: 0 minutes as of 2023-05-08 19:35:46"
[1] "elapsed: 0 minutes as of 2023-05-08 19:35:46"
[1] "Var_row_num 3 of 9"
[1] "elapsed: 7.33 minutes as of 2023-05-08 19:43:06"
[1] "elapsed: 0 minutes as of 2023-05-08 19:43:06"
[1] "elapsed: 0 minutes as of 2023-05-08 19:43:06"
[1] "Var_row_num 4 of 9"
[1] "elapsed: 8.58 minutes as of 2023-05-08 19:51:41"
[1] "elapsed: 0 minutes as of 2023-05-08 19:51:41"
[1] "elapsed: 0 minutes as of 2023-05-08 19:51:41"
[1] "Var_row_num 5 of 9"
[1] "elapsed: 10.68 minutes as of 2023-05-08 20:02:21"
[1] "elapsed: 0 minutes as of 2023-05-08 20:02:21"
[1] "elapsed: 0 minutes as of 2023-05-08 20:02:21"
[1] "Var_row_num 6 of 9"
[1] "elapsed: 10.66 minutes as of 2023-05-08 20:13:01"
[1] "elapsed: 0 minutes as of 2023-05-08 20:13:01"
[1] "elapsed: 0 minutes as of 2023-05-08 20:13:01"
[1] "Var_row_num 7 of 9"
[1] "elapsed: 8.71 minutes as of 2023-05-08 20:21:44"
[1] "elapsed: 0 minutes as of 2023-05-08 20:21:44"
[1] "elapsed: 0 minutes as of 2023-05-08 20:21:44"
[1] "Var_row_num 8 of 9"
[1] "elapsed: 10.63 minutes as of 2023-05-08 20:32:22"
[1] "elapsed: 0 minutes as of 2023-05-08 20:32:22"
[1] "elapsed: 0 minutes as of 2023-05-08 20:32:22"
[1] "Var_row_num 9 of 9"
[1] "elapsed: 10.59 minutes as of 2023-05-08 20:42:57"
[1] "elapsed: 0 minutes as of 2023-05-08 20:42:57"
[1] "Done with all variance calculations"
[1] "Estimates and SE estimates computed"
[1] ""
[[1]]
[[1]]$pro.p
[[1]]$pro.p$est
  delta        mu      mu_1      mu_0         de        se_1        se_0
1   0.5 0.4582550 0.2711032 0.6005966 -0.3294934  0.02636462  0.02079736
2   1.0 0.3789861 0.2447386 0.5797993 -0.3350607  0.00000000  0.00000000
3   2.0 0.2920860 0.2086933 0.5408126 -0.3321194 -0.03604531 -0.03898663
           oe         te
1  0.07926889 -0.3086961
2  0.00000000 -0.3350607
3 -0.08690004 -0.3711060

[[1]]$pro.p$se
  delta         mu       mu_1       mu_0         de       se_1       se_0
1   0.5 0.01894028 0.02058145 0.02597131 0.03069986 0.01818428 0.02143834
2   1.0 0.01183659 0.01057113 0.01541084 0.01358429 0.00000000 0.00000000
3   2.0 0.02039984 0.02069087 0.02278322 0.02127279 0.01638859 0.01721710
          oe         te
1 0.01560506 0.02278083
2 0.00000000 0.01358429
3 0.01626230 0.02270155


[[1]]$pro.np
[[1]]$pro.np$est
  delta        mu      mu_1      mu_0         de        se_1        se_0
1   0.5 0.4556281 0.2907852 0.5763467 -0.2855615  0.03566899  0.02671107
2   1.0 0.3754319 0.2551162 0.5496356 -0.2945194  0.00000000  0.00000000
3   2.0 0.2902574 0.2073830 0.5272794 -0.3198963 -0.04773314 -0.02235622
           oe         te
1  0.08019626 -0.2588504
2  0.00000000 -0.2945194
3 -0.08517452 -0.3422526

[[1]]$pro.np$se
  delta         mu       mu_1       mu_0         de       se_1       se_0
1   0.5 0.01592072 0.01800877 0.02019469 0.02392210 0.01536641 0.01565310
2   1.0 0.01226547 0.01100468 0.01506643 0.01212902 0.00000000 0.00000000
3   2.0 0.02417299 0.02562299 0.02251293 0.02321563 0.02115245 0.01664771
          oe         te
1 0.01205234 0.01931686
2 0.00000000 0.01212902
3 0.01952352 0.02590352


[[1]]$ipw.p
[[1]]$ipw.p$est
  delta        mu      mu_1      mu_0         de        se_1        se_0
1   0.5 0.5131996 0.2784656 0.6884549 -0.4099892  0.03298084  0.10906998
2   1.0 0.3790481 0.2454848 0.5793849 -0.3339001  0.00000000  0.00000000
3   2.0 0.3016673 0.2217870 0.5400995 -0.3183125 -0.02369776 -0.03928534
           oe         te
1  0.13415150 -0.3009192
2  0.00000000 -0.3339001
3 -0.07738071 -0.3575978

[[1]]$ipw.p$se
  delta          mu        mu_1       mu_0         de       se_1       se_0
1   0.5 0.056755929 0.024405002 0.08870966 0.07989773 0.02365637 0.08153527
2   1.0 0.009102084 0.009273988 0.01666308 0.01826103 0.00000000 0.00000000
3   2.0 0.019233986 0.021259930 0.02488309 0.02571774 0.01835149 0.02951584
          oe         te
1 0.05416875 0.02329676
2 0.00000000 0.01826103
3 0.01993138 0.03027028


[[1]]$ipw.np
[[1]]$ipw.np$est
  delta        mu      mu_1      mu_0         de        se_1        se_0
1   0.5 0.5060285 0.2850548 0.6636753 -0.3786205  0.03312772  0.10128317
2   1.0 0.3790481 0.2519271 0.5623921 -0.3104650  0.00000000  0.00000000
3   2.0 0.3045890 0.2282228 0.5228553 -0.2946325 -0.02370432 -0.03953687
           oe         te
1  0.12698049 -0.2773373
2  0.00000000 -0.3104650
3 -0.07445901 -0.3341693

[[1]]$ipw.np$se
  delta          mu        mu_1       mu_0         de       se_1       se_0
1   0.5 0.054673975 0.023663842 0.08377471 0.07521879 0.02290399 0.07676166
2   1.0 0.009102084 0.009516496 0.01625801 0.01800274 0.00000000 0.00000000
3   2.0 0.019472671 0.021936587 0.02416022 0.02562511 0.01888281 0.02858440
          oe         te
1 0.05208743 0.02233072
2 0.00000000 0.01800274
3 0.02009289 0.03052191


[[1]]$bar.p
[[1]]$bar.p$est
  delta        mu      mu_1      mu_0 de se_1 se_0 oe te
1   0.5 0.4971555 0.2839178 0.6334890  0    0    0  0  0
2   1.0 0.3830187 0.2552324 0.5619365  0    0    0  0  0
3   2.0 0.2965065 0.2175476 0.4809130  0    0    0  0  0

[[1]]$bar.p$se
  delta         mu        mu_1       mu_0 de se_1 se_0 oe te
1   0.5 0.02675831 0.028499169 0.03125071  0    0    0  0  0
2   1.0 0.00850128 0.009703451 0.01290892  0    0    0  0  0
3   2.0 0.01178240 0.011637590 0.02662019  0    0    0  0  0



[1] "Total run time was 8102.396 seconds"
