WARNING: ignoring environment value of R_HOME

Attaching package: ‘dplyr’

The following objects are masked from ‘package:stats’:

    filter, lag

The following objects are masked from ‘package:base’:

    intersect, setdiff, setequal, union

Loading required package: splines
Loading required package: foreach
Loaded gam 1.20.2

Super Learner
Version: 2.0-28
Package created on 2021-05-04

Loading required package: lattice
Loading required package: ggplot2
Loading required package: Matrix
Loaded glmnet 4.1-7
Loading required package: Formula
Loading required package: plotmo
Loading required package: plotrix
Loading required package: TeachingDemos
Loaded gbm 2.1.8.1

Attaching package: ‘xgboost’

The following object is masked from ‘package:dplyr’:

    slice

[1] "[Simulation setting]"
[1] "m: 500"
[1] "deltas: 0.5, 1, 2"
[1] "alphas: 0.4251, 0.5948, 0.7448"
[1] "Sim.id 1"
[1] "Data generated"
[1] "Proposed & IPW estimators"
[1] "   Split: 1"
[1] "   Split: 2"
[1] "Barkley estimators"
[1] "I. Estimate GLMER model"
[1] "IB. get MCFP vecs"
[1] "II. Estimate CFBI"
[1] "II. solving for alpha_num 1 of 3 ; alpha= 0.425133170705204"
[1] "elapsed: 3.37 minutes as of 2023-05-08 18:59:40"
[1] "II. solving for alpha_num 2 of 3 ; alpha= 0.594849404255532"
[1] "elapsed: 3.36 minutes as of 2023-05-08 19:03:01"
[1] "II. solving for alpha_num 3 of 3 ; alpha= 0.744822889124285"
[1] "elapsed: 4.17 minutes as of 2023-05-08 19:07:11"
[1] "III. Estimate MCFP"
[1] "III. alpha num 1 of 3"
[1] "elapsed: 0.34 minutes as of 2023-05-08 19:07:31"
[1] "III. alpha num 2 of 3"
[1] "elapsed: 0.67 minutes as of 2023-05-08 19:07:51"
[1] "III. alpha num 3 of 3"
[1] "elapsed: 1 minutes as of 2023-05-08 19:08:11"
[1] "IV. Target estimates"
[1] "Beginning variance calculations. This may take some time."
[1] "V. Variance estimates"
[1] ":model stuff:"
[1] "elapsed: 1.01 minutes as of 2023-05-08 19:09:14"
[1] ":CFBI EstFun:"
[1] "elapsed: 0 minutes as of 2023-05-08 19:09:14"
[1] ":CFBI alpha_num 1 of 3"
[1] "elapsed: 2.9 minutes as of 2023-05-08 19:12:08"
[1] ":CFBI alpha_num 2 of 3"
[1] "elapsed: 5.77 minutes as of 2023-05-08 19:15:01"
[1] ":CFBI alpha_num 3 of 3"
[1] ":MCFP EstFun:"
[1] "elapsed: 8.64 minutes as of 2023-05-08 19:17:53"
[1] ":MCFP alpha_num 1 of 3"
[1] "elapsed: 10.97 minutes as of 2023-05-08 19:20:13"
[1] ":MCFP alpha_num 2 of 3"
[1] "elapsed: 13.29 minutes as of 2023-05-08 19:22:32"
[1] ":MCFP alpha_num 3 of 3"
[1] "elapsed: 16.58 minutes as of 2023-05-08 19:24:48"
[1] ":target ests:"
[1] "elapsed: 0 minutes as of 2023-05-08 19:24:48"
[1] "Var_row_num 1 of 9"
[1] "elapsed: 6.13 minutes as of 2023-05-08 19:30:56"
[1] "elapsed: 0 minutes as of 2023-05-08 19:30:56"
[1] "elapsed: 0 minutes as of 2023-05-08 19:30:56"
[1] "Var_row_num 2 of 9"
[1] "elapsed: 5.98 minutes as of 2023-05-08 19:36:55"
[1] "elapsed: 0 minutes as of 2023-05-08 19:36:55"
[1] "elapsed: 0 minutes as of 2023-05-08 19:36:55"
[1] "Var_row_num 3 of 9"
[1] "elapsed: 5.98 minutes as of 2023-05-08 19:42:54"
[1] "elapsed: 0 minutes as of 2023-05-08 19:42:54"
[1] "elapsed: 0 minutes as of 2023-05-08 19:42:54"
[1] "Var_row_num 4 of 9"
[1] "elapsed: 5.97 minutes as of 2023-05-08 19:48:52"
[1] "elapsed: 0 minutes as of 2023-05-08 19:48:52"
[1] "elapsed: 0 minutes as of 2023-05-08 19:48:52"
[1] "Var_row_num 5 of 9"
[1] "elapsed: 5.98 minutes as of 2023-05-08 19:54:51"
[1] "elapsed: 0 minutes as of 2023-05-08 19:54:51"
[1] "elapsed: 0 minutes as of 2023-05-08 19:54:51"
[1] "Var_row_num 6 of 9"
[1] "elapsed: 6.05 minutes as of 2023-05-08 20:00:54"
[1] "elapsed: 0 minutes as of 2023-05-08 20:00:54"
[1] "elapsed: 0 minutes as of 2023-05-08 20:00:54"
[1] "Var_row_num 7 of 9"
[1] "elapsed: 6.07 minutes as of 2023-05-08 20:06:59"
[1] "elapsed: 0 minutes as of 2023-05-08 20:06:59"
[1] "elapsed: 0 minutes as of 2023-05-08 20:06:59"
[1] "Var_row_num 8 of 9"
[1] "elapsed: 6.08 minutes as of 2023-05-08 20:13:04"
[1] "elapsed: 0 minutes as of 2023-05-08 20:13:04"
[1] "elapsed: 0 minutes as of 2023-05-08 20:13:04"
[1] "Var_row_num 9 of 9"
[1] "elapsed: 6.08 minutes as of 2023-05-08 20:19:08"
[1] "elapsed: 0 minutes as of 2023-05-08 20:19:09"
[1] "Done with all variance calculations"
[1] "Estimates and SE estimates computed"
[1] ""
[[1]]
[[1]]$pro.p
[[1]]$pro.p$est
  delta        mu      mu_1      mu_0         de        se_1        se_0
1   0.5 0.4545478 0.2418084 0.6135204 -0.3717120  0.03036705  0.07037442
2   1.0 0.3443132 0.2114414 0.5431460 -0.3317046  0.00000000  0.00000000
3   2.0 0.2620453 0.1833294 0.4983558 -0.3150264 -0.02811202 -0.04479026
           oe         te
1  0.11023452 -0.3013376
2  0.00000000 -0.3317046
3 -0.08226795 -0.3598166

[[1]]$pro.p$se
  delta         mu        mu_1       mu_0         de       se_1       se_0
1   0.5 0.02019270 0.017904305 0.02530938 0.02312228 0.01494221 0.01970930
2   1.0 0.01118612 0.009816143 0.01541920 0.01410003 0.00000000 0.00000000
3   2.0 0.01678074 0.016442300 0.02320332 0.02160763 0.01261851 0.01886736
          oe         te
1 0.01632417 0.01927549
2 0.00000000 0.01410003
3 0.01334147 0.01975695


[[1]]$pro.np
[[1]]$pro.np$est
  delta        mu      mu_1      mu_0         de        se_1        se_0
1   0.5 0.4406768 0.2498528 0.5766676 -0.3268148  0.03095860  0.06380635
2   1.0 0.3404118 0.2188942 0.5128613 -0.2939671  0.00000000  0.00000000
3   2.0 0.2637018 0.1931061 0.4672737 -0.2741676 -0.02578805 -0.04558756
           oe         te
1  0.10026504 -0.2630085
2  0.00000000 -0.2939671
3 -0.07670996 -0.3197551

[[1]]$pro.np$se
  delta         mu        mu_1       mu_0         de       se_1       se_0
1   0.5 0.01920627 0.016131666 0.02363943 0.02026467 0.01318055 0.01739821
2   1.0 0.01142919 0.009986244 0.01518005 0.01323741 0.00000000 0.00000000
3   2.0 0.01616467 0.016329027 0.02155077 0.02109337 0.01203245 0.01702367
          oe         te
1 0.01458890 0.01697873
2 0.00000000 0.01323741
3 0.01234281 0.01902812


[[1]]$ipw.p
[[1]]$ipw.p$est
  delta        mu      mu_1      mu_0         de        se_1        se_0
1   0.5 0.4669658 0.2546863 0.6251478 -0.3704615  0.03803799  0.06695416
2   1.0 0.3540835 0.2166483 0.5581936 -0.3415453  0.00000000  0.00000000
3   2.0 0.2903049 0.2056299 0.5417389 -0.3361090 -0.01101838 -0.01645474
           oe         te
1  0.11288226 -0.3035074
2  0.00000000 -0.3415453
3 -0.06377868 -0.3525637

[[1]]$ipw.p$se
  delta          mu        mu_1       mu_0         de       se_1       se_0
1   0.5 0.041941656 0.021132208 0.06206436 0.05108696 0.01976777 0.05256281
2   1.0 0.009339698 0.008910368 0.01743995 0.01863531 0.00000000 0.00000000
3   2.0 0.019994468 0.020430627 0.02762282 0.02332252 0.01776800 0.03269491
          oe         te
1 0.03810764 0.01950862
2 0.00000000 0.01863531
3 0.02104621 0.02993411


[[1]]$ipw.np
[[1]]$ipw.np$est
  delta        mu      mu_1      mu_0         de        se_1        se_0
1   0.5 0.4623438 0.2622468 0.6068335 -0.3445867  0.03838530  0.06657303
2   1.0 0.3540835 0.2238615 0.5402605 -0.3163989  0.00000000  0.00000000
3   2.0 0.2903645 0.2092969 0.5209741 -0.3116773 -0.01456465 -0.01928632
           oe         te
1  0.10826022 -0.2780136
2  0.00000000 -0.3163989
3 -0.06371909 -0.3309636

[[1]]$ipw.np$se
  delta          mu        mu_1       mu_0         de       se_1       se_0
1   0.5 0.041626345 0.021733373 0.06045972 0.04936463 0.02046172 0.05137627
2   1.0 0.009339698 0.009217625 0.01693584 0.01829369 0.00000000 0.00000000
3   2.0 0.019560312 0.020268020 0.02643455 0.02262305 0.01738159 0.03123449
          oe         te
1 0.03793883 0.01985503
2 0.00000000 0.01829369
3 0.02052028 0.02941496


[[1]]$bar.p
[[1]]$bar.p$est
  delta        mu      mu_1      mu_0 de se_1 se_0 oe te
1   0.5 0.4374532 0.2557492 0.5760202  0    0    0  0  0
2   1.0 0.3554361 0.2255597 0.5376996  0    0    0  0  0
3   2.0 0.2753086 0.1937701 0.5042684  0    0    0  0  0

[[1]]$bar.p$se
  delta          mu        mu_1       mu_0 de se_1 se_0 oe te
1   0.5 0.020696573 0.024355349 0.02305346  0    0    0  0  0
2   1.0 0.008666926 0.009587196 0.01350772  0    0    0  0  0
3   2.0 0.011526250 0.011569402 0.02795222  0    0    0  0  0



[1] "Total run time was 5206.706 seconds"
