WARNING: ignoring environment value of R_HOME

Attaching package: ‘dplyr’

The following objects are masked from ‘package:stats’:

    filter, lag

The following objects are masked from ‘package:base’:

    intersect, setdiff, setequal, union

Loading required package: splines
Loading required package: foreach
Loaded gam 1.20.2

Super Learner
Version: 2.0-28
Package created on 2021-05-04

Loading required package: lattice
Loading required package: ggplot2
Loading required package: Matrix
Loaded glmnet 4.1-7
Loading required package: Formula
Loading required package: plotmo
Loading required package: plotrix
Loading required package: TeachingDemos
Loaded gbm 2.1.8.1

Attaching package: ‘xgboost’

The following object is masked from ‘package:dplyr’:

    slice

[1] "[Simulation setting]"
[1] "m: 500"
[1] "deltas: 0.5, 1, 2"
[1] "alphas: 0.4251, 0.5948, 0.7448"
[1] "Sim.id 1"
[1] "Data generated"
[1] "Proposed & IPW estimators"
[1] "   Split: 1"
[1] "   Split: 2"
[1] "Barkley estimators"
[1] "I. Estimate GLMER model"
[1] "IB. get MCFP vecs"
[1] "II. Estimate CFBI"
[1] "II. solving for alpha_num 1 of 3 ; alpha= 0.425133170705204"
[1] "elapsed: 6.39 minutes as of 2023-05-08 20:28:58"
[1] "II. solving for alpha_num 2 of 3 ; alpha= 0.594849404255532"
[1] "elapsed: 6.32 minutes as of 2023-05-08 20:35:18"
[1] "II. solving for alpha_num 3 of 3 ; alpha= 0.744822889124285"
[1] "elapsed: 7.9 minutes as of 2023-05-08 20:43:12"
[1] "III. Estimate MCFP"
[1] "III. alpha num 1 of 3"
[1] "elapsed: 0.62 minutes as of 2023-05-08 20:43:49"
[1] "III. alpha num 2 of 3"
[1] "elapsed: 1.24 minutes as of 2023-05-08 20:44:26"
[1] "III. alpha num 3 of 3"
[1] "elapsed: 1.86 minutes as of 2023-05-08 20:45:04"
[1] "IV. Target estimates"
[1] "Beginning variance calculations. This may take some time."
[1] "V. Variance estimates"
[1] ":model stuff:"
[1] "elapsed: 1.92 minutes as of 2023-05-08 20:47:04"
[1] ":CFBI EstFun:"
[1] "elapsed: 0 minutes as of 2023-05-08 20:47:04"
[1] ":CFBI alpha_num 1 of 3"
[1] "elapsed: 5.54 minutes as of 2023-05-08 20:52:36"
[1] ":CFBI alpha_num 2 of 3"
[1] "elapsed: 11.1 minutes as of 2023-05-08 20:58:10"
[1] ":CFBI alpha_num 3 of 3"
[1] ":MCFP EstFun:"
[1] "elapsed: 16.68 minutes as of 2023-05-08 21:03:44"
[1] ":MCFP alpha_num 1 of 3"
[1] "elapsed: 21.07 minutes as of 2023-05-08 21:08:08"
[1] ":MCFP alpha_num 2 of 3"
[1] "elapsed: 25.4 minutes as of 2023-05-08 21:12:28"
[1] ":MCFP alpha_num 3 of 3"
[1] "elapsed: 31.7 minutes as of 2023-05-08 21:16:51"
[1] ":target ests:"
[1] "elapsed: 0 minutes as of 2023-05-08 21:16:51"
[1] "Var_row_num 1 of 9"
[1] "elapsed: 10.63 minutes as of 2023-05-08 21:27:28"
[1] "elapsed: 0 minutes as of 2023-05-08 21:27:29"
[1] "elapsed: 0 minutes as of 2023-05-08 21:27:29"
[1] "Var_row_num 2 of 9"
[1] "elapsed: 10.66 minutes as of 2023-05-08 21:38:08"
[1] "elapsed: 0 minutes as of 2023-05-08 21:38:08"
[1] "elapsed: 0 minutes as of 2023-05-08 21:38:08"
[1] "Var_row_num 3 of 9"
[1] "elapsed: 10.61 minutes as of 2023-05-08 21:48:45"
[1] "elapsed: 0 minutes as of 2023-05-08 21:48:45"
[1] "elapsed: 0 minutes as of 2023-05-08 21:48:45"
[1] "Var_row_num 4 of 9"
[1] "elapsed: 10.66 minutes as of 2023-05-08 21:59:25"
[1] "elapsed: 0 minutes as of 2023-05-08 21:59:25"
[1] "elapsed: 0 minutes as of 2023-05-08 21:59:25"
[1] "Var_row_num 5 of 9"
[1] "elapsed: 10.68 minutes as of 2023-05-08 22:10:06"
[1] "elapsed: 0 minutes as of 2023-05-08 22:10:06"
[1] "elapsed: 0 minutes as of 2023-05-08 22:10:06"
[1] "Var_row_num 6 of 9"
[1] "elapsed: 10.7 minutes as of 2023-05-08 22:20:48"
[1] "elapsed: 0 minutes as of 2023-05-08 22:20:48"
[1] "elapsed: 0 minutes as of 2023-05-08 22:20:48"
[1] "Var_row_num 7 of 9"
[1] "elapsed: 10.69 minutes as of 2023-05-08 22:31:29"
[1] "elapsed: 0 minutes as of 2023-05-08 22:31:29"
[1] "elapsed: 0 minutes as of 2023-05-08 22:31:29"
[1] "Var_row_num 8 of 9"
[1] "elapsed: 10.71 minutes as of 2023-05-08 22:42:12"
[1] "elapsed: 0 minutes as of 2023-05-08 22:42:12"
[1] "elapsed: 0 minutes as of 2023-05-08 22:42:12"
[1] "Var_row_num 9 of 9"
[1] "elapsed: 10.67 minutes as of 2023-05-08 22:52:52"
[1] "elapsed: 0 minutes as of 2023-05-08 22:52:53"
[1] "Done with all variance calculations"
[1] "Estimates and SE estimates computed"
[1] ""
[[1]]
[[1]]$pro.p
[[1]]$pro.p$est
  delta        mu      mu_1      mu_0         de        se_1        se_0
1   0.5 0.4709216 0.2495877 0.6365884 -0.3870007  0.03961896  0.07426174
2   1.0 0.3518117 0.2099688 0.5623267 -0.3523579  0.00000000  0.00000000
3   2.0 0.2715534 0.1851885 0.5283723 -0.3431839 -0.02478033 -0.03395436
           oe         te
1  0.11910987 -0.3127389
2  0.00000000 -0.3523579
3 -0.08025831 -0.3771382

[[1]]$pro.p$se
  delta         mu        mu_1       mu_0         de       se_1       se_0
1   0.5 0.01871334 0.016958341 0.02408231 0.02395654 0.01357502 0.01959054
2   1.0 0.01125935 0.009685215 0.01530495 0.01367631 0.00000000 0.00000000
3   2.0 0.01601524 0.014820744 0.02481583 0.02241712 0.01113657 0.01920443
          oe         te
1 0.01466584 0.01883146
2 0.00000000 0.01367631
3 0.01241271 0.01871033


[[1]]$pro.np
[[1]]$pro.np$est
  delta        mu      mu_1      mu_0         de        se_1        se_0
1   0.5 0.4568468 0.2520431 0.6057233 -0.3536802  0.03383735  0.06723202
2   1.0 0.3514532 0.2182058 0.5384913 -0.3202856  0.00000000  0.00000000
3   2.0 0.2800388 0.1967985 0.5081685 -0.3113700 -0.02140723 -0.03032284
           oe         te
1  0.10539360 -0.2864482
2  0.00000000 -0.3202856
3 -0.07141446 -0.3416928

[[1]]$pro.np$se
  delta         mu       mu_1       mu_0         de       se_1       se_0
1   0.5 0.01864717 0.01708367 0.02388757 0.02351010 0.01343003 0.01963247
2   1.0 0.01156241 0.01005513 0.01489652 0.01275218 0.00000000 0.00000000
3   2.0 0.01726836 0.01616488 0.02434824 0.02136062 0.01195493 0.01840310
          oe         te
1 0.01451440 0.01809949
2 0.00000000 0.01275218
3 0.01300966 0.01864433


[[1]]$ipw.p
[[1]]$ipw.p$est
  delta        mu      mu_1      mu_0         de        se_1        se_0
1   0.5 0.4658170 0.2559975 0.6243932 -0.3683957  0.04373667  0.05556180
2   1.0 0.3550003 0.2122608 0.5688314 -0.3565706  0.00000000  0.00000000
3   2.0 0.2798106 0.1934870 0.5360465 -0.3425595 -0.01877380 -0.03278486
           oe         te
1  0.11081675 -0.3128339
2  0.00000000 -0.3565706
3 -0.07518965 -0.3753444

[[1]]$ipw.p$se
  delta          mu        mu_1       mu_0         de       se_1       se_0
1   0.5 0.046057559 0.022386697 0.06925818 0.05759280 0.02080160 0.06004336
2   1.0 0.009244585 0.008704923 0.01710962 0.01805683 0.00000000 0.00000000
3   2.0 0.018704451 0.019665868 0.02635409 0.02508722 0.01757645 0.03090318
          oe         te
1 0.04220932 0.02028823
2 0.00000000 0.01805683
3 0.01988757 0.02901490


[[1]]$ipw.np
[[1]]$ipw.np$est
  delta        mu      mu_1      mu_0         de        se_1        se_0
1   0.5 0.4624142 0.2614736 0.6101397 -0.3486661  0.04422501  0.05684010
2   1.0 0.3550003 0.2172486 0.5532996 -0.3360510  0.00000000  0.00000000
3   2.0 0.2812527 0.1974105 0.5190443 -0.3216338 -0.01983814 -0.03425535
           oe         te
1  0.10741390 -0.2918260
2  0.00000000 -0.3360510
3 -0.07374756 -0.3558891

[[1]]$ipw.np$se
  delta          mu        mu_1       mu_0         de       se_1       se_0
1   0.5 0.045949919 0.022781404 0.06837175 0.05665325 0.02119027 0.05944620
2   1.0 0.009244585 0.008879052 0.01672006 0.01773580 0.00000000 0.00000000
3   2.0 0.019387757 0.020611082 0.02580639 0.02432450 0.01852011 0.03011786
          oe         te
1 0.04220102 0.02052724
2 0.00000000 0.01773580
3 0.02045872 0.02936953


[[1]]$bar.p
[[1]]$bar.p$est
  delta        mu      mu_1      mu_0 de se_1 se_0 oe te
1   0.5 0.4625453 0.2656058 0.6041395  0    0    0  0  0
2   1.0 0.3555364 0.2190362 0.5428803  0    0    0  0  0
3   2.0 0.2697988 0.1861868 0.4629794  0    0    0  0  0

[[1]]$bar.p$se
  delta          mu        mu_1       mu_0 de se_1 se_0 oe te
1   0.5 0.025915675 0.024740839 0.02771576  0    0    0  0  0
2   1.0 0.008459309 0.009100059 0.01302226  0    0    0  0  0
3   2.0 0.010727291 0.010954323 0.02470379  0    0    0  0  0



[1] "Total run time was 9341.797 seconds"
