WARNING: ignoring environment value of R_HOME

Attaching package: ‘dplyr’

The following objects are masked from ‘package:stats’:

    filter, lag

The following objects are masked from ‘package:base’:

    intersect, setdiff, setequal, union

Loading required package: splines
Loading required package: foreach
Loaded gam 1.20.2

Super Learner
Version: 2.0-28
Package created on 2021-05-04

Loading required package: lattice
Loading required package: ggplot2
Loading required package: Matrix
Loaded glmnet 4.1-7
Loading required package: Formula
Loading required package: plotmo
Loading required package: plotrix
Loading required package: TeachingDemos
Loaded gbm 2.1.8.1

Attaching package: ‘xgboost’

The following object is masked from ‘package:dplyr’:

    slice

[1] "[Simulation setting]"
[1] "m: 500"
[1] "deltas: 0.5, 1, 2"
[1] "alphas: 0.4251, 0.5948, 0.7448"
[1] "Sim.id 1"
[1] "Data generated"
[1] "Proposed & IPW estimators"
[1] "   Split: 1"
[1] "   Split: 2"
[1] "Barkley estimators"
[1] "I. Estimate GLMER model"
[1] "IB. get MCFP vecs"
[1] "II. Estimate CFBI"
[1] "II. solving for alpha_num 1 of 3 ; alpha= 0.425133170705204"
[1] "elapsed: 5.36 minutes as of 2023-05-08 20:44:37"
[1] "II. solving for alpha_num 2 of 3 ; alpha= 0.594849404255532"
[1] "elapsed: 5.95 minutes as of 2023-05-08 20:50:34"
[1] "II. solving for alpha_num 3 of 3 ; alpha= 0.744822889124285"
[1] "elapsed: 4.95 minutes as of 2023-05-08 20:55:30"
[1] "III. Estimate MCFP"
[1] "III. alpha num 1 of 3"
[1] "elapsed: 0.32 minutes as of 2023-05-08 20:55:49"
[1] "III. alpha num 2 of 3"
[1] "elapsed: 0.63 minutes as of 2023-05-08 20:56:08"
[1] "III. alpha num 3 of 3"
[1] "elapsed: 0.95 minutes as of 2023-05-08 20:56:27"
[1] "IV. Target estimates"
[1] "Beginning variance calculations. This may take some time."
[1] "V. Variance estimates"
[1] ":model stuff:"
[1] "elapsed: 0.96 minutes as of 2023-05-08 20:57:27"
[1] ":CFBI EstFun:"
[1] "elapsed: 0 minutes as of 2023-05-08 20:57:27"
[1] ":CFBI alpha_num 1 of 3"
[1] "elapsed: 2.76 minutes as of 2023-05-08 21:00:13"
[1] ":CFBI alpha_num 2 of 3"
[1] "elapsed: 5.53 minutes as of 2023-05-08 21:02:59"
[1] ":CFBI alpha_num 3 of 3"
[1] ":MCFP EstFun:"
[1] "elapsed: 8.29 minutes as of 2023-05-08 21:05:45"
[1] ":MCFP alpha_num 1 of 3"
[1] "elapsed: 10.53 minutes as of 2023-05-08 21:07:59"
[1] ":MCFP alpha_num 2 of 3"
[1] "elapsed: 12.76 minutes as of 2023-05-08 21:10:13"
[1] ":MCFP alpha_num 3 of 3"
[1] "elapsed: 15.96 minutes as of 2023-05-08 21:12:28"
[1] ":target ests:"
[1] "elapsed: 0 minutes as of 2023-05-08 21:12:28"
[1] "Var_row_num 1 of 9"
[1] "elapsed: 6.16 minutes as of 2023-05-08 21:18:37"
[1] "elapsed: 0 minutes as of 2023-05-08 21:18:37"
[1] "elapsed: 0 minutes as of 2023-05-08 21:18:37"
[1] "Var_row_num 2 of 9"
[1] "elapsed: 6.11 minutes as of 2023-05-08 21:24:44"
[1] "elapsed: 0 minutes as of 2023-05-08 21:24:44"
[1] "elapsed: 0 minutes as of 2023-05-08 21:24:44"
[1] "Var_row_num 3 of 9"
[1] "elapsed: 6.19 minutes as of 2023-05-08 21:30:55"
[1] "elapsed: 0 minutes as of 2023-05-08 21:30:55"
[1] "elapsed: 0 minutes as of 2023-05-08 21:30:55"
[1] "Var_row_num 4 of 9"
[1] "elapsed: 6.22 minutes as of 2023-05-08 21:37:09"
[1] "elapsed: 0 minutes as of 2023-05-08 21:37:09"
[1] "elapsed: 0 minutes as of 2023-05-08 21:37:09"
[1] "Var_row_num 5 of 9"
[1] "elapsed: 6.12 minutes as of 2023-05-08 21:43:16"
[1] "elapsed: 0 minutes as of 2023-05-08 21:43:16"
[1] "elapsed: 0 minutes as of 2023-05-08 21:43:16"
[1] "Var_row_num 6 of 9"
[1] "elapsed: 5.97 minutes as of 2023-05-08 21:49:14"
[1] "elapsed: 0 minutes as of 2023-05-08 21:49:14"
[1] "elapsed: 0 minutes as of 2023-05-08 21:49:14"
[1] "Var_row_num 7 of 9"
[1] "elapsed: 5.94 minutes as of 2023-05-08 21:55:11"
[1] "elapsed: 0 minutes as of 2023-05-08 21:55:11"
[1] "elapsed: 0 minutes as of 2023-05-08 21:55:11"
[1] "Var_row_num 8 of 9"
[1] "elapsed: 5.92 minutes as of 2023-05-08 22:01:06"
[1] "elapsed: 0 minutes as of 2023-05-08 22:01:06"
[1] "elapsed: 0 minutes as of 2023-05-08 22:01:06"
[1] "Var_row_num 9 of 9"
[1] "elapsed: 5.96 minutes as of 2023-05-08 22:07:04"
[1] "elapsed: 0 minutes as of 2023-05-08 22:07:04"
[1] "Done with all variance calculations"
[1] "Estimates and SE estimates computed"
[1] ""
[[1]]
[[1]]$pro.p
[[1]]$pro.p$est
  delta        mu      mu_1      mu_0         de         se_1        se_0
1   0.5 0.4336924 0.2388234 0.5803138 -0.3414904  0.009591166  0.01905457
2   1.0 0.3621471 0.2292323 0.5612593 -0.3320270  0.000000000  0.00000000
3   2.0 0.2976355 0.2145684 0.5407453 -0.3261769 -0.014663923 -0.02051398
           oe         te
1  0.07154529 -0.3224358
2  0.00000000 -0.3320270
3 -0.06451167 -0.3466909

[[1]]$pro.p$se
  delta         mu       mu_1       mu_0         de       se_1       se_0
1   0.5 0.01454620 0.01340566 0.01936018 0.02025781 0.01117038 0.01662963
2   1.0 0.01159714 0.01064935 0.01551806 0.01428528 0.00000000 0.00000000
3   2.0 0.02109101 0.02100446 0.02595693 0.02401657 0.01595488 0.01901598
          oe         te
1 0.01203951 0.01696108
2 0.00000000 0.01428528
3 0.01620178 0.02256244


[[1]]$pro.np
[[1]]$pro.np$est
  delta        mu      mu_1      mu_0         de         se_1         se_0
1   0.5 0.4336871 0.2484302 0.5682094 -0.3197791  0.008880989  0.021087209
2   1.0 0.3653713 0.2395493 0.5471222 -0.3075729  0.000000000  0.000000000
3   2.0 0.3112838 0.2287353 0.5454159 -0.3166806 -0.010813927 -0.001706293
           oe         te
1  0.06831583 -0.2986919
2  0.00000000 -0.3075729
3 -0.05408750 -0.3183868

[[1]]$pro.np$se
  delta         mu       mu_1       mu_0         de       se_1       se_0
1   0.5 0.01645148 0.01346530 0.02302820 0.02373300 0.01105919 0.02003243
2   1.0 0.01172420 0.01095077 0.01469139 0.01282051 0.00000000 0.00000000
3   2.0 0.02239369 0.02301801 0.02396426 0.02349446 0.01805665 0.01761267
          oe         te
1 0.01384124 0.01624192
2 0.00000000 0.01282051
3 0.01755007 0.02345239


[[1]]$ipw.p
[[1]]$ipw.p$est
  delta        mu      mu_1      mu_0         de        se_1        se_0
1   0.5 0.4765778 0.2547024 0.6412794 -0.3865770  0.03071001  0.09190893
2   1.0 0.3543877 0.2239924 0.5493704 -0.3253781  0.00000000  0.00000000
3   2.0 0.2897150 0.2122373 0.5209650 -0.3087277 -0.01175509 -0.02840546
           oe         te
1  0.12219015 -0.2946680
2  0.00000000 -0.3253781
3 -0.06467264 -0.3371331

[[1]]$ipw.p$se
  delta          mu        mu_1       mu_0         de       se_1       se_0
1   0.5 0.050372800 0.019599532 0.07802284 0.06871786 0.01900789 0.07047619
2   1.0 0.009075357 0.009309195 0.01676304 0.01857563 0.00000000 0.00000000
3   2.0 0.019808494 0.021115890 0.02725990 0.02630336 0.01774877 0.03078989
          oe         te
1 0.04753995 0.01898944
2 0.00000000 0.01857563
3 0.02018215 0.03012787


[[1]]$ipw.np
[[1]]$ipw.np$est
  delta        mu      mu_1      mu_0         de        se_1        se_0
1   0.5 0.4747737 0.2585788 0.6335546 -0.3749758  0.02977314  0.09554738
2   1.0 0.3543877 0.2288057 0.5380072 -0.3092016  0.00000000  0.00000000
3   2.0 0.2942240 0.2192570 0.5109731 -0.2917161 -0.00954867 -0.02703410
           oe         te
1  0.12038607 -0.2794284
2  0.00000000 -0.3092016
3 -0.06016363 -0.3187502

[[1]]$ipw.np$se
  delta          mu       mu_1       mu_0         de       se_1       se_0
1   0.5 0.050537103 0.01977280 0.07844983 0.06966946 0.01923218 0.07100379
2   1.0 0.009075357 0.00953399 0.01652255 0.01850265 0.00000000 0.00000000
3   2.0 0.020799494 0.02248692 0.02698624 0.02606848 0.01894350 0.03042791
          oe         te
1 0.04777272 0.01915062
2 0.00000000 0.01850265
3 0.02100608 0.03098504


[[1]]$bar.p
[[1]]$bar.p$est
  delta        mu      mu_1      mu_0 de se_1 se_0 oe te
1   0.5 0.4447502 0.2387081 0.5805033  0    0    0  0  0
2   1.0 0.3575967 0.2287451 0.5324602  0    0    0  0  0
3   2.0 0.2786549 0.2029441 0.4582569  0    0    0  0  0

[[1]]$bar.p$se
  delta          mu        mu_1       mu_0 de se_1 se_0 oe te
1   0.5 0.024235385 0.016017858 0.02522135  0    0    0  0  0
2   1.0 0.008621522 0.009312212 0.01361583  0    0    0  0  0
3   2.0 0.012484888 0.012410044 0.02856777  0    0    0  0  0



[1] "Total run time was 5584.833 seconds"
