WARNING: ignoring environment value of R_HOME

Attaching package: ‘dplyr’

The following objects are masked from ‘package:stats’:

    filter, lag

The following objects are masked from ‘package:base’:

    intersect, setdiff, setequal, union

Loading required package: splines
Loading required package: foreach
Loaded gam 1.20.2

Super Learner
Version: 2.0-28
Package created on 2021-05-04

Loading required package: lattice
Loading required package: ggplot2
Loading required package: Matrix
Loaded glmnet 4.1-7
Loading required package: Formula
Loading required package: plotmo
Loading required package: plotrix
Loading required package: TeachingDemos
Loaded gbm 2.1.8.1

Attaching package: ‘xgboost’

The following object is masked from ‘package:dplyr’:

    slice

[1] "[Simulation setting]"
[1] "m: 500"
[1] "deltas: 0.5, 1, 2"
[1] "alphas: 0.4251, 0.5948, 0.7448"
[1] "Sim.id 1"
[1] "Data generated"
[1] "Proposed & IPW estimators"
[1] "   Split: 1"
[1] "   Split: 2"
[1] "Barkley estimators"
[1] "I. Estimate GLMER model"
[1] "IB. get MCFP vecs"
[1] "II. Estimate CFBI"
[1] "II. solving for alpha_num 1 of 3 ; alpha= 0.425133170705204"
[1] "elapsed: 3.18 minutes as of 2023-05-08 21:24:53"
[1] "II. solving for alpha_num 2 of 3 ; alpha= 0.594849404255532"
[1] "elapsed: 3.17 minutes as of 2023-05-08 21:28:04"
[1] "II. solving for alpha_num 3 of 3 ; alpha= 0.744822889124285"
[1] "elapsed: 3.95 minutes as of 2023-05-08 21:32:01"
[1] "III. Estimate MCFP"
[1] "III. alpha num 1 of 3"
[1] "elapsed: 0.34 minutes as of 2023-05-08 21:32:21"
[1] "III. alpha num 2 of 3"
[1] "elapsed: 0.69 minutes as of 2023-05-08 21:32:42"
[1] "III. alpha num 3 of 3"
[1] "elapsed: 1.03 minutes as of 2023-05-08 21:33:02"
[1] "IV. Target estimates"
[1] "Beginning variance calculations. This may take some time."
[1] "V. Variance estimates"
[1] ":model stuff:"
[1] "elapsed: 1.01 minutes as of 2023-05-08 21:34:06"
[1] ":CFBI EstFun:"
[1] "elapsed: 0 minutes as of 2023-05-08 21:34:06"
[1] ":CFBI alpha_num 1 of 3"
[1] "elapsed: 2.84 minutes as of 2023-05-08 21:36:56"
[1] ":CFBI alpha_num 2 of 3"
[1] "elapsed: 5.78 minutes as of 2023-05-08 21:39:53"
[1] ":CFBI alpha_num 3 of 3"
[1] ":MCFP EstFun:"
[1] "elapsed: 11.45 minutes as of 2023-05-08 21:45:32"
[1] ":MCFP alpha_num 1 of 3"
[1] "elapsed: 16.34 minutes as of 2023-05-08 21:50:26"
[1] ":MCFP alpha_num 2 of 3"
[1] "elapsed: 21.24 minutes as of 2023-05-08 21:55:20"
[1] ":MCFP alpha_num 3 of 3"
[1] "elapsed: 27.15 minutes as of 2023-05-08 22:00:14"
[1] ":target ests:"
[1] "elapsed: 0 minutes as of 2023-05-08 22:00:14"
[1] "Var_row_num 1 of 9"
[1] "elapsed: 11.46 minutes as of 2023-05-08 22:11:42"
[1] "elapsed: 0 minutes as of 2023-05-08 22:11:42"
[1] "elapsed: 0 minutes as of 2023-05-08 22:11:42"
[1] "Var_row_num 2 of 9"
[1] "elapsed: 11.48 minutes as of 2023-05-08 22:23:11"
[1] "elapsed: 0 minutes as of 2023-05-08 22:23:11"
[1] "elapsed: 0 minutes as of 2023-05-08 22:23:11"
[1] "Var_row_num 3 of 9"
[1] "elapsed: 11.47 minutes as of 2023-05-08 22:34:39"
[1] "elapsed: 0 minutes as of 2023-05-08 22:34:39"
[1] "elapsed: 0 minutes as of 2023-05-08 22:34:39"
[1] "Var_row_num 4 of 9"
[1] "elapsed: 11.37 minutes as of 2023-05-08 22:46:01"
[1] "elapsed: 0 minutes as of 2023-05-08 22:46:01"
[1] "elapsed: 0 minutes as of 2023-05-08 22:46:01"
[1] "Var_row_num 5 of 9"
[1] "elapsed: 11.09 minutes as of 2023-05-08 22:57:07"
[1] "elapsed: 0 minutes as of 2023-05-08 22:57:07"
[1] "elapsed: 0 minutes as of 2023-05-08 22:57:07"
[1] "Var_row_num 6 of 9"
[1] "elapsed: 11.05 minutes as of 2023-05-08 23:08:10"
[1] "elapsed: 0 minutes as of 2023-05-08 23:08:10"
[1] "elapsed: 0 minutes as of 2023-05-08 23:08:10"
[1] "Var_row_num 7 of 9"
[1] "elapsed: 11.04 minutes as of 2023-05-08 23:19:12"
[1] "elapsed: 0 minutes as of 2023-05-08 23:19:12"
[1] "elapsed: 0 minutes as of 2023-05-08 23:19:12"
[1] "Var_row_num 8 of 9"
[1] "elapsed: 11 minutes as of 2023-05-08 23:30:12"
[1] "elapsed: 0 minutes as of 2023-05-08 23:30:13"
[1] "elapsed: 0 minutes as of 2023-05-08 23:30:13"
[1] "Var_row_num 9 of 9"
[1] "elapsed: 11.01 minutes as of 2023-05-08 23:41:13"
[1] "elapsed: 0 minutes as of 2023-05-08 23:41:13"
[1] "Done with all variance calculations"
[1] "Estimates and SE estimates computed"
[1] ""
[[1]]
[[1]]$pro.p
[[1]]$pro.p$est
  delta        mu      mu_1      mu_0         de        se_1        se_0
1   0.5 0.4449130 0.2393285 0.5943343 -0.3550058  0.01420770  0.02614970
2   1.0 0.3657949 0.2251208 0.5681846 -0.3430638  0.00000000  0.00000000
3   2.0 0.2861113 0.1980925 0.5425861 -0.3444936 -0.02702825 -0.02559846
           oe         te
1  0.07911810 -0.3288561
2  0.00000000 -0.3430638
3 -0.07968363 -0.3700920

[[1]]$pro.p$se
  delta         mu       mu_1       mu_0         de       se_1       se_0
1   0.5 0.01787356 0.01440565 0.02394866 0.02306244 0.01145935 0.01975501
2   1.0 0.01103708 0.01035880 0.01458423 0.01351794 0.00000000 0.00000000
3   2.0 0.02013957 0.02043750 0.02363525 0.02152513 0.01609182 0.01826144
          oe         te
1 0.01481743 0.01657711
2 0.00000000 0.01351794
3 0.01612981 0.02231565


[[1]]$pro.np
[[1]]$pro.np$est
  delta        mu      mu_1      mu_0         de        se_1        se_0
1   0.5 0.4376683 0.2551171 0.5642644 -0.3091472  0.02152635  0.01432896
2   1.0 0.3673114 0.2335908 0.5499354 -0.3163446  0.00000000  0.00000000
3   2.0 0.2822609 0.1905970 0.5327877 -0.3421906 -0.04299376 -0.01714774
           oe         te
1  0.07035695 -0.2948183
2  0.00000000 -0.3163446
3 -0.08505052 -0.3593384

[[1]]$pro.np$se
  delta         mu       mu_1       mu_0         de       se_1       se_0
1   0.5 0.01605532 0.01369134 0.02076254 0.01998871 0.01053056 0.01693623
2   1.0 0.01116440 0.01057638 0.01405854 0.01244150 0.00000000 0.00000000
3   2.0 0.02154865 0.02292743 0.02218116 0.02250361 0.01867031 0.01698913
          oe         te
1 0.01297121 0.01499244
2 0.00000000 0.01244150
3 0.01747728 0.02404457


[[1]]$ipw.p
[[1]]$ipw.p$est
  delta        mu      mu_1      mu_0         de         se_1        se_0
1   0.5 0.4452279 0.2398334 0.5919519 -0.3521185  0.010903503  0.01645226
2   1.0 0.3722958 0.2289299 0.5754997 -0.3465698  0.000000000  0.00000000
3   2.0 0.3115491 0.2244138 0.5587574 -0.3343436 -0.004516063 -0.01674228
           oe         te
1  0.07293207 -0.3356663
2  0.00000000 -0.3465698
3 -0.06074678 -0.3510859

[[1]]$ipw.p$se
  delta          mu        mu_1       mu_0         de       se_1       se_0
1   0.5 0.043775016 0.018928039 0.06610222 0.05678293 0.01811440 0.05895057
2   1.0 0.008846648 0.009285045 0.01561085 0.01751595 0.00000000 0.00000000
3   2.0 0.021984437 0.024270658 0.02561712 0.02513670 0.02151229 0.02987804
          oe         te
1 0.04113408 0.01856261
2 0.00000000 0.01751595
3 0.02247338 0.03201951


[[1]]$ipw.np
[[1]]$ipw.np$est
  delta        mu      mu_1      mu_0         de         se_1        se_0
1   0.5 0.4460945 0.2477676 0.5830288 -0.3352612  0.013689296  0.02109918
2   1.0 0.3722958 0.2340783 0.5619297 -0.3278513  0.000000000  0.00000000
3   2.0 0.3131450 0.2298853 0.5410921 -0.3112068 -0.004193036 -0.02083754
           oe         te
1  0.07379870 -0.3141620
2  0.00000000 -0.3278513
3 -0.05915089 -0.3320444

[[1]]$ipw.np$se
  delta          mu        mu_1       mu_0         de       se_1       se_0
1   0.5 0.044765144 0.019610859 0.06676967 0.05711092 0.01877444 0.05984041
2   1.0 0.008846648 0.009473949 0.01534875 0.01734300 0.00000000 0.00000000
3   2.0 0.022048947 0.024922824 0.02461494 0.02540484 0.02214963 0.02878807
          oe         te
1 0.04217356 0.01898603
2 0.00000000 0.01734300
3 0.02254622 0.03242405


[[1]]$bar.p
[[1]]$bar.p$est
  delta        mu      mu_1      mu_0 de se_1 se_0 oe te
1   0.5 0.4503133 0.2441471 0.5940195  0    0    0  0  0
2   1.0 0.3684902 0.2298633 0.5662717  0    0    0  0  0
3   2.0 0.3051377 0.2178926 0.5191312  0    0    0  0  0

[[1]]$bar.p$se
  delta          mu        mu_1       mu_0 de se_1 se_0 oe te
1   0.5 0.023946568 0.020611004 0.02656563  0    0    0  0  0
2   1.0 0.008456293 0.009148211 0.01313901  0    0    0  0  0
3   2.0 0.014343708 0.014317452 0.03063812  0    0    0  0  0



[1] "Total run time was 8573.173 seconds"
