WARNING: ignoring environment value of R_HOME

Attaching package: ‘dplyr’

The following objects are masked from ‘package:stats’:

    filter, lag

The following objects are masked from ‘package:base’:

    intersect, setdiff, setequal, union

Loading required package: splines
Loading required package: foreach
Loaded gam 1.20.2

Super Learner
Version: 2.0-28
Package created on 2021-05-04

Loading required package: lattice
Loading required package: ggplot2
Loading required package: Matrix
Loaded glmnet 4.1-7
Loading required package: Formula
Loading required package: plotmo
Loading required package: plotrix
Loading required package: TeachingDemos
Loaded gbm 2.1.8.1

Attaching package: ‘xgboost’

The following object is masked from ‘package:dplyr’:

    slice

[1] "[Simulation setting]"
[1] "m: 500"
[1] "deltas: 0.5, 1, 2"
[1] "alphas: 0.4251, 0.5948, 0.7448"
[1] "Sim.id 1"
[1] "Data generated"
[1] "Proposed & IPW estimators"
[1] "   Split: 1"
[1] "   Split: 2"
[1] "Barkley estimators"
[1] "I. Estimate GLMER model"
[1] "IB. get MCFP vecs"
[1] "II. Estimate CFBI"
[1] "II. solving for alpha_num 1 of 3 ; alpha= 0.425133170705204"
[1] "elapsed: 5.87 minutes as of 2023-05-08 21:24:10"
[1] "II. solving for alpha_num 2 of 3 ; alpha= 0.594849404255532"
[1] "elapsed: 5.82 minutes as of 2023-05-08 21:29:59"
[1] "II. solving for alpha_num 3 of 3 ; alpha= 0.744822889124285"
[1] "elapsed: 7.32 minutes as of 2023-05-08 21:37:18"
[1] "III. Estimate MCFP"
[1] "III. alpha num 1 of 3"
[1] "elapsed: 0.6 minutes as of 2023-05-08 21:37:55"
[1] "III. alpha num 2 of 3"
[1] "elapsed: 1.22 minutes as of 2023-05-08 21:38:31"
[1] "III. alpha num 3 of 3"
[1] "elapsed: 1.81 minutes as of 2023-05-08 21:39:07"
[1] "IV. Target estimates"
[1] "Beginning variance calculations. This may take some time."
[1] "V. Variance estimates"
[1] ":model stuff:"
[1] "elapsed: 1.78 minutes as of 2023-05-08 21:40:58"
[1] ":CFBI EstFun:"
[1] "elapsed: 0 minutes as of 2023-05-08 21:40:58"
[1] ":CFBI alpha_num 1 of 3"
[1] "elapsed: 5.02 minutes as of 2023-05-08 21:45:59"
[1] ":CFBI alpha_num 2 of 3"
[1] "elapsed: 10.02 minutes as of 2023-05-08 21:50:59"
[1] ":CFBI alpha_num 3 of 3"
[1] ":MCFP EstFun:"
[1] "elapsed: 15.06 minutes as of 2023-05-08 21:56:02"
[1] ":MCFP alpha_num 1 of 3"
[1] "elapsed: 19.25 minutes as of 2023-05-08 22:00:13"
[1] ":MCFP alpha_num 2 of 3"
[1] "elapsed: 23.48 minutes as of 2023-05-08 22:04:27"
[1] ":MCFP alpha_num 3 of 3"
[1] "elapsed: 29.43 minutes as of 2023-05-08 22:08:37"
[1] ":target ests:"
[1] "elapsed: 0 minutes as of 2023-05-08 22:08:37"
[1] "Var_row_num 1 of 9"
[1] "elapsed: 10.51 minutes as of 2023-05-08 22:19:08"
[1] "elapsed: 0 minutes as of 2023-05-08 22:19:08"
[1] "elapsed: 0 minutes as of 2023-05-08 22:19:08"
[1] "Var_row_num 2 of 9"
[1] "elapsed: 10.6 minutes as of 2023-05-08 22:29:44"
[1] "elapsed: 0 minutes as of 2023-05-08 22:29:44"
[1] "elapsed: 0 minutes as of 2023-05-08 22:29:44"
[1] "Var_row_num 3 of 9"
[1] "elapsed: 10.62 minutes as of 2023-05-08 22:40:21"
[1] "elapsed: 0 minutes as of 2023-05-08 22:40:21"
[1] "elapsed: 0 minutes as of 2023-05-08 22:40:21"
[1] "Var_row_num 4 of 9"
[1] "elapsed: 10.62 minutes as of 2023-05-08 22:50:58"
[1] "elapsed: 0 minutes as of 2023-05-08 22:50:58"
[1] "elapsed: 0 minutes as of 2023-05-08 22:50:58"
[1] "Var_row_num 5 of 9"
[1] "elapsed: 10.59 minutes as of 2023-05-08 23:01:33"
[1] "elapsed: 0 minutes as of 2023-05-08 23:01:33"
[1] "elapsed: 0 minutes as of 2023-05-08 23:01:33"
[1] "Var_row_num 6 of 9"
[1] "elapsed: 10.6 minutes as of 2023-05-08 23:12:09"
[1] "elapsed: 0 minutes as of 2023-05-08 23:12:09"
[1] "elapsed: 0 minutes as of 2023-05-08 23:12:09"
[1] "Var_row_num 7 of 9"
[1] "elapsed: 10.59 minutes as of 2023-05-08 23:22:44"
[1] "elapsed: 0 minutes as of 2023-05-08 23:22:45"
[1] "elapsed: 0 minutes as of 2023-05-08 23:22:45"
[1] "Var_row_num 8 of 9"
[1] "elapsed: 11.19 minutes as of 2023-05-08 23:33:56"
[1] "elapsed: 0 minutes as of 2023-05-08 23:33:56"
[1] "elapsed: 0 minutes as of 2023-05-08 23:33:56"
[1] "Var_row_num 9 of 9"
[1] "elapsed: 11.32 minutes as of 2023-05-08 23:45:15"
[1] "elapsed: 0 minutes as of 2023-05-08 23:45:15"
[1] "Done with all variance calculations"
[1] "Estimates and SE estimates computed"
[1] ""
[[1]]
[[1]]$pro.p
[[1]]$pro.p$est
  delta        mu      mu_1      mu_0         de        se_1        se_0
1   0.5 0.4402435 0.2623559 0.5696638 -0.3073079  0.03129957  0.00219663
2   1.0 0.3689653 0.2310563 0.5674671 -0.3364108  0.00000000  0.00000000
3   2.0 0.2974539 0.2062920 0.5561098 -0.3498178 -0.02476435 -0.01135738
           oe         te
1  0.07127815 -0.3051112
2  0.00000000 -0.3364108
3 -0.07151140 -0.3611751

[[1]]$pro.p$se
  delta         mu       mu_1       mu_0         de       se_1       se_0
1   0.5 0.01714587 0.01591588 0.02272523 0.02302381 0.01243837 0.01816158
2   1.0 0.01133507 0.01022435 0.01483386 0.01311108 0.00000000 0.00000000
3   2.0 0.01988531 0.01947742 0.02436521 0.02052851 0.01560140 0.01903695
          oe         te
1 0.01375013 0.01741203
2 0.00000000 0.01311108
3 0.01582513 0.02138707


[[1]]$pro.np
[[1]]$pro.np$est
  delta        mu      mu_1      mu_0         de        se_1         se_0
1   0.5 0.4321717 0.2687234 0.5475401 -0.2788168  0.02778604  0.001622488
2   1.0 0.3679608 0.2409373 0.5459176 -0.3049803  0.00000000  0.000000000
3   2.0 0.2900390 0.2058767 0.5237265 -0.3178499 -0.03506069 -0.022191102
           oe         te
1  0.06421085 -0.2771943
2  0.00000000 -0.3049803
3 -0.07792185 -0.3400410

[[1]]$pro.np$se
  delta         mu       mu_1       mu_0         de       se_1       se_0
1   0.5 0.01600801 0.01450448 0.02063445 0.02028060 0.01080639 0.01578516
2   1.0 0.01147989 0.01043475 0.01453362 0.01204427 0.00000000 0.00000000
3   2.0 0.01977403 0.01946753 0.02401193 0.02048087 0.01535402 0.01828281
          oe         te
1 0.01212267 0.01542236
2 0.00000000 0.01204427
3 0.01528300 0.02056367


[[1]]$ipw.p
[[1]]$ipw.p$est
  delta        mu      mu_1      mu_0         de         se_1         se_0
1   0.5 0.4604925 0.2678509 0.6030086 -0.3351577  0.041980197  0.042867581
2   1.0 0.3620873 0.2258707 0.5601410 -0.3342703  0.000000000  0.000000000
3   2.0 0.3049735 0.2185669 0.5526366 -0.3340698 -0.007303821 -0.007504371
           oe         te
1  0.09840528 -0.2922901
2  0.00000000 -0.3342703
3 -0.05711373 -0.3415741

[[1]]$ipw.p$se
  delta          mu        mu_1       mu_0         de       se_1       se_0
1   0.5 0.042494103 0.021885185 0.06196162 0.04936926 0.02072866 0.05528946
2   1.0 0.009240849 0.009026277 0.01596119 0.01683766 0.00000000 0.00000000
3   2.0 0.020838625 0.020773835 0.02820924 0.02237530 0.01813123 0.03202350
          oe         te
1 0.03967894 0.01954839
2 0.00000000 0.01683766
3 0.02143387 0.02913894


[[1]]$ipw.np
[[1]]$ipw.np$est
  delta        mu      mu_1      mu_0         de         se_1         se_0
1   0.5 0.4533049 0.2715314 0.5831527 -0.3116213  0.040448934  0.036681743
2   1.0 0.3620873 0.2310825 0.5464710 -0.3153885  0.000000000  0.000000000
3   2.0 0.3071567 0.2230050 0.5390902 -0.3160853 -0.008077555 -0.007380753
           oe         te
1  0.09121760 -0.2749396
2  0.00000000 -0.3153885
3 -0.05493058 -0.3234660

[[1]]$ipw.np$se
  delta          mu        mu_1       mu_0         de       se_1       se_0
1   0.5 0.040837619 0.021512016 0.05837749 0.04649577 0.02033192 0.05179999
2   1.0 0.009240849 0.009224167 0.01567909 0.01662319 0.00000000 0.00000000
3   2.0 0.020859915 0.020959289 0.02746312 0.02173743 0.01822610 0.03113991
          oe         te
1 0.03803317 0.01903705
2 0.00000000 0.01662319
3 0.02139639 0.02905485


[[1]]$bar.p
[[1]]$bar.p$est
  delta        mu      mu_1      mu_0 de se_1 se_0 oe te
1   0.5 0.4255961 0.2658984 0.5557060  0    0    0  0  0
2   1.0 0.3611363 0.2337700 0.5452740  0    0    0  0  0
3   2.0 0.2784193 0.1970171 0.4789189  0    0    0  0  0

[[1]]$bar.p$se
  delta         mu        mu_1       mu_0 de se_1 se_0 oe te
1   0.5 0.01874871 0.024195667 0.01947726  0    0    0  0  0
2   1.0 0.00865819 0.009535151 0.01334208  0    0    0  0  0
3   2.0 0.01219893 0.011275634 0.02842167  0    0    0  0  0



[1] "Total run time was 9126.238 seconds"
