WARNING: ignoring environment value of R_HOME

Attaching package: ‘dplyr’

The following objects are masked from ‘package:stats’:

    filter, lag

The following objects are masked from ‘package:base’:

    intersect, setdiff, setequal, union

Loading required package: splines
Loading required package: foreach
Loaded gam 1.20.2

Super Learner
Version: 2.0-28
Package created on 2021-05-04

Loading required package: lattice
Loading required package: ggplot2
Loading required package: Matrix
Loaded glmnet 4.1-7
Loading required package: Formula
Loading required package: plotmo
Loading required package: plotrix
Loading required package: TeachingDemos
Loaded gbm 2.1.8.1

Attaching package: ‘xgboost’

The following object is masked from ‘package:dplyr’:

    slice

[1] "[Simulation setting]"
[1] "m: 500"
[1] "deltas: 0.5, 1, 2"
[1] "alphas: 0.4251, 0.5948, 0.7448"
[1] "Sim.id 1"
[1] "Data generated"
[1] "Proposed & IPW estimators"
[1] "   Split: 1"
[1] "   Split: 2"
[1] "Barkley estimators"
[1] "I. Estimate GLMER model"
[1] "IB. get MCFP vecs"
[1] "II. Estimate CFBI"
[1] "II. solving for alpha_num 1 of 3 ; alpha= 0.425133170705204"
[1] "elapsed: 6.67 minutes as of 2023-05-08 19:34:27"
[1] "II. solving for alpha_num 2 of 3 ; alpha= 0.594849404255532"
[1] "elapsed: 6.65 minutes as of 2023-05-08 19:41:06"
[1] "II. solving for alpha_num 3 of 3 ; alpha= 0.744822889124285"
[1] "elapsed: 8.52 minutes as of 2023-05-08 19:49:37"
[1] "III. Estimate MCFP"
[1] "III. alpha num 1 of 3"
[1] "elapsed: 0.71 minutes as of 2023-05-08 19:50:20"
[1] "III. alpha num 2 of 3"
[1] "elapsed: 1.43 minutes as of 2023-05-08 19:51:03"
[1] "III. alpha num 3 of 3"
[1] "elapsed: 2.13 minutes as of 2023-05-08 19:51:45"
[1] "IV. Target estimates"
[1] "Beginning variance calculations. This may take some time."
[1] "V. Variance estimates"
[1] ":model stuff:"
[1] "elapsed: 2.09 minutes as of 2023-05-08 19:53:56"
[1] ":CFBI EstFun:"
[1] "elapsed: 0 minutes as of 2023-05-08 19:53:56"
[1] ":CFBI alpha_num 1 of 3"
[1] "elapsed: 6.05 minutes as of 2023-05-08 19:59:59"
[1] ":CFBI alpha_num 2 of 3"
[1] "elapsed: 12.04 minutes as of 2023-05-08 20:05:58"
[1] ":CFBI alpha_num 3 of 3"
[1] ":MCFP EstFun:"
[1] "elapsed: 18.03 minutes as of 2023-05-08 20:11:58"
[1] ":MCFP alpha_num 1 of 3"
[1] "elapsed: 22.97 minutes as of 2023-05-08 20:16:54"
[1] ":MCFP alpha_num 2 of 3"
[1] "elapsed: 27.94 minutes as of 2023-05-08 20:21:52"
[1] ":MCFP alpha_num 3 of 3"
[1] "elapsed: 34.91 minutes as of 2023-05-08 20:26:45"
[1] ":target ests:"
[1] "elapsed: 0 minutes as of 2023-05-08 20:26:45"
[1] "Var_row_num 1 of 9"
[1] "elapsed: 12.29 minutes as of 2023-05-08 20:39:03"
[1] "elapsed: 0 minutes as of 2023-05-08 20:39:03"
[1] "elapsed: 0 minutes as of 2023-05-08 20:39:03"
[1] "Var_row_num 2 of 9"
[1] "elapsed: 12.14 minutes as of 2023-05-08 20:51:11"
[1] "elapsed: 0 minutes as of 2023-05-08 20:51:11"
[1] "elapsed: 0 minutes as of 2023-05-08 20:51:11"
[1] "Var_row_num 3 of 9"
[1] "elapsed: 12.11 minutes as of 2023-05-08 21:03:18"
[1] "elapsed: 0 minutes as of 2023-05-08 21:03:18"
[1] "elapsed: 0 minutes as of 2023-05-08 21:03:18"
[1] "Var_row_num 4 of 9"
[1] "elapsed: 12.08 minutes as of 2023-05-08 21:15:23"
[1] "elapsed: 0 minutes as of 2023-05-08 21:15:23"
[1] "elapsed: 0 minutes as of 2023-05-08 21:15:23"
[1] "Var_row_num 5 of 9"
[1] "elapsed: 11.69 minutes as of 2023-05-08 21:27:04"
[1] "elapsed: 0 minutes as of 2023-05-08 21:27:04"
[1] "elapsed: 0 minutes as of 2023-05-08 21:27:04"
[1] "Var_row_num 6 of 9"
[1] "elapsed: 11.62 minutes as of 2023-05-08 21:38:42"
[1] "elapsed: 0 minutes as of 2023-05-08 21:38:42"
[1] "elapsed: 0 minutes as of 2023-05-08 21:38:42"
[1] "Var_row_num 7 of 9"
[1] "elapsed: 10.18 minutes as of 2023-05-08 21:48:53"
[1] "elapsed: 0 minutes as of 2023-05-08 21:48:53"
[1] "elapsed: 0 minutes as of 2023-05-08 21:48:53"
[1] "Var_row_num 8 of 9"
[1] "elapsed: 6.53 minutes as of 2023-05-08 21:55:25"
[1] "elapsed: 0 minutes as of 2023-05-08 21:55:25"
[1] "elapsed: 0 minutes as of 2023-05-08 21:55:25"
[1] "Var_row_num 9 of 9"
[1] "elapsed: 6.56 minutes as of 2023-05-08 22:01:58"
[1] "elapsed: 0 minutes as of 2023-05-08 22:01:58"
[1] "Done with all variance calculations"
[1] "Estimates and SE estimates computed"
[1] ""
[[1]]
[[1]]$pro.p
[[1]]$pro.p$est
  delta        mu      mu_1      mu_0         de        se_1         se_0
1   0.5 0.4094761 0.2319968 0.5473477 -0.3153509  0.02181828  0.005966759
2   1.0 0.3385782 0.2101786 0.5413810 -0.3312024  0.00000000  0.000000000
3   2.0 0.2401416 0.1574017 0.5123416 -0.3549399 -0.05277683 -0.029039362
           oe         te
1  0.07089794 -0.3093841
2  0.00000000 -0.3312024
3 -0.09843655 -0.3839792

[[1]]$pro.p$se
  delta         mu       mu_1       mu_0         de       se_1       se_0
1   0.5 0.01832885 0.01426108 0.02589471 0.02404637 0.01162012 0.02022532
2   1.0 0.01161854 0.01029423 0.01602648 0.01429915 0.00000000 0.00000000
3   2.0 0.02141612 0.02087418 0.02675881 0.02427465 0.01638517 0.02147073
          oe         te
1 0.01455735 0.01738824
2 0.00000000 0.01429915
3 0.01717665 0.02344676


[[1]]$pro.np
[[1]]$pro.np$est
  delta        mu      mu_1      mu_0         de        se_1         se_0
1   0.5 0.4073770 0.2486994 0.5256486 -0.2769492  0.02570360  0.001058343
2   1.0 0.3434140 0.2229958 0.5245903 -0.3015944  0.00000000  0.000000000
3   2.0 0.2578073 0.1789016 0.5042429 -0.3253414 -0.04409429 -0.020347337
           oe         te
1  0.06396297 -0.2758908
2  0.00000000 -0.3015944
3 -0.08560667 -0.3456887

[[1]]$pro.np$se
  delta         mu       mu_1       mu_0         de       se_1       se_0
1   0.5 0.01537017 0.01270913 0.02051521 0.01927987 0.00952105 0.01517362
2   1.0 0.01180477 0.01051387 0.01516896 0.01262342 0.00000000 0.00000000
3   2.0 0.02268331 0.02180901 0.02664275 0.02258782 0.01711446 0.02144010
          oe         te
1 0.01108294 0.01487750
2 0.00000000 0.01262342
3 0.01820737 0.02305811


[[1]]$ipw.p
[[1]]$ipw.p$est
  delta        mu      mu_1      mu_0         de        se_1        se_0
1   0.5 0.4257663 0.2405839 0.5727628 -0.3321789  0.01848637  0.02257378
2   1.0 0.3504221 0.2220975 0.5501890 -0.3280915  0.00000000  0.00000000
3   2.0 0.2873248 0.2057275 0.5399647 -0.3342373 -0.01637007 -0.01022426
           oe         te
1  0.07534422 -0.3096051
2  0.00000000 -0.3280915
3 -0.06309727 -0.3444615

[[1]]$ipw.p$se
  delta          mu       mu_1       mu_0         de       se_1       se_0
1   0.5 0.038693777 0.01909047 0.05804086 0.04681712 0.01856800 0.05059406
2   1.0 0.009056674 0.00903690 0.01675356 0.01823589 0.00000000 0.00000000
3   2.0 0.019262836 0.01987175 0.02826087 0.02590527 0.01667655 0.03182419
          oe         te
1 0.03599183 0.01895786
2 0.00000000 0.01823589
3 0.01959260 0.02884804


[[1]]$ipw.np
[[1]]$ipw.np$est
  delta        mu      mu_1      mu_0         de        se_1         se_0
1   0.5 0.4254907 0.2467581 0.5621895 -0.3154314  0.01954455  0.026362563
2   1.0 0.3504221 0.2272135 0.5358269 -0.3086134  0.00000000  0.000000000
3   2.0 0.2917503 0.2125533 0.5294083 -0.3168550 -0.01466019 -0.006418586
           oe         te
1  0.07506867 -0.2890688
2  0.00000000 -0.3086134
3 -0.05867179 -0.3232736

[[1]]$ipw.np$se
  delta          mu        mu_1       mu_0         de      se_1       se_0
1   0.5 0.038450062 0.019005505 0.05718433 0.04638167 0.0185559 0.04995049
2   1.0 0.009056674 0.009272782 0.01636017 0.01799739 0.0000000 0.00000000
3   2.0 0.019741227 0.020916365 0.02782516 0.02596987 0.0173938 0.03127167
          oe         te
1 0.03577481 0.01857438
2 0.00000000 0.01799739
3 0.01994940 0.02935940


[[1]]$bar.p
[[1]]$bar.p$est
  delta        mu      mu_1      mu_0 de se_1 se_0 oe te
1   0.5 0.4093672 0.2366550 0.5441715  0    0    0  0  0
2   1.0 0.3580821 0.2278177 0.5443872  0    0    0  0  0
3   2.0 0.2796669 0.1973509 0.5109570  0    0    0  0  0

[[1]]$bar.p$se
  delta          mu        mu_1       mu_0 de se_1 se_0 oe te
1   0.5 0.024414008 0.022503770 0.02747710  0    0    0  0  0
2   1.0 0.008724683 0.009133606 0.01373288  0    0    0  0  0
3   2.0 0.011748191 0.011361769 0.03195289  0    0    0  0  0



[1] "Total run time was 9624.774 seconds"
