WARNING: ignoring environment value of R_HOME

Attaching package: ‘dplyr’

The following objects are masked from ‘package:stats’:

    filter, lag

The following objects are masked from ‘package:base’:

    intersect, setdiff, setequal, union

Loading required package: splines
Loading required package: foreach
Loaded gam 1.20.2

Super Learner
Version: 2.0-28
Package created on 2021-05-04

Loading required package: lattice
Loading required package: ggplot2
Loading required package: Matrix
Loaded glmnet 4.1-7
Loading required package: Formula
Loading required package: plotmo
Loading required package: plotrix
Loading required package: TeachingDemos
Loaded gbm 2.1.8.1

Attaching package: ‘xgboost’

The following object is masked from ‘package:dplyr’:

    slice

[1] "[Simulation setting]"
[1] "m: 500"
[1] "deltas: 0.5, 1, 2"
[1] "alphas: 0.4251, 0.5948, 0.7448"
[1] "Sim.id 1"
[1] "Data generated"
[1] "Proposed & IPW estimators"
[1] "   Split: 1"
[1] "   Split: 2"
[1] "Barkley estimators"
[1] "I. Estimate GLMER model"
[1] "IB. get MCFP vecs"
[1] "II. Estimate CFBI"
[1] "II. solving for alpha_num 1 of 3 ; alpha= 0.425133170705204"
[1] "elapsed: 6.34 minutes as of 2023-05-08 21:28:29"
[1] "II. solving for alpha_num 2 of 3 ; alpha= 0.594849404255532"
[1] "elapsed: 6.29 minutes as of 2023-05-08 21:34:46"
[1] "II. solving for alpha_num 3 of 3 ; alpha= 0.744822889124285"
[1] "elapsed: 8 minutes as of 2023-05-08 21:42:46"
[1] "III. Estimate MCFP"
[1] "III. alpha num 1 of 3"
[1] "elapsed: 0.66 minutes as of 2023-05-08 21:43:26"
[1] "III. alpha num 2 of 3"
[1] "elapsed: 1.31 minutes as of 2023-05-08 21:44:05"
[1] "III. alpha num 3 of 3"
[1] "elapsed: 1.96 minutes as of 2023-05-08 21:44:44"
[1] "IV. Target estimates"
[1] "Beginning variance calculations. This may take some time."
[1] "V. Variance estimates"
[1] ":model stuff:"
[1] "elapsed: 1.93 minutes as of 2023-05-08 21:46:45"
[1] ":CFBI EstFun:"
[1] "elapsed: 0 minutes as of 2023-05-08 21:46:45"
[1] ":CFBI alpha_num 1 of 3"
[1] "elapsed: 5.53 minutes as of 2023-05-08 21:52:17"
[1] ":CFBI alpha_num 2 of 3"
[1] "elapsed: 11.02 minutes as of 2023-05-08 21:57:46"
[1] ":CFBI alpha_num 3 of 3"
[1] ":MCFP EstFun:"
[1] "elapsed: 16.49 minutes as of 2023-05-08 22:03:14"
[1] ":MCFP alpha_num 1 of 3"
[1] "elapsed: 20.96 minutes as of 2023-05-08 22:07:42"
[1] ":MCFP alpha_num 2 of 3"
[1] "elapsed: 25.41 minutes as of 2023-05-08 22:12:10"
[1] ":MCFP alpha_num 3 of 3"
[1] "elapsed: 31.8 minutes as of 2023-05-08 22:16:37"
[1] ":target ests:"
[1] "elapsed: 0 minutes as of 2023-05-08 22:16:37"
[1] "Var_row_num 1 of 9"
[1] "elapsed: 10.74 minutes as of 2023-05-08 22:27:21"
[1] "elapsed: 0 minutes as of 2023-05-08 22:27:21"
[1] "elapsed: 0 minutes as of 2023-05-08 22:27:21"
[1] "Var_row_num 2 of 9"
[1] "elapsed: 10.75 minutes as of 2023-05-08 22:38:07"
[1] "elapsed: 0 minutes as of 2023-05-08 22:38:07"
[1] "elapsed: 0 minutes as of 2023-05-08 22:38:07"
[1] "Var_row_num 3 of 9"
[1] "elapsed: 10.75 minutes as of 2023-05-08 22:48:52"
[1] "elapsed: 0 minutes as of 2023-05-08 22:48:52"
[1] "elapsed: 0 minutes as of 2023-05-08 22:48:52"
[1] "Var_row_num 4 of 9"
[1] "elapsed: 10.66 minutes as of 2023-05-08 22:59:31"
[1] "elapsed: 0 minutes as of 2023-05-08 22:59:31"
[1] "elapsed: 0 minutes as of 2023-05-08 22:59:31"
[1] "Var_row_num 5 of 9"
[1] "elapsed: 10.62 minutes as of 2023-05-08 23:10:08"
[1] "elapsed: 0 minutes as of 2023-05-08 23:10:08"
[1] "elapsed: 0 minutes as of 2023-05-08 23:10:08"
[1] "Var_row_num 6 of 9"
[1] "elapsed: 10.65 minutes as of 2023-05-08 23:20:47"
[1] "elapsed: 0 minutes as of 2023-05-08 23:20:47"
[1] "elapsed: 0 minutes as of 2023-05-08 23:20:47"
[1] "Var_row_num 7 of 9"
[1] "elapsed: 6.77 minutes as of 2023-05-08 23:27:33"
[1] "elapsed: 0 minutes as of 2023-05-08 23:27:33"
[1] "elapsed: 0 minutes as of 2023-05-08 23:27:33"
[1] "Var_row_num 8 of 9"
[1] "elapsed: 6.31 minutes as of 2023-05-08 23:33:52"
[1] "elapsed: 0 minutes as of 2023-05-08 23:33:52"
[1] "elapsed: 0 minutes as of 2023-05-08 23:33:52"
[1] "Var_row_num 9 of 9"
[1] "elapsed: 6.37 minutes as of 2023-05-08 23:40:15"
[1] "elapsed: 0 minutes as of 2023-05-08 23:40:15"
[1] "Done with all variance calculations"
[1] "Estimates and SE estimates computed"
[1] ""
[[1]]
[[1]]$pro.p
[[1]]$pro.p$est
  delta        mu      mu_1      mu_0         de        se_1         se_0
1   0.5 0.4405123 0.2512069 0.5740166 -0.3228097  0.02830004  0.026088813
2   1.0 0.3569328 0.2229069 0.5479278 -0.3250209  0.00000000  0.000000000
3   2.0 0.2976413 0.2085562 0.5461373 -0.3375810 -0.01435062 -0.001790525
           oe         te
1  0.08357953 -0.2967209
2  0.00000000 -0.3250209
3 -0.05929154 -0.3393716

[[1]]$pro.p$se
  delta         mu        mu_1       mu_0         de       se_1       se_0
1   0.5 0.01645456 0.014514926 0.02185797 0.02219578 0.01121558 0.01633579
2   1.0 0.01141137 0.009669058 0.01587098 0.01417551 0.00000000 0.00000000
3   2.0 0.02149548 0.022453700 0.02365998 0.02446839 0.01906000 0.01863700
          oe         te
1 0.01223639 0.01750544
2 0.00000000 0.01417551
3 0.01802780 0.02485135


[[1]]$pro.np
[[1]]$pro.np$est
  delta        mu      mu_1      mu_0         de        se_1         se_0
1   0.5 0.4279594 0.2627008 0.5405906 -0.2778897  0.02853239  0.020846535
2   1.0 0.3552301 0.2341684 0.5197440 -0.2855756  0.00000000  0.000000000
3   2.0 0.2974323 0.2170142 0.5130711 -0.2960569 -0.01715421 -0.006672941
           oe         te
1  0.07272922 -0.2570432
2  0.00000000 -0.2855756
3 -0.05779779 -0.3027298

[[1]]$pro.np$se
  delta         mu       mu_1       mu_0         de       se_1       se_0
1   0.5 0.01514719 0.01445093 0.01909433 0.01955857 0.01046407 0.01441072
2   1.0 0.01166474 0.01000515 0.01495665 0.01220258 0.00000000 0.00000000
3   2.0 0.02253592 0.02387807 0.02305271 0.02376872 0.02024854 0.01759741
          oe         te
1 0.01071778 0.01556451
2 0.00000000 0.01220258
3 0.01884710 0.02525292


[[1]]$ipw.p
[[1]]$ipw.p$est
  delta        mu      mu_1      mu_0         de         se_1         se_0
1   0.5 0.4535121 0.2620060 0.5949811 -0.3329751 0.0305935847  0.029021244
2   1.0 0.3684921 0.2314124 0.5659599 -0.3345474 0.0000000000  0.000000000
3   2.0 0.3177630 0.2319870 0.5576574 -0.3256704 0.0005745668 -0.008302418
           oe         te
1  0.08502006 -0.3039538
2  0.00000000 -0.3345474
3 -0.05072904 -0.3339729

[[1]]$ipw.p$se
  delta          mu        mu_1       mu_0         de      se_1       se_0
1   0.5 0.047641641 0.020337885 0.07112049 0.05721341 0.0196856 0.06423565
2   1.0 0.009373261 0.008905944 0.01681509 0.01772247 0.0000000 0.00000000
3   2.0 0.022236915 0.023048873 0.02960559 0.02582440 0.0207341 0.03322630
          oe         te
1 0.04498204 0.01903584
2 0.00000000 0.01772247
3 0.02301877 0.03168222


[[1]]$ipw.np
[[1]]$ipw.np$est
  delta        mu      mu_1      mu_0         de        se_1         se_0
1   0.5 0.4526188 0.2711609 0.5839019 -0.3127410 0.033001893  0.035786728
2   1.0 0.3684921 0.2381590 0.5481151 -0.3099562 0.000000000  0.000000000
3   2.0 0.3236934 0.2399069 0.5461220 -0.3062151 0.001747903 -0.001993105
           oe         te
1  0.08412674 -0.2769543
2  0.00000000 -0.3099562
3 -0.04479872 -0.3082082

[[1]]$ipw.np$se
  delta          mu        mu_1       mu_0         de       se_1       se_0
1   0.5 0.046922966 0.021504077 0.06886325 0.05395475 0.02093000 0.06217180
2   1.0 0.009373261 0.009142441 0.01634685 0.01736462 0.00000000 0.00000000
3   2.0 0.022528857 0.023572560 0.02934959 0.02551737 0.02116192 0.03270688
          oe         te
1 0.04436222 0.01996485
2 0.00000000 0.01736462
3 0.02321669 0.03174929


[[1]]$bar.p
[[1]]$bar.p$est
  delta        mu      mu_1      mu_0 de se_1 se_0 oe te
1   0.5 0.4297809 0.2754558 0.5631227  0    0    0  0  0
2   1.0 0.3664467 0.2379015 0.5483755  0    0    0  0  0
3   2.0 0.2823389 0.2029927 0.4702165  0    0    0  0  0

[[1]]$bar.p$se
  delta          mu        mu_1       mu_0 de se_1 se_0 oe te
1   0.5 0.023006487 0.030117561 0.02356309  0    0    0  0  0
2   1.0 0.008724536 0.009209276 0.01398149  0    0    0  0  0
3   2.0 0.011807371 0.011363562 0.03205819  0    0    0  0  0



[1] "Total run time was 8618.539 seconds"
