WARNING: ignoring environment value of R_HOME

Attaching package: ‘dplyr’

The following objects are masked from ‘package:stats’:

    filter, lag

The following objects are masked from ‘package:base’:

    intersect, setdiff, setequal, union

Loading required package: splines
Loading required package: foreach
Loaded gam 1.20.2

Super Learner
Version: 2.0-28
Package created on 2021-05-04

Loading required package: lattice
Loading required package: ggplot2
Loading required package: Matrix
Loaded glmnet 4.1-7
Loading required package: Formula
Loading required package: plotmo
Loading required package: plotrix
Loading required package: TeachingDemos
Loaded gbm 2.1.8.1

Attaching package: ‘xgboost’

The following object is masked from ‘package:dplyr’:

    slice

[1] "[Simulation setting]"
[1] "m: 500"
[1] "deltas: 0.5, 1, 2"
[1] "alphas: 0.4251, 0.5948, 0.7448"
[1] "Sim.id 1"
[1] "Data generated"
[1] "Proposed & IPW estimators"
[1] "   Split: 1"
[1] "   Split: 2"
[1] "Barkley estimators"
[1] "I. Estimate GLMER model"
[1] "IB. get MCFP vecs"
[1] "II. Estimate CFBI"
[1] "II. solving for alpha_num 1 of 3 ; alpha= 0.425133170705204"
[1] "elapsed: 7.31 minutes as of 2023-05-08 18:41:53"
[1] "II. solving for alpha_num 2 of 3 ; alpha= 0.594849404255532"
[1] "elapsed: 8.15 minutes as of 2023-05-08 18:50:02"
[1] "II. solving for alpha_num 3 of 3 ; alpha= 0.744822889124285"
[1] "elapsed: 7.25 minutes as of 2023-05-08 18:57:17"
[1] "III. Estimate MCFP"
[1] "III. alpha num 1 of 3"
[1] "elapsed: 0.78 minutes as of 2023-05-08 18:58:03"
[1] "III. alpha num 2 of 3"
[1] "elapsed: 1.55 minutes as of 2023-05-08 18:58:50"
[1] "III. alpha num 3 of 3"
[1] "elapsed: 2.33 minutes as of 2023-05-08 18:59:37"
[1] "IV. Target estimates"
[1] "Beginning variance calculations. This may take some time."
[1] "V. Variance estimates"
[1] ":model stuff:"
[1] "elapsed: 2.19 minutes as of 2023-05-08 19:01:54"
[1] ":CFBI EstFun:"
[1] "elapsed: 0 minutes as of 2023-05-08 19:01:54"
[1] ":CFBI alpha_num 1 of 3"
[1] "elapsed: 6.35 minutes as of 2023-05-08 19:08:15"
[1] ":CFBI alpha_num 2 of 3"
[1] "elapsed: 11.53 minutes as of 2023-05-08 19:13:26"
[1] ":CFBI alpha_num 3 of 3"
[1] ":MCFP EstFun:"
[1] "elapsed: 16.91 minutes as of 2023-05-08 19:18:49"
[1] ":MCFP alpha_num 1 of 3"
[1] "elapsed: 21.79 minutes as of 2023-05-08 19:23:42"
[1] ":MCFP alpha_num 2 of 3"
[1] "elapsed: 26.66 minutes as of 2023-05-08 19:28:34"
[1] ":MCFP alpha_num 3 of 3"
[1] "elapsed: 33.73 minutes as of 2023-05-08 19:33:26"
[1] ":target ests:"
[1] "elapsed: 0 minutes as of 2023-05-08 19:33:26"
[1] "Var_row_num 1 of 9"
[1] "elapsed: 11.5 minutes as of 2023-05-08 19:44:56"
[1] "elapsed: 0 minutes as of 2023-05-08 19:44:56"
[1] "elapsed: 0 minutes as of 2023-05-08 19:44:56"
[1] "Var_row_num 2 of 9"
[1] "elapsed: 11.47 minutes as of 2023-05-08 19:56:25"
[1] "elapsed: 0 minutes as of 2023-05-08 19:56:25"
[1] "elapsed: 0 minutes as of 2023-05-08 19:56:25"
[1] "Var_row_num 3 of 9"
[1] "elapsed: 11.66 minutes as of 2023-05-08 20:08:05"
[1] "elapsed: 0 minutes as of 2023-05-08 20:08:05"
[1] "elapsed: 0 minutes as of 2023-05-08 20:08:05"
[1] "Var_row_num 4 of 9"
[1] "elapsed: 11.67 minutes as of 2023-05-08 20:19:45"
[1] "elapsed: 0 minutes as of 2023-05-08 20:19:45"
[1] "elapsed: 0 minutes as of 2023-05-08 20:19:45"
[1] "Var_row_num 5 of 9"
[1] "elapsed: 11.35 minutes as of 2023-05-08 20:31:06"
[1] "elapsed: 0 minutes as of 2023-05-08 20:31:06"
[1] "elapsed: 0 minutes as of 2023-05-08 20:31:06"
[1] "Var_row_num 6 of 9"
[1] "elapsed: 11.34 minutes as of 2023-05-08 20:42:26"
[1] "elapsed: 0 minutes as of 2023-05-08 20:42:26"
[1] "elapsed: 0 minutes as of 2023-05-08 20:42:26"
[1] "Var_row_num 7 of 9"
[1] "elapsed: 11.29 minutes as of 2023-05-08 20:53:44"
[1] "elapsed: 0 minutes as of 2023-05-08 20:53:44"
[1] "elapsed: 0 minutes as of 2023-05-08 20:53:44"
[1] "Var_row_num 8 of 9"
[1] "elapsed: 11.35 minutes as of 2023-05-08 21:05:05"
[1] "elapsed: 0 minutes as of 2023-05-08 21:05:05"
[1] "elapsed: 0 minutes as of 2023-05-08 21:05:05"
[1] "Var_row_num 9 of 9"
[1] "elapsed: 11.13 minutes as of 2023-05-08 21:16:13"
[1] "elapsed: 0 minutes as of 2023-05-08 21:16:13"
[1] "Done with all variance calculations"
[1] "Estimates and SE estimates computed"
[1] ""
[[1]]
[[1]]$pro.p
[[1]]$pro.p$est
  delta        mu      mu_1      mu_0         de        se_1        se_0
1   0.5 0.4334765 0.2379404 0.5763962 -0.3384559  0.01039328  0.01227817
2   1.0 0.3656041 0.2275471 0.5641181 -0.3365710  0.00000000  0.00000000
3   2.0 0.2709494 0.1826637 0.5308656 -0.3482019 -0.04488340 -0.03325247
           oe         te
1  0.06787247 -0.3261777
2  0.00000000 -0.3365710
3 -0.09465465 -0.3814544

[[1]]$pro.p$se
  delta         mu       mu_1       mu_0         de       se_1       se_0
1   0.5 0.01753749 0.01609448 0.02347487 0.02351055 0.01350434 0.01883980
2   1.0 0.01201079 0.01040312 0.01584390 0.01368039 0.00000000 0.00000000
3   2.0 0.01960826 0.02002156 0.02673060 0.02632470 0.01678807 0.02171671
          oe         te
1 0.01415429 0.01852158
2 0.00000000 0.01368039
3 0.01622947 0.02302934


[[1]]$pro.np
[[1]]$pro.np$est
  delta        mu      mu_1      mu_0         de        se_1         se_0
1   0.5 0.4201704 0.2524937 0.5370684 -0.2845748  0.01317037  0.003063394
2   1.0 0.3642168 0.2393233 0.5340050 -0.2946817  0.00000000  0.000000000
3   2.0 0.2714057 0.1848899 0.5119551 -0.3270652 -0.05443340 -0.022049912
           oe         te
1  0.05595360 -0.2815114
2  0.00000000 -0.2946817
3 -0.09281104 -0.3491151

[[1]]$pro.np$se
  delta         mu       mu_1       mu_0         de       se_1       se_0
1   0.5 0.01584834 0.01407409 0.02108822 0.02095558 0.01133901 0.01627046
2   1.0 0.01217296 0.01078807 0.01530685 0.01241609 0.00000000 0.00000000
3   2.0 0.01851208 0.01699545 0.02822432 0.02453314 0.01279407 0.02315455
          oe         te
1 0.01227969 0.01637778
2 0.00000000 0.01241609
3 0.01401897 0.01892541


[[1]]$ipw.p
[[1]]$ipw.p$est
  delta        mu      mu_1      mu_0         de         se_1        se_0
1   0.5 0.4672683 0.2508423 0.6282977 -0.3774554  0.027268839  0.06899252
2   1.0 0.3593792 0.2235734 0.5593052 -0.3357317  0.000000000  0.00000000
3   2.0 0.2998074 0.2160592 0.5441556 -0.3280964 -0.007514227 -0.01514955
           oe         te
1  0.10788914 -0.3084629
2  0.00000000 -0.3357317
3 -0.05957179 -0.3432460

[[1]]$ipw.p$se
  delta         mu        mu_1       mu_0         de       se_1       se_0
1   0.5 0.04247399 0.017624326 0.06585027 0.05836042 0.01668695 0.05833794
2   1.0 0.00959125 0.009111924 0.01717419 0.01802781 0.00000000 0.00000000
3   2.0 0.02628121 0.027607101 0.03058853 0.02386193 0.02560744 0.03430555
          oe         te
1 0.03966949 0.01776588
2 0.00000000 0.01802781
3 0.02676459 0.03491823


[[1]]$ipw.np
[[1]]$ipw.np$est
  delta        mu      mu_1      mu_0         de         se_1        se_0
1   0.5 0.4570414 0.2553145 0.6017007 -0.3463862  0.024871277  0.05958039
2   1.0 0.3593792 0.2304432 0.5421203 -0.3116771  0.000000000  0.00000000
3   2.0 0.3040019 0.2252838 0.5308623 -0.3055785 -0.005159444 -0.01125799
           oe         te
1  0.09766223 -0.2868058
2  0.00000000 -0.3116771
3 -0.05537728 -0.3168365

[[1]]$ipw.np$se
  delta         mu        mu_1       mu_0         de       se_1       se_0
1   0.5 0.04098364 0.017824985 0.06227277 0.05511847 0.01698319 0.05516883
2   1.0 0.00959125 0.009414766 0.01659181 0.01762723 0.00000000 0.00000000
3   2.0 0.02813952 0.030490165 0.03171370 0.02267980 0.02839259 0.03493173
          oe         te
1 0.03830726 0.01774373
2 0.00000000 0.01762723
3 0.02844935 0.03690534


[[1]]$bar.p
[[1]]$bar.p$est
  delta        mu      mu_1      mu_0 de se_1 se_0 oe te
1   0.5 0.4298181 0.2378844 0.5686695  0    0    0  0  0
2   1.0 0.3609648 0.2304669 0.5399592  0    0    0  0  0
3   2.0 0.2784456 0.1990049 0.5077674  0    0    0  0  0

[[1]]$bar.p$se
  delta          mu       mu_1       mu_0 de se_1 se_0 oe te
1   0.5 0.018634763 0.01565067 0.02286609  0    0    0  0  0
2   1.0 0.009130323 0.00941565 0.01408807  0    0    0  0  0
3   2.0 0.015334756 0.01443288 0.03952021  0    0    0  0  0



[1] "Total run time was 10098.295 seconds"
