WARNING: ignoring environment value of R_HOME

Attaching package: ‘dplyr’

The following objects are masked from ‘package:stats’:

    filter, lag

The following objects are masked from ‘package:base’:

    intersect, setdiff, setequal, union

Loading required package: splines
Loading required package: foreach
Loaded gam 1.20.2

Super Learner
Version: 2.0-28
Package created on 2021-05-04

Loading required package: lattice
Loading required package: ggplot2
Loading required package: Matrix
Loaded glmnet 4.1-7
Loading required package: Formula
Loading required package: plotmo
Loading required package: plotrix
Loading required package: TeachingDemos
Loaded gbm 2.1.8.1

Attaching package: ‘xgboost’

The following object is masked from ‘package:dplyr’:

    slice

[1] "[Simulation setting]"
[1] "m: 500"
[1] "deltas: 0.5, 1, 2"
[1] "alphas: 0.4251, 0.5948, 0.7448"
[1] "Sim.id 1"
[1] "Data generated"
[1] "Proposed & IPW estimators"
[1] "   Split: 1"
[1] "   Split: 2"
[1] "Barkley estimators"
[1] "I. Estimate GLMER model"
boundary (singular) fit: see help('isSingular')
[1] "IB. get MCFP vecs"
[1] "II. Estimate CFBI"
[1] "II. solving for alpha_num 1 of 3 ; alpha= 0.425133170705204"
[1] "elapsed: 6.95 minutes as of 2023-05-08 18:59:21"
[1] "II. solving for alpha_num 2 of 3 ; alpha= 0.594849404255532"
[1] "elapsed: 7.78 minutes as of 2023-05-08 19:07:08"
[1] "II. solving for alpha_num 3 of 3 ; alpha= 0.744822889124285"
[1] "elapsed: 6.87 minutes as of 2023-05-08 19:14:00"
[1] "III. Estimate MCFP"
[1] "III. alpha num 1 of 3"
[1] "elapsed: 0.36 minutes as of 2023-05-08 19:14:22"
[1] "III. alpha num 2 of 3"
[1] "elapsed: 0.73 minutes as of 2023-05-08 19:14:44"
[1] "III. alpha num 3 of 3"
[1] "elapsed: 1.09 minutes as of 2023-05-08 19:15:05"
[1] "IV. Target estimates"
[1] "Beginning variance calculations. This may take some time."
[1] "V. Variance estimates"
[1] ":model stuff:"
[1] "elapsed: 1.14 minutes as of 2023-05-08 19:16:16"
[1] ":CFBI EstFun:"
[1] "elapsed: 0 minutes as of 2023-05-08 19:16:16"
[1] ":CFBI alpha_num 1 of 3"
[1] "elapsed: 3.2 minutes as of 2023-05-08 19:19:29"
[1] ":CFBI alpha_num 2 of 3"
[1] "elapsed: 7.19 minutes as of 2023-05-08 19:23:28"
[1] ":CFBI alpha_num 3 of 3"
[1] ":MCFP EstFun:"
[1] "elapsed: 10.66 minutes as of 2023-05-08 19:26:56"
[1] ":MCFP alpha_num 1 of 3"
[1] "elapsed: 13.26 minutes as of 2023-05-08 19:29:32"
[1] ":MCFP alpha_num 2 of 3"
[1] "elapsed: 15.83 minutes as of 2023-05-08 19:32:07"
[1] ":MCFP alpha_num 3 of 3"
[1] "elapsed: 20.8 minutes as of 2023-05-08 19:35:56"
[1] ":target ests:"
[1] "elapsed: 0 minutes as of 2023-05-08 19:35:56"
[1] "Var_row_num 1 of 9"
[1] "elapsed: 7.79 minutes as of 2023-05-08 19:43:43"
[1] "elapsed: 0 minutes as of 2023-05-08 19:43:43"
[1] "elapsed: 0 minutes as of 2023-05-08 19:43:43"
[1] "Var_row_num 2 of 9"
[1] "elapsed: 8.07 minutes as of 2023-05-08 19:51:47"
[1] "elapsed: 0 minutes as of 2023-05-08 19:51:47"
[1] "elapsed: 0 minutes as of 2023-05-08 19:51:47"
[1] "Var_row_num 3 of 9"
[1] "elapsed: 7.26 minutes as of 2023-05-08 19:59:03"
[1] "elapsed: 0 minutes as of 2023-05-08 19:59:03"
[1] "elapsed: 0 minutes as of 2023-05-08 19:59:03"
[1] "Var_row_num 4 of 9"
[1] "elapsed: 8.28 minutes as of 2023-05-08 20:07:20"
[1] "elapsed: 0 minutes as of 2023-05-08 20:07:20"
[1] "elapsed: 0 minutes as of 2023-05-08 20:07:20"
[1] "Var_row_num 5 of 9"
[1] "elapsed: 8.2 minutes as of 2023-05-08 20:15:32"
[1] "elapsed: 0 minutes as of 2023-05-08 20:15:32"
[1] "elapsed: 0 minutes as of 2023-05-08 20:15:32"
[1] "Var_row_num 6 of 9"
[1] "elapsed: 10.41 minutes as of 2023-05-08 20:25:57"
[1] "elapsed: 0 minutes as of 2023-05-08 20:25:57"
[1] "elapsed: 0 minutes as of 2023-05-08 20:25:57"
[1] "Var_row_num 7 of 9"
[1] "elapsed: 12.32 minutes as of 2023-05-08 20:38:16"
[1] "elapsed: 0 minutes as of 2023-05-08 20:38:16"
[1] "elapsed: 0 minutes as of 2023-05-08 20:38:16"
[1] "Var_row_num 8 of 9"
[1] "elapsed: 12.35 minutes as of 2023-05-08 20:50:37"
[1] "elapsed: 0 minutes as of 2023-05-08 20:50:37"
[1] "elapsed: 0 minutes as of 2023-05-08 20:50:37"
[1] "Var_row_num 9 of 9"
[1] "elapsed: 12.26 minutes as of 2023-05-08 21:02:53"
[1] "elapsed: 0 minutes as of 2023-05-08 21:02:53"
[1] "Done with all variance calculations"
[1] "Estimates and SE estimates computed"
[1] ""
[[1]]
[[1]]$pro.p
[[1]]$pro.p$est
  delta        mu      mu_1      mu_0         de        se_1        se_0
1   0.5 0.4644194 0.2508336 0.6195779 -0.3687442  0.02616851  0.06352082
2   1.0 0.3593963 0.2246651 0.5560571 -0.3313919  0.00000000  0.00000000
3   2.0 0.2744979 0.1939120 0.5154959 -0.3215839 -0.03075313 -0.04056115
           oe         te
1  0.10502305 -0.3052234
2  0.00000000 -0.3313919
3 -0.08489839 -0.3621450

[[1]]$pro.p$se
  delta         mu       mu_1       mu_0         de       se_1       se_0
1   0.5 0.01933089 0.01421602 0.02694056 0.02491368 0.01129899 0.02224552
2   1.0 0.01208560 0.01059352 0.01570643 0.01305458 0.00000000 0.00000000
3   2.0 0.01776830 0.01751431 0.02328553 0.02165502 0.01353905 0.01792418
          oe         te
1 0.01561267 0.01562825
2 0.00000000 0.01305458
3 0.01405663 0.02046135


[[1]]$pro.np
[[1]]$pro.np$est
  delta        mu      mu_1      mu_0         de        se_1        se_0
1   0.5 0.4504435 0.2643820 0.5804071 -0.3160251  0.02658939  0.04467275
2   1.0 0.3619297 0.2377926 0.5357344 -0.2979418  0.00000000  0.00000000
3   2.0 0.2761190 0.2002915 0.4923865 -0.2920949 -0.03750105 -0.04334788
           oe         te
1  0.08851381 -0.2713524
2  0.00000000 -0.2979418
3 -0.08581073 -0.3354428

[[1]]$pro.np$se
  delta         mu       mu_1       mu_0         de        se_1       se_0
1   0.5 0.01750750 0.01288732 0.02334114 0.02031643 0.009574007 0.01855637
2   1.0 0.01233407 0.01095396 0.01546935 0.01224137 0.000000000 0.00000000
3   2.0 0.01830838 0.01805198 0.02236482 0.02066101 0.013709643 0.01693006
          oe         te
1 0.01381615 0.01373132
2 0.00000000 0.01224137
3 0.01419637 0.02009794


[[1]]$ipw.p
[[1]]$ipw.p$est
  delta        mu      mu_1      mu_0         de         se_1          se_0
1   0.5 0.4230759 0.2351892 0.5629947 -0.3278055  0.006477925 -0.0004866978
2   1.0 0.3643240 0.2287113 0.5634814 -0.3347701  0.000000000  0.0000000000
3   2.0 0.2831627 0.2012251 0.5248659 -0.3236408 -0.027486163 -0.0386155599
           oe         te
1  0.05875192 -0.3282922
2  0.00000000 -0.3347701
3 -0.08116128 -0.3622563

[[1]]$ipw.p$se
  delta          mu        mu_1       mu_0         de       se_1       se_0
1   0.5 0.039313662 0.017063755 0.06284034 0.05756886 0.01597990 0.05581045
2   1.0 0.009440115 0.009307242 0.01618109 0.01699887 0.00000000 0.00000000
3   2.0 0.019597597 0.021098945 0.02466102 0.02323854 0.01792564 0.02881723
          oe         te
1 0.03644573 0.01557087
2 0.00000000 0.01699887
3 0.01983777 0.02907410


[[1]]$ipw.np
[[1]]$ipw.np$est
  delta        mu      mu_1      mu_0         de         se_1         se_0
1   0.5 0.4162242 0.2396388 0.5417864 -0.3021476  0.005595236 -0.007113249
2   1.0 0.3643240 0.2340436 0.5488997 -0.3148561  0.000000000  0.000000000
3   2.0 0.2886614 0.2082479 0.5152843 -0.3070364 -0.025795668 -0.033615362
           oe         te
1  0.05190021 -0.3092609
2  0.00000000 -0.3148561
3 -0.07566261 -0.3406518

[[1]]$ipw.np$se
  delta          mu        mu_1       mu_0         de       se_1       se_0
1   0.5 0.037446762 0.017171142 0.05750350 0.05192409 0.01615024 0.05056125
2   1.0 0.009440115 0.009509661 0.01583317 0.01673461 0.00000000 0.00000000
3   2.0 0.020454339 0.022114349 0.02474232 0.02333801 0.01885025 0.02863906
          oe         te
1 0.03458702 0.01550077
2 0.00000000 0.01673461
3 0.02057687 0.02961762


[[1]]$bar.p
[[1]]$bar.p$est
  delta        mu      mu_1      mu_0 de se_1 se_0 oe te
1   0.5 0.4301123 0.2359347 0.5620331  0    0    0  0  0
2   1.0 0.3635908 0.2338854 0.5442768  0    0    0  0  0
3   2.0 0.2778213 0.2003889 0.4583298  0    0    0  0  0

[[1]]$bar.p$se
  delta          mu        mu_1       mu_0 de se_1 se_0 oe te
1   0.5 0.030288780 0.020794838 0.03355149  0    0    0  0  0
2   1.0 0.008893316 0.009495165 0.01282511  0    0    0  0  0
3   2.0 0.014661985 0.014737787 0.02574442  0    0    0  0  0



[1] "Total run time was 8244.015 seconds"
