WARNING: ignoring environment value of R_HOME

Attaching package: ‘dplyr’

The following objects are masked from ‘package:stats’:

    filter, lag

The following objects are masked from ‘package:base’:

    intersect, setdiff, setequal, union

Loading required package: splines
Loading required package: foreach
Loaded gam 1.20.2

Super Learner
Version: 2.0-28
Package created on 2021-05-04

Loading required package: lattice
Loading required package: ggplot2
Loading required package: Matrix
Loaded glmnet 4.1-7
Loading required package: Formula
Loading required package: plotmo
Loading required package: plotrix
Loading required package: TeachingDemos
Loaded gbm 2.1.8.1

Attaching package: ‘xgboost’

The following object is masked from ‘package:dplyr’:

    slice

[1] "[Simulation setting]"
[1] "m: 500"
[1] "deltas: 0.5, 1, 2"
[1] "alphas: 0.4251, 0.5948, 0.7448"
[1] "Sim.id 1"
[1] "Data generated"
[1] "Proposed & IPW estimators"
[1] "   Split: 1"
[1] "   Split: 2"
[1] "Barkley estimators"
[1] "I. Estimate GLMER model"
[1] "IB. get MCFP vecs"
[1] "II. Estimate CFBI"
[1] "II. solving for alpha_num 1 of 3 ; alpha= 0.425133170705204"
[1] "elapsed: 13.24 minutes as of 2023-05-08 19:01:43"
[1] "II. solving for alpha_num 2 of 3 ; alpha= 0.594849404255532"
[1] "elapsed: 16.11 minutes as of 2023-05-08 19:17:50"
[1] "II. solving for alpha_num 3 of 3 ; alpha= 0.744822889124285"
[1] "elapsed: 12.98 minutes as of 2023-05-08 19:30:49"
[1] "III. Estimate MCFP"
[1] "III. alpha num 1 of 3"
[1] "elapsed: 1.38 minutes as of 2023-05-08 19:32:11"
[1] "III. alpha num 2 of 3"
[1] "elapsed: 2.85 minutes as of 2023-05-08 19:33:40"
[1] "III. alpha num 3 of 3"
[1] "elapsed: 4.24 minutes as of 2023-05-08 19:35:03"
[1] "IV. Target estimates"
[1] "Beginning variance calculations. This may take some time."
[1] "V. Variance estimates"
[1] ":model stuff:"
[1] "elapsed: 4.13 minutes as of 2023-05-08 19:39:22"
[1] ":CFBI EstFun:"
[1] "elapsed: 0 minutes as of 2023-05-08 19:39:22"
[1] ":CFBI alpha_num 1 of 3"
[1] "elapsed: 11.78 minutes as of 2023-05-08 19:51:09"
[1] ":CFBI alpha_num 2 of 3"
[1] "elapsed: 23.64 minutes as of 2023-05-08 20:03:00"
[1] ":CFBI alpha_num 3 of 3"
[1] ":MCFP EstFun:"
[1] "elapsed: 35.48 minutes as of 2023-05-08 20:14:51"
[1] ":MCFP alpha_num 1 of 3"
[1] "elapsed: 45.62 minutes as of 2023-05-08 20:24:59"
[1] ":MCFP alpha_num 2 of 3"
[1] "elapsed: 55.68 minutes as of 2023-05-08 20:35:03"
[1] ":MCFP alpha_num 3 of 3"
[1] "elapsed: 70.02 minutes as of 2023-05-08 20:45:16"
[1] ":target ests:"
[1] "elapsed: 0 minutes as of 2023-05-08 20:45:16"
[1] "Var_row_num 1 of 9"
[1] "elapsed: 28.27 minutes as of 2023-05-08 21:13:32"
[1] "elapsed: 0 minutes as of 2023-05-08 21:13:32"
[1] "elapsed: 0 minutes as of 2023-05-08 21:13:32"
[1] "Var_row_num 2 of 9"
[1] "elapsed: 25.72 minutes as of 2023-05-08 21:39:15"
[1] "elapsed: 0.01 minutes as of 2023-05-08 21:39:16"
[1] "elapsed: 0 minutes as of 2023-05-08 21:39:16"
[1] "Var_row_num 3 of 9"
[1] "elapsed: 24.7 minutes as of 2023-05-08 22:03:58"
[1] "elapsed: 0 minutes as of 2023-05-08 22:03:58"
[1] "elapsed: 0 minutes as of 2023-05-08 22:03:58"
[1] "Var_row_num 4 of 9"
[1] "elapsed: 24.04 minutes as of 2023-05-08 22:28:00"
[1] "elapsed: 0 minutes as of 2023-05-08 22:28:01"
[1] "elapsed: 0 minutes as of 2023-05-08 22:28:01"
[1] "Var_row_num 5 of 9"
[1] "elapsed: 23.83 minutes as of 2023-05-08 22:51:50"
[1] "elapsed: 0 minutes as of 2023-05-08 22:51:51"
[1] "elapsed: 0 minutes as of 2023-05-08 22:51:51"
[1] "Var_row_num 6 of 9"
[1] "elapsed: 24.02 minutes as of 2023-05-08 23:15:52"
[1] "elapsed: 0 minutes as of 2023-05-08 23:15:52"
[1] "elapsed: 0 minutes as of 2023-05-08 23:15:52"
[1] "Var_row_num 7 of 9"
[1] "elapsed: 23.78 minutes as of 2023-05-08 23:39:39"
[1] "elapsed: 0 minutes as of 2023-05-08 23:39:39"
[1] "elapsed: 0 minutes as of 2023-05-08 23:39:39"
[1] "Var_row_num 8 of 9"
[1] "elapsed: 23.58 minutes as of 2023-05-09 00:03:14"
[1] "elapsed: 0 minutes as of 2023-05-09 00:03:14"
[1] "elapsed: 0 minutes as of 2023-05-09 00:03:14"
[1] "Var_row_num 9 of 9"
[1] "elapsed: 23.74 minutes as of 2023-05-09 00:26:58"
[1] "elapsed: 0 minutes as of 2023-05-09 00:26:58"
[1] "Done with all variance calculations"
[1] "Estimates and SE estimates computed"
[1] ""
[[1]]
[[1]]$pro.p
[[1]]$pro.p$est
  delta        mu      mu_1      mu_0         de        se_1        se_0
1   0.5 0.4591247 0.2713905 0.5949705 -0.3235799  0.04142407  0.03719206
2   1.0 0.3622634 0.2299665 0.5577784 -0.3278120  0.00000000  0.00000000
3   2.0 0.2771378 0.1991050 0.5180994 -0.3189944 -0.03086146 -0.03967905
           oe         te
1  0.09686128 -0.2863879
2  0.00000000 -0.3278120
3 -0.08512568 -0.3586734

[[1]]$pro.p$se
  delta         mu        mu_1       mu_0         de       se_1       se_0
1   0.5 0.01846766 0.016755434 0.02670760 0.02846716 0.01403414 0.02214317
2   1.0 0.01149152 0.009984067 0.01532852 0.01368596 0.00000000 0.00000000
3   2.0 0.01611581 0.017443646 0.02335507 0.02515445 0.01387982 0.01798618
          oe         te
1 0.01506208 0.01950357
2 0.00000000 0.01368596
3 0.01305956 0.02103744


[[1]]$pro.np
[[1]]$pro.np$est
  delta        mu      mu_1      mu_0         de        se_1        se_0
1   0.5 0.4521227 0.2743171 0.5773941 -0.3030770  0.03384579  0.04103896
2   1.0 0.3628151 0.2404713 0.5363551 -0.2958839  0.00000000  0.00000000
3   2.0 0.2773575 0.2027716 0.4974838 -0.2947122 -0.03769967 -0.03887136
           oe         te
1  0.08930762 -0.2620381
2  0.00000000 -0.2958839
3 -0.08545763 -0.3335835

[[1]]$pro.np$se
  delta         mu       mu_1       mu_0         de       se_1       se_0
1   0.5 0.01537757 0.01475271 0.02025601 0.02145940 0.01164823 0.01544538
2   1.0 0.01182264 0.01048484 0.01485982 0.01211465 0.00000000 0.00000000
3   2.0 0.01659245 0.01710156 0.02227937 0.02258059 0.01267161 0.01675345
          oe         te
1 0.01116595 0.01635385
2 0.00000000 0.01211465
3 0.01248039 0.01923621


[[1]]$ipw.p
[[1]]$ipw.p$est
  delta        mu      mu_1      mu_0         de        se_1        se_0
1   0.5 0.4737662 0.2806780 0.6193136 -0.3386356  0.04705532  0.05127918
2   1.0 0.3682518 0.2336226 0.5680344 -0.3344118  0.00000000  0.00000000
3   2.0 0.2977992 0.2209023 0.5271972 -0.3062949 -0.01272031 -0.04083717
           oe         te
1  0.10551447 -0.2873565
2  0.00000000 -0.3344118
3 -0.07045252 -0.3471321

[[1]]$ipw.p$se
  delta          mu        mu_1       mu_0         de       se_1       se_0
1   0.5 0.046082043 0.022687566 0.06824296 0.05603071 0.02165099 0.06083399
2   1.0 0.009476951 0.009212088 0.01710680 0.01832508 0.00000000 0.00000000
3   2.0 0.020961568 0.023991023 0.02492246 0.02703371 0.02095387 0.03001545
          oe         te
1 0.04303170 0.02090462
2 0.00000000 0.01832508
3 0.02198806 0.03291947


[[1]]$ipw.np
[[1]]$ipw.np$est
  delta        mu      mu_1      mu_0         de         se_1        se_0
1   0.5 0.4766987 0.2878751 0.6184075 -0.3305325  0.047684584  0.06487533
2   1.0 0.3682518 0.2401905 0.5535322 -0.3133417  0.000000000  0.00000000
3   2.0 0.3048283 0.2315598 0.5150800 -0.2835202 -0.008630652 -0.03845218
           oe         te
1  0.10844691 -0.2656571
2  0.00000000 -0.3133417
3 -0.06342345 -0.3219724

[[1]]$ipw.np$se
  delta          mu        mu_1       mu_0         de       se_1       se_0
1   0.5 0.046056526 0.022998719 0.06924728 0.05869207 0.02201335 0.06214680
2   1.0 0.009476951 0.009487505 0.01669893 0.01805933 0.00000000 0.00000000
3   2.0 0.022426275 0.025903117 0.02424272 0.02682944 0.02289493 0.02910846
          oe         te
1 0.04315303 0.02112955
2 0.00000000 0.01805933
3 0.02329741 0.03418733


[[1]]$bar.p
[[1]]$bar.p$est
  delta        mu      mu_1      mu_0 de se_1 se_0 oe te
1   0.5 0.4643019 0.2973383 0.5952752  0    0    0  0  0
2   1.0 0.3695078 0.2461633 0.5450309  0    0    0  0  0
3   2.0 0.2744873 0.1965871 0.4924206  0    0    0  0  0

[[1]]$bar.p$se
  delta          mu        mu_1       mu_0 de se_1 se_0 oe te
1   0.5 0.022200773 0.026483819 0.02612573  0    0    0  0  0
2   1.0 0.008538275 0.009805901 0.01302896  0    0    0  0  0
3   2.0 0.012750471 0.013026824 0.03190409  0    0    0  0  0



[1] "Total run time was 21357.427 seconds"
