WARNING: ignoring environment value of R_HOME

Attaching package: ‘dplyr’

The following objects are masked from ‘package:stats’:

    filter, lag

The following objects are masked from ‘package:base’:

    intersect, setdiff, setequal, union

Loading required package: splines
Loading required package: foreach
Loaded gam 1.20.2

Super Learner
Version: 2.0-28
Package created on 2021-05-04

Loading required package: lattice
Loading required package: ggplot2
Loading required package: Matrix
Loaded glmnet 4.1-7
Loading required package: Formula
Loading required package: plotmo
Loading required package: plotrix
Loading required package: TeachingDemos
Loaded gbm 2.1.8.1

Attaching package: ‘xgboost’

The following object is masked from ‘package:dplyr’:

    slice

[1] "[Simulation setting]"
[1] "m: 500"
[1] "deltas: 0.5, 1, 2"
[1] "alphas: 0.4251, 0.5948, 0.7448"
[1] "Sim.id 1"
[1] "Data generated"
[1] "Proposed & IPW estimators"
[1] "   Split: 1"
[1] "   Split: 2"
[1] "Barkley estimators"
[1] "I. Estimate GLMER model"
[1] "IB. get MCFP vecs"
[1] "II. Estimate CFBI"
[1] "II. solving for alpha_num 1 of 3 ; alpha= 0.425133170705204"
[1] "elapsed: 8.13 minutes as of 2023-05-08 18:40:49"
[1] "II. solving for alpha_num 2 of 3 ; alpha= 0.594849404255532"
[1] "elapsed: 7.17 minutes as of 2023-05-08 18:47:59"
[1] "II. solving for alpha_num 3 of 3 ; alpha= 0.744822889124285"
[1] "elapsed: 6.91 minutes as of 2023-05-08 18:54:54"
[1] "III. Estimate MCFP"
[1] "III. alpha num 1 of 3"
[1] "elapsed: 0.73 minutes as of 2023-05-08 18:55:37"
[1] "III. alpha num 2 of 3"
[1] "elapsed: 1.46 minutes as of 2023-05-08 18:56:21"
[1] "III. alpha num 3 of 3"
[1] "elapsed: 2.18 minutes as of 2023-05-08 18:57:04"
[1] "IV. Target estimates"
[1] "Beginning variance calculations. This may take some time."
[1] "V. Variance estimates"
[1] ":model stuff:"
[1] "elapsed: 2.14 minutes as of 2023-05-08 18:59:18"
[1] ":CFBI EstFun:"
[1] "elapsed: 0 minutes as of 2023-05-08 18:59:18"
[1] ":CFBI alpha_num 1 of 3"
[1] "elapsed: 6.26 minutes as of 2023-05-08 19:05:33"
[1] ":CFBI alpha_num 2 of 3"
[1] "elapsed: 12.25 minutes as of 2023-05-08 19:11:33"
[1] ":CFBI alpha_num 3 of 3"
[1] ":MCFP EstFun:"
[1] "elapsed: 18.51 minutes as of 2023-05-08 19:17:48"
[1] ":MCFP alpha_num 1 of 3"
[1] "elapsed: 23.57 minutes as of 2023-05-08 19:22:52"
[1] ":MCFP alpha_num 2 of 3"
[1] "elapsed: 28.59 minutes as of 2023-05-08 19:27:53"
[1] ":MCFP alpha_num 3 of 3"
[1] "elapsed: 35.6 minutes as of 2023-05-08 19:32:46"
[1] ":target ests:"
[1] "elapsed: 0 minutes as of 2023-05-08 19:32:46"
[1] "Var_row_num 1 of 9"
[1] "elapsed: 11.96 minutes as of 2023-05-08 19:44:44"
[1] "elapsed: 0 minutes as of 2023-05-08 19:44:44"
[1] "elapsed: 0 minutes as of 2023-05-08 19:44:44"
[1] "Var_row_num 2 of 9"
[1] "elapsed: 11.73 minutes as of 2023-05-08 19:56:27"
[1] "elapsed: 0 minutes as of 2023-05-08 19:56:27"
[1] "elapsed: 0 minutes as of 2023-05-08 19:56:27"
[1] "Var_row_num 3 of 9"
[1] "elapsed: 11.73 minutes as of 2023-05-08 20:08:11"
[1] "elapsed: 0 minutes as of 2023-05-08 20:08:11"
[1] "elapsed: 0 minutes as of 2023-05-08 20:08:11"
[1] "Var_row_num 4 of 9"
[1] "elapsed: 12 minutes as of 2023-05-08 20:20:11"
[1] "elapsed: 0 minutes as of 2023-05-08 20:20:11"
[1] "elapsed: 0 minutes as of 2023-05-08 20:20:11"
[1] "Var_row_num 5 of 9"
[1] "elapsed: 11.78 minutes as of 2023-05-08 20:31:58"
[1] "elapsed: 0 minutes as of 2023-05-08 20:31:58"
[1] "elapsed: 0 minutes as of 2023-05-08 20:31:58"
[1] "Var_row_num 6 of 9"
[1] "elapsed: 11.78 minutes as of 2023-05-08 20:43:45"
[1] "elapsed: 0 minutes as of 2023-05-08 20:43:45"
[1] "elapsed: 0 minutes as of 2023-05-08 20:43:45"
[1] "Var_row_num 7 of 9"
[1] "elapsed: 11.9 minutes as of 2023-05-08 20:55:40"
[1] "elapsed: 0 minutes as of 2023-05-08 20:55:40"
[1] "elapsed: 0 minutes as of 2023-05-08 20:55:40"
[1] "Var_row_num 8 of 9"
[1] "elapsed: 11.78 minutes as of 2023-05-08 21:07:26"
[1] "elapsed: 0 minutes as of 2023-05-08 21:07:26"
[1] "elapsed: 0 minutes as of 2023-05-08 21:07:26"
[1] "Var_row_num 9 of 9"
[1] "elapsed: 11.61 minutes as of 2023-05-08 21:19:03"
[1] "elapsed: 0 minutes as of 2023-05-08 21:19:03"
[1] "Done with all variance calculations"
[1] "Estimates and SE estimates computed"
[1] ""
[[1]]
[[1]]$pro.p
[[1]]$pro.p$est
  delta        mu      mu_1      mu_0         de        se_1        se_0
1   0.5 0.4213197 0.2417971 0.5546149 -0.3128178 0.015263796  0.01811402
2   1.0 0.3516078 0.2265333 0.5365009 -0.3099676 0.000000000  0.00000000
3   2.0 0.3046334 0.2305848 0.5173943 -0.2868095 0.004051497 -0.01910655
           oe         te
1  0.06971188 -0.2947038
2  0.00000000 -0.3099676
3 -0.04697447 -0.3059161

[[1]]$pro.p$se
  delta         mu        mu_1       mu_0         de       se_1       se_0
1   0.5 0.01726675 0.014009131 0.02457267 0.02493777 0.01073908 0.01972905
2   1.0 0.01108087 0.009889294 0.01515119 0.01363994 0.00000000 0.00000000
3   2.0 0.01859089 0.018963342 0.02393299 0.02397503 0.01526183 0.01845726
          oe         te
1 0.01344229 0.01689462
2 0.00000000 0.01363994
3 0.01497958 0.02138724


[[1]]$pro.np
[[1]]$pro.np$est
  delta        mu      mu_1      mu_0         de        se_1        se_0
1   0.5 0.4118784 0.2456543 0.5317865 -0.2861322 0.008439646  0.02070049
2   1.0 0.3507000 0.2372146 0.5110860 -0.2738713 0.000000000  0.00000000
3   2.0 0.3153824 0.2481671 0.5000391 -0.2518720 0.010952443 -0.01104689
           oe         te
1  0.06117838 -0.2654317
2  0.00000000 -0.2738713
3 -0.03531762 -0.2629189

[[1]]$pro.np$se
  delta         mu       mu_1       mu_0         de        se_1       se_0
1   0.5 0.01476087 0.01285767 0.01967467 0.01963904 0.009042882 0.01513228
2   1.0 0.01148053 0.01034955 0.01470084 0.01227600 0.000000000 0.00000000
3   2.0 0.01993196 0.02162674 0.02304755 0.02549281 0.017741641 0.01673353
          oe         te
1 0.01053153 0.01501787
2 0.00000000 0.01227600
3 0.01571375 0.02255891


[[1]]$ipw.p
[[1]]$ipw.p$est
  delta        mu      mu_1      mu_0         de        se_1        se_0
1   0.5 0.4399340 0.2470020 0.5836163 -0.3366143  0.02049477  0.04210483
2   1.0 0.3533953 0.2265073 0.5415115 -0.3150042  0.00000000  0.00000000
3   2.0 0.2932037 0.2204419 0.5069503 -0.2865084 -0.00606538 -0.03456115
           oe         te
1  0.08653876 -0.2945094
2  0.00000000 -0.3150042
3 -0.06019157 -0.3210696

[[1]]$ipw.p$se
  delta          mu        mu_1       mu_0         de       se_1       se_0
1   0.5 0.049177186 0.019017128 0.07518659 0.06433203 0.01813050 0.06918738
2   1.0 0.009001289 0.008933807 0.01640508 0.01789034 0.00000000 0.00000000
3   2.0 0.021129942 0.022192087 0.02666167 0.02331010 0.01924674 0.03066333
          oe         te
1 0.04676644 0.01788504
2 0.00000000 0.01789034
3 0.02180693 0.03094818


[[1]]$ipw.np
[[1]]$ipw.np$est
  delta        mu      mu_1      mu_0         de         se_1        se_0
1   0.5 0.4295270 0.2520634 0.5564181 -0.3043547  0.019030563  0.03148619
2   1.0 0.3533953 0.2330329 0.5249319 -0.2918991  0.000000000  0.00000000
3   2.0 0.2959247 0.2274416 0.4884292 -0.2609876 -0.005591228 -0.03650274
           oe         te
1  0.07613170 -0.2728685
2  0.00000000 -0.2918991
3 -0.05747061 -0.2974903

[[1]]$ipw.np$se
  delta          mu        mu_1       mu_0         de       se_1       se_0
1   0.5 0.046373197 0.018933122 0.06892514 0.05824755 0.01810471 0.06312348
2   1.0 0.009001289 0.009207114 0.01592324 0.01761907 0.00000000 0.00000000
3   2.0 0.021609363 0.023109667 0.02589201 0.02292699 0.01998026 0.02962789
          oe         te
1 0.04400600 0.01783242
2 0.00000000 0.01761907
3 0.02215093 0.03134117


[[1]]$bar.p
[[1]]$bar.p$est
  delta        mu      mu_1      mu_0 de se_1 se_0 oe te
1   0.5 0.4389779 0.2612344 0.5684221  0    0    0  0  0
2   1.0 0.3585940 0.2359643 0.5295012  0    0    0  0  0
3   2.0 0.2795219 0.2063733 0.4643785  0    0    0  0  0

[[1]]$bar.p$se
  delta          mu        mu_1       mu_0 de se_1 se_0 oe te
1   0.5 0.027584726 0.022294855 0.03126092  0    0    0  0  0
2   1.0 0.008766591 0.009605135 0.01378956  0    0    0  0  0
3   2.0 0.012278784 0.011832168 0.03042705  0    0    0  0  0



[1] "Total run time was 10337.971 seconds"
