WARNING: ignoring environment value of R_HOME

Attaching package: ‘dplyr’

The following objects are masked from ‘package:stats’:

    filter, lag

The following objects are masked from ‘package:base’:

    intersect, setdiff, setequal, union

Loading required package: splines
Loading required package: foreach
Loaded gam 1.20.2

Super Learner
Version: 2.0-28
Package created on 2021-05-04

Loading required package: lattice
Loading required package: ggplot2
Loading required package: Matrix
Loaded glmnet 4.1-7
Loading required package: Formula
Loading required package: plotmo
Loading required package: plotrix
Loading required package: TeachingDemos
Loaded gbm 2.1.8.1

Attaching package: ‘xgboost’

The following object is masked from ‘package:dplyr’:

    slice

[1] "[Simulation setting]"
[1] "m: 500"
[1] "deltas: 0.5, 1, 2"
[1] "alphas: 0.4251, 0.5948, 0.7448"
[1] "Sim.id 1"
[1] "Data generated"
[1] "Proposed & IPW estimators"
[1] "   Split: 1"
[1] "   Split: 2"
[1] "Barkley estimators"
[1] "I. Estimate GLMER model"
[1] "IB. get MCFP vecs"
[1] "II. Estimate CFBI"
[1] "II. solving for alpha_num 1 of 3 ; alpha= 0.425133170705204"
[1] "elapsed: 6.41 minutes as of 2023-05-08 18:39:12"
[1] "II. solving for alpha_num 2 of 3 ; alpha= 0.594849404255532"
[1] "elapsed: 7.16 minutes as of 2023-05-08 18:46:22"
[1] "II. solving for alpha_num 3 of 3 ; alpha= 0.744822889124285"
[1] "elapsed: 7.96 minutes as of 2023-05-08 18:54:20"
[1] "III. Estimate MCFP"
[1] "III. alpha num 1 of 3"
[1] "elapsed: 0.61 minutes as of 2023-05-08 18:54:56"
[1] "III. alpha num 2 of 3"
[1] "elapsed: 1.23 minutes as of 2023-05-08 18:55:34"
[1] "III. alpha num 3 of 3"
[1] "elapsed: 1.85 minutes as of 2023-05-08 18:56:11"
[1] "IV. Target estimates"
[1] "Beginning variance calculations. This may take some time."
[1] "V. Variance estimates"
[1] ":model stuff:"
[1] "elapsed: 1.95 minutes as of 2023-05-08 18:58:13"
[1] ":CFBI EstFun:"
[1] "elapsed: 0 minutes as of 2023-05-08 18:58:13"
[1] ":CFBI alpha_num 1 of 3"
[1] "elapsed: 5.58 minutes as of 2023-05-08 19:03:48"
[1] ":CFBI alpha_num 2 of 3"
[1] "elapsed: 11.18 minutes as of 2023-05-08 19:09:24"
[1] ":CFBI alpha_num 3 of 3"
[1] ":MCFP EstFun:"
[1] "elapsed: 16.76 minutes as of 2023-05-08 19:14:58"
[1] ":MCFP alpha_num 1 of 3"
[1] "elapsed: 21.02 minutes as of 2023-05-08 19:19:14"
[1] ":MCFP alpha_num 2 of 3"
[1] "elapsed: 25.39 minutes as of 2023-05-08 19:23:36"
[1] ":MCFP alpha_num 3 of 3"
[1] "elapsed: 31.6 minutes as of 2023-05-08 19:27:51"
[1] ":target ests:"
[1] "elapsed: 0 minutes as of 2023-05-08 19:27:52"
[1] "Var_row_num 1 of 9"
[1] "elapsed: 10.77 minutes as of 2023-05-08 19:38:38"
[1] "elapsed: 0 minutes as of 2023-05-08 19:38:38"
[1] "elapsed: 0 minutes as of 2023-05-08 19:38:38"
[1] "Var_row_num 2 of 9"
[1] "elapsed: 10.88 minutes as of 2023-05-08 19:49:31"
[1] "elapsed: 0 minutes as of 2023-05-08 19:49:31"
[1] "elapsed: 0 minutes as of 2023-05-08 19:49:31"
[1] "Var_row_num 3 of 9"
[1] "elapsed: 10.92 minutes as of 2023-05-08 20:00:26"
[1] "elapsed: 0 minutes as of 2023-05-08 20:00:26"
[1] "elapsed: 0 minutes as of 2023-05-08 20:00:26"
[1] "Var_row_num 4 of 9"
[1] "elapsed: 10.9 minutes as of 2023-05-08 20:11:20"
[1] "elapsed: 0 minutes as of 2023-05-08 20:11:20"
[1] "elapsed: 0 minutes as of 2023-05-08 20:11:20"
[1] "Var_row_num 5 of 9"
[1] "elapsed: 10.92 minutes as of 2023-05-08 20:22:15"
[1] "elapsed: 0 minutes as of 2023-05-08 20:22:15"
[1] "elapsed: 0 minutes as of 2023-05-08 20:22:15"
[1] "Var_row_num 6 of 9"
[1] "elapsed: 10.79 minutes as of 2023-05-08 20:33:02"
[1] "elapsed: 0 minutes as of 2023-05-08 20:33:02"
[1] "elapsed: 0 minutes as of 2023-05-08 20:33:02"
[1] "Var_row_num 7 of 9"
[1] "elapsed: 10.36 minutes as of 2023-05-08 20:43:24"
[1] "elapsed: 0 minutes as of 2023-05-08 20:43:24"
[1] "elapsed: 0 minutes as of 2023-05-08 20:43:24"
[1] "Var_row_num 8 of 9"
[1] "elapsed: 10.35 minutes as of 2023-05-08 20:53:45"
[1] "elapsed: 0 minutes as of 2023-05-08 20:53:45"
[1] "elapsed: 0 minutes as of 2023-05-08 20:53:45"
[1] "Var_row_num 9 of 9"
[1] "elapsed: 10.37 minutes as of 2023-05-08 21:04:07"
[1] "elapsed: 0 minutes as of 2023-05-08 21:04:07"
[1] "Done with all variance calculations"
[1] "Estimates and SE estimates computed"
[1] ""
[[1]]
[[1]]$pro.p
[[1]]$pro.p$est
  delta        mu      mu_1      mu_0         de        se_1        se_0
1   0.5 0.4331529 0.2515514 0.5734797 -0.3219282  0.02630148  0.04687945
2   1.0 0.3444437 0.2252500 0.5266002 -0.3013502  0.00000000  0.00000000
3   2.0 0.2563797 0.1766111 0.4989524 -0.3223413 -0.04863887 -0.02764777
           oe         te
1  0.08870928 -0.2750488
2  0.00000000 -0.3013502
3 -0.08806397 -0.3499891

[[1]]$pro.p$se
  delta         mu       mu_1       mu_0         de       se_1       se_0
1   0.5 0.01552054 0.01483573 0.02205590 0.02466399 0.01142742 0.01618810
2   1.0 0.01130009 0.01013523 0.01584450 0.01483169 0.00000000 0.00000000
3   2.0 0.01574415 0.01445187 0.02245755 0.01888637 0.01068273 0.01761192
          oe         te
1 0.01173280 0.01857060
2 0.00000000 0.01483169
3 0.01212947 0.01878207


[[1]]$pro.np
[[1]]$pro.np$est
  delta        mu      mu_1      mu_0         de        se_1        se_0
1   0.5 0.4220653 0.2654048 0.5385333 -0.2731286  0.02776075  0.03186979
2   1.0 0.3468991 0.2376440 0.5066635 -0.2690195  0.00000000  0.00000000
3   2.0 0.2679774 0.1909891 0.4906062 -0.2996171 -0.04665494 -0.01605735
           oe         te
1  0.07516628 -0.2412588
2  0.00000000 -0.2690195
3 -0.07892169 -0.3156745

[[1]]$pro.np$se
  delta         mu       mu_1       mu_0         de       se_1       se_0
1   0.5 0.01468569 0.01436740 0.02055884 0.02320722 0.01074174 0.01520737
2   1.0 0.01152216 0.01038324 0.01516491 0.01333915 0.00000000 0.00000000
3   2.0 0.01687599 0.01573189 0.02238514 0.01841776 0.01182100 0.01731064
          oe         te
1 0.01076455 0.01718156
2 0.00000000 0.01333915
3 0.01296613 0.01858982


[[1]]$ipw.p
[[1]]$ipw.p$est
  delta        mu      mu_1      mu_0         de        se_1        se_0
1   0.5 0.4007575 0.2489420 0.5195692 -0.2706272  0.02014836 -0.00981216
2   1.0 0.3481760 0.2287937 0.5293814 -0.3005877  0.00000000  0.00000000
3   2.0 0.2707797 0.1917909 0.5090323 -0.3172415 -0.03700281 -0.02034904
           oe         te
1  0.05258156 -0.2804393
2  0.00000000 -0.3005877
3 -0.07739626 -0.3375905

[[1]]$ipw.p$se
  delta          mu        mu_1       mu_0         de       se_1       se_0
1   0.5 0.032187792 0.018015621 0.04920870 0.04333899 0.01659598 0.04177079
2   1.0 0.008909684 0.008861369 0.01611959 0.01743434 0.00000000 0.00000000
3   2.0 0.016032176 0.015418729 0.02512986 0.02062176 0.01311907 0.02896699
          oe         te
1 0.02925568 0.01805820
2 0.00000000 0.01743434
3 0.01688399 0.02490614


[[1]]$ipw.np
[[1]]$ipw.np$est
  delta        mu      mu_1      mu_0         de        se_1        se_0
1   0.5 0.3958744 0.2546695 0.5030340 -0.2483645  0.02068633 -0.01258899
2   1.0 0.3481760 0.2339832 0.5156230 -0.2816399  0.00000000  0.00000000
3   2.0 0.2748284 0.1975041 0.4994744 -0.3019703 -0.03647904 -0.01614863
           oe         te
1  0.04769843 -0.2609535
2  0.00000000 -0.2816399
3 -0.07334762 -0.3181189

[[1]]$ipw.np$se
  delta          mu       mu_1       mu_0         de       se_1       se_0
1   0.5 0.031993193 0.01824369 0.04813480 0.04221889 0.01684869 0.04116804
2   1.0 0.008909684 0.00906038 0.01568822 0.01711863 0.00000000 0.00000000
3   2.0 0.016803163 0.01628505 0.02489845 0.01980212 0.01389170 0.02845846
          oe         te
1 0.02920495 0.01809317
2 0.00000000 0.01711863
3 0.01748856 0.02512326


[[1]]$bar.p
[[1]]$bar.p$est
  delta        mu      mu_1      mu_0 de se_1 se_0 oe te
1   0.5 0.4143671 0.2552459 0.5398340  0    0    0  0  0
2   1.0 0.3558348 0.2411350 0.5235993  0    0    0  0  0
3   2.0 0.2681060 0.1945367 0.4592967  0    0    0  0  0

[[1]]$bar.p$se
  delta          mu        mu_1       mu_0 de se_1 se_0 oe te
1   0.5 0.018446079 0.020569614 0.02252196  0    0    0  0  0
2   1.0 0.008614455 0.009834611 0.01312505  0    0    0  0  0
3   2.0 0.010115827 0.009645692 0.02514043  0    0    0  0  0



[1] "Total run time was 9442.292 seconds"
