WARNING: ignoring environment value of R_HOME

Attaching package: ‘dplyr’

The following objects are masked from ‘package:stats’:

    filter, lag

The following objects are masked from ‘package:base’:

    intersect, setdiff, setequal, union

Loading required package: splines
Loading required package: foreach
Loaded gam 1.20.2

Super Learner
Version: 2.0-28
Package created on 2021-05-04

Loading required package: lattice
Loading required package: ggplot2
Loading required package: Matrix
Loaded glmnet 4.1-7
Loading required package: Formula
Loading required package: plotmo
Loading required package: plotrix
Loading required package: TeachingDemos
Loaded gbm 2.1.8.1

Attaching package: ‘xgboost’

The following object is masked from ‘package:dplyr’:

    slice

[1] "[Simulation setting]"
[1] "m: 500"
[1] "deltas: 0.5, 1, 2"
[1] "alphas: 0.4251, 0.5948, 0.7448"
[1] "Sim.id 1"
[1] "Data generated"
[1] "Proposed & IPW estimators"
[1] "   Split: 1"
[1] "   Split: 2"
[1] "Barkley estimators"
[1] "I. Estimate GLMER model"
[1] "IB. get MCFP vecs"
[1] "II. Estimate CFBI"
[1] "II. solving for alpha_num 1 of 3 ; alpha= 0.425133170705204"
[1] "elapsed: 6.24 minutes as of 2023-05-08 19:29:07"
[1] "II. solving for alpha_num 2 of 3 ; alpha= 0.594849404255532"
[1] "elapsed: 6.19 minutes as of 2023-05-08 19:35:18"
[1] "II. solving for alpha_num 3 of 3 ; alpha= 0.744822889124285"
[1] "elapsed: 6.17 minutes as of 2023-05-08 19:41:28"
[1] "III. Estimate MCFP"
[1] "III. alpha num 1 of 3"
[1] "elapsed: 0.61 minutes as of 2023-05-08 19:42:05"
[1] "III. alpha num 2 of 3"
[1] "elapsed: 1.21 minutes as of 2023-05-08 19:42:41"
[1] "III. alpha num 3 of 3"
[1] "elapsed: 1.82 minutes as of 2023-05-08 19:43:18"
[1] "IV. Target estimates"
[1] "Beginning variance calculations. This may take some time."
[1] "V. Variance estimates"
[1] ":model stuff:"
[1] "elapsed: 1.89 minutes as of 2023-05-08 19:45:16"
[1] ":CFBI EstFun:"
[1] "elapsed: 0 minutes as of 2023-05-08 19:45:16"
[1] ":CFBI alpha_num 1 of 3"
[1] "elapsed: 5.4 minutes as of 2023-05-08 19:50:40"
[1] ":CFBI alpha_num 2 of 3"
[1] "elapsed: 10.81 minutes as of 2023-05-08 19:56:04"
[1] ":CFBI alpha_num 3 of 3"
[1] ":MCFP EstFun:"
[1] "elapsed: 16.21 minutes as of 2023-05-08 20:01:29"
[1] ":MCFP alpha_num 1 of 3"
[1] "elapsed: 20.48 minutes as of 2023-05-08 20:05:45"
[1] ":MCFP alpha_num 2 of 3"
[1] "elapsed: 24.74 minutes as of 2023-05-08 20:10:00"
[1] ":MCFP alpha_num 3 of 3"
[1] "elapsed: 30.86 minutes as of 2023-05-08 20:14:14"
[1] ":target ests:"
[1] "elapsed: 0 minutes as of 2023-05-08 20:14:14"
[1] "Var_row_num 1 of 9"
[1] "elapsed: 10.64 minutes as of 2023-05-08 20:24:52"
[1] "elapsed: 0 minutes as of 2023-05-08 20:24:52"
[1] "elapsed: 0 minutes as of 2023-05-08 20:24:52"
[1] "Var_row_num 2 of 9"
[1] "elapsed: 10.78 minutes as of 2023-05-08 20:35:39"
[1] "elapsed: 0 minutes as of 2023-05-08 20:35:39"
[1] "elapsed: 0 minutes as of 2023-05-08 20:35:39"
[1] "Var_row_num 3 of 9"
[1] "elapsed: 10.92 minutes as of 2023-05-08 20:46:34"
[1] "elapsed: 0 minutes as of 2023-05-08 20:46:34"
[1] "elapsed: 0 minutes as of 2023-05-08 20:46:34"
[1] "Var_row_num 4 of 9"
[1] "elapsed: 11.13 minutes as of 2023-05-08 20:57:42"
[1] "elapsed: 0 minutes as of 2023-05-08 20:57:42"
[1] "elapsed: 0 minutes as of 2023-05-08 20:57:42"
[1] "Var_row_num 5 of 9"
[1] "elapsed: 11.41 minutes as of 2023-05-08 21:09:07"
[1] "elapsed: 0 minutes as of 2023-05-08 21:09:07"
[1] "elapsed: 0 minutes as of 2023-05-08 21:09:07"
[1] "Var_row_num 6 of 9"
[1] "elapsed: 11.11 minutes as of 2023-05-08 21:20:13"
[1] "elapsed: 0 minutes as of 2023-05-08 21:20:13"
[1] "elapsed: 0 minutes as of 2023-05-08 21:20:13"
[1] "Var_row_num 7 of 9"
[1] "elapsed: 11.05 minutes as of 2023-05-08 21:31:17"
[1] "elapsed: 0 minutes as of 2023-05-08 21:31:17"
[1] "elapsed: 0 minutes as of 2023-05-08 21:31:17"
[1] "Var_row_num 8 of 9"
[1] "elapsed: 11.16 minutes as of 2023-05-08 21:42:26"
[1] "elapsed: 0 minutes as of 2023-05-08 21:42:26"
[1] "elapsed: 0 minutes as of 2023-05-08 21:42:26"
[1] "Var_row_num 9 of 9"
[1] "elapsed: 11.02 minutes as of 2023-05-08 21:53:27"
[1] "elapsed: 0 minutes as of 2023-05-08 21:53:27"
[1] "Done with all variance calculations"
[1] "Estimates and SE estimates computed"
[1] ""
[[1]]
[[1]]$pro.p
[[1]]$pro.p$est
  delta        mu      mu_1      mu_0         de        se_1        se_0
1   0.5 0.4639852 0.2636314 0.6081212 -0.3444898  0.02746253  0.04817579
2   1.0 0.3692111 0.2361689 0.5599454 -0.3237766  0.00000000  0.00000000
3   2.0 0.3055576 0.2247613 0.5408173 -0.3160560 -0.01140759 -0.01912813
           oe         te
1  0.09477406 -0.2963140
2  0.00000000 -0.3237766
3 -0.06365350 -0.3351841

[[1]]$pro.p$se
  delta         mu       mu_1       mu_0         de       se_1       se_0
1   0.5 0.01806304 0.01517805 0.02478814 0.02530910 0.01135849 0.01951075
2   1.0 0.01185075 0.01058559 0.01599543 0.01469131 0.00000000 0.00000000
3   2.0 0.01761891 0.01861348 0.02550264 0.02780104 0.01548408 0.02005156
          oe         te
1 0.01356563 0.01745768
2 0.00000000 0.01469131
3 0.01492268 0.02315768


[[1]]$pro.np
[[1]]$pro.np$est
  delta        mu      mu_1      mu_0         de        se_1        se_0
1   0.5 0.4553446 0.2847365 0.5711177 -0.2863812  0.03750721  0.03616185
2   1.0 0.3698841 0.2472292 0.5349558 -0.2877266  0.00000000  0.00000000
3   2.0 0.2952142 0.2209882 0.4943281 -0.2733399 -0.02624102 -0.04062770
           oe         te
1  0.08546048 -0.2502194
2  0.00000000 -0.2877266
3 -0.07466992 -0.3139676

[[1]]$pro.np$se
  delta         mu       mu_1       mu_0         de        se_1       se_0
1   0.5 0.01613194 0.01398949 0.01986287 0.01781626 0.009657814 0.01436636
2   1.0 0.01209612 0.01069713 0.01561983 0.01315058 0.000000000 0.00000000
3   2.0 0.01905701 0.01908839 0.02510615 0.02409756 0.015580000 0.01921523
          oe         te
1 0.01106947 0.01510601
2 0.00000000 0.01315058
3 0.01552607 0.02206458


[[1]]$ipw.p
[[1]]$ipw.p$est
  delta        mu      mu_1      mu_0         de        se_1        se_0
1   0.5 0.4498935 0.2618761 0.5859547 -0.3240787 0.024256418  0.02284383
2   1.0 0.3719538 0.2376196 0.5631109 -0.3254913 0.000000000  0.00000000
3   2.0 0.3204064 0.2389924 0.5527061 -0.3137138 0.001372729 -0.01040477
           oe         te
1  0.07793970 -0.3012348
2  0.00000000 -0.3254913
3 -0.05154741 -0.3241185

[[1]]$ipw.p$se
  delta          mu        mu_1       mu_0         de       se_1       se_0
1   0.5 0.042687115 0.019112073 0.06454386 0.05510996 0.01798181 0.05683402
2   1.0 0.009169916 0.009428657 0.01658517 0.01842772 0.00000000 0.00000000
3   2.0 0.025170034 0.028027823 0.03011431 0.03087209 0.02530157 0.03391912
          oe         te
1 0.03958057 0.01785718
2 0.00000000 0.01842772
3 0.02567263 0.03576225


[[1]]$ipw.np
[[1]]$ipw.np$est
  delta        mu      mu_1      mu_0         de          se_1        se_0
1   0.5 0.4460943 0.2669285 0.5698520 -0.3029236  0.0232113333  0.02216587
2   1.0 0.3719538 0.2437171 0.5476862 -0.3039690  0.0000000000  0.00000000
3   2.0 0.3195969 0.2428871 0.5298430 -0.2869559 -0.0008300407 -0.01784315
           oe         te
1  0.07414053 -0.2807577
2  0.00000000 -0.3039690
3 -0.05235693 -0.3047991

[[1]]$ipw.np$se
  delta          mu        mu_1       mu_0         de       se_1       se_0
1   0.5 0.043049623 0.018890549 0.06436315 0.05539109 0.01773707 0.05700222
2   1.0 0.009169916 0.009664362 0.01625476 0.01817501 0.00000000 0.00000000
3   2.0 0.025268714 0.028611472 0.02867855 0.02994793 0.02586253 0.03228413
          oe         te
1 0.04001642 0.01748798
2 0.00000000 0.01817501
3 0.02573774 0.03598925


[[1]]$bar.p
[[1]]$bar.p$est
  delta        mu      mu_1      mu_0 de se_1 se_0 oe te
1   0.5 0.4474798 0.2684640 0.5832041  0    0    0  0  0
2   1.0 0.3669997 0.2437100 0.5394239  0    0    0  0  0
3   2.0 0.3025125 0.2238465 0.4954504  0    0    0  0  0

[[1]]$bar.p$se
  delta          mu       mu_1       mu_0 de se_1 se_0 oe te
1   0.5 0.024744943 0.02149618 0.02922615  0    0    0  0  0
2   1.0 0.008848139 0.01010730 0.01367004  0    0    0  0  0
3   2.0 0.014343030 0.01481051 0.03477425  0    0    0  0  0



[1] "Total run time was 9389.096 seconds"
