WARNING: ignoring environment value of R_HOME

Attaching package: ‘dplyr’

The following objects are masked from ‘package:stats’:

    filter, lag

The following objects are masked from ‘package:base’:

    intersect, setdiff, setequal, union

Loading required package: splines
Loading required package: foreach
Loaded gam 1.20.2

Super Learner
Version: 2.0-28
Package created on 2021-05-04

Loading required package: lattice
Loading required package: ggplot2
Loading required package: Matrix
Loaded glmnet 4.1-7
Loading required package: Formula
Loading required package: plotmo
Loading required package: plotrix
Loading required package: TeachingDemos
Loaded gbm 2.1.8.1

Attaching package: ‘xgboost’

The following object is masked from ‘package:dplyr’:

    slice

[1] "[Simulation setting]"
[1] "m: 500"
[1] "deltas: 0.5, 1, 2"
[1] "alphas: 0.4251, 0.5948, 0.7448"
[1] "Sim.id 1"
[1] "Data generated"
[1] "Proposed & IPW estimators"
[1] "   Split: 1"
[1] "   Split: 2"
[1] "Barkley estimators"
[1] "I. Estimate GLMER model"
[1] "IB. get MCFP vecs"
[1] "II. Estimate CFBI"
[1] "II. solving for alpha_num 1 of 3 ; alpha= 0.425133170705204"
[1] "elapsed: 6.47 minutes as of 2023-05-08 21:16:09"
[1] "II. solving for alpha_num 2 of 3 ; alpha= 0.594849404255532"
[1] "elapsed: 7.28 minutes as of 2023-05-08 21:23:26"
[1] "II. solving for alpha_num 3 of 3 ; alpha= 0.744822889124285"
[1] "elapsed: 6.47 minutes as of 2023-05-08 21:29:54"
[1] "III. Estimate MCFP"
[1] "III. alpha num 1 of 3"
[1] "elapsed: 0.65 minutes as of 2023-05-08 21:30:33"
[1] "III. alpha num 2 of 3"
[1] "elapsed: 1.33 minutes as of 2023-05-08 21:31:14"
[1] "III. alpha num 3 of 3"
[1] "elapsed: 1.99 minutes as of 2023-05-08 21:31:54"
[1] "IV. Target estimates"
[1] "Beginning variance calculations. This may take some time."
[1] "V. Variance estimates"
[1] ":model stuff:"
[1] "elapsed: 2.06 minutes as of 2023-05-08 21:34:02"
[1] ":CFBI EstFun:"
[1] "elapsed: 0 minutes as of 2023-05-08 21:34:02"
[1] ":CFBI alpha_num 1 of 3"
[1] "elapsed: 5.68 minutes as of 2023-05-08 21:39:43"
[1] ":CFBI alpha_num 2 of 3"
[1] "elapsed: 11.35 minutes as of 2023-05-08 21:45:23"
[1] ":CFBI alpha_num 3 of 3"
[1] ":MCFP EstFun:"
[1] "elapsed: 17.04 minutes as of 2023-05-08 21:51:04"
[1] ":MCFP alpha_num 1 of 3"
[1] "elapsed: 21.63 minutes as of 2023-05-08 21:55:40"
[1] ":MCFP alpha_num 2 of 3"
[1] "elapsed: 26.36 minutes as of 2023-05-08 22:00:23"
[1] ":MCFP alpha_num 3 of 3"
[1] "elapsed: 32.98 minutes as of 2023-05-08 22:04:58"
[1] ":target ests:"
[1] "elapsed: 0 minutes as of 2023-05-08 22:04:58"
[1] "Var_row_num 1 of 9"
[1] "elapsed: 11.18 minutes as of 2023-05-08 22:16:09"
[1] "elapsed: 0 minutes as of 2023-05-08 22:16:09"
[1] "elapsed: 0 minutes as of 2023-05-08 22:16:09"
[1] "Var_row_num 2 of 9"
[1] "elapsed: 11.24 minutes as of 2023-05-08 22:27:23"
[1] "elapsed: 0 minutes as of 2023-05-08 22:27:23"
[1] "elapsed: 0 minutes as of 2023-05-08 22:27:23"
[1] "Var_row_num 3 of 9"
[1] "elapsed: 10.92 minutes as of 2023-05-08 22:38:18"
[1] "elapsed: 0 minutes as of 2023-05-08 22:38:18"
[1] "elapsed: 0 minutes as of 2023-05-08 22:38:18"
[1] "Var_row_num 4 of 9"
[1] "elapsed: 11.4 minutes as of 2023-05-08 22:49:42"
[1] "elapsed: 0 minutes as of 2023-05-08 22:49:42"
[1] "elapsed: 0 minutes as of 2023-05-08 22:49:42"
[1] "Var_row_num 5 of 9"
[1] "elapsed: 11.54 minutes as of 2023-05-08 23:01:15"
[1] "elapsed: 0 minutes as of 2023-05-08 23:01:15"
[1] "elapsed: 0 minutes as of 2023-05-08 23:01:15"
[1] "Var_row_num 6 of 9"
[1] "elapsed: 11.55 minutes as of 2023-05-08 23:12:48"
[1] "elapsed: 0 minutes as of 2023-05-08 23:12:48"
[1] "elapsed: 0 minutes as of 2023-05-08 23:12:48"
[1] "Var_row_num 7 of 9"
[1] "elapsed: 11.57 minutes as of 2023-05-08 23:24:22"
[1] "elapsed: 0 minutes as of 2023-05-08 23:24:22"
[1] "elapsed: 0 minutes as of 2023-05-08 23:24:22"
[1] "Var_row_num 8 of 9"
[1] "elapsed: 11.56 minutes as of 2023-05-08 23:35:56"
[1] "elapsed: 0 minutes as of 2023-05-08 23:35:56"
[1] "elapsed: 0 minutes as of 2023-05-08 23:35:56"
[1] "Var_row_num 9 of 9"
[1] "elapsed: 11.6 minutes as of 2023-05-08 23:47:32"
[1] "elapsed: 0 minutes as of 2023-05-08 23:47:32"
[1] "Done with all variance calculations"
[1] "Estimates and SE estimates computed"
[1] ""
[[1]]
[[1]]$pro.p
[[1]]$pro.p$est
  delta        mu      mu_1      mu_0         de        se_1        se_0
1   0.5 0.4591914 0.2689611 0.5989446 -0.3299835  0.02873719  0.02411738
2   1.0 0.3760608 0.2402239 0.5748272 -0.3346033  0.00000000  0.00000000
3   2.0 0.2864863 0.1930655 0.5586846 -0.3656191 -0.04715834 -0.01614259
           oe         te
1  0.08313068 -0.3058662
2  0.00000000 -0.3346033
3 -0.08957446 -0.3817617

[[1]]$pro.p$se
  delta         mu       mu_1       mu_0         de       se_1       se_0
1   0.5 0.01923897 0.01687999 0.02544321 0.02490267 0.01385036 0.02038561
2   1.0 0.01149591 0.01068046 0.01502112 0.01371299 0.00000000 0.00000000
3   2.0 0.02552523 0.02914965 0.02384230 0.03028222 0.02644147 0.01859510
          oe         te
1 0.01556082 0.01852899
2 0.00000000 0.01371299
3 0.02243528 0.03075781


[[1]]$pro.np
[[1]]$pro.np$est
  delta        mu      mu_1      mu_0         de        se_1        se_0
1   0.5 0.4451408 0.2684224 0.5693624 -0.3009400  0.01517644  0.01886536
2   1.0 0.3768133 0.2532460 0.5504971 -0.2972511  0.00000000  0.00000000
3   2.0 0.2927684 0.2089913 0.5311629 -0.3221717 -0.04425471 -0.01933415
           oe         te
1  0.06832759 -0.2820747
2  0.00000000 -0.2972511
3 -0.08404481 -0.3415058

[[1]]$pro.np$se
  delta         mu       mu_1       mu_0         de       se_1       se_0
1   0.5 0.01636411 0.01485848 0.02125795 0.02117064 0.01130825 0.01615834
2   1.0 0.01166209 0.01103324 0.01442034 0.01245420 0.00000000 0.00000000
3   2.0 0.02417776 0.02732110 0.02230633 0.02765926 0.02381372 0.01670476
          oe         te
1 0.01236757 0.01555250
2 0.00000000 0.01245420
3 0.02038638 0.02817103


[[1]]$ipw.p
[[1]]$ipw.p$est
  delta        mu      mu_1      mu_0         de        se_1        se_0
1   0.5 0.4479787 0.2663506 0.5810212 -0.3146706  0.02969378  0.01473309
2   1.0 0.3701693 0.2366568 0.5662882 -0.3296313  0.00000000  0.00000000
3   2.0 0.2865327 0.2033543 0.5307020 -0.3273477 -0.03330248 -0.03558613
          oe         te
1  0.0778094 -0.2999375
2  0.0000000 -0.3296313
3 -0.0836366 -0.3629338

[[1]]$ipw.p$se
  delta          mu        mu_1       mu_0         de       se_1       se_0
1   0.5 0.042328533 0.023681466 0.05904848 0.04417184 0.02264592 0.05114855
2   1.0 0.009470558 0.009562554 0.01650075 0.01778929 0.00000000 0.00000000
3   2.0 0.017180879 0.017597516 0.02462301 0.02180088 0.01449923 0.02840438
          oe         te
1 0.03920462 0.02184180
2 0.00000000 0.01778929
3 0.01772737 0.02692324


[[1]]$ipw.np
[[1]]$ipw.np$est
  delta        mu      mu_1      mu_0         de        se_1        se_0
1   0.5 0.4412338 0.2692756 0.5642443 -0.2949686  0.02750176  0.01064162
2   1.0 0.3701693 0.2417739 0.5536026 -0.3118288  0.00000000  0.00000000
3   2.0 0.2914278 0.2112372 0.5196669 -0.3084297 -0.03053666 -0.03393572
           oe         te
1  0.07106449 -0.2843270
2  0.00000000 -0.3118288
3 -0.07874150 -0.3423654

[[1]]$ipw.np$se
  delta          mu       mu_1       mu_0         de       se_1       se_0
1   0.5 0.040749443 0.02311425 0.05648916 0.04239993 0.02212764 0.04881591
2   1.0 0.009470558 0.00974553 0.01618199 0.01757719 0.00000000 0.00000000
3   2.0 0.018064173 0.01875376 0.02452433 0.02158969 0.01549565 0.02810109
          oe         te
1 0.03770395 0.02129297
2 0.00000000 0.01757719
3 0.01843138 0.02753426


[[1]]$bar.p
[[1]]$bar.p$est
  delta        mu      mu_1      mu_0 de se_1 se_0 oe te
1   0.5 0.4497997 0.2737540 0.5837167  0    0    0  0  0
2   1.0 0.3712495 0.2428211 0.5503382  0    0    0  0  0
3   2.0 0.2806457 0.2034535 0.4697532  0    0    0  0  0

[[1]]$bar.p$se
  delta          mu        mu_1       mu_0 de se_1 se_0 oe te
1   0.5 0.023155608 0.025065983 0.02499166  0    0    0  0  0
2   1.0 0.008866673 0.009783786 0.01354030  0    0    0  0  0
3   2.0 0.013018415 0.012675585 0.02761230  0    0    0  0  0



[1] "Total run time was 9775.915 seconds"
