WARNING: ignoring environment value of R_HOME

Attaching package: ‘dplyr’

The following objects are masked from ‘package:stats’:

    filter, lag

The following objects are masked from ‘package:base’:

    intersect, setdiff, setequal, union

Loading required package: splines
Loading required package: foreach
Loaded gam 1.20.2

Super Learner
Version: 2.0-28
Package created on 2021-05-04

Loading required package: lattice
Loading required package: ggplot2
Loading required package: Matrix
Loaded glmnet 4.1-7
Loading required package: Formula
Loading required package: plotmo
Loading required package: plotrix
Loading required package: TeachingDemos
Loaded gbm 2.1.8.1

Attaching package: ‘xgboost’

The following object is masked from ‘package:dplyr’:

    slice

[1] "[Simulation setting]"
[1] "m: 500"
[1] "deltas: 0.5, 1, 2"
[1] "alphas: 0.4251, 0.5948, 0.7448"
[1] "Sim.id 1"
[1] "Data generated"
[1] "Proposed & IPW estimators"
[1] "   Split: 1"
[1] "   Split: 2"
[1] "Barkley estimators"
[1] "I. Estimate GLMER model"
[1] "IB. get MCFP vecs"
[1] "II. Estimate CFBI"
[1] "II. solving for alpha_num 1 of 3 ; alpha= 0.425133170705204"
[1] "elapsed: 5.52 minutes as of 2023-05-08 18:50:49"
[1] "II. solving for alpha_num 2 of 3 ; alpha= 0.594849404255532"
[1] "elapsed: 5.5 minutes as of 2023-05-08 18:56:19"
[1] "II. solving for alpha_num 3 of 3 ; alpha= 0.744822889124285"
[1] "elapsed: 6.86 minutes as of 2023-05-08 19:03:11"
[1] "III. Estimate MCFP"
[1] "III. alpha num 1 of 3"
[1] "elapsed: 0.56 minutes as of 2023-05-08 19:03:44"
[1] "III. alpha num 2 of 3"
[1] "elapsed: 1.11 minutes as of 2023-05-08 19:04:17"
[1] "III. alpha num 3 of 3"
[1] "elapsed: 1.66 minutes as of 2023-05-08 19:04:50"
[1] "IV. Target estimates"
[1] "Beginning variance calculations. This may take some time."
[1] "V. Variance estimates"
[1] ":model stuff:"
[1] "elapsed: 1.64 minutes as of 2023-05-08 19:06:33"
[1] ":CFBI EstFun:"
[1] "elapsed: 0 minutes as of 2023-05-08 19:06:33"
[1] ":CFBI alpha_num 1 of 3"
[1] "elapsed: 4.8 minutes as of 2023-05-08 19:11:21"
[1] ":CFBI alpha_num 2 of 3"
[1] "elapsed: 9.49 minutes as of 2023-05-08 19:16:02"
[1] ":CFBI alpha_num 3 of 3"
[1] ":MCFP EstFun:"
[1] "elapsed: 13.77 minutes as of 2023-05-08 19:20:19"
[1] ":MCFP alpha_num 1 of 3"
[1] "elapsed: 17.62 minutes as of 2023-05-08 19:24:10"
[1] ":MCFP alpha_num 2 of 3"
[1] "elapsed: 21.49 minutes as of 2023-05-08 19:28:02"
[1] ":MCFP alpha_num 3 of 3"
[1] "elapsed: 26.96 minutes as of 2023-05-08 19:31:52"
[1] ":target ests:"
[1] "elapsed: 0 minutes as of 2023-05-08 19:31:52"
[1] "Var_row_num 1 of 9"
[1] "elapsed: 9.79 minutes as of 2023-05-08 19:41:39"
[1] "elapsed: 0 minutes as of 2023-05-08 19:41:39"
[1] "elapsed: 0 minutes as of 2023-05-08 19:41:39"
[1] "Var_row_num 2 of 9"
[1] "elapsed: 9.94 minutes as of 2023-05-08 19:51:36"
[1] "elapsed: 0 minutes as of 2023-05-08 19:51:36"
[1] "elapsed: 0 minutes as of 2023-05-08 19:51:36"
[1] "Var_row_num 3 of 9"
[1] "elapsed: 9.63 minutes as of 2023-05-08 20:01:14"
[1] "elapsed: 0 minutes as of 2023-05-08 20:01:14"
[1] "elapsed: 0 minutes as of 2023-05-08 20:01:14"
[1] "Var_row_num 4 of 9"
[1] "elapsed: 9.49 minutes as of 2023-05-08 20:10:43"
[1] "elapsed: 0 minutes as of 2023-05-08 20:10:43"
[1] "elapsed: 0 minutes as of 2023-05-08 20:10:43"
[1] "Var_row_num 5 of 9"
[1] "elapsed: 9.53 minutes as of 2023-05-08 20:20:15"
[1] "elapsed: 0 minutes as of 2023-05-08 20:20:15"
[1] "elapsed: 0 minutes as of 2023-05-08 20:20:15"
[1] "Var_row_num 6 of 9"
[1] "elapsed: 9.61 minutes as of 2023-05-08 20:29:52"
[1] "elapsed: 0 minutes as of 2023-05-08 20:29:52"
[1] "elapsed: 0 minutes as of 2023-05-08 20:29:52"
[1] "Var_row_num 7 of 9"
[1] "elapsed: 8.42 minutes as of 2023-05-08 20:38:17"
[1] "elapsed: 0 minutes as of 2023-05-08 20:38:17"
[1] "elapsed: 0 minutes as of 2023-05-08 20:38:17"
[1] "Var_row_num 8 of 9"
[1] "elapsed: 6.54 minutes as of 2023-05-08 20:44:49"
[1] "elapsed: 0 minutes as of 2023-05-08 20:44:49"
[1] "elapsed: 0 minutes as of 2023-05-08 20:44:49"
[1] "Var_row_num 9 of 9"
[1] "elapsed: 6.51 minutes as of 2023-05-08 20:51:20"
[1] "elapsed: 0 minutes as of 2023-05-08 20:51:20"
[1] "Done with all variance calculations"
[1] "Estimates and SE estimates computed"
[1] ""
[[1]]
[[1]]$pro.p
[[1]]$pro.p$est
  delta        mu      mu_1      mu_0         de        se_1         se_0
1   0.5 0.4607678 0.2945970 0.5807581 -0.2861611  0.04736121 -0.005099318
2   1.0 0.3865703 0.2472358 0.5858574 -0.3386217  0.00000000  0.000000000
3   2.0 0.2833587 0.1955498 0.5428615 -0.3473117 -0.05168598 -0.042995974
           oe         te
1  0.07419756 -0.2912604
2  0.00000000 -0.3386217
3 -0.10321158 -0.3903076

[[1]]$pro.p$se
  delta         mu       mu_1       mu_0         de       se_1      se_0
1   0.5 0.01619996 0.01827545 0.02023528 0.02407548 0.01567918 0.0164872
2   1.0 0.01250854 0.01098869 0.01617806 0.01331501 0.00000000 0.0000000
3   2.0 0.02237770 0.02238677 0.02685735 0.02403787 0.01839510 0.0203402
          oe         te
1 0.01302871 0.02049024
2 0.00000000 0.01331501
3 0.01825562 0.02404915


[[1]]$pro.np
[[1]]$pro.np$est
  delta        mu      mu_1      mu_0         de        se_1        se_0
1   0.5 0.4343008 0.2979205 0.5289300 -0.2310094  0.03951859 -0.02853803
2   1.0 0.3838197 0.2584019 0.5574680 -0.2990660  0.00000000  0.00000000
3   2.0 0.2848070 0.2024144 0.5183464 -0.3159320 -0.05598757 -0.03912163
           oe         te
1  0.05048109 -0.2595475
2  0.00000000 -0.2990660
3 -0.09901272 -0.3550536

[[1]]$pro.np$se
  delta         mu       mu_1       mu_0         de       se_1       se_0
1   0.5 0.01845302 0.02105295 0.02281488 0.02520072 0.01835262 0.01921156
2   1.0 0.01272126 0.01155448 0.01560340 0.01220172 0.00000000 0.00000000
3   2.0 0.02327573 0.02280725 0.02708908 0.02259735 0.01825579 0.02017422
          oe         te
1 0.01550323 0.02240838
2 0.00000000 0.01220172
3 0.01827596 0.02305788


[[1]]$ipw.p
[[1]]$ipw.p$est
  delta        mu      mu_1      mu_0         de        se_1         se_0
1   0.5 0.4400682 0.2895639 0.5499224 -0.2603586  0.04801670 -0.024182835
2   1.0 0.3769444 0.2415472 0.5741053 -0.3325581  0.00000000  0.000000000
3   2.0 0.3150604 0.2283154 0.5659754 -0.3376600 -0.01323179 -0.008129901
           oe         te
1  0.06312375 -0.2845414
2  0.00000000 -0.3325581
3 -0.06188403 -0.3457899

[[1]]$ipw.p$se
  delta          mu        mu_1       mu_0         de       se_1       se_0
1   0.5 0.036270055 0.024443463 0.04834186 0.03467039 0.02339652 0.04211009
2   1.0 0.009476341 0.009401481 0.01608844 0.01684443 0.00000000 0.00000000
3   2.0 0.022888701 0.023742880 0.02918008 0.02483221 0.02122299 0.03309509
          oe         te
1 0.03360825 0.02282428
2 0.00000000 0.01684443
3 0.02341233 0.03147596


[[1]]$ipw.np
[[1]]$ipw.np$est
  delta        mu      mu_1      mu_0         de         se_1         se_0
1   0.5 0.4452248 0.2948655 0.5541814 -0.2593159  0.046219864 -0.004050716
2   1.0 0.3769444 0.2486457 0.5582322 -0.3095865  0.000000000  0.000000000
3   2.0 0.3263063 0.2441534 0.5570270 -0.3128736 -0.004492293 -0.001205157
           oe         te
1  0.06828034 -0.2633666
2  0.00000000 -0.3095865
3 -0.05063813 -0.3140788

[[1]]$ipw.np$se
  delta          mu        mu_1       mu_0         de       se_1       se_0
1   0.5 0.039210744 0.026117883 0.05420771 0.04228189 0.02529238 0.04929265
2   1.0 0.009476341 0.009701403 0.01565613 0.01668557 0.00000000 0.00000000
3   2.0 0.024509996 0.026358814 0.02914320 0.02601121 0.02367131 0.03271700
          oe         te
1 0.03709381 0.02474591
2 0.00000000 0.01668557
3 0.02483966 0.03341687


[[1]]$bar.p
[[1]]$bar.p$est
  delta        mu      mu_1      mu_0 de se_1 se_0 oe te
1   0.5 0.4313341 0.2824030 0.5595803  0    0    0  0  0
2   1.0 0.3748213 0.2482682 0.5585395  0    0    0  0  0
3   2.0 0.2960736 0.2141243 0.5063385  0    0    0  0  0

[[1]]$bar.p$se
  delta          mu        mu_1       mu_0 de se_1 se_0 oe te
1   0.5 0.016888602 0.021043437 0.01884362  0    0    0  0  0
2   1.0 0.008880991 0.009738735 0.01325023  0    0    0  0  0
3   2.0 0.013366330 0.013123418 0.02883809  0    0    0  0  0



[1] "Total run time was 7891.774 seconds"
