WARNING: ignoring environment value of R_HOME

Attaching package: ‘dplyr’

The following objects are masked from ‘package:stats’:

    filter, lag

The following objects are masked from ‘package:base’:

    intersect, setdiff, setequal, union

Loading required package: splines
Loading required package: foreach
Loaded gam 1.20.2

Super Learner
Version: 2.0-28
Package created on 2021-05-04

Loading required package: lattice
Loading required package: ggplot2
Loading required package: Matrix
Loaded glmnet 4.1-7
Loading required package: Formula
Loading required package: plotmo
Loading required package: plotrix
Loading required package: TeachingDemos
Loaded gbm 2.1.8.1

Attaching package: ‘xgboost’

The following object is masked from ‘package:dplyr’:

    slice

[1] "[Simulation setting]"
[1] "m: 500"
[1] "deltas: 0.5, 1, 2"
[1] "alphas: 0.4251, 0.5948, 0.7448"
[1] "Sim.id 1"
[1] "Data generated"
[1] "Proposed & IPW estimators"
[1] "   Split: 1"
[1] "   Split: 2"
[1] "Barkley estimators"
[1] "I. Estimate GLMER model"
boundary (singular) fit: see help('isSingular')
[1] "IB. get MCFP vecs"
[1] "II. Estimate CFBI"
[1] "II. solving for alpha_num 1 of 3 ; alpha= 0.425133170705204"
[1] "elapsed: 3.6 minutes as of 2023-05-08 21:24:31"
[1] "II. solving for alpha_num 2 of 3 ; alpha= 0.594849404255532"
[1] "elapsed: 4.06 minutes as of 2023-05-08 21:28:35"
[1] "II. solving for alpha_num 3 of 3 ; alpha= 0.744822889124285"
[1] "elapsed: 3.72 minutes as of 2023-05-08 21:32:18"
[1] "III. Estimate MCFP"
[1] "III. alpha num 1 of 3"
[1] "elapsed: 0.39 minutes as of 2023-05-08 21:32:42"
[1] "III. alpha num 2 of 3"
[1] "elapsed: 0.77 minutes as of 2023-05-08 21:33:05"
[1] "III. alpha num 3 of 3"
[1] "elapsed: 1.15 minutes as of 2023-05-08 21:33:27"
[1] "IV. Target estimates"
[1] "Beginning variance calculations. This may take some time."
[1] "V. Variance estimates"
[1] ":model stuff:"
[1] "elapsed: 1.17 minutes as of 2023-05-08 21:34:40"
[1] ":CFBI EstFun:"
[1] "elapsed: 0 minutes as of 2023-05-08 21:34:40"
[1] ":CFBI alpha_num 1 of 3"
[1] "elapsed: 3.21 minutes as of 2023-05-08 21:37:53"
[1] ":CFBI alpha_num 2 of 3"
[1] "elapsed: 6.35 minutes as of 2023-05-08 21:41:01"
[1] ":CFBI alpha_num 3 of 3"
[1] ":MCFP EstFun:"
[1] "elapsed: 9.49 minutes as of 2023-05-08 21:44:10"
[1] ":MCFP alpha_num 1 of 3"
[1] "elapsed: 12.18 minutes as of 2023-05-08 21:46:51"
[1] ":MCFP alpha_num 2 of 3"
[1] "elapsed: 14.87 minutes as of 2023-05-08 21:49:33"
[1] ":MCFP alpha_num 3 of 3"
[1] "elapsed: 18.69 minutes as of 2023-05-08 21:52:12"
[1] ":target ests:"
[1] "elapsed: 0 minutes as of 2023-05-08 21:52:12"
[1] "Var_row_num 1 of 9"
[1] "elapsed: 7.38 minutes as of 2023-05-08 21:59:35"
[1] "elapsed: 0 minutes as of 2023-05-08 21:59:35"
[1] "elapsed: 0 minutes as of 2023-05-08 21:59:35"
[1] "Var_row_num 2 of 9"
[1] "elapsed: 7.37 minutes as of 2023-05-08 22:06:57"
[1] "elapsed: 0 minutes as of 2023-05-08 22:06:57"
[1] "elapsed: 0 minutes as of 2023-05-08 22:06:57"
[1] "Var_row_num 3 of 9"
[1] "elapsed: 7.22 minutes as of 2023-05-08 22:14:10"
[1] "elapsed: 0 minutes as of 2023-05-08 22:14:10"
[1] "elapsed: 0 minutes as of 2023-05-08 22:14:10"
[1] "Var_row_num 4 of 9"
[1] "elapsed: 6.97 minutes as of 2023-05-08 22:21:08"
[1] "elapsed: 0 minutes as of 2023-05-08 22:21:08"
[1] "elapsed: 0 minutes as of 2023-05-08 22:21:08"
[1] "Var_row_num 5 of 9"
[1] "elapsed: 7.23 minutes as of 2023-05-08 22:28:22"
[1] "elapsed: 0 minutes as of 2023-05-08 22:28:22"
[1] "elapsed: 0 minutes as of 2023-05-08 22:28:22"
[1] "Var_row_num 6 of 9"
[1] "elapsed: 7.24 minutes as of 2023-05-08 22:35:36"
[1] "elapsed: 0 minutes as of 2023-05-08 22:35:36"
[1] "elapsed: 0 minutes as of 2023-05-08 22:35:36"
[1] "Var_row_num 7 of 9"
[1] "elapsed: 7.14 minutes as of 2023-05-08 22:42:45"
[1] "elapsed: 0 minutes as of 2023-05-08 22:42:45"
[1] "elapsed: 0 minutes as of 2023-05-08 22:42:45"
[1] "Var_row_num 8 of 9"
[1] "elapsed: 7.18 minutes as of 2023-05-08 22:49:56"
[1] "elapsed: 0 minutes as of 2023-05-08 22:49:56"
[1] "elapsed: 0 minutes as of 2023-05-08 22:49:56"
[1] "Var_row_num 9 of 9"
[1] "elapsed: 7.6 minutes as of 2023-05-08 22:57:32"
[1] "elapsed: 0 minutes as of 2023-05-08 22:57:32"
[1] "Done with all variance calculations"
[1] "Estimates and SE estimates computed"
[1] ""
[[1]]
[[1]]$pro.p
[[1]]$pro.p$est
  delta        mu      mu_1      mu_0         de        se_1        se_0
1   0.5 0.4461569 0.2579985 0.5878193 -0.3298208  0.02602172  0.03102723
2   1.0 0.3606154 0.2319768 0.5567921 -0.3248153  0.00000000  0.00000000
3   2.0 0.2904688 0.2161165 0.5234968 -0.3073803 -0.01586025 -0.03329527
           oe         te
1  0.08554150 -0.2987936
2  0.00000000 -0.3248153
3 -0.07014664 -0.3406756

[[1]]$pro.p$se
  delta         mu       mu_1       mu_0         de       se_1       se_0
1   0.5 0.01547197 0.01483056 0.01991572 0.02094861 0.01159309 0.01567585
2   1.0 0.01187108 0.01069833 0.01581386 0.01381344 0.00000000 0.00000000
3   2.0 0.01845165 0.01774834 0.02506116 0.02245502 0.01285425 0.01856201
          oe         te
1 0.01178992 0.01783772
2 0.00000000 0.01381344
3 0.01351774 0.01988608


[[1]]$pro.np
[[1]]$pro.np$est
  delta        mu      mu_1      mu_0         de        se_1        se_0
1   0.5 0.4349412 0.2607352 0.5636264 -0.3028912  0.02076967  0.03620173
2   1.0 0.3553981 0.2399655 0.5274247 -0.2874591  0.00000000  0.00000000
3   2.0 0.2852060 0.2203737 0.4849006 -0.2645269 -0.01959183 -0.04252406
           oe         te
1  0.07954309 -0.2666895
2  0.00000000 -0.2874591
3 -0.07019206 -0.3070510

[[1]]$pro.np$se
  delta         mu       mu_1       mu_0         de       se_1       se_0
1   0.5 0.01544158 0.01451210 0.02009529 0.02076316 0.01118532 0.01610694
2   1.0 0.01201245 0.01101864 0.01526285 0.01268283 0.00000000 0.00000000
3   2.0 0.01982765 0.01891523 0.02512242 0.02139278 0.01359155 0.01856714
          oe         te
1 0.01185785 0.01633798
2 0.00000000 0.01268283
3 0.01444074 0.01962115


[[1]]$ipw.p
[[1]]$ipw.p$est
  delta        mu      mu_1      mu_0         de        se_1        se_0
1   0.5 0.4255632 0.2599960 0.5564796 -0.2964836  0.02368492 -0.01724493
2   1.0 0.3690266 0.2363111 0.5737245 -0.3374134  0.00000000  0.00000000
3   2.0 0.2950830 0.2130100 0.5449453 -0.3319353 -0.02330114 -0.02877919
           oe         te
1  0.05653656 -0.3137285
2  0.00000000 -0.3374134
3 -0.07394364 -0.3607145

[[1]]$ipw.p$se
  delta          mu        mu_1       mu_0         de       se_1       se_0
1   0.5 0.034717576 0.019165300 0.05107044 0.04098042 0.01804394 0.04306493
2   1.0 0.009233578 0.008980121 0.01683216 0.01785871 0.00000000 0.00000000
3   2.0 0.018959040 0.019194716 0.02647033 0.02244922 0.01618466 0.03066574
          oe         te
1 0.03154952 0.01807140
2 0.00000000 0.01785871
3 0.01954470 0.02852810


[[1]]$ipw.np
[[1]]$ipw.np$est
  delta        mu      mu_1      mu_0         de        se_1        se_0
1   0.5 0.4194101 0.2662599 0.5362381 -0.2699782  0.02218463 -0.01740163
2   1.0 0.3690266 0.2440753 0.5536398 -0.3095645  0.00000000  0.00000000
3   2.0 0.2987736 0.2200400 0.5263331 -0.3062931 -0.02403527 -0.02730666
           oe         te
1  0.05038345 -0.2873798
2  0.00000000 -0.3095645
3 -0.07025308 -0.3335997

[[1]]$ipw.np$se
  delta          mu        mu_1       mu_0         de       se_1       se_0
1   0.5 0.033788994 0.019134563 0.04905047 0.03979187 0.01804804 0.04141348
2   1.0 0.009233578 0.009291958 0.01639359 0.01758111 0.00000000 0.00000000
3   2.0 0.019346910 0.020156937 0.02546429 0.02194163 0.01692966 0.02941418
          oe         te
1 0.03071899 0.01795570
2 0.00000000 0.01758111
3 0.01978094 0.02885420


[[1]]$bar.p
[[1]]$bar.p$est
  delta        mu      mu_1      mu_0 de se_1 se_0 oe te
1   0.5 0.4315270 0.2769723 0.5625798  0    0    0  0  0
2   1.0 0.3740130 0.2462046 0.5574842  0    0    0  0  0
3   2.0 0.2865452 0.2092783 0.4715864  0    0    0  0  0

[[1]]$bar.p$se
  delta          mu        mu_1       mu_0 de se_1 se_0 oe te
1   0.5 0.028362304 0.030330367 0.03005464  0    0    0  0  0
2   1.0 0.008684055 0.009685338 0.01314618  0    0    0  0  0
3   2.0 0.012343116 0.012543484 0.02453930  0    0    0  0  0



[1] "Total run time was 6032.056 seconds"
