WARNING: ignoring environment value of R_HOME

Attaching package: ‘dplyr’

The following objects are masked from ‘package:stats’:

    filter, lag

The following objects are masked from ‘package:base’:

    intersect, setdiff, setequal, union

Loading required package: splines
Loading required package: foreach
Loaded gam 1.20.2

Super Learner
Version: 2.0-28
Package created on 2021-05-04

Loading required package: lattice
Loading required package: ggplot2
Loading required package: Matrix
Loaded glmnet 4.1-7
Loading required package: Formula
Loading required package: plotmo
Loading required package: plotrix
Loading required package: TeachingDemos
Loaded gbm 2.1.8.1

Attaching package: ‘xgboost’

The following object is masked from ‘package:dplyr’:

    slice

[1] "[Simulation setting]"
[1] "m: 500"
[1] "deltas: 0.5, 1, 2"
[1] "alphas: 0.4251, 0.5948, 0.7448"
[1] "Sim.id 1"
[1] "Data generated"
[1] "Proposed & IPW estimators"
[1] "   Split: 1"
[1] "   Split: 2"
[1] "Barkley estimators"
[1] "I. Estimate GLMER model"
boundary (singular) fit: see help('isSingular')
[1] "IB. get MCFP vecs"
[1] "II. Estimate CFBI"
[1] "II. solving for alpha_num 1 of 3 ; alpha= 0.425133170705204"
[1] "elapsed: 4.6 minutes as of 2023-05-08 19:06:10"
[1] "II. solving for alpha_num 2 of 3 ; alpha= 0.594849404255532"
[1] "elapsed: 4.35 minutes as of 2023-05-08 19:10:31"
[1] "II. solving for alpha_num 3 of 3 ; alpha= 0.744822889124285"
[1] "elapsed: 5.29 minutes as of 2023-05-08 19:15:49"
[1] "III. Estimate MCFP"
[1] "III. alpha num 1 of 3"
[1] "elapsed: 0.45 minutes as of 2023-05-08 19:16:16"
[1] "III. alpha num 2 of 3"
[1] "elapsed: 0.89 minutes as of 2023-05-08 19:16:42"
[1] "III. alpha num 3 of 3"
[1] "elapsed: 1.33 minutes as of 2023-05-08 19:17:09"
[1] "IV. Target estimates"
[1] "Beginning variance calculations. This may take some time."
[1] "V. Variance estimates"
[1] ":model stuff:"
[1] "elapsed: 1.36 minutes as of 2023-05-08 19:18:33"
[1] ":CFBI EstFun:"
[1] "elapsed: 0 minutes as of 2023-05-08 19:18:33"
[1] ":CFBI alpha_num 1 of 3"
[1] "elapsed: 3.58 minutes as of 2023-05-08 19:22:08"
[1] ":CFBI alpha_num 2 of 3"
[1] "elapsed: 7.13 minutes as of 2023-05-08 19:25:41"
[1] ":CFBI alpha_num 3 of 3"
[1] ":MCFP EstFun:"
[1] "elapsed: 10.37 minutes as of 2023-05-08 19:28:55"
[1] ":MCFP alpha_num 1 of 3"
[1] "elapsed: 13.07 minutes as of 2023-05-08 19:31:38"
[1] ":MCFP alpha_num 2 of 3"
[1] "elapsed: 15.77 minutes as of 2023-05-08 19:34:20"
[1] ":MCFP alpha_num 3 of 3"
[1] "elapsed: 19.85 minutes as of 2023-05-08 19:37:03"
[1] ":target ests:"
[1] "elapsed: 0 minutes as of 2023-05-08 19:37:03"
[1] "Var_row_num 1 of 9"
[1] "elapsed: 7.41 minutes as of 2023-05-08 19:44:28"
[1] "elapsed: 0 minutes as of 2023-05-08 19:44:28"
[1] "elapsed: 0 minutes as of 2023-05-08 19:44:28"
[1] "Var_row_num 2 of 9"
[1] "elapsed: 7.53 minutes as of 2023-05-08 19:52:00"
[1] "elapsed: 0 minutes as of 2023-05-08 19:52:00"
[1] "elapsed: 0 minutes as of 2023-05-08 19:52:00"
[1] "Var_row_num 3 of 9"
[1] "elapsed: 7.52 minutes as of 2023-05-08 19:59:31"
[1] "elapsed: 0 minutes as of 2023-05-08 19:59:31"
[1] "elapsed: 0 minutes as of 2023-05-08 19:59:31"
[1] "Var_row_num 4 of 9"
[1] "elapsed: 7.43 minutes as of 2023-05-08 20:06:57"
[1] "elapsed: 0 minutes as of 2023-05-08 20:06:57"
[1] "elapsed: 0 minutes as of 2023-05-08 20:06:57"
[1] "Var_row_num 5 of 9"
[1] "elapsed: 7.46 minutes as of 2023-05-08 20:14:25"
[1] "elapsed: 0 minutes as of 2023-05-08 20:14:25"
[1] "elapsed: 0 minutes as of 2023-05-08 20:14:25"
[1] "Var_row_num 6 of 9"
[1] "elapsed: 7.51 minutes as of 2023-05-08 20:21:56"
[1] "elapsed: 0 minutes as of 2023-05-08 20:21:56"
[1] "elapsed: 0 minutes as of 2023-05-08 20:21:56"
[1] "Var_row_num 7 of 9"
[1] "elapsed: 11.55 minutes as of 2023-05-08 20:33:29"
[1] "elapsed: 0 minutes as of 2023-05-08 20:33:29"
[1] "elapsed: 0 minutes as of 2023-05-08 20:33:29"
[1] "Var_row_num 8 of 9"
[1] "elapsed: 11.38 minutes as of 2023-05-08 20:44:52"
[1] "elapsed: 0 minutes as of 2023-05-08 20:44:52"
[1] "elapsed: 0 minutes as of 2023-05-08 20:44:52"
[1] "Var_row_num 9 of 9"
[1] "elapsed: 11.39 minutes as of 2023-05-08 20:56:15"
[1] "elapsed: 0 minutes as of 2023-05-08 20:56:15"
[1] "Done with all variance calculations"
[1] "Estimates and SE estimates computed"
[1] ""
[[1]]
[[1]]$pro.p
[[1]]$pro.p$est
  delta        mu      mu_1      mu_0         de         se_1        se_0
1   0.5 0.4592626 0.2380967 0.6153718 -0.3772750  0.008489670  0.04159093
2   1.0 0.3715964 0.2296071 0.5737808 -0.3441738  0.000000000  0.00000000
3   2.0 0.3048579 0.2244372 0.5347731 -0.3103359 -0.005169901 -0.03900777
           oe         te
1  0.08766622 -0.3356841
2  0.00000000 -0.3441738
3 -0.06673847 -0.3493437

[[1]]$pro.p$se
  delta         mu       mu_1       mu_0         de       se_1       se_0
1   0.5 0.01670445 0.01325836 0.02361957 0.02390411 0.01070706 0.01931806
2   1.0 0.01161560 0.01006905 0.01602196 0.01454269 0.00000000 0.00000000
3   2.0 0.02042030 0.02020633 0.02461881 0.02137840 0.01727737 0.02025562
          oe         te
1 0.01295486 0.01695765
2 0.00000000 0.01454269
3 0.01784167 0.02415784


[[1]]$pro.np
[[1]]$pro.np$est
  delta        mu      mu_1      mu_0         de         se_1        se_0
1   0.5 0.4444034 0.2485316 0.5733799 -0.3248484  0.006154659  0.02714399
2   1.0 0.3726584 0.2423769 0.5462359 -0.3038590  0.000000000  0.00000000
3   2.0 0.3155036 0.2402406 0.5173843 -0.2771438 -0.002136358 -0.02885161
           oe         te
1  0.07174493 -0.2977044
2  0.00000000 -0.3038590
3 -0.05715482 -0.3059954

[[1]]$pro.np$se
  delta         mu       mu_1       mu_0         de       se_1       se_0
1   0.5 0.01543713 0.01356289 0.02085062 0.02119335 0.01054452 0.01608543
2   1.0 0.01201590 0.01042782 0.01578543 0.01332040 0.00000000 0.00000000
3   2.0 0.02189512 0.02255517 0.02289340 0.02200124 0.01918371 0.01784296
          oe         te
1 0.01115951 0.01600774
2 0.00000000 0.01332040
3 0.01879172 0.02522224


[[1]]$ipw.p
[[1]]$ipw.p$est
  delta        mu      mu_1      mu_0         de          se_1        se_0
1   0.5 0.4140350 0.2251962 0.5496629 -0.3244668 -0.0005116179 -0.01211409
2   1.0 0.3649354 0.2257078 0.5617770 -0.3360693  0.0000000000  0.00000000
3   2.0 0.2882688 0.2059295 0.5204705 -0.3145410 -0.0197783003 -0.04130656
           oe         te
1  0.04909963 -0.3365809
2  0.00000000 -0.3360693
3 -0.07666661 -0.3558476

[[1]]$ipw.p$se
  delta          mu        mu_1       mu_0         de       se_1       se_0
1   0.5 0.039532026 0.014960446 0.06305872 0.05784571 0.01428163 0.05702777
2   1.0 0.009077419 0.009057466 0.01620609 0.01786978 0.00000000 0.00000000
3   2.0 0.021888503 0.024527830 0.02499801 0.02595759 0.02235355 0.02846368
          oe         te
1 0.03712409 0.01586595
2 0.00000000 0.01786978
3 0.02261470 0.03234639


[[1]]$ipw.np
[[1]]$ipw.np$est
  delta        mu      mu_1      mu_0         de        se_1        se_0
1   0.5 0.3998286 0.2308181 0.5135766 -0.2827585 -0.00195951 -0.03017815
2   1.0 0.3649354 0.2327776 0.5437548 -0.3109772  0.00000000  0.00000000
3   2.0 0.2903841 0.2100544 0.5071216 -0.2970672 -0.02272324 -0.03663324
           oe         te
1  0.03489321 -0.3129367
2  0.00000000 -0.3109772
3 -0.07455131 -0.3337004

[[1]]$ipw.np$se
  delta          mu        mu_1       mu_0         de       se_1       se_0
1   0.5 0.035085186 0.015054396 0.05325660 0.04798501 0.01440927 0.04716418
2   1.0 0.009077419 0.009368635 0.01578953 0.01757022 0.00000000 0.00000000
3   2.0 0.020332172 0.023137656 0.02377774 0.02559311 0.02068098 0.02698995
          oe         te
1 0.03258539 0.01564842
2 0.00000000 0.01757022
3 0.02100579 0.03092188


[[1]]$bar.p
[[1]]$bar.p$est
  delta        mu      mu_1      mu_0 de se_1 se_0 oe te
1   0.5 0.4234000 0.2314391 0.5633630  0    0    0  0  0
2   1.0 0.3578881 0.2255300 0.5390315  0    0    0  0  0
3   2.0 0.2665771 0.1892880 0.4346882  0    0    0  0  0

[[1]]$bar.p$se
  delta          mu        mu_1       mu_0 de se_1 se_0 oe te
1   0.5 0.030162165 0.018197567 0.03605452  0    0    0  0  0
2   1.0 0.008470629 0.008833061 0.01426046  0    0    0  0  0
3   2.0 0.015602561 0.015734206 0.02809244  0    0    0  0  0



[1] "Total run time was 7313.157 seconds"
