WARNING: ignoring environment value of R_HOME

Attaching package: ‘dplyr’

The following objects are masked from ‘package:stats’:

    filter, lag

The following objects are masked from ‘package:base’:

    intersect, setdiff, setequal, union

Loading required package: splines
Loading required package: foreach
Loaded gam 1.20.2

Super Learner
Version: 2.0-28
Package created on 2021-05-04

Loading required package: lattice
Loading required package: ggplot2
Loading required package: Matrix
Loaded glmnet 4.1-7
Loading required package: Formula
Loading required package: plotmo
Loading required package: plotrix
Loading required package: TeachingDemos
Loaded gbm 2.1.8.1

Attaching package: ‘xgboost’

The following object is masked from ‘package:dplyr’:

    slice

[1] "[Simulation setting]"
[1] "m: 500"
[1] "deltas: 0.5, 1, 2"
[1] "alphas: 0.4251, 0.5948, 0.7448"
[1] "Sim.id 1"
[1] "Data generated"
[1] "Proposed & IPW estimators"
[1] "   Split: 1"
[1] "   Split: 2"
[1] "Barkley estimators"
[1] "I. Estimate GLMER model"
[1] "IB. get MCFP vecs"
[1] "II. Estimate CFBI"
[1] "II. solving for alpha_num 1 of 3 ; alpha= 0.425133170705204"
[1] "elapsed: 6.44 minutes as of 2023-05-08 18:39:03"
[1] "II. solving for alpha_num 2 of 3 ; alpha= 0.594849404255532"
[1] "elapsed: 8.39 minutes as of 2023-05-08 18:47:27"
[1] "II. solving for alpha_num 3 of 3 ; alpha= 0.744822889124285"
[1] "elapsed: 5.7 minutes as of 2023-05-08 18:53:09"
[1] "III. Estimate MCFP"
[1] "III. alpha num 1 of 3"
[1] "elapsed: 0.44 minutes as of 2023-05-08 18:53:35"
[1] "III. alpha num 2 of 3"
[1] "elapsed: 1.02 minutes as of 2023-05-08 18:54:10"
[1] "III. alpha num 3 of 3"
[1] "elapsed: 1.63 minutes as of 2023-05-08 18:54:46"
[1] "IV. Target estimates"
[1] "Beginning variance calculations. This may take some time."
[1] "V. Variance estimates"
[1] ":model stuff:"
[1] "elapsed: 1.82 minutes as of 2023-05-08 18:56:40"
[1] ":CFBI EstFun:"
[1] "elapsed: 0 minutes as of 2023-05-08 18:56:40"
[1] ":CFBI alpha_num 1 of 3"
[1] "elapsed: 5.33 minutes as of 2023-05-08 19:02:00"
[1] ":CFBI alpha_num 2 of 3"
[1] "elapsed: 10.75 minutes as of 2023-05-08 19:07:25"
[1] ":CFBI alpha_num 3 of 3"
[1] ":MCFP EstFun:"
[1] "elapsed: 16.29 minutes as of 2023-05-08 19:12:57"
[1] ":MCFP alpha_num 1 of 3"
[1] "elapsed: 20.61 minutes as of 2023-05-08 19:17:17"
[1] ":MCFP alpha_num 2 of 3"
[1] "elapsed: 24.72 minutes as of 2023-05-08 19:21:23"
[1] ":MCFP alpha_num 3 of 3"
[1] "elapsed: 30.91 minutes as of 2023-05-08 19:25:46"
[1] ":target ests:"
[1] "elapsed: 0 minutes as of 2023-05-08 19:25:46"
[1] "Var_row_num 1 of 9"
[1] "elapsed: 11.71 minutes as of 2023-05-08 19:37:29"
[1] "elapsed: 0 minutes as of 2023-05-08 19:37:29"
[1] "elapsed: 0 minutes as of 2023-05-08 19:37:29"
[1] "Var_row_num 2 of 9"
[1] "elapsed: 10.38 minutes as of 2023-05-08 19:47:52"
[1] "elapsed: 0 minutes as of 2023-05-08 19:47:52"
[1] "elapsed: 0 minutes as of 2023-05-08 19:47:52"
[1] "Var_row_num 3 of 9"
[1] "elapsed: 7.01 minutes as of 2023-05-08 19:54:52"
[1] "elapsed: 0 minutes as of 2023-05-08 19:54:52"
[1] "elapsed: 0 minutes as of 2023-05-08 19:54:52"
[1] "Var_row_num 4 of 9"
[1] "elapsed: 7.19 minutes as of 2023-05-08 20:02:04"
[1] "elapsed: 0 minutes as of 2023-05-08 20:02:04"
[1] "elapsed: 0 minutes as of 2023-05-08 20:02:04"
[1] "Var_row_num 5 of 9"
[1] "elapsed: 7.16 minutes as of 2023-05-08 20:09:14"
[1] "elapsed: 0 minutes as of 2023-05-08 20:09:14"
[1] "elapsed: 0 minutes as of 2023-05-08 20:09:14"
[1] "Var_row_num 6 of 9"
[1] "elapsed: 7.12 minutes as of 2023-05-08 20:16:21"
[1] "elapsed: 0 minutes as of 2023-05-08 20:16:21"
[1] "elapsed: 0 minutes as of 2023-05-08 20:16:21"
[1] "Var_row_num 7 of 9"
[1] "elapsed: 7.21 minutes as of 2023-05-08 20:23:34"
[1] "elapsed: 0 minutes as of 2023-05-08 20:23:34"
[1] "elapsed: 0 minutes as of 2023-05-08 20:23:34"
[1] "Var_row_num 8 of 9"
[1] "elapsed: 7.01 minutes as of 2023-05-08 20:30:35"
[1] "elapsed: 0 minutes as of 2023-05-08 20:30:35"
[1] "elapsed: 0 minutes as of 2023-05-08 20:30:35"
[1] "Var_row_num 9 of 9"
[1] "elapsed: 7 minutes as of 2023-05-08 20:37:35"
[1] "elapsed: 0 minutes as of 2023-05-08 20:37:35"
[1] "Done with all variance calculations"
[1] "Estimates and SE estimates computed"
[1] ""
[[1]]
[[1]]$pro.p
[[1]]$pro.p$est
  delta        mu      mu_1      mu_0         de        se_1         se_0
1   0.5 0.4333160 0.2442254 0.5669060 -0.3226806  0.01456189 -0.004222778
2   1.0 0.3723636 0.2296635 0.5711288 -0.3414652  0.00000000  0.000000000
3   2.0 0.3064825 0.2157133 0.5502146 -0.3345013 -0.01395020 -0.020914154
           oe         te
1  0.06095243 -0.3269034
2  0.00000000 -0.3414652
3 -0.06588115 -0.3554154

[[1]]$pro.p$se
  delta         mu       mu_1       mu_0         de       se_1       se_0
1   0.5 0.02927549 0.02146082 0.04170755 0.03852036 0.01907679 0.03793288
2   1.0 0.01126987 0.01028218 0.01552789 0.01446022 0.00000000 0.00000000
3   2.0 0.01773226 0.01716566 0.02402201 0.02175881 0.01347071 0.01935782
          oe         te
1 0.02689241 0.02361904
2 0.00000000 0.01446022
3 0.01459548 0.02108885


[[1]]$pro.np
[[1]]$pro.np$est
  delta        mu      mu_1      mu_0         de          se_1         se_0
1   0.5 0.4314143 0.2439041 0.5536346 -0.3097305 -0.0005941082  0.006192681
2   1.0 0.3762210 0.2444982 0.5474419 -0.3029437  0.0000000000  0.000000000
3   2.0 0.3172910 0.2315074 0.5351377 -0.3036304 -0.0129908560 -0.012304160
           oe         te
1  0.05519324 -0.3035378
2  0.00000000 -0.3029437
3 -0.05893005 -0.3159345

[[1]]$pro.np$se
  delta         mu       mu_1       mu_0         de       se_1       se_0
1   0.5 0.01908575 0.02360313 0.02331724 0.02591940 0.02138139 0.01899327
2   1.0 0.01155413 0.01076365 0.01482591 0.01274333 0.00000000 0.00000000
3   2.0 0.01798195 0.01758326 0.02221294 0.01983173 0.01324704 0.01713751
          oe         te
1 0.01600949 0.02502443
2 0.00000000 0.01274333
3 0.01407831 0.01978921


[[1]]$ipw.p
[[1]]$ipw.p$est
  delta        mu      mu_1      mu_0         de        se_1        se_0
1   0.5 0.5168285 0.2496497 0.7080664 -0.4584168  0.03161106  0.14764654
2   1.0 0.3587658 0.2180386 0.5604199 -0.3423813  0.00000000  0.00000000
3   2.0 0.2867600 0.1948885 0.5464942 -0.3516057 -0.02315008 -0.01392571
          oe         te
1  0.1580628 -0.3107702
2  0.0000000 -0.3423813
3 -0.0720058 -0.3655314

[[1]]$ipw.p$se
  delta          mu        mu_1       mu_0         de       se_1       se_0
1   0.5 0.070634340 0.024641223 0.11262990 0.10474124 0.02370527 0.10703186
2   1.0 0.009495288 0.009611579 0.01697367 0.01852776 0.00000000 0.00000000
3   2.0 0.017376402 0.017915029 0.02456172 0.02206428 0.01498447 0.02898633
          oe         te
1 0.06852742 0.02455202
2 0.00000000 0.01852776
3 0.01806062 0.02732497


[[1]]$ipw.np
[[1]]$ipw.np$est
  delta        mu      mu_1      mu_0         de        se_1        se_0
1   0.5 0.5204274 0.2536769 0.7040854 -0.4504085  0.02797684  0.16329588
2   1.0 0.3587658 0.2257000 0.5407895 -0.3150895  0.00000000  0.00000000
3   2.0 0.2909394 0.2035343 0.5265414 -0.3230071 -0.02216569 -0.01424807
          oe         te
1  0.1616616 -0.2871126
2  0.0000000 -0.3150895
3 -0.0678264 -0.3372552

[[1]]$ipw.np$se
  delta          mu        mu_1       mu_0         de       se_1       se_0
1   0.5 0.077229343 0.024646518 0.12412384 0.11760168 0.02375136 0.11936556
2   1.0 0.009495288 0.009969663 0.01641208 0.01816490 0.00000000 0.00000000
3   2.0 0.017718070 0.018729825 0.02382451 0.02176275 0.01550768 0.02786014
          oe         te
1 0.07542286 0.02442452
2 0.00000000 0.01816490
3 0.01819531 0.02747505


[[1]]$bar.p
[[1]]$bar.p$est
  delta        mu      mu_1      mu_0 de se_1 se_0 oe te
1   0.5 0.4829819 0.2553509 0.6235774  0    0    0  0  0
2   1.0 0.3557006 0.2232931 0.5420133  0    0    0  0  0
3   2.0 0.2713441 0.1889003 0.4795106  0    0    0  0  0

[[1]]$bar.p$se
  delta          mu        mu_1       mu_0 de se_1 se_0 oe te
1   0.5 0.027439692 0.031564345 0.03146488  0    0    0  0  0
2   1.0 0.009072813 0.009926918 0.01354519  0    0    0  0  0
3   2.0 0.010929166 0.011226138 0.02646293  0    0    0  0  0



[1] "Total run time was 7849.992 seconds"
