WARNING: ignoring environment value of R_HOME

Attaching package: ‘dplyr’

The following objects are masked from ‘package:stats’:

    filter, lag

The following objects are masked from ‘package:base’:

    intersect, setdiff, setequal, union

Loading required package: splines
Loading required package: foreach
Loaded gam 1.20.2

Super Learner
Version: 2.0-28
Package created on 2021-05-04

Loading required package: lattice
Loading required package: ggplot2
Loading required package: Matrix
Loaded glmnet 4.1-7
Loading required package: Formula
Loading required package: plotmo
Loading required package: plotrix
Loading required package: TeachingDemos
Loaded gbm 2.1.8.1

Attaching package: ‘xgboost’

The following object is masked from ‘package:dplyr’:

    slice

[1] "[Simulation setting]"
[1] "m: 500"
[1] "deltas: 0.5, 1, 2"
[1] "alphas: 0.4251, 0.5948, 0.7448"
[1] "Sim.id 1"
[1] "Data generated"
[1] "Proposed & IPW estimators"
[1] "   Split: 1"
[1] "   Split: 2"
[1] "Barkley estimators"
[1] "I. Estimate GLMER model"
[1] "IB. get MCFP vecs"
[1] "II. Estimate CFBI"
[1] "II. solving for alpha_num 1 of 3 ; alpha= 0.425133170705204"
[1] "elapsed: 6.64 minutes as of 2023-05-08 19:41:08"
[1] "II. solving for alpha_num 2 of 3 ; alpha= 0.594849404255532"
[1] "elapsed: 7.39 minutes as of 2023-05-08 19:48:31"
[1] "II. solving for alpha_num 3 of 3 ; alpha= 0.744822889124285"
[1] "elapsed: 6.55 minutes as of 2023-05-08 19:55:04"
[1] "III. Estimate MCFP"
[1] "III. alpha num 1 of 3"
[1] "elapsed: 0.7 minutes as of 2023-05-08 19:55:46"
[1] "III. alpha num 2 of 3"
[1] "elapsed: 1.39 minutes as of 2023-05-08 19:56:27"
[1] "III. alpha num 3 of 3"
[1] "elapsed: 2.09 minutes as of 2023-05-08 19:57:09"
[1] "IV. Target estimates"
[1] "Beginning variance calculations. This may take some time."
[1] "V. Variance estimates"
[1] ":model stuff:"
[1] "elapsed: 1.96 minutes as of 2023-05-08 19:59:12"
[1] ":CFBI EstFun:"
[1] "elapsed: 0 minutes as of 2023-05-08 19:59:12"
[1] ":CFBI alpha_num 1 of 3"
[1] "elapsed: 5.7 minutes as of 2023-05-08 20:04:54"
[1] ":CFBI alpha_num 2 of 3"
[1] "elapsed: 11.39 minutes as of 2023-05-08 20:10:35"
[1] ":CFBI alpha_num 3 of 3"
[1] ":MCFP EstFun:"
[1] "elapsed: 17.08 minutes as of 2023-05-08 20:16:17"
[1] ":MCFP alpha_num 1 of 3"
[1] "elapsed: 21.99 minutes as of 2023-05-08 20:21:11"
[1] ":MCFP alpha_num 2 of 3"
[1] "elapsed: 26.82 minutes as of 2023-05-08 20:26:01"
[1] ":MCFP alpha_num 3 of 3"
[1] "elapsed: 33.63 minutes as of 2023-05-08 20:30:52"
[1] ":target ests:"
[1] "elapsed: 0 minutes as of 2023-05-08 20:30:52"
[1] "Var_row_num 1 of 9"
[1] "elapsed: 12.22 minutes as of 2023-05-08 20:43:05"
[1] "elapsed: 0 minutes as of 2023-05-08 20:43:06"
[1] "elapsed: 0 minutes as of 2023-05-08 20:43:06"
[1] "Var_row_num 2 of 9"
[1] "elapsed: 12.33 minutes as of 2023-05-08 20:55:26"
[1] "elapsed: 0.01 minutes as of 2023-05-08 20:55:26"
[1] "elapsed: 0 minutes as of 2023-05-08 20:55:26"
[1] "Var_row_num 3 of 9"
[1] "elapsed: 12.31 minutes as of 2023-05-08 21:07:44"
[1] "elapsed: 0 minutes as of 2023-05-08 21:07:45"
[1] "elapsed: 0 minutes as of 2023-05-08 21:07:45"
[1] "Var_row_num 4 of 9"
[1] "elapsed: 12.27 minutes as of 2023-05-08 21:20:01"
[1] "elapsed: 0 minutes as of 2023-05-08 21:20:01"
[1] "elapsed: 0 minutes as of 2023-05-08 21:20:01"
[1] "Var_row_num 5 of 9"
[1] "elapsed: 12.27 minutes as of 2023-05-08 21:32:17"
[1] "elapsed: 0 minutes as of 2023-05-08 21:32:17"
[1] "elapsed: 0 minutes as of 2023-05-08 21:32:17"
[1] "Var_row_num 6 of 9"
[1] "elapsed: 12.13 minutes as of 2023-05-08 21:44:25"
[1] "elapsed: 0 minutes as of 2023-05-08 21:44:25"
[1] "elapsed: 0 minutes as of 2023-05-08 21:44:25"
[1] "Var_row_num 7 of 9"
[1] "elapsed: 11.84 minutes as of 2023-05-08 21:56:16"
[1] "elapsed: 0 minutes as of 2023-05-08 21:56:16"
[1] "elapsed: 0 minutes as of 2023-05-08 21:56:16"
[1] "Var_row_num 8 of 9"
[1] "elapsed: 11.94 minutes as of 2023-05-08 22:08:12"
[1] "elapsed: 0 minutes as of 2023-05-08 22:08:13"
[1] "elapsed: 0 minutes as of 2023-05-08 22:08:13"
[1] "Var_row_num 9 of 9"
[1] "elapsed: 11.89 minutes as of 2023-05-08 22:20:06"
[1] "elapsed: 0 minutes as of 2023-05-08 22:20:06"
[1] "Done with all variance calculations"
[1] "Estimates and SE estimates computed"
[1] ""
[[1]]
[[1]]$pro.p
[[1]]$pro.p$est
  delta        mu      mu_1      mu_0         de        se_1       se_0
1   0.5 0.4654597 0.2718935 0.6018682 -0.3299746  0.05148441 0.07196472
2   1.0 0.3478301 0.2204091 0.5299035 -0.3094943  0.00000000 0.00000000
3   2.0 0.2863922 0.1978623 0.5426101 -0.3447477 -0.02254679 0.01270660
           oe         te
1  0.11762959 -0.2580099
2  0.00000000 -0.3094943
3 -0.06143795 -0.3320411

[[1]]$pro.p$se
  delta         mu       mu_1       mu_0         de       se_1       se_0
1   0.5 0.02151263 0.02051375 0.02587595 0.02385878 0.01779734 0.02042318
2   1.0 0.01151866 0.01014334 0.01609758 0.01497364 0.00000000 0.00000000
3   2.0 0.01772180 0.01912160 0.02386737 0.02677697 0.01523673 0.01865862
          oe         te
1 0.01744536 0.02245208
2 0.00000000 0.01497364
3 0.01452327 0.02295396


[[1]]$pro.np
[[1]]$pro.np$est
  delta        mu      mu_1      mu_0         de        se_1         se_0
1   0.5 0.4626123 0.2771279 0.5831163 -0.3059884  0.04749254  0.077910330
2   1.0 0.3473608 0.2296354 0.5052059 -0.2755706  0.00000000  0.000000000
3   2.0 0.2809342 0.1981750 0.5039531 -0.3057781 -0.03146041 -0.001252879
           oe         te
1  0.11525158 -0.2280780
2  0.00000000 -0.2755706
3 -0.06642654 -0.3070310

[[1]]$pro.np$se
  delta         mu       mu_1       mu_0         de       se_1       se_0
1   0.5 0.02297058 0.02326292 0.02655609 0.02267066 0.02093733 0.02187534
2   1.0 0.01154630 0.01029939 0.01501998 0.01314189 0.00000000 0.00000000
3   2.0 0.01865628 0.01985483 0.02163985 0.02348573 0.01573672 0.01629698
          oe         te
1 0.01941963 0.02413627
2 0.00000000 0.01314189
3 0.01480104 0.02203587


[[1]]$ipw.p
[[1]]$ipw.p$est
  delta        mu      mu_1      mu_0         de         se_1         se_0
1   0.5 0.6182282 0.3048053 0.8374979 -0.5326925  0.082412681  0.303464338
2   1.0 0.3504563 0.2223926 0.5340335 -0.3116409  0.000000000  0.000000000
3   2.0 0.2997200 0.2195466 0.5272101 -0.3076636 -0.002846074 -0.006823375
           oe         te
1  0.26777188 -0.2292282
2  0.00000000 -0.3116409
3 -0.05073636 -0.3144870

[[1]]$ipw.p$se
  delta          mu        mu_1       mu_0         de       se_1       se_0
1   0.5 0.136157409 0.036790284 0.20382918 0.17441362 0.03637925 0.19935997
2   1.0 0.009321591 0.009434108 0.01715886 0.01900238 0.00000000 0.00000000
3   2.0 0.018842252 0.020613497 0.02940399 0.03062194 0.01701847 0.03346784
         oe         te
1 0.1343476 0.03407883
2 0.0000000 0.01900238
3 0.0199339 0.03048385


[[1]]$ipw.np
[[1]]$ipw.np$est
  delta        mu      mu_1      mu_0         de         se_1        se_0
1   0.5 0.6078771 0.3150236 0.8034041 -0.4883805  0.085253427  0.28711005
2   1.0 0.3504563 0.2297702 0.5162941 -0.2865239  0.000000000  0.00000000
3   2.0 0.3029804 0.2278449 0.5072521 -0.2794072 -0.001925277 -0.00904197
           oe         te
1  0.25742073 -0.2012705
2  0.00000000 -0.2865239
3 -0.04747594 -0.2884492

[[1]]$ipw.np$se
  delta          mu        mu_1       mu_0         de       se_1       se_0
1   0.5 0.129337047 0.038211026 0.18775328 0.15737829 0.03783360 0.18332111
2   1.0 0.009321591 0.009735122 0.01667331 0.01869155 0.00000000 0.00000000
3   2.0 0.018884725 0.021373992 0.02786453 0.03004888 0.01751885 0.03178197
          oe         te
1 0.12750258 0.03537478
2 0.00000000 0.01869155
3 0.01988902 0.03074327


[[1]]$bar.p
[[1]]$bar.p$est
  delta        mu      mu_1      mu_0 de se_1 se_0 oe te
1   0.5 0.4903692 0.2992790 0.6150370  0    0    0  0  0
2   1.0 0.3440269 0.2237439 0.5126030  0    0    0  0  0
3   2.0 0.2697231 0.1916070 0.4726203  0    0    0  0  0

[[1]]$bar.p$se
  delta          mu        mu_1       mu_0 de se_1 se_0 oe te
1   0.5 0.051748448 0.031003148 0.05602613  0    0    0  0  0
2   1.0 0.008564805 0.009401526 0.01408131  0    0    0  0  0
3   2.0 0.010632872 0.011485142 0.03504136  0    0    0  0  0



[1] "Total run time was 10398.256 seconds"
