WARNING: ignoring environment value of R_HOME

Attaching package: ‘dplyr’

The following objects are masked from ‘package:stats’:

    filter, lag

The following objects are masked from ‘package:base’:

    intersect, setdiff, setequal, union

Loading required package: splines
Loading required package: foreach
Loaded gam 1.20.2

Super Learner
Version: 2.0-28
Package created on 2021-05-04

Loading required package: lattice
Loading required package: ggplot2
Loading required package: Matrix
Loaded glmnet 4.1-7
Loading required package: Formula
Loading required package: plotmo
Loading required package: plotrix
Loading required package: TeachingDemos
Loaded gbm 2.1.8.1

Attaching package: ‘xgboost’

The following object is masked from ‘package:dplyr’:

    slice

[1] "[Simulation setting]"
[1] "m: 500"
[1] "deltas: 0.5, 1, 2"
[1] "alphas: 0.4251, 0.5948, 0.7448"
[1] "Sim.id 1"
[1] "Data generated"
[1] "Proposed & IPW estimators"
[1] "   Split: 1"
[1] "   Split: 2"
[1] "Barkley estimators"
[1] "I. Estimate GLMER model"
[1] "IB. get MCFP vecs"
[1] "II. Estimate CFBI"
[1] "II. solving for alpha_num 1 of 3 ; alpha= 0.425133170705204"
[1] "elapsed: 3.58 minutes as of 2023-05-08 21:06:43"
[1] "II. solving for alpha_num 2 of 3 ; alpha= 0.594849404255532"
[1] "elapsed: 3.45 minutes as of 2023-05-08 21:10:10"
[1] "II. solving for alpha_num 3 of 3 ; alpha= 0.744822889124285"
[1] "elapsed: 3.46 minutes as of 2023-05-08 21:13:38"
[1] "III. Estimate MCFP"
[1] "III. alpha num 1 of 3"
[1] "elapsed: 0.36 minutes as of 2023-05-08 21:13:59"
[1] "III. alpha num 2 of 3"
[1] "elapsed: 0.71 minutes as of 2023-05-08 21:14:21"
[1] "III. alpha num 3 of 3"
[1] "elapsed: 1.08 minutes as of 2023-05-08 21:14:42"
[1] "IV. Target estimates"
[1] "Beginning variance calculations. This may take some time."
[1] "V. Variance estimates"
[1] ":model stuff:"
[1] "elapsed: 1.09 minutes as of 2023-05-08 21:15:51"
[1] ":CFBI EstFun:"
[1] "elapsed: 0 minutes as of 2023-05-08 21:15:51"
[1] ":CFBI alpha_num 1 of 3"
[1] "elapsed: 2.94 minutes as of 2023-05-08 21:18:48"
[1] ":CFBI alpha_num 2 of 3"
[1] "elapsed: 5.89 minutes as of 2023-05-08 21:21:44"
[1] ":CFBI alpha_num 3 of 3"
[1] ":MCFP EstFun:"
[1] "elapsed: 8.82 minutes as of 2023-05-08 21:24:40"
[1] ":MCFP alpha_num 1 of 3"
[1] "elapsed: 11.26 minutes as of 2023-05-08 21:27:06"
[1] ":MCFP alpha_num 2 of 3"
[1] "elapsed: 13.73 minutes as of 2023-05-08 21:29:35"
[1] ":MCFP alpha_num 3 of 3"
[1] "elapsed: 17.26 minutes as of 2023-05-08 21:32:01"
[1] ":target ests:"
[1] "elapsed: 0 minutes as of 2023-05-08 21:32:01"
[1] "Var_row_num 1 of 9"
[1] "elapsed: 6.76 minutes as of 2023-05-08 21:38:47"
[1] "elapsed: 0 minutes as of 2023-05-08 21:38:47"
[1] "elapsed: 0 minutes as of 2023-05-08 21:38:47"
[1] "Var_row_num 2 of 9"
[1] "elapsed: 6.57 minutes as of 2023-05-08 21:45:21"
[1] "elapsed: 0 minutes as of 2023-05-08 21:45:21"
[1] "elapsed: 0 minutes as of 2023-05-08 21:45:21"
[1] "Var_row_num 3 of 9"
[1] "elapsed: 6.59 minutes as of 2023-05-08 21:51:57"
[1] "elapsed: 0 minutes as of 2023-05-08 21:51:57"
[1] "elapsed: 0 minutes as of 2023-05-08 21:51:57"
[1] "Var_row_num 4 of 9"
[1] "elapsed: 6.7 minutes as of 2023-05-08 21:58:38"
[1] "elapsed: 0 minutes as of 2023-05-08 21:58:38"
[1] "elapsed: 0 minutes as of 2023-05-08 21:58:38"
[1] "Var_row_num 5 of 9"
[1] "elapsed: 6.7 minutes as of 2023-05-08 22:05:21"
[1] "elapsed: 0 minutes as of 2023-05-08 22:05:21"
[1] "elapsed: 0 minutes as of 2023-05-08 22:05:21"
[1] "Var_row_num 6 of 9"
[1] "elapsed: 6.76 minutes as of 2023-05-08 22:12:06"
[1] "elapsed: 0 minutes as of 2023-05-08 22:12:06"
[1] "elapsed: 0 minutes as of 2023-05-08 22:12:06"
[1] "Var_row_num 7 of 9"
[1] "elapsed: 6.77 minutes as of 2023-05-08 22:18:52"
[1] "elapsed: 0 minutes as of 2023-05-08 22:18:52"
[1] "elapsed: 0 minutes as of 2023-05-08 22:18:52"
[1] "Var_row_num 8 of 9"
[1] "elapsed: 6.71 minutes as of 2023-05-08 22:25:35"
[1] "elapsed: 0 minutes as of 2023-05-08 22:25:35"
[1] "elapsed: 0 minutes as of 2023-05-08 22:25:35"
[1] "Var_row_num 9 of 9"
[1] "elapsed: 6.73 minutes as of 2023-05-08 22:32:19"
[1] "elapsed: 0 minutes as of 2023-05-08 22:32:19"
[1] "Done with all variance calculations"
[1] "Estimates and SE estimates computed"
[1] ""
[[1]]
[[1]]$pro.p
[[1]]$pro.p$est
  delta        mu      mu_1      mu_0         de        se_1         se_0
1   0.5 0.4240436 0.2593077 0.5429944 -0.2836867  0.03317183  0.005079056
2   1.0 0.3512078 0.2261359 0.5379153 -0.3117795  0.00000000  0.000000000
3   2.0 0.2442851 0.1667618 0.4783981 -0.3116363 -0.05937406 -0.059517265
           oe         te
1  0.07283581 -0.2786077
2  0.00000000 -0.3117795
3 -0.10692264 -0.3711535

[[1]]$pro.p$se
  delta         mu       mu_1       mu_0         de       se_1       se_0
1   0.5 0.02054497 0.01423104 0.03570594 0.03896488 0.01022956 0.03162951
2   1.0 0.01177780 0.01095474 0.01608010 0.01480787 0.00000000 0.00000000
3   2.0 0.02583601 0.03183573 0.02420192 0.03633532 0.03022410 0.01872301
         oe         te
1 0.0182924 0.01787152
2 0.0000000 0.01480787
3 0.0238754 0.03460985


[[1]]$pro.np
[[1]]$pro.np$est
  delta        mu      mu_1      mu_0         de        se_1         se_0
1   0.5 0.4168033 0.2622926 0.5241717 -0.2618791  0.03194675  0.005713804
2   1.0 0.3488871 0.2303458 0.5184579 -0.2881121  0.00000000  0.000000000
3   2.0 0.2578286 0.1853862 0.4696375 -0.2842512 -0.04495964 -0.048820446
           oe         te
1  0.06791617 -0.2561653
2  0.00000000 -0.2881121
3 -0.09105850 -0.3330717

[[1]]$pro.np$se
  delta         mu       mu_1       mu_0         de        se_1       se_0
1   0.5 0.01603532 0.01360824 0.02497980 0.02761154 0.009591987 0.02149252
2   1.0 0.01206716 0.01117337 0.01550242 0.01319420 0.000000000 0.00000000
3   2.0 0.02098749 0.02301233 0.02228222 0.02590009 0.020111072 0.01640384
          oe         te
1 0.01351327 0.01611342
2 0.00000000 0.01319420
3 0.01751823 0.02487443


[[1]]$ipw.p
[[1]]$ipw.p$est
  delta        mu      mu_1      mu_0         de        se_1        se_0
1   0.5 0.4188281 0.2605820 0.5409972 -0.2804152  0.02762980  0.00187839
2   1.0 0.3527274 0.2329522 0.5391188 -0.3061666  0.00000000  0.00000000
3   2.0 0.2881874 0.2143946 0.5168840 -0.3024894 -0.01855756 -0.02223480
           oe         te
1  0.06610070 -0.2785368
2  0.00000000 -0.3061666
3 -0.06454005 -0.3247242

[[1]]$ipw.p$se
  delta          mu       mu_1       mu_0         de       se_1       se_0
1   0.5 0.036163514 0.01995213 0.05154603 0.04009178 0.01883581 0.04425797
2   1.0 0.009450778 0.00988222 0.01681337 0.01829880 0.00000000 0.00000000
3   2.0 0.021544071 0.02235256 0.02683742 0.02157615 0.01999281 0.03077216
          oe         te
1 0.03350680 0.01979763
2 0.00000000 0.01829880
3 0.02211379 0.03066022


[[1]]$ipw.np
[[1]]$ipw.np$est
  delta        mu      mu_1      mu_0         de        se_1         se_0
1   0.5 0.4128957 0.2628616 0.5269512 -0.2640896  0.02578206 -0.001217791
2   1.0 0.3527274 0.2370795 0.5281690 -0.2910895  0.00000000  0.000000000
3   2.0 0.2930337 0.2211172 0.5103670 -0.2892498 -0.01596233 -0.017801973
           oe         te
1  0.06016829 -0.2653074
2  0.00000000 -0.2910895
3 -0.05969370 -0.3070518

[[1]]$ipw.np$se
  delta          mu       mu_1       mu_0         de       se_1       se_0
1   0.5 0.036254572 0.02044476 0.05114518 0.03920364 0.01938757 0.04432253
2   1.0 0.009450778 0.01004908 0.01643392 0.01803071 0.00000000 0.00000000
3   2.0 0.023259637 0.02469801 0.02697031 0.02195475 0.02236555 0.03060336
          oe         te
1 0.03375966 0.02009259
2 0.00000000 0.01803071
3 0.02368751 0.03221731


[[1]]$bar.p
[[1]]$bar.p$est
  delta        mu      mu_1      mu_0 de se_1 se_0 oe te
1   0.5 0.4024160 0.2617843 0.5235651  0    0    0  0  0
2   1.0 0.3545516 0.2368429 0.5192707  0    0    0  0  0
3   2.0 0.2810036 0.2100751 0.4813463  0    0    0  0  0

[[1]]$bar.p$se
  delta          mu       mu_1       mu_0 de se_1 se_0 oe te
1   0.5 0.018954930 0.02621592 0.02120979  0    0    0  0  0
2   1.0 0.009084894 0.01013203 0.01372402  0    0    0  0  0
3   2.0 0.014236076 0.01357759 0.03730965  0    0    0  0  0



[1] "Total run time was 5602.595 seconds"
