WARNING: ignoring environment value of R_HOME

Attaching package: ‘dplyr’

The following objects are masked from ‘package:stats’:

    filter, lag

The following objects are masked from ‘package:base’:

    intersect, setdiff, setequal, union

Loading required package: splines
Loading required package: foreach
Loaded gam 1.20.2

Super Learner
Version: 2.0-28
Package created on 2021-05-04

Loading required package: lattice
Loading required package: ggplot2
Loading required package: Matrix
Loaded glmnet 4.1-7
Loading required package: Formula
Loading required package: plotmo
Loading required package: plotrix
Loading required package: TeachingDemos
Loaded gbm 2.1.8.1

Attaching package: ‘xgboost’

The following object is masked from ‘package:dplyr’:

    slice

[1] "[Simulation setting]"
[1] "m: 500"
[1] "deltas: 0.5, 1, 2"
[1] "alphas: 0.4251, 0.5948, 0.7448"
[1] "Sim.id 1"
[1] "Data generated"
[1] "Proposed & IPW estimators"
[1] "   Split: 1"
[1] "   Split: 2"
[1] "Barkley estimators"
[1] "I. Estimate GLMER model"
[1] "IB. get MCFP vecs"
[1] "II. Estimate CFBI"
[1] "II. solving for alpha_num 1 of 3 ; alpha= 0.425133170705204"
[1] "elapsed: 6.18 minutes as of 2023-05-08 21:14:37"
[1] "II. solving for alpha_num 2 of 3 ; alpha= 0.594849404255532"
[1] "elapsed: 6.9 minutes as of 2023-05-08 21:21:31"
[1] "II. solving for alpha_num 3 of 3 ; alpha= 0.744822889124285"
[1] "elapsed: 6.11 minutes as of 2023-05-08 21:27:38"
[1] "III. Estimate MCFP"
[1] "III. alpha num 1 of 3"
[1] "elapsed: 0.6 minutes as of 2023-05-08 21:28:14"
[1] "III. alpha num 2 of 3"
[1] "elapsed: 1.22 minutes as of 2023-05-08 21:28:51"
[1] "III. alpha num 3 of 3"
[1] "elapsed: 1.83 minutes as of 2023-05-08 21:29:28"
[1] "IV. Target estimates"
[1] "Beginning variance calculations. This may take some time."
[1] "V. Variance estimates"
[1] ":model stuff:"
[1] "elapsed: 1.97 minutes as of 2023-05-08 21:31:31"
[1] ":CFBI EstFun:"
[1] "elapsed: 0 minutes as of 2023-05-08 21:31:31"
[1] ":CFBI alpha_num 1 of 3"
[1] "elapsed: 5.44 minutes as of 2023-05-08 21:36:57"
[1] ":CFBI alpha_num 2 of 3"
[1] "elapsed: 10.75 minutes as of 2023-05-08 21:42:16"
[1] ":CFBI alpha_num 3 of 3"
[1] ":MCFP EstFun:"
[1] "elapsed: 16.02 minutes as of 2023-05-08 21:47:32"
[1] ":MCFP alpha_num 1 of 3"
[1] "elapsed: 20.2 minutes as of 2023-05-08 21:51:43"
[1] ":MCFP alpha_num 2 of 3"
[1] "elapsed: 24.42 minutes as of 2023-05-08 21:55:56"
[1] ":MCFP alpha_num 3 of 3"
[1] "elapsed: 30.56 minutes as of 2023-05-08 22:00:06"
[1] ":target ests:"
[1] "elapsed: 0 minutes as of 2023-05-08 22:00:06"
[1] "Var_row_num 1 of 9"
[1] "elapsed: 10.85 minutes as of 2023-05-08 22:10:57"
[1] "elapsed: 0 minutes as of 2023-05-08 22:10:57"
[1] "elapsed: 0 minutes as of 2023-05-08 22:10:57"
[1] "Var_row_num 2 of 9"
[1] "elapsed: 10.81 minutes as of 2023-05-08 22:21:46"
[1] "elapsed: 0 minutes as of 2023-05-08 22:21:46"
[1] "elapsed: 0 minutes as of 2023-05-08 22:21:46"
[1] "Var_row_num 3 of 9"
[1] "elapsed: 10.7 minutes as of 2023-05-08 22:32:28"
[1] "elapsed: 0 minutes as of 2023-05-08 22:32:28"
[1] "elapsed: 0 minutes as of 2023-05-08 22:32:28"
[1] "Var_row_num 4 of 9"
[1] "elapsed: 10.24 minutes as of 2023-05-08 22:42:42"
[1] "elapsed: 0 minutes as of 2023-05-08 22:42:42"
[1] "elapsed: 0 minutes as of 2023-05-08 22:42:42"
[1] "Var_row_num 5 of 9"
[1] "elapsed: 10.19 minutes as of 2023-05-08 22:52:53"
[1] "elapsed: 0 minutes as of 2023-05-08 22:52:53"
[1] "elapsed: 0 minutes as of 2023-05-08 22:52:53"
[1] "Var_row_num 6 of 9"
[1] "elapsed: 10.14 minutes as of 2023-05-08 23:03:02"
[1] "elapsed: 0 minutes as of 2023-05-08 23:03:02"
[1] "elapsed: 0 minutes as of 2023-05-08 23:03:02"
[1] "Var_row_num 7 of 9"
[1] "elapsed: 10.12 minutes as of 2023-05-08 23:13:09"
[1] "elapsed: 0 minutes as of 2023-05-08 23:13:09"
[1] "elapsed: 0 minutes as of 2023-05-08 23:13:09"
[1] "Var_row_num 8 of 9"
[1] "elapsed: 10.29 minutes as of 2023-05-08 23:23:26"
[1] "elapsed: 0 minutes as of 2023-05-08 23:23:26"
[1] "elapsed: 0 minutes as of 2023-05-08 23:23:26"
[1] "Var_row_num 9 of 9"
[1] "elapsed: 10.09 minutes as of 2023-05-08 23:33:31"
[1] "elapsed: 0 minutes as of 2023-05-08 23:33:32"
[1] "Done with all variance calculations"
[1] "Estimates and SE estimates computed"
[1] ""
[[1]]
[[1]]$pro.p
[[1]]$pro.p$est
  delta        mu      mu_1      mu_0         de         se_1        se_0
1   0.5 0.4391963 0.2273746 0.5999909 -0.3726163 -0.005198431  0.02050265
2   1.0 0.3716231 0.2325731 0.5794883 -0.3469152  0.000000000  0.00000000
3   2.0 0.3326077 0.2525483 0.5568736 -0.3043253  0.019975181 -0.02261466
           oe         te
1  0.06757315 -0.3521136
2  0.00000000 -0.3469152
3 -0.03901541 -0.3269400

[[1]]$pro.p$se
  delta         mu       mu_1       mu_0         de       se_1       se_0
1   0.5 0.01486768 0.01258106 0.02041565 0.02072608 0.01057402 0.01680561
2   1.0 0.01162636 0.01015925 0.01556146 0.01346969 0.00000000 0.00000000
3   2.0 0.02534621 0.02718474 0.02513823 0.02772813 0.02350618 0.01987178
          oe         te
1 0.01245764 0.01669425
2 0.00000000 0.01346969
3 0.02174761 0.02867334


[[1]]$pro.np
[[1]]$pro.np$est
  delta        mu      mu_1      mu_0         de         se_1         se_0
1   0.5 0.4178754 0.2415468 0.5480689 -0.3065221 -0.005184261  0.003668101
2   1.0 0.3691207 0.2467311 0.5444008 -0.2976698  0.000000000  0.000000000
3   2.0 0.3338838 0.2587509 0.5329177 -0.2741667  0.012019878 -0.011483142
           oe         te
1  0.04875467 -0.3028540
2  0.00000000 -0.2976698
3 -0.03523693 -0.2856499

[[1]]$pro.np$se
  delta         mu       mu_1       mu_0         de        se_1       se_0
1   0.5 0.01344053 0.01146575 0.01786762 0.01784918 0.009121259 0.01395620
2   1.0 0.01187486 0.01072575 0.01509269 0.01256913 0.000000000 0.00000000
3   2.0 0.02387396 0.02564811 0.02281281 0.02434038 0.021352541 0.01758768
          oe         te
1 0.01070336 0.01496656
2 0.00000000 0.01256913
3 0.01978514 0.02669390


[[1]]$ipw.p
[[1]]$ipw.p$est
  delta        mu      mu_1      mu_0         de        se_1        se_0
1   0.5 0.4082897 0.2223849 0.5499288 -0.3275439 0.001920016 -0.01627977
2   1.0 0.3578917 0.2204649 0.5662086 -0.3457437 0.000000000  0.00000000
3   2.0 0.2977190 0.2312453 0.4951414 -0.2638961 0.010780393 -0.07106724
           oe         te
1  0.05039799 -0.3438237
2  0.00000000 -0.3457437
3 -0.06017269 -0.3349633

[[1]]$ipw.p$se
  delta          mu        mu_1       mu_0         de       se_1       se_0
1   0.5 0.032842586 0.015308242 0.05013935 0.04311847 0.01447858 0.04313175
2   1.0 0.009223529 0.008992325 0.01645045 0.01741901 0.00000000 0.00000000
3   2.0 0.029737439 0.037964707 0.02221510 0.04181166 0.03628055 0.02657019
          oe         te
1 0.03029842 0.01593024
2 0.00000000 0.01741901
3 0.03046852 0.04430647


[[1]]$ipw.np
[[1]]$ipw.np$est
  delta        mu      mu_1      mu_0         de          se_1        se_0
1   0.5 0.3996242 0.2280023 0.5245134 -0.2965110 -0.0001703736 -0.02160228
2   1.0 0.3578917 0.2281727 0.5461156 -0.3179430  0.0000000000  0.00000000
3   2.0 0.3027794 0.2406877 0.4803424 -0.2396547  0.0125149967 -0.06577328
           oe         te
1  0.04173251 -0.3181133
2  0.00000000 -0.3179430
3 -0.05511232 -0.3054280

[[1]]$ipw.np$se
  delta          mu        mu_1       mu_0         de       se_1       se_0
1   0.5 0.031206925 0.015274330 0.04653217 0.04003452 0.01447841 0.03972147
2   1.0 0.009223529 0.009315333 0.01587902 0.01702609 0.00000000 0.00000000
3   2.0 0.030090704 0.039399105 0.02168838 0.04250842 0.03759347 0.02574204
          oe         te
1 0.02867643 0.01541354
2 0.00000000 0.01702609
3 0.03074576 0.04530281


[[1]]$bar.p
[[1]]$bar.p$est
  delta        mu      mu_1      mu_0 de se_1 se_0 oe te
1   0.5 0.4057151 0.2053344 0.5534385  0    0    0  0  0
2   1.0 0.3619893 0.2231126 0.5417636  0    0    0  0  0
3   2.0 0.2883298 0.2144521 0.4305571  0    0    0  0  0

[[1]]$bar.p$se
  delta          mu        mu_1       mu_0 de se_1 se_0 oe te
1   0.5 0.020343999 0.013738986 0.02528352  0    0    0  0  0
2   1.0 0.008658778 0.008968505 0.01298515  0    0    0  0  0
3   2.0 0.017311380 0.017972233 0.02635777  0    0    0  0  0



[1] "Total run time was 9050.23 seconds"
