WARNING: ignoring environment value of R_HOME

Attaching package: ‘dplyr’

The following objects are masked from ‘package:stats’:

    filter, lag

The following objects are masked from ‘package:base’:

    intersect, setdiff, setequal, union

Loading required package: splines
Loading required package: foreach
Loaded gam 1.20.2

Super Learner
Version: 2.0-28
Package created on 2021-05-04

Loading required package: lattice
Loading required package: ggplot2
Loading required package: Matrix
Loaded glmnet 4.1-7
Loading required package: Formula
Loading required package: plotmo
Loading required package: plotrix
Loading required package: TeachingDemos
Loaded gbm 2.1.8.1

Attaching package: ‘xgboost’

The following object is masked from ‘package:dplyr’:

    slice

[1] "[Simulation setting]"
[1] "m: 500"
[1] "deltas: 0.5, 1, 2"
[1] "alphas: 0.4251, 0.5948, 0.7448"
[1] "Sim.id 1"
[1] "Data generated"
[1] "Proposed & IPW estimators"
[1] "   Split: 1"
[1] "   Split: 2"
[1] "Barkley estimators"
[1] "I. Estimate GLMER model"
[1] "IB. get MCFP vecs"
[1] "II. Estimate CFBI"
[1] "II. solving for alpha_num 1 of 3 ; alpha= 0.425133170705204"
[1] "elapsed: 3.45 minutes as of 2023-05-08 19:18:28"
[1] "II. solving for alpha_num 2 of 3 ; alpha= 0.594849404255532"
[1] "elapsed: 3.42 minutes as of 2023-05-08 19:21:53"
[1] "II. solving for alpha_num 3 of 3 ; alpha= 0.744822889124285"
[1] "elapsed: 3.39 minutes as of 2023-05-08 19:25:17"
[1] "III. Estimate MCFP"
[1] "III. alpha num 1 of 3"
[1] "elapsed: 0.35 minutes as of 2023-05-08 19:25:38"
[1] "III. alpha num 2 of 3"
[1] "elapsed: 0.7 minutes as of 2023-05-08 19:25:59"
[1] "III. alpha num 3 of 3"
[1] "elapsed: 1.04 minutes as of 2023-05-08 19:26:19"
[1] "IV. Target estimates"
[1] "Beginning variance calculations. This may take some time."
[1] "V. Variance estimates"
[1] ":model stuff:"
[1] "elapsed: 1.01 minutes as of 2023-05-08 19:27:22"
[1] ":CFBI EstFun:"
[1] "elapsed: 0 minutes as of 2023-05-08 19:27:22"
[1] ":CFBI alpha_num 1 of 3"
[1] "elapsed: 2.92 minutes as of 2023-05-08 19:30:18"
[1] ":CFBI alpha_num 2 of 3"
[1] "elapsed: 5.86 minutes as of 2023-05-08 19:33:14"
[1] ":CFBI alpha_num 3 of 3"
[1] ":MCFP EstFun:"
[1] "elapsed: 8.8 minutes as of 2023-05-08 19:36:10"
[1] ":MCFP alpha_num 1 of 3"
[1] "elapsed: 11.25 minutes as of 2023-05-08 19:38:37"
[1] ":MCFP alpha_num 2 of 3"
[1] "elapsed: 13.69 minutes as of 2023-05-08 19:41:04"
[1] ":MCFP alpha_num 3 of 3"
[1] "elapsed: 17.12 minutes as of 2023-05-08 19:43:29"
[1] ":target ests:"
[1] "elapsed: 0 minutes as of 2023-05-08 19:43:29"
[1] "Var_row_num 1 of 9"
[1] "elapsed: 7.99 minutes as of 2023-05-08 19:51:28"
[1] "elapsed: 0 minutes as of 2023-05-08 19:51:29"
[1] "elapsed: 0 minutes as of 2023-05-08 19:51:29"
[1] "Var_row_num 2 of 9"
[1] "elapsed: 10.17 minutes as of 2023-05-08 20:01:39"
[1] "elapsed: 0 minutes as of 2023-05-08 20:01:39"
[1] "elapsed: 0 minutes as of 2023-05-08 20:01:39"
[1] "Var_row_num 3 of 9"
[1] "elapsed: 10.15 minutes as of 2023-05-08 20:11:48"
[1] "elapsed: 0 minutes as of 2023-05-08 20:11:48"
[1] "elapsed: 0 minutes as of 2023-05-08 20:11:48"
[1] "Var_row_num 4 of 9"
[1] "elapsed: 8.14 minutes as of 2023-05-08 20:19:56"
[1] "elapsed: 0 minutes as of 2023-05-08 20:19:56"
[1] "elapsed: 0 minutes as of 2023-05-08 20:19:56"
[1] "Var_row_num 5 of 9"
[1] "elapsed: 10.18 minutes as of 2023-05-08 20:30:07"
[1] "elapsed: 0 minutes as of 2023-05-08 20:30:07"
[1] "elapsed: 0 minutes as of 2023-05-08 20:30:07"
[1] "Var_row_num 6 of 9"
[1] "elapsed: 10.57 minutes as of 2023-05-08 20:40:41"
[1] "elapsed: 0 minutes as of 2023-05-08 20:40:41"
[1] "elapsed: 0 minutes as of 2023-05-08 20:40:41"
[1] "Var_row_num 7 of 9"
[1] "elapsed: 10.48 minutes as of 2023-05-08 20:51:10"
[1] "elapsed: 0 minutes as of 2023-05-08 20:51:10"
[1] "elapsed: 0 minutes as of 2023-05-08 20:51:10"
[1] "Var_row_num 8 of 9"
[1] "elapsed: 10.54 minutes as of 2023-05-08 21:01:42"
[1] "elapsed: 0 minutes as of 2023-05-08 21:01:43"
[1] "elapsed: 0 minutes as of 2023-05-08 21:01:43"
[1] "Var_row_num 9 of 9"
[1] "elapsed: 10.61 minutes as of 2023-05-08 21:12:19"
[1] "elapsed: 0 minutes as of 2023-05-08 21:12:19"
[1] "Done with all variance calculations"
[1] "Estimates and SE estimates computed"
[1] ""
[[1]]
[[1]]$pro.p
[[1]]$pro.p$est
  delta        mu      mu_1      mu_0         de        se_1        se_0
1   0.5 0.4726431 0.2534767 0.6460609 -0.3925842  0.01731170  0.07272964
2   1.0 0.3715397 0.2361650 0.5733313 -0.3371663  0.00000000  0.00000000
3   2.0 0.2920067 0.2043499 0.5484707 -0.3441208 -0.03181507 -0.02486055
           oe         te
1  0.10110336 -0.3198546
2  0.00000000 -0.3371663
3 -0.07953303 -0.3689814

[[1]]$pro.p$se
  delta         mu       mu_1       mu_0         de       se_1       se_0
1   0.5 0.03068704 0.01444924 0.05331536 0.05390846 0.01172698 0.05040300
2   1.0 0.01201851 0.01043975 0.01579957 0.01363861 0.00000000 0.00000000
3   2.0 0.02158165 0.02128224 0.02617693 0.02270150 0.01747849 0.02088425
          oe         te
1 0.02846856 0.01720614
2 0.00000000 0.01363861
3 0.01783180 0.02367031


[[1]]$pro.np
[[1]]$pro.np$est
  delta        mu      mu_1      mu_0         de        se_1        se_0
1   0.5 0.4494112 0.2650590 0.5864116 -0.3213526  0.01707767  0.04218259
2   1.0 0.3709506 0.2479813 0.5442290 -0.2962477  0.00000000  0.00000000
3   2.0 0.3012619 0.2210922 0.5225662 -0.3014740 -0.02688914 -0.02166276
           oe         te
1  0.07846061 -0.2791700
2  0.00000000 -0.2962477
3 -0.06968867 -0.3231368

[[1]]$pro.np$se
  delta         mu       mu_1       mu_0         de       se_1       se_0
1   0.5 0.01966428 0.01585729 0.03102886 0.03480380 0.01311093 0.02693693
2   1.0 0.01233393 0.01101483 0.01523289 0.01228117 0.00000000 0.00000000
3   2.0 0.02424690 0.02415028 0.02583955 0.02157640 0.02000999 0.02056269
          oe         te
1 0.01554575 0.01726058
2 0.00000000 0.01228117
3 0.02024589 0.02496664


[[1]]$ipw.p
[[1]]$ipw.p$est
  delta        mu      mu_1      mu_0         de        se_1       se_0
1   0.5 0.5293880 0.2615722 0.7391508 -0.4775786  0.03267623  0.1797234
2   1.0 0.3615274 0.2288960 0.5594274 -0.3305314  0.00000000  0.0000000
3   2.0 0.2971889 0.2138738 0.5427606 -0.3288868 -0.01502223 -0.0166668
           oe         te
1  0.16786058 -0.2978552
2  0.00000000 -0.3305314
3 -0.06433842 -0.3455536

[[1]]$ipw.p$se
  delta          mu        mu_1       mu_0         de       se_1       se_0
1   0.5 0.094740851 0.023762405 0.15606147 0.14153844 0.02314555 0.15105992
2   1.0 0.009379196 0.008912839 0.01686184 0.01768482 0.00000000 0.00000000
3   2.0 0.022692231 0.022247283 0.03097114 0.02303929 0.01967271 0.03469927
          oe         te
1 0.09287168 0.02145108
2 0.00000000 0.01768482
3 0.02312713 0.03048771


[[1]]$ipw.np
[[1]]$ipw.np$est
  delta        mu      mu_1      mu_0         de        se_1        se_0
1   0.5 0.5303902 0.2732233 0.7250324 -0.4518090  0.03862750  0.17955654
2   1.0 0.3615274 0.2345958 0.5454758 -0.3108800  0.00000000  0.00000000
3   2.0 0.3008602 0.2207028 0.5269951 -0.3062923 -0.01389301 -0.01848077
           oe         te
1  0.16886284 -0.2722525
2  0.00000000 -0.3108800
3 -0.06066714 -0.3247730

[[1]]$ipw.np$se
  delta          mu        mu_1       mu_0         de       se_1       se_0
1   0.5 0.092014202 0.024857688 0.14826729 0.13300378 0.02425341 0.14322754
2   1.0 0.009379196 0.009145938 0.01656956 0.01754698 0.00000000 0.00000000
3   2.0 0.022801773 0.022668226 0.02971190 0.02228092 0.01995853 0.03343609
          oe         te
1 0.09010339 0.02227621
2 0.00000000 0.01754698
3 0.02319076 0.03066083


[[1]]$bar.p
[[1]]$bar.p$est
  delta        mu      mu_1      mu_0 de se_1 se_0 oe te
1   0.5 0.4699216 0.2723471 0.6047900  0    0    0  0  0
2   1.0 0.3643601 0.2379183 0.5407348  0    0    0  0  0
3   2.0 0.2794682 0.2008708 0.4779677  0    0    0  0  0

[[1]]$bar.p$se
  delta         mu       mu_1       mu_0 de se_1 se_0 oe te
1   0.5 0.03889505 0.02672702 0.04309620  0    0    0  0  0
2   1.0 0.00898942 0.00946448 0.01375242  0    0    0  0  0
3   2.0 0.01378611 0.01260807 0.02999416  0    0    0  0  0



[1] "Total run time was 7259.177 seconds"
