WARNING: ignoring environment value of R_HOME

Attaching package: ‘dplyr’

The following objects are masked from ‘package:stats’:

    filter, lag

The following objects are masked from ‘package:base’:

    intersect, setdiff, setequal, union

Loading required package: splines
Loading required package: foreach
Loaded gam 1.20.2

Super Learner
Version: 2.0-28
Package created on 2021-05-04

Loading required package: lattice
Loading required package: ggplot2
Loading required package: Matrix
Loaded glmnet 4.1-7
Loading required package: Formula
Loading required package: plotmo
Loading required package: plotrix
Loading required package: TeachingDemos
Loaded gbm 2.1.8.1

Attaching package: ‘xgboost’

The following object is masked from ‘package:dplyr’:

    slice

[1] "[Simulation setting]"
[1] "m: 500"
[1] "deltas: 0.5, 1, 2"
[1] "alphas: 0.4251, 0.5948, 0.7448"
[1] "Sim.id 1"
[1] "Data generated"
[1] "Proposed & IPW estimators"
[1] "   Split: 1"
[1] "   Split: 2"
[1] "Barkley estimators"
[1] "I. Estimate GLMER model"
[1] "IB. get MCFP vecs"
[1] "II. Estimate CFBI"
[1] "II. solving for alpha_num 1 of 3 ; alpha= 0.425133170705204"
[1] "elapsed: 5.68 minutes as of 2023-05-08 21:27:27"
[1] "II. solving for alpha_num 2 of 3 ; alpha= 0.594849404255532"
[1] "elapsed: 6.35 minutes as of 2023-05-08 21:33:49"
[1] "II. solving for alpha_num 3 of 3 ; alpha= 0.744822889124285"
[1] "elapsed: 5.78 minutes as of 2023-05-08 21:39:36"
[1] "III. Estimate MCFP"
[1] "III. alpha num 1 of 3"
[1] "elapsed: 0.58 minutes as of 2023-05-08 21:40:10"
[1] "III. alpha num 2 of 3"
[1] "elapsed: 1.14 minutes as of 2023-05-08 21:40:44"
[1] "III. alpha num 3 of 3"
[1] "elapsed: 1.71 minutes as of 2023-05-08 21:41:18"
[1] "IV. Target estimates"
[1] "Beginning variance calculations. This may take some time."
[1] "V. Variance estimates"
[1] ":model stuff:"
[1] "elapsed: 1.75 minutes as of 2023-05-08 21:43:08"
[1] ":CFBI EstFun:"
[1] "elapsed: 0 minutes as of 2023-05-08 21:43:08"
[1] ":CFBI alpha_num 1 of 3"
[1] "elapsed: 5.12 minutes as of 2023-05-08 21:48:15"
[1] ":CFBI alpha_num 2 of 3"
[1] "elapsed: 10.18 minutes as of 2023-05-08 21:53:19"
[1] ":CFBI alpha_num 3 of 3"
[1] ":MCFP EstFun:"
[1] "elapsed: 15.25 minutes as of 2023-05-08 21:58:23"
[1] ":MCFP alpha_num 1 of 3"
[1] "elapsed: 19.25 minutes as of 2023-05-08 22:02:23"
[1] ":MCFP alpha_num 2 of 3"
[1] "elapsed: 23.2 minutes as of 2023-05-08 22:06:20"
[1] ":MCFP alpha_num 3 of 3"
[1] "elapsed: 28.97 minutes as of 2023-05-08 22:10:21"
[1] ":target ests:"
[1] "elapsed: 0 minutes as of 2023-05-08 22:10:21"
[1] "Var_row_num 1 of 9"
[1] "elapsed: 9.84 minutes as of 2023-05-08 22:20:11"
[1] "elapsed: 0 minutes as of 2023-05-08 22:20:11"
[1] "elapsed: 0 minutes as of 2023-05-08 22:20:11"
[1] "Var_row_num 2 of 9"
[1] "elapsed: 9.92 minutes as of 2023-05-08 22:30:07"
[1] "elapsed: 0 minutes as of 2023-05-08 22:30:07"
[1] "elapsed: 0 minutes as of 2023-05-08 22:30:07"
[1] "Var_row_num 3 of 9"
[1] "elapsed: 9.96 minutes as of 2023-05-08 22:40:04"
[1] "elapsed: 0 minutes as of 2023-05-08 22:40:04"
[1] "elapsed: 0 minutes as of 2023-05-08 22:40:04"
[1] "Var_row_num 4 of 9"
[1] "elapsed: 10.01 minutes as of 2023-05-08 22:50:05"
[1] "elapsed: 0 minutes as of 2023-05-08 22:50:05"
[1] "elapsed: 0 minutes as of 2023-05-08 22:50:05"
[1] "Var_row_num 5 of 9"
[1] "elapsed: 9.84 minutes as of 2023-05-08 22:59:56"
[1] "elapsed: 0 minutes as of 2023-05-08 22:59:56"
[1] "elapsed: 0 minutes as of 2023-05-08 22:59:56"
[1] "Var_row_num 6 of 9"
[1] "elapsed: 9.69 minutes as of 2023-05-08 23:09:37"
[1] "elapsed: 0 minutes as of 2023-05-08 23:09:37"
[1] "elapsed: 0 minutes as of 2023-05-08 23:09:37"
[1] "Var_row_num 7 of 9"
[1] "elapsed: 9.1 minutes as of 2023-05-08 23:18:43"
[1] "elapsed: 0 minutes as of 2023-05-08 23:18:44"
[1] "elapsed: 0 minutes as of 2023-05-08 23:18:44"
[1] "Var_row_num 8 of 9"
[1] "elapsed: 6.06 minutes as of 2023-05-08 23:24:47"
[1] "elapsed: 0 minutes as of 2023-05-08 23:24:47"
[1] "elapsed: 0 minutes as of 2023-05-08 23:24:47"
[1] "Var_row_num 9 of 9"
[1] "elapsed: 6.34 minutes as of 2023-05-08 23:31:08"
[1] "elapsed: 0 minutes as of 2023-05-08 23:31:08"
[1] "Done with all variance calculations"
[1] "Estimates and SE estimates computed"
[1] ""
[[1]]
[[1]]$pro.p
[[1]]$pro.p$est
  delta        mu      mu_1      mu_0         de        se_1        se_0
1   0.5 0.4653143 0.2651648 0.6069596 -0.3417948  0.03126939  0.04154668
2   1.0 0.3707718 0.2338955 0.5654130 -0.3315175  0.00000000  0.00000000
3   2.0 0.3006176 0.2139595 0.5443749 -0.3304154 -0.01993597 -0.02103802
           oe         te
1  0.09454251 -0.3002481
2  0.00000000 -0.3315175
3 -0.07015421 -0.3514535

[[1]]$pro.p$se
  delta         mu       mu_1       mu_0         de       se_1       se_0
1   0.5 0.01653755 0.01484905 0.02177511 0.02142387 0.01118558 0.01738235
2   1.0 0.01130791 0.01041802 0.01446343 0.01281860 0.00000000 0.00000000
3   2.0 0.01858767 0.01773973 0.02422245 0.02038795 0.01331639 0.01915139
          oe         te
1 0.01307463 0.01631989
2 0.00000000 0.01281860
3 0.01440918 0.01953047


[[1]]$pro.np
[[1]]$pro.np$est
  delta        mu      mu_1      mu_0         de        se_1        se_0
1   0.5 0.4534131 0.2695616 0.5763352 -0.3067736  0.02598156  0.03236809
2   1.0 0.3720286 0.2435800 0.5439671 -0.3003870  0.00000000  0.00000000
3   2.0 0.3073057 0.2241128 0.5276049 -0.3034921 -0.01946723 -0.01636219
           oe         te
1  0.08138451 -0.2744055
2  0.00000000 -0.3003870
3 -0.06472291 -0.3198543

[[1]]$pro.np$se
  delta         mu       mu_1       mu_0         de       se_1       se_0
1   0.5 0.01525155 0.01362951 0.01967395 0.01819847 0.00993993 0.01539851
2   1.0 0.01159736 0.01092996 0.01416439 0.01197341 0.00000000 0.00000000
3   2.0 0.01955285 0.01911803 0.02339516 0.02031196 0.01426319 0.01801477
          oe         te
1 0.01189795 0.01457541
2 0.00000000 0.01197341
3 0.01502519 0.02029059


[[1]]$ipw.p
[[1]]$ipw.p$est
  delta        mu      mu_1      mu_0         de        se_1         se_0
1   0.5 0.4476439 0.2678732 0.5780882 -0.3102151  0.03408253  0.008134406
2   1.0 0.3709030 0.2337906 0.5699538 -0.3361632  0.00000000  0.000000000
3   2.0 0.3016617 0.2150236 0.5510418 -0.3360181 -0.01876698 -0.018912016
           oe         te
1  0.07674095 -0.3020806
2  0.00000000 -0.3361632
3 -0.06924128 -0.3549302

[[1]]$ipw.p$se
  delta          mu        mu_1       mu_0         de       se_1       se_0
1   0.5 0.036083413 0.020857884 0.04998668 0.03778372 0.01962030 0.04150198
2   1.0 0.009293189 0.009285497 0.01622280 0.01742019 0.00000000 0.00000000
3   2.0 0.021055569 0.022529220 0.02732071 0.02590464 0.01988967 0.03176384
          oe         te
1 0.03259617 0.01841459
2 0.00000000 0.01742019
3 0.02160380 0.03047497


[[1]]$ipw.np
[[1]]$ipw.np$est
  delta        mu      mu_1      mu_0         de        se_1         se_0
1   0.5 0.4423626 0.2747578 0.5615483 -0.2867905  0.03427037  0.007507591
2   1.0 0.3709030 0.2404874 0.5540408 -0.3135533  0.00000000  0.000000000
3   2.0 0.3040681 0.2213549 0.5316233 -0.3102684 -0.01913257 -0.022417491
           oe         te
1  0.07145958 -0.2792829
2  0.00000000 -0.3135533
3 -0.06683486 -0.3326859

[[1]]$ipw.np$se
  delta          mu        mu_1       mu_0         de       se_1       se_0
1   0.5 0.035315230 0.021226703 0.04820053 0.03596172 0.01999510 0.03985933
2   1.0 0.009293189 0.009552725 0.01588943 0.01721896 0.00000000 0.00000000
3   2.0 0.021303739 0.023344619 0.02625142 0.02582143 0.02059406 0.03056582
          oe         te
1 0.03187817 0.01855233
2 0.00000000 0.01721896
3 0.02176477 0.03090176


[[1]]$bar.p
[[1]]$bar.p$est
  delta        mu      mu_1      mu_0 de se_1 se_0 oe te
1   0.5 0.4523497 0.2751046 0.5866471  0    0    0  0  0
2   1.0 0.3671562 0.2386959 0.5455047  0    0    0  0  0
3   2.0 0.2880958 0.2074588 0.4903274  0    0    0  0  0

[[1]]$bar.p$se
  delta          mu        mu_1       mu_0 de se_1 se_0 oe te
1   0.5 0.016785580 0.019720647 0.01851089  0    0    0  0  0
2   1.0 0.008524113 0.009530349 0.01280828  0    0    0  0  0
3   2.0 0.013134938 0.013235360 0.02734314  0    0    0  0  0



[1] "Total run time was 8088.737 seconds"
