WARNING: ignoring environment value of R_HOME

Attaching package: ‘dplyr’

The following objects are masked from ‘package:stats’:

    filter, lag

The following objects are masked from ‘package:base’:

    intersect, setdiff, setequal, union

Loading required package: splines
Loading required package: foreach
Loaded gam 1.20.2

Super Learner
Version: 2.0-28
Package created on 2021-05-04

Loading required package: lattice
Loading required package: ggplot2
Loading required package: Matrix
Loaded glmnet 4.1-7
Loading required package: Formula
Loading required package: plotmo
Loading required package: plotrix
Loading required package: TeachingDemos
Loaded gbm 2.1.8.1

Attaching package: ‘xgboost’

The following object is masked from ‘package:dplyr’:

    slice

[1] "[Simulation setting]"
[1] "m: 500"
[1] "deltas: 0.5, 1, 2"
[1] "alphas: 0.4251, 0.5948, 0.7448"
[1] "Sim.id 1"
[1] "Data generated"
[1] "Proposed & IPW estimators"
[1] "   Split: 1"
[1] "   Split: 2"
[1] "Barkley estimators"
[1] "I. Estimate GLMER model"
[1] "IB. get MCFP vecs"
[1] "II. Estimate CFBI"
[1] "II. solving for alpha_num 1 of 3 ; alpha= 0.425133170705204"
[1] "elapsed: 6.02 minutes as of 2023-05-08 19:33:14"
[1] "II. solving for alpha_num 2 of 3 ; alpha= 0.594849404255532"
[1] "elapsed: 5.97 minutes as of 2023-05-08 19:39:12"
[1] "II. solving for alpha_num 3 of 3 ; alpha= 0.744822889124285"
[1] "elapsed: 7.44 minutes as of 2023-05-08 19:46:38"
[1] "III. Estimate MCFP"
[1] "III. alpha num 1 of 3"
[1] "elapsed: 0.58 minutes as of 2023-05-08 19:47:13"
[1] "III. alpha num 2 of 3"
[1] "elapsed: 1.17 minutes as of 2023-05-08 19:47:49"
[1] "III. alpha num 3 of 3"
[1] "elapsed: 1.75 minutes as of 2023-05-08 19:48:24"
[1] "IV. Target estimates"
[1] "Beginning variance calculations. This may take some time."
[1] "V. Variance estimates"
[1] ":model stuff:"
[1] "elapsed: 1.77 minutes as of 2023-05-08 19:50:14"
[1] ":CFBI EstFun:"
[1] "elapsed: 0 minutes as of 2023-05-08 19:50:14"
[1] ":CFBI alpha_num 1 of 3"
[1] "elapsed: 5.21 minutes as of 2023-05-08 19:55:27"
[1] ":CFBI alpha_num 2 of 3"
[1] "elapsed: 10.45 minutes as of 2023-05-08 20:00:41"
[1] ":CFBI alpha_num 3 of 3"
[1] ":MCFP EstFun:"
[1] "elapsed: 15.69 minutes as of 2023-05-08 20:05:56"
[1] ":MCFP alpha_num 1 of 3"
[1] "elapsed: 19.82 minutes as of 2023-05-08 20:10:03"
[1] ":MCFP alpha_num 2 of 3"
[1] "elapsed: 23.97 minutes as of 2023-05-08 20:14:12"
[1] ":MCFP alpha_num 3 of 3"
[1] "elapsed: 29.86 minutes as of 2023-05-08 20:18:19"
[1] ":target ests:"
[1] "elapsed: 0 minutes as of 2023-05-08 20:18:19"
[1] "Var_row_num 1 of 9"
[1] "elapsed: 10.4 minutes as of 2023-05-08 20:28:43"
[1] "elapsed: 0 minutes as of 2023-05-08 20:28:43"
[1] "elapsed: 0 minutes as of 2023-05-08 20:28:43"
[1] "Var_row_num 2 of 9"
[1] "elapsed: 10.45 minutes as of 2023-05-08 20:39:11"
[1] "elapsed: 0 minutes as of 2023-05-08 20:39:11"
[1] "elapsed: 0 minutes as of 2023-05-08 20:39:11"
[1] "Var_row_num 3 of 9"
[1] "elapsed: 10.24 minutes as of 2023-05-08 20:49:25"
[1] "elapsed: 0 minutes as of 2023-05-08 20:49:25"
[1] "elapsed: 0 minutes as of 2023-05-08 20:49:25"
[1] "Var_row_num 4 of 9"
[1] "elapsed: 10.07 minutes as of 2023-05-08 20:59:29"
[1] "elapsed: 0.01 minutes as of 2023-05-08 20:59:30"
[1] "elapsed: 0 minutes as of 2023-05-08 20:59:30"
[1] "Var_row_num 5 of 9"
[1] "elapsed: 6.32 minutes as of 2023-05-08 21:05:49"
[1] "elapsed: 0 minutes as of 2023-05-08 21:05:49"
[1] "elapsed: 0 minutes as of 2023-05-08 21:05:49"
[1] "Var_row_num 6 of 9"
[1] "elapsed: 6.37 minutes as of 2023-05-08 21:12:11"
[1] "elapsed: 0 minutes as of 2023-05-08 21:12:11"
[1] "elapsed: 0 minutes as of 2023-05-08 21:12:11"
[1] "Var_row_num 7 of 9"
[1] "elapsed: 6.3 minutes as of 2023-05-08 21:18:29"
[1] "elapsed: 0 minutes as of 2023-05-08 21:18:29"
[1] "elapsed: 0 minutes as of 2023-05-08 21:18:29"
[1] "Var_row_num 8 of 9"
[1] "elapsed: 6.27 minutes as of 2023-05-08 21:24:46"
[1] "elapsed: 0 minutes as of 2023-05-08 21:24:46"
[1] "elapsed: 0 minutes as of 2023-05-08 21:24:46"
[1] "Var_row_num 9 of 9"
[1] "elapsed: 6.39 minutes as of 2023-05-08 21:31:09"
[1] "elapsed: 0 minutes as of 2023-05-08 21:31:09"
[1] "Done with all variance calculations"
[1] "Estimates and SE estimates computed"
[1] ""
[[1]]
[[1]]$pro.p
[[1]]$pro.p$est
  delta        mu      mu_1      mu_0         de        se_1        se_0
1   0.5 0.4470751 0.2492018 0.6013004 -0.3520985  0.01190625  0.03914779
2   1.0 0.3653017 0.2372956 0.5621526 -0.3248570  0.00000000  0.00000000
3   2.0 0.3057844 0.2223389 0.5508670 -0.3285280 -0.01495664 -0.01128561
           oe         te
1  0.08177337 -0.3129508
2  0.00000000 -0.3248570
3 -0.05951729 -0.3398136

[[1]]$pro.p$se
  delta         mu       mu_1       mu_0         de       se_1       se_0
1   0.5 0.01508300 0.01527849 0.01963351 0.02228099 0.01263916 0.01580813
2   1.0 0.01173765 0.01067305 0.01545036 0.01413728 0.00000000 0.00000000
3   2.0 0.02004020 0.01946179 0.02604464 0.02354721 0.01440456 0.01958662
          oe         te
1 0.01190839 0.01850332
2 0.00000000 0.01413728
3 0.01516508 0.02179784


[[1]]$pro.np
[[1]]$pro.np$est
  delta        mu      mu_1      mu_0         de         se_1         se_0
1   0.5 0.4331866 0.2561715 0.5646633 -0.3084918  0.005031002 0.0323732735
2   1.0 0.3670500 0.2511405 0.5322900 -0.2811495  0.000000000 0.0000000000
3   2.0 0.3224457 0.2434676 0.5330045 -0.2895369 -0.007672858 0.0007145197
           oe         te
1  0.06613665 -0.2761185
2  0.00000000 -0.2811495
3 -0.04460431 -0.2888223

[[1]]$pro.np$se
  delta         mu       mu_1       mu_0         de       se_1       se_0
1   0.5 0.01478733 0.01442986 0.01914300 0.02113110 0.01171779 0.01558560
2   1.0 0.01224569 0.01115262 0.01512823 0.01288431 0.00000000 0.00000000
3   2.0 0.02015574 0.01920377 0.02505578 0.02097686 0.01361493 0.01825375
          oe         te
1 0.01178925 0.01705472
2 0.00000000 0.01288431
3 0.01446963 0.02000236


[[1]]$ipw.p
[[1]]$ipw.p$est
  delta        mu      mu_1      mu_0         de        se_1        se_0
1   0.5 0.4697574 0.2573326 0.6335607 -0.3762281  0.02924140  0.08678302
2   1.0 0.3532827 0.2280912 0.5467777 -0.3186865  0.00000000  0.00000000
3   2.0 0.2843572 0.2085504 0.5143353 -0.3057849 -0.01954078 -0.03244238
           oe         te
1  0.11647474 -0.2894451
2  0.00000000 -0.3186865
3 -0.06892547 -0.3382272

[[1]]$ipw.p$se
  delta          mu        mu_1       mu_0         de       se_1       se_0
1   0.5 0.061325113 0.021568969 0.09576092 0.08402405 0.02069472 0.08955834
2   1.0 0.009243842 0.009320349 0.01659636 0.01805175 0.00000000 0.00000000
3   2.0 0.018098072 0.019940847 0.02485691 0.02656147 0.01693377 0.02856126
          oe         te
1 0.05892414 0.02015400
2 0.00000000 0.01805175
3 0.01855389 0.02893922


[[1]]$ipw.np
[[1]]$ipw.np$est
  delta        mu      mu_1      mu_0         de        se_1        se_0
1   0.5 0.4566589 0.2595226 0.6027952 -0.3432726  0.02538484  0.07236917
2   1.0 0.3532827 0.2341378 0.5304261 -0.2962883  0.00000000  0.00000000
3   2.0 0.2867771 0.2139050 0.4992552 -0.2853502 -0.02023275 -0.03117083
           oe         te
1  0.10337623 -0.2709035
2  0.00000000 -0.2962883
3 -0.06650563 -0.3165211

[[1]]$ipw.np$se
  delta          mu        mu_1       mu_0         de       se_1       se_0
1   0.5 0.057981935 0.021572137 0.08876136 0.07734802 0.02072882 0.08269283
2   1.0 0.009243842 0.009544234 0.01611928 0.01775528 0.00000000 0.00000000
3   2.0 0.018106309 0.020165654 0.02406279 0.02582293 0.01702446 0.02759291
          oe         te
1 0.05559578 0.02019658
2 0.00000000 0.01775528
3 0.01846320 0.02874640


[[1]]$bar.p
[[1]]$bar.p$est
  delta        mu      mu_1      mu_0 de se_1 se_0 oe te
1   0.5 0.4599774 0.2628270 0.5923947  0    0    0  0  0
2   1.0 0.3599721 0.2354641 0.5319642  0    0    0  0  0
3   2.0 0.2744489 0.2006033 0.4422060  0    0    0  0  0

[[1]]$bar.p$se
  delta          mu        mu_1       mu_0 de se_1 se_0 oe te
1   0.5 0.040189985 0.024667157 0.04454880  0    0    0  0  0
2   1.0 0.008615521 0.009582051 0.01311360  0    0    0  0  0
3   2.0 0.010903539 0.011138582 0.02272945  0    0    0  0  0



[1] "Total run time was 7775.79 seconds"
