WARNING: ignoring environment value of R_HOME

Attaching package: ‘dplyr’

The following objects are masked from ‘package:stats’:

    filter, lag

The following objects are masked from ‘package:base’:

    intersect, setdiff, setequal, union

Loading required package: splines
Loading required package: foreach
Loaded gam 1.20.2

Super Learner
Version: 2.0-28
Package created on 2021-05-04

Loading required package: lattice
Loading required package: ggplot2
Loading required package: Matrix
Loaded glmnet 4.1-7
Loading required package: Formula
Loading required package: plotmo
Loading required package: plotrix
Loading required package: TeachingDemos
Loaded gbm 2.1.8.1

Attaching package: ‘xgboost’

The following object is masked from ‘package:dplyr’:

    slice

[1] "[Simulation setting]"
[1] "m: 500"
[1] "deltas: 0.5, 1, 2"
[1] "alphas: 0.4251, 0.5948, 0.7448"
[1] "Sim.id 1"
[1] "Data generated"
[1] "Proposed & IPW estimators"
[1] "   Split: 1"
[1] "   Split: 2"
[1] "Barkley estimators"
[1] "I. Estimate GLMER model"
[1] "IB. get MCFP vecs"
[1] "II. Estimate CFBI"
[1] "II. solving for alpha_num 1 of 3 ; alpha= 0.425133170705204"
[1] "elapsed: 5.82 minutes as of 2023-05-08 20:10:10"
[1] "II. solving for alpha_num 2 of 3 ; alpha= 0.594849404255532"
[1] "elapsed: 6.03 minutes as of 2023-05-08 20:16:12"
[1] "II. solving for alpha_num 3 of 3 ; alpha= 0.744822889124285"
[1] "elapsed: 5.16 minutes as of 2023-05-08 20:21:21"
[1] "III. Estimate MCFP"
[1] "III. alpha num 1 of 3"
[1] "elapsed: 0.57 minutes as of 2023-05-08 20:21:55"
[1] "III. alpha num 2 of 3"
[1] "elapsed: 1.13 minutes as of 2023-05-08 20:22:29"
[1] "III. alpha num 3 of 3"
[1] "elapsed: 1.69 minutes as of 2023-05-08 20:23:03"
[1] "IV. Target estimates"
[1] "Beginning variance calculations. This may take some time."
[1] "V. Variance estimates"
[1] ":model stuff:"
[1] "elapsed: 1.25 minutes as of 2023-05-08 20:24:22"
[1] ":CFBI EstFun:"
[1] "elapsed: 0 minutes as of 2023-05-08 20:24:22"
[1] ":CFBI alpha_num 1 of 3"
[1] "elapsed: 2.68 minutes as of 2023-05-08 20:27:03"
[1] ":CFBI alpha_num 2 of 3"
[1] "elapsed: 5.38 minutes as of 2023-05-08 20:29:45"
[1] ":CFBI alpha_num 3 of 3"
[1] ":MCFP EstFun:"
[1] "elapsed: 9.82 minutes as of 2023-05-08 20:34:12"
[1] ":MCFP alpha_num 1 of 3"
[1] "elapsed: 13.81 minutes as of 2023-05-08 20:38:11"
[1] ":MCFP alpha_num 2 of 3"
[1] "elapsed: 17.79 minutes as of 2023-05-08 20:42:10"
[1] ":MCFP alpha_num 3 of 3"
[1] "elapsed: 22.98 minutes as of 2023-05-08 20:46:06"
[1] ":target ests:"
[1] "elapsed: 0 minutes as of 2023-05-08 20:46:06"
[1] "Var_row_num 1 of 9"
[1] "elapsed: 9.65 minutes as of 2023-05-08 20:55:45"
[1] "elapsed: 0 minutes as of 2023-05-08 20:55:45"
[1] "elapsed: 0 minutes as of 2023-05-08 20:55:45"
[1] "Var_row_num 2 of 9"
[1] "elapsed: 6.43 minutes as of 2023-05-08 21:02:11"
[1] "elapsed: 0 minutes as of 2023-05-08 21:02:11"
[1] "elapsed: 0 minutes as of 2023-05-08 21:02:11"
[1] "Var_row_num 3 of 9"
[1] "elapsed: 6.35 minutes as of 2023-05-08 21:08:32"
[1] "elapsed: 0 minutes as of 2023-05-08 21:08:32"
[1] "elapsed: 0 minutes as of 2023-05-08 21:08:32"
[1] "Var_row_num 4 of 9"
[1] "elapsed: 6.11 minutes as of 2023-05-08 21:14:39"
[1] "elapsed: 0 minutes as of 2023-05-08 21:14:39"
[1] "elapsed: 0 minutes as of 2023-05-08 21:14:39"
[1] "Var_row_num 5 of 9"
[1] "elapsed: 6.88 minutes as of 2023-05-08 21:21:31"
[1] "elapsed: 0 minutes as of 2023-05-08 21:21:31"
[1] "elapsed: 0 minutes as of 2023-05-08 21:21:31"
[1] "Var_row_num 6 of 9"
[1] "elapsed: 8.58 minutes as of 2023-05-08 21:30:06"
[1] "elapsed: 0 minutes as of 2023-05-08 21:30:06"
[1] "elapsed: 0 minutes as of 2023-05-08 21:30:06"
[1] "Var_row_num 7 of 9"
[1] "elapsed: 10.63 minutes as of 2023-05-08 21:40:44"
[1] "elapsed: 0 minutes as of 2023-05-08 21:40:44"
[1] "elapsed: 0 minutes as of 2023-05-08 21:40:44"
[1] "Var_row_num 8 of 9"
[1] "elapsed: 10.16 minutes as of 2023-05-08 21:50:53"
[1] "elapsed: 0 minutes as of 2023-05-08 21:50:54"
[1] "elapsed: 0 minutes as of 2023-05-08 21:50:54"
[1] "Var_row_num 9 of 9"
[1] "elapsed: 6.14 minutes as of 2023-05-08 21:57:02"
[1] "elapsed: 0 minutes as of 2023-05-08 21:57:02"
[1] "Done with all variance calculations"
[1] "Estimates and SE estimates computed"
[1] ""
[[1]]
[[1]]$pro.p
[[1]]$pro.p$est
  delta        mu      mu_1      mu_0         de        se_1        se_0
1   0.5 0.4408596 0.2469474 0.5804754 -0.3335280  0.01091590  0.02610261
2   1.0 0.3674634 0.2360315 0.5543728 -0.3183413  0.00000000  0.00000000
3   2.0 0.2990092 0.2137199 0.5319628 -0.3182429 -0.02231155 -0.02240993
           oe         te
1  0.07339619 -0.3074254
2  0.00000000 -0.3183413
3 -0.06845419 -0.3406529

[[1]]$pro.p$se
  delta         mu       mu_1       mu_0         de       se_1       se_0
1   0.5 0.01848739 0.01592633 0.02396956 0.02202549 0.01287374 0.01896971
2   1.0 0.01142217 0.01035903 0.01543428 0.01439925 0.00000000 0.00000000
3   2.0 0.01765613 0.01662482 0.02720583 0.02585268 0.01263395 0.02188302
          oe         te
1 0.01519692 0.01826741
2 0.00000000 0.01439925
3 0.01341392 0.02026920


[[1]]$pro.np
[[1]]$pro.np$est
  delta        mu      mu_1      mu_0         de        se_1        se_0
1   0.5 0.4465830 0.2647820 0.5739597 -0.3091777  0.01991851  0.03661120
2   1.0 0.3674437 0.2448635 0.5373485 -0.2924850  0.00000000  0.00000000
3   2.0 0.3056176 0.2255325 0.5160235 -0.2904910 -0.01933105 -0.02132506
           oe         te
1  0.07913928 -0.2725665
2  0.00000000 -0.2924850
3 -0.06182612 -0.3118161

[[1]]$pro.np$se
  delta         mu       mu_1       mu_0         de       se_1       se_0
1   0.5 0.01736337 0.01488152 0.02188084 0.01985823 0.01138062 0.01696063
2   1.0 0.01148578 0.01042783 0.01459614 0.01272556 0.00000000 0.00000000
3   2.0 0.01833705 0.01672546 0.02695952 0.02354876 0.01261226 0.02141342
          oe         te
1 0.01364101 0.01617317
2 0.00000000 0.01272556
3 0.01387624 0.01883313


[[1]]$ipw.p
[[1]]$ipw.p$est
  delta        mu      mu_1      mu_0         de        se_1        se_0
1   0.5 0.4495358 0.2519730 0.5939874 -0.3420144  0.01639285  0.02809483
2   1.0 0.3713202 0.2355801 0.5658926 -0.3303124  0.00000000  0.00000000
3   2.0 0.2997063 0.2126056 0.5487242 -0.3361186 -0.02297453 -0.01716838
           oe         te
1  0.07821565 -0.3139196
2  0.00000000 -0.3303124
3 -0.07161391 -0.3532870

[[1]]$ipw.p$se
  delta          mu       mu_1       mu_0         de       se_1       se_0
1   0.5 0.036985165 0.01856012 0.05491610 0.04605575 0.01733861 0.04640920
2   1.0 0.009342368 0.00906773 0.01725753 0.01882295 0.00000000 0.00000000
3   2.0 0.020279490 0.02317416 0.02492946 0.02808152 0.02132459 0.02961565
          oe         te
1 0.03376126 0.01883385
2 0.00000000 0.01882295
3 0.02131307 0.03168210


[[1]]$ipw.np
[[1]]$ipw.np$est
  delta        mu      mu_1      mu_0         de        se_1        se_0
1   0.5 0.4462522 0.2563795 0.5811350 -0.3247555  0.01548496  0.02891521
2   1.0 0.3713202 0.2408946 0.5522198 -0.3113252  0.00000000  0.00000000
3   2.0 0.3009846 0.2162698 0.5345244 -0.3182546 -0.02462483 -0.01769542
           oe         te
1  0.07493201 -0.2958403
2  0.00000000 -0.3113252
3 -0.07033560 -0.3359500

[[1]]$ipw.np$se
  delta          mu        mu_1       mu_0         de       se_1       se_0
1   0.5 0.036830645 0.018548355 0.05433078 0.04569141 0.01735374 0.04606771
2   1.0 0.009342368 0.009270742 0.01690933 0.01859409 0.00000000 0.00000000
3   2.0 0.020050203 0.023140803 0.02422095 0.02744497 0.02118491 0.02875240
          oe         te
1 0.03369574 0.01869954
2 0.00000000 0.01859409
3 0.02103463 0.03140097


[[1]]$bar.p
[[1]]$bar.p$est
  delta        mu      mu_1      mu_0 de se_1 se_0 oe te
1   0.5 0.4360427 0.2468814 0.5723258  0    0    0  0  0
2   1.0 0.3716867 0.2421065 0.5579313  0    0    0  0  0
3   2.0 0.2789946 0.1984772 0.4886616  0    0    0  0  0

[[1]]$bar.p$se
  delta          mu        mu_1       mu_0 de se_1 se_0 oe te
1   0.5 0.018299511 0.018611950 0.02061351  0    0    0  0  0
2   1.0 0.008760115 0.009777848 0.01407695  0    0    0  0  0
3   2.0 0.011332003 0.011787719 0.02532458  0    0    0  0  0



[1] "Total run time was 7116.529 seconds"
