WARNING: ignoring environment value of R_HOME

Attaching package: ‘dplyr’

The following objects are masked from ‘package:stats’:

    filter, lag

The following objects are masked from ‘package:base’:

    intersect, setdiff, setequal, union

Loading required package: splines
Loading required package: foreach
Loaded gam 1.20.2

Super Learner
Version: 2.0-28
Package created on 2021-05-04

Loading required package: lattice
Loading required package: ggplot2
Loading required package: Matrix
Loaded glmnet 4.1-7
Loading required package: Formula
Loading required package: plotmo
Loading required package: plotrix
Loading required package: TeachingDemos
Loaded gbm 2.1.8.1

Attaching package: ‘xgboost’

The following object is masked from ‘package:dplyr’:

    slice

[1] "[Simulation setting]"
[1] "m: 500"
[1] "deltas: 0.5, 1, 2"
[1] "alphas: 0.4251, 0.5948, 0.7448"
[1] "Sim.id 1"
[1] "Data generated"
[1] "Proposed & IPW estimators"
[1] "   Split: 1"
[1] "   Split: 2"
[1] "Barkley estimators"
[1] "I. Estimate GLMER model"
[1] "IB. get MCFP vecs"
[1] "II. Estimate CFBI"
[1] "II. solving for alpha_num 1 of 3 ; alpha= 0.425133170705204"
[1] "elapsed: 5.55 minutes as of 2023-05-08 19:08:25"
[1] "II. solving for alpha_num 2 of 3 ; alpha= 0.594849404255532"
[1] "elapsed: 5.51 minutes as of 2023-05-08 19:13:55"
[1] "II. solving for alpha_num 3 of 3 ; alpha= 0.744822889124285"
[1] "elapsed: 6.88 minutes as of 2023-05-08 19:20:48"
[1] "III. Estimate MCFP"
[1] "III. alpha num 1 of 3"
[1] "elapsed: 0.54 minutes as of 2023-05-08 19:21:21"
[1] "III. alpha num 2 of 3"
[1] "elapsed: 1.1 minutes as of 2023-05-08 19:21:54"
[1] "III. alpha num 3 of 3"
[1] "elapsed: 1.64 minutes as of 2023-05-08 19:22:27"
[1] "IV. Target estimates"
[1] "Beginning variance calculations. This may take some time."
[1] "V. Variance estimates"
[1] ":model stuff:"
[1] "elapsed: 1.7 minutes as of 2023-05-08 19:24:13"
[1] ":CFBI EstFun:"
[1] "elapsed: 0 minutes as of 2023-05-08 19:24:13"
[1] ":CFBI alpha_num 1 of 3"
[1] "elapsed: 4.8 minutes as of 2023-05-08 19:29:01"
[1] ":CFBI alpha_num 2 of 3"
[1] "elapsed: 9.6 minutes as of 2023-05-08 19:33:49"
[1] ":CFBI alpha_num 3 of 3"
[1] ":MCFP EstFun:"
[1] "elapsed: 14.4 minutes as of 2023-05-08 19:38:37"
[1] ":MCFP alpha_num 1 of 3"
[1] "elapsed: 18.24 minutes as of 2023-05-08 19:42:28"
[1] ":MCFP alpha_num 2 of 3"
[1] "elapsed: 22.1 minutes as of 2023-05-08 19:46:20"
[1] ":MCFP alpha_num 3 of 3"
[1] "elapsed: 27.66 minutes as of 2023-05-08 19:50:11"
[1] ":target ests:"
[1] "elapsed: 0 minutes as of 2023-05-08 19:50:11"
[1] "Var_row_num 1 of 9"
[1] "elapsed: 9.7 minutes as of 2023-05-08 19:59:52"
[1] "elapsed: 0 minutes as of 2023-05-08 19:59:52"
[1] "elapsed: 0 minutes as of 2023-05-08 19:59:52"
[1] "Var_row_num 2 of 9"
[1] "elapsed: 9.68 minutes as of 2023-05-08 20:09:33"
[1] "elapsed: 0 minutes as of 2023-05-08 20:09:33"
[1] "elapsed: 0 minutes as of 2023-05-08 20:09:33"
[1] "Var_row_num 3 of 9"
[1] "elapsed: 9.66 minutes as of 2023-05-08 20:19:13"
[1] "elapsed: 0 minutes as of 2023-05-08 20:19:13"
[1] "elapsed: 0 minutes as of 2023-05-08 20:19:13"
[1] "Var_row_num 4 of 9"
[1] "elapsed: 9.7 minutes as of 2023-05-08 20:28:55"
[1] "elapsed: 0 minutes as of 2023-05-08 20:28:55"
[1] "elapsed: 0 minutes as of 2023-05-08 20:28:55"
[1] "Var_row_num 5 of 9"
[1] "elapsed: 9.7 minutes as of 2023-05-08 20:38:37"
[1] "elapsed: 0 minutes as of 2023-05-08 20:38:37"
[1] "elapsed: 0 minutes as of 2023-05-08 20:38:37"
[1] "Var_row_num 6 of 9"
[1] "elapsed: 9.71 minutes as of 2023-05-08 20:48:20"
[1] "elapsed: 0 minutes as of 2023-05-08 20:48:20"
[1] "elapsed: 0 minutes as of 2023-05-08 20:48:20"
[1] "Var_row_num 7 of 9"
[1] "elapsed: 9.7 minutes as of 2023-05-08 20:58:02"
[1] "elapsed: 0 minutes as of 2023-05-08 20:58:02"
[1] "elapsed: 0 minutes as of 2023-05-08 20:58:02"
[1] "Var_row_num 8 of 9"
[1] "elapsed: 9.71 minutes as of 2023-05-08 21:07:45"
[1] "elapsed: 0 minutes as of 2023-05-08 21:07:45"
[1] "elapsed: 0 minutes as of 2023-05-08 21:07:45"
[1] "Var_row_num 9 of 9"
[1] "elapsed: 9.7 minutes as of 2023-05-08 21:17:27"
[1] "elapsed: 0 minutes as of 2023-05-08 21:17:27"
[1] "Done with all variance calculations"
[1] "Estimates and SE estimates computed"
[1] ""
[[1]]
[[1]]$pro.p
[[1]]$pro.p$est
  delta        mu      mu_1      mu_0         de        se_1        se_0
1   0.5 0.4750264 0.2549359 0.6369117 -0.3819759  0.02354973  0.06382915
2   1.0 0.3725291 0.2313861 0.5730826 -0.3416964  0.00000000  0.00000000
3   2.0 0.2694665 0.1876095 0.5172168 -0.3296074 -0.04377667 -0.05586575
          oe         te
1  0.1024973 -0.3181467
2  0.0000000 -0.3416964
3 -0.1030627 -0.3854731

[[1]]$pro.p$se
  delta         mu       mu_1       mu_0         de       se_1       se_0
1   0.5 0.02045730 0.01463851 0.03672884 0.04091123 0.01138500 0.03378956
2   1.0 0.01133220 0.01017599 0.01520677 0.01410849 0.00000000 0.00000000
3   2.0 0.02045504 0.02185967 0.02495781 0.02630324 0.01801129 0.01966981
          oe         te
1 0.01811607 0.01805320
2 0.00000000 0.01410849
3 0.01652137 0.02388500


[[1]]$pro.np
[[1]]$pro.np$est
  delta        mu      mu_1      mu_0         de        se_1        se_0
1   0.5 0.4569769 0.2636432 0.5884737 -0.3248305  0.02244911  0.04316731
2   1.0 0.3712419 0.2411941 0.5453064 -0.3041123  0.00000000  0.00000000
3   2.0 0.2820921 0.2047372 0.5023737 -0.2976365 -0.03645689 -0.04293268
           oe         te
1  0.08573502 -0.2816632
2  0.00000000 -0.3041123
3 -0.08914974 -0.3405692

[[1]]$pro.np$se
  delta         mu       mu_1       mu_0         de       se_1       se_0
1   0.5 0.01572346 0.01359432 0.02335508 0.02606875 0.01012154 0.01989829
2   1.0 0.01143943 0.01048702 0.01451535 0.01282851 0.00000000 0.00000000
3   2.0 0.01931140 0.02099290 0.02202726 0.02427001 0.01646537 0.01668310
          oe         te
1 0.01268141 0.01623812
2 0.00000000 0.01282851
3 0.01501344 0.02232515


[[1]]$ipw.p
[[1]]$ipw.p$est
  delta        mu      mu_1      mu_0         de        se_1        se_0
1   0.5 0.4979299 0.2588557 0.6866392 -0.4277834 0.030069819  0.11148878
2   1.0 0.3683291 0.2287859 0.5751504 -0.3463645 0.000000000  0.00000000
3   2.0 0.3121996 0.2336789 0.5399976 -0.3063187 0.004892958 -0.03515278
          oe         te
1  0.1296008 -0.3162947
2  0.0000000 -0.3463645
3 -0.0561295 -0.3414715

[[1]]$ipw.p$se
  delta          mu        mu_1       mu_0         de       se_1       se_0
1   0.5 0.053746223 0.018985103 0.09004382 0.08237727 0.01801399 0.08284583
2   1.0 0.008966355 0.009254267 0.01671181 0.01865832 0.00000000 0.00000000
3   2.0 0.023026011 0.025177425 0.02615441 0.02427216 0.02202255 0.03092855
          oe         te
1 0.05119726 0.01872604
2 0.00000000 0.01865832
3 0.02348633 0.03362427


[[1]]$ipw.np
[[1]]$ipw.np$est
  delta        mu      mu_1      mu_0         de        se_1        se_0
1   0.5 0.4781330 0.2618961 0.6380920 -0.3761958 0.027472762  0.07838953
2   1.0 0.3683291 0.2344234 0.5597024 -0.3252791 0.000000000  0.00000000
3   2.0 0.3150674 0.2402768 0.5277290 -0.2874523 0.005853385 -0.03197341
           oe         te
1  0.10980399 -0.2978063
2  0.00000000 -0.3252791
3 -0.05326166 -0.3194257

[[1]]$ipw.np$se
  delta          mu        mu_1       mu_0         de       se_1       se_0
1   0.5 0.046838733 0.018585568 0.07345902 0.06523364 0.01772091 0.06610457
2   1.0 0.008966355 0.009506147 0.01618669 0.01831991 0.00000000 0.00000000
3   2.0 0.023579596 0.026352630 0.02581695 0.02446973 0.02304020 0.03021490
          oe         te
1 0.04416931 0.01825592
2 0.00000000 0.01831991
3 0.02390183 0.03419673


[[1]]$bar.p
[[1]]$bar.p$est
  delta        mu      mu_1      mu_0 de se_1 se_0 oe te
1   0.5 0.4482211 0.2736624 0.5816511  0    0    0  0  0
2   1.0 0.3658172 0.2351675 0.5440730  0    0    0  0  0
3   2.0 0.2805624 0.2031831 0.4747176  0    0    0  0  0

[[1]]$bar.p$se
  delta          mu        mu_1       mu_0 de se_1 se_0 oe te
1   0.5 0.020657365 0.028048509 0.02148719  0    0    0  0  0
2   1.0 0.008323558 0.009412168 0.01312280  0    0    0  0  0
3   2.0 0.012445843 0.012132100 0.03087818  0    0    0  0  0



[1] "Total run time was 8404.954 seconds"
