WARNING: ignoring environment value of R_HOME

Attaching package: ‘dplyr’

The following objects are masked from ‘package:stats’:

    filter, lag

The following objects are masked from ‘package:base’:

    intersect, setdiff, setequal, union

Loading required package: splines
Loading required package: foreach
Loaded gam 1.20.2

Super Learner
Version: 2.0-28
Package created on 2021-05-04

Loading required package: lattice
Loading required package: ggplot2
Loading required package: Matrix
Loaded glmnet 4.1-7
Loading required package: Formula
Loading required package: plotmo
Loading required package: plotrix
Loading required package: TeachingDemos
Loaded gbm 2.1.8.1

Attaching package: ‘xgboost’

The following object is masked from ‘package:dplyr’:

    slice

[1] "[Simulation setting]"
[1] "m: 500"
[1] "deltas: 0.5, 1, 2"
[1] "alphas: 0.4251, 0.5948, 0.7448"
[1] "Sim.id 1"
[1] "Data generated"
[1] "Proposed & IPW estimators"
[1] "   Split: 1"
[1] "   Split: 2"
[1] "Barkley estimators"
[1] "I. Estimate GLMER model"
[1] "IB. get MCFP vecs"
[1] "II. Estimate CFBI"
[1] "II. solving for alpha_num 1 of 3 ; alpha= 0.425133170705204"
[1] "elapsed: 6.79 minutes as of 2023-05-08 18:40:49"
[1] "II. solving for alpha_num 2 of 3 ; alpha= 0.594849404255532"
[1] "elapsed: 6.72 minutes as of 2023-05-08 18:47:31"
[1] "II. solving for alpha_num 3 of 3 ; alpha= 0.744822889124285"
[1] "elapsed: 8.37 minutes as of 2023-05-08 18:55:54"
[1] "III. Estimate MCFP"
[1] "III. alpha num 1 of 3"
[1] "elapsed: 0.67 minutes as of 2023-05-08 18:56:34"
[1] "III. alpha num 2 of 3"
[1] "elapsed: 1.35 minutes as of 2023-05-08 18:57:15"
[1] "III. alpha num 3 of 3"
[1] "elapsed: 2.02 minutes as of 2023-05-08 18:57:55"
[1] "IV. Target estimates"
[1] "Beginning variance calculations. This may take some time."
[1] "V. Variance estimates"
[1] ":model stuff:"
[1] "elapsed: 2.05 minutes as of 2023-05-08 19:00:03"
[1] ":CFBI EstFun:"
[1] "elapsed: 0 minutes as of 2023-05-08 19:00:03"
[1] ":CFBI alpha_num 1 of 3"
[1] "elapsed: 5.84 minutes as of 2023-05-08 19:05:53"
[1] ":CFBI alpha_num 2 of 3"
[1] "elapsed: 11.65 minutes as of 2023-05-08 19:11:42"
[1] ":CFBI alpha_num 3 of 3"
[1] ":MCFP EstFun:"
[1] "elapsed: 17.48 minutes as of 2023-05-08 19:17:32"
[1] ":MCFP alpha_num 1 of 3"
[1] "elapsed: 22.26 minutes as of 2023-05-08 19:22:19"
[1] ":MCFP alpha_num 2 of 3"
[1] "elapsed: 27.04 minutes as of 2023-05-08 19:27:05"
[1] ":MCFP alpha_num 3 of 3"
[1] "elapsed: 33.81 minutes as of 2023-05-08 19:31:49"
[1] ":target ests:"
[1] "elapsed: 0 minutes as of 2023-05-08 19:31:49"
[1] "Var_row_num 1 of 9"
[1] "elapsed: 11.6 minutes as of 2023-05-08 19:43:25"
[1] "elapsed: 0 minutes as of 2023-05-08 19:43:25"
[1] "elapsed: 0 minutes as of 2023-05-08 19:43:25"
[1] "Var_row_num 2 of 9"
[1] "elapsed: 11.53 minutes as of 2023-05-08 19:54:57"
[1] "elapsed: 0 minutes as of 2023-05-08 19:54:57"
[1] "elapsed: 0 minutes as of 2023-05-08 19:54:57"
[1] "Var_row_num 3 of 9"
[1] "elapsed: 11.28 minutes as of 2023-05-08 20:06:14"
[1] "elapsed: 0 minutes as of 2023-05-08 20:06:14"
[1] "elapsed: 0 minutes as of 2023-05-08 20:06:14"
[1] "Var_row_num 4 of 9"
[1] "elapsed: 11.18 minutes as of 2023-05-08 20:17:25"
[1] "elapsed: 0 minutes as of 2023-05-08 20:17:25"
[1] "elapsed: 0 minutes as of 2023-05-08 20:17:25"
[1] "Var_row_num 5 of 9"
[1] "elapsed: 11.16 minutes as of 2023-05-08 20:28:35"
[1] "elapsed: 0 minutes as of 2023-05-08 20:28:35"
[1] "elapsed: 0 minutes as of 2023-05-08 20:28:35"
[1] "Var_row_num 6 of 9"
[1] "elapsed: 11.11 minutes as of 2023-05-08 20:39:42"
[1] "elapsed: 0 minutes as of 2023-05-08 20:39:42"
[1] "elapsed: 0 minutes as of 2023-05-08 20:39:42"
[1] "Var_row_num 7 of 9"
[1] "elapsed: 11.03 minutes as of 2023-05-08 20:50:43"
[1] "elapsed: 0 minutes as of 2023-05-08 20:50:43"
[1] "elapsed: 0 minutes as of 2023-05-08 20:50:43"
[1] "Var_row_num 8 of 9"
[1] "elapsed: 11.08 minutes as of 2023-05-08 21:01:48"
[1] "elapsed: 0 minutes as of 2023-05-08 21:01:48"
[1] "elapsed: 0 minutes as of 2023-05-08 21:01:48"
[1] "Var_row_num 9 of 9"
[1] "elapsed: 11.15 minutes as of 2023-05-08 21:12:57"
[1] "elapsed: 0 minutes as of 2023-05-08 21:12:57"
[1] "Done with all variance calculations"
[1] "Estimates and SE estimates computed"
[1] ""
[[1]]
[[1]]$pro.p
[[1]]$pro.p$est
  delta        mu      mu_1      mu_0         de        se_1        se_0
1   0.5 0.4168683 0.2402190 0.5555159 -0.3152969  0.01980237  0.03090738
2   1.0 0.3396537 0.2204166 0.5246085 -0.3041919  0.00000000  0.00000000
3   2.0 0.2707689 0.2007023 0.4836640 -0.2829617 -0.01971431 -0.04094451
           oe         te
1  0.07721467 -0.2843895
2  0.00000000 -0.3041919
3 -0.06888480 -0.3239062

[[1]]$pro.p$se
  delta         mu       mu_1       mu_0         de       se_1       se_0
1   0.5 0.02527991 0.01397930 0.03723892 0.03305173 0.01155744 0.03286504
2   1.0 0.01182623 0.01052299 0.01564814 0.01367517 0.00000000 0.00000000
3   2.0 0.01832041 0.01723196 0.02468766 0.02112696 0.01178624 0.01860272
          oe         te
1 0.02220414 0.01628170
2 0.00000000 0.01367517
3 0.01301182 0.01933487


[[1]]$pro.np
[[1]]$pro.np$est
  delta        mu      mu_1      mu_0         de        se_1        se_0
1   0.5 0.4073221 0.2564820 0.5216735 -0.2651915  0.02673954  0.02355013
2   1.0 0.3379345 0.2297425 0.4981234 -0.2683809  0.00000000  0.00000000
3   2.0 0.2770488 0.2130365 0.4601575 -0.2471210 -0.01670600 -0.03796590
           oe         te
1  0.06938755 -0.2416414
2  0.00000000 -0.2683809
3 -0.06088573 -0.2850869

[[1]]$pro.np$se
  delta         mu       mu_1       mu_0         de       se_1       se_0
1   0.5 0.02164968 0.01411593 0.03235275 0.03008387 0.01176195 0.02853091
2   1.0 0.01220107 0.01113266 0.01531772 0.01279946 0.00000000 0.00000000
3   2.0 0.01958286 0.01945062 0.02281400 0.01967759 0.01338031 0.01622825
          oe         te
1 0.01859397 0.01602993
2 0.00000000 0.01279946
3 0.01379105 0.02027297


[[1]]$ipw.p
[[1]]$ipw.p$est
  delta        mu      mu_1      mu_0         de        se_1        se_0
1   0.5 0.4690135 0.2515239 0.6394098 -0.3878859  0.02627626  0.10919214
2   1.0 0.3447344 0.2252476 0.5302177 -0.3049701  0.00000000  0.00000000
3   2.0 0.2834251 0.2148225 0.4947890 -0.2799666 -0.01042515 -0.03542865
          oe         te
1  0.1242791 -0.2786938
2  0.0000000 -0.3049701
3 -0.0613093 -0.3153952

[[1]]$ipw.p$se
  delta          mu        mu_1       mu_0         de       se_1       se_0
1   0.5 0.064711699 0.020774819 0.10243913 0.08874714 0.02036979 0.09555429
2   1.0 0.009281994 0.009085633 0.01691160 0.01802684 0.00000000 0.00000000
3   2.0 0.018212690 0.019280996 0.02391151 0.02194466 0.01597140 0.02781551
          oe         te
1 0.06210266 0.01854227
2 0.00000000 0.01802684
3 0.01849793 0.02854454


[[1]]$ipw.np
[[1]]$ipw.np$est
  delta        mu      mu_1      mu_0         de        se_1        se_0
1   0.5 0.4621752 0.2625879 0.6123391 -0.3497512  0.02891715  0.10121957
2   1.0 0.3447344 0.2336707 0.5111195 -0.2774488  0.00000000  0.00000000
3   2.0 0.2874817 0.2222177 0.4776590 -0.2554414 -0.01145306 -0.03346046
          oe         te
1  0.1174409 -0.2485316
2  0.0000000 -0.2774488
3 -0.0572527 -0.2889018

[[1]]$ipw.np$se
  delta          mu       mu_1       mu_0         de       se_1       se_0
1   0.5 0.062566664 0.02153237 0.09750453 0.08328731 0.02113302 0.09092210
2   1.0 0.009281994 0.00938881 0.01636568 0.01757137 0.00000000 0.00000000
3   2.0 0.018734243 0.02003375 0.02339101 0.02125462 0.01657401 0.02699581
          oe         te
1 0.05998222 0.01891283
2 0.00000000 0.01757137
3 0.01892358 0.02866277


[[1]]$bar.p
[[1]]$bar.p$est
  delta        mu      mu_1      mu_0 de se_1 se_0 oe te
1   0.5 0.4795548 0.2795646 0.6102067  0    0    0  0  0
2   1.0 0.3524795 0.2316686 0.5155660  0    0    0  0  0
3   2.0 0.2739580 0.2060808 0.4331328  0    0    0  0  0

[[1]]$bar.p$se
  delta          mu        mu_1       mu_0 de se_1 se_0 oe te
1   0.5 0.049512540 0.030479975 0.05309227  0    0    0  0  0
2   1.0 0.008866002 0.009443398 0.01331013  0    0    0  0  0
3   2.0 0.011083806 0.011075439 0.02299387  0    0    0  0  0



[1] "Total run time was 9901.807 seconds"
