WARNING: ignoring environment value of R_HOME

Attaching package: ‘dplyr’

The following objects are masked from ‘package:stats’:

    filter, lag

The following objects are masked from ‘package:base’:

    intersect, setdiff, setequal, union

Loading required package: splines
Loading required package: foreach
Loaded gam 1.20.2

Super Learner
Version: 2.0-28
Package created on 2021-05-04

Loading required package: lattice
Loading required package: ggplot2
Loading required package: Matrix
Loaded glmnet 4.1-7
Loading required package: Formula
Loading required package: plotmo
Loading required package: plotrix
Loading required package: TeachingDemos
Loaded gbm 2.1.8.1

Attaching package: ‘xgboost’

The following object is masked from ‘package:dplyr’:

    slice

[1] "[Simulation setting]"
[1] "m: 500"
[1] "deltas: 0.5, 1, 2"
[1] "alphas: 0.4251, 0.5948, 0.7448"
[1] "Sim.id 1"
[1] "Data generated"
[1] "Proposed & IPW estimators"
[1] "   Split: 1"
[1] "   Split: 2"
[1] "Barkley estimators"
[1] "I. Estimate GLMER model"
[1] "IB. get MCFP vecs"
[1] "II. Estimate CFBI"
[1] "II. solving for alpha_num 1 of 3 ; alpha= 0.425133170705204"
[1] "elapsed: 6.46 minutes as of 2023-05-08 18:54:05"
[1] "II. solving for alpha_num 2 of 3 ; alpha= 0.594849404255532"
[1] "elapsed: 6.45 minutes as of 2023-05-08 19:00:32"
[1] "II. solving for alpha_num 3 of 3 ; alpha= 0.744822889124285"
[1] "elapsed: 8.11 minutes as of 2023-05-08 19:08:39"
[1] "III. Estimate MCFP"
[1] "III. alpha num 1 of 3"
[1] "elapsed: 0.66 minutes as of 2023-05-08 19:09:18"
[1] "III. alpha num 2 of 3"
[1] "elapsed: 1.32 minutes as of 2023-05-08 19:09:58"
[1] "III. alpha num 3 of 3"
[1] "elapsed: 1.97 minutes as of 2023-05-08 19:10:37"
[1] "IV. Target estimates"
[1] "Beginning variance calculations. This may take some time."
[1] "V. Variance estimates"
[1] ":model stuff:"
[1] "elapsed: 1.96 minutes as of 2023-05-08 19:12:40"
[1] ":CFBI EstFun:"
[1] "elapsed: 0 minutes as of 2023-05-08 19:12:40"
[1] ":CFBI alpha_num 1 of 3"
[1] "elapsed: 5.68 minutes as of 2023-05-08 19:18:20"
[1] ":CFBI alpha_num 2 of 3"
[1] "elapsed: 11.38 minutes as of 2023-05-08 19:24:02"
[1] ":CFBI alpha_num 3 of 3"
[1] ":MCFP EstFun:"
[1] "elapsed: 17.2 minutes as of 2023-05-08 19:29:52"
[1] ":MCFP alpha_num 1 of 3"
[1] "elapsed: 22.05 minutes as of 2023-05-08 19:34:42"
[1] ":MCFP alpha_num 2 of 3"
[1] "elapsed: 26.84 minutes as of 2023-05-08 19:39:30"
[1] ":MCFP alpha_num 3 of 3"
[1] "elapsed: 33.61 minutes as of 2023-05-08 19:44:19"
[1] ":target ests:"
[1] "elapsed: 0 minutes as of 2023-05-08 19:44:19"
[1] "Var_row_num 1 of 9"
[1] "elapsed: 11.85 minutes as of 2023-05-08 19:56:10"
[1] "elapsed: 0 minutes as of 2023-05-08 19:56:10"
[1] "elapsed: 0 minutes as of 2023-05-08 19:56:10"
[1] "Var_row_num 2 of 9"
[1] "elapsed: 11.32 minutes as of 2023-05-08 20:07:29"
[1] "elapsed: 0 minutes as of 2023-05-08 20:07:29"
[1] "elapsed: 0 minutes as of 2023-05-08 20:07:29"
[1] "Var_row_num 3 of 9"
[1] "elapsed: 11.08 minutes as of 2023-05-08 20:18:34"
[1] "elapsed: 0 minutes as of 2023-05-08 20:18:34"
[1] "elapsed: 0 minutes as of 2023-05-08 20:18:34"
[1] "Var_row_num 4 of 9"
[1] "elapsed: 11.49 minutes as of 2023-05-08 20:30:04"
[1] "elapsed: 0 minutes as of 2023-05-08 20:30:04"
[1] "elapsed: 0 minutes as of 2023-05-08 20:30:04"
[1] "Var_row_num 5 of 9"
[1] "elapsed: 11.67 minutes as of 2023-05-08 20:41:44"
[1] "elapsed: 0 minutes as of 2023-05-08 20:41:44"
[1] "elapsed: 0 minutes as of 2023-05-08 20:41:44"
[1] "Var_row_num 6 of 9"
[1] "elapsed: 11.74 minutes as of 2023-05-08 20:53:29"
[1] "elapsed: 0 minutes as of 2023-05-08 20:53:29"
[1] "elapsed: 0 minutes as of 2023-05-08 20:53:29"
[1] "Var_row_num 7 of 9"
[1] "elapsed: 11.74 minutes as of 2023-05-08 21:05:13"
[1] "elapsed: 0 minutes as of 2023-05-08 21:05:14"
[1] "elapsed: 0 minutes as of 2023-05-08 21:05:14"
[1] "Var_row_num 8 of 9"
[1] "elapsed: 11.8 minutes as of 2023-05-08 21:17:01"
[1] "elapsed: 0 minutes as of 2023-05-08 21:17:02"
[1] "elapsed: 0 minutes as of 2023-05-08 21:17:02"
[1] "Var_row_num 9 of 9"
[1] "elapsed: 10.96 minutes as of 2023-05-08 21:27:59"
[1] "elapsed: 0 minutes as of 2023-05-08 21:27:59"
[1] "Done with all variance calculations"
[1] "Estimates and SE estimates computed"
[1] ""
[[1]]
[[1]]$pro.p
[[1]]$pro.p$est
  delta        mu      mu_1      mu_0         de        se_1        se_0
1   0.5 0.4317514 0.2485058 0.5725206 -0.3240147 0.015197318 0.039080557
2   1.0 0.3501761 0.2333085 0.5334400 -0.3001315 0.000000000 0.000000000
3   2.0 0.3127382 0.2393075 0.5351924 -0.2958849 0.005998993 0.001752443
           oe         te
1  0.08157532 -0.2849342
2  0.00000000 -0.3001315
3 -0.03743785 -0.2941325

[[1]]$pro.p$se
  delta         mu       mu_1       mu_0         de      se_1       se_0
1   0.5 0.01598789 0.01786041 0.02091427 0.02512278 0.0157740 0.01661582
2   1.0 0.01158601 0.01100868 0.01480167 0.01311437 0.0000000 0.00000000
3   2.0 0.02259482 0.02321542 0.02614794 0.02433542 0.0178947 0.01957845
          oe         te
1 0.01289026 0.02043667
2 0.00000000 0.01311437
3 0.01726153 0.02343348


[[1]]$pro.np
[[1]]$pro.np$est
  delta        mu      mu_1      mu_0         de      se_1       se_0
1   0.5 0.4251131 0.2600903 0.5495162 -0.2894258 0.0115237 0.04214987
2   1.0 0.3524499 0.2485666 0.5073663 -0.2587997 0.0000000 0.00000000
3   2.0 0.3301895 0.2621660 0.5202770 -0.2581110 0.0135994 0.01291070
           oe         te
1  0.07266319 -0.2472760
2  0.00000000 -0.2587997
3 -0.02226045 -0.2452003

[[1]]$pro.np$se
  delta         mu       mu_1       mu_0         de       se_1       se_0
1   0.5 0.01487452 0.01566886 0.01923661 0.02151547 0.01302859 0.01505638
2   1.0 0.01170166 0.01128006 0.01431821 0.01196396 0.00000000 0.00000000
3   2.0 0.02278360 0.02315589 0.02539290 0.02254381 0.01744407 0.01869302
          oe         te
1 0.01146041 0.01739214
2 0.00000000 0.01196396
3 0.01698761 0.02211096


[[1]]$ipw.p
[[1]]$ipw.p$est
  delta        mu      mu_1      mu_0         de        se_1        se_0
1   0.5 0.4434193 0.2639829 0.5792374 -0.3152545 0.025484487 0.044692699
2   1.0 0.3556298 0.2384984 0.5345447 -0.2960463 0.000000000 0.000000000
3   2.0 0.3196125 0.2480225 0.5369164 -0.2888939 0.009524138 0.002371776
           oe         te
1  0.08778951 -0.2705618
2  0.00000000 -0.2960463
3 -0.03601730 -0.2865222

[[1]]$ipw.p$se
  delta          mu        mu_1       mu_0         de       se_1       se_0
1   0.5 0.041098369 0.023603158 0.05885530 0.04697307 0.02309060 0.05031974
2   1.0 0.008785266 0.009544328 0.01585079 0.01804797 0.00000000 0.00000000
3   2.0 0.025593518 0.030359890 0.02688709 0.03430504 0.02653011 0.03047939
          oe         te
1 0.03810507 0.02232131
2 0.00000000 0.01804797
3 0.02510678 0.03720137


[[1]]$ipw.np
[[1]]$ipw.np$est
  delta        mu      mu_1      mu_0         de        se_1         se_0
1   0.5 0.4575166 0.2770298 0.5944110 -0.3173811 0.033255667  0.071638575
2   1.0 0.3556298 0.2437742 0.5227724 -0.2789982 0.000000000  0.000000000
3   2.0 0.3198616 0.2522191 0.5173011 -0.2650820 0.008444914 -0.005471277
           oe         te
1  0.10188684 -0.2457426
2  0.00000000 -0.2789982
3 -0.03576813 -0.2705533

[[1]]$ipw.np$se
  delta          mu        mu_1       mu_0         de       se_1       se_0
1   0.5 0.043590145 0.024700273 0.06304388 0.05037010 0.02419092 0.05471153
2   1.0 0.008785266 0.009712265 0.01564708 0.01791981 0.00000000 0.00000000
3   2.0 0.026106078 0.031520180 0.02594899 0.03449058 0.02762984 0.02957960
          oe         te
1 0.04067023 0.02285749
2 0.00000000 0.01791981
3 0.02558586 0.03806188


[[1]]$bar.p
[[1]]$bar.p$est
  delta        mu      mu_1      mu_0 de se_1 se_0 oe te
1   0.5 0.4215874 0.2616290 0.5463862  0    0    0  0  0
2   1.0 0.3587384 0.2374698 0.5279083  0    0    0  0  0
3   2.0 0.3000572 0.2238483 0.4743948  0    0    0  0  0

[[1]]$bar.p$se
  delta          mu        mu_1       mu_0 de se_1 se_0 oe te
1   0.5 0.021566345 0.027299304 0.02291058  0    0    0  0  0
2   1.0 0.008544434 0.009424522 0.01314225  0    0    0  0  0
3   2.0 0.014564673 0.015022436 0.02513399  0    0    0  0  0



[1] "Total run time was 9978.265 seconds"
