WARNING: ignoring environment value of R_HOME

Attaching package: ‘dplyr’

The following objects are masked from ‘package:stats’:

    filter, lag

The following objects are masked from ‘package:base’:

    intersect, setdiff, setequal, union

Loading required package: splines
Loading required package: foreach
Loaded gam 1.20.2

Super Learner
Version: 2.0-28
Package created on 2021-05-04

Loading required package: lattice
Loading required package: ggplot2
Loading required package: Matrix
Loaded glmnet 4.1-7
Loading required package: Formula
Loading required package: plotmo
Loading required package: plotrix
Loading required package: TeachingDemos
Loaded gbm 2.1.8.1

Attaching package: ‘xgboost’

The following object is masked from ‘package:dplyr’:

    slice

[1] "[Simulation setting]"
[1] "m: 500"
[1] "deltas: 0.5, 1, 2"
[1] "alphas: 0.4251, 0.5948, 0.7448"
[1] "Sim.id 1"
[1] "Data generated"
[1] "Proposed & IPW estimators"
[1] "   Split: 1"
[1] "   Split: 2"
[1] "Barkley estimators"
[1] "I. Estimate GLMER model"
[1] "IB. get MCFP vecs"
[1] "II. Estimate CFBI"
[1] "II. solving for alpha_num 1 of 3 ; alpha= 0.425133170705204"
[1] "elapsed: 6.8 minutes as of 2023-05-08 19:34:25"
[1] "II. solving for alpha_num 2 of 3 ; alpha= 0.594849404255532"
[1] "elapsed: 6.64 minutes as of 2023-05-08 19:41:03"
[1] "II. solving for alpha_num 3 of 3 ; alpha= 0.744822889124285"
[1] "elapsed: 8.4 minutes as of 2023-05-08 19:49:27"
[1] "III. Estimate MCFP"
[1] "III. alpha num 1 of 3"
[1] "elapsed: 0.68 minutes as of 2023-05-08 19:50:08"
[1] "III. alpha num 2 of 3"
[1] "elapsed: 1.38 minutes as of 2023-05-08 19:50:50"
[1] "III. alpha num 3 of 3"
[1] "elapsed: 2.07 minutes as of 2023-05-08 19:51:31"
[1] "IV. Target estimates"
[1] "Beginning variance calculations. This may take some time."
[1] "V. Variance estimates"
[1] ":model stuff:"
[1] "elapsed: 2.03 minutes as of 2023-05-08 19:53:38"
[1] ":CFBI EstFun:"
[1] "elapsed: 0 minutes as of 2023-05-08 19:53:38"
[1] ":CFBI alpha_num 1 of 3"
[1] "elapsed: 5.78 minutes as of 2023-05-08 19:59:25"
[1] ":CFBI alpha_num 2 of 3"
[1] "elapsed: 11.25 minutes as of 2023-05-08 20:04:53"
[1] ":CFBI alpha_num 3 of 3"
[1] ":MCFP EstFun:"
[1] "elapsed: 17.04 minutes as of 2023-05-08 20:10:41"
[1] ":MCFP alpha_num 1 of 3"
[1] "elapsed: 21.68 minutes as of 2023-05-08 20:15:19"
[1] ":MCFP alpha_num 2 of 3"
[1] "elapsed: 26.6 minutes as of 2023-05-08 20:20:14"
[1] ":MCFP alpha_num 3 of 3"
[1] "elapsed: 33.52 minutes as of 2023-05-08 20:25:08"
[1] ":target ests:"
[1] "elapsed: 0 minutes as of 2023-05-08 20:25:08"
[1] "Var_row_num 1 of 9"
[1] "elapsed: 11.97 minutes as of 2023-05-08 20:37:06"
[1] "elapsed: 0 minutes as of 2023-05-08 20:37:06"
[1] "elapsed: 0 minutes as of 2023-05-08 20:37:06"
[1] "Var_row_num 2 of 9"
[1] "elapsed: 11.65 minutes as of 2023-05-08 20:48:45"
[1] "elapsed: 0 minutes as of 2023-05-08 20:48:45"
[1] "elapsed: 0 minutes as of 2023-05-08 20:48:45"
[1] "Var_row_num 3 of 9"
[1] "elapsed: 11.71 minutes as of 2023-05-08 21:00:28"
[1] "elapsed: 0 minutes as of 2023-05-08 21:00:28"
[1] "elapsed: 0 minutes as of 2023-05-08 21:00:28"
[1] "Var_row_num 4 of 9"
[1] "elapsed: 11.68 minutes as of 2023-05-08 21:12:09"
[1] "elapsed: 0 minutes as of 2023-05-08 21:12:09"
[1] "elapsed: 0 minutes as of 2023-05-08 21:12:09"
[1] "Var_row_num 5 of 9"
[1] "elapsed: 11.55 minutes as of 2023-05-08 21:23:42"
[1] "elapsed: 0 minutes as of 2023-05-08 21:23:42"
[1] "elapsed: 0 minutes as of 2023-05-08 21:23:42"
[1] "Var_row_num 6 of 9"
[1] "elapsed: 11.2 minutes as of 2023-05-08 21:34:54"
[1] "elapsed: 0 minutes as of 2023-05-08 21:34:54"
[1] "elapsed: 0 minutes as of 2023-05-08 21:34:54"
[1] "Var_row_num 7 of 9"
[1] "elapsed: 11.5 minutes as of 2023-05-08 21:46:24"
[1] "elapsed: 0 minutes as of 2023-05-08 21:46:24"
[1] "elapsed: 0 minutes as of 2023-05-08 21:46:24"
[1] "Var_row_num 8 of 9"
[1] "elapsed: 12.33 minutes as of 2023-05-08 21:58:44"
[1] "elapsed: 0 minutes as of 2023-05-08 21:58:44"
[1] "elapsed: 0 minutes as of 2023-05-08 21:58:44"
[1] "Var_row_num 9 of 9"
[1] "elapsed: 11.9 minutes as of 2023-05-08 22:10:38"
[1] "elapsed: 0 minutes as of 2023-05-08 22:10:38"
[1] "Done with all variance calculations"
[1] "Estimates and SE estimates computed"
[1] ""
[[1]]
[[1]]$pro.p
[[1]]$pro.p$est
  delta        mu      mu_1      mu_0         de        se_1        se_0
1   0.5 0.4880644 0.2715095 0.6407131 -0.3692036  0.02946903  0.06129296
2   1.0 0.3817558 0.2420405 0.5794202 -0.3373797  0.00000000  0.00000000
3   2.0 0.3050111 0.2135201 0.5631212 -0.3496011 -0.02852043 -0.01629902
           oe         te
1  0.10630855 -0.3079106
2  0.00000000 -0.3373797
3 -0.07674475 -0.3659001

[[1]]$pro.p$se
  delta         mu       mu_1       mu_0         de       se_1       se_0
1   0.5 0.02146277 0.01505079 0.02976018 0.02702249 0.01234989 0.02573539
2   1.0 0.01196774 0.01071308 0.01577752 0.01372210 0.00000000 0.00000000
3   2.0 0.01959460 0.02068995 0.02343931 0.02373749 0.01703867 0.01794325
          oe         te
1 0.01832897 0.01758336
2 0.00000000 0.01372210
3 0.01620628 0.02363463


[[1]]$pro.np
[[1]]$pro.np$est
  delta        mu      mu_1      mu_0         de        se_1         se_0
1   0.5 0.4664322 0.2732893 0.5974004 -0.3241111  0.01824004  0.044002656
2   1.0 0.3835409 0.2550493 0.5533977 -0.2983484  0.00000000  0.000000000
3   2.0 0.3184240 0.2280214 0.5483126 -0.3202912 -0.02702791 -0.005085127
           oe         te
1  0.08289121 -0.2801084
2  0.00000000 -0.2983484
3 -0.06511690 -0.3253763

[[1]]$pro.np$se
  delta         mu       mu_1       mu_0         de       se_1       se_0
1   0.5 0.01690032 0.01356092 0.02356458 0.02395097 0.01029498 0.01894987
2   1.0 0.01228109 0.01117663 0.01523558 0.01227256 0.00000000 0.00000000
3   2.0 0.02076904 0.02236084 0.02228991 0.02332166 0.01832105 0.01660661
          oe         te
1 0.01311002 0.01524507
2 0.00000000 0.01227256
3 0.01674457 0.02380738


[[1]]$ipw.p
[[1]]$ipw.p$est
  delta        mu      mu_1      mu_0         de        se_1        se_0
1   0.5 0.4952329 0.2698478 0.6570670 -0.3872192  0.03676442  0.08689201
2   1.0 0.3712256 0.2330834 0.5701750 -0.3370916  0.00000000  0.00000000
3   2.0 0.2978657 0.2135766 0.5406411 -0.3270645 -0.01950676 -0.02953391
           oe         te
1  0.12400733 -0.3003272
2  0.00000000 -0.3370916
3 -0.07335993 -0.3565984

[[1]]$ipw.p$se
  delta          mu        mu_1       mu_0         de       se_1       se_0
1   0.5 0.064846982 0.022396276 0.09925051 0.08326543 0.02202519 0.09390817
2   1.0 0.009184751 0.009464079 0.01639413 0.01812667 0.00000000 0.00000000
3   2.0 0.021153129 0.021988863 0.02660061 0.02249683 0.01829291 0.03112737
          oe         te
1 0.06280309 0.02109873
2 0.00000000 0.01812667
3 0.02129545 0.03025889


[[1]]$ipw.np
[[1]]$ipw.np$est
  delta        mu      mu_1      mu_0         de        se_1        se_0
1   0.5 0.4905842 0.2758876 0.6394313 -0.3635438  0.03623783  0.08704033
2   1.0 0.3712256 0.2396498 0.5523910 -0.3127412  0.00000000  0.00000000
3   2.0 0.3038176 0.2225972 0.5263564 -0.3037592 -0.01705253 -0.02603457
           oe         te
1  0.11935864 -0.2765034
2  0.00000000 -0.3127412
3 -0.06740798 -0.3297938

[[1]]$ipw.np$se
  delta          mu        mu_1       mu_0         de       se_1       se_0
1   0.5 0.066008115 0.023301207 0.09916960 0.08227508 0.02300780 0.09412134
2   1.0 0.009184751 0.009744311 0.01600696 0.01791696 0.00000000 0.00000000
3   2.0 0.022414783 0.023959648 0.02651786 0.02297239 0.02010232 0.03074128
          oe         te
1 0.06407983 0.02186231
2 0.00000000 0.01791696
3 0.02241028 0.03153638


[[1]]$bar.p
[[1]]$bar.p$est
  delta        mu      mu_1      mu_0 de se_1 se_0 oe te
1   0.5 0.4629210 0.2647020 0.6021794  0    0    0  0  0
2   1.0 0.3675023 0.2350378 0.5506432  0    0    0  0  0
3   2.0 0.2869497 0.2064827 0.4925314  0    0    0  0  0

[[1]]$bar.p$se
  delta          mu        mu_1       mu_0 de se_1 se_0 oe te
1   0.5 0.027316417 0.018670299 0.03125193  0    0    0  0  0
2   1.0 0.008579625 0.009022656 0.01323483  0    0    0  0  0
3   2.0 0.014491335 0.014302023 0.02894218  0    0    0  0  0



[1] "Total run time was 10144.674 seconds"
