WARNING: ignoring environment value of R_HOME

Attaching package: ‘dplyr’

The following objects are masked from ‘package:stats’:

    filter, lag

The following objects are masked from ‘package:base’:

    intersect, setdiff, setequal, union

Loading required package: splines
Loading required package: foreach
Loaded gam 1.20.2

Super Learner
Version: 2.0-28
Package created on 2021-05-04

Loading required package: lattice
Loading required package: ggplot2
Loading required package: Matrix
Loaded glmnet 4.1-7
Loading required package: Formula
Loading required package: plotmo
Loading required package: plotrix
Loading required package: TeachingDemos
Loaded gbm 2.1.8.1

Attaching package: ‘xgboost’

The following object is masked from ‘package:dplyr’:

    slice

[1] "[Simulation setting]"
[1] "m: 500"
[1] "deltas: 0.5, 1, 2"
[1] "alphas: 0.4251, 0.5948, 0.7448"
[1] "Sim.id 1"
[1] "Data generated"
[1] "Proposed & IPW estimators"
[1] "   Split: 1"
[1] "   Split: 2"
[1] "Barkley estimators"
[1] "I. Estimate GLMER model"
[1] "IB. get MCFP vecs"
[1] "II. Estimate CFBI"
[1] "II. solving for alpha_num 1 of 3 ; alpha= 0.425133170705204"
[1] "elapsed: 6.19 minutes as of 2023-05-08 19:26:49"
[1] "II. solving for alpha_num 2 of 3 ; alpha= 0.594849404255532"
[1] "elapsed: 7.88 minutes as of 2023-05-08 19:34:42"
[1] "II. solving for alpha_num 3 of 3 ; alpha= 0.744822889124285"
[1] "elapsed: 6.41 minutes as of 2023-05-08 19:41:06"
[1] "III. Estimate MCFP"
[1] "III. alpha num 1 of 3"
[1] "elapsed: 0.63 minutes as of 2023-05-08 19:41:44"
[1] "III. alpha num 2 of 3"
[1] "elapsed: 1.26 minutes as of 2023-05-08 19:42:22"
[1] "III. alpha num 3 of 3"
[1] "elapsed: 1.88 minutes as of 2023-05-08 19:42:59"
[1] "IV. Target estimates"
[1] "Beginning variance calculations. This may take some time."
[1] "V. Variance estimates"
[1] ":model stuff:"
[1] "elapsed: 1.96 minutes as of 2023-05-08 19:45:02"
[1] ":CFBI EstFun:"
[1] "elapsed: 0 minutes as of 2023-05-08 19:45:02"
[1] ":CFBI alpha_num 1 of 3"
[1] "elapsed: 5.72 minutes as of 2023-05-08 19:50:45"
[1] ":CFBI alpha_num 2 of 3"
[1] "elapsed: 11.38 minutes as of 2023-05-08 19:56:25"
[1] ":CFBI alpha_num 3 of 3"
[1] ":MCFP EstFun:"
[1] "elapsed: 17.01 minutes as of 2023-05-08 20:02:03"
[1] ":MCFP alpha_num 1 of 3"
[1] "elapsed: 21.45 minutes as of 2023-05-08 20:06:29"
[1] ":MCFP alpha_num 2 of 3"
[1] "elapsed: 25.64 minutes as of 2023-05-08 20:10:40"
[1] ":MCFP alpha_num 3 of 3"
[1] "elapsed: 31.75 minutes as of 2023-05-08 20:14:49"
[1] ":target ests:"
[1] "elapsed: 0 minutes as of 2023-05-08 20:14:49"
[1] "Var_row_num 1 of 9"
[1] "elapsed: 12.16 minutes as of 2023-05-08 20:26:59"
[1] "elapsed: 0 minutes as of 2023-05-08 20:26:59"
[1] "elapsed: 0 minutes as of 2023-05-08 20:26:59"
[1] "Var_row_num 2 of 9"
[1] "elapsed: 12.28 minutes as of 2023-05-08 20:39:16"
[1] "elapsed: 0 minutes as of 2023-05-08 20:39:16"
[1] "elapsed: 0 minutes as of 2023-05-08 20:39:16"
[1] "Var_row_num 3 of 9"
[1] "elapsed: 12.23 minutes as of 2023-05-08 20:51:30"
[1] "elapsed: 0 minutes as of 2023-05-08 20:51:30"
[1] "elapsed: 0 minutes as of 2023-05-08 20:51:30"
[1] "Var_row_num 4 of 9"
[1] "elapsed: 12.77 minutes as of 2023-05-08 21:04:16"
[1] "elapsed: 0 minutes as of 2023-05-08 21:04:16"
[1] "elapsed: 0 minutes as of 2023-05-08 21:04:16"
[1] "Var_row_num 5 of 9"
[1] "elapsed: 12.64 minutes as of 2023-05-08 21:16:55"
[1] "elapsed: 0 minutes as of 2023-05-08 21:16:55"
[1] "elapsed: 0 minutes as of 2023-05-08 21:16:55"
[1] "Var_row_num 6 of 9"
[1] "elapsed: 12.19 minutes as of 2023-05-08 21:29:06"
[1] "elapsed: 0 minutes as of 2023-05-08 21:29:06"
[1] "elapsed: 0 minutes as of 2023-05-08 21:29:06"
[1] "Var_row_num 7 of 9"
[1] "elapsed: 11.09 minutes as of 2023-05-08 21:40:11"
[1] "elapsed: 0 minutes as of 2023-05-08 21:40:11"
[1] "elapsed: 0 minutes as of 2023-05-08 21:40:11"
[1] "Var_row_num 8 of 9"
[1] "elapsed: 6.64 minutes as of 2023-05-08 21:46:49"
[1] "elapsed: 0 minutes as of 2023-05-08 21:46:50"
[1] "elapsed: 0 minutes as of 2023-05-08 21:46:50"
[1] "Var_row_num 9 of 9"
[1] "elapsed: 6.5 minutes as of 2023-05-08 21:53:19"
[1] "elapsed: 0 minutes as of 2023-05-08 21:53:19"
[1] "Done with all variance calculations"
[1] "Estimates and SE estimates computed"
[1] ""
[[1]]
[[1]]$pro.p
[[1]]$pro.p$est
  delta        mu      mu_1      mu_0         de       se_1        se_0
1   0.5 0.4560771 0.2374158 0.6142056 -0.3767897 0.01230077 0.059319237
2   1.0 0.3599917 0.2251151 0.5548863 -0.3297712 0.00000000 0.000000000
3   2.0 0.3251122 0.2390052 0.5645764 -0.3255713 0.01389007 0.009690076
           oe         te
1  0.09608541 -0.3174705
2  0.00000000 -0.3297712
3 -0.03487952 -0.3158812

[[1]]$pro.p$se
  delta         mu       mu_1       mu_0         de       se_1       se_0
1   0.5 0.01869355 0.01945563 0.02176431 0.02215136 0.01742515 0.01830141
2   1.0 0.01153761 0.01035800 0.01505286 0.01353252 0.00000000 0.00000000
3   2.0 0.02438572 0.02517173 0.02510340 0.02402962 0.02116443 0.01983956
          oe         te
1 0.01612551 0.02214101
2 0.00000000 0.01353252
3 0.02043262 0.02620091


[[1]]$pro.np
[[1]]$pro.np$est
  delta        mu      mu_1      mu_0         de       se_1       se_0
1   0.5 0.4413544 0.2526252 0.5715589 -0.3189337 0.01042201 0.04993762
2   1.0 0.3618953 0.2422032 0.5216213 -0.2794181 0.00000000 0.00000000
3   2.0 0.3548803 0.2856030 0.5259174 -0.2403144 0.04339989 0.00429616
           oe         te
1  0.07945907 -0.2689961
2  0.00000000 -0.2794181
3 -0.00701495 -0.2360182

[[1]]$pro.np$se
  delta         mu       mu_1       mu_0         de       se_1       se_0
1   0.5 0.01571707 0.01671088 0.02116411 0.02545030 0.01452907 0.01701233
2   1.0 0.01195328 0.01083972 0.01487153 0.01228280 0.00000000 0.00000000
3   2.0 0.03500270 0.03982068 0.02449215 0.03252426 0.03546813 0.01972043
          oe         te
1 0.01256814 0.01873434
2 0.00000000 0.01228280
3 0.03123040 0.03983695


[[1]]$ipw.p
[[1]]$ipw.p$est
  delta        mu      mu_1      mu_0         de        se_1        se_0
1   0.5 0.4982593 0.2468215 0.6796449 -0.4328234  0.02392862  0.11399884
2   1.0 0.3632818 0.2228929 0.5656461 -0.3427532  0.00000000  0.00000000
3   2.0 0.2951840 0.2106888 0.5412201 -0.3305312 -0.01220405 -0.02442602
           oe         te
1  0.13497746 -0.3188246
2  0.00000000 -0.3427532
3 -0.06809788 -0.3549573

[[1]]$ipw.p$se
  delta          mu        mu_1       mu_0         de       se_1       se_0
1   0.5 0.078374601 0.030249318 0.11536817 0.09203930 0.02985086 0.10970732
2   1.0 0.009132727 0.009276336 0.01636313 0.01812608 0.00000000 0.00000000
3   2.0 0.022580072 0.024459386 0.02791674 0.02554215 0.02183813 0.03234971
          oe         te
1 0.07628279 0.02906142
2 0.00000000 0.01812608
3 0.02311933 0.03221568


[[1]]$ipw.np
[[1]]$ipw.np$est
  delta        mu      mu_1      mu_0         de        se_1        se_0
1   0.5 0.4985179 0.2565850 0.6686582 -0.4120732  0.02596756  0.12161756
2   1.0 0.3632818 0.2306175 0.5470406 -0.3164232  0.00000000  0.00000000
3   2.0 0.2980151 0.2182549 0.5177133 -0.2994584 -0.01236259 -0.02932731
           oe         te
1  0.13523609 -0.2904556
2  0.00000000 -0.3164232
3 -0.06526675 -0.3287858

[[1]]$ipw.np$se
  delta          mu       mu_1       mu_0         de       se_1       se_0
1   0.5 0.076095767 0.03124842 0.11072198 0.08742735 0.03084456 0.10499612
2   1.0 0.009132727 0.00958460 0.01599599 0.01788265 0.00000000 0.00000000
3   2.0 0.022505100 0.02487506 0.02609157 0.02450640 0.02214177 0.03040978
          oe         te
1 0.07397734 0.02981319
2 0.00000000 0.01788265
3 0.02298001 0.03232737


[[1]]$bar.p
[[1]]$bar.p$est
  delta        mu      mu_1      mu_0 de se_1 se_0 oe te
1   0.5 0.4841130 0.2612162 0.6326124  0    0    0  0  0
2   1.0 0.3592077 0.2247631 0.5399118  0    0    0  0  0
3   2.0 0.2802412 0.1986918 0.5028788  0    0    0  0  0

[[1]]$bar.p$se
  delta          mu        mu_1       mu_0 de se_1 se_0 oe te
1   0.5 0.039436148 0.039882868 0.04053576  0    0    0  0  0
2   1.0 0.008446136 0.009411933 0.01266141  0    0    0  0  0
3   2.0 0.014224793 0.014286819 0.03865018  0    0    0  0  0



[1] "Total run time was 9549.565 seconds"
