WARNING: ignoring environment value of R_HOME

Attaching package: ‘dplyr’

The following objects are masked from ‘package:stats’:

    filter, lag

The following objects are masked from ‘package:base’:

    intersect, setdiff, setequal, union

Loading required package: splines
Loading required package: foreach
Loaded gam 1.20.2

Super Learner
Version: 2.0-28
Package created on 2021-05-04

Loading required package: lattice
Loading required package: ggplot2
Loading required package: Matrix
Loaded glmnet 4.1-7
Loading required package: Formula
Loading required package: plotmo
Loading required package: plotrix
Loading required package: TeachingDemos
Loaded gbm 2.1.8.1

Attaching package: ‘xgboost’

The following object is masked from ‘package:dplyr’:

    slice

[1] "[Simulation setting]"
[1] "m: 500"
[1] "deltas: 0.5, 1, 2"
[1] "alphas: 0.4251, 0.5948, 0.7448"
[1] "Sim.id 1"
[1] "Data generated"
[1] "Proposed & IPW estimators"
[1] "   Split: 1"
[1] "   Split: 2"
[1] "Barkley estimators"
[1] "I. Estimate GLMER model"
[1] "IB. get MCFP vecs"
[1] "II. Estimate CFBI"
[1] "II. solving for alpha_num 1 of 3 ; alpha= 0.425133170705204"
[1] "elapsed: 3.62 minutes as of 2023-05-08 18:45:42"
[1] "II. solving for alpha_num 2 of 3 ; alpha= 0.594849404255532"
[1] "elapsed: 3.57 minutes as of 2023-05-08 18:49:16"
[1] "II. solving for alpha_num 3 of 3 ; alpha= 0.744822889124285"
[1] "elapsed: 4.49 minutes as of 2023-05-08 18:53:46"
[1] "III. Estimate MCFP"
[1] "III. alpha num 1 of 3"
[1] "elapsed: 0.39 minutes as of 2023-05-08 18:54:09"
[1] "III. alpha num 2 of 3"
[1] "elapsed: 0.79 minutes as of 2023-05-08 18:54:33"
[1] "III. alpha num 3 of 3"
[1] "elapsed: 1.16 minutes as of 2023-05-08 18:54:55"
[1] "IV. Target estimates"
[1] "Beginning variance calculations. This may take some time."
[1] "V. Variance estimates"
[1] ":model stuff:"
[1] "elapsed: 1.03 minutes as of 2023-05-08 18:55:59"
[1] ":CFBI EstFun:"
[1] "elapsed: 0 minutes as of 2023-05-08 18:55:59"
[1] ":CFBI alpha_num 1 of 3"
[1] "elapsed: 3.19 minutes as of 2023-05-08 18:59:11"
[1] ":CFBI alpha_num 2 of 3"
[1] "elapsed: 6.27 minutes as of 2023-05-08 19:02:15"
[1] ":CFBI alpha_num 3 of 3"
[1] ":MCFP EstFun:"
[1] "elapsed: 9.4 minutes as of 2023-05-08 19:05:24"
[1] ":MCFP alpha_num 1 of 3"
[1] "elapsed: 12.21 minutes as of 2023-05-08 19:08:12"
[1] ":MCFP alpha_num 2 of 3"
[1] "elapsed: 15.07 minutes as of 2023-05-08 19:11:03"
[1] ":MCFP alpha_num 3 of 3"
[1] "elapsed: 18.93 minutes as of 2023-05-08 19:13:54"
[1] ":target ests:"
[1] "elapsed: 0 minutes as of 2023-05-08 19:13:54"
[1] "Var_row_num 1 of 9"
[1] "elapsed: 7.44 minutes as of 2023-05-08 19:21:20"
[1] "elapsed: 0 minutes as of 2023-05-08 19:21:20"
[1] "elapsed: 0 minutes as of 2023-05-08 19:21:20"
[1] "Var_row_num 2 of 9"
[1] "elapsed: 7.51 minutes as of 2023-05-08 19:28:50"
[1] "elapsed: 0 minutes as of 2023-05-08 19:28:50"
[1] "elapsed: 0 minutes as of 2023-05-08 19:28:50"
[1] "Var_row_num 3 of 9"
[1] "elapsed: 7.5 minutes as of 2023-05-08 19:36:20"
[1] "elapsed: 0 minutes as of 2023-05-08 19:36:21"
[1] "elapsed: 0 minutes as of 2023-05-08 19:36:21"
[1] "Var_row_num 4 of 9"
[1] "elapsed: 7.5 minutes as of 2023-05-08 19:43:51"
[1] "elapsed: 0 minutes as of 2023-05-08 19:43:51"
[1] "elapsed: 0 minutes as of 2023-05-08 19:43:51"
[1] "Var_row_num 5 of 9"
[1] "elapsed: 7.49 minutes as of 2023-05-08 19:51:20"
[1] "elapsed: 0 minutes as of 2023-05-08 19:51:20"
[1] "elapsed: 0 minutes as of 2023-05-08 19:51:20"
[1] "Var_row_num 6 of 9"
[1] "elapsed: 7.24 minutes as of 2023-05-08 19:58:34"
[1] "elapsed: 0 minutes as of 2023-05-08 19:58:34"
[1] "elapsed: 0 minutes as of 2023-05-08 19:58:34"
[1] "Var_row_num 7 of 9"
[1] "elapsed: 7.56 minutes as of 2023-05-08 20:06:08"
[1] "elapsed: 0 minutes as of 2023-05-08 20:06:08"
[1] "elapsed: 0 minutes as of 2023-05-08 20:06:08"
[1] "Var_row_num 8 of 9"
[1] "elapsed: 7.51 minutes as of 2023-05-08 20:13:38"
[1] "elapsed: 0 minutes as of 2023-05-08 20:13:38"
[1] "elapsed: 0 minutes as of 2023-05-08 20:13:38"
[1] "Var_row_num 9 of 9"
[1] "elapsed: 7.11 minutes as of 2023-05-08 20:20:45"
[1] "elapsed: 0 minutes as of 2023-05-08 20:20:45"
[1] "Done with all variance calculations"
[1] "Estimates and SE estimates computed"
[1] ""
[[1]]
[[1]]$pro.p
[[1]]$pro.p$est
  delta        mu      mu_1      mu_0         de        se_1        se_0
1   0.5 0.4649375 0.2379684 0.6227519 -0.3847835  0.01605261  0.05780698
2   1.0 0.3650892 0.2219158 0.5649450 -0.3430292  0.00000000  0.00000000
3   2.0 0.2914693 0.2004399 0.5454489 -0.3450090 -0.02147592 -0.01949611
           oe         te
1  0.09984834 -0.3269766
2  0.00000000 -0.3430292
3 -0.07361986 -0.3645051

[[1]]$pro.p$se
  delta         mu       mu_1       mu_0         de       se_1       se_0
1   0.5 0.02383264 0.01997583 0.04200950 0.05183819 0.01795334 0.03805372
2   1.0 0.01161986 0.00998126 0.01572190 0.01376809 0.00000000 0.00000000
3   2.0 0.02099946 0.02661798 0.02606395 0.03947981 0.02379134 0.02101009
          oe         te
1 0.02062527 0.02264471
2 0.00000000 0.01376809
3 0.01821608 0.02976892


[[1]]$pro.np
[[1]]$pro.np$est
  delta        mu      mu_1      mu_0         de        se_1        se_0
1   0.5 0.4473295 0.2497062 0.5770880 -0.3273818  0.01420822  0.04663771
2   1.0 0.3631273 0.2354980 0.5304503 -0.2949523  0.00000000  0.00000000
3   2.0 0.3022103 0.2203524 0.5125430 -0.2921906 -0.01514560 -0.01790729
           oe         te
1  0.08420218 -0.2807441
2  0.00000000 -0.2949523
3 -0.06091698 -0.3100979

[[1]]$pro.np$se
  delta         mu       mu_1       mu_0         de       se_1       se_0
1   0.5 0.01908255 0.01881437 0.03018197 0.03757635 0.01644207 0.02571554
2   1.0 0.01202418 0.01052053 0.01510044 0.01195325 0.00000000 0.00000000
3   2.0 0.02024308 0.02297069 0.02425848 0.03003135 0.01956350 0.01889404
          oe         te
1 0.01520182 0.02084789
2 0.00000000 0.01195325
3 0.01630166 0.02424680


[[1]]$ipw.p
[[1]]$ipw.p$est
  delta        mu      mu_1      mu_0         de       se_1        se_0
1   0.5 0.5338032 0.2447068 0.7436180 -0.4989112 0.02989550  0.18268196
2   1.0 0.3559219 0.2148113 0.5609360 -0.3461247 0.00000000  0.00000000
3   2.0 0.3162962 0.2374816 0.5469039 -0.3094223 0.02267028 -0.01403212
           oe         te
1  0.17788133 -0.3162292
2  0.00000000 -0.3461247
3 -0.03962574 -0.3234544

[[1]]$ipw.p$se
  delta          mu        mu_1       mu_0         de       se_1       se_0
1   0.5 0.084251561 0.019434385 0.14059558 0.13646316 0.01885528 0.13468053
2   1.0 0.009312879 0.009125333 0.01707012 0.01847071 0.00000000 0.00000000
3   2.0 0.029615775 0.035884501 0.03252065 0.04276025 0.03290714 0.03679387
          oe         te
1 0.08193876 0.01845787
2 0.00000000 0.01847071
3 0.02989133 0.04268362


[[1]]$ipw.np
[[1]]$ipw.np$est
  delta        mu      mu_1      mu_0         de       se_1       se_0
1   0.5 0.5196168 0.2533581 0.7047378 -0.4513797 0.03058955  0.1638853
2   1.0 0.3559219 0.2227686 0.5408525 -0.3180839 0.00000000  0.0000000
3   2.0 0.3229277 0.2511468 0.5228341 -0.2716872 0.02837829 -0.0180184
           oe         te
1  0.16369490 -0.2874944
2  0.00000000 -0.3180839
3 -0.03299416 -0.2897056

[[1]]$ipw.np$se
  delta          mu        mu_1       mu_0         de       se_1       se_0
1   0.5 0.074465995 0.020034448 0.11998557 0.11514218 0.01953994 0.11389674
2   1.0 0.009312879 0.009465544 0.01661591 0.01822483 0.00000000 0.00000000
3   2.0 0.032537901 0.041264896 0.03008146 0.04537957 0.03828910 0.03421913
          oe         te
1 0.07205798 0.01883444
2 0.00000000 0.01822483
3 0.03267104 0.04721447


[[1]]$bar.p
[[1]]$bar.p$est
  delta        mu      mu_1      mu_0 de se_1 se_0 oe te
1   0.5 0.4585720 0.2524453 0.5950082  0    0    0  0  0
2   1.0 0.3540232 0.2220953 0.5320213  0    0    0  0  0
3   2.0 0.2858918 0.2041907 0.4986655  0    0    0  0  0

[[1]]$bar.p$se
  delta          mu        mu_1       mu_0 de se_1 se_0 oe te
1   0.5 0.030456197 0.022099485 0.03646514  0    0    0  0  0
2   1.0 0.008685688 0.009280833 0.01354914  0    0    0  0  0
3   2.0 0.015731694 0.017171977 0.04247752  0    0    0  0  0



[1] "Total run time was 6160.883 seconds"
