WARNING: ignoring environment value of R_HOME

Attaching package: ‘dplyr’

The following objects are masked from ‘package:stats’:

    filter, lag

The following objects are masked from ‘package:base’:

    intersect, setdiff, setequal, union

Loading required package: splines
Loading required package: foreach
Loaded gam 1.20.2

Super Learner
Version: 2.0-28
Package created on 2021-05-04

Loading required package: lattice
Loading required package: ggplot2
Loading required package: Matrix
Loaded glmnet 4.1-7
Loading required package: Formula
Loading required package: plotmo
Loading required package: plotrix
Loading required package: TeachingDemos
Loaded gbm 2.1.8.1

Attaching package: ‘xgboost’

The following object is masked from ‘package:dplyr’:

    slice

[1] "[Simulation setting]"
[1] "m: 500"
[1] "deltas: 0.5, 1, 2"
[1] "alphas: 0.4251, 0.5948, 0.7448"
[1] "Sim.id 1"
[1] "Data generated"
[1] "Proposed & IPW estimators"
[1] "   Split: 1"
[1] "   Split: 2"
[1] "Barkley estimators"
[1] "I. Estimate GLMER model"
[1] "IB. get MCFP vecs"
[1] "II. Estimate CFBI"
[1] "II. solving for alpha_num 1 of 3 ; alpha= 0.425133170705204"
[1] "elapsed: 7.51 minutes as of 2023-05-08 18:42:46"
[1] "II. solving for alpha_num 2 of 3 ; alpha= 0.594849404255532"
[1] "elapsed: 8.3 minutes as of 2023-05-08 18:51:04"
[1] "II. solving for alpha_num 3 of 3 ; alpha= 0.744822889124285"
[1] "elapsed: 6.48 minutes as of 2023-05-08 18:57:32"
[1] "III. Estimate MCFP"
[1] "III. alpha num 1 of 3"
[1] "elapsed: 0.7 minutes as of 2023-05-08 18:58:15"
[1] "III. alpha num 2 of 3"
[1] "elapsed: 1.38 minutes as of 2023-05-08 18:58:55"
[1] "III. alpha num 3 of 3"
[1] "elapsed: 2.04 minutes as of 2023-05-08 18:59:35"
[1] "IV. Target estimates"
[1] "Beginning variance calculations. This may take some time."
[1] "V. Variance estimates"
[1] ":model stuff:"
[1] "elapsed: 1.58 minutes as of 2023-05-08 19:01:14"
[1] ":CFBI EstFun:"
[1] "elapsed: 0 minutes as of 2023-05-08 19:01:14"
[1] ":CFBI alpha_num 1 of 3"
[1] "elapsed: 5.65 minutes as of 2023-05-08 19:06:53"
[1] ":CFBI alpha_num 2 of 3"
[1] "elapsed: 11.65 minutes as of 2023-05-08 19:12:53"
[1] ":CFBI alpha_num 3 of 3"
[1] ":MCFP EstFun:"
[1] "elapsed: 18.13 minutes as of 2023-05-08 19:19:22"
[1] ":MCFP alpha_num 1 of 3"
[1] "elapsed: 24.02 minutes as of 2023-05-08 19:25:16"
[1] ":MCFP alpha_num 2 of 3"
[1] "elapsed: 30.17 minutes as of 2023-05-08 19:31:24"
[1] ":MCFP alpha_num 3 of 3"
[1] "elapsed: 38 minutes as of 2023-05-08 19:37:40"
[1] ":target ests:"
[1] "elapsed: 0 minutes as of 2023-05-08 19:37:40"
[1] "Var_row_num 1 of 9"
[1] "elapsed: 19.69 minutes as of 2023-05-08 19:57:21"
[1] "elapsed: 0 minutes as of 2023-05-08 19:57:21"
[1] "elapsed: 0 minutes as of 2023-05-08 19:57:21"
[1] "Var_row_num 2 of 9"
[1] "elapsed: 19.3 minutes as of 2023-05-08 20:16:39"
[1] "elapsed: 0 minutes as of 2023-05-08 20:16:40"
[1] "elapsed: 0 minutes as of 2023-05-08 20:16:40"
[1] "Var_row_num 3 of 9"
[1] "elapsed: 18.68 minutes as of 2023-05-08 20:35:20"
[1] "elapsed: 0 minutes as of 2023-05-08 20:35:20"
[1] "elapsed: 0 minutes as of 2023-05-08 20:35:20"
[1] "Var_row_num 4 of 9"
[1] "elapsed: 19.81 minutes as of 2023-05-08 20:55:09"
[1] "elapsed: 0 minutes as of 2023-05-08 20:55:09"
[1] "elapsed: 0 minutes as of 2023-05-08 20:55:09"
[1] "Var_row_num 5 of 9"
[1] "elapsed: 19.8 minutes as of 2023-05-08 21:14:57"
[1] "elapsed: 0 minutes as of 2023-05-08 21:14:57"
[1] "elapsed: 0 minutes as of 2023-05-08 21:14:57"
[1] "Var_row_num 6 of 9"
[1] "elapsed: 19.5 minutes as of 2023-05-08 21:34:27"
[1] "elapsed: 0 minutes as of 2023-05-08 21:34:27"
[1] "elapsed: 0 minutes as of 2023-05-08 21:34:27"
[1] "Var_row_num 7 of 9"
[1] "elapsed: 19.38 minutes as of 2023-05-08 21:53:50"
[1] "elapsed: 0 minutes as of 2023-05-08 21:53:50"
[1] "elapsed: 0 minutes as of 2023-05-08 21:53:50"
[1] "Var_row_num 8 of 9"
[1] "elapsed: 19.45 minutes as of 2023-05-08 22:13:17"
[1] "elapsed: 0 minutes as of 2023-05-08 22:13:17"
[1] "elapsed: 0 minutes as of 2023-05-08 22:13:17"
[1] "Var_row_num 9 of 9"
[1] "elapsed: 18.97 minutes as of 2023-05-08 22:32:15"
[1] "elapsed: 0 minutes as of 2023-05-08 22:32:15"
[1] "Done with all variance calculations"
[1] "Estimates and SE estimates computed"
[1] ""
[[1]]
[[1]]$pro.p
[[1]]$pro.p$est
  delta        mu      mu_1      mu_0         de        se_1        se_0
1   0.5 0.4536717 0.2403577 0.6031762 -0.3628186  0.01371995  0.03175978
2   1.0 0.3696780 0.2266377 0.5714165 -0.3447787  0.00000000  0.00000000
3   2.0 0.2947003 0.2104689 0.5376275 -0.3271586 -0.01616881 -0.03378892
           oe         te
1  0.08399365 -0.3310588
2  0.00000000 -0.3447787
3 -0.07497774 -0.3609475

[[1]]$pro.p$se
  delta         mu       mu_1       mu_0         de       se_1       se_0
1   0.5 0.01712034 0.01462243 0.02298262 0.02320825 0.01173707 0.01797258
2   1.0 0.01183731 0.01053351 0.01552718 0.01355648 0.00000000 0.00000000
3   2.0 0.02010719 0.02153839 0.02620899 0.02864131 0.01730118 0.02225133
          oe         te
1 0.01351317 0.01715258
2 0.00000000 0.01355648
3 0.01665502 0.02380022


[[1]]$pro.np
[[1]]$pro.np$est
  delta        mu      mu_1      mu_0         de        se_1        se_0
1   0.5 0.4424813 0.2510288 0.5695888 -0.3185599  0.01081672  0.02594915
2   1.0 0.3703201 0.2402121 0.5436396 -0.3034275  0.00000000  0.00000000
3   2.0 0.2998038 0.2233596 0.5066945 -0.2833348 -0.01685249 -0.03694514
           oe         te
1  0.07216118 -0.2926108
2  0.00000000 -0.3034275
3 -0.07051634 -0.3202800

[[1]]$pro.np$se
  delta         mu       mu_1       mu_0         de       se_1       se_0
1   0.5 0.01586538 0.01486391 0.02064678 0.02182809 0.01152773 0.01635252
2   1.0 0.01200931 0.01086148 0.01493373 0.01236992 0.00000000 0.00000000
3   2.0 0.02152758 0.02286704 0.02349443 0.02467491 0.01836673 0.01846232
          oe         te
1 0.01203880 0.01585124
2 0.00000000 0.01236992
3 0.01737462 0.02380011


[[1]]$ipw.p
[[1]]$ipw.p$est
  delta        mu      mu_1      mu_0         de       se_1        se_0
1   0.5 0.4598427 0.2482897 0.6123947 -0.3641050 0.01884252 0.043764226
2   1.0 0.3698105 0.2294472 0.5686305 -0.3391833 0.00000000 0.000000000
3   2.0 0.3362446 0.2499209 0.5749101 -0.3249892 0.02047365 0.006279572
           oe         te
1  0.09003224 -0.3203407
2  0.00000000 -0.3391833
3 -0.03356593 -0.3187096

[[1]]$ipw.p$se
  delta          mu        mu_1       mu_0        de       se_1       se_0
1   0.5 0.039850625 0.019221067 0.05912726 0.0497188 0.01868798 0.05125660
2   1.0 0.009178664 0.009530843 0.01650846 0.0185429 0.00000000 0.00000000
3   2.0 0.026728280 0.027417562 0.03626727 0.0316175 0.02403302 0.04043889
          oe         te
1 0.03687052 0.01848236
2 0.00000000 0.01854290
3 0.02720662 0.03548459


[[1]]$ipw.np
[[1]]$ipw.np$est
  delta        mu      mu_1      mu_0         de      se_1        se_0
1   0.5 0.4561311 0.2526442 0.5987771 -0.3461329 0.0172607 0.044669120
2   1.0 0.3698105 0.2353835 0.5541080 -0.3187245 0.0000000 0.000000000
3   2.0 0.3396484 0.2575988 0.5577663 -0.3001675 0.0222153 0.003658275
           oe         te
1  0.08632056 -0.3014638
2  0.00000000 -0.3187245
3 -0.03016207 -0.2965092

[[1]]$ipw.np$se
  delta          mu        mu_1       mu_0         de       se_1       se_0
1   0.5 0.040673041 0.019606161 0.05995083 0.05022255 0.01914443 0.05256251
2   1.0 0.009178664 0.009774816 0.01614051 0.01835056 0.00000000 0.00000000
3   2.0 0.027460935 0.029048185 0.03422333 0.03081279 0.02560518 0.03828018
          oe         te
1 0.03785404 0.01865985
2 0.00000000 0.01835056
3 0.02782835 0.03660406


[[1]]$bar.p
[[1]]$bar.p$est
  delta        mu      mu_1      mu_0 de se_1 se_0 oe te
1   0.5 0.4318303 0.2360086 0.5774756  0    0    0  0  0
2   1.0 0.3663086 0.2286461 0.5532260  0    0    0  0  0
3   2.0 0.2937941 0.2105839 0.5201603  0    0    0  0  0

[[1]]$bar.p$se
  delta          mu        mu_1       mu_0 de se_1 se_0 oe te
1   0.5 0.016391717 0.016815287 0.01862151  0    0    0  0  0
2   1.0 0.008728113 0.009145801 0.01349249  0    0    0  0  0
3   2.0 0.013483093 0.013266003 0.03889047  0    0    0  0  0



[1] "Total run time was 14659.182 seconds"
