WARNING: ignoring environment value of R_HOME

Attaching package: ‘dplyr’

The following objects are masked from ‘package:stats’:

    filter, lag

The following objects are masked from ‘package:base’:

    intersect, setdiff, setequal, union

Loading required package: splines
Loading required package: foreach
Loaded gam 1.20.2

Super Learner
Version: 2.0-28
Package created on 2021-05-04

Loading required package: lattice
Loading required package: ggplot2
Loading required package: Matrix
Loaded glmnet 4.1-7
Loading required package: Formula
Loading required package: plotmo
Loading required package: plotrix
Loading required package: TeachingDemos
Loaded gbm 2.1.8.1

Attaching package: ‘xgboost’

The following object is masked from ‘package:dplyr’:

    slice

[1] "[Simulation setting]"
[1] "m: 500"
[1] "deltas: 0.5, 1, 2"
[1] "alphas: 0.4251, 0.5948, 0.7448"
[1] "Sim.id 1"
[1] "Data generated"
[1] "Proposed & IPW estimators"
[1] "   Split: 1"
[1] "   Split: 2"
[1] "Barkley estimators"
[1] "I. Estimate GLMER model"
boundary (singular) fit: see help('isSingular')
[1] "IB. get MCFP vecs"
[1] "II. Estimate CFBI"
[1] "II. solving for alpha_num 1 of 3 ; alpha= 0.425133170705204"
[1] "elapsed: 5.45 minutes as of 2023-05-08 21:38:28"
[1] "II. solving for alpha_num 2 of 3 ; alpha= 0.594849404255532"
[1] "elapsed: 5.66 minutes as of 2023-05-08 21:44:07"
[1] "II. solving for alpha_num 3 of 3 ; alpha= 0.744822889124285"
[1] "elapsed: 6.92 minutes as of 2023-05-08 21:51:03"
[1] "III. Estimate MCFP"
[1] "III. alpha num 1 of 3"
[1] "elapsed: 0.57 minutes as of 2023-05-08 21:51:37"
[1] "III. alpha num 2 of 3"
[1] "elapsed: 1.14 minutes as of 2023-05-08 21:52:11"
[1] "III. alpha num 3 of 3"
[1] "elapsed: 1.71 minutes as of 2023-05-08 21:52:45"
[1] "IV. Target estimates"
[1] "Beginning variance calculations. This may take some time."
[1] "V. Variance estimates"
[1] ":model stuff:"
[1] "elapsed: 1.86 minutes as of 2023-05-08 21:54:41"
[1] ":CFBI EstFun:"
[1] "elapsed: 0 minutes as of 2023-05-08 21:54:41"
[1] ":CFBI alpha_num 1 of 3"
[1] "elapsed: 4.57 minutes as of 2023-05-08 21:59:15"
[1] ":CFBI alpha_num 2 of 3"
[1] "elapsed: 9.31 minutes as of 2023-05-08 22:04:00"
[1] ":CFBI alpha_num 3 of 3"
[1] ":MCFP EstFun:"
[1] "elapsed: 13.96 minutes as of 2023-05-08 22:08:39"
[1] ":MCFP alpha_num 1 of 3"
[1] "elapsed: 17.85 minutes as of 2023-05-08 22:12:32"
[1] ":MCFP alpha_num 2 of 3"
[1] "elapsed: 21.83 minutes as of 2023-05-08 22:16:31"
[1] ":MCFP alpha_num 3 of 3"
[1] "elapsed: 27.69 minutes as of 2023-05-08 22:20:31"
[1] ":target ests:"
[1] "elapsed: 0 minutes as of 2023-05-08 22:20:31"
[1] "Var_row_num 1 of 9"
[1] "elapsed: 9.8 minutes as of 2023-05-08 22:30:19"
[1] "elapsed: 0 minutes as of 2023-05-08 22:30:19"
[1] "elapsed: 0 minutes as of 2023-05-08 22:30:19"
[1] "Var_row_num 2 of 9"
[1] "elapsed: 9.79 minutes as of 2023-05-08 22:40:07"
[1] "elapsed: 0 minutes as of 2023-05-08 22:40:07"
[1] "elapsed: 0 minutes as of 2023-05-08 22:40:07"
[1] "Var_row_num 3 of 9"
[1] "elapsed: 9.89 minutes as of 2023-05-08 22:50:00"
[1] "elapsed: 0 minutes as of 2023-05-08 22:50:01"
[1] "elapsed: 0 minutes as of 2023-05-08 22:50:01"
[1] "Var_row_num 4 of 9"
[1] "elapsed: 9.99 minutes as of 2023-05-08 23:00:00"
[1] "elapsed: 0 minutes as of 2023-05-08 23:00:00"
[1] "elapsed: 0 minutes as of 2023-05-08 23:00:00"
[1] "Var_row_num 5 of 9"
[1] "elapsed: 10.07 minutes as of 2023-05-08 23:10:04"
[1] "elapsed: 0 minutes as of 2023-05-08 23:10:04"
[1] "elapsed: 0 minutes as of 2023-05-08 23:10:04"
[1] "Var_row_num 6 of 9"
[1] "elapsed: 9.96 minutes as of 2023-05-08 23:20:02"
[1] "elapsed: 0 minutes as of 2023-05-08 23:20:02"
[1] "elapsed: 0 minutes as of 2023-05-08 23:20:02"
[1] "Var_row_num 7 of 9"
[1] "elapsed: 9.86 minutes as of 2023-05-08 23:29:53"
[1] "elapsed: 0 minutes as of 2023-05-08 23:29:54"
[1] "elapsed: 0 minutes as of 2023-05-08 23:29:54"
[1] "Var_row_num 8 of 9"
[1] "elapsed: 10.36 minutes as of 2023-05-08 23:40:15"
[1] "elapsed: 0 minutes as of 2023-05-08 23:40:15"
[1] "elapsed: 0 minutes as of 2023-05-08 23:40:15"
[1] "Var_row_num 9 of 9"
[1] "elapsed: 10.68 minutes as of 2023-05-08 23:50:56"
[1] "elapsed: 0 minutes as of 2023-05-08 23:50:56"
[1] "Done with all variance calculations"
[1] "Estimates and SE estimates computed"
[1] ""
[[1]]
[[1]]$pro.p
[[1]]$pro.p$est
  delta        mu      mu_1      mu_0         de         se_1         se_0
1   0.5 0.4454277 0.2568015 0.5832633 -0.3264618  0.012420908 0.0043823404
2   1.0 0.3807562 0.2443806 0.5788810 -0.3345004  0.000000000 0.0000000000
3   2.0 0.3297909 0.2417397 0.5796306 -0.3378909 -0.002640821 0.0007496729
           oe         te
1  0.06467155 -0.3220795
2  0.00000000 -0.3345004
3 -0.05096528 -0.3371412

[[1]]$pro.p$se
  delta         mu       mu_1       mu_0         de       se_1       se_0
1   0.5 0.02309229 0.01532399 0.03671626 0.03846843 0.01314288 0.03326608
2   1.0 0.01150267 0.01040127 0.01585548 0.01489019 0.00000000 0.00000000
3   2.0 0.01951324 0.01880317 0.02609160 0.02268715 0.01423328 0.02054475
          oe         te
1 0.02114373 0.01918800
2 0.00000000 0.01489019
3 0.01535192 0.02211210


[[1]]$pro.np
[[1]]$pro.np$est
  delta        mu      mu_1      mu_0         de         se_1         se_0
1   0.5 0.4431234 0.2649461 0.5666448 -0.3016986  0.008629375  0.008166156
2   1.0 0.3818853 0.2563168 0.5584786 -0.3021618  0.000000000  0.000000000
3   2.0 0.3352256 0.2551058 0.5519192 -0.2968134 -0.001210974 -0.006559397
           oe         te
1  0.06123807 -0.2935325
2  0.00000000 -0.3021618
3 -0.04665970 -0.3033728

[[1]]$pro.np$se
  delta         mu       mu_1       mu_0         de       se_1       se_0
1   0.5 0.01918165 0.01380217 0.02976161 0.03076466 0.01123870 0.02657764
2   1.0 0.01175698 0.01077741 0.01506509 0.01332578 0.00000000 0.00000000
3   2.0 0.01897495 0.01812732 0.02375201 0.01927244 0.01282506 0.01805704
          oe         te
1 0.01678998 0.01677030
2 0.00000000 0.01332578
3 0.01410850 0.02008185


[[1]]$ipw.p
[[1]]$ipw.p$est
  delta        mu      mu_1      mu_0         de         se_1        se_0
1   0.5 0.4694397 0.2423614 0.6399558 -0.3975944  0.008073192  0.07786831
2   1.0 0.3660594 0.2342882 0.5620874 -0.3277992  0.000000000  0.00000000
3   2.0 0.2927642 0.2130854 0.5275720 -0.3144866 -0.021202798 -0.03451544
           oe         te
1  0.10338039 -0.3197260
2  0.00000000 -0.3277992
3 -0.07329513 -0.3490020

[[1]]$ipw.p$se
  delta          mu        mu_1       mu_0         de       se_1       se_0
1   0.5 0.053399770 0.018287871 0.08737493 0.08234499 0.01775830 0.08160574
2   1.0 0.009019625 0.009332131 0.01669167 0.01870962 0.00000000 0.00000000
3   2.0 0.019118685 0.019141969 0.02755908 0.02307329 0.01578702 0.03098422
          oe         te
1 0.05140258 0.01910774
2 0.00000000 0.01870962
3 0.01935760 0.02839493


[[1]]$ipw.np
[[1]]$ipw.np$est
  delta        mu      mu_1      mu_0         de         se_1        se_0
1   0.5 0.4706045 0.2489929 0.6314310 -0.3824381  0.009227943  0.08293169
2   1.0 0.3660594 0.2397650 0.5484994 -0.3087344  0.000000000  0.00000000
3   2.0 0.2939040 0.2174181 0.5110571 -0.2936390 -0.022346881 -0.03744228
           oe         te
1  0.10454517 -0.2995064
2  0.00000000 -0.3087344
3 -0.07215532 -0.3310813

[[1]]$ipw.np$se
  delta          mu        mu_1       mu_0         de       se_1       se_0
1   0.5 0.054191813 0.018710110 0.08640095 0.08111865 0.01822763 0.08081784
2   1.0 0.009019625 0.009545134 0.01641606 0.01851285 0.00000000 0.00000000
3   2.0 0.019188851 0.019701431 0.02621530 0.02240588 0.01618962 0.02956417
          oe         te
1 0.05225752 0.01923483
2 0.00000000 0.01851285
3 0.01934897 0.02858778


[[1]]$bar.p
[[1]]$bar.p$est
  delta        mu      mu_1      mu_0 de se_1 se_0 oe te
1   0.5 0.4687938 0.2438330 0.6073384  0    0    0  0  0
2   1.0 0.3662794 0.2358851 0.5416245  0    0    0  0  0
3   2.0 0.2838317 0.2088863 0.4643105  0    0    0  0  0

[[1]]$bar.p$se
  delta          mu        mu_1       mu_0 de se_1 se_0 oe te
1   0.5 0.042772060 0.024259524 0.04664104  0    0    0  0  0
2   1.0 0.008338226 0.009273677 0.01355361  0    0    0  0  0
3   2.0 0.013841999 0.012834458 0.03231810  0    0    0  0  0



[1] "Total run time was 8603.012 seconds"
