WARNING: ignoring environment value of R_HOME

Attaching package: ‘dplyr’

The following objects are masked from ‘package:stats’:

    filter, lag

The following objects are masked from ‘package:base’:

    intersect, setdiff, setequal, union

Loading required package: splines
Loading required package: foreach
Loaded gam 1.20.2

Super Learner
Version: 2.0-28
Package created on 2021-05-04

Loading required package: lattice
Loading required package: ggplot2
Loading required package: Matrix
Loaded glmnet 4.1-7
Loading required package: Formula
Loading required package: plotmo
Loading required package: plotrix
Loading required package: TeachingDemos
Loaded gbm 2.1.8.1

Attaching package: ‘xgboost’

The following object is masked from ‘package:dplyr’:

    slice

[1] "[Simulation setting]"
[1] "m: 500"
[1] "deltas: 0.5, 1, 2"
[1] "alphas: 0.4251, 0.5948, 0.7448"
[1] "Sim.id 1"
[1] "Data generated"
[1] "Proposed & IPW estimators"
[1] "   Split: 1"
[1] "   Split: 2"
[1] "Barkley estimators"
[1] "I. Estimate GLMER model"
[1] "IB. get MCFP vecs"
[1] "II. Estimate CFBI"
[1] "II. solving for alpha_num 1 of 3 ; alpha= 0.425133170705204"
[1] "elapsed: 7.51 minutes as of 2023-05-08 20:28:26"
[1] "II. solving for alpha_num 2 of 3 ; alpha= 0.594849404255532"
[1] "elapsed: 8.17 minutes as of 2023-05-08 20:36:36"
[1] "II. solving for alpha_num 3 of 3 ; alpha= 0.744822889124285"
[1] "elapsed: 7.48 minutes as of 2023-05-08 20:44:05"
[1] "III. Estimate MCFP"
[1] "III. alpha num 1 of 3"
[1] "elapsed: 0.79 minutes as of 2023-05-08 20:44:52"
[1] "III. alpha num 2 of 3"
[1] "elapsed: 1.55 minutes as of 2023-05-08 20:45:38"
[1] "III. alpha num 3 of 3"
[1] "elapsed: 2.29 minutes as of 2023-05-08 20:46:22"
[1] "IV. Target estimates"
[1] "Beginning variance calculations. This may take some time."
[1] "V. Variance estimates"
[1] ":model stuff:"
[1] "elapsed: 2.19 minutes as of 2023-05-08 20:48:39"
[1] ":CFBI EstFun:"
[1] "elapsed: 0 minutes as of 2023-05-08 20:48:39"
[1] ":CFBI alpha_num 1 of 3"
[1] "elapsed: 6.5 minutes as of 2023-05-08 20:55:08"
[1] ":CFBI alpha_num 2 of 3"
[1] "elapsed: 13 minutes as of 2023-05-08 21:01:38"
[1] ":CFBI alpha_num 3 of 3"
[1] ":MCFP EstFun:"
[1] "elapsed: 19.29 minutes as of 2023-05-08 21:07:56"
[1] ":MCFP alpha_num 1 of 3"
[1] "elapsed: 24.77 minutes as of 2023-05-08 21:13:25"
[1] ":MCFP alpha_num 2 of 3"
[1] "elapsed: 30.18 minutes as of 2023-05-08 21:18:49"
[1] ":MCFP alpha_num 3 of 3"
[1] "elapsed: 37.62 minutes as of 2023-05-08 21:24:04"
[1] ":target ests:"
[1] "elapsed: 0 minutes as of 2023-05-08 21:24:04"
[1] "Var_row_num 1 of 9"
[1] "elapsed: 13.18 minutes as of 2023-05-08 21:37:15"
[1] "elapsed: 0 minutes as of 2023-05-08 21:37:15"
[1] "elapsed: 0 minutes as of 2023-05-08 21:37:15"
[1] "Var_row_num 2 of 9"
[1] "elapsed: 12.82 minutes as of 2023-05-08 21:50:05"
[1] "elapsed: 0 minutes as of 2023-05-08 21:50:05"
[1] "elapsed: 0 minutes as of 2023-05-08 21:50:05"
[1] "Var_row_num 3 of 9"
[1] "elapsed: 12.36 minutes as of 2023-05-08 22:02:26"
[1] "elapsed: 0 minutes as of 2023-05-08 22:02:26"
[1] "elapsed: 0 minutes as of 2023-05-08 22:02:26"
[1] "Var_row_num 4 of 9"
[1] "elapsed: 12.44 minutes as of 2023-05-08 22:14:53"
[1] "elapsed: 0 minutes as of 2023-05-08 22:14:53"
[1] "elapsed: 0 minutes as of 2023-05-08 22:14:53"
[1] "Var_row_num 5 of 9"
[1] "elapsed: 12.54 minutes as of 2023-05-08 22:27:25"
[1] "elapsed: 0 minutes as of 2023-05-08 22:27:25"
[1] "elapsed: 0 minutes as of 2023-05-08 22:27:25"
[1] "Var_row_num 6 of 9"
[1] "elapsed: 12.41 minutes as of 2023-05-08 22:39:50"
[1] "elapsed: 0 minutes as of 2023-05-08 22:39:50"
[1] "elapsed: 0 minutes as of 2023-05-08 22:39:50"
[1] "Var_row_num 7 of 9"
[1] "elapsed: 12.42 minutes as of 2023-05-08 22:52:15"
[1] "elapsed: 0 minutes as of 2023-05-08 22:52:15"
[1] "elapsed: 0 minutes as of 2023-05-08 22:52:15"
[1] "Var_row_num 8 of 9"
[1] "elapsed: 12.42 minutes as of 2023-05-08 23:04:40"
[1] "elapsed: 0 minutes as of 2023-05-08 23:04:41"
[1] "elapsed: 0 minutes as of 2023-05-08 23:04:41"
[1] "Var_row_num 9 of 9"
[1] "elapsed: 12.58 minutes as of 2023-05-08 23:17:15"
[1] "elapsed: 0 minutes as of 2023-05-08 23:17:16"
[1] "Done with all variance calculations"
[1] "Estimates and SE estimates computed"
[1] ""
[[1]]
[[1]]$pro.p
[[1]]$pro.p$est
  delta        mu      mu_1      mu_0         de        se_1        se_0
1   0.5 0.4184244 0.2365870 0.5523647 -0.3157777  0.01329518 -0.01817583
2   1.0 0.3633333 0.2232918 0.5705405 -0.3472487  0.00000000  0.00000000
3   2.0 0.2902921 0.2011838 0.5520395 -0.3508558 -0.02210803 -0.01850099
           oe         te
1  0.05509104 -0.3339535
2  0.00000000 -0.3472487
3 -0.07304125 -0.3693567

[[1]]$pro.p$se
  delta         mu       mu_1       mu_0         de       se_1       se_0
1   0.5 0.02565066 0.01937336 0.03404480 0.02616810 0.01720727 0.02985559
2   1.0 0.01136874 0.01002050 0.01580801 0.01443156 0.00000000 0.00000000
3   2.0 0.01889727 0.01903372 0.02407783 0.02374758 0.01503312 0.01947367
          oe         te
1 0.02307765 0.02090483
2 0.00000000 0.01443156
3 0.01570691 0.02286786


[[1]]$pro.np
[[1]]$pro.np$est
  delta        mu      mu_1      mu_0         de         se_1        se_0
1   0.5 0.4145448 0.2395946 0.5364305 -0.2968359  0.006748575 -0.00567776
2   1.0 0.3615857 0.2328460 0.5421082 -0.3092622  0.000000000  0.00000000
3   2.0 0.2899472 0.2098008 0.5137723 -0.3039715 -0.023045180 -0.02833588
           oe         te
1  0.05295913 -0.3025136
2  0.00000000 -0.3092622
3 -0.07163855 -0.3323074

[[1]]$pro.np$se
  delta         mu       mu_1       mu_0         de       se_1       se_0
1   0.5 0.02015564 0.01718783 0.02653413 0.02163746 0.01447994 0.02173718
2   1.0 0.01141919 0.01013082 0.01511626 0.01314233 0.00000000 0.00000000
3   2.0 0.02026593 0.02026370 0.02353185 0.02193567 0.01643935 0.01886728
          oe         te
1 0.01686268 0.01821585
2 0.00000000 0.01314233
3 0.01693267 0.02280517


[[1]]$ipw.p
[[1]]$ipw.p$est
  delta        mu      mu_1      mu_0         de        se_1        se_0
1   0.5 0.4796918 0.2544600 0.6476715 -0.3932115  0.02993116  0.07509712
2   1.0 0.3647710 0.2245288 0.5725744 -0.3480456  0.00000000  0.00000000
3   2.0 0.2946993 0.2047649 0.5564703 -0.3517054 -0.01976392 -0.01610407
          oe         te
1  0.1149208 -0.3181144
2  0.0000000 -0.3480456
3 -0.0700717 -0.3678095

[[1]]$ipw.p$se
  delta          mu        mu_1       mu_0         de       se_1       se_0
1   0.5 0.048310669 0.021160153 0.07621418 0.06960523 0.01987650 0.06985216
2   1.0 0.009391426 0.009084352 0.01722052 0.01833499 0.00000000 0.00000000
3   2.0 0.020620555 0.021103218 0.02818382 0.02446422 0.01817783 0.03231329
          oe         te
1 0.04553725 0.01897347
2 0.00000000 0.01833499
3 0.02117308 0.02999480


[[1]]$ipw.np
[[1]]$ipw.np$est
  delta        mu      mu_1      mu_0         de        se_1        se_0
1   0.5 0.4685348 0.2585106 0.6210862 -0.3625756  0.02777432  0.06452523
2   1.0 0.3647710 0.2307363 0.5565609 -0.3258247  0.00000000  0.00000000
3   2.0 0.2996288 0.2133490 0.5398392 -0.3264902 -0.01738730 -0.01672177
           oe         te
1  0.10376382 -0.2980503
2  0.00000000 -0.3258247
3 -0.06514213 -0.3432120

[[1]]$ipw.np$se
  delta          mu       mu_1       mu_0         de       se_1       se_0
1   0.5 0.045427047 0.02103718 0.07018019 0.06378933 0.01975839 0.06385304
2   1.0 0.009391426 0.00934744 0.01679806 0.01804986 0.00000000 0.00000000
3   2.0 0.022795074 0.02402300 0.02802153 0.02467540 0.02113949 0.03186531
          oe         te
1 0.04267542 0.01874157
2 0.00000000 0.01804986
3 0.02317183 0.03193002


[[1]]$bar.p
[[1]]$bar.p$est
  delta        mu      mu_1      mu_0 de se_1 se_0 oe te
1   0.5 0.4733351 0.2574906 0.6240916  0    0    0  0  0
2   1.0 0.3655506 0.2292331 0.5589881  0    0    0  0  0
3   2.0 0.2842640 0.1989697 0.4863037  0    0    0  0  0

[[1]]$bar.p$se
  delta          mu       mu_1       mu_0 de se_1 se_0 oe te
1   0.5 0.024873706 0.02392410 0.02948237  0    0    0  0  0
2   1.0 0.008819566 0.00944339 0.01362020  0    0    0  0  0
3   2.0 0.012309474 0.01237580 0.02731002  0    0    0  0  0



[1] "Total run time was 10976.921 seconds"
