WARNING: ignoring environment value of R_HOME

Attaching package: ‘dplyr’

The following objects are masked from ‘package:stats’:

    filter, lag

The following objects are masked from ‘package:base’:

    intersect, setdiff, setequal, union

Loading required package: splines
Loading required package: foreach
Loaded gam 1.20.2

Super Learner
Version: 2.0-28
Package created on 2021-05-04

Loading required package: lattice
Loading required package: ggplot2
Loading required package: Matrix
Loaded glmnet 4.1-7
Loading required package: Formula
Loading required package: plotmo
Loading required package: plotrix
Loading required package: TeachingDemos
Loaded gbm 2.1.8.1

Attaching package: ‘xgboost’

The following object is masked from ‘package:dplyr’:

    slice

[1] "[Simulation setting]"
[1] "m: 500"
[1] "deltas: 0.5, 1, 2"
[1] "alphas: 0.4251, 0.5948, 0.7448"
[1] "Sim.id 1"
[1] "Data generated"
[1] "Proposed & IPW estimators"
[1] "   Split: 1"
[1] "   Split: 2"
[1] "Barkley estimators"
[1] "I. Estimate GLMER model"
[1] "IB. get MCFP vecs"
[1] "II. Estimate CFBI"
[1] "II. solving for alpha_num 1 of 3 ; alpha= 0.425133170705204"
[1] "elapsed: 7.57 minutes as of 2023-05-08 20:00:20"
[1] "II. solving for alpha_num 2 of 3 ; alpha= 0.594849404255532"
[1] "elapsed: 7.28 minutes as of 2023-05-08 20:07:37"
[1] "II. solving for alpha_num 3 of 3 ; alpha= 0.744822889124285"
[1] "elapsed: 9.21 minutes as of 2023-05-08 20:16:49"
[1] "III. Estimate MCFP"
[1] "III. alpha num 1 of 3"
[1] "elapsed: 0.66 minutes as of 2023-05-08 20:17:28"
[1] "III. alpha num 2 of 3"
[1] "elapsed: 1.37 minutes as of 2023-05-08 20:18:11"
[1] "III. alpha num 3 of 3"
[1] "elapsed: 2.11 minutes as of 2023-05-08 20:18:55"
[1] "IV. Target estimates"
[1] "Beginning variance calculations. This may take some time."
[1] "V. Variance estimates"
[1] ":model stuff:"
[1] "elapsed: 2.27 minutes as of 2023-05-08 20:21:17"
[1] ":CFBI EstFun:"
[1] "elapsed: 0 minutes as of 2023-05-08 20:21:17"
[1] ":CFBI alpha_num 1 of 3"
[1] "elapsed: 6.57 minutes as of 2023-05-08 20:27:52"
[1] ":CFBI alpha_num 2 of 3"
[1] "elapsed: 12.92 minutes as of 2023-05-08 20:34:13"
[1] ":CFBI alpha_num 3 of 3"
[1] ":MCFP EstFun:"
[1] "elapsed: 19.46 minutes as of 2023-05-08 20:40:45"
[1] ":MCFP alpha_num 1 of 3"
[1] "elapsed: 24.48 minutes as of 2023-05-08 20:45:46"
[1] ":MCFP alpha_num 2 of 3"
[1] "elapsed: 29.31 minutes as of 2023-05-08 20:50:36"
[1] ":MCFP alpha_num 3 of 3"
[1] "elapsed: 36.58 minutes as of 2023-05-08 20:55:36"
[1] ":target ests:"
[1] "elapsed: 0 minutes as of 2023-05-08 20:55:36"
[1] "Var_row_num 1 of 9"
[1] "elapsed: 11.72 minutes as of 2023-05-08 21:07:19"
[1] "elapsed: 0 minutes as of 2023-05-08 21:07:19"
[1] "elapsed: 0 minutes as of 2023-05-08 21:07:19"
[1] "Var_row_num 2 of 9"
[1] "elapsed: 11.7 minutes as of 2023-05-08 21:19:01"
[1] "elapsed: 0 minutes as of 2023-05-08 21:19:01"
[1] "elapsed: 0 minutes as of 2023-05-08 21:19:01"
[1] "Var_row_num 3 of 9"
[1] "elapsed: 11.8 minutes as of 2023-05-08 21:30:49"
[1] "elapsed: 0 minutes as of 2023-05-08 21:30:49"
[1] "elapsed: 0 minutes as of 2023-05-08 21:30:49"
[1] "Var_row_num 4 of 9"
[1] "elapsed: 11.57 minutes as of 2023-05-08 21:42:23"
[1] "elapsed: 0 minutes as of 2023-05-08 21:42:23"
[1] "elapsed: 0 minutes as of 2023-05-08 21:42:23"
[1] "Var_row_num 5 of 9"
[1] "elapsed: 11.44 minutes as of 2023-05-08 21:53:49"
[1] "elapsed: 0 minutes as of 2023-05-08 21:53:49"
[1] "elapsed: 0 minutes as of 2023-05-08 21:53:49"
[1] "Var_row_num 6 of 9"
[1] "elapsed: 11.57 minutes as of 2023-05-08 22:05:23"
[1] "elapsed: 0 minutes as of 2023-05-08 22:05:23"
[1] "elapsed: 0 minutes as of 2023-05-08 22:05:23"
[1] "Var_row_num 7 of 9"
[1] "elapsed: 11.71 minutes as of 2023-05-08 22:17:06"
[1] "elapsed: 0 minutes as of 2023-05-08 22:17:06"
[1] "elapsed: 0 minutes as of 2023-05-08 22:17:06"
[1] "Var_row_num 8 of 9"
[1] "elapsed: 10.76 minutes as of 2023-05-08 22:27:52"
[1] "elapsed: 0 minutes as of 2023-05-08 22:27:52"
[1] "elapsed: 0 minutes as of 2023-05-08 22:27:52"
[1] "Var_row_num 9 of 9"
[1] "elapsed: 11.2 minutes as of 2023-05-08 22:39:04"
[1] "elapsed: 0 minutes as of 2023-05-08 22:39:04"
[1] "Done with all variance calculations"
[1] "Estimates and SE estimates computed"
[1] ""
[[1]]
[[1]]$pro.p
[[1]]$pro.p$est
  delta        mu      mu_1      mu_0         de         se_1        se_0
1   0.5 0.4365784 0.2269443 0.5761816 -0.3492373 -0.005397541 0.012078098
2   1.0 0.3739878 0.2323418 0.5641035 -0.3317617  0.000000000 0.000000000
3   2.0 0.3330992 0.2427133 0.5733472 -0.3306339  0.010371510 0.009243775
           oe         te
1  0.06259058 -0.3371592
2  0.00000000 -0.3317617
3 -0.04088861 -0.3213902

[[1]]$pro.p$se
  delta         mu       mu_1       mu_0         de       se_1       se_0
1   0.5 0.01812801 0.01703515 0.02307455 0.02350229 0.01450316 0.01925132
2   1.0 0.01160018 0.01051513 0.01526143 0.01383061 0.00000000 0.00000000
3   2.0 0.01993470 0.01978157 0.02476794 0.02164357 0.01672658 0.01940242
          oe         te
1 0.01529993 0.01976415
2 0.00000000 0.01383061
3 0.01688543 0.02232603


[[1]]$pro.np
[[1]]$pro.np$est
  delta        mu      mu_1      mu_0         de          se_1        se_0
1   0.5 0.4276787 0.2442935 0.5462157 -0.3019221 -9.070797e-05 0.007663424
2   1.0 0.3720100 0.2443842 0.5385522 -0.2941680  0.000000e+00 0.000000000
3   2.0 0.3310240 0.2512792 0.5409731 -0.2896939  6.894978e-03 0.002420853
           oe         te
1  0.05566867 -0.2942587
2  0.00000000 -0.2941680
3 -0.04098605 -0.2872730

[[1]]$pro.np$se
  delta         mu       mu_1       mu_0         de       se_1       se_0
1   0.5 0.01658771 0.01556873 0.02162412 0.02308497 0.01234307 0.01726429
2   1.0 0.01178017 0.01088380 0.01470379 0.01265445 0.00000000 0.00000000
3   2.0 0.01933682 0.01975173 0.02157716 0.01972894 0.01624905 0.01614521
          oe         te
1 0.01315834 0.01768380
2 0.00000000 0.01265445
3 0.01587456 0.02146937


[[1]]$ipw.p
[[1]]$ipw.p$est
  delta        mu      mu_1      mu_0         de        se_1       se_0
1   0.5 0.4415406 0.2340461 0.5873372 -0.3532911 0.004508681 0.01840405
2   1.0 0.3722605 0.2295375 0.5689332 -0.3393957 0.000000000 0.00000000
3   2.0 0.3324528 0.2389395 0.5849166 -0.3459771 0.009402092 0.01598341
           oe         te
1  0.06928013 -0.3348871
2  0.00000000 -0.3393957
3 -0.03980776 -0.3299937

[[1]]$ipw.p$se
  delta          mu        mu_1       mu_0         de       se_1       se_0
1   0.5 0.037792279 0.018149938 0.05873113 0.05505168 0.01722301 0.05055164
2   1.0 0.009149029 0.009463134 0.01639296 0.01844141 0.00000000 0.00000000
3   2.0 0.028244414 0.028390365 0.03431589 0.02289873 0.02552940 0.03794504
          oe         te
1 0.03470636 0.01911906
2 0.00000000 0.01844141
3 0.02836657 0.03542502


[[1]]$ipw.np
[[1]]$ipw.np$est
  delta        mu      mu_1      mu_0         de        se_1       se_0
1   0.5 0.4370615 0.2403502 0.5716876 -0.3313374 0.003993022 0.01686645
2   1.0 0.3722605 0.2363571 0.5548211 -0.3184640 0.000000000 0.00000000
3   2.0 0.3363156 0.2471460 0.5706045 -0.3234585 0.010788864 0.01578342
           oe         te
1  0.06480099 -0.3144710
2  0.00000000 -0.3184640
3 -0.03594491 -0.3076751

[[1]]$ipw.np$se
  delta          mu        mu_1       mu_0         de       se_1       se_0
1   0.5 0.037336880 0.018448178 0.05712563 0.05351645 0.01755028 0.04908899
2   1.0 0.009149029 0.009767187 0.01612134 0.01834079 0.00000000 0.00000000
3   2.0 0.029018920 0.029912624 0.03344716 0.02256428 0.02691928 0.03690815
          oe         te
1 0.03429240 0.01924907
2 0.00000000 0.01834079
3 0.02905849 0.03652939


[[1]]$bar.p
[[1]]$bar.p$est
  delta        mu      mu_1      mu_0 de se_1 se_0 oe te
1   0.5 0.4407943 0.2317650 0.5847769  0    0    0  0  0
2   1.0 0.3626500 0.2272176 0.5540163  0    0    0  0  0
3   2.0 0.2969288 0.2119041 0.5296823  0    0    0  0  0

[[1]]$bar.p$se
  delta          mu        mu_1       mu_0 de se_1 se_0 oe te
1   0.5 0.016589948 0.017125195 0.01889209  0    0    0  0  0
2   1.0 0.008522553 0.009245212 0.01424697  0    0    0  0  0
3   2.0 0.016412977 0.014953739 0.03898307  0    0    0  0  0



[1] "Total run time was 10340.496 seconds"
