WARNING: ignoring environment value of R_HOME

Attaching package: ‘dplyr’

The following objects are masked from ‘package:stats’:

    filter, lag

The following objects are masked from ‘package:base’:

    intersect, setdiff, setequal, union

Loading required package: splines
Loading required package: foreach
Loaded gam 1.20.2

Super Learner
Version: 2.0-28
Package created on 2021-05-04

Loading required package: lattice
Loading required package: ggplot2
Loading required package: Matrix
Loaded glmnet 4.1-7
Loading required package: Formula
Loading required package: plotmo
Loading required package: plotrix
Loading required package: TeachingDemos
Loaded gbm 2.1.8.1

Attaching package: ‘xgboost’

The following object is masked from ‘package:dplyr’:

    slice

[1] "[Simulation setting]"
[1] "m: 500"
[1] "deltas: 0.5, 1, 2"
[1] "alphas: 0.4251, 0.5948, 0.7448"
[1] "Sim.id 1"
[1] "Data generated"
[1] "Proposed & IPW estimators"
[1] "   Split: 1"
[1] "   Split: 2"
[1] "Barkley estimators"
[1] "I. Estimate GLMER model"
[1] "IB. get MCFP vecs"
[1] "II. Estimate CFBI"
[1] "II. solving for alpha_num 1 of 3 ; alpha= 0.425133170705204"
[1] "elapsed: 3.1 minutes as of 2023-05-08 21:40:22"
[1] "II. solving for alpha_num 2 of 3 ; alpha= 0.594849404255532"
[1] "elapsed: 3.47 minutes as of 2023-05-08 21:43:50"
[1] "II. solving for alpha_num 3 of 3 ; alpha= 0.744822889124285"
[1] "elapsed: 3.83 minutes as of 2023-05-08 21:47:40"
[1] "III. Estimate MCFP"
[1] "III. alpha num 1 of 3"
[1] "elapsed: 0.31 minutes as of 2023-05-08 21:47:59"
[1] "III. alpha num 2 of 3"
[1] "elapsed: 0.61 minutes as of 2023-05-08 21:48:17"
[1] "III. alpha num 3 of 3"
[1] "elapsed: 0.91 minutes as of 2023-05-08 21:48:35"
[1] "IV. Target estimates"
[1] "Beginning variance calculations. This may take some time."
[1] "V. Variance estimates"
[1] ":model stuff:"
[1] "elapsed: 0.98 minutes as of 2023-05-08 21:49:36"
[1] ":CFBI EstFun:"
[1] "elapsed: 0 minutes as of 2023-05-08 21:49:36"
[1] ":CFBI alpha_num 1 of 3"
[1] "elapsed: 2.68 minutes as of 2023-05-08 21:52:17"
[1] ":CFBI alpha_num 2 of 3"
[1] "elapsed: 5.35 minutes as of 2023-05-08 21:54:57"
[1] ":CFBI alpha_num 3 of 3"
[1] ":MCFP EstFun:"
[1] "elapsed: 8.04 minutes as of 2023-05-08 21:57:38"
[1] ":MCFP alpha_num 1 of 3"
[1] "elapsed: 10.19 minutes as of 2023-05-08 21:59:48"
[1] ":MCFP alpha_num 2 of 3"
[1] "elapsed: 12.34 minutes as of 2023-05-08 22:01:57"
[1] ":MCFP alpha_num 3 of 3"
[1] "elapsed: 15.51 minutes as of 2023-05-08 22:04:08"
[1] ":target ests:"
[1] "elapsed: 0 minutes as of 2023-05-08 22:04:08"
[1] "Var_row_num 1 of 9"
[1] "elapsed: 6.21 minutes as of 2023-05-08 22:10:21"
[1] "elapsed: 0 minutes as of 2023-05-08 22:10:21"
[1] "elapsed: 0 minutes as of 2023-05-08 22:10:21"
[1] "Var_row_num 2 of 9"
[1] "elapsed: 6.19 minutes as of 2023-05-08 22:16:32"
[1] "elapsed: 0 minutes as of 2023-05-08 22:16:33"
[1] "elapsed: 0 minutes as of 2023-05-08 22:16:33"
[1] "Var_row_num 3 of 9"
[1] "elapsed: 6.24 minutes as of 2023-05-08 22:22:47"
[1] "elapsed: 0 minutes as of 2023-05-08 22:22:47"
[1] "elapsed: 0 minutes as of 2023-05-08 22:22:47"
[1] "Var_row_num 4 of 9"
[1] "elapsed: 6.23 minutes as of 2023-05-08 22:29:01"
[1] "elapsed: 0 minutes as of 2023-05-08 22:29:01"
[1] "elapsed: 0 minutes as of 2023-05-08 22:29:01"
[1] "Var_row_num 5 of 9"
[1] "elapsed: 6.27 minutes as of 2023-05-08 22:35:18"
[1] "elapsed: 0 minutes as of 2023-05-08 22:35:18"
[1] "elapsed: 0 minutes as of 2023-05-08 22:35:18"
[1] "Var_row_num 6 of 9"
[1] "elapsed: 6.31 minutes as of 2023-05-08 22:41:36"
[1] "elapsed: 0 minutes as of 2023-05-08 22:41:36"
[1] "elapsed: 0 minutes as of 2023-05-08 22:41:36"
[1] "Var_row_num 7 of 9"
[1] "elapsed: 6.31 minutes as of 2023-05-08 22:47:55"
[1] "elapsed: 0 minutes as of 2023-05-08 22:47:55"
[1] "elapsed: 0 minutes as of 2023-05-08 22:47:55"
[1] "Var_row_num 8 of 9"
[1] "elapsed: 6.37 minutes as of 2023-05-08 22:54:17"
[1] "elapsed: 0 minutes as of 2023-05-08 22:54:17"
[1] "elapsed: 0 minutes as of 2023-05-08 22:54:17"
[1] "Var_row_num 9 of 9"
[1] "elapsed: 6.12 minutes as of 2023-05-08 23:00:24"
[1] "elapsed: 0 minutes as of 2023-05-08 23:00:24"
[1] "Done with all variance calculations"
[1] "Estimates and SE estimates computed"
[1] ""
[[1]]
[[1]]$pro.p
[[1]]$pro.p$est
  delta        mu      mu_1      mu_0         de        se_1        se_0
1   0.5 0.4676601 0.2727778 0.6158872 -0.3431094  0.03825734  0.04965181
2   1.0 0.3663685 0.2345204 0.5662354 -0.3317150  0.00000000  0.00000000
3   2.0 0.2781980 0.2043293 0.5091176 -0.3047883 -0.03019112 -0.05711784
           oe         te
1  0.10129157 -0.2934576
2  0.00000000 -0.3317150
3 -0.08817047 -0.3619061

[[1]]$pro.p$se
  delta         mu       mu_1       mu_0         de       se_1       se_0
1   0.5 0.01924055 0.01798779 0.02552929 0.02582900 0.01522870 0.02075821
2   1.0 0.01186192 0.01075009 0.01608410 0.01491455 0.00000000 0.00000000
3   2.0 0.01747407 0.01636247 0.02423577 0.02062289 0.01205663 0.01940780
          oe         te
1 0.01584802 0.02017606
2 0.00000000 0.01491455
3 0.01390071 0.02043182


[[1]]$pro.np
[[1]]$pro.np$est
  delta        mu      mu_1      mu_0         de        se_1        se_0
1   0.5 0.4465936 0.2772249 0.5698329 -0.2926080  0.02896851  0.03216011
2   1.0 0.3677480 0.2482563 0.5376728 -0.2894164  0.00000000  0.00000000
3   2.0 0.2891068 0.2188325 0.4874851 -0.2686526 -0.02942380 -0.05018768
           oe         te
1  0.07884563 -0.2604479
2  0.00000000 -0.2894164
3 -0.07864121 -0.3188402

[[1]]$pro.np$se
  delta         mu       mu_1       mu_0         de       se_1       se_0
1   0.5 0.01607749 0.01583593 0.02138780 0.02313120 0.01309493 0.01686951
2   1.0 0.01234335 0.01133533 0.01540163 0.01314722 0.00000000 0.00000000
3   2.0 0.01898488 0.01759669 0.02404113 0.01844491 0.01239345 0.01847503
          oe         te
1 0.01276278 0.01781653
2 0.00000000 0.01314722
3 0.01426334 0.01957649


[[1]]$ipw.p
[[1]]$ipw.p$est
  delta        mu      mu_1      mu_0         de        se_1        se_0
1   0.5 0.4956984 0.2903406 0.6531198 -0.3627791  0.05542387  0.08723909
2   1.0 0.3658243 0.2349168 0.5658807 -0.3309639  0.00000000  0.00000000
3   2.0 0.2898215 0.2177516 0.5080664 -0.2903148 -0.01716519 -0.05781424
           oe         te
1  0.12987413 -0.2755400
2  0.00000000 -0.3309639
3 -0.07600281 -0.3481291

[[1]]$ipw.p$se
  delta         mu        mu_1       mu_0         de       se_1       se_0
1   0.5 0.05370789 0.028648989 0.07560467 0.05410004 0.02775228 0.06761462
2   1.0 0.00934347 0.009424876 0.01761754 0.01952091 0.00000000 0.00000000
3   2.0 0.01898611 0.020336877 0.02391836 0.02277906 0.01711581 0.02866772
          oe         te
1 0.05047798 0.02624293
2 0.00000000 0.01952091
3 0.01968766 0.03038109


[[1]]$ipw.np
[[1]]$ipw.np$est
  delta        mu      mu_1      mu_0         de        se_1        se_0
1   0.5 0.4868568 0.2968567 0.6290980 -0.3322412  0.05472672  0.08057643
2   1.0 0.3658243 0.2421300 0.5485215 -0.3063915  0.00000000  0.00000000
3   2.0 0.2924314 0.2243985 0.4891613 -0.2647628 -0.01773151 -0.05936025
          oe         te
1  0.1210325 -0.2516648
2  0.0000000 -0.3063915
3 -0.0733929 -0.3241231

[[1]]$ipw.np$se
  delta         mu        mu_1       mu_0         de       se_1       se_0
1   0.5 0.05238185 0.028825648 0.07243593 0.05112219 0.02797013 0.06495359
2   1.0 0.00934347 0.009729643 0.01715911 0.01924635 0.00000000 0.00000000
3   2.0 0.01981657 0.021522860 0.02332962 0.02206768 0.01822743 0.02790036
          oe         te
1 0.04934499 0.02663163
2 0.00000000 0.01924635
3 0.02037046 0.03086754


[[1]]$bar.p
[[1]]$bar.p$est
  delta        mu      mu_1      mu_0 de se_1 se_0 oe te
1   0.5 0.5006025 0.3086772 0.6414545  0    0    0  0  0
2   1.0 0.3709647 0.2419974 0.5389727  0    0    0  0  0
3   2.0 0.2803088 0.2089687 0.4330529  0    0    0  0  0

[[1]]$bar.p$se
  delta          mu        mu_1       mu_0 de se_1 se_0 oe te
1   0.5 0.029750975 0.030935803 0.03135287  0    0    0  0  0
2   1.0 0.008609985 0.009751861 0.01336622  0    0    0  0  0
3   2.0 0.011203368 0.011289949 0.02435314  0    0    0  0  0



[1] "Total run time was 5203.053 seconds"
