WARNING: ignoring environment value of R_HOME

Attaching package: ‘dplyr’

The following objects are masked from ‘package:stats’:

    filter, lag

The following objects are masked from ‘package:base’:

    intersect, setdiff, setequal, union

Loading required package: splines
Loading required package: foreach
Loaded gam 1.20.2

Super Learner
Version: 2.0-28
Package created on 2021-05-04

Loading required package: lattice
Loading required package: ggplot2
Loading required package: Matrix
Loaded glmnet 4.1-7
Loading required package: Formula
Loading required package: plotmo
Loading required package: plotrix
Loading required package: TeachingDemos
Loaded gbm 2.1.8.1

Attaching package: ‘xgboost’

The following object is masked from ‘package:dplyr’:

    slice

[1] "[Simulation setting]"
[1] "m: 500"
[1] "deltas: 0.5, 1, 2"
[1] "alphas: 0.4251, 0.5948, 0.7448"
[1] "Sim.id 1"
[1] "Data generated"
[1] "Proposed & IPW estimators"
[1] "   Split: 1"
[1] "   Split: 2"
[1] "Barkley estimators"
[1] "I. Estimate GLMER model"
[1] "IB. get MCFP vecs"
[1] "II. Estimate CFBI"
[1] "II. solving for alpha_num 1 of 3 ; alpha= 0.425133170705204"
[1] "elapsed: 3.61 minutes as of 2023-05-08 21:35:11"
[1] "II. solving for alpha_num 2 of 3 ; alpha= 0.594849404255532"
[1] "elapsed: 3.74 minutes as of 2023-05-08 21:38:55"
[1] "II. solving for alpha_num 3 of 3 ; alpha= 0.744822889124285"
[1] "elapsed: 4.26 minutes as of 2023-05-08 21:43:11"
[1] "III. Estimate MCFP"
[1] "III. alpha num 1 of 3"
[1] "elapsed: 0.36 minutes as of 2023-05-08 21:43:33"
[1] "III. alpha num 2 of 3"
[1] "elapsed: 0.73 minutes as of 2023-05-08 21:43:55"
[1] "III. alpha num 3 of 3"
[1] "elapsed: 1.09 minutes as of 2023-05-08 21:44:17"
[1] "IV. Target estimates"
[1] "Beginning variance calculations. This may take some time."
[1] "V. Variance estimates"
[1] ":model stuff:"
[1] "elapsed: 1.07 minutes as of 2023-05-08 21:45:24"
[1] ":CFBI EstFun:"
[1] "elapsed: 0 minutes as of 2023-05-08 21:45:24"
[1] ":CFBI alpha_num 1 of 3"
[1] "elapsed: 5.59 minutes as of 2023-05-08 21:51:00"
[1] ":CFBI alpha_num 2 of 3"
[1] "elapsed: 12.02 minutes as of 2023-05-08 21:57:25"
[1] ":CFBI alpha_num 3 of 3"
[1] ":MCFP EstFun:"
[1] "elapsed: 18.43 minutes as of 2023-05-08 22:03:50"
[1] ":MCFP alpha_num 1 of 3"
[1] "elapsed: 23.98 minutes as of 2023-05-08 22:09:23"
[1] ":MCFP alpha_num 2 of 3"
[1] "elapsed: 29.54 minutes as of 2023-05-08 22:14:56"
[1] ":MCFP alpha_num 3 of 3"
[1] "elapsed: 36.11 minutes as of 2023-05-08 22:20:26"
[1] ":target ests:"
[1] "elapsed: 0 minutes as of 2023-05-08 22:20:26"
[1] "Var_row_num 1 of 9"
[1] "elapsed: 13.33 minutes as of 2023-05-08 22:33:46"
[1] "elapsed: 0 minutes as of 2023-05-08 22:33:46"
[1] "elapsed: 0 minutes as of 2023-05-08 22:33:46"
[1] "Var_row_num 2 of 9"
[1] "elapsed: 13.24 minutes as of 2023-05-08 22:47:00"
[1] "elapsed: 0 minutes as of 2023-05-08 22:47:00"
[1] "elapsed: 0 minutes as of 2023-05-08 22:47:00"
[1] "Var_row_num 3 of 9"
[1] "elapsed: 13.24 minutes as of 2023-05-08 23:00:15"
[1] "elapsed: 0 minutes as of 2023-05-08 23:00:15"
[1] "elapsed: 0 minutes as of 2023-05-08 23:00:15"
[1] "Var_row_num 4 of 9"
[1] "elapsed: 12.98 minutes as of 2023-05-08 23:13:14"
[1] "elapsed: 0 minutes as of 2023-05-08 23:13:14"
[1] "elapsed: 0 minutes as of 2023-05-08 23:13:14"
[1] "Var_row_num 5 of 9"
[1] "elapsed: 12.95 minutes as of 2023-05-08 23:26:11"
[1] "elapsed: 0 minutes as of 2023-05-08 23:26:11"
[1] "elapsed: 0 minutes as of 2023-05-08 23:26:11"
[1] "Var_row_num 6 of 9"
[1] "elapsed: 13.02 minutes as of 2023-05-08 23:39:12"
[1] "elapsed: 0 minutes as of 2023-05-08 23:39:12"
[1] "elapsed: 0 minutes as of 2023-05-08 23:39:12"
[1] "Var_row_num 7 of 9"
[1] "elapsed: 13.11 minutes as of 2023-05-08 23:52:19"
[1] "elapsed: 0 minutes as of 2023-05-08 23:52:19"
[1] "elapsed: 0 minutes as of 2023-05-08 23:52:19"
[1] "Var_row_num 8 of 9"
[1] "elapsed: 12.17 minutes as of 2023-05-09 00:04:29"
[1] "elapsed: 0 minutes as of 2023-05-09 00:04:30"
[1] "elapsed: 0 minutes as of 2023-05-09 00:04:30"
[1] "Var_row_num 9 of 9"
[1] "elapsed: 12.1 minutes as of 2023-05-09 00:16:35"
[1] "elapsed: 0 minutes as of 2023-05-09 00:16:35"
[1] "Done with all variance calculations"
[1] "Estimates and SE estimates computed"
[1] ""
[[1]]
[[1]]$pro.p
[[1]]$pro.p$est
  delta        mu      mu_1      mu_0         de        se_1        se_0
1   0.5 0.4773002 0.2438709 0.6346488 -0.3907779  0.02041071  0.07474356
2   1.0 0.3665220 0.2234602 0.5599053 -0.3364451  0.00000000  0.00000000
3   2.0 0.2733243 0.1878948 0.5032446 -0.3153498 -0.03556544 -0.05666072
           oe         te
1  0.11077819 -0.3160343
2  0.00000000 -0.3364451
3 -0.09319767 -0.3720105

[[1]]$pro.p$se
  delta         mu        mu_1       mu_0         de       se_1       se_0
1   0.5 0.03963172 0.031458129 0.04775051 0.03490131 0.02943458 0.04431715
2   1.0 0.01157676 0.009995088 0.01519600 0.01333621 0.00000000 0.00000000
3   2.0 0.01961525 0.021026918 0.02437591 0.02592988 0.01803836 0.01971820
          oe         te
1 0.03691150 0.03099393
2 0.00000000 0.01333621
3 0.01690695 0.02403240


[[1]]$pro.np
[[1]]$pro.np$est
  delta        mu      mu_1      mu_0         de        se_1        se_0
1   0.5 0.4415392 0.2484004 0.5639557 -0.3155553  0.01083407  0.04089285
2   1.0 0.3638565 0.2375663 0.5230628 -0.2854965  0.00000000  0.00000000
3   2.0 0.2942077 0.2164862 0.4888906 -0.2724044 -0.02108013 -0.03417227
           oe         te
1  0.07768266 -0.2746625
2  0.00000000 -0.2854965
3 -0.06964879 -0.3065767

[[1]]$pro.np$se
  delta         mu       mu_1       mu_0         de       se_1       se_0
1   0.5 0.03033943 0.02373884 0.03652735 0.02811837 0.02096054 0.03229564
2   1.0 0.01183831 0.01039445 0.01483548 0.01223664 0.00000000 0.00000000
3   2.0 0.01975490 0.02093642 0.02443260 0.02477086 0.01722809 0.01894190
          oe         te
1 0.02695982 0.02336880
2 0.00000000 0.01223664
3 0.01597848 0.02228078


[[1]]$ipw.p
[[1]]$ipw.p$est
  delta        mu      mu_1      mu_0         de        se_1        se_0
1   0.5 0.6290326 0.2852383 0.8655626 -0.5803243 0.056289523  0.29234581
2   1.0 0.3740821 0.2289488 0.5732168 -0.3442680 0.000000000  0.00000000
3   2.0 0.3211551 0.2323448 0.5603856 -0.3280407 0.003396045 -0.01283122
           oe         te
1  0.25495058 -0.2879785
2  0.00000000 -0.3442680
3 -0.05292699 -0.3408720

[[1]]$ipw.p$se
  delta          mu        mu_1       mu_0         de       se_1       se_0
1   0.5 0.120689764 0.036728121 0.18047407 0.15195483 0.03630565 0.17450610
2   1.0 0.009533413 0.009141647 0.01711855 0.01840728 0.00000000 0.00000000
3   2.0 0.028983441 0.034447929 0.03078774 0.03839139 0.03213381 0.03501382
          oe         te
1 0.11832546 0.03354778
2 0.00000000 0.01840728
3 0.02942691 0.04098548


[[1]]$ipw.np
[[1]]$ipw.np$est
  delta        mu      mu_1      mu_0         de        se_1         se_0
1   0.5 0.5778785 0.2776218 0.7723526 -0.4947309 0.038997122  0.222909836
2   1.0 0.3740821 0.2386246 0.5494428 -0.3108182 0.000000000  0.000000000
3   2.0 0.3237556 0.2401398 0.5409778 -0.3008379 0.001515193 -0.008465057
          oe         te
1  0.2037964 -0.2718211
2  0.0000000 -0.3108182
3 -0.0503265 -0.3093030

[[1]]$ipw.np$se
  delta          mu        mu_1       mu_0         de       se_1       se_0
1   0.5 0.098446793 0.030607091 0.14772397 0.12954266 0.03010815 0.14204077
2   1.0 0.009533413 0.009516854 0.01635255 0.01783024 0.00000000 0.00000000
3   2.0 0.029576088 0.036473184 0.02951029 0.03977146 0.03406242 0.03324507
          oe         te
1 0.09609145 0.02774857
2 0.00000000 0.01783024
3 0.02986102 0.04226102


[[1]]$bar.p
[[1]]$bar.p$est
  delta        mu      mu_1      mu_0 de se_1 se_0 oe te
1   0.5 0.5224888 0.2878117 0.6690926  0    0    0  0  0
2   1.0 0.3674473 0.2333027 0.5439974  0    0    0  0  0
3   2.0 0.2832309 0.2038675 0.4463857  0    0    0  0  0

[[1]]$bar.p$se
  delta         mu        mu_1       mu_0 de se_1 se_0 oe te
1   0.5 0.03823018 0.034577175 0.03980869  0    0    0  0  0
2   1.0 0.00871757 0.009355694 0.01327108  0    0    0  0  0
3   2.0 0.02083160 0.021130836 0.02495567  0    0    0  0  0



[1] "Total run time was 10142.68 seconds"
