WARNING: ignoring environment value of R_HOME

Attaching package: ‘dplyr’

The following objects are masked from ‘package:stats’:

    filter, lag

The following objects are masked from ‘package:base’:

    intersect, setdiff, setequal, union

Loading required package: splines
Loading required package: foreach
Loaded gam 1.20.2

Super Learner
Version: 2.0-28
Package created on 2021-05-04

Loading required package: lattice
Loading required package: ggplot2
Loading required package: Matrix
Loaded glmnet 4.1-7
Loading required package: Formula
Loading required package: plotmo
Loading required package: plotrix
Loading required package: TeachingDemos
Loaded gbm 2.1.8.1

Attaching package: ‘xgboost’

The following object is masked from ‘package:dplyr’:

    slice

[1] "[Simulation setting]"
[1] "m: 500"
[1] "deltas: 0.5, 1, 2"
[1] "alphas: 0.4251, 0.5948, 0.7448"
[1] "Sim.id 1"
[1] "Data generated"
[1] "Proposed & IPW estimators"
[1] "   Split: 1"
[1] "   Split: 2"
[1] "Barkley estimators"
[1] "I. Estimate GLMER model"
[1] "IB. get MCFP vecs"
[1] "II. Estimate CFBI"
[1] "II. solving for alpha_num 1 of 3 ; alpha= 0.425133170705204"
[1] "elapsed: 7.56 minutes as of 2023-05-08 18:42:10"
[1] "II. solving for alpha_num 2 of 3 ; alpha= 0.594849404255532"
[1] "elapsed: 5.95 minutes as of 2023-05-08 18:48:07"
[1] "II. solving for alpha_num 3 of 3 ; alpha= 0.744822889124285"
[1] "elapsed: 7.1 minutes as of 2023-05-08 18:55:13"
[1] "III. Estimate MCFP"
[1] "III. alpha num 1 of 3"
[1] "elapsed: 0.76 minutes as of 2023-05-08 18:55:59"
[1] "III. alpha num 2 of 3"
[1] "elapsed: 1.53 minutes as of 2023-05-08 18:56:45"
[1] "III. alpha num 3 of 3"
[1] "elapsed: 2.31 minutes as of 2023-05-08 18:57:32"
[1] "IV. Target estimates"
[1] "Beginning variance calculations. This may take some time."
[1] "V. Variance estimates"
[1] ":model stuff:"
[1] "elapsed: 1.3 minutes as of 2023-05-08 18:58:55"
[1] ":CFBI EstFun:"
[1] "elapsed: 0 minutes as of 2023-05-08 18:58:55"
[1] ":CFBI alpha_num 1 of 3"
[1] "elapsed: 6.63 minutes as of 2023-05-08 19:05:33"
[1] ":CFBI alpha_num 2 of 3"
[1] "elapsed: 13.24 minutes as of 2023-05-08 19:12:09"
[1] ":CFBI alpha_num 3 of 3"
[1] ":MCFP EstFun:"
[1] "elapsed: 19.12 minutes as of 2023-05-08 19:18:02"
[1] ":MCFP alpha_num 1 of 3"
[1] "elapsed: 24.6 minutes as of 2023-05-08 19:23:31"
[1] ":MCFP alpha_num 2 of 3"
[1] "elapsed: 29.84 minutes as of 2023-05-08 19:28:45"
[1] ":MCFP alpha_num 3 of 3"
[1] "elapsed: 34.49 minutes as of 2023-05-08 19:32:06"
[1] ":target ests:"
[1] "elapsed: 0 minutes as of 2023-05-08 19:32:06"
[1] "Var_row_num 1 of 9"
[1] "elapsed: 9.69 minutes as of 2023-05-08 19:41:47"
[1] "elapsed: 0 minutes as of 2023-05-08 19:41:47"
[1] "elapsed: 0 minutes as of 2023-05-08 19:41:47"
[1] "Var_row_num 2 of 9"
[1] "elapsed: 9.85 minutes as of 2023-05-08 19:51:38"
[1] "elapsed: 0 minutes as of 2023-05-08 19:51:38"
[1] "elapsed: 0 minutes as of 2023-05-08 19:51:38"
[1] "Var_row_num 3 of 9"
[1] "elapsed: 9.8 minutes as of 2023-05-08 20:01:27"
[1] "elapsed: 0 minutes as of 2023-05-08 20:01:27"
[1] "elapsed: 0 minutes as of 2023-05-08 20:01:27"
[1] "Var_row_num 4 of 9"
[1] "elapsed: 9.73 minutes as of 2023-05-08 20:11:11"
[1] "elapsed: 0 minutes as of 2023-05-08 20:11:11"
[1] "elapsed: 0 minutes as of 2023-05-08 20:11:11"
[1] "Var_row_num 5 of 9"
[1] "elapsed: 8.99 minutes as of 2023-05-08 20:20:10"
[1] "elapsed: 0 minutes as of 2023-05-08 20:20:10"
[1] "elapsed: 0 minutes as of 2023-05-08 20:20:10"
[1] "Var_row_num 6 of 9"
[1] "elapsed: 7.38 minutes as of 2023-05-08 20:27:33"
[1] "elapsed: 0 minutes as of 2023-05-08 20:27:33"
[1] "elapsed: 0 minutes as of 2023-05-08 20:27:33"
[1] "Var_row_num 7 of 9"
[1] "elapsed: 6.63 minutes as of 2023-05-08 20:34:11"
[1] "elapsed: 0 minutes as of 2023-05-08 20:34:11"
[1] "elapsed: 0 minutes as of 2023-05-08 20:34:11"
[1] "Var_row_num 8 of 9"
[1] "elapsed: 6.68 minutes as of 2023-05-08 20:40:52"
[1] "elapsed: 0 minutes as of 2023-05-08 20:40:52"
[1] "elapsed: 0 minutes as of 2023-05-08 20:40:52"
[1] "Var_row_num 9 of 9"
[1] "elapsed: 6.62 minutes as of 2023-05-08 20:47:29"
[1] "elapsed: 0 minutes as of 2023-05-08 20:47:29"
[1] "Done with all variance calculations"
[1] "Estimates and SE estimates computed"
[1] ""
[[1]]
[[1]]$pro.p
[[1]]$pro.p$est
  delta        mu      mu_1      mu_0         de        se_1        se_0
1   0.5 0.4394386 0.2486119 0.5836576 -0.3350457  0.01180626  0.02842015
2   1.0 0.3629215 0.2368056 0.5552374 -0.3184318  0.00000000  0.00000000
3   2.0 0.2673734 0.1922892 0.4977143 -0.3054251 -0.04451644 -0.05752316
           oe         te
1  0.07651710 -0.3066256
2  0.00000000 -0.3184318
3 -0.09554815 -0.3629483

[[1]]$pro.p$se
  delta         mu       mu_1       mu_0         de       se_1       se_0
1   0.5 0.01703371 0.02100926 0.02412793 0.03173374 0.01945946 0.01979425
2   1.0 0.01192625 0.01064678 0.01576994 0.01383473 0.00000000 0.00000000
3   2.0 0.01866475 0.01700133 0.02711629 0.02207176 0.01191759 0.02066685
          oe         te
1 0.01400850 0.02412879
2 0.00000000 0.01383473
3 0.01365265 0.01916803


[[1]]$pro.np
[[1]]$pro.np$est
  delta        mu      mu_1      mu_0         de        se_1        se_0
1   0.5 0.4405168 0.2591936 0.5725292 -0.3133356  0.01095635  0.03730871
2   1.0 0.3645531 0.2482372 0.5352204 -0.2869832  0.00000000  0.00000000
3   2.0 0.2834982 0.2134188 0.4874829 -0.2740641 -0.03481846 -0.04773756
           oe         te
1  0.07596372 -0.2760269
2  0.00000000 -0.2869832
3 -0.08105490 -0.3218017

[[1]]$pro.np$se
  delta         mu       mu_1       mu_0         de       se_1       se_0
1   0.5 0.01474574 0.01979223 0.02029415 0.02906206 0.01829335 0.01572326
2   1.0 0.01219075 0.01077190 0.01541837 0.01232373 0.00000000 0.00000000
3   2.0 0.01841266 0.01701868 0.02573712 0.02071708 0.01148509 0.01916373
          oe         te
1 0.01100356 0.02238864
2 0.00000000 0.01232373
3 0.01291579 0.01797456


[[1]]$ipw.p
[[1]]$ipw.p$est
  delta        mu      mu_1      mu_0         de        se_1        se_0
1   0.5 0.4980920 0.2760830 0.6644431 -0.3883601  0.03308233  0.10873583
2   1.0 0.3682388 0.2430007 0.5557073 -0.3127066  0.00000000  0.00000000
3   2.0 0.2926162 0.2145432 0.5252295 -0.3106863 -0.02845749 -0.03047782
           oe         te
1  0.12985324 -0.2796243
2  0.00000000 -0.3127066
3 -0.07562259 -0.3411641

[[1]]$ipw.p$se
  delta          mu        mu_1       mu_0         de       se_1       se_0
1   0.5 0.058414485 0.021530253 0.09283449 0.08512543 0.02077458 0.08722089
2   1.0 0.009351159 0.009244052 0.01695833 0.01829175 0.00000000 0.00000000
3   2.0 0.017388484 0.017463102 0.02658792 0.02348415 0.01487930 0.03049475
          oe         te
1 0.05625447 0.02028324
2 0.00000000 0.01829175
3 0.01845435 0.02754744


[[1]]$ipw.np
[[1]]$ipw.np$est
  delta        mu      mu_1      mu_0         de        se_1        se_0
1   0.5 0.5146612 0.2865388 0.6853127 -0.3987740  0.03893644  0.13849253
2   1.0 0.3682388 0.2476023 0.5468202 -0.2992179  0.00000000  0.00000000
3   2.0 0.2938158 0.2180284 0.5140711 -0.2960427 -0.02957387 -0.03274912
           oe         te
1  0.14642247 -0.2602815
2  0.00000000 -0.2992179
3 -0.07442296 -0.3287918

[[1]]$ipw.np$se
  delta          mu        mu_1       mu_0         de       se_1       se_0
1   0.5 0.063527082 0.023240279 0.10097089 0.09247522 0.02259458 0.09563820
2   1.0 0.009351159 0.009439811 0.01680093 0.01822976 0.00000000 0.00000000
3   2.0 0.017950351 0.018091801 0.02658425 0.02295903 0.01532470 0.03038585
          oe         te
1 0.06152965 0.02177739
2 0.00000000 0.01822976
3 0.01882712 0.02777472


[[1]]$bar.p
[[1]]$bar.p$est
  delta        mu      mu_1      mu_0 de se_1 se_0 oe te
1   0.5 0.4398510 0.2588552 0.5731979  0    0    0  0  0
2   1.0 0.3680441 0.2489293 0.5337560  0    0    0  0  0
3   2.0 0.2753806 0.2033197 0.4486508  0    0    0  0  0

[[1]]$bar.p$se
  delta          mu       mu_1       mu_0 de se_1 se_0 oe te
1   0.5 0.023527941 0.01902167 0.02943902  0    0    0  0  0
2   1.0 0.008612503 0.00935301 0.01337280  0    0    0  0  0
3   2.0 0.010375203 0.01018223 0.02446122  0    0    0  0  0



[1] "Total run time was 8444.164 seconds"
