WARNING: ignoring environment value of R_HOME

Attaching package: ‘dplyr’

The following objects are masked from ‘package:stats’:

    filter, lag

The following objects are masked from ‘package:base’:

    intersect, setdiff, setequal, union

Loading required package: splines
Loading required package: foreach
Loaded gam 1.20.2

Super Learner
Version: 2.0-28
Package created on 2021-05-04

Loading required package: lattice
Loading required package: ggplot2
Loading required package: Matrix
Loaded glmnet 4.1-7
Loading required package: Formula
Loading required package: plotmo
Loading required package: plotrix
Loading required package: TeachingDemos
Loaded gbm 2.1.8.1

Attaching package: ‘xgboost’

The following object is masked from ‘package:dplyr’:

    slice

[1] "[Simulation setting]"
[1] "m: 500"
[1] "deltas: 0.5, 1, 2"
[1] "alphas: 0.4251, 0.5948, 0.7448"
[1] "Sim.id 1"
[1] "Data generated"
[1] "Proposed & IPW estimators"
[1] "   Split: 1"
[1] "   Split: 2"
[1] "Barkley estimators"
[1] "I. Estimate GLMER model"
[1] "IB. get MCFP vecs"
[1] "II. Estimate CFBI"
[1] "II. solving for alpha_num 1 of 3 ; alpha= 0.425133170705204"
[1] "elapsed: 6.2 minutes as of 2023-05-08 21:41:54"
[1] "II. solving for alpha_num 2 of 3 ; alpha= 0.594849404255532"
[1] "elapsed: 7 minutes as of 2023-05-08 21:48:54"
[1] "II. solving for alpha_num 3 of 3 ; alpha= 0.744822889124285"
[1] "elapsed: 7.63 minutes as of 2023-05-08 21:56:32"
[1] "III. Estimate MCFP"
[1] "III. alpha num 1 of 3"
[1] "elapsed: 0.61 minutes as of 2023-05-08 21:57:08"
[1] "III. alpha num 2 of 3"
[1] "elapsed: 1.21 minutes as of 2023-05-08 21:57:45"
[1] "III. alpha num 3 of 3"
[1] "elapsed: 1.82 minutes as of 2023-05-08 21:58:21"
[1] "IV. Target estimates"
[1] "Beginning variance calculations. This may take some time."
[1] "V. Variance estimates"
[1] ":model stuff:"
[1] "elapsed: 1.83 minutes as of 2023-05-08 22:00:16"
[1] ":CFBI EstFun:"
[1] "elapsed: 0 minutes as of 2023-05-08 22:00:16"
[1] ":CFBI alpha_num 1 of 3"
[1] "elapsed: 5.48 minutes as of 2023-05-08 22:05:44"
[1] ":CFBI alpha_num 2 of 3"
[1] "elapsed: 11.08 minutes as of 2023-05-08 22:11:21"
[1] ":CFBI alpha_num 3 of 3"
[1] ":MCFP EstFun:"
[1] "elapsed: 16.7 minutes as of 2023-05-08 22:16:58"
[1] ":MCFP alpha_num 1 of 3"
[1] "elapsed: 21.04 minutes as of 2023-05-08 22:21:18"
[1] ":MCFP alpha_num 2 of 3"
[1] "elapsed: 25.29 minutes as of 2023-05-08 22:25:33"
[1] ":MCFP alpha_num 3 of 3"
[1] "elapsed: 31.46 minutes as of 2023-05-08 22:29:53"
[1] ":target ests:"
[1] "elapsed: 0 minutes as of 2023-05-08 22:29:53"
[1] "Var_row_num 1 of 9"
[1] "elapsed: 10.6 minutes as of 2023-05-08 22:40:30"
[1] "elapsed: 0 minutes as of 2023-05-08 22:40:30"
[1] "elapsed: 0 minutes as of 2023-05-08 22:40:30"
[1] "Var_row_num 2 of 9"
[1] "elapsed: 10.61 minutes as of 2023-05-08 22:51:06"
[1] "elapsed: 0 minutes as of 2023-05-08 22:51:06"
[1] "elapsed: 0 minutes as of 2023-05-08 22:51:06"
[1] "Var_row_num 3 of 9"
[1] "elapsed: 10.59 minutes as of 2023-05-08 23:01:42"
[1] "elapsed: 0 minutes as of 2023-05-08 23:01:42"
[1] "elapsed: 0 minutes as of 2023-05-08 23:01:42"
[1] "Var_row_num 4 of 9"
[1] "elapsed: 10.58 minutes as of 2023-05-08 23:12:17"
[1] "elapsed: 0 minutes as of 2023-05-08 23:12:17"
[1] "elapsed: 0 minutes as of 2023-05-08 23:12:17"
[1] "Var_row_num 5 of 9"
[1] "elapsed: 10.52 minutes as of 2023-05-08 23:22:48"
[1] "elapsed: 0 minutes as of 2023-05-08 23:22:48"
[1] "elapsed: 0 minutes as of 2023-05-08 23:22:48"
[1] "Var_row_num 6 of 9"
[1] "elapsed: 10.51 minutes as of 2023-05-08 23:33:18"
[1] "elapsed: 0 minutes as of 2023-05-08 23:33:18"
[1] "elapsed: 0 minutes as of 2023-05-08 23:33:18"
[1] "Var_row_num 7 of 9"
[1] "elapsed: 10.51 minutes as of 2023-05-08 23:43:49"
[1] "elapsed: 0 minutes as of 2023-05-08 23:43:49"
[1] "elapsed: 0 minutes as of 2023-05-08 23:43:49"
[1] "Var_row_num 8 of 9"
[1] "elapsed: 10.63 minutes as of 2023-05-08 23:54:27"
[1] "elapsed: 0 minutes as of 2023-05-08 23:54:27"
[1] "elapsed: 0 minutes as of 2023-05-08 23:54:27"
[1] "Var_row_num 9 of 9"
[1] "elapsed: 11.19 minutes as of 2023-05-09 00:05:38"
[1] "elapsed: 0 minutes as of 2023-05-09 00:05:38"
[1] "Done with all variance calculations"
[1] "Estimates and SE estimates computed"
[1] ""
[[1]]
[[1]]$pro.p
[[1]]$pro.p$est
  delta        mu      mu_1      mu_0         de        se_1        se_0
1   0.5 0.4338984 0.2447430 0.5761794 -0.3314364  0.02671348 0.024911565
2   1.0 0.3502198 0.2180295 0.5512678 -0.3332383  0.00000000 0.000000000
3   2.0 0.2820692 0.1930572 0.5546333 -0.3615762 -0.02497233 0.003365521
           oe         te
1  0.08367859 -0.3065249
2  0.00000000 -0.3332383
3 -0.06815063 -0.3582107

[[1]]$pro.p$se
  delta         mu       mu_1       mu_0         de       se_1       se_0
1   0.5 0.01803058 0.01567366 0.02294704 0.01982250 0.01322531 0.01939811
2   1.0 0.01121421 0.01031731 0.01522577 0.01430848 0.00000000 0.00000000
3   2.0 0.01897985 0.01824949 0.02543662 0.02274452 0.01426085 0.02009834
          oe         te
1 0.01547459 0.01845175
2 0.00000000 0.01430848
3 0.01511274 0.02112123


[[1]]$pro.np
[[1]]$pro.np$est
  delta        mu      mu_1      mu_0         de        se_1         se_0
1   0.5 0.4266932 0.2577510 0.5489769 -0.2912259  0.02833948 0.0243464538
2   1.0 0.3508647 0.2294115 0.5246304 -0.2952189  0.00000000 0.0000000000
3   2.0 0.2858471 0.1994787 0.5253631 -0.3258845 -0.02993287 0.0007327248
           oe         te
1  0.07582857 -0.2668794
2  0.00000000 -0.2952189
3 -0.06501753 -0.3251518

[[1]]$pro.np$se
  delta         mu       mu_1       mu_0         de       se_1       se_0
1   0.5 0.01566940 0.01419082 0.01966629 0.01793855 0.01113999 0.01570956
2   1.0 0.01156278 0.01056741 0.01498804 0.01287606 0.00000000 0.00000000
3   2.0 0.01920145 0.01900166 0.02348082 0.02170864 0.01443878 0.01768267
          oe         te
1 0.01237663 0.01605350
2 0.00000000 0.01287606
3 0.01472709 0.02074786


[[1]]$ipw.p
[[1]]$ipw.p$est
  delta        mu      mu_1      mu_0         de        se_1       se_0
1   0.5 0.4465253 0.2428091 0.5999764 -0.3571673  0.02098338 0.03499280
2   1.0 0.3585026 0.2218257 0.5649836 -0.3431579  0.00000000 0.00000000
3   2.0 0.2883898 0.1963261 0.5672095 -0.3708834 -0.02549963 0.00222593
           oe         te
1  0.08802271 -0.3221745
2  0.00000000 -0.3431579
3 -0.07011275 -0.3686575

[[1]]$ipw.p$se
  delta          mu        mu_1       mu_0         de       se_1       se_0
1   0.5 0.046937396 0.019750763 0.07377763 0.06562442 0.01861163 0.06677450
2   1.0 0.008844181 0.009149801 0.01637512 0.01822060 0.00000000 0.00000000
3   2.0 0.020085689 0.019459171 0.02978883 0.02318813 0.01665608 0.03388262
          oe         te
1 0.04417873 0.01914641
2 0.00000000 0.01822060
3 0.02064356 0.02812751


[[1]]$ipw.np
[[1]]$ipw.np$est
  delta        mu      mu_1      mu_0         de        se_1         se_0
1   0.5 0.4425870 0.2486100 0.5845714 -0.3359614  0.02123835 0.0354575720
2   1.0 0.3585026 0.2273717 0.5491138 -0.3217422  0.00000000 0.0000000000
3   2.0 0.2928732 0.2032190 0.5495963 -0.3463774 -0.02415270 0.0004825013
           oe         te
1  0.08408440 -0.3005038
2  0.00000000 -0.3217422
3 -0.06562941 -0.3458948

[[1]]$ipw.np$se
  delta          mu        mu_1       mu_0         de       se_1       se_0
1   0.5 0.046399905 0.019986097 0.07181362 0.06393362 0.01884889 0.06495796
2   1.0 0.008844181 0.009375771 0.01605280 0.01804030 0.00000000 0.00000000
3   2.0 0.021455870 0.021027622 0.02981213 0.02275360 0.01819577 0.03375701
          oe         te
1 0.04369009 0.01919713
2 0.00000000 0.01804030
3 0.02190529 0.02908736


[[1]]$bar.p
[[1]]$bar.p$est
  delta        mu      mu_1      mu_0 de se_1 se_0 oe te
1   0.5 0.4402723 0.2465850 0.5715711  0    0    0  0  0
2   1.0 0.3627339 0.2306705 0.5520046  0    0    0  0  0
3   2.0 0.2848017 0.1970169 0.5292159  0    0    0  0  0

[[1]]$bar.p$se
  delta          mu        mu_1       mu_0 de se_1 se_0 oe te
1   0.5 0.030037700 0.033174511 0.03013911  0    0    0  0  0
2   1.0 0.008314406 0.009459558 0.01303587  0    0    0  0  0
3   2.0 0.013468368 0.012996862 0.02988586  0    0    0  0  0



[1] "Total run time was 9330.383 seconds"
