WARNING: ignoring environment value of R_HOME

Attaching package: ‘dplyr’

The following objects are masked from ‘package:stats’:

    filter, lag

The following objects are masked from ‘package:base’:

    intersect, setdiff, setequal, union

Loading required package: splines
Loading required package: foreach
Loaded gam 1.20.2

Super Learner
Version: 2.0-28
Package created on 2021-05-04

Loading required package: lattice
Loading required package: ggplot2
Loading required package: Matrix
Loaded glmnet 4.1-7
Loading required package: Formula
Loading required package: plotmo
Loading required package: plotrix
Loading required package: TeachingDemos
Loaded gbm 2.1.8.1

Attaching package: ‘xgboost’

The following object is masked from ‘package:dplyr’:

    slice

[1] "[Simulation setting]"
[1] "m: 500"
[1] "deltas: 0.5, 1, 2"
[1] "alphas: 0.4251, 0.5948, 0.7448"
[1] "Sim.id 1"
[1] "Data generated"
[1] "Proposed & IPW estimators"
[1] "   Split: 1"
[1] "   Split: 2"
[1] "Barkley estimators"
[1] "I. Estimate GLMER model"
[1] "IB. get MCFP vecs"
[1] "II. Estimate CFBI"
[1] "II. solving for alpha_num 1 of 3 ; alpha= 0.425133170705204"
[1] "elapsed: 6.67 minutes as of 2023-05-08 21:32:44"
[1] "II. solving for alpha_num 2 of 3 ; alpha= 0.594849404255532"
[1] "elapsed: 7.41 minutes as of 2023-05-08 21:40:09"
[1] "II. solving for alpha_num 3 of 3 ; alpha= 0.744822889124285"
[1] "elapsed: 6.59 minutes as of 2023-05-08 21:46:45"
[1] "III. Estimate MCFP"
[1] "III. alpha num 1 of 3"
[1] "elapsed: 0.66 minutes as of 2023-05-08 21:47:24"
[1] "III. alpha num 2 of 3"
[1] "elapsed: 1.31 minutes as of 2023-05-08 21:48:03"
[1] "III. alpha num 3 of 3"
[1] "elapsed: 1.97 minutes as of 2023-05-08 21:48:43"
[1] "IV. Target estimates"
[1] "Beginning variance calculations. This may take some time."
[1] "V. Variance estimates"
[1] ":model stuff:"
[1] "elapsed: 1.97 minutes as of 2023-05-08 21:50:46"
[1] ":CFBI EstFun:"
[1] "elapsed: 0 minutes as of 2023-05-08 21:50:46"
[1] ":CFBI alpha_num 1 of 3"
[1] "elapsed: 5.78 minutes as of 2023-05-08 21:56:33"
[1] ":CFBI alpha_num 2 of 3"
[1] "elapsed: 11.54 minutes as of 2023-05-08 22:02:19"
[1] ":CFBI alpha_num 3 of 3"
[1] ":MCFP EstFun:"
[1] "elapsed: 17.32 minutes as of 2023-05-08 22:08:05"
[1] ":MCFP alpha_num 1 of 3"
[1] "elapsed: 21.97 minutes as of 2023-05-08 22:12:44"
[1] ":MCFP alpha_num 2 of 3"
[1] "elapsed: 26.54 minutes as of 2023-05-08 22:17:18"
[1] ":MCFP alpha_num 3 of 3"
[1] "elapsed: 33.18 minutes as of 2023-05-08 22:21:59"
[1] ":target ests:"
[1] "elapsed: 0 minutes as of 2023-05-08 22:21:59"
[1] "Var_row_num 1 of 9"
[1] "elapsed: 11.15 minutes as of 2023-05-08 22:33:08"
[1] "elapsed: 0 minutes as of 2023-05-08 22:33:08"
[1] "elapsed: 0 minutes as of 2023-05-08 22:33:08"
[1] "Var_row_num 2 of 9"
[1] "elapsed: 11.17 minutes as of 2023-05-08 22:44:18"
[1] "elapsed: 0.01 minutes as of 2023-05-08 22:44:19"
[1] "elapsed: 0 minutes as of 2023-05-08 22:44:19"
[1] "Var_row_num 3 of 9"
[1] "elapsed: 11.19 minutes as of 2023-05-08 22:55:30"
[1] "elapsed: 0 minutes as of 2023-05-08 22:55:30"
[1] "elapsed: 0 minutes as of 2023-05-08 22:55:30"
[1] "Var_row_num 4 of 9"
[1] "elapsed: 11.2 minutes as of 2023-05-08 23:06:42"
[1] "elapsed: 0 minutes as of 2023-05-08 23:06:42"
[1] "elapsed: 0 minutes as of 2023-05-08 23:06:42"
[1] "Var_row_num 5 of 9"
[1] "elapsed: 11.21 minutes as of 2023-05-08 23:17:55"
[1] "elapsed: 0 minutes as of 2023-05-08 23:17:55"
[1] "elapsed: 0 minutes as of 2023-05-08 23:17:55"
[1] "Var_row_num 6 of 9"
[1] "elapsed: 11.41 minutes as of 2023-05-08 23:29:20"
[1] "elapsed: 0 minutes as of 2023-05-08 23:29:20"
[1] "elapsed: 0 minutes as of 2023-05-08 23:29:20"
[1] "Var_row_num 7 of 9"
[1] "elapsed: 11.67 minutes as of 2023-05-08 23:41:00"
[1] "elapsed: 0 minutes as of 2023-05-08 23:41:00"
[1] "elapsed: 0 minutes as of 2023-05-08 23:41:00"
[1] "Var_row_num 8 of 9"
[1] "elapsed: 11.94 minutes as of 2023-05-08 23:52:56"
[1] "elapsed: 0 minutes as of 2023-05-08 23:52:57"
[1] "elapsed: 0 minutes as of 2023-05-08 23:52:57"
[1] "Var_row_num 9 of 9"
[1] "elapsed: 12.03 minutes as of 2023-05-09 00:04:58"
[1] "elapsed: 0 minutes as of 2023-05-09 00:04:59"
[1] "Done with all variance calculations"
[1] "Estimates and SE estimates computed"
[1] ""
[[1]]
[[1]]$pro.p
[[1]]$pro.p$est
  delta        mu      mu_1      mu_0         de       se_1        se_0
1   0.5 0.4427887 0.2412782 0.5945148 -0.3532365 0.01478479 0.027796802
2   1.0 0.3635847 0.2264935 0.5667180 -0.3402245 0.00000000 0.000000000
3   2.0 0.3327064 0.2507047 0.5685931 -0.3178884 0.02421124 0.001875098
           oe         te
1  0.07920395 -0.3254397
2  0.00000000 -0.3402245
3 -0.03087834 -0.3160133

[[1]]$pro.p$se
  delta         mu       mu_1       mu_0         de       se_1       se_0
1   0.5 0.02097990 0.01492713 0.03403005 0.03739942 0.01221882 0.03014338
2   1.0 0.01126482 0.01016772 0.01553671 0.01432399 0.00000000 0.00000000
3   2.0 0.03639475 0.04311016 0.02813987 0.04732682 0.03982688 0.02216670
          oe         te
1 0.01823333 0.01923766
2 0.00000000 0.01432399
3 0.03364405 0.04471110


[[1]]$pro.np
[[1]]$pro.np$est
  delta        mu      mu_1      mu_0         de        se_1       se_0
1   0.5 0.4258454 0.2455088 0.5571255 -0.3116167 0.003090805 0.02283131
2   1.0 0.3646605 0.2424180 0.5342942 -0.2918761 0.000000000 0.00000000
3   2.0 0.3568211 0.2822330 0.5512341 -0.2690011 0.039815034 0.01693996
           oe         te
1  0.06118489 -0.2887853
2  0.00000000 -0.2918761
3 -0.00783941 -0.2520611

[[1]]$pro.np$se
  delta         mu       mu_1       mu_0         de       se_1       se_0
1   0.5 0.01827304 0.01339659 0.02848133 0.03106065 0.01092373 0.02478391
2   1.0 0.01144446 0.01058016 0.01479558 0.01302265 0.00000000 0.00000000
3   2.0 0.04785892 0.05823483 0.02826383 0.06151156 0.05451869 0.02241837
          oe         te
1 0.01568403 0.01679696
2 0.00000000 0.01302265
3 0.04483886 0.05899480


[[1]]$ipw.p
[[1]]$ipw.p$est
  delta        mu      mu_1      mu_0         de         se_1        se_0
1   0.5 0.4750713 0.2503544 0.6411364 -0.3907820  0.028410766 0.069055931
2   1.0 0.3629802 0.2219436 0.5720805 -0.3501368  0.000000000 0.000000000
3   2.0 0.3050762 0.2137093 0.5779232 -0.3642139 -0.008234376 0.005842709
           oe         te
1  0.11209109 -0.3217261
2  0.00000000 -0.3501368
3 -0.05790404 -0.3583712

[[1]]$ipw.p$se
  delta         mu        mu_1       mu_0         de       se_1       se_0
1   0.5 0.05382801 0.021212886 0.08654975 0.07988023 0.02014051 0.07866253
2   1.0 0.00857746 0.008796448 0.01621828 0.01816192 0.00000000 0.00000000
3   2.0 0.02193761 0.022713979 0.02912419 0.02484890 0.01936719 0.03335975
          oe         te
1 0.05076883 0.02054530
2 0.00000000 0.01816192
3 0.02218238 0.03087599


[[1]]$ipw.np
[[1]]$ipw.np$est
  delta        mu      mu_1      mu_0         de         se_1        se_0
1   0.5 0.4676045 0.2608060 0.6162030 -0.3553970  0.031263315 0.062773664
2   1.0 0.3629802 0.2295427 0.5534293 -0.3238866  0.000000000 0.000000000
3   2.0 0.3106559 0.2239857 0.5581015 -0.3341157 -0.005556935 0.004672161
           oe         te
1  0.10462421 -0.2926233
2  0.00000000 -0.3238866
3 -0.05232435 -0.3294436

[[1]]$ipw.np$se
  delta         mu        mu_1       mu_0         de       se_1       se_0
1   0.5 0.05003734 0.021450900 0.07835594 0.07176479 0.02031984 0.07047775
2   1.0 0.00857746 0.009085062 0.01585584 0.01793641 0.00000000 0.00000000
3   2.0 0.02317202 0.024800124 0.02843047 0.02501986 0.02133605 0.03251063
          oe         te
1 0.04695652 0.02066461
2 0.00000000 0.01793641
3 0.02329979 0.03230342


[[1]]$bar.p
[[1]]$bar.p$est
  delta        mu      mu_1      mu_0 de se_1 se_0 oe te
1   0.5 0.4617035 0.2558747 0.6001659  0    0    0  0  0
2   1.0 0.3637816 0.2307976 0.5593786  0    0    0  0  0
3   2.0 0.3072659 0.2188239 0.5362841  0    0    0  0  0

[[1]]$bar.p$se
  delta         mu        mu_1       mu_0 de se_1 se_0 oe te
1   0.5 0.03215865 0.022896092 0.03603744  0    0    0  0  0
2   1.0 0.00824043 0.009662035 0.01317652  0    0    0  0  0
3   2.0 0.01486142 0.015145555 0.03098219  0    0    0  0  0



[1] "Total run time was 9863.949 seconds"
