WARNING: ignoring environment value of R_HOME

Attaching package: ‘dplyr’

The following objects are masked from ‘package:stats’:

    filter, lag

The following objects are masked from ‘package:base’:

    intersect, setdiff, setequal, union

Loading required package: splines
Loading required package: foreach
Loaded gam 1.20.2

Super Learner
Version: 2.0-28
Package created on 2021-05-04

Loading required package: lattice
Loading required package: ggplot2
Loading required package: Matrix
Loaded glmnet 4.1-7
Loading required package: Formula
Loading required package: plotmo
Loading required package: plotrix
Loading required package: TeachingDemos
Loaded gbm 2.1.8.1

Attaching package: ‘xgboost’

The following object is masked from ‘package:dplyr’:

    slice

[1] "[Simulation setting]"
[1] "m: 500"
[1] "deltas: 0.5, 1, 2"
[1] "alphas: 0.4251, 0.5948, 0.7448"
[1] "Sim.id 1"
[1] "Data generated"
[1] "Proposed & IPW estimators"
[1] "   Split: 1"
[1] "   Split: 2"
[1] "Barkley estimators"
[1] "I. Estimate GLMER model"
[1] "IB. get MCFP vecs"
[1] "II. Estimate CFBI"
[1] "II. solving for alpha_num 1 of 3 ; alpha= 0.425133170705204"
[1] "elapsed: 6.87 minutes as of 2023-05-08 19:06:29"
[1] "II. solving for alpha_num 2 of 3 ; alpha= 0.594849404255532"
[1] "elapsed: 8.45 minutes as of 2023-05-08 19:14:56"
[1] "II. solving for alpha_num 3 of 3 ; alpha= 0.744822889124285"
[1] "elapsed: 6.94 minutes as of 2023-05-08 19:21:52"
[1] "III. Estimate MCFP"
[1] "III. alpha num 1 of 3"
[1] "elapsed: 0.69 minutes as of 2023-05-08 19:22:34"
[1] "III. alpha num 2 of 3"
[1] "elapsed: 1.39 minutes as of 2023-05-08 19:23:16"
[1] "III. alpha num 3 of 3"
[1] "elapsed: 2.08 minutes as of 2023-05-08 19:23:57"
[1] "IV. Target estimates"
[1] "Beginning variance calculations. This may take some time."
[1] "V. Variance estimates"
[1] ":model stuff:"
[1] "elapsed: 2.18 minutes as of 2023-05-08 19:26:14"
[1] ":CFBI EstFun:"
[1] "elapsed: 0 minutes as of 2023-05-08 19:26:14"
[1] ":CFBI alpha_num 1 of 3"
[1] "elapsed: 6.02 minutes as of 2023-05-08 19:32:15"
[1] ":CFBI alpha_num 2 of 3"
[1] "elapsed: 11.97 minutes as of 2023-05-08 19:38:12"
[1] ":CFBI alpha_num 3 of 3"
[1] ":MCFP EstFun:"
[1] "elapsed: 17.93 minutes as of 2023-05-08 19:44:09"
[1] ":MCFP alpha_num 1 of 3"
[1] "elapsed: 22.71 minutes as of 2023-05-08 19:48:56"
[1] ":MCFP alpha_num 2 of 3"
[1] "elapsed: 27.52 minutes as of 2023-05-08 19:53:45"
[1] ":MCFP alpha_num 3 of 3"
[1] "elapsed: 34.58 minutes as of 2023-05-08 19:58:37"
[1] ":target ests:"
[1] "elapsed: 0 minutes as of 2023-05-08 19:58:37"
[1] "Var_row_num 1 of 9"
[1] "elapsed: 12.2 minutes as of 2023-05-08 20:10:49"
[1] "elapsed: 0 minutes as of 2023-05-08 20:10:49"
[1] "elapsed: 0 minutes as of 2023-05-08 20:10:49"
[1] "Var_row_num 2 of 9"
[1] "elapsed: 12.19 minutes as of 2023-05-08 20:23:01"
[1] "elapsed: 0 minutes as of 2023-05-08 20:23:01"
[1] "elapsed: 0 minutes as of 2023-05-08 20:23:01"
[1] "Var_row_num 3 of 9"
[1] "elapsed: 12.05 minutes as of 2023-05-08 20:35:04"
[1] "elapsed: 0 minutes as of 2023-05-08 20:35:04"
[1] "elapsed: 0 minutes as of 2023-05-08 20:35:04"
[1] "Var_row_num 4 of 9"
[1] "elapsed: 12.1 minutes as of 2023-05-08 20:47:10"
[1] "elapsed: 0 minutes as of 2023-05-08 20:47:10"
[1] "elapsed: 0 minutes as of 2023-05-08 20:47:10"
[1] "Var_row_num 5 of 9"
[1] "elapsed: 12.02 minutes as of 2023-05-08 20:59:11"
[1] "elapsed: 0 minutes as of 2023-05-08 20:59:11"
[1] "elapsed: 0 minutes as of 2023-05-08 20:59:11"
[1] "Var_row_num 6 of 9"
[1] "elapsed: 11.85 minutes as of 2023-05-08 21:11:02"
[1] "elapsed: 0 minutes as of 2023-05-08 21:11:02"
[1] "elapsed: 0 minutes as of 2023-05-08 21:11:02"
[1] "Var_row_num 7 of 9"
[1] "elapsed: 10.5 minutes as of 2023-05-08 21:21:32"
[1] "elapsed: 0 minutes as of 2023-05-08 21:21:32"
[1] "elapsed: 0 minutes as of 2023-05-08 21:21:32"
[1] "Var_row_num 8 of 9"
[1] "elapsed: 7.63 minutes as of 2023-05-08 21:29:10"
[1] "elapsed: 0 minutes as of 2023-05-08 21:29:10"
[1] "elapsed: 0 minutes as of 2023-05-08 21:29:10"
[1] "Var_row_num 9 of 9"
[1] "elapsed: 7.61 minutes as of 2023-05-08 21:36:47"
[1] "elapsed: 0 minutes as of 2023-05-08 21:36:47"
[1] "Done with all variance calculations"
[1] "Estimates and SE estimates computed"
[1] ""
[[1]]
[[1]]$pro.p
[[1]]$pro.p$est
  delta        mu      mu_1      mu_0         de        se_1        se_0
1   0.5 0.4817981 0.2759990 0.6274265 -0.3514276  0.05970974  0.08157876
2   1.0 0.3511696 0.2162892 0.5458478 -0.3295586  0.00000000  0.00000000
3   2.0 0.2567009 0.1813507 0.4747618 -0.2934111 -0.03493849 -0.07108599
           oe         te
1  0.13062845 -0.2698488
2  0.00000000 -0.3295586
3 -0.09446878 -0.3644970

[[1]]$pro.p$se
  delta         mu       mu_1       mu_0         de       se_1       se_0
1   0.5 0.03439507 0.03254614 0.03556674 0.02128454 0.03098678 0.03185879
2   1.0 0.01215020 0.01050160 0.01597616 0.01354435 0.00000000 0.00000000
3   2.0 0.01669768 0.01530718 0.02370998 0.02000816 0.01086979 0.01756195
          oe         te
1 0.03183323 0.03314822
2 0.00000000 0.01354435
3 0.01197496 0.01794370


[[1]]$pro.np
[[1]]$pro.np$est
  delta        mu      mu_1      mu_0         de        se_1        se_0
1   0.5 0.4618762 0.2631145 0.5957604 -0.3326459  0.03674620  0.07106493
2   1.0 0.3528679 0.2263683 0.5246955 -0.2983271  0.00000000  0.00000000
3   2.0 0.2682031 0.1955966 0.4624707 -0.2668741 -0.03077174 -0.06222479
           oe         te
1  0.10900835 -0.2615809
2  0.00000000 -0.2983271
3 -0.08466474 -0.3290989

[[1]]$pro.np$se
  delta         mu       mu_1       mu_0         de       se_1       se_0
1   0.5 0.02828810 0.02172579 0.03237334 0.01917476 0.01945536 0.02890330
2   1.0 0.01237541 0.01082477 0.01545658 0.01216008 0.00000000 0.00000000
3   2.0 0.01775153 0.01699642 0.02290531 0.01970053 0.01213830 0.01665931
          oe         te
1 0.02534984 0.02211022
2 0.00000000 0.01216008
3 0.01271736 0.01844237


[[1]]$ipw.p
[[1]]$ipw.p$est
  delta        mu      mu_1      mu_0         de        se_1        se_0
1   0.5 0.5250941 0.2858092 0.6981472 -0.4123380  0.06523121  0.14984453
2   1.0 0.3535940 0.2205780 0.5483027 -0.3277246  0.00000000  0.00000000
3   2.0 0.2697794 0.1884390 0.5058765 -0.3174376 -0.03213909 -0.04242613
           oe         te
1  0.17150009 -0.2624934
2  0.00000000 -0.3277246
3 -0.08381462 -0.3598637

[[1]]$ipw.p$se
  delta         mu        mu_1       mu_0         de       se_1       se_0
1   0.5 0.12365545 0.054074513 0.17278921 0.12114785 0.05361116 0.16862057
2   1.0 0.00977223 0.009319043 0.01700936 0.01772599 0.00000000 0.00000000
3   2.0 0.01706848 0.017430594 0.02362179 0.02019963 0.01470525 0.02778086
          oe         te
1 0.12188543 0.05178114
2 0.00000000 0.01772599
3 0.01781989 0.02676888


[[1]]$ipw.np
[[1]]$ipw.np$est
  delta        mu      mu_1      mu_0         de        se_1       se_0
1   0.5 0.5128015 0.2869771 0.6741046 -0.3871276  0.06021885  0.1403697
2   1.0 0.3535940 0.2267582 0.5337349 -0.3069767  0.00000000  0.0000000
3   2.0 0.2730777 0.1948949 0.4912799 -0.2963849 -0.03186327 -0.0424550
           oe         te
1  0.15920749 -0.2467578
2  0.00000000 -0.3069767
3 -0.08051627 -0.3388399

[[1]]$ipw.np$se
  delta         mu        mu_1       mu_0         de       se_1       se_0
1   0.5 0.11175262 0.050960883 0.15423103 0.10613825 0.05049829 0.14982272
2   1.0 0.00977223 0.009574471 0.01666162 0.01750940 0.00000000 0.00000000
3   2.0 0.01757187 0.018486389 0.02301649 0.02027184 0.01564955 0.02696197
          oe         te
1 0.10991074 0.04854272
2 0.00000000 0.01750940
3 0.01818734 0.02725638


[[1]]$bar.p
[[1]]$bar.p$est
  delta        mu      mu_1      mu_0 de se_1 se_0 oe te
1   0.5 0.5158544 0.3375038 0.6474326  0    0    0  0  0
2   1.0 0.3541566 0.2278600 0.5260584  0    0    0  0  0
3   2.0 0.2553398 0.1819585 0.4337824  0    0    0  0  0

[[1]]$bar.p$se
  delta          mu        mu_1       mu_0 de se_1 se_0 oe te
1   0.5 0.074507317 0.075240078 0.07415532  0    0    0  0  0
2   1.0 0.009068242 0.009698074 0.01345418  0    0    0  0  0
3   2.0 0.010677228 0.010303804 0.02417973  0    0    0  0  0



[1] "Total run time was 9804.547 seconds"
