WARNING: ignoring environment value of R_HOME

Attaching package: ‘dplyr’

The following objects are masked from ‘package:stats’:

    filter, lag

The following objects are masked from ‘package:base’:

    intersect, setdiff, setequal, union

Loading required package: splines
Loading required package: foreach
Loaded gam 1.20.2

Super Learner
Version: 2.0-28
Package created on 2021-05-04

Loading required package: lattice
Loading required package: ggplot2
Loading required package: Matrix
Loaded glmnet 4.1-7
Loading required package: Formula
Loading required package: plotmo
Loading required package: plotrix
Loading required package: TeachingDemos
Loaded gbm 2.1.8.1

Attaching package: ‘xgboost’

The following object is masked from ‘package:dplyr’:

    slice

[1] "[Simulation setting]"
[1] "m: 500"
[1] "deltas: 0.5, 1, 2"
[1] "alphas: 0.4251, 0.5948, 0.7448"
[1] "Sim.id 1"
[1] "Data generated"
[1] "Proposed & IPW estimators"
[1] "   Split: 1"
[1] "   Split: 2"
[1] "Barkley estimators"
[1] "I. Estimate GLMER model"
[1] "IB. get MCFP vecs"
[1] "II. Estimate CFBI"
[1] "II. solving for alpha_num 1 of 3 ; alpha= 0.425133170705204"
[1] "elapsed: 4.04 minutes as of 2023-05-08 19:01:07"
[1] "II. solving for alpha_num 2 of 3 ; alpha= 0.594849404255532"
[1] "elapsed: 4.14 minutes as of 2023-05-08 19:05:16"
[1] "II. solving for alpha_num 3 of 3 ; alpha= 0.744822889124285"
[1] "elapsed: 3.78 minutes as of 2023-05-08 19:09:03"
[1] "III. Estimate MCFP"
[1] "III. alpha num 1 of 3"
[1] "elapsed: 0.36 minutes as of 2023-05-08 19:09:25"
[1] "III. alpha num 2 of 3"
[1] "elapsed: 0.72 minutes as of 2023-05-08 19:09:46"
[1] "III. alpha num 3 of 3"
[1] "elapsed: 1.09 minutes as of 2023-05-08 19:10:08"
[1] "IV. Target estimates"
[1] "Beginning variance calculations. This may take some time."
[1] "V. Variance estimates"
[1] ":model stuff:"
[1] "elapsed: 1.12 minutes as of 2023-05-08 19:11:19"
[1] ":CFBI EstFun:"
[1] "elapsed: 0 minutes as of 2023-05-08 19:11:19"
[1] ":CFBI alpha_num 1 of 3"
[1] "elapsed: 3.32 minutes as of 2023-05-08 19:14:38"
[1] ":CFBI alpha_num 2 of 3"
[1] "elapsed: 6.56 minutes as of 2023-05-08 19:17:52"
[1] ":CFBI alpha_num 3 of 3"
[1] ":MCFP EstFun:"
[1] "elapsed: 9.82 minutes as of 2023-05-08 19:21:08"
[1] ":MCFP alpha_num 1 of 3"
[1] "elapsed: 12.45 minutes as of 2023-05-08 19:23:46"
[1] ":MCFP alpha_num 2 of 3"
[1] "elapsed: 15.01 minutes as of 2023-05-08 19:26:19"
[1] ":MCFP alpha_num 3 of 3"
[1] "elapsed: 18.77 minutes as of 2023-05-08 19:28:57"
[1] ":target ests:"
[1] "elapsed: 0 minutes as of 2023-05-08 19:28:57"
[1] "Var_row_num 1 of 9"
[1] "elapsed: 7.63 minutes as of 2023-05-08 19:36:35"
[1] "elapsed: 0 minutes as of 2023-05-08 19:36:35"
[1] "elapsed: 0 minutes as of 2023-05-08 19:36:35"
[1] "Var_row_num 2 of 9"
[1] "elapsed: 7.53 minutes as of 2023-05-08 19:44:07"
[1] "elapsed: 0 minutes as of 2023-05-08 19:44:07"
[1] "elapsed: 0 minutes as of 2023-05-08 19:44:07"
[1] "Var_row_num 3 of 9"
[1] "elapsed: 7.4 minutes as of 2023-05-08 19:51:31"
[1] "elapsed: 0 minutes as of 2023-05-08 19:51:31"
[1] "elapsed: 0 minutes as of 2023-05-08 19:51:31"
[1] "Var_row_num 4 of 9"
[1] "elapsed: 7.41 minutes as of 2023-05-08 19:58:56"
[1] "elapsed: 0 minutes as of 2023-05-08 19:58:56"
[1] "elapsed: 0 minutes as of 2023-05-08 19:58:56"
[1] "Var_row_num 5 of 9"
[1] "elapsed: 7.43 minutes as of 2023-05-08 20:06:22"
[1] "elapsed: 0 minutes as of 2023-05-08 20:06:22"
[1] "elapsed: 0 minutes as of 2023-05-08 20:06:22"
[1] "Var_row_num 6 of 9"
[1] "elapsed: 7.48 minutes as of 2023-05-08 20:13:51"
[1] "elapsed: 0 minutes as of 2023-05-08 20:13:51"
[1] "elapsed: 0 minutes as of 2023-05-08 20:13:51"
[1] "Var_row_num 7 of 9"
[1] "elapsed: 7.66 minutes as of 2023-05-08 20:21:31"
[1] "elapsed: 0 minutes as of 2023-05-08 20:21:31"
[1] "elapsed: 0 minutes as of 2023-05-08 20:21:31"
[1] "Var_row_num 8 of 9"
[1] "elapsed: 7.66 minutes as of 2023-05-08 20:29:11"
[1] "elapsed: 0 minutes as of 2023-05-08 20:29:11"
[1] "elapsed: 0 minutes as of 2023-05-08 20:29:11"
[1] "Var_row_num 9 of 9"
[1] "elapsed: 7.62 minutes as of 2023-05-08 20:36:48"
[1] "elapsed: 0 minutes as of 2023-05-08 20:36:48"
[1] "Done with all variance calculations"
[1] "Estimates and SE estimates computed"
[1] ""
[[1]]
[[1]]$pro.p
[[1]]$pro.p$est
  delta        mu      mu_1      mu_0         de        se_1        se_0
1   0.5 0.4510003 0.2576246 0.5965756 -0.3389510  0.03260809  0.02300270
2   1.0 0.3653975 0.2250165 0.5735729 -0.3485564  0.00000000  0.00000000
3   2.0 0.2909471 0.2087601 0.5279743 -0.3192142 -0.01625641 -0.04559858
           oe         te
1  0.08560282 -0.3159483
2  0.00000000 -0.3485564
3 -0.07445040 -0.3648128

[[1]]$pro.p$se
  delta         mu       mu_1       mu_0         de       se_1       se_0
1   0.5 0.01959000 0.01387562 0.02630973 0.02314740 0.01033336 0.02155557
2   1.0 0.01223099 0.01039449 0.01612616 0.01355883 0.00000000 0.00000000
3   2.0 0.02460915 0.02622481 0.02496719 0.02802026 0.02335544 0.01925935
          oe         te
1 0.01563713 0.01628726
2 0.00000000 0.01355883
3 0.02154008 0.02795761


[[1]]$pro.np
[[1]]$pro.np$est
  delta        mu      mu_1      mu_0         de        se_1        se_0
1   0.5 0.4379937 0.2606400 0.5626787 -0.3020387  0.02124404  0.02016723
2   1.0 0.3673304 0.2393960 0.5425115 -0.3031155  0.00000000  0.00000000
3   2.0 0.2937993 0.2209515 0.4894646 -0.2685131 -0.01844450 -0.05304686
           oe         te
1  0.07066329 -0.2818714
2  0.00000000 -0.3031155
3 -0.07353114 -0.3215600

[[1]]$pro.np$se
  delta         mu       mu_1       mu_0         de        se_1       se_0
1   0.5 0.01715594 0.01295210 0.02282015 0.02080125 0.009088364 0.01761739
2   1.0 0.01270743 0.01092401 0.01589071 0.01218336 0.000000000 0.00000000
3   2.0 0.02576823 0.02864861 0.02313536 0.02806008 0.025256848 0.01747117
          oe         te
1 0.01264528 0.01488022
2 0.00000000 0.01218336
3 0.02215290 0.02928623


[[1]]$ipw.p
[[1]]$ipw.p$est
  delta        mu      mu_1      mu_0         de        se_1        se_0
1   0.5 0.4453414 0.2535344 0.5877281 -0.3341937  0.02861142  0.01958160
2   1.0 0.3629679 0.2249230 0.5681465 -0.3432235  0.00000000  0.00000000
3   2.0 0.2908767 0.2078604 0.5351435 -0.3272831 -0.01706259 -0.03300297
           oe         te
1  0.08237345 -0.3146121
2  0.00000000 -0.3432235
3 -0.07209121 -0.3602861

[[1]]$ipw.p$se
  delta          mu        mu_1       mu_0         de       se_1       se_0
1   0.5 0.041854593 0.019103268 0.06198611 0.04987147 0.01823659 0.05350712
2   1.0 0.009522074 0.009026951 0.01717461 0.01816412 0.00000000 0.00000000
3   2.0 0.018854276 0.018167779 0.02937547 0.02501454 0.01539000 0.03335931
          oe         te
1 0.03835616 0.01729908
2 0.00000000 0.01816412
3 0.01983578 0.02817586


[[1]]$ipw.np
[[1]]$ipw.np$est
  delta        mu      mu_1      mu_0         de        se_1         se_0
1   0.5 0.4296472 0.2573347 0.5513088 -0.2939741  0.02512794  0.003496049
2   1.0 0.3629679 0.2322068 0.5478128 -0.3156060  0.00000000  0.000000000
3   2.0 0.2891662 0.2115465 0.5059292 -0.2943827 -0.02066033 -0.041883561
           oe         te
1  0.06667923 -0.2904780
2  0.00000000 -0.3156060
3 -0.07380173 -0.3362663

[[1]]$ipw.np$se
  delta          mu        mu_1       mu_0         de       se_1       se_0
1   0.5 0.037801356 0.018637754 0.05441157 0.04349543 0.01772805 0.04612738
2   1.0 0.009522074 0.009288749 0.01663248 0.01772734 0.00000000 0.00000000
3   2.0 0.018376041 0.018278731 0.02679219 0.02296253 0.01542689 0.03060346
          oe         te
1 0.03430028 0.01690132
2 0.00000000 0.01772734
3 0.01930156 0.02781416


[[1]]$bar.p
[[1]]$bar.p$est
  delta        mu      mu_1      mu_0 de se_1 se_0 oe te
1   0.5 0.4401909 0.2609482 0.5761021  0    0    0  0  0
2   1.0 0.3634382 0.2320015 0.5420909  0    0    0  0  0
3   2.0 0.2730363 0.1947706 0.4502712  0    0    0  0  0

[[1]]$bar.p$se
  delta          mu        mu_1       mu_0 de se_1 se_0 oe te
1   0.5 0.024170227 0.019391897 0.02800889  0    0    0  0  0
2   1.0 0.008761615 0.009299676 0.01314088  0    0    0  0  0
3   2.0 0.010791613 0.010407650 0.03029258  0    0    0  0  0



[1] "Total run time was 6266.32 seconds"
