WARNING: ignoring environment value of R_HOME

Attaching package: ‘dplyr’

The following objects are masked from ‘package:stats’:

    filter, lag

The following objects are masked from ‘package:base’:

    intersect, setdiff, setequal, union

Loading required package: splines
Loading required package: foreach
Loaded gam 1.20.2

Super Learner
Version: 2.0-28
Package created on 2021-05-04

Loading required package: lattice
Loading required package: ggplot2
Loading required package: Matrix
Loaded glmnet 4.1-7
Loading required package: Formula
Loading required package: plotmo
Loading required package: plotrix
Loading required package: TeachingDemos
Loaded gbm 2.1.8.1

Attaching package: ‘xgboost’

The following object is masked from ‘package:dplyr’:

    slice

[1] "[Simulation setting]"
[1] "m: 500"
[1] "deltas: 0.5, 1, 2"
[1] "alphas: 0.4251, 0.5948, 0.7448"
[1] "Sim.id 1"
[1] "Data generated"
[1] "Proposed & IPW estimators"
[1] "   Split: 1"
[1] "   Split: 2"
[1] "Barkley estimators"
[1] "I. Estimate GLMER model"
[1] "IB. get MCFP vecs"
[1] "II. Estimate CFBI"
[1] "II. solving for alpha_num 1 of 3 ; alpha= 0.425133170705204"
[1] "elapsed: 7.13 minutes as of 2023-05-08 19:14:30"
[1] "II. solving for alpha_num 2 of 3 ; alpha= 0.594849404255532"
[1] "elapsed: 7.97 minutes as of 2023-05-08 19:22:29"
[1] "II. solving for alpha_num 3 of 3 ; alpha= 0.744822889124285"
[1] "elapsed: 7.09 minutes as of 2023-05-08 19:29:34"
[1] "III. Estimate MCFP"
[1] "III. alpha num 1 of 3"
[1] "elapsed: 0.7 minutes as of 2023-05-08 19:30:16"
[1] "III. alpha num 2 of 3"
[1] "elapsed: 1.41 minutes as of 2023-05-08 19:30:58"
[1] "III. alpha num 3 of 3"
[1] "elapsed: 2.12 minutes as of 2023-05-08 19:31:41"
[1] "IV. Target estimates"
[1] "Beginning variance calculations. This may take some time."
[1] "V. Variance estimates"
[1] ":model stuff:"
[1] "elapsed: 2.08 minutes as of 2023-05-08 19:33:51"
[1] ":CFBI EstFun:"
[1] "elapsed: 0 minutes as of 2023-05-08 19:33:51"
[1] ":CFBI alpha_num 1 of 3"
[1] "elapsed: 6.19 minutes as of 2023-05-08 19:40:03"
[1] ":CFBI alpha_num 2 of 3"
[1] "elapsed: 12.39 minutes as of 2023-05-08 19:46:15"
[1] ":CFBI alpha_num 3 of 3"
[1] ":MCFP EstFun:"
[1] "elapsed: 18.6 minutes as of 2023-05-08 19:52:27"
[1] ":MCFP alpha_num 1 of 3"
[1] "elapsed: 23.51 minutes as of 2023-05-08 19:57:22"
[1] ":MCFP alpha_num 2 of 3"
[1] "elapsed: 28.48 minutes as of 2023-05-08 20:02:20"
[1] ":MCFP alpha_num 3 of 3"
[1] "elapsed: 35.55 minutes as of 2023-05-08 20:07:19"
[1] ":target ests:"
[1] "elapsed: 0 minutes as of 2023-05-08 20:07:19"
[1] "Var_row_num 1 of 9"
[1] "elapsed: 12.64 minutes as of 2023-05-08 20:19:58"
[1] "elapsed: 0 minutes as of 2023-05-08 20:19:58"
[1] "elapsed: 0 minutes as of 2023-05-08 20:19:58"
[1] "Var_row_num 2 of 9"
[1] "elapsed: 12.63 minutes as of 2023-05-08 20:32:36"
[1] "elapsed: 0 minutes as of 2023-05-08 20:32:36"
[1] "elapsed: 0 minutes as of 2023-05-08 20:32:36"
[1] "Var_row_num 3 of 9"
[1] "elapsed: 12.49 minutes as of 2023-05-08 20:45:05"
[1] "elapsed: 0 minutes as of 2023-05-08 20:45:05"
[1] "elapsed: 0 minutes as of 2023-05-08 20:45:05"
[1] "Var_row_num 4 of 9"
[1] "elapsed: 12.46 minutes as of 2023-05-08 20:57:33"
[1] "elapsed: 0 minutes as of 2023-05-08 20:57:33"
[1] "elapsed: 0 minutes as of 2023-05-08 20:57:33"
[1] "Var_row_num 5 of 9"
[1] "elapsed: 12.56 minutes as of 2023-05-08 21:10:06"
[1] "elapsed: 0 minutes as of 2023-05-08 21:10:06"
[1] "elapsed: 0 minutes as of 2023-05-08 21:10:06"
[1] "Var_row_num 6 of 9"
[1] "elapsed: 13.12 minutes as of 2023-05-08 21:23:13"
[1] "elapsed: 0 minutes as of 2023-05-08 21:23:14"
[1] "elapsed: 0 minutes as of 2023-05-08 21:23:14"
[1] "Var_row_num 7 of 9"
[1] "elapsed: 12.6 minutes as of 2023-05-08 21:35:50"
[1] "elapsed: 0 minutes as of 2023-05-08 21:35:50"
[1] "elapsed: 0 minutes as of 2023-05-08 21:35:50"
[1] "Var_row_num 8 of 9"
[1] "elapsed: 11.45 minutes as of 2023-05-08 21:47:17"
[1] "elapsed: 0 minutes as of 2023-05-08 21:47:17"
[1] "elapsed: 0 minutes as of 2023-05-08 21:47:17"
[1] "Var_row_num 9 of 9"
[1] "elapsed: 10.96 minutes as of 2023-05-08 21:58:14"
[1] "elapsed: 0.01 minutes as of 2023-05-08 21:58:15"
[1] "Done with all variance calculations"
[1] "Estimates and SE estimates computed"
[1] ""
[[1]]
[[1]]$pro.p
[[1]]$pro.p$est
  delta        mu      mu_1      mu_0         de         se_1         se_0
1   0.5 0.4071246 0.2330972 0.5407140 -0.3076169 -0.004482152 -0.013990932
2   1.0 0.3621237 0.2375793 0.5547050 -0.3171256  0.000000000  0.000000000
3   2.0 0.3039459 0.2224004 0.5458074 -0.3234069 -0.015178872 -0.008897564
           oe         te
1  0.04500093 -0.3216078
2  0.00000000 -0.3171256
3 -0.05817779 -0.3323045

[[1]]$pro.p$se
  delta         mu       mu_1       mu_0         de       se_1       se_0
1   0.5 0.01975521 0.01469454 0.02833793 0.02517933 0.01285293 0.02474221
2   1.0 0.01129701 0.01062180 0.01485580 0.01383839 0.00000000 0.00000000
3   2.0 0.02275744 0.02235839 0.02641011 0.02306859 0.01805558 0.02162843
          oe         te
1 0.01825396 0.01729191
2 0.00000000 0.01383839
3 0.01842780 0.02385320


[[1]]$pro.np
[[1]]$pro.np$est
  delta        mu      mu_1      mu_0         de         se_1         se_0
1   0.5 0.4081095 0.2473925 0.5269715 -0.2795790  0.001949351 -0.002925982
2   1.0 0.3598908 0.2454431 0.5298975 -0.2844544  0.000000000  0.000000000
3   2.0 0.3024383 0.2281694 0.5136142 -0.2854448 -0.017273688 -0.016283250
           oe         te
1  0.04821866 -0.2825050
2  0.00000000 -0.2844544
3 -0.05745256 -0.3017281

[[1]]$pro.np$se
  delta         mu       mu_1       mu_0         de       se_1       se_0
1   0.5 0.01844239 0.01401803 0.02774080 0.02691227 0.01158828 0.02443678
2   1.0 0.01153737 0.01062696 0.01476906 0.01271490 0.00000000 0.00000000
3   2.0 0.02181208 0.02177156 0.02559467 0.02400271 0.01731767 0.02045853
          oe         te
1 0.01647669 0.01651648
2 0.00000000 0.01271490
3 0.01714723 0.02247718


[[1]]$ipw.p
[[1]]$ipw.p$est
  delta        mu      mu_1      mu_0         de         se_1        se_0
1   0.5 0.4603835 0.2519075 0.6249228 -0.3730153  0.014389503 0.068448011
2   1.0 0.3632003 0.2375180 0.5564748 -0.3189568  0.000000000 0.000000000
3   2.0 0.3140443 0.2298854 0.5653351 -0.3354497 -0.007632565 0.008860315
           oe         te
1  0.09718317 -0.3045673
2  0.00000000 -0.3189568
3 -0.04915607 -0.3265894

[[1]]$ipw.p$se
  delta          mu        mu_1       mu_0         de       se_1       se_0
1   0.5 0.045425175 0.019039780 0.07230901 0.06440381 0.01853577 0.06594272
2   1.0 0.008884215 0.009227921 0.01583766 0.01736245 0.00000000 0.00000000
3   2.0 0.021547966 0.020299031 0.02981553 0.02020394 0.01734650 0.03389658
          oe         te
1 0.04325866 0.01750674
2 0.00000000 0.01736245
3 0.02160079 0.02844518


[[1]]$ipw.np
[[1]]$ipw.np$est
  delta        mu      mu_1      mu_0         de         se_1       se_0
1   0.5 0.4649623 0.2592254 0.6245160 -0.3652906  0.017022617 0.07869316
2   1.0 0.3632003 0.2422028 0.5458229 -0.3036201  0.000000000 0.00000000
3   2.0 0.3166097 0.2342056 0.5554557 -0.3212501 -0.007997215 0.00963284
           oe         te
1  0.10176192 -0.2865974
2  0.00000000 -0.3036201
3 -0.04659061 -0.3116173

[[1]]$ipw.np$se
  delta          mu        mu_1       mu_0         de       se_1       se_0
1   0.5 0.045204832 0.019574204 0.07087181 0.06292781 0.01913246 0.06442422
2   1.0 0.008884215 0.009421214 0.01555173 0.01720455 0.00000000 0.00000000
3   2.0 0.021765917 0.020625658 0.02950358 0.01973720 0.01753807 0.03343025
          oe         te
1 0.04306127 0.01785827
2 0.00000000 0.01720455
3 0.02170696 0.02844891


[[1]]$bar.p
[[1]]$bar.p$est
  delta        mu      mu_1      mu_0 de se_1 se_0 oe te
1   0.5 0.4610278 0.2553972 0.6033203  0    0    0  0  0
2   1.0 0.3718665 0.2433827 0.5547017  0    0    0  0  0
3   2.0 0.2978808 0.2196108 0.5248616  0    0    0  0  0

[[1]]$bar.p$se
  delta          mu       mu_1       mu_0 de se_1 se_0 oe te
1   0.5 0.026355487 0.02132466 0.03142290  0    0    0  0  0
2   1.0 0.008747123 0.00943958 0.01333341  0    0    0  0  0
3   2.0 0.011973813 0.01113958 0.03098487  0    0    0  0  0



[1] "Total run time was 10674.823 seconds"
