WARNING: ignoring environment value of R_HOME

Attaching package: ‘dplyr’

The following objects are masked from ‘package:stats’:

    filter, lag

The following objects are masked from ‘package:base’:

    intersect, setdiff, setequal, union

Loading required package: splines
Loading required package: foreach
Loaded gam 1.20.2

Super Learner
Version: 2.0-28
Package created on 2021-05-04

Loading required package: lattice
Loading required package: ggplot2
Loading required package: Matrix
Loaded glmnet 4.1-7
Loading required package: Formula
Loading required package: plotmo
Loading required package: plotrix
Loading required package: TeachingDemos
Loaded gbm 2.1.8.1

Attaching package: ‘xgboost’

The following object is masked from ‘package:dplyr’:

    slice

[1] "[Simulation setting]"
[1] "m: 500"
[1] "deltas: 0.5, 1, 2"
[1] "alphas: 0.4251, 0.5948, 0.7448"
[1] "Sim.id 1"
[1] "Data generated"
[1] "Proposed & IPW estimators"
[1] "   Split: 1"
[1] "   Split: 2"
[1] "Barkley estimators"
[1] "I. Estimate GLMER model"
[1] "IB. get MCFP vecs"
[1] "II. Estimate CFBI"
[1] "II. solving for alpha_num 1 of 3 ; alpha= 0.425133170705204"
[1] "elapsed: 6.77 minutes as of 2023-05-08 19:43:33"
[1] "II. solving for alpha_num 2 of 3 ; alpha= 0.594849404255532"
[1] "elapsed: 6.73 minutes as of 2023-05-08 19:50:17"
[1] "II. solving for alpha_num 3 of 3 ; alpha= 0.744822889124285"
[1] "elapsed: 8.48 minutes as of 2023-05-08 19:58:46"
[1] "III. Estimate MCFP"
[1] "III. alpha num 1 of 3"
[1] "elapsed: 0.67 minutes as of 2023-05-08 19:59:26"
[1] "III. alpha num 2 of 3"
[1] "elapsed: 1.36 minutes as of 2023-05-08 20:00:07"
[1] "III. alpha num 3 of 3"
[1] "elapsed: 2.03 minutes as of 2023-05-08 20:00:48"
[1] "IV. Target estimates"
[1] "Beginning variance calculations. This may take some time."
[1] "V. Variance estimates"
[1] ":model stuff:"
[1] "elapsed: 2.05 minutes as of 2023-05-08 20:02:56"
[1] ":CFBI EstFun:"
[1] "elapsed: 0 minutes as of 2023-05-08 20:02:56"
[1] ":CFBI alpha_num 1 of 3"
[1] "elapsed: 5.92 minutes as of 2023-05-08 20:08:51"
[1] ":CFBI alpha_num 2 of 3"
[1] "elapsed: 11.87 minutes as of 2023-05-08 20:14:48"
[1] ":CFBI alpha_num 3 of 3"
[1] ":MCFP EstFun:"
[1] "elapsed: 17.81 minutes as of 2023-05-08 20:20:45"
[1] ":MCFP alpha_num 1 of 3"
[1] "elapsed: 22.55 minutes as of 2023-05-08 20:25:29"
[1] ":MCFP alpha_num 2 of 3"
[1] "elapsed: 27.33 minutes as of 2023-05-08 20:30:16"
[1] ":MCFP alpha_num 3 of 3"
[1] "elapsed: 34.15 minutes as of 2023-05-08 20:35:02"
[1] ":target ests:"
[1] "elapsed: 0 minutes as of 2023-05-08 20:35:02"
[1] "Var_row_num 1 of 9"
[1] "elapsed: 12.55 minutes as of 2023-05-08 20:47:35"
[1] "elapsed: 0 minutes as of 2023-05-08 20:47:35"
[1] "elapsed: 0 minutes as of 2023-05-08 20:47:35"
[1] "Var_row_num 2 of 9"
[1] "elapsed: 12.8 minutes as of 2023-05-08 21:00:24"
[1] "elapsed: 0 minutes as of 2023-05-08 21:00:24"
[1] "elapsed: 0 minutes as of 2023-05-08 21:00:24"
[1] "Var_row_num 3 of 9"
[1] "elapsed: 12.2 minutes as of 2023-05-08 21:12:36"
[1] "elapsed: 0 minutes as of 2023-05-08 21:12:36"
[1] "elapsed: 0 minutes as of 2023-05-08 21:12:36"
[1] "Var_row_num 4 of 9"
[1] "elapsed: 11.67 minutes as of 2023-05-08 21:24:16"
[1] "elapsed: 0 minutes as of 2023-05-08 21:24:16"
[1] "elapsed: 0 minutes as of 2023-05-08 21:24:16"
[1] "Var_row_num 5 of 9"
[1] "elapsed: 10.61 minutes as of 2023-05-08 21:34:53"
[1] "elapsed: 0 minutes as of 2023-05-08 21:34:53"
[1] "elapsed: 0 minutes as of 2023-05-08 21:34:53"
[1] "Var_row_num 6 of 9"
[1] "elapsed: 10.18 minutes as of 2023-05-08 21:45:04"
[1] "elapsed: 0 minutes as of 2023-05-08 21:45:04"
[1] "elapsed: 0 minutes as of 2023-05-08 21:45:04"
[1] "Var_row_num 7 of 9"
[1] "elapsed: 10.02 minutes as of 2023-05-08 21:55:05"
[1] "elapsed: 0 minutes as of 2023-05-08 21:55:05"
[1] "elapsed: 0 minutes as of 2023-05-08 21:55:05"
[1] "Var_row_num 8 of 9"
[1] "elapsed: 9.9 minutes as of 2023-05-08 22:04:59"
[1] "elapsed: 0 minutes as of 2023-05-08 22:04:59"
[1] "elapsed: 0 minutes as of 2023-05-08 22:04:59"
[1] "Var_row_num 9 of 9"
[1] "elapsed: 10.12 minutes as of 2023-05-08 22:15:06"
[1] "elapsed: 0 minutes as of 2023-05-08 22:15:06"
[1] "Done with all variance calculations"
[1] "Estimates and SE estimates computed"
[1] ""
[[1]]
[[1]]$pro.p
[[1]]$pro.p$est
  delta        mu      mu_1      mu_0         de       se_1        se_0
1   0.5 0.4430425 0.2376039 0.5958010 -0.3581971 0.01187646  0.03689582
2   1.0 0.3594504 0.2257274 0.5589052 -0.3331777 0.00000000  0.00000000
3   2.0 0.3096492 0.2363832 0.5250111 -0.2886279 0.01065573 -0.03389408
           oe         te
1  0.08359211 -0.3213013
2  0.00000000 -0.3331777
3 -0.04980122 -0.3225220

[[1]]$pro.p$se
  delta         mu        mu_1       mu_0         de       se_1       se_0
1   0.5 0.01889421 0.016727687 0.02549887 0.02629361 0.01396613 0.02052252
2   1.0 0.01163328 0.009975112 0.01602704 0.01397325 0.00000000 0.00000000
3   2.0 0.02975400 0.031272804 0.02683464 0.02506531 0.02866040 0.02199083
          oe         te
1 0.01530232 0.01985831
2 0.00000000 0.01397325
3 0.02748380 0.03348606


[[1]]$pro.np
[[1]]$pro.np$est
  delta        mu      mu_1      mu_0         de        se_1        se_0
1   0.5 0.4323273 0.2520629 0.5620501 -0.3099872 0.012900342  0.03708814
2   1.0 0.3570374 0.2391626 0.5249619 -0.2857994 0.000000000  0.00000000
3   2.0 0.3089892 0.2405111 0.4961978 -0.2556866 0.001348552 -0.02876416
           oe         te
1  0.07528986 -0.2728990
2  0.00000000 -0.2857994
3 -0.04804823 -0.2844508

[[1]]$pro.np$se
  delta         mu       mu_1       mu_0         de       se_1       se_0
1   0.5 0.01574121 0.01414660 0.02083888 0.02153443 0.01092704 0.01633507
2   1.0 0.01194627 0.01043962 0.01535495 0.01254483 0.00000000 0.00000000
3   2.0 0.02558598 0.02659478 0.02453886 0.02234569 0.02334229 0.01885581
          oe         te
1 0.01217115 0.01702194
2 0.00000000 0.01254483
3 0.02222690 0.02759566


[[1]]$ipw.p
[[1]]$ipw.p$est
  delta        mu      mu_1      mu_0         de        se_1        se_0
1   0.5 0.4542949 0.2400634 0.6176886 -0.3776251  0.01260842  0.04884303
2   1.0 0.3635314 0.2274550 0.5688455 -0.3413905  0.00000000  0.00000000
3   2.0 0.2866663 0.2074628 0.5243888 -0.3169260 -0.01999221 -0.04445674
           oe         te
1  0.09076341 -0.3287821
2  0.00000000 -0.3413905
3 -0.07686518 -0.3613828

[[1]]$ipw.p$se
  delta         mu        mu_1       mu_0         de       se_1       se_0
1   0.5 0.04598657 0.017509095 0.07555126 0.07184858 0.01632953 0.06879885
2   1.0 0.00928007 0.008995114 0.01721317 0.01860496 0.00000000 0.00000000
3   2.0 0.01719379 0.018172315 0.02301008 0.02130949 0.01503428 0.02813505
          oe         te
1 0.04331904 0.01809776
2 0.00000000 0.01860496
3 0.01794900 0.02811497


[[1]]$ipw.np
[[1]]$ipw.np$est
  delta        mu      mu_1      mu_0         de        se_1        se_0
1   0.5 0.4527098 0.2491070 0.6014489 -0.3523419  0.01399001  0.05317003
2   1.0 0.3635314 0.2351170 0.5482789 -0.3131619  0.00000000  0.00000000
3   2.0 0.2910278 0.2167522 0.5023511 -0.2855989 -0.01836482 -0.04592778
           oe         te
1  0.08917833 -0.2991719
2  0.00000000 -0.3131619
3 -0.07250365 -0.3315267

[[1]]$ipw.np$se
  delta         mu        mu_1       mu_0         de       se_1       se_0
1   0.5 0.04642257 0.018221117 0.07462385 0.07076654 0.01712167 0.06825084
2   1.0 0.00928007 0.009334763 0.01672544 0.01830613 0.00000000 0.00000000
3   2.0 0.01809413 0.019807900 0.02233405 0.02139343 0.01655272 0.02719352
          oe         te
1 0.04387592 0.01826981
2 0.00000000 0.01830613
3 0.01867715 0.02893942


[[1]]$bar.p
[[1]]$bar.p$est
  delta        mu      mu_1      mu_0 de se_1 se_0 oe te
1   0.5 0.4614111 0.2464906 0.6066437  0    0    0  0  0
2   1.0 0.3685372 0.2331721 0.5460077  0    0    0  0  0
3   2.0 0.2750279 0.1994060 0.4561525  0    0    0  0  0

[[1]]$bar.p$se
  delta          mu        mu_1       mu_0 de se_1 se_0 oe te
1   0.5 0.027810517 0.021733240 0.03280473  0    0    0  0  0
2   1.0 0.008675907 0.009330056 0.01295676  0    0    0  0  0
3   2.0 0.010612645 0.010843446 0.02578570  0    0    0  0  0



[1] "Total run time was 9943.763 seconds"
