WARNING: ignoring environment value of R_HOME

Attaching package: ‘dplyr’

The following objects are masked from ‘package:stats’:

    filter, lag

The following objects are masked from ‘package:base’:

    intersect, setdiff, setequal, union

Loading required package: splines
Loading required package: foreach
Loaded gam 1.20.2

Super Learner
Version: 2.0-28
Package created on 2021-05-04

Loading required package: lattice
Loading required package: ggplot2
Loading required package: Matrix
Loaded glmnet 4.1-7
Loading required package: Formula
Loading required package: plotmo
Loading required package: plotrix
Loading required package: TeachingDemos
Loaded gbm 2.1.8.1

Attaching package: ‘xgboost’

The following object is masked from ‘package:dplyr’:

    slice

[1] "[Simulation setting]"
[1] "m: 500"
[1] "deltas: 0.5, 1, 2"
[1] "alphas: 0.4251, 0.5948, 0.7448"
[1] "Sim.id 1"
[1] "Data generated"
[1] "Proposed & IPW estimators"
[1] "   Split: 1"
[1] "   Split: 2"
[1] "Barkley estimators"
[1] "I. Estimate GLMER model"
[1] "IB. get MCFP vecs"
[1] "II. Estimate CFBI"
[1] "II. solving for alpha_num 1 of 3 ; alpha= 0.425133170705204"
[1] "elapsed: 6.64 minutes as of 2023-05-08 19:11:06"
[1] "II. solving for alpha_num 2 of 3 ; alpha= 0.594849404255532"
[1] "elapsed: 6.67 minutes as of 2023-05-08 19:17:46"
[1] "II. solving for alpha_num 3 of 3 ; alpha= 0.744822889124285"
[1] "elapsed: 7.92 minutes as of 2023-05-08 19:25:41"
[1] "III. Estimate MCFP"
[1] "III. alpha num 1 of 3"
[1] "elapsed: 0.61 minutes as of 2023-05-08 19:26:18"
[1] "III. alpha num 2 of 3"
[1] "elapsed: 1.23 minutes as of 2023-05-08 19:26:55"
[1] "III. alpha num 3 of 3"
[1] "elapsed: 1.84 minutes as of 2023-05-08 19:27:31"
[1] "IV. Target estimates"
[1] "Beginning variance calculations. This may take some time."
[1] "V. Variance estimates"
[1] ":model stuff:"
[1] "elapsed: 1.94 minutes as of 2023-05-08 19:29:32"
[1] ":CFBI EstFun:"
[1] "elapsed: 0 minutes as of 2023-05-08 19:29:32"
[1] ":CFBI alpha_num 1 of 3"
[1] "elapsed: 5.94 minutes as of 2023-05-08 19:35:28"
[1] ":CFBI alpha_num 2 of 3"
[1] "elapsed: 11.94 minutes as of 2023-05-08 19:41:29"
[1] ":CFBI alpha_num 3 of 3"
[1] ":MCFP EstFun:"
[1] "elapsed: 17.77 minutes as of 2023-05-08 19:47:18"
[1] ":MCFP alpha_num 1 of 3"
[1] "elapsed: 21.18 minutes as of 2023-05-08 19:50:43"
[1] ":MCFP alpha_num 2 of 3"
[1] "elapsed: 25.27 minutes as of 2023-05-08 19:54:48"
[1] ":MCFP alpha_num 3 of 3"
[1] "elapsed: 31.19 minutes as of 2023-05-08 19:58:47"
[1] ":target ests:"
[1] "elapsed: 0 minutes as of 2023-05-08 19:58:47"
[1] "Var_row_num 1 of 9"
[1] "elapsed: 10.34 minutes as of 2023-05-08 20:09:08"
[1] "elapsed: 0 minutes as of 2023-05-08 20:09:08"
[1] "elapsed: 0 minutes as of 2023-05-08 20:09:08"
[1] "Var_row_num 2 of 9"
[1] "elapsed: 10.31 minutes as of 2023-05-08 20:19:27"
[1] "elapsed: 0 minutes as of 2023-05-08 20:19:27"
[1] "elapsed: 0 minutes as of 2023-05-08 20:19:27"
[1] "Var_row_num 3 of 9"
[1] "elapsed: 10.28 minutes as of 2023-05-08 20:29:44"
[1] "elapsed: 0 minutes as of 2023-05-08 20:29:44"
[1] "elapsed: 0 minutes as of 2023-05-08 20:29:44"
[1] "Var_row_num 4 of 9"
[1] "elapsed: 10.23 minutes as of 2023-05-08 20:39:57"
[1] "elapsed: 0 minutes as of 2023-05-08 20:39:57"
[1] "elapsed: 0 minutes as of 2023-05-08 20:39:57"
[1] "Var_row_num 5 of 9"
[1] "elapsed: 9.9 minutes as of 2023-05-08 20:49:52"
[1] "elapsed: 0 minutes as of 2023-05-08 20:49:52"
[1] "elapsed: 0 minutes as of 2023-05-08 20:49:52"
[1] "Var_row_num 6 of 9"
[1] "elapsed: 10.46 minutes as of 2023-05-08 21:00:19"
[1] "elapsed: 0 minutes as of 2023-05-08 21:00:19"
[1] "elapsed: 0 minutes as of 2023-05-08 21:00:19"
[1] "Var_row_num 7 of 9"
[1] "elapsed: 10.74 minutes as of 2023-05-08 21:11:04"
[1] "elapsed: 0 minutes as of 2023-05-08 21:11:04"
[1] "elapsed: 0 minutes as of 2023-05-08 21:11:04"
[1] "Var_row_num 8 of 9"
[1] "elapsed: 12.8 minutes as of 2023-05-08 21:23:52"
[1] "elapsed: 0 minutes as of 2023-05-08 21:23:52"
[1] "elapsed: 0 minutes as of 2023-05-08 21:23:52"
[1] "Var_row_num 9 of 9"
[1] "elapsed: 12.57 minutes as of 2023-05-08 21:36:27"
[1] "elapsed: 0 minutes as of 2023-05-08 21:36:27"
[1] "Done with all variance calculations"
[1] "Estimates and SE estimates computed"
[1] ""
[[1]]
[[1]]$pro.p
[[1]]$pro.p$est
  delta        mu      mu_1      mu_0         de        se_1        se_0
1   0.5 0.4502021 0.2591879 0.5821552 -0.3229672  0.01805077  0.01421019
2   1.0 0.3774803 0.2411372 0.5679450 -0.3268078  0.00000000  0.00000000
3   2.0 0.3069191 0.2207910 0.5501894 -0.3293984 -0.02034613 -0.01775558
           oe         te
1  0.07272173 -0.3087570
2  0.00000000 -0.3268078
3 -0.07056127 -0.3471539

[[1]]$pro.p$se
  delta         mu        mu_1       mu_0         de       se_1       se_0
1   0.5 0.01781827 0.020247200 0.02043230 0.02222379 0.01791514 0.01592325
2   1.0 0.01086241 0.009875799 0.01496638 0.01390887 0.00000000 0.00000000
3   2.0 0.02051752 0.019875557 0.02648659 0.02271429 0.01613612 0.02160017
          oe         te
1 0.01462952 0.02215568
2 0.00000000 0.01390887
3 0.01692674 0.02225992


[[1]]$pro.np
[[1]]$pro.np$est
  delta        mu      mu_1      mu_0         de        se_1        se_0
1   0.5 0.4508848 0.2728577 0.5681829 -0.2953252  0.02209696  0.02436661
2   1.0 0.3765657 0.2507607 0.5438163 -0.2930556  0.00000000  0.00000000
3   2.0 0.3170111 0.2405204 0.5234161 -0.2828957 -0.01024031 -0.02040018
           oe         te
1  0.07431901 -0.2709586
2  0.00000000 -0.2930556
3 -0.05955468 -0.3032959

[[1]]$pro.np$se
  delta         mu       mu_1       mu_0         de       se_1       se_0
1   0.5 0.01538408 0.01704754 0.01822079 0.02032220 0.01471329 0.01398817
2   1.0 0.01136473 0.01031317 0.01476096 0.01269173 0.00000000 0.00000000
3   2.0 0.02011116 0.01966050 0.02548618 0.02230910 0.01522317 0.02006465
          oe         te
1 0.01215306 0.01912246
2 0.00000000 0.01269173
3 0.01565958 0.02067637


[[1]]$ipw.p
[[1]]$ipw.p$est
  delta        mu      mu_1      mu_0         de        se_1        se_0
1   0.5 0.4061448 0.2514432 0.5148734 -0.2634302  0.01100977 -0.05086194
2   1.0 0.3758897 0.2404334 0.5657353 -0.3253019  0.00000000  0.00000000
3   2.0 0.2949909 0.2088368 0.5369812 -0.3281443 -0.03159661 -0.02875414
           oe         te
1  0.03025506 -0.3142921
2  0.00000000 -0.3253019
3 -0.08089881 -0.3568985

[[1]]$ipw.p$se
  delta          mu        mu_1       mu_0         de       se_1       se_0
1   0.5 0.038396451 0.024865663 0.05142698 0.03731693 0.02396457 0.04606581
2   1.0 0.008963088 0.009222177 0.01544519 0.01706972 0.00000000 0.00000000
3   2.0 0.016685372 0.017561245 0.02558880 0.02495779 0.01498382 0.02897630
          oe         te
1 0.03632182 0.02462087
2 0.00000000 0.01706972
3 0.01770897 0.02667045


[[1]]$ipw.np
[[1]]$ipw.np$est
  delta        mu      mu_1      mu_0         de        se_1        se_0
1   0.5 0.3990577 0.2571695 0.4953676 -0.2381981  0.01011491 -0.05384280
2   1.0 0.3758897 0.2470546 0.5492104 -0.3021558  0.00000000  0.00000000
3   2.0 0.2958151 0.2131628 0.5176344 -0.3044715 -0.03389181 -0.03157604
           oe         te
1  0.02316798 -0.2920409
2  0.00000000 -0.3021558
3 -0.08007464 -0.3360476

[[1]]$ipw.np$se
  delta          mu        mu_1       mu_0         de       se_1       se_0
1   0.5 0.037525545 0.025788996 0.04905403 0.03444909 0.02491301 0.04385864
2   1.0 0.008963088 0.009468182 0.01509401 0.01685062 0.00000000 0.00000000
3   2.0 0.016860387 0.018144608 0.02450927 0.02438496 0.01543928 0.02763561
          oe         te
1 0.03549831 0.02542885
2 0.00000000 0.01685062
3 0.01774213 0.02677909


[[1]]$bar.p
[[1]]$bar.p$est
  delta        mu      mu_1      mu_0 de se_1 se_0 oe te
1   0.5 0.4167290 0.2491379 0.5489233  0    0    0  0  0
2   1.0 0.3722159 0.2431791 0.5506511  0    0    0  0  0
3   2.0 0.2840499 0.2052573 0.4651810  0    0    0  0  0

[[1]]$bar.p$se
  delta          mu        mu_1       mu_0 de se_1 se_0 oe te
1   0.5 0.018118038 0.023893951 0.01880022  0    0    0  0  0
2   1.0 0.008434279 0.009318086 0.01332628  0    0    0  0  0
3   2.0 0.011335137 0.011180826 0.03009412  0    0    0  0  0



[1] "Total run time was 9486.426 seconds"
