WARNING: ignoring environment value of R_HOME

Attaching package: ‘dplyr’

The following objects are masked from ‘package:stats’:

    filter, lag

The following objects are masked from ‘package:base’:

    intersect, setdiff, setequal, union

Loading required package: splines
Loading required package: foreach
Loaded gam 1.20.2

Super Learner
Version: 2.0-28
Package created on 2021-05-04

Loading required package: lattice
Loading required package: ggplot2
Loading required package: Matrix
Loaded glmnet 4.1-7
Loading required package: Formula
Loading required package: plotmo
Loading required package: plotrix
Loading required package: TeachingDemos
Loaded gbm 2.1.8.1

Attaching package: ‘xgboost’

The following object is masked from ‘package:dplyr’:

    slice

[1] "[Simulation setting]"
[1] "m: 500"
[1] "deltas: 0.5, 1, 2"
[1] "alphas: 0.4251, 0.5948, 0.7448"
[1] "Sim.id 1"
[1] "Data generated"
[1] "Proposed & IPW estimators"
[1] "   Split: 1"
[1] "   Split: 2"
[1] "Barkley estimators"
[1] "I. Estimate GLMER model"
boundary (singular) fit: see help('isSingular')
[1] "IB. get MCFP vecs"
[1] "II. Estimate CFBI"
[1] "II. solving for alpha_num 1 of 3 ; alpha= 0.425133170705204"
[1] "elapsed: 7.37 minutes as of 2023-05-08 20:28:23"
[1] "II. solving for alpha_num 2 of 3 ; alpha= 0.594849404255532"
[1] "elapsed: 7.92 minutes as of 2023-05-08 20:36:19"
[1] "II. solving for alpha_num 3 of 3 ; alpha= 0.744822889124285"
[1] "elapsed: 6.85 minutes as of 2023-05-08 20:43:10"
[1] "III. Estimate MCFP"
[1] "III. alpha num 1 of 3"
[1] "elapsed: 0.7 minutes as of 2023-05-08 20:43:52"
[1] "III. alpha num 2 of 3"
[1] "elapsed: 1.4 minutes as of 2023-05-08 20:44:34"
[1] "III. alpha num 3 of 3"
[1] "elapsed: 2.1 minutes as of 2023-05-08 20:45:16"
[1] "IV. Target estimates"
[1] "Beginning variance calculations. This may take some time."
[1] "V. Variance estimates"
[1] ":model stuff:"
[1] "elapsed: 2.18 minutes as of 2023-05-08 20:47:32"
[1] ":CFBI EstFun:"
[1] "elapsed: 0 minutes as of 2023-05-08 20:47:32"
[1] ":CFBI alpha_num 1 of 3"
[1] "elapsed: 5.93 minutes as of 2023-05-08 20:53:28"
[1] ":CFBI alpha_num 2 of 3"
[1] "elapsed: 11.84 minutes as of 2023-05-08 20:59:23"
[1] ":CFBI alpha_num 3 of 3"
[1] ":MCFP EstFun:"
[1] "elapsed: 17.78 minutes as of 2023-05-08 21:05:19"
[1] ":MCFP alpha_num 1 of 3"
[1] "elapsed: 22.62 minutes as of 2023-05-08 21:10:10"
[1] ":MCFP alpha_num 2 of 3"
[1] "elapsed: 27.42 minutes as of 2023-05-08 21:14:58"
[1] ":MCFP alpha_num 3 of 3"
[1] "elapsed: 34.36 minutes as of 2023-05-08 21:19:43"
[1] ":target ests:"
[1] "elapsed: 0 minutes as of 2023-05-08 21:19:43"
[1] "Var_row_num 1 of 9"
[1] "elapsed: 11.33 minutes as of 2023-05-08 21:31:03"
[1] "elapsed: 0 minutes as of 2023-05-08 21:31:03"
[1] "elapsed: 0 minutes as of 2023-05-08 21:31:03"
[1] "Var_row_num 2 of 9"
[1] "elapsed: 11.41 minutes as of 2023-05-08 21:42:27"
[1] "elapsed: 0 minutes as of 2023-05-08 21:42:28"
[1] "elapsed: 0 minutes as of 2023-05-08 21:42:28"
[1] "Var_row_num 3 of 9"
[1] "elapsed: 11.27 minutes as of 2023-05-08 21:53:44"
[1] "elapsed: 0 minutes as of 2023-05-08 21:53:44"
[1] "elapsed: 0 minutes as of 2023-05-08 21:53:44"
[1] "Var_row_num 4 of 9"
[1] "elapsed: 11.41 minutes as of 2023-05-08 22:05:09"
[1] "elapsed: 0 minutes as of 2023-05-08 22:05:09"
[1] "elapsed: 0 minutes as of 2023-05-08 22:05:09"
[1] "Var_row_num 5 of 9"
[1] "elapsed: 11.59 minutes as of 2023-05-08 22:16:44"
[1] "elapsed: 0 minutes as of 2023-05-08 22:16:44"
[1] "elapsed: 0 minutes as of 2023-05-08 22:16:44"
[1] "Var_row_num 6 of 9"
[1] "elapsed: 11.19 minutes as of 2023-05-08 22:27:56"
[1] "elapsed: 0 minutes as of 2023-05-08 22:27:56"
[1] "elapsed: 0 minutes as of 2023-05-08 22:27:56"
[1] "Var_row_num 7 of 9"
[1] "elapsed: 11.01 minutes as of 2023-05-08 22:38:56"
[1] "elapsed: 0 minutes as of 2023-05-08 22:38:56"
[1] "elapsed: 0 minutes as of 2023-05-08 22:38:56"
[1] "Var_row_num 8 of 9"
[1] "elapsed: 11.19 minutes as of 2023-05-08 22:50:07"
[1] "elapsed: 0 minutes as of 2023-05-08 22:50:07"
[1] "elapsed: 0 minutes as of 2023-05-08 22:50:07"
[1] "Var_row_num 9 of 9"
[1] "elapsed: 11.11 minutes as of 2023-05-08 23:01:14"
[1] "elapsed: 0 minutes as of 2023-05-08 23:01:14"
[1] "Done with all variance calculations"
[1] "Estimates and SE estimates computed"
[1] ""
[[1]]
[[1]]$pro.p
[[1]]$pro.p$est
  delta        mu      mu_1      mu_0         de       se_1        se_0
1   0.5 0.4552026 0.2620369 0.5970645 -0.3350275 0.01492770  0.02875823
2   1.0 0.3783955 0.2471092 0.5683062 -0.3211970 0.00000000  0.00000000
3   2.0 0.3547807 0.2790791 0.5573062 -0.2782271 0.03196994 -0.01100002
           oe         te
1  0.07680705 -0.3062693
2  0.00000000 -0.3211970
3 -0.02361480 -0.2892271

[[1]]$pro.p$se
  delta         mu       mu_1       mu_0         de       se_1       se_0
1   0.5 0.01545241 0.01449899 0.01995885 0.02004226 0.01229117 0.01589863
2   1.0 0.01215752 0.01118804 0.01575857 0.01371984 0.00000000 0.00000000
3   2.0 0.03207487 0.03419538 0.02559506 0.02777724 0.03101045 0.02072473
          oe         te
1 0.01260689 0.01702786
2 0.00000000 0.01371984
3 0.02938039 0.03585595


[[1]]$pro.np
[[1]]$pro.np$est
  delta        mu      mu_1      mu_0         de       se_1         se_0
1   0.5 0.4424875 0.2746786 0.5608592 -0.2861806 0.01587307  0.021868312
2   1.0 0.3770860 0.2588055 0.5389909 -0.2801853 0.00000000  0.000000000
3   2.0 0.3708761 0.3060612 0.5318304 -0.2257692 0.04725564 -0.007160496
            oe         te
1  0.065401511 -0.2643123
2  0.000000000 -0.2801853
3 -0.006209919 -0.2329297

[[1]]$pro.np$se
  delta         mu       mu_1       mu_0         de       se_1       se_0
1   0.5 0.01468987 0.01312449 0.01819192 0.01612464 0.01036305 0.01426705
2   1.0 0.01253770 0.01168573 0.01551438 0.01272141 0.00000000 0.00000000
3   2.0 0.03831828 0.04245943 0.02542066 0.03397307 0.03883610 0.02070011
          oe         te
1 0.01171833 0.01453469
2 0.00000000 0.01272141
3 0.03540624 0.04352059


[[1]]$ipw.p
[[1]]$ipw.p$est
  delta        mu      mu_1      mu_0         de        se_1        se_0
1   0.5 0.4244250 0.2605119 0.5459649 -0.2854530 0.018088661 -0.02344048
2   1.0 0.3748830 0.2424232 0.5694054 -0.3269822 0.000000000  0.00000000
3   2.0 0.3184854 0.2469052 0.5287142 -0.2818090 0.004481993 -0.04069119
           oe         te
1  0.04954203 -0.3088935
2  0.00000000 -0.3269822
3 -0.05639757 -0.3225002

[[1]]$ipw.p$se
  delta          mu       mu_1      mu_0         de       se_1       se_0
1   0.5 0.043436067 0.01981567 0.0651279 0.05190253 0.01904278 0.05882816
2   1.0 0.009421989 0.00967448 0.0165029 0.01790507 0.00000000 0.00000000
3   2.0 0.031950262 0.03997977 0.0252713 0.04239743 0.03801686 0.02918538
          oe         te
1 0.04088565 0.01837853
2 0.00000000 0.01790507
3 0.03235067 0.04595790


[[1]]$ipw.np
[[1]]$ipw.np$est
  delta        mu      mu_1      mu_0         de         se_1        se_0
1   0.5 0.4138694 0.2663498 0.5209695 -0.2546196  0.016187748 -0.02932136
2   1.0 0.3748830 0.2501621 0.5502909 -0.3001288  0.000000000  0.00000000
3   2.0 0.3171092 0.2483623 0.5100470 -0.2616846 -0.001799756 -0.04024390
           oe         te
1  0.03898642 -0.2839410
2  0.00000000 -0.3001288
3 -0.05777385 -0.3019285

[[1]]$ipw.np$se
  delta          mu        mu_1       mu_0         de       se_1       se_0
1   0.5 0.040598946 0.019815723 0.05975663 0.04682507 0.01906683 0.05355708
2   1.0 0.009421989 0.009983728 0.01602230 0.01763413 0.00000000 0.00000000
3   2.0 0.028326341 0.035318396 0.02484082 0.03717590 0.03291185 0.02849961
          oe         te
1 0.03807796 0.01816126
2 0.00000000 0.01763413
3 0.02862617 0.04155838


[[1]]$bar.p
[[1]]$bar.p$est
  delta        mu      mu_1      mu_0 de se_1 se_0 oe te
1   0.5 0.4153534 0.2463396 0.5478288  0    0    0  0  0
2   1.0 0.3751654 0.2484635 0.5500401  0    0    0  0  0
3   2.0 0.3243884 0.2483503 0.4712457  0    0    0  0  0

[[1]]$bar.p$se
  delta          mu        mu_1       mu_0 de se_1 se_0 oe te
1   0.5 0.035548488 0.021166264 0.04294210  0    0    0  0  0
2   1.0 0.009116266 0.009844219 0.01340598  0    0    0  0  0
3   2.0 0.030422444 0.030755468 0.03107836  0    0    0  0  0



[1] "Total run time was 10061.418 seconds"
