WARNING: ignoring environment value of R_HOME

Attaching package: ‘dplyr’

The following objects are masked from ‘package:stats’:

    filter, lag

The following objects are masked from ‘package:base’:

    intersect, setdiff, setequal, union

Loading required package: splines
Loading required package: foreach
Loaded gam 1.20.2

Super Learner
Version: 2.0-28
Package created on 2021-05-04

Loading required package: lattice
Loading required package: ggplot2
Loading required package: Matrix
Loaded glmnet 4.1-7
Loading required package: Formula
Loading required package: plotmo
Loading required package: plotrix
Loading required package: TeachingDemos
Loaded gbm 2.1.8.1

Attaching package: ‘xgboost’

The following object is masked from ‘package:dplyr’:

    slice

[1] "[Simulation setting]"
[1] "m: 500"
[1] "deltas: 0.5, 1, 2"
[1] "alphas: 0.4251, 0.5948, 0.7448"
[1] "Sim.id 1"
[1] "Data generated"
[1] "Proposed & IPW estimators"
[1] "   Split: 1"
[1] "   Split: 2"
[1] "Barkley estimators"
[1] "I. Estimate GLMER model"
[1] "IB. get MCFP vecs"
[1] "II. Estimate CFBI"
[1] "II. solving for alpha_num 1 of 3 ; alpha= 0.425133170705204"
[1] "elapsed: 6.6 minutes as of 2023-05-08 19:35:26"
[1] "II. solving for alpha_num 2 of 3 ; alpha= 0.594849404255532"
[1] "elapsed: 7.3 minutes as of 2023-05-08 19:42:44"
[1] "II. solving for alpha_num 3 of 3 ; alpha= 0.744822889124285"
[1] "elapsed: 6.54 minutes as of 2023-05-08 19:49:17"
[1] "III. Estimate MCFP"
[1] "III. alpha num 1 of 3"
[1] "elapsed: 0.65 minutes as of 2023-05-08 19:49:56"
[1] "III. alpha num 2 of 3"
[1] "elapsed: 1.3 minutes as of 2023-05-08 19:50:35"
[1] "III. alpha num 3 of 3"
[1] "elapsed: 1.96 minutes as of 2023-05-08 19:51:14"
[1] "IV. Target estimates"
[1] "Beginning variance calculations. This may take some time."
[1] "V. Variance estimates"
[1] ":model stuff:"
[1] "elapsed: 1.98 minutes as of 2023-05-08 19:53:18"
[1] ":CFBI EstFun:"
[1] "elapsed: 0 minutes as of 2023-05-08 19:53:18"
[1] ":CFBI alpha_num 1 of 3"
[1] "elapsed: 5.71 minutes as of 2023-05-08 19:59:01"
[1] ":CFBI alpha_num 2 of 3"
[1] "elapsed: 11.37 minutes as of 2023-05-08 20:04:40"
[1] ":CFBI alpha_num 3 of 3"
[1] ":MCFP EstFun:"
[1] "elapsed: 17.06 minutes as of 2023-05-08 20:10:22"
[1] ":MCFP alpha_num 1 of 3"
[1] "elapsed: 21.63 minutes as of 2023-05-08 20:14:56"
[1] ":MCFP alpha_num 2 of 3"
[1] "elapsed: 26.14 minutes as of 2023-05-08 20:19:26"
[1] ":MCFP alpha_num 3 of 3"
[1] "elapsed: 32.74 minutes as of 2023-05-08 20:24:04"
[1] ":target ests:"
[1] "elapsed: 0 minutes as of 2023-05-08 20:24:04"
[1] "Var_row_num 1 of 9"
[1] "elapsed: 11.63 minutes as of 2023-05-08 20:35:42"
[1] "elapsed: 0 minutes as of 2023-05-08 20:35:42"
[1] "elapsed: 0 minutes as of 2023-05-08 20:35:42"
[1] "Var_row_num 2 of 9"
[1] "elapsed: 11.52 minutes as of 2023-05-08 20:47:13"
[1] "elapsed: 0 minutes as of 2023-05-08 20:47:13"
[1] "elapsed: 0 minutes as of 2023-05-08 20:47:13"
[1] "Var_row_num 3 of 9"
[1] "elapsed: 11.4 minutes as of 2023-05-08 20:58:37"
[1] "elapsed: 0 minutes as of 2023-05-08 20:58:37"
[1] "elapsed: 0 minutes as of 2023-05-08 20:58:37"
[1] "Var_row_num 4 of 9"
[1] "elapsed: 11.41 minutes as of 2023-05-08 21:10:02"
[1] "elapsed: 0 minutes as of 2023-05-08 21:10:02"
[1] "elapsed: 0 minutes as of 2023-05-08 21:10:02"
[1] "Var_row_num 5 of 9"
[1] "elapsed: 10.92 minutes as of 2023-05-08 21:20:58"
[1] "elapsed: 0 minutes as of 2023-05-08 21:20:58"
[1] "elapsed: 0 minutes as of 2023-05-08 21:20:58"
[1] "Var_row_num 6 of 9"
[1] "elapsed: 8.94 minutes as of 2023-05-08 21:29:54"
[1] "elapsed: 0 minutes as of 2023-05-08 21:29:54"
[1] "elapsed: 0 minutes as of 2023-05-08 21:29:54"
[1] "Var_row_num 7 of 9"
[1] "elapsed: 10.62 minutes as of 2023-05-08 21:40:31"
[1] "elapsed: 0 minutes as of 2023-05-08 21:40:31"
[1] "elapsed: 0 minutes as of 2023-05-08 21:40:31"
[1] "Var_row_num 8 of 9"
[1] "elapsed: 13.21 minutes as of 2023-05-08 21:53:43"
[1] "elapsed: 0 minutes as of 2023-05-08 21:53:44"
[1] "elapsed: 0 minutes as of 2023-05-08 21:53:44"
[1] "Var_row_num 9 of 9"
[1] "elapsed: 13.4 minutes as of 2023-05-08 22:07:07"
[1] "elapsed: 0 minutes as of 2023-05-08 22:07:08"
[1] "Done with all variance calculations"
[1] "Estimates and SE estimates computed"
[1] ""
[[1]]
[[1]]$pro.p
[[1]]$pro.p$est
  delta        mu      mu_1      mu_0         de        se_1        se_0
1   0.5 0.4723059 0.2668148 0.6200495 -0.3532348  0.03937246  0.03435463
2   1.0 0.3755296 0.2274423 0.5856949 -0.3582526  0.00000000  0.00000000
3   2.0 0.2800649 0.1971537 0.5137813 -0.3166276 -0.03028861 -0.07191360
           oe         te
1  0.09677633 -0.3188801
2  0.00000000 -0.3582526
3 -0.09546472 -0.3885412

[[1]]$pro.p$se
  delta         mu       mu_1       mu_0         de       se_1       se_0
1   0.5 0.01637720 0.01599933 0.02206455 0.02414901 0.01356265 0.01740425
2   1.0 0.01170320 0.01036575 0.01543632 0.01382412 0.00000000 0.00000000
3   2.0 0.02111192 0.02305480 0.02430438 0.02965898 0.02070279 0.01966562
          oe         te
1 0.01334587 0.01977460
2 0.00000000 0.01382412
3 0.01855924 0.02585572


[[1]]$pro.np
[[1]]$pro.np$est
  delta        mu      mu_1      mu_0         de        se_1        se_0
1   0.5 0.4575957 0.2800285 0.5788576 -0.2988291  0.03836894  0.02033054
2   1.0 0.3779598 0.2416596 0.5585270 -0.3168675  0.00000000  0.00000000
3   2.0 0.2998291 0.2198825 0.5071084 -0.2872259 -0.02177703 -0.05141859
           oe         te
1  0.07963593 -0.2784985
2  0.00000000 -0.3168675
3 -0.07813071 -0.3386445

[[1]]$pro.np$se
  delta         mu       mu_1       mu_0         de       se_1       se_0
1   0.5 0.01579863 0.01586103 0.02028755 0.02219594 0.01286018 0.01599564
2   1.0 0.01180223 0.01067602 0.01450666 0.01212966 0.00000000 0.00000000
3   2.0 0.02441677 0.02825423 0.02231432 0.03087976 0.02592869 0.01826993
          oe         te
1 0.01236545 0.01815308
2 0.00000000 0.01212966
3 0.02191285 0.02967603


[[1]]$ipw.p
[[1]]$ipw.p$est
  delta        mu      mu_1      mu_0         de        se_1        se_0
1   0.5 0.4852804 0.2743678 0.6385389 -0.3641711  0.04603956  0.05996643
2   1.0 0.3722203 0.2283282 0.5785725 -0.3502443  0.00000000  0.00000000
3   2.0 0.2860212 0.1993157 0.5317592 -0.3324435 -0.02901251 -0.04681327
           oe         te
1  0.11306013 -0.3042047
2  0.00000000 -0.3502443
3 -0.08619908 -0.3792568

[[1]]$ipw.p$se
  delta          mu        mu_1       mu_0         de       se_1       se_0
1   0.5 0.050208892 0.020490544 0.07585491 0.06445028 0.01955075 0.06870651
2   1.0 0.009364226 0.009125693 0.01649018 0.01749621 0.00000000 0.00000000
3   2.0 0.020644231 0.024038861 0.02260689 0.02707771 0.02196040 0.02791804
          oe         te
1 0.04733396 0.01868065
2 0.00000000 0.01749621
3 0.02160575 0.03183949


[[1]]$ipw.np
[[1]]$ipw.np$est
  delta        mu      mu_1      mu_0         de        se_1        se_0
1   0.5 0.4746954 0.2803021 0.6098569 -0.3295548  0.04529965  0.05084371
2   1.0 0.3722203 0.2350025 0.5590132 -0.3240107  0.00000000  0.00000000
3   2.0 0.2859686 0.2014084 0.5136883 -0.3122798 -0.03359402 -0.04532489
           oe         te
1  0.10247505 -0.2787110
2  0.00000000 -0.3240107
3 -0.08625174 -0.3576047

[[1]]$ipw.np$se
  delta          mu        mu_1       mu_0         de       se_1       se_0
1   0.5 0.048143281 0.020955689 0.07128483 0.05977092 0.02005473 0.06430504
2   1.0 0.009364226 0.009395564 0.01598831 0.01715857 0.00000000 0.00000000
3   2.0 0.019106648 0.021873542 0.02195047 0.02416879 0.01946630 0.02690525
          oe         te
1 0.04528420 0.01893849
2 0.00000000 0.01715857
3 0.02000101 0.02972919


[[1]]$bar.p
[[1]]$bar.p$est
  delta        mu      mu_1      mu_0 de se_1 se_0 oe te
1   0.5 0.4623032 0.2881013 0.6001519  0    0    0  0  0
2   1.0 0.3671950 0.2363751 0.5563501  0    0    0  0  0
3   2.0 0.2738307 0.1938813 0.4695132  0    0    0  0  0

[[1]]$bar.p$se
  delta          mu        mu_1       mu_0 de se_1 se_0 oe te
1   0.5 0.022830008 0.028328256 0.02543102  0    0    0  0  0
2   1.0 0.008623814 0.009333363 0.01327401  0    0    0  0  0
3   2.0 0.013818246 0.015158700 0.02517354  0    0    0  0  0



[1] "Total run time was 9881.49 seconds"
