WARNING: ignoring environment value of R_HOME

Attaching package: ‘dplyr’

The following objects are masked from ‘package:stats’:

    filter, lag

The following objects are masked from ‘package:base’:

    intersect, setdiff, setequal, union

Loading required package: splines
Loading required package: foreach
Loaded gam 1.20.2

Super Learner
Version: 2.0-28
Package created on 2021-05-04

Loading required package: lattice
Loading required package: ggplot2
Loading required package: Matrix
Loaded glmnet 4.1-7
Loading required package: Formula
Loading required package: plotmo
Loading required package: plotrix
Loading required package: TeachingDemos
Loaded gbm 2.1.8.1

Attaching package: ‘xgboost’

The following object is masked from ‘package:dplyr’:

    slice

[1] "[Simulation setting]"
[1] "m: 500"
[1] "deltas: 0.5, 1, 2"
[1] "alphas: 0.4251, 0.5948, 0.7448"
[1] "Sim.id 1"
[1] "Data generated"
[1] "Proposed & IPW estimators"
[1] "   Split: 1"
[1] "   Split: 2"
[1] "Barkley estimators"
[1] "I. Estimate GLMER model"
[1] "IB. get MCFP vecs"
[1] "II. Estimate CFBI"
[1] "II. solving for alpha_num 1 of 3 ; alpha= 0.425133170705204"
[1] "elapsed: 4.42 minutes as of 2023-05-08 18:46:02"
[1] "II. solving for alpha_num 2 of 3 ; alpha= 0.594849404255532"
[1] "elapsed: 4.14 minutes as of 2023-05-08 18:50:10"
[1] "II. solving for alpha_num 3 of 3 ; alpha= 0.744822889124285"
[1] "elapsed: 4.99 minutes as of 2023-05-08 18:55:10"
[1] "III. Estimate MCFP"
[1] "III. alpha num 1 of 3"
[1] "elapsed: 0.4 minutes as of 2023-05-08 18:55:34"
[1] "III. alpha num 2 of 3"
[1] "elapsed: 0.78 minutes as of 2023-05-08 18:55:57"
[1] "III. alpha num 3 of 3"
[1] "elapsed: 1.18 minutes as of 2023-05-08 18:56:21"
[1] "IV. Target estimates"
[1] "Beginning variance calculations. This may take some time."
[1] "V. Variance estimates"
[1] ":model stuff:"
[1] "elapsed: 1.19 minutes as of 2023-05-08 18:57:35"
[1] ":CFBI EstFun:"
[1] "elapsed: 0 minutes as of 2023-05-08 18:57:35"
[1] ":CFBI alpha_num 1 of 3"
[1] "elapsed: 3.45 minutes as of 2023-05-08 19:01:02"
[1] ":CFBI alpha_num 2 of 3"
[1] "elapsed: 6.83 minutes as of 2023-05-08 19:04:24"
[1] ":CFBI alpha_num 3 of 3"
[1] ":MCFP EstFun:"
[1] "elapsed: 10.24 minutes as of 2023-05-08 19:07:49"
[1] ":MCFP alpha_num 1 of 3"
[1] "elapsed: 13.16 minutes as of 2023-05-08 19:10:44"
[1] ":MCFP alpha_num 2 of 3"
[1] "elapsed: 16.11 minutes as of 2023-05-08 19:13:41"
[1] ":MCFP alpha_num 3 of 3"
[1] "elapsed: 20.37 minutes as of 2023-05-08 19:16:46"
[1] ":target ests:"
[1] "elapsed: 0 minutes as of 2023-05-08 19:16:46"
[1] "Var_row_num 1 of 9"
[1] "elapsed: 11.76 minutes as of 2023-05-08 19:28:31"
[1] "elapsed: 0 minutes as of 2023-05-08 19:28:31"
[1] "elapsed: 0 minutes as of 2023-05-08 19:28:31"
[1] "Var_row_num 2 of 9"
[1] "elapsed: 12.58 minutes as of 2023-05-08 19:41:06"
[1] "elapsed: 0 minutes as of 2023-05-08 19:41:06"
[1] "elapsed: 0 minutes as of 2023-05-08 19:41:06"
[1] "Var_row_num 3 of 9"
[1] "elapsed: 12.69 minutes as of 2023-05-08 19:53:48"
[1] "elapsed: 0 minutes as of 2023-05-08 19:53:48"
[1] "elapsed: 0 minutes as of 2023-05-08 19:53:48"
[1] "Var_row_num 4 of 9"
[1] "elapsed: 12.62 minutes as of 2023-05-08 20:06:25"
[1] "elapsed: 0 minutes as of 2023-05-08 20:06:25"
[1] "elapsed: 0 minutes as of 2023-05-08 20:06:25"
[1] "Var_row_num 5 of 9"
[1] "elapsed: 12.63 minutes as of 2023-05-08 20:19:03"
[1] "elapsed: 0 minutes as of 2023-05-08 20:19:03"
[1] "elapsed: 0 minutes as of 2023-05-08 20:19:03"
[1] "Var_row_num 6 of 9"
[1] "elapsed: 12.08 minutes as of 2023-05-08 20:31:08"
[1] "elapsed: 0 minutes as of 2023-05-08 20:31:08"
[1] "elapsed: 0 minutes as of 2023-05-08 20:31:08"
[1] "Var_row_num 7 of 9"
[1] "elapsed: 10.71 minutes as of 2023-05-08 20:41:50"
[1] "elapsed: 0 minutes as of 2023-05-08 20:41:51"
[1] "elapsed: 0 minutes as of 2023-05-08 20:41:51"
[1] "Var_row_num 8 of 9"
[1] "elapsed: 8.78 minutes as of 2023-05-08 20:50:38"
[1] "elapsed: 0 minutes as of 2023-05-08 20:50:38"
[1] "elapsed: 0 minutes as of 2023-05-08 20:50:38"
[1] "Var_row_num 9 of 9"
[1] "elapsed: 8.11 minutes as of 2023-05-08 20:58:44"
[1] "elapsed: 0 minutes as of 2023-05-08 20:58:44"
[1] "Done with all variance calculations"
[1] "Estimates and SE estimates computed"
[1] ""
[[1]]
[[1]]$pro.p
[[1]]$pro.p$est
  delta        mu      mu_1      mu_0         de        se_1        se_0
1   0.5 0.4423026 0.2641811 0.5797599 -0.3155789  0.03765233  0.02173480
2   1.0 0.3571100 0.2265287 0.5580251 -0.3314964  0.00000000  0.00000000
3   2.0 0.2913019 0.2086356 0.5474264 -0.3387909 -0.01789315 -0.01059867
           oe         te
1  0.08519267 -0.2938441
2  0.00000000 -0.3314964
3 -0.06580807 -0.3493895

[[1]]$pro.p$se
  delta         mu       mu_1       mu_0         de       se_1       se_0
1   0.5 0.01638423 0.01369183 0.02106342 0.01903953 0.01053122 0.01582714
2   1.0 0.01154032 0.01033385 0.01569393 0.01391557 0.00000000 0.00000000
3   2.0 0.02357363 0.02477243 0.02524949 0.02385012 0.02140885 0.02026800
          oe         te
1 0.01262248 0.01644837
2 0.00000000 0.01391557
3 0.02033427 0.02648672


[[1]]$pro.np
[[1]]$pro.np$est
  delta        mu      mu_1      mu_0         de        se_1        se_0
1   0.5 0.4326012 0.2719208 0.5510273 -0.2791065  0.03794257  0.02183377
2   1.0 0.3530235 0.2339783 0.5291936 -0.2952153  0.00000000  0.00000000
3   2.0 0.2828453 0.2103551 0.5046018 -0.2942467 -0.02362322 -0.02459178
           oe         te
1  0.07957775 -0.2572727
2  0.00000000 -0.2952153
3 -0.07017820 -0.3188385

[[1]]$pro.np$se
  delta         mu       mu_1       mu_0         de       se_1       se_0
1   0.5 0.01523651 0.01363782 0.01905019 0.01717093 0.01017046 0.01410626
2   1.0 0.01169204 0.01076486 0.01493840 0.01228977 0.00000000 0.00000000
3   2.0 0.02220330 0.02292436 0.02390870 0.02213414 0.01893252 0.01901665
          oe         te
1 0.01136721 0.01510567
2 0.00000000 0.01228977
3 0.01842987 0.02372875


[[1]]$ipw.p
[[1]]$ipw.p$est
  delta        mu      mu_1      mu_0         de         se_1       se_0
1   0.5 0.4107280 0.2630216 0.5246235 -0.2616019  0.035627633 -0.0270796
2   1.0 0.3551715 0.2273940 0.5517031 -0.3243091  0.000000000  0.0000000
3   2.0 0.3092723 0.2238173 0.5718113 -0.3479940 -0.003576684  0.0201082
           oe         te
1  0.05555649 -0.2886815
2  0.00000000 -0.3243091
3 -0.04589923 -0.3278858

[[1]]$ipw.p$se
  delta          mu        mu_1       mu_0         de       se_1       se_0
1   0.5 0.033450565 0.019483314 0.04666391 0.03393993 0.01850035 0.03889925
2   1.0 0.009428598 0.009345614 0.01611027 0.01684965 0.00000000 0.00000000
3   2.0 0.032172485 0.033502859 0.03500979 0.02459923 0.03106682 0.03826638
          oe         te
1 0.03028248 0.01769448
2 0.00000000 0.01684965
3 0.03201720 0.03904806


[[1]]$ipw.np
[[1]]$ipw.np$est
  delta        mu      mu_1      mu_0         de        se_1        se_0
1   0.5 0.4111615 0.2739385 0.5167457 -0.2428072 0.038156900 -0.01701635
2   1.0 0.3551715 0.2357816 0.5337621 -0.2979804 0.000000000  0.00000000
3   2.0 0.3185358 0.2379951 0.5569048 -0.3189097 0.002213487  0.02314272
           oe         te
1  0.05599002 -0.2598235
2  0.00000000 -0.2979804
3 -0.03663571 -0.2957669

[[1]]$ipw.np$se
  delta          mu        mu_1       mu_0         de       se_1       se_0
1   0.5 0.033359666 0.020347335 0.04600868 0.03347009 0.01942446 0.03836672
2   1.0 0.009428598 0.009716755 0.01577717 0.01675254 0.00000000 0.00000000
3   2.0 0.034941468 0.037274560 0.03522993 0.02507850 0.03477835 0.03820736
          oe         te
1 0.03030694 0.01843552
2 0.00000000 0.01675254
3 0.03465598 0.04224482


[[1]]$bar.p
[[1]]$bar.p$est
  delta        mu      mu_1      mu_0 de se_1 se_0 oe te
1   0.5 0.4052507 0.2567985 0.5317282  0    0    0  0  0
2   1.0 0.3607768 0.2379894 0.5412861  0    0    0  0  0
3   2.0 0.2943669 0.2108945 0.5233591  0    0    0  0  0

[[1]]$bar.p$se
  delta         mu        mu_1       mu_0 de se_1 se_0 oe te
1   0.5 0.01821285 0.016107397 0.02167157  0    0    0  0  0
2   1.0 0.00889501 0.009569998 0.01320119  0    0    0  0  0
3   2.0 0.01799142 0.017254725 0.03432044  0    0    0  0  0



[1] "Total run time was 8439.843 seconds"
