WARNING: ignoring environment value of R_HOME

Attaching package: ‘dplyr’

The following objects are masked from ‘package:stats’:

    filter, lag

The following objects are masked from ‘package:base’:

    intersect, setdiff, setequal, union

Loading required package: splines
Loading required package: foreach
Loaded gam 1.20.2

Super Learner
Version: 2.0-28
Package created on 2021-05-04

Loading required package: lattice
Loading required package: ggplot2
Loading required package: Matrix
Loaded glmnet 4.1-7
Loading required package: Formula
Loading required package: plotmo
Loading required package: plotrix
Loading required package: TeachingDemos
Loaded gbm 2.1.8.1

Attaching package: ‘xgboost’

The following object is masked from ‘package:dplyr’:

    slice

[1] "[Simulation setting]"
[1] "m: 500"
[1] "deltas: 0.5, 1, 2"
[1] "alphas: 0.4251, 0.5948, 0.7448"
[1] "Sim.id 1"
[1] "Data generated"
[1] "Proposed & IPW estimators"
[1] "   Split: 1"
[1] "   Split: 2"
[1] "Barkley estimators"
[1] "I. Estimate GLMER model"
[1] "IB. get MCFP vecs"
[1] "II. Estimate CFBI"
[1] "II. solving for alpha_num 1 of 3 ; alpha= 0.425133170705204"
[1] "elapsed: 6.22 minutes as of 2023-05-08 19:07:53"
[1] "II. solving for alpha_num 2 of 3 ; alpha= 0.594849404255532"
[1] "elapsed: 6.93 minutes as of 2023-05-08 19:14:49"
[1] "II. solving for alpha_num 3 of 3 ; alpha= 0.744822889124285"
[1] "elapsed: 6.15 minutes as of 2023-05-08 19:20:58"
[1] "III. Estimate MCFP"
[1] "III. alpha num 1 of 3"
[1] "elapsed: 0.64 minutes as of 2023-05-08 19:21:36"
[1] "III. alpha num 2 of 3"
[1] "elapsed: 1.28 minutes as of 2023-05-08 19:22:15"
[1] "III. alpha num 3 of 3"
[1] "elapsed: 1.92 minutes as of 2023-05-08 19:22:53"
[1] "IV. Target estimates"
[1] "Beginning variance calculations. This may take some time."
[1] "V. Variance estimates"
[1] ":model stuff:"
[1] "elapsed: 1.89 minutes as of 2023-05-08 19:24:51"
[1] ":CFBI EstFun:"
[1] "elapsed: 0 minutes as of 2023-05-08 19:24:51"
[1] ":CFBI alpha_num 1 of 3"
[1] "elapsed: 5.39 minutes as of 2023-05-08 19:30:15"
[1] ":CFBI alpha_num 2 of 3"
[1] "elapsed: 10.77 minutes as of 2023-05-08 19:35:38"
[1] ":CFBI alpha_num 3 of 3"
[1] ":MCFP EstFun:"
[1] "elapsed: 16.16 minutes as of 2023-05-08 19:41:01"
[1] ":MCFP alpha_num 1 of 3"
[1] "elapsed: 20.65 minutes as of 2023-05-08 19:45:30"
[1] ":MCFP alpha_num 2 of 3"
[1] "elapsed: 25.15 minutes as of 2023-05-08 19:50:01"
[1] ":MCFP alpha_num 3 of 3"
[1] "elapsed: 31.51 minutes as of 2023-05-08 19:54:29"
[1] ":target ests:"
[1] "elapsed: 0 minutes as of 2023-05-08 19:54:29"
[1] "Var_row_num 1 of 9"
[1] "elapsed: 10.76 minutes as of 2023-05-08 20:05:14"
[1] "elapsed: 0 minutes as of 2023-05-08 20:05:14"
[1] "elapsed: 0 minutes as of 2023-05-08 20:05:14"
[1] "Var_row_num 2 of 9"
[1] "elapsed: 10.81 minutes as of 2023-05-08 20:16:03"
[1] "elapsed: 0 minutes as of 2023-05-08 20:16:03"
[1] "elapsed: 0 minutes as of 2023-05-08 20:16:03"
[1] "Var_row_num 3 of 9"
[1] "elapsed: 10.78 minutes as of 2023-05-08 20:26:50"
[1] "elapsed: 0 minutes as of 2023-05-08 20:26:50"
[1] "elapsed: 0 minutes as of 2023-05-08 20:26:50"
[1] "Var_row_num 4 of 9"
[1] "elapsed: 10.79 minutes as of 2023-05-08 20:37:38"
[1] "elapsed: 0 minutes as of 2023-05-08 20:37:38"
[1] "elapsed: 0 minutes as of 2023-05-08 20:37:38"
[1] "Var_row_num 5 of 9"
[1] "elapsed: 10.79 minutes as of 2023-05-08 20:48:25"
[1] "elapsed: 0 minutes as of 2023-05-08 20:48:25"
[1] "elapsed: 0 minutes as of 2023-05-08 20:48:25"
[1] "Var_row_num 6 of 9"
[1] "elapsed: 10.82 minutes as of 2023-05-08 20:59:14"
[1] "elapsed: 0 minutes as of 2023-05-08 20:59:14"
[1] "elapsed: 0 minutes as of 2023-05-08 20:59:14"
[1] "Var_row_num 7 of 9"
[1] "elapsed: 10.87 minutes as of 2023-05-08 21:10:07"
[1] "elapsed: 0 minutes as of 2023-05-08 21:10:07"
[1] "elapsed: 0 minutes as of 2023-05-08 21:10:07"
[1] "Var_row_num 8 of 9"
[1] "elapsed: 10.6 minutes as of 2023-05-08 21:20:43"
[1] "elapsed: 0 minutes as of 2023-05-08 21:20:43"
[1] "elapsed: 0 minutes as of 2023-05-08 21:20:43"
[1] "Var_row_num 9 of 9"
[1] "elapsed: 10.52 minutes as of 2023-05-08 21:31:14"
[1] "elapsed: 0 minutes as of 2023-05-08 21:31:15"
[1] "Done with all variance calculations"
[1] "Estimates and SE estimates computed"
[1] ""
[[1]]
[[1]]$pro.p
[[1]]$pro.p$est
  delta        mu      mu_1      mu_0         de        se_1        se_0
1   0.5 0.4453540 0.2600741 0.5797802 -0.3197062  0.03524179  0.03340571
2   1.0 0.3536592 0.2248323 0.5463745 -0.3215422  0.00000000  0.00000000
3   2.0 0.2641909 0.1915768 0.4909710 -0.2993942 -0.03325547 -0.05540352
           oe         te
1  0.09169483 -0.2863005
2  0.00000000 -0.3215422
3 -0.08946831 -0.3547977

[[1]]$pro.p$se
  delta         mu       mu_1       mu_0         de       se_1       se_0
1   0.5 0.02301365 0.01900265 0.04209967 0.05250904 0.01681720 0.03911631
2   1.0 0.01180262 0.01049922 0.01567645 0.01393935 0.00000000 0.00000000
3   2.0 0.02241774 0.02390058 0.02409288 0.02577735 0.02008137 0.01763361
          oe         te
1 0.02049985 0.02147888
2 0.00000000 0.01393935
3 0.01857277 0.02593425


[[1]]$pro.np
[[1]]$pro.np$est
  delta        mu      mu_1      mu_0         de        se_1        se_0
1   0.5 0.4403463 0.2584590 0.5639968 -0.3055378  0.03092256  0.03525374
2   1.0 0.3518288 0.2275364 0.5287430 -0.3012066  0.00000000  0.00000000
3   2.0 0.2713849 0.2036431 0.4745438 -0.2709007 -0.02389332 -0.05419921
           oe         te
1  0.08851749 -0.2702841
2  0.00000000 -0.3012066
3 -0.08044390 -0.3251000

[[1]]$pro.np$se
  delta         mu       mu_1       mu_0         de       se_1       se_0
1   0.5 0.01944634 0.01737140 0.03283617 0.04055394 0.01502943 0.02974543
2   1.0 0.01200107 0.01056386 0.01528806 0.01275302 0.00000000 0.00000000
3   2.0 0.02302594 0.02503953 0.02245829 0.02541864 0.02117882 0.01572539
          oe         te
1 0.01626427 0.01935353
2 0.00000000 0.01275302
3 0.01898156 0.02623114


[[1]]$ipw.p
[[1]]$ipw.p$est
  delta        mu      mu_1      mu_0         de        se_1       se_0
1   0.5 0.5246647 0.2746811 0.7108585 -0.4361774  0.04422714  0.1675992
2   1.0 0.3566009 0.2304540 0.5432593 -0.3128053  0.00000000  0.0000000
3   2.0 0.2940540 0.2134135 0.5326222 -0.3192086 -0.01704041 -0.0106371
           oe         te
1  0.16806383 -0.2685782
2  0.00000000 -0.3128053
3 -0.06254692 -0.3298457

[[1]]$ipw.p$se
  delta          mu        mu_1       mu_0         de       se_1      se_0
1   0.5 0.074844762 0.034287294 0.11225036 0.09418362 0.03406802 0.1058921
2   1.0 0.009300833 0.009387029 0.01670626 0.01830960 0.00000000 0.0000000
3   2.0 0.020598459 0.021814356 0.02608198 0.02375490 0.01866601 0.0305772
          oe         te
1 0.07261119 0.03330417
2 0.00000000 0.01830960
3 0.02097981 0.03020939


[[1]]$ipw.np
[[1]]$ipw.np$est
  delta        mu      mu_1      mu_0         de        se_1        se_0
1   0.5 0.5296014 0.2862320 0.7054338 -0.4192018  0.05227068  0.17136566
2   1.0 0.3566009 0.2339613 0.5340682 -0.3001068  0.00000000  0.00000000
3   2.0 0.2944930 0.2151339 0.5212514 -0.3061175 -0.01882738 -0.01281675
           oe         te
1  0.17300054 -0.2478362
2  0.00000000 -0.3001068
3 -0.06210789 -0.3189342

[[1]]$ipw.np$se
  delta          mu        mu_1       mu_0         de       se_1       se_0
1   0.5 0.075707204 0.036973627 0.11029968 0.08987753 0.03676444 0.10415204
2   1.0 0.009300833 0.009507925 0.01648941 0.01816261 0.00000000 0.00000000
3   2.0 0.020238312 0.021833096 0.02469807 0.02339291 0.01857156 0.02923277
          oe         te
1 0.07349084 0.03577033
2 0.00000000 0.01816261
3 0.02056855 0.03004878


[[1]]$bar.p
[[1]]$bar.p$est
  delta        mu      mu_1      mu_0 de se_1 se_0 oe te
1   0.5 0.4997617 0.2963930 0.6330202  0    0    0  0  0
2   1.0 0.3593418 0.2337164 0.5369958  0    0    0  0  0
3   2.0 0.2755986 0.1987087 0.4792378  0    0    0  0  0

[[1]]$bar.p$se
  delta          mu       mu_1       mu_0 de se_1 se_0 oe te
1   0.5 0.043266310 0.04460377 0.04645670  0    0    0  0  0
2   1.0 0.008721301 0.00941417 0.01327298  0    0    0  0  0
3   2.0 0.012129300 0.01236154 0.02769200  0    0    0  0  0



[1] "Total run time was 9291.633 seconds"
