WARNING: ignoring environment value of R_HOME

Attaching package: ‘dplyr’

The following objects are masked from ‘package:stats’:

    filter, lag

The following objects are masked from ‘package:base’:

    intersect, setdiff, setequal, union

Loading required package: splines
Loading required package: foreach
Loaded gam 1.20.2

Super Learner
Version: 2.0-28
Package created on 2021-05-04

Loading required package: lattice
Loading required package: ggplot2
Loading required package: Matrix
Loaded glmnet 4.1-7
Loading required package: Formula
Loading required package: plotmo
Loading required package: plotrix
Loading required package: TeachingDemos
Loaded gbm 2.1.8.1

Attaching package: ‘xgboost’

The following object is masked from ‘package:dplyr’:

    slice

[1] "[Simulation setting]"
[1] "m: 500"
[1] "deltas: 0.5, 1, 2"
[1] "alphas: 0.4251, 0.5948, 0.7448"
[1] "Sim.id 1"
[1] "Data generated"
[1] "Proposed & IPW estimators"
[1] "   Split: 1"
[1] "   Split: 2"
[1] "Barkley estimators"
[1] "I. Estimate GLMER model"
[1] "IB. get MCFP vecs"
[1] "II. Estimate CFBI"
[1] "II. solving for alpha_num 1 of 3 ; alpha= 0.425133170705204"
[1] "elapsed: 5.35 minutes as of 2023-05-08 20:40:55"
[1] "II. solving for alpha_num 2 of 3 ; alpha= 0.594849404255532"
[1] "elapsed: 5.93 minutes as of 2023-05-08 20:46:51"
[1] "II. solving for alpha_num 3 of 3 ; alpha= 0.744822889124285"
[1] "elapsed: 5.44 minutes as of 2023-05-08 20:52:17"
[1] "III. Estimate MCFP"
[1] "III. alpha num 1 of 3"
[1] "elapsed: 0.36 minutes as of 2023-05-08 20:52:39"
[1] "III. alpha num 2 of 3"
[1] "elapsed: 0.72 minutes as of 2023-05-08 20:53:00"
[1] "III. alpha num 3 of 3"
[1] "elapsed: 1.08 minutes as of 2023-05-08 20:53:22"
[1] "IV. Target estimates"
[1] "Beginning variance calculations. This may take some time."
[1] "V. Variance estimates"
[1] ":model stuff:"
[1] "elapsed: 1.15 minutes as of 2023-05-08 20:54:34"
[1] ":CFBI EstFun:"
[1] "elapsed: 0 minutes as of 2023-05-08 20:54:34"
[1] ":CFBI alpha_num 1 of 3"
[1] "elapsed: 3.63 minutes as of 2023-05-08 20:58:12"
[1] ":CFBI alpha_num 2 of 3"
[1] "elapsed: 8.79 minutes as of 2023-05-08 21:03:21"
[1] ":CFBI alpha_num 3 of 3"
[1] ":MCFP EstFun:"
[1] "elapsed: 14.48 minutes as of 2023-05-08 21:09:02"
[1] ":MCFP alpha_num 1 of 3"
[1] "elapsed: 19.22 minutes as of 2023-05-08 21:13:47"
[1] ":MCFP alpha_num 2 of 3"
[1] "elapsed: 23.85 minutes as of 2023-05-08 21:18:25"
[1] ":MCFP alpha_num 3 of 3"
[1] "elapsed: 29.24 minutes as of 2023-05-08 21:22:39"
[1] ":target ests:"
[1] "elapsed: 0 minutes as of 2023-05-08 21:22:39"
[1] "Var_row_num 1 of 9"
[1] "elapsed: 10.33 minutes as of 2023-05-08 21:32:58"
[1] "elapsed: 0 minutes as of 2023-05-08 21:32:59"
[1] "elapsed: 0 minutes as of 2023-05-08 21:32:59"
[1] "Var_row_num 2 of 9"
[1] "elapsed: 10.73 minutes as of 2023-05-08 21:43:42"
[1] "elapsed: 0 minutes as of 2023-05-08 21:43:42"
[1] "elapsed: 0 minutes as of 2023-05-08 21:43:42"
[1] "Var_row_num 3 of 9"
[1] "elapsed: 10.88 minutes as of 2023-05-08 21:54:35"
[1] "elapsed: 0 minutes as of 2023-05-08 21:54:35"
[1] "elapsed: 0 minutes as of 2023-05-08 21:54:35"
[1] "Var_row_num 4 of 9"
[1] "elapsed: 10.85 minutes as of 2023-05-08 22:05:26"
[1] "elapsed: 0 minutes as of 2023-05-08 22:05:26"
[1] "elapsed: 0 minutes as of 2023-05-08 22:05:26"
[1] "Var_row_num 5 of 9"
[1] "elapsed: 11.01 minutes as of 2023-05-08 22:16:27"
[1] "elapsed: 0 minutes as of 2023-05-08 22:16:27"
[1] "elapsed: 0 minutes as of 2023-05-08 22:16:27"
[1] "Var_row_num 6 of 9"
[1] "elapsed: 10.91 minutes as of 2023-05-08 22:27:22"
[1] "elapsed: 0 minutes as of 2023-05-08 22:27:22"
[1] "elapsed: 0 minutes as of 2023-05-08 22:27:22"
[1] "Var_row_num 7 of 9"
[1] "elapsed: 10.88 minutes as of 2023-05-08 22:38:14"
[1] "elapsed: 0 minutes as of 2023-05-08 22:38:14"
[1] "elapsed: 0 minutes as of 2023-05-08 22:38:14"
[1] "Var_row_num 8 of 9"
[1] "elapsed: 10.74 minutes as of 2023-05-08 22:48:59"
[1] "elapsed: 0 minutes as of 2023-05-08 22:48:59"
[1] "elapsed: 0 minutes as of 2023-05-08 22:48:59"
[1] "Var_row_num 9 of 9"
[1] "elapsed: 10.63 minutes as of 2023-05-08 22:59:37"
[1] "elapsed: 0.01 minutes as of 2023-05-08 22:59:37"
[1] "Done with all variance calculations"
[1] "Estimates and SE estimates computed"
[1] ""
[[1]]
[[1]]$pro.p
[[1]]$pro.p$est
  delta        mu      mu_1      mu_0         de        se_1         se_0
1   0.5 0.4372008 0.2534043 0.5716032 -0.3181989 0.012631935  0.022687279
2   1.0 0.3661551 0.2407723 0.5489159 -0.3081436 0.000000000  0.000000000
3   2.0 0.3232556 0.2474331 0.5408505 -0.2934174 0.006660765 -0.008065432
           oe         te
1  0.07104574 -0.2955116
2  0.00000000 -0.3081436
3 -0.04289949 -0.3014828

[[1]]$pro.p$se
  delta         mu       mu_1       mu_0         de       se_1       se_0
1   0.5 0.01817675 0.01594603 0.02399364 0.02355335 0.01281985 0.01974576
2   1.0 0.01169410 0.01099628 0.01493249 0.01359384 0.00000000 0.00000000
3   2.0 0.02283965 0.02415405 0.02528934 0.02520655 0.01993267 0.01980642
          oe         te
1 0.01486101 0.01769809
2 0.00000000 0.01359384
3 0.01906069 0.02561280


[[1]]$pro.np
[[1]]$pro.np$est
  delta        mu      mu_1      mu_0         de        se_1        se_0
1   0.5 0.4276106 0.2583025 0.5469327 -0.2886303 0.009268239  0.01572977
2   1.0 0.3665072 0.2490342 0.5312030 -0.2821688 0.000000000  0.00000000
3   2.0 0.3226382 0.2517298 0.5181852 -0.2664554 0.002695619 -0.01301775
           oe         te
1  0.06110340 -0.2729005
2  0.00000000 -0.2821688
3 -0.04386895 -0.2794731

[[1]]$pro.np$se
  delta         mu       mu_1       mu_0         de       se_1       se_0
1   0.5 0.01577465 0.01509048 0.02010651 0.02047718 0.01201432 0.01652763
2   1.0 0.01197107 0.01132535 0.01459744 0.01234048 0.00000000 0.00000000
3   2.0 0.02429437 0.02540535 0.02520303 0.02368298 0.02080918 0.01951082
          oe         te
1 0.01256624 0.01662266
2 0.00000000 0.01234048
3 0.02013892 0.02581609


[[1]]$ipw.p
[[1]]$ipw.p$est
  delta        mu      mu_1      mu_0         de       se_1        se_0
1   0.5 0.4450418 0.2665617 0.5767579 -0.3101962 0.02334198  0.02129407
2   1.0 0.3699089 0.2432197 0.5554638 -0.3122441 0.00000000  0.00000000
3   2.0 0.3275832 0.2559107 0.5373523 -0.2814416 0.01269104 -0.01811148
           oe         te
1  0.07513288 -0.2889021
2  0.00000000 -0.3122441
3 -0.04232569 -0.2995531

[[1]]$ipw.p$se
  delta          mu       mu_1       mu_0         de       se_1       se_0
1   0.5 0.038507733 0.02166909 0.05424787 0.04120016 0.02091797 0.04589084
2   1.0 0.009243678 0.00981188 0.01655457 0.01867916 0.00000000 0.00000000
3   2.0 0.025808689 0.02969342 0.02718103 0.02993004 0.02623771 0.03146189
          oe         te
1 0.03528355 0.01985092
2 0.00000000 0.01867916
3 0.02583921 0.03721434


[[1]]$ipw.np
[[1]]$ipw.np$est
  delta        mu      mu_1      mu_0         de       se_1         se_0
1   0.5 0.4340138 0.2692410 0.5494663 -0.2802253 0.02045054  0.009305919
2   1.0 0.3699089 0.2487905 0.5401604 -0.2913699 0.00000000  0.000000000
3   2.0 0.3299960 0.2618234 0.5230522 -0.2612288 0.01303291 -0.017108258
           oe         te
1  0.06410487 -0.2709194
2  0.00000000 -0.2913699
3 -0.03991287 -0.2783370

[[1]]$ipw.np$se
  delta          mu       mu_1       mu_0         de       se_1       se_0
1   0.5 0.037131960 0.02182323 0.05090501 0.03817000 0.02108632 0.04281943
2   1.0 0.009243678 0.01000924 0.01614070 0.01838683 0.00000000 0.00000000
3   2.0 0.025929570 0.03032984 0.02662856 0.03044971 0.02681156 0.03064114
          oe         te
1 0.03394534 0.02004828
2 0.00000000 0.01838683
3 0.02595224 0.03752518


[[1]]$bar.p
[[1]]$bar.p$est
  delta        mu      mu_1      mu_0 de se_1 se_0 oe te
1   0.5 0.4308530 0.2660647 0.5606683  0    0    0  0  0
2   1.0 0.3696667 0.2464865 0.5361330  0    0    0  0  0
3   2.0 0.3018728 0.2287392 0.4752855  0    0    0  0  0

[[1]]$bar.p$se
  delta          mu        mu_1       mu_0 de se_1 se_0 oe te
1   0.5 0.019398467 0.021895118 0.02111274  0    0    0  0  0
2   1.0 0.008824586 0.009921168 0.01333102  0    0    0  0  0
3   2.0 0.014380932 0.014440838 0.02720321  0    0    0  0  0



[1] "Total run time was 8962.608 seconds"
