WARNING: ignoring environment value of R_HOME

Attaching package: ‘dplyr’

The following objects are masked from ‘package:stats’:

    filter, lag

The following objects are masked from ‘package:base’:

    intersect, setdiff, setequal, union

Loading required package: splines
Loading required package: foreach
Loaded gam 1.20.2

Super Learner
Version: 2.0-28
Package created on 2021-05-04

Loading required package: lattice
Loading required package: ggplot2
Loading required package: Matrix
Loaded glmnet 4.1-7
Loading required package: Formula
Loading required package: plotmo
Loading required package: plotrix
Loading required package: TeachingDemos
Loaded gbm 2.1.8.1

Attaching package: ‘xgboost’

The following object is masked from ‘package:dplyr’:

    slice

[1] "[Simulation setting]"
[1] "m: 500"
[1] "deltas: 0.5, 1, 2"
[1] "alphas: 0.4251, 0.5948, 0.7448"
[1] "Sim.id 1"
[1] "Data generated"
[1] "Proposed & IPW estimators"
[1] "   Split: 1"
[1] "   Split: 2"
[1] "Barkley estimators"
[1] "I. Estimate GLMER model"
[1] "IB. get MCFP vecs"
[1] "II. Estimate CFBI"
[1] "II. solving for alpha_num 1 of 3 ; alpha= 0.425133170705204"
[1] "elapsed: 3.62 minutes as of 2023-05-08 18:37:02"
[1] "II. solving for alpha_num 2 of 3 ; alpha= 0.594849404255532"
[1] "elapsed: 3.69 minutes as of 2023-05-08 18:40:43"
[1] "II. solving for alpha_num 3 of 3 ; alpha= 0.744822889124285"
[1] "elapsed: 3.17 minutes as of 2023-05-08 18:43:53"
[1] "III. Estimate MCFP"
[1] "III. alpha num 1 of 3"
[1] "elapsed: 0.31 minutes as of 2023-05-08 18:44:12"
[1] "III. alpha num 2 of 3"
[1] "elapsed: 0.64 minutes as of 2023-05-08 18:44:32"
[1] "III. alpha num 3 of 3"
[1] "elapsed: 0.96 minutes as of 2023-05-08 18:44:51"
[1] "IV. Target estimates"
[1] "Beginning variance calculations. This may take some time."
[1] "V. Variance estimates"
[1] ":model stuff:"
[1] "elapsed: 0.84 minutes as of 2023-05-08 18:45:44"
[1] ":CFBI EstFun:"
[1] "elapsed: 0 minutes as of 2023-05-08 18:45:44"
[1] ":CFBI alpha_num 1 of 3"
[1] "elapsed: 2.24 minutes as of 2023-05-08 18:47:59"
[1] ":CFBI alpha_num 2 of 3"
[1] "elapsed: 5.08 minutes as of 2023-05-08 18:50:49"
[1] ":CFBI alpha_num 3 of 3"
[1] ":MCFP EstFun:"
[1] "elapsed: 8.35 minutes as of 2023-05-08 18:54:05"
[1] ":MCFP alpha_num 1 of 3"
[1] "elapsed: 11.04 minutes as of 2023-05-08 18:56:47"
[1] ":MCFP alpha_num 2 of 3"
[1] "elapsed: 13.81 minutes as of 2023-05-08 18:59:33"
[1] ":MCFP alpha_num 3 of 3"
[1] "elapsed: 17.38 minutes as of 2023-05-08 19:02:17"
[1] ":target ests:"
[1] "elapsed: 0 minutes as of 2023-05-08 19:02:17"
[1] "Var_row_num 1 of 9"
[1] "elapsed: 9.53 minutes as of 2023-05-08 19:11:49"
[1] "elapsed: 0 minutes as of 2023-05-08 19:11:49"
[1] "elapsed: 0 minutes as of 2023-05-08 19:11:49"
[1] "Var_row_num 2 of 9"
[1] "elapsed: 8.96 minutes as of 2023-05-08 19:20:46"
[1] "elapsed: 0 minutes as of 2023-05-08 19:20:46"
[1] "elapsed: 0 minutes as of 2023-05-08 19:20:46"
[1] "Var_row_num 3 of 9"
[1] "elapsed: 8.95 minutes as of 2023-05-08 19:29:43"
[1] "elapsed: 0 minutes as of 2023-05-08 19:29:43"
[1] "elapsed: 0 minutes as of 2023-05-08 19:29:43"
[1] "Var_row_num 4 of 9"
[1] "elapsed: 9.18 minutes as of 2023-05-08 19:38:54"
[1] "elapsed: 0 minutes as of 2023-05-08 19:38:54"
[1] "elapsed: 0 minutes as of 2023-05-08 19:38:54"
[1] "Var_row_num 5 of 9"
[1] "elapsed: 9.23 minutes as of 2023-05-08 19:48:08"
[1] "elapsed: 0 minutes as of 2023-05-08 19:48:08"
[1] "elapsed: 0 minutes as of 2023-05-08 19:48:08"
[1] "Var_row_num 6 of 9"
[1] "elapsed: 9.05 minutes as of 2023-05-08 19:57:11"
[1] "elapsed: 0.01 minutes as of 2023-05-08 19:57:12"
[1] "elapsed: 0 minutes as of 2023-05-08 19:57:12"
[1] "Var_row_num 7 of 9"
[1] "elapsed: 8.94 minutes as of 2023-05-08 20:06:08"
[1] "elapsed: 0 minutes as of 2023-05-08 20:06:08"
[1] "elapsed: 0 minutes as of 2023-05-08 20:06:08"
[1] "Var_row_num 8 of 9"
[1] "elapsed: 8.33 minutes as of 2023-05-08 20:14:27"
[1] "elapsed: 0 minutes as of 2023-05-08 20:14:28"
[1] "elapsed: 0 minutes as of 2023-05-08 20:14:28"
[1] "Var_row_num 9 of 9"
[1] "elapsed: 8.6 minutes as of 2023-05-08 20:23:03"
[1] "elapsed: 0 minutes as of 2023-05-08 20:23:04"
[1] "Done with all variance calculations"
[1] "Estimates and SE estimates computed"
[1] ""
[[1]]
[[1]]$pro.p
[[1]]$pro.p$est
  delta        mu      mu_1      mu_0         de        se_1        se_0
1   0.5 0.4577848 0.2864680 0.5710458 -0.2845778  0.05368114  0.01042745
2   1.0 0.3711626 0.2327868 0.5606183 -0.3278315  0.00000000  0.00000000
3   2.0 0.2727950 0.1767364 0.5426470 -0.3659105 -0.05605039 -0.01797136
           oe         te
1  0.08662213 -0.2741504
2  0.00000000 -0.3278315
3 -0.09836759 -0.3838819

[[1]]$pro.p$se
  delta         mu       mu_1       mu_0         de       se_1       se_0
1   0.5 0.01897022 0.01856540 0.02386317 0.02568756 0.01561533 0.01933906
2   1.0 0.01198449 0.01052598 0.01570652 0.01399892 0.00000000 0.00000000
3   2.0 0.01984421 0.01929611 0.02592651 0.02445942 0.01564959 0.02117066
          oe         te
1 0.01571796 0.02102062
2 0.00000000 0.01399892
3 0.01619195 0.02154138


[[1]]$pro.np
[[1]]$pro.np$est
  delta        mu      mu_1      mu_0         de        se_1        se_0
1   0.5 0.4518886 0.2860756 0.5588639 -0.2727883  0.04656627  0.02408113
2   1.0 0.3664222 0.2395093 0.5347828 -0.2952735  0.00000000  0.00000000
3   2.0 0.2665003 0.1785091 0.5064038 -0.3278946 -0.06100017 -0.02837901
           oe         te
1  0.08546648 -0.2487072
2  0.00000000 -0.2952735
3 -0.09992187 -0.3562736

[[1]]$pro.np$se
  delta         mu       mu_1       mu_0         de       se_1       se_0
1   0.5 0.01819280 0.01533506 0.02158644 0.01938412 0.01159630 0.01768522
2   1.0 0.01221024 0.01083355 0.01524598 0.01279381 0.00000000 0.00000000
3   2.0 0.02439720 0.02652506 0.02480377 0.02999737 0.02325679 0.02000512
          oe         te
1 0.01474700 0.01691228
2 0.00000000 0.01279381
3 0.02109329 0.02762389


[[1]]$ipw.p
[[1]]$ipw.p$est
  delta        mu      mu_1      mu_0         de        se_1        se_0
1   0.5 0.4808457 0.2808921 0.6246972 -0.3438050  0.05107632  0.05474405
2   1.0 0.3691159 0.2298158 0.5699531 -0.3401373  0.00000000  0.00000000
3   2.0 0.2783631 0.1821074 0.5551117 -0.3730043 -0.04770839 -0.01484142
          oe         te
1  0.1117297 -0.2890610
2  0.0000000 -0.3401373
3 -0.0907528 -0.3878457

[[1]]$ipw.p$se
  delta          mu        mu_1       mu_0         de       se_1       se_0
1   0.5 0.064505524 0.028116932 0.09238320 0.07026037 0.02730309 0.08684339
2   1.0 0.009268997 0.008715836 0.01670299 0.01765724 0.00000000 0.00000000
3   2.0 0.016104448 0.014099316 0.02840034 0.02279372 0.01224432 0.03268663
          oe         te
1 0.06218896 0.02657705
2 0.00000000 0.01765724
3 0.01773992 0.02456972


[[1]]$ipw.np
[[1]]$ipw.np$est
  delta        mu      mu_1      mu_0         de        se_1        se_0
1   0.5 0.4751498 0.2877903 0.6073261 -0.3195357  0.04990489  0.05560086
2   1.0 0.3691159 0.2378854 0.5517252 -0.3138398  0.00000000  0.00000000
3   2.0 0.2839457 0.1908760 0.5371909 -0.3463149 -0.04700944 -0.01453431
           oe         te
1  0.10603383 -0.2639349
2  0.00000000 -0.3138398
3 -0.08517027 -0.3608492

[[1]]$ipw.np$se
  delta          mu        mu_1       mu_0         de       se_1       se_0
1   0.5 0.062171551 0.027712656 0.08811362 0.06673341 0.02691808 0.08258499
2   1.0 0.009268997 0.009044393 0.01627810 0.01740219 0.00000000 0.00000000
3   2.0 0.017077883 0.015243957 0.02797142 0.02182584 0.01321273 0.03196742
          oe         te
1 0.05987551 0.02601122
2 0.00000000 0.01740219
3 0.01849144 0.02495459


[[1]]$bar.p
[[1]]$bar.p$est
  delta        mu      mu_1      mu_0 de se_1 se_0 oe te
1   0.5 0.4564426 0.3150155 0.5726110  0    0    0  0  0
2   1.0 0.3628603 0.2409366 0.5427457  0    0    0  0  0
3   2.0 0.2647127 0.1809240 0.5395336  0    0    0  0  0

[[1]]$bar.p$se
  delta          mu        mu_1       mu_0 de se_1 se_0 oe te
1   0.5 0.032742558 0.035805165 0.03287407  0    0    0  0  0
2   1.0 0.008633525 0.009631710 0.01375713  0    0    0  0  0
3   2.0 0.009868402 0.009256556 0.04913403  0    0    0  0  0



[1] "Total run time was 6800.739 seconds"
