WARNING: ignoring environment value of R_HOME

Attaching package: ‘dplyr’

The following objects are masked from ‘package:stats’:

    filter, lag

The following objects are masked from ‘package:base’:

    intersect, setdiff, setequal, union

Loading required package: splines
Loading required package: foreach
Loaded gam 1.20.2

Super Learner
Version: 2.0-28
Package created on 2021-05-04

Loading required package: lattice
Loading required package: ggplot2
Loading required package: Matrix
Loaded glmnet 4.1-7
Loading required package: Formula
Loading required package: plotmo
Loading required package: plotrix
Loading required package: TeachingDemos
Loaded gbm 2.1.8.1

Attaching package: ‘xgboost’

The following object is masked from ‘package:dplyr’:

    slice

[1] "[Simulation setting]"
[1] "m: 500"
[1] "deltas: 0.5, 1, 2"
[1] "alphas: 0.4251, 0.5948, 0.7448"
[1] "Sim.id 1"
[1] "Data generated"
[1] "Proposed & IPW estimators"
[1] "   Split: 1"
[1] "   Split: 2"
[1] "Barkley estimators"
[1] "I. Estimate GLMER model"
[1] "IB. get MCFP vecs"
[1] "II. Estimate CFBI"
[1] "II. solving for alpha_num 1 of 3 ; alpha= 0.425133170705204"
[1] "elapsed: 5.88 minutes as of 2023-05-08 21:32:38"
[1] "II. solving for alpha_num 2 of 3 ; alpha= 0.594849404255532"
[1] "elapsed: 6.63 minutes as of 2023-05-08 21:39:16"
[1] "II. solving for alpha_num 3 of 3 ; alpha= 0.744822889124285"
[1] "elapsed: 5.86 minutes as of 2023-05-08 21:45:08"
[1] "III. Estimate MCFP"
[1] "III. alpha num 1 of 3"
[1] "elapsed: 0.6 minutes as of 2023-05-08 21:45:44"
[1] "III. alpha num 2 of 3"
[1] "elapsed: 1.19 minutes as of 2023-05-08 21:46:20"
[1] "III. alpha num 3 of 3"
[1] "elapsed: 1.78 minutes as of 2023-05-08 21:46:55"
[1] "IV. Target estimates"
[1] "Beginning variance calculations. This may take some time."
[1] "V. Variance estimates"
[1] ":model stuff:"
[1] "elapsed: 1.79 minutes as of 2023-05-08 21:48:47"
[1] ":CFBI EstFun:"
[1] "elapsed: 0 minutes as of 2023-05-08 21:48:47"
[1] ":CFBI alpha_num 1 of 3"
[1] "elapsed: 5.23 minutes as of 2023-05-08 21:54:01"
[1] ":CFBI alpha_num 2 of 3"
[1] "elapsed: 10.36 minutes as of 2023-05-08 21:59:09"
[1] ":CFBI alpha_num 3 of 3"
[1] ":MCFP EstFun:"
[1] "elapsed: 15.5 minutes as of 2023-05-08 22:04:17"
[1] ":MCFP alpha_num 1 of 3"
[1] "elapsed: 19.77 minutes as of 2023-05-08 22:08:33"
[1] ":MCFP alpha_num 2 of 3"
[1] "elapsed: 24.12 minutes as of 2023-05-08 22:12:55"
[1] ":MCFP alpha_num 3 of 3"
[1] "elapsed: 30.3 minutes as of 2023-05-08 22:17:17"
[1] ":target ests:"
[1] "elapsed: 0 minutes as of 2023-05-08 22:17:17"
[1] "Var_row_num 1 of 9"
[1] "elapsed: 10.61 minutes as of 2023-05-08 22:27:54"
[1] "elapsed: 0 minutes as of 2023-05-08 22:27:54"
[1] "elapsed: 0 minutes as of 2023-05-08 22:27:54"
[1] "Var_row_num 2 of 9"
[1] "elapsed: 10.69 minutes as of 2023-05-08 22:38:35"
[1] "elapsed: 0 minutes as of 2023-05-08 22:38:35"
[1] "elapsed: 0 minutes as of 2023-05-08 22:38:35"
[1] "Var_row_num 3 of 9"
[1] "elapsed: 10.39 minutes as of 2023-05-08 22:48:58"
[1] "elapsed: 0 minutes as of 2023-05-08 22:48:58"
[1] "elapsed: 0 minutes as of 2023-05-08 22:48:58"
[1] "Var_row_num 4 of 9"
[1] "elapsed: 10.41 minutes as of 2023-05-08 22:59:23"
[1] "elapsed: 0 minutes as of 2023-05-08 22:59:23"
[1] "elapsed: 0 minutes as of 2023-05-08 22:59:23"
[1] "Var_row_num 5 of 9"
[1] "elapsed: 10.26 minutes as of 2023-05-08 23:09:39"
[1] "elapsed: 0 minutes as of 2023-05-08 23:09:39"
[1] "elapsed: 0 minutes as of 2023-05-08 23:09:39"
[1] "Var_row_num 6 of 9"
[1] "elapsed: 10.32 minutes as of 2023-05-08 23:19:58"
[1] "elapsed: 0 minutes as of 2023-05-08 23:19:58"
[1] "elapsed: 0 minutes as of 2023-05-08 23:19:58"
[1] "Var_row_num 7 of 9"
[1] "elapsed: 10.16 minutes as of 2023-05-08 23:30:08"
[1] "elapsed: 0 minutes as of 2023-05-08 23:30:08"
[1] "elapsed: 0 minutes as of 2023-05-08 23:30:08"
[1] "Var_row_num 8 of 9"
[1] "elapsed: 10.09 minutes as of 2023-05-08 23:40:13"
[1] "elapsed: 0 minutes as of 2023-05-08 23:40:13"
[1] "elapsed: 0 minutes as of 2023-05-08 23:40:13"
[1] "Var_row_num 9 of 9"
[1] "elapsed: 10.12 minutes as of 2023-05-08 23:50:21"
[1] "elapsed: 0 minutes as of 2023-05-08 23:50:21"
[1] "Done with all variance calculations"
[1] "Estimates and SE estimates computed"
[1] ""
[[1]]
[[1]]$pro.p
[[1]]$pro.p$est
  delta        mu      mu_1      mu_0         de        se_1        se_0
1   0.5 0.4330983 0.2360374 0.5808495 -0.3448121  0.01577736  0.02207642
2   1.0 0.3558810 0.2202600 0.5587731 -0.3385131  0.00000000  0.00000000
3   2.0 0.2642028 0.1846755 0.5169907 -0.3323152 -0.03558450 -0.04178236
           oe         te
1  0.07721725 -0.3227357
2  0.00000000 -0.3385131
3 -0.09167821 -0.3740976

[[1]]$pro.p$se
  delta         mu       mu_1       mu_0         de       se_1       se_0
1   0.5 0.01831354 0.01592766 0.02373227 0.02216865 0.01370961 0.01927456
2   1.0 0.01182592 0.01024212 0.01602986 0.01395240 0.00000000 0.00000000
3   2.0 0.01897814 0.01840104 0.02564601 0.02326552 0.01392026 0.01968415
          oe         te
1 0.01515371 0.01904618
2 0.00000000 0.01395240
3 0.01498117 0.02139889


[[1]]$pro.np
[[1]]$pro.np$est
  delta        mu      mu_1      mu_0         de        se_1        se_0
1   0.5 0.4297320 0.2458192 0.5619612 -0.3161420  0.01672887  0.02373381
2   1.0 0.3563770 0.2290903 0.5382274 -0.3091371  0.00000000  0.00000000
3   2.0 0.2556187 0.1789675 0.4915035 -0.3125361 -0.05012285 -0.04672385
           oe         te
1  0.07335502 -0.2924082
2  0.00000000 -0.3091371
3 -0.10075824 -0.3592599

[[1]]$pro.np$se
  delta         mu       mu_1       mu_0         de       se_1       se_0
1   0.5 0.01633411 0.01447961 0.01993388 0.01775170 0.01210445 0.01579444
2   1.0 0.01214833 0.01054131 0.01552785 0.01245051 0.00000000 0.00000000
3   2.0 0.01980907 0.01934996 0.02492725 0.02263954 0.01489053 0.01877398
          oe         te
1 0.01298359 0.01678159
2 0.00000000 0.01245051
3 0.01547650 0.02129367


[[1]]$ipw.p
[[1]]$ipw.p$est
  delta        mu      mu_1      mu_0         de         se_1        se_0
1   0.5 0.4399660 0.2427114 0.5885148 -0.3458034  0.017118784  0.02696342
2   1.0 0.3606705 0.2255926 0.5615514 -0.3359588  0.000000000  0.00000000
3   2.0 0.3022373 0.2231734 0.5344664 -0.3112930 -0.002419254 -0.02708503
           oe         te
1  0.07929554 -0.3188400
2  0.00000000 -0.3359588
3 -0.05843314 -0.3383780

[[1]]$ipw.p$se
  delta          mu        mu_1       mu_0         de       se_1       se_0
1   0.5 0.035998098 0.020042640 0.05306776 0.04422727 0.01933660 0.04453277
2   1.0 0.009136992 0.009352771 0.01708051 0.01901169 0.00000000 0.00000000
3   2.0 0.019991113 0.020181086 0.02810046 0.02382951 0.01599396 0.03215017
          oe         te
1 0.03287869 0.02004326
2 0.00000000 0.01901169
3 0.01998395 0.02961182


[[1]]$ipw.np
[[1]]$ipw.np$est
  delta        mu      mu_1      mu_0         de          se_1        se_0
1   0.5 0.4389093 0.2512389 0.5758277 -0.3245888  0.0195691081  0.03039249
2   1.0 0.3606705 0.2316698 0.5454352 -0.3137654  0.0000000000  0.00000000
3   2.0 0.3064768 0.2308696 0.5204344 -0.2895648 -0.0008001752 -0.02500075
           oe         te
1  0.07823885 -0.2941963
2  0.00000000 -0.3137654
3 -0.05419365 -0.3145656

[[1]]$ipw.np$se
  delta          mu        mu_1       mu_0         de       se_1       se_0
1   0.5 0.037437411 0.020547815 0.05462841 0.04448025 0.01989626 0.04649121
2   1.0 0.009136992 0.009613095 0.01675248 0.01880897 0.00000000 0.00000000
3   2.0 0.020222392 0.020866076 0.02773275 0.02364513 0.01648308 0.03161199
          oe         te
1 0.03440276 0.01998368
2 0.00000000 0.01880897
3 0.02016303 0.02989346


[[1]]$bar.p
[[1]]$bar.p$est
  delta        mu      mu_1      mu_0 de se_1 se_0 oe te
1   0.5 0.4113718 0.2247169 0.5500743  0    0    0  0  0
2   1.0 0.3614132 0.2269756 0.5410026  0    0    0  0  0
3   2.0 0.2855495 0.2078275 0.4693295  0    0    0  0  0

[[1]]$bar.p$se
  delta          mu        mu_1       mu_0 de se_1 se_0 oe te
1   0.5 0.017397810 0.018067874 0.01992661  0    0    0  0  0
2   1.0 0.008814812 0.009306758 0.01373473  0    0    0  0  0
3   2.0 0.012666177 0.012214744 0.02654338  0    0    0  0  0



[1] "Total run time was 8894.416 seconds"
