WARNING: ignoring environment value of R_HOME

Attaching package: ‘dplyr’

The following objects are masked from ‘package:stats’:

    filter, lag

The following objects are masked from ‘package:base’:

    intersect, setdiff, setequal, union

Loading required package: splines
Loading required package: foreach
Loaded gam 1.20.2

Super Learner
Version: 2.0-28
Package created on 2021-05-04

Loading required package: lattice
Loading required package: ggplot2
Loading required package: Matrix
Loaded glmnet 4.1-7
Loading required package: Formula
Loading required package: plotmo
Loading required package: plotrix
Loading required package: TeachingDemos
Loaded gbm 2.1.8.1

Attaching package: ‘xgboost’

The following object is masked from ‘package:dplyr’:

    slice

[1] "[Simulation setting]"
[1] "m: 500"
[1] "deltas: 0.5, 1, 2"
[1] "alphas: 0.4251, 0.5948, 0.7448"
[1] "Sim.id 1"
[1] "Data generated"
[1] "Proposed & IPW estimators"
[1] "   Split: 1"
[1] "   Split: 2"
[1] "Barkley estimators"
[1] "I. Estimate GLMER model"
boundary (singular) fit: see help('isSingular')
[1] "IB. get MCFP vecs"
[1] "II. Estimate CFBI"
[1] "II. solving for alpha_num 1 of 3 ; alpha= 0.425133170705204"
[1] "elapsed: 7.56 minutes as of 2023-05-08 18:42:19"
[1] "II. solving for alpha_num 2 of 3 ; alpha= 0.594849404255532"
[1] "elapsed: 6.81 minutes as of 2023-05-08 18:49:07"
[1] "II. solving for alpha_num 3 of 3 ; alpha= 0.744822889124285"
[1] "elapsed: 7.61 minutes as of 2023-05-08 18:56:44"
[1] "III. Estimate MCFP"
[1] "III. alpha num 1 of 3"
[1] "elapsed: 0.65 minutes as of 2023-05-08 18:57:23"
[1] "III. alpha num 2 of 3"
[1] "elapsed: 1.3 minutes as of 2023-05-08 18:58:02"
[1] "III. alpha num 3 of 3"
[1] "elapsed: 1.95 minutes as of 2023-05-08 18:58:41"
[1] "IV. Target estimates"
[1] "Beginning variance calculations. This may take some time."
[1] "V. Variance estimates"
[1] ":model stuff:"
[1] "elapsed: 1.98 minutes as of 2023-05-08 19:00:45"
[1] ":CFBI EstFun:"
[1] "elapsed: 0 minutes as of 2023-05-08 19:00:45"
[1] ":CFBI alpha_num 1 of 3"
[1] "elapsed: 5.94 minutes as of 2023-05-08 19:06:41"
[1] ":CFBI alpha_num 2 of 3"
[1] "elapsed: 11.89 minutes as of 2023-05-08 19:12:38"
[1] ":CFBI alpha_num 3 of 3"
[1] ":MCFP EstFun:"
[1] "elapsed: 17.93 minutes as of 2023-05-08 19:18:41"
[1] ":MCFP alpha_num 1 of 3"
[1] "elapsed: 23.01 minutes as of 2023-05-08 19:23:46"
[1] ":MCFP alpha_num 2 of 3"
[1] "elapsed: 28.1 minutes as of 2023-05-08 19:28:51"
[1] ":MCFP alpha_num 3 of 3"
[1] "elapsed: 35.18 minutes as of 2023-05-08 19:33:57"
[1] ":target ests:"
[1] "elapsed: 0 minutes as of 2023-05-08 19:33:57"
[1] "Var_row_num 1 of 9"
[1] "elapsed: 12.48 minutes as of 2023-05-08 19:46:25"
[1] "elapsed: 0 minutes as of 2023-05-08 19:46:26"
[1] "elapsed: 0 minutes as of 2023-05-08 19:46:26"
[1] "Var_row_num 2 of 9"
[1] "elapsed: 12.71 minutes as of 2023-05-08 19:59:08"
[1] "elapsed: 0 minutes as of 2023-05-08 19:59:08"
[1] "elapsed: 0 minutes as of 2023-05-08 19:59:08"
[1] "Var_row_num 3 of 9"
[1] "elapsed: 12.55 minutes as of 2023-05-08 20:11:42"
[1] "elapsed: 0 minutes as of 2023-05-08 20:11:42"
[1] "elapsed: 0 minutes as of 2023-05-08 20:11:42"
[1] "Var_row_num 4 of 9"
[1] "elapsed: 12.65 minutes as of 2023-05-08 20:24:21"
[1] "elapsed: 0 minutes as of 2023-05-08 20:24:21"
[1] "elapsed: 0 minutes as of 2023-05-08 20:24:21"
[1] "Var_row_num 5 of 9"
[1] "elapsed: 12.51 minutes as of 2023-05-08 20:36:51"
[1] "elapsed: 0 minutes as of 2023-05-08 20:36:51"
[1] "elapsed: 0 minutes as of 2023-05-08 20:36:51"
[1] "Var_row_num 6 of 9"
[1] "elapsed: 12.46 minutes as of 2023-05-08 20:49:19"
[1] "elapsed: 0 minutes as of 2023-05-08 20:49:19"
[1] "elapsed: 0 minutes as of 2023-05-08 20:49:19"
[1] "Var_row_num 7 of 9"
[1] "elapsed: 12.39 minutes as of 2023-05-08 21:01:42"
[1] "elapsed: 0 minutes as of 2023-05-08 21:01:42"
[1] "elapsed: 0 minutes as of 2023-05-08 21:01:42"
[1] "Var_row_num 8 of 9"
[1] "elapsed: 12.17 minutes as of 2023-05-08 21:13:52"
[1] "elapsed: 0 minutes as of 2023-05-08 21:13:52"
[1] "elapsed: 0 minutes as of 2023-05-08 21:13:52"
[1] "Var_row_num 9 of 9"
[1] "elapsed: 11.51 minutes as of 2023-05-08 21:25:23"
[1] "elapsed: 0 minutes as of 2023-05-08 21:25:23"
[1] "Done with all variance calculations"
[1] "Estimates and SE estimates computed"
[1] ""
[[1]]
[[1]]$pro.p
[[1]]$pro.p$est
  delta        mu      mu_1      mu_0         de       se_1        se_0
1   0.5 0.4582154 0.2577508 0.5989212 -0.3411703 0.02346290  0.02199498
2   1.0 0.3763511 0.2342879 0.5769262 -0.3426383 0.00000000  0.00000000
3   2.0 0.3321870 0.2522420 0.5587065 -0.3064645 0.01795408 -0.01821966
           oe         te
1  0.08186427 -0.3191754
2  0.00000000 -0.3426383
3 -0.04416408 -0.3246842

[[1]]$pro.p$se
  delta         mu       mu_1       mu_0         de       se_1       se_0
1   0.5 0.01876257 0.01482195 0.02616126 0.02572163 0.01254854 0.02171388
2   1.0 0.01153144 0.01005222 0.01555080 0.01391179 0.00000000 0.00000000
3   2.0 0.02371227 0.02553622 0.02816245 0.03078276 0.02163011 0.02358824
          oe         te
1 0.01591529 0.01839089
2 0.00000000 0.01391179
3 0.02013500 0.02745926


[[1]]$pro.np
[[1]]$pro.np$est
  delta        mu      mu_1      mu_0         de       se_1         se_0
1   0.5 0.4591520 0.2688471 0.5863303 -0.3174832 0.02705332  0.034235088
2   1.0 0.3743250 0.2417938 0.5520952 -0.3103014 0.00000000  0.000000000
3   2.0 0.3345974 0.2560282 0.5459790 -0.2899508 0.01423443 -0.006116195
           oe         te
1  0.08482695 -0.2832481
2  0.00000000 -0.3103014
3 -0.03972760 -0.2960670

[[1]]$pro.np$se
  delta         mu       mu_1       mu_0         de       se_1       se_0
1   0.5 0.01755445 0.01413994 0.02277316 0.02041294 0.01185934 0.01845172
2   1.0 0.01182089 0.01049369 0.01506316 0.01249833 0.00000000 0.00000000
3   2.0 0.02432946 0.02584222 0.02683754 0.02853353 0.02111184 0.02176026
          oe         te
1 0.01435553 0.01649658
2 0.00000000 0.01249833
3 0.01988458 0.02623927


[[1]]$ipw.p
[[1]]$ipw.p$est
  delta        mu      mu_1      mu_0         de         se_1         se_0
1   0.5 0.4391138 0.2376134 0.5845279 -0.3469146  0.007548819 -0.002998566
2   1.0 0.3762796 0.2300645 0.5875265 -0.3574620  0.000000000  0.000000000
3   2.0 0.3040832 0.2233841 0.5363184 -0.3129343 -0.006680394 -0.051208063
           oe         te
1  0.06283410 -0.3499132
2  0.00000000 -0.3574620
3 -0.07219643 -0.3641424

[[1]]$ipw.p$se
  delta          mu        mu_1       mu_0         de       se_1       se_0
1   0.5 0.037605662 0.018881813 0.05585712 0.04685967 0.01819634 0.04721162
2   1.0 0.009093364 0.008731589 0.01734342 0.01869809 0.00000000 0.00000000
3   2.0 0.021740760 0.025111510 0.02607002 0.02967195 0.02249012 0.03068316
          oe         te
1 0.03444763 0.01938592
2 0.00000000 0.01869809
3 0.02263492 0.03394345


[[1]]$ipw.np
[[1]]$ipw.np$est
  delta        mu      mu_1      mu_0         de         se_1        se_0
1   0.5 0.4353012 0.2444792 0.5685187 -0.3240395  0.008402763 -0.00268276
2   1.0 0.3762796 0.2360764 0.5712015 -0.3351251  0.000000000  0.00000000
3   2.0 0.3128854 0.2343441 0.5298569 -0.2955128 -0.001732293 -0.04134453
           oe         te
1  0.05902154 -0.3267223
2  0.00000000 -0.3351251
3 -0.06339420 -0.3368573

[[1]]$ipw.np$se
  delta          mu        mu_1       mu_0         de       se_1       se_0
1   0.5 0.036944837 0.019747295 0.05352203 0.04402878 0.01909555 0.04526210
2   1.0 0.009093364 0.008950711 0.01691171 0.01838822 0.00000000 0.00000000
3   2.0 0.022764480 0.026755655 0.02631316 0.03044071 0.02398261 0.03065124
          oe         te
1 0.03387608 0.01985507
2 0.00000000 0.01838822
3 0.02352926 0.03500652


[[1]]$bar.p
[[1]]$bar.p$est
  delta        mu      mu_1      mu_0 de se_1 se_0 oe te
1   0.5 0.4235295 0.2410933 0.5537347  0    0    0  0  0
2   1.0 0.3701281 0.2352186 0.5540760  0    0    0  0  0
3   2.0 0.2951351 0.2177224 0.4983025  0    0    0  0  0

[[1]]$bar.p$se
  delta          mu        mu_1       mu_0 de se_1 se_0 oe te
1   0.5 0.026233558 0.024723215 0.02910853  0    0    0  0  0
2   1.0 0.008894258 0.009210192 0.01424830  0    0    0  0  0
3   2.0 0.015838537 0.016205642 0.03867655  0    0    0  0  0



[1] "Total run time was 10612.58 seconds"
