WARNING: ignoring environment value of R_HOME

Attaching package: ‘dplyr’

The following objects are masked from ‘package:stats’:

    filter, lag

The following objects are masked from ‘package:base’:

    intersect, setdiff, setequal, union

Loading required package: splines
Loading required package: foreach
Loaded gam 1.20.2

Super Learner
Version: 2.0-28
Package created on 2021-05-04

Loading required package: lattice
Loading required package: ggplot2
Loading required package: Matrix
Loaded glmnet 4.1-7
Loading required package: Formula
Loading required package: plotmo
Loading required package: plotrix
Loading required package: TeachingDemos
Loaded gbm 2.1.8.1

Attaching package: ‘xgboost’

The following object is masked from ‘package:dplyr’:

    slice

[1] "[Simulation setting]"
[1] "m: 500"
[1] "deltas: 0.5, 1, 2"
[1] "alphas: 0.4251, 0.5948, 0.7448"
[1] "Sim.id 1"
[1] "Data generated"
[1] "Proposed & IPW estimators"
[1] "   Split: 1"
[1] "   Split: 2"
[1] "Barkley estimators"
[1] "I. Estimate GLMER model"
boundary (singular) fit: see help('isSingular')
[1] "IB. get MCFP vecs"
[1] "II. Estimate CFBI"
[1] "II. solving for alpha_num 1 of 3 ; alpha= 0.425133170705204"
[1] "elapsed: 3.2 minutes as of 2023-05-08 21:18:49"
[1] "II. solving for alpha_num 2 of 3 ; alpha= 0.594849404255532"
[1] "elapsed: 3.55 minutes as of 2023-05-08 21:22:22"
[1] "II. solving for alpha_num 3 of 3 ; alpha= 0.744822889124285"
[1] "elapsed: 3.17 minutes as of 2023-05-08 21:25:33"
[1] "III. Estimate MCFP"
[1] "III. alpha num 1 of 3"
[1] "elapsed: 0.33 minutes as of 2023-05-08 21:25:52"
[1] "III. alpha num 2 of 3"
[1] "elapsed: 0.66 minutes as of 2023-05-08 21:26:12"
[1] "III. alpha num 3 of 3"
[1] "elapsed: 0.99 minutes as of 2023-05-08 21:26:32"
[1] "IV. Target estimates"
[1] "Beginning variance calculations. This may take some time."
[1] "V. Variance estimates"
[1] ":model stuff:"
[1] "elapsed: 1.05 minutes as of 2023-05-08 21:27:38"
[1] ":CFBI EstFun:"
[1] "elapsed: 0 minutes as of 2023-05-08 21:27:38"
[1] ":CFBI alpha_num 1 of 3"
[1] "elapsed: 2.8 minutes as of 2023-05-08 21:30:26"
[1] ":CFBI alpha_num 2 of 3"
[1] "elapsed: 5.62 minutes as of 2023-05-08 21:33:15"
[1] ":CFBI alpha_num 3 of 3"
[1] ":MCFP EstFun:"
[1] "elapsed: 8.44 minutes as of 2023-05-08 21:36:04"
[1] ":MCFP alpha_num 1 of 3"
[1] "elapsed: 10.76 minutes as of 2023-05-08 21:38:24"
[1] ":MCFP alpha_num 2 of 3"
[1] "elapsed: 13.07 minutes as of 2023-05-08 21:40:42"
[1] ":MCFP alpha_num 3 of 3"
[1] "elapsed: 16.42 minutes as of 2023-05-08 21:43:00"
[1] ":target ests:"
[1] "elapsed: 0 minutes as of 2023-05-08 21:43:00"
[1] "Var_row_num 1 of 9"
[1] "elapsed: 6.55 minutes as of 2023-05-08 21:49:33"
[1] "elapsed: 0 minutes as of 2023-05-08 21:49:33"
[1] "elapsed: 0 minutes as of 2023-05-08 21:49:33"
[1] "Var_row_num 2 of 9"
[1] "elapsed: 6.58 minutes as of 2023-05-08 21:56:08"
[1] "elapsed: 0 minutes as of 2023-05-08 21:56:08"
[1] "elapsed: 0 minutes as of 2023-05-08 21:56:08"
[1] "Var_row_num 3 of 9"
[1] "elapsed: 6.57 minutes as of 2023-05-08 22:02:42"
[1] "elapsed: 0 minutes as of 2023-05-08 22:02:42"
[1] "elapsed: 0 minutes as of 2023-05-08 22:02:42"
[1] "Var_row_num 4 of 9"
[1] "elapsed: 6.58 minutes as of 2023-05-08 22:09:17"
[1] "elapsed: 0 minutes as of 2023-05-08 22:09:17"
[1] "elapsed: 0 minutes as of 2023-05-08 22:09:17"
[1] "Var_row_num 5 of 9"
[1] "elapsed: 6.59 minutes as of 2023-05-08 22:15:52"
[1] "elapsed: 0 minutes as of 2023-05-08 22:15:53"
[1] "elapsed: 0 minutes as of 2023-05-08 22:15:53"
[1] "Var_row_num 6 of 9"
[1] "elapsed: 6.52 minutes as of 2023-05-08 22:22:24"
[1] "elapsed: 0 minutes as of 2023-05-08 22:22:24"
[1] "elapsed: 0 minutes as of 2023-05-08 22:22:24"
[1] "Var_row_num 7 of 9"
[1] "elapsed: 6.55 minutes as of 2023-05-08 22:28:57"
[1] "elapsed: 0 minutes as of 2023-05-08 22:28:57"
[1] "elapsed: 0 minutes as of 2023-05-08 22:28:57"
[1] "Var_row_num 8 of 9"
[1] "elapsed: 6.55 minutes as of 2023-05-08 22:35:29"
[1] "elapsed: 0 minutes as of 2023-05-08 22:35:29"
[1] "elapsed: 0 minutes as of 2023-05-08 22:35:29"
[1] "Var_row_num 9 of 9"
[1] "elapsed: 6.6 minutes as of 2023-05-08 22:42:05"
[1] "elapsed: 0 minutes as of 2023-05-08 22:42:05"
[1] "Done with all variance calculations"
[1] "Estimates and SE estimates computed"
[1] ""
[[1]]
[[1]]$pro.p
[[1]]$pro.p$est
  delta        mu      mu_1      mu_0         de         se_1        se_0
1   0.5 0.4689195 0.2937383 0.5891936 -0.2954553  0.065029479  0.02962656
2   1.0 0.3672685 0.2287088 0.5595670 -0.3308582  0.000000000  0.00000000
3   2.0 0.3067732 0.2198086 0.5460361 -0.3262275 -0.008900237 -0.01353095
           oe         te
1  0.10165104 -0.2658287
2  0.00000000 -0.3308582
3 -0.06049531 -0.3397584

[[1]]$pro.p$se
  delta         mu       mu_1       mu_0         de       se_1       se_0
1   0.5 0.02871047 0.03259665 0.02909176 0.02589590 0.03125106 0.02582650
2   1.0 0.01149763 0.01071343 0.01538937 0.01412443 0.00000000 0.00000000
3   2.0 0.01706821 0.01669166 0.02285890 0.02103042 0.01235831 0.01751546
          oe         te
1 0.02673115 0.03419250
2 0.00000000 0.01412443
3 0.01324823 0.02000020


[[1]]$pro.np
[[1]]$pro.np$est
  delta        mu      mu_1      mu_0         de        se_1         se_0
1   0.5 0.4635244 0.2998123 0.5689786 -0.2691664  0.05572185  0.033388412
2   1.0 0.3707779 0.2440904 0.5355902 -0.2914998  0.00000000  0.000000000
3   2.0 0.3133781 0.2295313 0.5265705 -0.2970392 -0.01455916 -0.009019737
           oe         te
1  0.09274652 -0.2357780
2  0.00000000 -0.2914998
3 -0.05739981 -0.3060590

[[1]]$pro.np$se
  delta         mu       mu_1       mu_0         de       se_1       se_0
1   0.5 0.02736523 0.02690264 0.02891467 0.01945352 0.02519896 0.02607125
2   1.0 0.01165214 0.01082119 0.01489297 0.01255444 0.00000000 0.00000000
3   2.0 0.01804004 0.01785222 0.02196396 0.01969422 0.01320258 0.01615998
          oe         te
1 0.02517701 0.02778812
2 0.00000000 0.01255444
3 0.01365438 0.01974849


[[1]]$ipw.p
[[1]]$ipw.p$est
  delta        mu      mu_1      mu_0         de        se_1        se_0
1   0.5 0.5033132 0.3048583 0.6417098 -0.3368515  0.07671160 0.088993760
2   1.0 0.3629271 0.2281467 0.5527161 -0.3245694  0.00000000 0.000000000
3   2.0 0.3035194 0.2134901 0.5560059 -0.3425158 -0.01465653 0.003289883
           oe         te
1  0.14038607 -0.2478578
2  0.00000000 -0.3245694
3 -0.05940767 -0.3392259

[[1]]$ipw.p$se
  delta         mu        mu_1       mu_0         de       se_1       se_0
1   0.5 0.09712976 0.049160715 0.13139168 0.08556654 0.04872031 0.12707034
2   1.0 0.00934922 0.009806628 0.01600528 0.01768691 0.00000000 0.00000000
3   2.0 0.02004508 0.020049289 0.02809935 0.02305901 0.01604286 0.03170611
          oe         te
1 0.09521164 0.04684203
2 0.00000000 0.01768691
3 0.01997735 0.02822805


[[1]]$ipw.np
[[1]]$ipw.np$est
  delta        mu      mu_1      mu_0         de        se_1        se_0
1   0.5 0.4944728 0.3126329 0.6172414 -0.3046085  0.07770801 0.079603822
2   1.0 0.3629271 0.2349249 0.5376376 -0.3027127  0.00000000 0.000000000
3   2.0 0.3056920 0.2196938 0.5397564 -0.3200626 -0.01523117 0.002118767
           oe         te
1  0.13154568 -0.2250046
2  0.00000000 -0.3027127
3 -0.05723509 -0.3179438

[[1]]$ipw.np$se
  delta         mu       mu_1       mu_0         de       se_1      se_0
1   0.5 0.09198271 0.04913145 0.12107799 0.07555969 0.04869399 0.1167895
2   1.0 0.00934922 0.01011920 0.01564715 0.01751241 0.00000000 0.0000000
3   2.0 0.02017714 0.02072514 0.02757933 0.02316263 0.01652902 0.0309350
          oe         te
1 0.09004543 0.04679463
2 0.00000000 0.01751241
3 0.02003211 0.02849133


[[1]]$bar.p
[[1]]$bar.p$est
  delta        mu      mu_1      mu_0 de se_1 se_0 oe te
1   0.5 0.4972342 0.3599139 0.6218103  0    0    0  0  0
2   1.0 0.3596164 0.2306124 0.5526975  0    0    0  0  0
3   2.0 0.2941505 0.2072674 0.5185615  0    0    0  0  0

[[1]]$bar.p$se
  delta          mu        mu_1       mu_0 de se_1 se_0 oe te
1   0.5 0.073039015 0.074751166 0.07254771  0    0    0  0  0
2   1.0 0.008954135 0.009655516 0.01404573  0    0    0  0  0
3   2.0 0.016464385 0.015259651 0.03400050  0    0    0  0  0



[1] "Total run time was 5409.403 seconds"
