WARNING: ignoring environment value of R_HOME

Attaching package: ‘dplyr’

The following objects are masked from ‘package:stats’:

    filter, lag

The following objects are masked from ‘package:base’:

    intersect, setdiff, setequal, union

Loading required package: splines
Loading required package: foreach
Loaded gam 1.20.2

Super Learner
Version: 2.0-28
Package created on 2021-05-04

Loading required package: lattice
Loading required package: ggplot2
Loading required package: Matrix
Loaded glmnet 4.1-7
Loading required package: Formula
Loading required package: plotmo
Loading required package: plotrix
Loading required package: TeachingDemos
Loaded gbm 2.1.8.1

Attaching package: ‘xgboost’

The following object is masked from ‘package:dplyr’:

    slice

[1] "[Simulation setting]"
[1] "m: 500"
[1] "deltas: 0.5, 1, 2"
[1] "alphas: 0.4251, 0.5948, 0.7448"
[1] "Sim.id 1"
[1] "Data generated"
[1] "Proposed & IPW estimators"
[1] "   Split: 1"
[1] "   Split: 2"
[1] "Barkley estimators"
[1] "I. Estimate GLMER model"
[1] "IB. get MCFP vecs"
[1] "II. Estimate CFBI"
[1] "II. solving for alpha_num 1 of 3 ; alpha= 0.425133170705204"
[1] "elapsed: 5.66 minutes as of 2023-05-08 18:58:56"
[1] "II. solving for alpha_num 2 of 3 ; alpha= 0.594849404255532"
[1] "elapsed: 6.27 minutes as of 2023-05-08 19:05:13"
[1] "II. solving for alpha_num 3 of 3 ; alpha= 0.744822889124285"
[1] "elapsed: 8.23 minutes as of 2023-05-08 19:13:26"
[1] "III. Estimate MCFP"
[1] "III. alpha num 1 of 3"
[1] "elapsed: 0.72 minutes as of 2023-05-08 19:14:10"
[1] "III. alpha num 2 of 3"
[1] "elapsed: 1.43 minutes as of 2023-05-08 19:14:52"
[1] "III. alpha num 3 of 3"
[1] "elapsed: 2.14 minutes as of 2023-05-08 19:15:35"
[1] "IV. Target estimates"
[1] "Beginning variance calculations. This may take some time."
[1] "V. Variance estimates"
[1] ":model stuff:"
[1] "elapsed: 2.06 minutes as of 2023-05-08 19:17:44"
[1] ":CFBI EstFun:"
[1] "elapsed: 0 minutes as of 2023-05-08 19:17:44"
[1] ":CFBI alpha_num 1 of 3"
[1] "elapsed: 5.89 minutes as of 2023-05-08 19:23:37"
[1] ":CFBI alpha_num 2 of 3"
[1] "elapsed: 11.89 minutes as of 2023-05-08 19:29:37"
[1] ":CFBI alpha_num 3 of 3"
[1] ":MCFP EstFun:"
[1] "elapsed: 17.82 minutes as of 2023-05-08 19:35:33"
[1] ":MCFP alpha_num 1 of 3"
[1] "elapsed: 23.03 minutes as of 2023-05-08 19:40:46"
[1] ":MCFP alpha_num 2 of 3"
[1] "elapsed: 28.22 minutes as of 2023-05-08 19:45:57"
[1] ":MCFP alpha_num 3 of 3"
[1] "elapsed: 35.47 minutes as of 2023-05-08 19:51:09"
[1] ":target ests:"
[1] "elapsed: 0 minutes as of 2023-05-08 19:51:09"
[1] "Var_row_num 1 of 9"
[1] "elapsed: 12.68 minutes as of 2023-05-08 20:03:50"
[1] "elapsed: 0 minutes as of 2023-05-08 20:03:50"
[1] "elapsed: 0 minutes as of 2023-05-08 20:03:50"
[1] "Var_row_num 2 of 9"
[1] "elapsed: 12.52 minutes as of 2023-05-08 20:16:21"
[1] "elapsed: 0 minutes as of 2023-05-08 20:16:21"
[1] "elapsed: 0 minutes as of 2023-05-08 20:16:21"
[1] "Var_row_num 3 of 9"
[1] "elapsed: 12.6 minutes as of 2023-05-08 20:28:57"
[1] "elapsed: 0 minutes as of 2023-05-08 20:28:57"
[1] "elapsed: 0 minutes as of 2023-05-08 20:28:57"
[1] "Var_row_num 4 of 9"
[1] "elapsed: 12.44 minutes as of 2023-05-08 20:41:24"
[1] "elapsed: 0 minutes as of 2023-05-08 20:41:24"
[1] "elapsed: 0 minutes as of 2023-05-08 20:41:24"
[1] "Var_row_num 5 of 9"
[1] "elapsed: 12.41 minutes as of 2023-05-08 20:53:48"
[1] "elapsed: 0 minutes as of 2023-05-08 20:53:49"
[1] "elapsed: 0 minutes as of 2023-05-08 20:53:49"
[1] "Var_row_num 6 of 9"
[1] "elapsed: 12.28 minutes as of 2023-05-08 21:06:05"
[1] "elapsed: 0 minutes as of 2023-05-08 21:06:05"
[1] "elapsed: 0 minutes as of 2023-05-08 21:06:05"
[1] "Var_row_num 7 of 9"
[1] "elapsed: 11.91 minutes as of 2023-05-08 21:18:00"
[1] "elapsed: 0 minutes as of 2023-05-08 21:18:00"
[1] "elapsed: 0 minutes as of 2023-05-08 21:18:00"
[1] "Var_row_num 8 of 9"
[1] "elapsed: 11.4 minutes as of 2023-05-08 21:29:24"
[1] "elapsed: 0 minutes as of 2023-05-08 21:29:24"
[1] "elapsed: 0 minutes as of 2023-05-08 21:29:24"
[1] "Var_row_num 9 of 9"
[1] "elapsed: 11.31 minutes as of 2023-05-08 21:40:43"
[1] "elapsed: 0 minutes as of 2023-05-08 21:40:43"
[1] "Done with all variance calculations"
[1] "Estimates and SE estimates computed"
[1] ""
[[1]]
[[1]]$pro.p
[[1]]$pro.p$est
  delta        mu      mu_1      mu_0         de        se_1        se_0
1   0.5 0.4271344 0.2265226 0.5663443 -0.3398217  0.01368935  0.04200411
2   1.0 0.3434148 0.2128333 0.5243402 -0.3115069  0.00000000  0.00000000
3   2.0 0.2675638 0.1943577 0.4746569 -0.2802992 -0.01847556 -0.04968330
           oe         te
1  0.08371968 -0.2978176
2  0.00000000 -0.3115069
3 -0.07585099 -0.3299825

[[1]]$pro.p$se
  delta         mu        mu_1       mu_0         de       se_1       se_0
1   0.5 0.02476369 0.016903636 0.03501378 0.03222624 0.01390748 0.03002932
2   1.0 0.01114016 0.009543208 0.01550707 0.01418703 0.00000000 0.00000000
3   2.0 0.01910326 0.021087186 0.02542163 0.02847452 0.01800699 0.02108178
          oe         te
1 0.02144635 0.01933793
2 0.00000000 0.01418703
3 0.01638450 0.02464185


[[1]]$pro.np
[[1]]$pro.np$est
  delta        mu      mu_1      mu_0         de         se_1        se_0
1   0.5 0.4185047 0.2439160 0.5324939 -0.2885779  0.020767569  0.02911984
2   1.0 0.3444604 0.2231484 0.5033741 -0.2802257  0.000000000  0.00000000
3   2.0 0.2814302 0.2135724 0.4625218 -0.2489494 -0.009575997 -0.04085226
           oe         te
1  0.07404433 -0.2594581
2  0.00000000 -0.2802257
3 -0.06303020 -0.2898017

[[1]]$pro.np$se
  delta         mu        mu_1       mu_0         de       se_1       se_0
1   0.5 0.02115489 0.015150870 0.03075859 0.03017045 0.01164479 0.02621863
2   1.0 0.01146534 0.009830128 0.01525578 0.01281937 0.00000000 0.00000000
3   2.0 0.01792703 0.018102545 0.02389886 0.02260555 0.01439099 0.01918512
          oe         te
1 0.01751560 0.01747135
2 0.00000000 0.01281937
3 0.01457818 0.02053567


[[1]]$ipw.p
[[1]]$ipw.p$est
  delta        mu      mu_1      mu_0         de       se_1        se_0
1   0.5 0.5396352 0.2462841 0.7477919 -0.5015079 0.03262415  0.20696935
2   1.0 0.3496021 0.2136599 0.5408226 -0.3271627 0.00000000  0.00000000
3   2.0 0.3026485 0.2272422 0.5134797 -0.2862375 0.01358225 -0.02734294
           oe         te
1  0.19003305 -0.2945385
2  0.00000000 -0.3271627
3 -0.04695367 -0.3135804

[[1]]$ipw.p$se
  delta          mu       mu_1       mu_0         de       se_1       se_0
1   0.5 0.064049340 0.02295907 0.09955857 0.08805291 0.02212308 0.09201051
2   1.0 0.009274934 0.00886140 0.01788360 0.01961535 0.00000000 0.00000000
3   2.0 0.024649483 0.02608330 0.03011319 0.02645010 0.02330593 0.03473527
          oe         te
1 0.06115484 0.02230151
2 0.00000000 0.01961535
3 0.02517751 0.03457820


[[1]]$ipw.np
[[1]]$ipw.np$est
  delta        mu      mu_1      mu_0         de       se_1        se_0
1   0.5 0.5301496 0.2540467 0.7197602 -0.4657135 0.03441301  0.19293656
2   1.0 0.3496021 0.2196337 0.5268236 -0.3071899 0.00000000  0.00000000
3   2.0 0.3080841 0.2382603 0.4976070 -0.2593467 0.01862663 -0.02921659
           oe         te
1  0.18054749 -0.2727769
2  0.00000000 -0.3071899
3 -0.04151803 -0.2885633

[[1]]$ipw.np$se
  delta          mu        mu_1       mu_0         de       se_1       se_0
1   0.5 0.059734494 0.023092698 0.09112363 0.08033180 0.02220483 0.08347121
2   1.0 0.009274934 0.009087448 0.01762965 0.01947890 0.00000000 0.00000000
3   2.0 0.025889617 0.028265845 0.02777023 0.02460361 0.02521109 0.03244954
          oe         te
1 0.05674961 0.02210404
2 0.00000000 0.01947890
3 0.02620946 0.03617611


[[1]]$bar.p
[[1]]$bar.p$est
  delta        mu      mu_1      mu_0 de se_1 se_0 oe te
1   0.5 0.4532997 0.2382297 0.5848574  0    0    0  0  0
2   1.0 0.3448033 0.2186203 0.5084562  0    0    0  0  0
3   2.0 0.2674492 0.1971914 0.4445294  0    0    0  0  0

[[1]]$bar.p$se
  delta          mu        mu_1       mu_0 de se_1 se_0 oe te
1   0.5 0.020954103 0.021854940 0.02335190  0    0    0  0  0
2   1.0 0.008450669 0.009154105 0.01371951  0    0    0  0  0
3   2.0 0.012589474 0.012370884 0.02843784  0    0    0  0  0



[1] "Total run time was 10394.23 seconds"
