WARNING: ignoring environment value of R_HOME

Attaching package: ‘dplyr’

The following objects are masked from ‘package:stats’:

    filter, lag

The following objects are masked from ‘package:base’:

    intersect, setdiff, setequal, union

Loading required package: splines
Loading required package: foreach
Loaded gam 1.20.2

Super Learner
Version: 2.0-28
Package created on 2021-05-04

Loading required package: lattice
Loading required package: ggplot2
Loading required package: Matrix
Loaded glmnet 4.1-7
Loading required package: Formula
Loading required package: plotmo
Loading required package: plotrix
Loading required package: TeachingDemos
Loaded gbm 2.1.8.1

Attaching package: ‘xgboost’

The following object is masked from ‘package:dplyr’:

    slice

[1] "[Simulation setting]"
[1] "m: 500"
[1] "deltas: 0.5, 1, 2"
[1] "alphas: 0.4251, 0.5948, 0.7448"
[1] "Sim.id 1"
[1] "Data generated"
[1] "Proposed & IPW estimators"
[1] "   Split: 1"
[1] "   Split: 2"
[1] "Barkley estimators"
[1] "I. Estimate GLMER model"
[1] "IB. get MCFP vecs"
[1] "II. Estimate CFBI"
[1] "II. solving for alpha_num 1 of 3 ; alpha= 0.425133170705204"
[1] "elapsed: 3.69 minutes as of 2023-05-08 20:39:20"
[1] "II. solving for alpha_num 2 of 3 ; alpha= 0.594849404255532"
[1] "elapsed: 3.19 minutes as of 2023-05-08 20:42:31"
[1] "II. solving for alpha_num 3 of 3 ; alpha= 0.744822889124285"
[1] "elapsed: 3.2 minutes as of 2023-05-08 20:45:43"
[1] "III. Estimate MCFP"
[1] "III. alpha num 1 of 3"
[1] "elapsed: 0.32 minutes as of 2023-05-08 20:46:02"
[1] "III. alpha num 2 of 3"
[1] "elapsed: 0.64 minutes as of 2023-05-08 20:46:22"
[1] "III. alpha num 3 of 3"
[1] "elapsed: 0.96 minutes as of 2023-05-08 20:46:41"
[1] "IV. Target estimates"
[1] "Beginning variance calculations. This may take some time."
[1] "V. Variance estimates"
[1] ":model stuff:"
[1] "elapsed: 0.97 minutes as of 2023-05-08 20:47:42"
[1] ":CFBI EstFun:"
[1] "elapsed: 0 minutes as of 2023-05-08 20:47:42"
[1] ":CFBI alpha_num 1 of 3"
[1] "elapsed: 2.73 minutes as of 2023-05-08 20:50:26"
[1] ":CFBI alpha_num 2 of 3"
[1] "elapsed: 5.46 minutes as of 2023-05-08 20:53:09"
[1] ":CFBI alpha_num 3 of 3"
[1] ":MCFP EstFun:"
[1] "elapsed: 8.19 minutes as of 2023-05-08 20:55:53"
[1] ":MCFP alpha_num 1 of 3"
[1] "elapsed: 10.38 minutes as of 2023-05-08 20:58:04"
[1] ":MCFP alpha_num 2 of 3"
[1] "elapsed: 12.58 minutes as of 2023-05-08 21:00:16"
[1] ":MCFP alpha_num 3 of 3"
[1] "elapsed: 15.73 minutes as of 2023-05-08 21:02:27"
[1] ":target ests:"
[1] "elapsed: 0 minutes as of 2023-05-08 21:02:27"
[1] "Var_row_num 1 of 9"
[1] "elapsed: 6.33 minutes as of 2023-05-08 21:08:47"
[1] "elapsed: 0 minutes as of 2023-05-08 21:08:47"
[1] "elapsed: 0 minutes as of 2023-05-08 21:08:47"
[1] "Var_row_num 2 of 9"
[1] "elapsed: 6.34 minutes as of 2023-05-08 21:15:07"
[1] "elapsed: 0 minutes as of 2023-05-08 21:15:07"
[1] "elapsed: 0 minutes as of 2023-05-08 21:15:07"
[1] "Var_row_num 3 of 9"
[1] "elapsed: 6.25 minutes as of 2023-05-08 21:21:22"
[1] "elapsed: 0 minutes as of 2023-05-08 21:21:22"
[1] "elapsed: 0 minutes as of 2023-05-08 21:21:22"
[1] "Var_row_num 4 of 9"
[1] "elapsed: 6.27 minutes as of 2023-05-08 21:27:38"
[1] "elapsed: 0 minutes as of 2023-05-08 21:27:38"
[1] "elapsed: 0 minutes as of 2023-05-08 21:27:38"
[1] "Var_row_num 5 of 9"
[1] "elapsed: 6.26 minutes as of 2023-05-08 21:33:54"
[1] "elapsed: 0 minutes as of 2023-05-08 21:33:54"
[1] "elapsed: 0 minutes as of 2023-05-08 21:33:54"
[1] "Var_row_num 6 of 9"
[1] "elapsed: 6.24 minutes as of 2023-05-08 21:40:09"
[1] "elapsed: 0 minutes as of 2023-05-08 21:40:09"
[1] "elapsed: 0 minutes as of 2023-05-08 21:40:09"
[1] "Var_row_num 7 of 9"
[1] "elapsed: 6.25 minutes as of 2023-05-08 21:46:24"
[1] "elapsed: 0 minutes as of 2023-05-08 21:46:24"
[1] "elapsed: 0 minutes as of 2023-05-08 21:46:24"
[1] "Var_row_num 8 of 9"
[1] "elapsed: 6.24 minutes as of 2023-05-08 21:52:38"
[1] "elapsed: 0 minutes as of 2023-05-08 21:52:38"
[1] "elapsed: 0 minutes as of 2023-05-08 21:52:38"
[1] "Var_row_num 9 of 9"
[1] "elapsed: 6.25 minutes as of 2023-05-08 21:58:53"
[1] "elapsed: 0 minutes as of 2023-05-08 21:58:53"
[1] "Done with all variance calculations"
[1] "Estimates and SE estimates computed"
[1] ""
[[1]]
[[1]]$pro.p
[[1]]$pro.p$est
  delta        mu      mu_1      mu_0         de        se_1        se_0
1   0.5 0.4437129 0.2424658 0.5913227 -0.3488569  0.03318329  0.03920898
2   1.0 0.3478511 0.2092825 0.5521137 -0.3428312  0.00000000  0.00000000
3   2.0 0.2613323 0.1761988 0.5123006 -0.3361018 -0.03308367 -0.03981308
           oe         te
1  0.09586185 -0.3096479
2  0.00000000 -0.3428312
3 -0.08651878 -0.3759148

[[1]]$pro.p$se
  delta         mu        mu_1       mu_0         de       se_1       se_0
1   0.5 0.01904557 0.019122119 0.02503626 0.02686849 0.01645948 0.02059785
2   1.0 0.01141244 0.009715445 0.01568337 0.01380207 0.00000000 0.00000000
3   2.0 0.01594455 0.014536754 0.02539440 0.02310997 0.01115670 0.01995492
          oe         te
1 0.01594098 0.02176902
2 0.00000000 0.01380207
3 0.01224136 0.01822173


[[1]]$pro.np
[[1]]$pro.np$est
  delta        mu      mu_1      mu_0         de        se_1        se_0
1   0.5 0.4385259 0.2512565 0.5709786 -0.3197221  0.03099913  0.04127569
2   1.0 0.3491865 0.2202574 0.5297029 -0.3094455  0.00000000  0.00000000
3   2.0 0.2613261 0.1794611 0.4877934 -0.3083323 -0.04079625 -0.04190954
           oe         te
1  0.08933939 -0.2784464
2  0.00000000 -0.3094455
3 -0.08786042 -0.3502418

[[1]]$pro.np$se
  delta         mu       mu_1       mu_0         de       se_1       se_0
1   0.5 0.01719490 0.01604282 0.02232796 0.02247846 0.01257960 0.01801545
2   1.0 0.01158950 0.01000425 0.01500617 0.01241434 0.00000000 0.00000000
3   2.0 0.01783292 0.01876386 0.02340908 0.02484674 0.01602781 0.01774876
          oe         te
1 0.01348109 0.01839358
2 0.00000000 0.01241434
3 0.01438380 0.02114468


[[1]]$ipw.p
[[1]]$ipw.p$est
  delta        mu      mu_1      mu_0         de        se_1        se_0
1   0.5 0.5076457 0.2659182 0.6849017 -0.4189835  0.05279709  0.12705018
2   1.0 0.3535353 0.2131211 0.5578516 -0.3447304  0.00000000  0.00000000
3   2.0 0.2727572 0.1835065 0.5283985 -0.3448921 -0.02961468 -0.02945302
          oe         te
1  0.1541104 -0.2919333
2  0.0000000 -0.3447304
3 -0.0807781 -0.3743451

[[1]]$ipw.p$se
  delta          mu        mu_1       mu_0         de       se_1       se_0
1   0.5 0.068413241 0.033289955 0.09788632 0.07228433 0.03266687 0.09147150
2   1.0 0.009147167 0.008837341 0.01709138 0.01834670 0.00000000 0.00000000
3   2.0 0.017727385 0.016406952 0.02848529 0.02197177 0.01436124 0.03218842
          oe         te
1 0.06601877 0.03221341
2 0.00000000 0.01834670
3 0.01879682 0.02634673


[[1]]$ipw.np
[[1]]$ipw.np$est
  delta        mu      mu_1      mu_0         de        se_1        se_0
1   0.5 0.4996160 0.2712614 0.6618319 -0.3905704  0.05265704  0.12005161
2   1.0 0.3535353 0.2186044 0.5417803 -0.3231759  0.00000000  0.00000000
3   2.0 0.2775898 0.1907487 0.5150270 -0.3242784 -0.02785570 -0.02675321
           oe         te
1  0.14608069 -0.2705188
2  0.00000000 -0.3231759
3 -0.07594555 -0.3510316

[[1]]$ipw.np$se
  delta          mu        mu_1       mu_0         de       se_1       se_0
1   0.5 0.063944295 0.032706353 0.09021216 0.06575684 0.03209286 0.08380370
2   1.0 0.009147167 0.009051181 0.01664807 0.01806289 0.00000000 0.00000000
3   2.0 0.018594160 0.017565161 0.02818617 0.02142577 0.01546115 0.03166523
          oe         te
1 0.06152683 0.03153938
2 0.00000000 0.01806289
3 0.01954287 0.02682793


[[1]]$bar.p
[[1]]$bar.p$est
  delta        mu      mu_1      mu_0 de se_1 se_0 oe te
1   0.5 0.4987165 0.2865362 0.6401231  0    0    0  0  0
2   1.0 0.3541373 0.2209065 0.5310405  0    0    0  0  0
3   2.0 0.2614753 0.1821977 0.4879262  0    0    0  0  0

[[1]]$bar.p$se
  delta          mu        mu_1       mu_0 de se_1 se_0 oe te
1   0.5 0.049079607 0.043684464 0.05237667  0    0    0  0  0
2   1.0 0.008709856 0.009336251 0.01403265  0    0    0  0  0
3   2.0 0.012383068 0.010578902 0.05670614  0    0    0  0  0



[1] "Total run time was 5318.761 seconds"
