WARNING: ignoring environment value of R_HOME

Attaching package: ‘dplyr’

The following objects are masked from ‘package:stats’:

    filter, lag

The following objects are masked from ‘package:base’:

    intersect, setdiff, setequal, union

Loading required package: splines
Loading required package: foreach
Loaded gam 1.20.2

Super Learner
Version: 2.0-28
Package created on 2021-05-04

Loading required package: lattice
Loading required package: ggplot2
Loading required package: Matrix
Loaded glmnet 4.1-7
Loading required package: Formula
Loading required package: plotmo
Loading required package: plotrix
Loading required package: TeachingDemos
Loaded gbm 2.1.8.1

Attaching package: ‘xgboost’

The following object is masked from ‘package:dplyr’:

    slice

[1] "[Simulation setting]"
[1] "m: 500"
[1] "deltas: 0.5, 1, 2"
[1] "alphas: 0.4251, 0.5948, 0.7448"
[1] "Sim.id 1"
[1] "Data generated"
[1] "Proposed & IPW estimators"
[1] "   Split: 1"
[1] "   Split: 2"
[1] "Barkley estimators"
[1] "I. Estimate GLMER model"
[1] "IB. get MCFP vecs"
[1] "II. Estimate CFBI"
[1] "II. solving for alpha_num 1 of 3 ; alpha= 0.425133170705204"
[1] "elapsed: 6.36 minutes as of 2023-05-08 19:05:15"
[1] "II. solving for alpha_num 2 of 3 ; alpha= 0.594849404255532"
[1] "elapsed: 7.09 minutes as of 2023-05-08 19:12:20"
[1] "II. solving for alpha_num 3 of 3 ; alpha= 0.744822889124285"
[1] "elapsed: 6.35 minutes as of 2023-05-08 19:18:41"
[1] "III. Estimate MCFP"
[1] "III. alpha num 1 of 3"
[1] "elapsed: 0.66 minutes as of 2023-05-08 19:19:21"
[1] "III. alpha num 2 of 3"
[1] "elapsed: 1.31 minutes as of 2023-05-08 19:20:00"
[1] "III. alpha num 3 of 3"
[1] "elapsed: 1.96 minutes as of 2023-05-08 19:20:39"
[1] "IV. Target estimates"
[1] "Beginning variance calculations. This may take some time."
[1] "V. Variance estimates"
[1] ":model stuff:"
[1] "elapsed: 2.01 minutes as of 2023-05-08 19:22:44"
[1] ":CFBI EstFun:"
[1] "elapsed: 0 minutes as of 2023-05-08 19:22:44"
[1] ":CFBI alpha_num 1 of 3"
[1] "elapsed: 5.53 minutes as of 2023-05-08 19:28:16"
[1] ":CFBI alpha_num 2 of 3"
[1] "elapsed: 10.96 minutes as of 2023-05-08 19:33:41"
[1] ":CFBI alpha_num 3 of 3"
[1] ":MCFP EstFun:"
[1] "elapsed: 16.34 minutes as of 2023-05-08 19:39:05"
[1] ":MCFP alpha_num 1 of 3"
[1] "elapsed: 20.73 minutes as of 2023-05-08 19:43:28"
[1] ":MCFP alpha_num 2 of 3"
[1] "elapsed: 25.13 minutes as of 2023-05-08 19:47:52"
[1] ":MCFP alpha_num 3 of 3"
[1] "elapsed: 31.49 minutes as of 2023-05-08 19:52:13"
[1] ":target ests:"
[1] "elapsed: 0 minutes as of 2023-05-08 19:52:13"
[1] "Var_row_num 1 of 9"
[1] "elapsed: 10.39 minutes as of 2023-05-08 20:02:37"
[1] "elapsed: 0 minutes as of 2023-05-08 20:02:37"
[1] "elapsed: 0 minutes as of 2023-05-08 20:02:37"
[1] "Var_row_num 2 of 9"
[1] "elapsed: 10.38 minutes as of 2023-05-08 20:13:00"
[1] "elapsed: 0 minutes as of 2023-05-08 20:13:00"
[1] "elapsed: 0 minutes as of 2023-05-08 20:13:00"
[1] "Var_row_num 3 of 9"
[1] "elapsed: 10.57 minutes as of 2023-05-08 20:23:34"
[1] "elapsed: 0 minutes as of 2023-05-08 20:23:34"
[1] "elapsed: 0 minutes as of 2023-05-08 20:23:34"
[1] "Var_row_num 4 of 9"
[1] "elapsed: 10.88 minutes as of 2023-05-08 20:34:27"
[1] "elapsed: 0 minutes as of 2023-05-08 20:34:27"
[1] "elapsed: 0 minutes as of 2023-05-08 20:34:27"
[1] "Var_row_num 5 of 9"
[1] "elapsed: 10.75 minutes as of 2023-05-08 20:45:12"
[1] "elapsed: 0 minutes as of 2023-05-08 20:45:12"
[1] "elapsed: 0 minutes as of 2023-05-08 20:45:12"
[1] "Var_row_num 6 of 9"
[1] "elapsed: 10.68 minutes as of 2023-05-08 20:55:52"
[1] "elapsed: 0 minutes as of 2023-05-08 20:55:52"
[1] "elapsed: 0 minutes as of 2023-05-08 20:55:52"
[1] "Var_row_num 7 of 9"
[1] "elapsed: 11.01 minutes as of 2023-05-08 21:06:53"
[1] "elapsed: 0 minutes as of 2023-05-08 21:06:53"
[1] "elapsed: 0 minutes as of 2023-05-08 21:06:53"
[1] "Var_row_num 8 of 9"
[1] "elapsed: 10.97 minutes as of 2023-05-08 21:17:51"
[1] "elapsed: 0 minutes as of 2023-05-08 21:17:51"
[1] "elapsed: 0 minutes as of 2023-05-08 21:17:51"
[1] "Var_row_num 9 of 9"
[1] "elapsed: 10.87 minutes as of 2023-05-08 21:28:43"
[1] "elapsed: 0 minutes as of 2023-05-08 21:28:44"
[1] "Done with all variance calculations"
[1] "Estimates and SE estimates computed"
[1] ""
[[1]]
[[1]]$pro.p
[[1]]$pro.p$est
  delta        mu      mu_1      mu_0         de        se_1        se_0
1   0.5 0.4467770 0.2355728 0.6072202 -0.3716474  0.01563816 0.039762612
2   1.0 0.3580843 0.2199346 0.5674576 -0.3475229  0.00000000 0.000000000
3   2.0 0.2949279 0.2059638 0.5678425 -0.3618787 -0.01397086 0.000384901
           oe         te
1  0.08869269 -0.3318848
2  0.00000000 -0.3475229
3 -0.06315639 -0.3614938

[[1]]$pro.p$se
  delta         mu       mu_1       mu_0         de       se_1       se_0
1   0.5 0.02284639 0.01296335 0.03440176 0.03273121 0.01086588 0.02979305
2   1.0 0.01137802 0.00981301 0.01555764 0.01363334 0.00000000 0.00000000
3   2.0 0.02207566 0.02301664 0.02430858 0.02301621 0.02019658 0.01953143
          oe         te
1 0.01966626 0.01690744
2 0.00000000 0.01363334
3 0.01942331 0.02597664


[[1]]$pro.np
[[1]]$pro.np$est
  delta        mu      mu_1      mu_0         de        se_1         se_0
1   0.5 0.4357555 0.2549642 0.5672067 -0.3122425  0.02698321  0.039078300
2   1.0 0.3518811 0.2279810 0.5281284 -0.3001474  0.00000000  0.000000000
3   2.0 0.3018799 0.2222344 0.5266887 -0.3044543 -0.00574659 -0.001439714
           oe         te
1  0.08387434 -0.2731642
2  0.00000000 -0.3001474
3 -0.05000125 -0.3058940

[[1]]$pro.np$se
  delta         mu       mu_1       mu_0         de        se_1       se_0
1   0.5 0.01945659 0.01265832 0.02713729 0.02388816 0.009977224 0.02261558
2   1.0 0.01172919 0.01010733 0.01521636 0.01222335 0.000000000 0.00000000
3   2.0 0.02168843 0.02191804 0.02387564 0.02101852 0.018814216 0.01863173
          oe         te
1 0.01583511 0.01514209
2 0.00000000 0.01222335
3 0.01846134 0.02392952


[[1]]$ipw.p
[[1]]$ipw.p$est
  delta        mu      mu_1      mu_0         de      se_1       se_0
1   0.5 0.4936745 0.2480979 0.6810774 -0.4329795 0.0259845 0.11391315
2   1.0 0.3604367 0.2221134 0.5671643 -0.3450508 0.0000000 0.00000000
3   2.0 0.3243040 0.2389233 0.5791342 -0.3402109 0.0168099 0.01196994
           oe         te
1  0.13323779 -0.3190663
2  0.00000000 -0.3450508
3 -0.03613263 -0.3282409

[[1]]$ipw.p$se
  delta          mu        mu_1       mu_0         de       se_1       se_0
1   0.5 0.065383129 0.021641700 0.10290707 0.08932004 0.02109472 0.09543367
2   1.0 0.009009524 0.008943062 0.01640917 0.01778047 0.00000000 0.00000000
3   2.0 0.031279190 0.034610657 0.03048706 0.02633065 0.03258642 0.03527135
          oe         te
1 0.06265230 0.01999816
2 0.00000000 0.01778047
3 0.03170174 0.04089624


[[1]]$ipw.np
[[1]]$ipw.np$est
  delta        mu      mu_1      mu_0         de       se_1        se_0
1   0.5 0.4924340 0.2571693 0.6657036 -0.4085343 0.02988651 0.112977216
2   1.0 0.3604367 0.2272828 0.5527264 -0.3254436 0.00000000 0.000000000
3   2.0 0.3249073 0.2434193 0.5604069 -0.3169876 0.01613649 0.007680487
           oe         te
1  0.13199728 -0.2955571
2  0.00000000 -0.3254436
3 -0.03552936 -0.3093071

[[1]]$ipw.np$se
  delta          mu        mu_1       mu_0         de       se_1       se_0
1   0.5 0.062962439 0.021675674 0.09785292 0.08500919 0.02111845 0.09033493
2   1.0 0.009009524 0.009137093 0.01617162 0.01762040 0.00000000 0.00000000
3   2.0 0.031677184 0.035736869 0.02955636 0.02664587 0.03366972 0.03418074
          oe         te
1 0.06018435 0.01993109
2 0.00000000 0.01762040
3 0.03206588 0.04171641


[[1]]$bar.p
[[1]]$bar.p$est
  delta        mu      mu_1      mu_0 de se_1 se_0 oe te
1   0.5 0.4741903 0.2449583 0.6233228  0    0    0  0  0
2   1.0 0.3613116 0.2227970 0.5586105  0    0    0  0  0
3   2.0 0.3057799 0.2183165 0.5731585  0    0    0  0  0

[[1]]$bar.p$se
  delta          mu        mu_1       mu_0 de se_1 se_0 oe te
1   0.5 0.036059853 0.022783783 0.04047220  0    0    0  0  0
2   1.0 0.008501372 0.008829573 0.01323652  0    0    0  0  0
3   2.0 0.017088175 0.016493924 0.04507039  0    0    0  0  0



[1] "Total run time was 9321.003 seconds"
