WARNING: ignoring environment value of R_HOME

Attaching package: ‘dplyr’

The following objects are masked from ‘package:stats’:

    filter, lag

The following objects are masked from ‘package:base’:

    intersect, setdiff, setequal, union

Loading required package: splines
Loading required package: foreach
Loaded gam 1.20.2

Super Learner
Version: 2.0-28
Package created on 2021-05-04

Loading required package: lattice
Loading required package: ggplot2
Loading required package: Matrix
Loaded glmnet 4.1-7
Loading required package: Formula
Loading required package: plotmo
Loading required package: plotrix
Loading required package: TeachingDemos
Loaded gbm 2.1.8.1

Attaching package: ‘xgboost’

The following object is masked from ‘package:dplyr’:

    slice

[1] "[Simulation setting]"
[1] "m: 500"
[1] "deltas: 0.5, 1, 2"
[1] "alphas: 0.4251, 0.5948, 0.7448"
[1] "Sim.id 1"
[1] "Data generated"
[1] "Proposed & IPW estimators"
[1] "   Split: 1"
[1] "   Split: 2"
[1] "Barkley estimators"
[1] "I. Estimate GLMER model"
[1] "IB. get MCFP vecs"
[1] "II. Estimate CFBI"
[1] "II. solving for alpha_num 1 of 3 ; alpha= 0.425133170705204"
[1] "elapsed: 7.2 minutes as of 2023-05-08 19:02:43"
[1] "II. solving for alpha_num 2 of 3 ; alpha= 0.594849404255532"
[1] "elapsed: 8.03 minutes as of 2023-05-08 19:10:45"
[1] "II. solving for alpha_num 3 of 3 ; alpha= 0.744822889124285"
[1] "elapsed: 7.15 minutes as of 2023-05-08 19:17:53"
[1] "III. Estimate MCFP"
[1] "III. alpha num 1 of 3"
[1] "elapsed: 0.76 minutes as of 2023-05-08 19:18:39"
[1] "III. alpha num 2 of 3"
[1] "elapsed: 1.52 minutes as of 2023-05-08 19:19:25"
[1] "III. alpha num 3 of 3"
[1] "elapsed: 2.31 minutes as of 2023-05-08 19:20:12"
[1] "IV. Target estimates"
[1] "Beginning variance calculations. This may take some time."
[1] "V. Variance estimates"
[1] ":model stuff:"
[1] "elapsed: 2.32 minutes as of 2023-05-08 19:22:37"
[1] ":CFBI EstFun:"
[1] "elapsed: 0 minutes as of 2023-05-08 19:22:37"
[1] ":CFBI alpha_num 1 of 3"
[1] "elapsed: 6.31 minutes as of 2023-05-08 19:28:56"
[1] ":CFBI alpha_num 2 of 3"
[1] "elapsed: 12.6 minutes as of 2023-05-08 19:35:13"
[1] ":CFBI alpha_num 3 of 3"
[1] ":MCFP EstFun:"
[1] "elapsed: 18.89 minutes as of 2023-05-08 19:41:30"
[1] ":MCFP alpha_num 1 of 3"
[1] "elapsed: 24.25 minutes as of 2023-05-08 19:46:52"
[1] ":MCFP alpha_num 2 of 3"
[1] "elapsed: 29.6 minutes as of 2023-05-08 19:52:13"
[1] ":MCFP alpha_num 3 of 3"
[1] "elapsed: 37.29 minutes as of 2023-05-08 19:57:35"
[1] ":target ests:"
[1] "elapsed: 0 minutes as of 2023-05-08 19:57:35"
[1] "Var_row_num 1 of 9"
[1] "elapsed: 12.68 minutes as of 2023-05-08 20:10:15"
[1] "elapsed: 0 minutes as of 2023-05-08 20:10:16"
[1] "elapsed: 0 minutes as of 2023-05-08 20:10:16"
[1] "Var_row_num 2 of 9"
[1] "elapsed: 12.67 minutes as of 2023-05-08 20:22:56"
[1] "elapsed: 0 minutes as of 2023-05-08 20:22:56"
[1] "elapsed: 0 minutes as of 2023-05-08 20:22:56"
[1] "Var_row_num 3 of 9"
[1] "elapsed: 12.63 minutes as of 2023-05-08 20:35:33"
[1] "elapsed: 0 minutes as of 2023-05-08 20:35:33"
[1] "elapsed: 0 minutes as of 2023-05-08 20:35:33"
[1] "Var_row_num 4 of 9"
[1] "elapsed: 12.65 minutes as of 2023-05-08 20:48:12"
[1] "elapsed: 0 minutes as of 2023-05-08 20:48:12"
[1] "elapsed: 0 minutes as of 2023-05-08 20:48:12"
[1] "Var_row_num 5 of 9"
[1] "elapsed: 12.68 minutes as of 2023-05-08 21:00:53"
[1] "elapsed: 0 minutes as of 2023-05-08 21:00:53"
[1] "elapsed: 0 minutes as of 2023-05-08 21:00:53"
[1] "Var_row_num 6 of 9"
[1] "elapsed: 12.68 minutes as of 2023-05-08 21:13:34"
[1] "elapsed: 0 minutes as of 2023-05-08 21:13:34"
[1] "elapsed: 0 minutes as of 2023-05-08 21:13:34"
[1] "Var_row_num 7 of 9"
[1] "elapsed: 12.74 minutes as of 2023-05-08 21:26:18"
[1] "elapsed: 0 minutes as of 2023-05-08 21:26:18"
[1] "elapsed: 0 minutes as of 2023-05-08 21:26:18"
[1] "Var_row_num 8 of 9"
[1] "elapsed: 12.4 minutes as of 2023-05-08 21:38:43"
[1] "elapsed: 0 minutes as of 2023-05-08 21:38:43"
[1] "elapsed: 0 minutes as of 2023-05-08 21:38:43"
[1] "Var_row_num 9 of 9"
[1] "elapsed: 11.91 minutes as of 2023-05-08 21:50:37"
[1] "elapsed: 0 minutes as of 2023-05-08 21:50:38"
[1] "Done with all variance calculations"
[1] "Estimates and SE estimates computed"
[1] ""
[[1]]
[[1]]$pro.p
[[1]]$pro.p$est
  delta        mu      mu_1      mu_0         de        se_1        se_0
1   0.5 0.4607077 0.2447208 0.6140184 -0.3692976  0.02224318  0.04617730
2   1.0 0.3652529 0.2224776 0.5678411 -0.3453635  0.00000000  0.00000000
3   2.0 0.2810237 0.1935942 0.5326356 -0.3390415 -0.02888344 -0.03520549
           oe         te
1  0.09545481 -0.3231203
2  0.00000000 -0.3453635
3 -0.08422927 -0.3742470

[[1]]$pro.p$se
  delta         mu       mu_1       mu_0         de       se_1       se_0
1   0.5 0.01732362 0.01424798 0.02259450 0.02155215 0.01162700 0.01740089
2   1.0 0.01150205 0.01007103 0.01598418 0.01433519 0.00000000 0.00000000
3   2.0 0.01840263 0.01800362 0.02381398 0.02110865 0.01406772 0.01933162
          oe         te
1 0.01339971 0.01699908
2 0.00000000 0.01433519
3 0.01535029 0.02194336


[[1]]$pro.np
[[1]]$pro.np$est
  delta        mu      mu_1      mu_0         de        se_1        se_0
1   0.5 0.4569328 0.2628173 0.5912416 -0.3284243  0.03115563  0.04419116
2   1.0 0.3651117 0.2316617 0.5470504 -0.3153887  0.00000000  0.00000000
3   2.0 0.2767095 0.1929931 0.5055088 -0.3125156 -0.03866855 -0.04154165
           oe         te
1  0.09182118 -0.2842331
2  0.00000000 -0.3153887
3 -0.08840211 -0.3540573

[[1]]$pro.np$se
  delta         mu       mu_1       mu_0         de       se_1       se_0
1   0.5 0.01570481 0.01479833 0.01910380 0.01895142 0.01184540 0.01395789
2   1.0 0.01162575 0.01021004 0.01513239 0.01245086 0.00000000 0.00000000
3   2.0 0.01913459 0.01907384 0.02334047 0.02123669 0.01526459 0.01837508
          oe         te
1 0.01126847 0.01629238
2 0.00000000 0.01245086
3 0.01569846 0.02140760


[[1]]$ipw.p
[[1]]$ipw.p$est
  delta        mu      mu_1      mu_0         de         se_1         se_0
1   0.5 0.4274725 0.2395006 0.5613397 -0.3218391  0.017130735 -0.009807199
2   1.0 0.3663146 0.2223698 0.5711469 -0.3487770  0.000000000  0.000000000
3   2.0 0.3108494 0.2172433 0.5749258 -0.3576825 -0.005126557  0.003778907
           oe         te
1  0.06115794 -0.3316463
2  0.00000000 -0.3487770
3 -0.05546520 -0.3539036

[[1]]$ipw.p$se
  delta          mu        mu_1       mu_0         de       se_1       se_0
1   0.5 0.039010237 0.021318595 0.05411764 0.04011139 0.02094392 0.04565026
2   1.0 0.009188191 0.009252145 0.01677979 0.01851057 0.00000000 0.00000000
3   2.0 0.020738675 0.020720079 0.02912863 0.02401378 0.01673380 0.03307124
          oe         te
1 0.03575147 0.02066328
2 0.00000000 0.01851057
3 0.02068015 0.02942964


[[1]]$ipw.np
[[1]]$ipw.np$est
  delta        mu      mu_1      mu_0         de         se_1         se_0
1   0.5 0.4270446 0.2463362 0.5526142 -0.3062779  0.019387072 -0.007098350
2   1.0 0.3663146 0.2269492 0.5597125 -0.3327633  0.000000000  0.000000000
3   2.0 0.3123866 0.2215244 0.5607574 -0.3392330 -0.005424783  0.001044913
           oe         te
1  0.06073005 -0.3133763
2  0.00000000 -0.3327633
3 -0.05392792 -0.3381881

[[1]]$ipw.np$se
  delta          mu        mu_1       mu_0         de       se_1       se_0
1   0.5 0.039079224 0.021944332 0.05335947 0.03899426 0.02156517 0.04505470
2   1.0 0.009188191 0.009415221 0.01654984 0.01837304 0.00000000 0.00000000
3   2.0 0.020981173 0.021147409 0.02871280 0.02377834 0.01709381 0.03253511
          oe         te
1 0.03583106 0.02103757
2 0.00000000 0.01837304
3 0.02089614 0.02961109


[[1]]$bar.p
[[1]]$bar.p$est
  delta        mu      mu_1      mu_0 de se_1 se_0 oe te
1   0.5 0.4472347 0.2581592 0.5907587  0    0    0  0  0
2   1.0 0.3644193 0.2234660 0.5557373  0    0    0  0  0
3   2.0 0.2998959 0.2117099 0.5108213  0    0    0  0  0

[[1]]$bar.p$se
  delta          mu        mu_1       mu_0 de se_1 se_0 oe te
1   0.5 0.032588646 0.032861504 0.03318959  0    0    0  0  0
2   1.0 0.008824274 0.008868468 0.01364754  0    0    0  0  0
3   2.0 0.013735795 0.013377985 0.02897981  0    0    0  0  0



[1] "Total run time was 10870.612 seconds"
