WARNING: ignoring environment value of R_HOME

Attaching package: ‘dplyr’

The following objects are masked from ‘package:stats’:

    filter, lag

The following objects are masked from ‘package:base’:

    intersect, setdiff, setequal, union

Loading required package: splines
Loading required package: foreach
Loaded gam 1.20.2

Super Learner
Version: 2.0-28
Package created on 2021-05-04

Loading required package: lattice
Loading required package: ggplot2
Loading required package: Matrix
Loaded glmnet 4.1-7
Loading required package: Formula
Loading required package: plotmo
Loading required package: plotrix
Loading required package: TeachingDemos
Loaded gbm 2.1.8.1

Attaching package: ‘xgboost’

The following object is masked from ‘package:dplyr’:

    slice

[1] "[Simulation setting]"
[1] "m: 500"
[1] "deltas: 0.5, 1, 2"
[1] "alphas: 0.4251, 0.5948, 0.7448"
[1] "Sim.id 1"
[1] "Data generated"
[1] "Proposed & IPW estimators"
[1] "   Split: 1"
[1] "   Split: 2"
[1] "Barkley estimators"
[1] "I. Estimate GLMER model"
[1] "IB. get MCFP vecs"
[1] "II. Estimate CFBI"
[1] "II. solving for alpha_num 1 of 3 ; alpha= 0.425133170705204"
[1] "elapsed: 6.15 minutes as of 2023-05-08 18:41:56"
[1] "II. solving for alpha_num 2 of 3 ; alpha= 0.594849404255532"
[1] "elapsed: 7.71 minutes as of 2023-05-08 18:49:39"
[1] "II. solving for alpha_num 3 of 3 ; alpha= 0.744822889124285"
[1] "elapsed: 6.04 minutes as of 2023-05-08 18:55:41"
[1] "III. Estimate MCFP"
[1] "III. alpha num 1 of 3"
[1] "elapsed: 0.6 minutes as of 2023-05-08 18:56:17"
[1] "III. alpha num 2 of 3"
[1] "elapsed: 1.2 minutes as of 2023-05-08 18:56:53"
[1] "III. alpha num 3 of 3"
[1] "elapsed: 1.8 minutes as of 2023-05-08 18:57:29"
[1] "IV. Target estimates"
[1] "Beginning variance calculations. This may take some time."
[1] "V. Variance estimates"
[1] ":model stuff:"
[1] "elapsed: 1.81 minutes as of 2023-05-08 18:59:23"
[1] ":CFBI EstFun:"
[1] "elapsed: 0 minutes as of 2023-05-08 18:59:23"
[1] ":CFBI alpha_num 1 of 3"
[1] "elapsed: 5.26 minutes as of 2023-05-08 19:04:38"
[1] ":CFBI alpha_num 2 of 3"
[1] "elapsed: 10.52 minutes as of 2023-05-08 19:09:54"
[1] ":CFBI alpha_num 3 of 3"
[1] ":MCFP EstFun:"
[1] "elapsed: 16.21 minutes as of 2023-05-08 19:15:35"
[1] ":MCFP alpha_num 1 of 3"
[1] "elapsed: 21.1 minutes as of 2023-05-08 19:20:29"
[1] ":MCFP alpha_num 2 of 3"
[1] "elapsed: 26.11 minutes as of 2023-05-08 19:25:30"
[1] ":MCFP alpha_num 3 of 3"
[1] "elapsed: 32.79 minutes as of 2023-05-08 19:30:22"
[1] ":target ests:"
[1] "elapsed: 0 minutes as of 2023-05-08 19:30:22"
[1] "Var_row_num 1 of 9"
[1] "elapsed: 12.75 minutes as of 2023-05-08 19:43:06"
[1] "elapsed: 0 minutes as of 2023-05-08 19:43:06"
[1] "elapsed: 0 minutes as of 2023-05-08 19:43:06"
[1] "Var_row_num 2 of 9"
[1] "elapsed: 12.73 minutes as of 2023-05-08 19:55:50"
[1] "elapsed: 0 minutes as of 2023-05-08 19:55:50"
[1] "elapsed: 0 minutes as of 2023-05-08 19:55:50"
[1] "Var_row_num 3 of 9"
[1] "elapsed: 12.52 minutes as of 2023-05-08 20:08:22"
[1] "elapsed: 0 minutes as of 2023-05-08 20:08:22"
[1] "elapsed: 0 minutes as of 2023-05-08 20:08:22"
[1] "Var_row_num 4 of 9"
[1] "elapsed: 12.68 minutes as of 2023-05-08 20:21:03"
[1] "elapsed: 0 minutes as of 2023-05-08 20:21:03"
[1] "elapsed: 0 minutes as of 2023-05-08 20:21:03"
[1] "Var_row_num 5 of 9"
[1] "elapsed: 12.95 minutes as of 2023-05-08 20:34:00"
[1] "elapsed: 0 minutes as of 2023-05-08 20:34:00"
[1] "elapsed: 0 minutes as of 2023-05-08 20:34:00"
[1] "Var_row_num 6 of 9"
[1] "elapsed: 13.37 minutes as of 2023-05-08 20:47:22"
[1] "elapsed: 0 minutes as of 2023-05-08 20:47:22"
[1] "elapsed: 0 minutes as of 2023-05-08 20:47:22"
[1] "Var_row_num 7 of 9"
[1] "elapsed: 13.94 minutes as of 2023-05-08 21:01:19"
[1] "elapsed: 0 minutes as of 2023-05-08 21:01:19"
[1] "elapsed: 0 minutes as of 2023-05-08 21:01:19"
[1] "Var_row_num 8 of 9"
[1] "elapsed: 14.28 minutes as of 2023-05-08 21:15:36"
[1] "elapsed: 0 minutes as of 2023-05-08 21:15:36"
[1] "elapsed: 0 minutes as of 2023-05-08 21:15:36"
[1] "Var_row_num 9 of 9"
[1] "elapsed: 13.03 minutes as of 2023-05-08 21:28:38"
[1] "elapsed: 0 minutes as of 2023-05-08 21:28:38"
[1] "Done with all variance calculations"
[1] "Estimates and SE estimates computed"
[1] ""
[[1]]
[[1]]$pro.p
[[1]]$pro.p$est
  delta        mu      mu_1      mu_0         de        se_1         se_0
1   0.5 0.4819320 0.2833353 0.6255394 -0.3422041  0.03958576  0.059627069
2   1.0 0.3767058 0.2437495 0.5659123 -0.3221628  0.00000000  0.000000000
3   2.0 0.3047340 0.2131445 0.5591052 -0.3459606 -0.03060497 -0.006807131
           oe         te
1  0.10522619 -0.2825770
2  0.00000000 -0.3221628
3 -0.07197175 -0.3527678

[[1]]$pro.p$se
  delta         mu       mu_1       mu_0         de       se_1       se_0
1   0.5 0.01824133 0.01484887 0.02415140 0.02320669 0.01150527 0.02060343
2   1.0 0.01235225 0.01100829 0.01570517 0.01351703 0.00000000 0.00000000
3   2.0 0.01783993 0.01776372 0.02461092 0.02371322 0.01286180 0.01864691
          oe         te
1 0.01464227 0.01690350
2 0.00000000 0.01351703
3 0.01315615 0.02037564


[[1]]$pro.np
[[1]]$pro.np$est
  delta        mu      mu_1      mu_0         de        se_1        se_0
1   0.5 0.4788706 0.2917000 0.6096447 -0.3179448  0.03003636  0.06177658
2   1.0 0.3852169 0.2616636 0.5478682 -0.2862046  0.00000000  0.00000000
3   2.0 0.3208038 0.2348941 0.5347569 -0.2998628 -0.02676949 -0.01311124
           oe         te
1  0.09365370 -0.2561682
2  0.00000000 -0.2862046
3 -0.06441306 -0.3129740

[[1]]$pro.np$se
  delta         mu       mu_1       mu_0         de       se_1       se_0
1   0.5 0.02201593 0.01472802 0.03145649 0.02879931 0.01133112 0.02744421
2   1.0 0.01293254 0.01158551 0.01581370 0.01256817 0.00000000 0.00000000
3   2.0 0.02017360 0.02006396 0.02462179 0.02251600 0.01467691 0.01847489
          oe         te
1 0.01831946 0.01589724
2 0.00000000 0.01256817
3 0.01480296 0.02109144


[[1]]$ipw.p
[[1]]$ipw.p$est
  delta        mu      mu_1      mu_0         de        se_1        se_0
1   0.5 0.5126453 0.2937964 0.6726227 -0.3788263  0.05244442  0.09850417
2   1.0 0.3778590 0.2413520 0.5741185 -0.3327666  0.00000000  0.00000000
3   2.0 0.3127310 0.2284233 0.5540705 -0.3256472 -0.01292868 -0.02004799
           oe         te
1  0.13478630 -0.2803221
2  0.00000000 -0.3327666
3 -0.06512796 -0.3456952

[[1]]$ipw.p$se
  delta         mu        mu_1       mu_0         de       se_1       se_0
1   0.5 0.06213130 0.023947469 0.09518373 0.08030664 0.02299953 0.08787552
2   1.0 0.00952536 0.009351427 0.01688977 0.01811059 0.00000000 0.00000000
3   2.0 0.02240121 0.023458636 0.02911388 0.02568698 0.02072823 0.03387752
          oe         te
1 0.05910858 0.02052100
2 0.00000000 0.01811059
3 0.02330700 0.03210273


[[1]]$ipw.np
[[1]]$ipw.np$est
  delta        mu      mu_1      mu_0         de         se_1        se_0
1   0.5 0.5070564 0.3014149 0.6569737 -0.3555588  0.051826044  0.10152948
2   1.0 0.3778590 0.2495888 0.5554442 -0.3058553  0.000000000  0.00000000
3   2.0 0.3202536 0.2414592 0.5323324 -0.2908732 -0.008129675 -0.02311178
           oe         te
1  0.12919743 -0.2540293
2  0.00000000 -0.3058553
3 -0.05760537 -0.3139850

[[1]]$ipw.np$se
  delta         mu        mu_1       mu_0         de       se_1       se_0
1   0.5 0.06050387 0.023494326 0.09295519 0.07872113 0.02258359 0.08568729
2   1.0 0.00952536 0.009663098 0.01654485 0.01792266 0.00000000 0.00000000
3   2.0 0.02389452 0.026100189 0.02750063 0.02544930 0.02329156 0.03227407
          oe         te
1 0.05753504 0.01982225
2 0.00000000 0.01792266
3 0.02468166 0.03404781


[[1]]$bar.p
[[1]]$bar.p$est
  delta        mu      mu_1      mu_0 de se_1 se_0 oe te
1   0.5 0.4988331 0.3040141 0.6319011  0    0    0  0  0
2   1.0 0.3744719 0.2466582 0.5551458  0    0    0  0  0
3   2.0 0.2915560 0.2113347 0.5091835  0    0    0  0  0

[[1]]$bar.p$se
  delta          mu        mu_1       mu_0 de se_1 se_0 oe te
1   0.5 0.031046032 0.026422228 0.03317131  0    0    0  0  0
2   1.0 0.008643886 0.009458821 0.01368838  0    0    0  0  0
3   2.0 0.012836051 0.013119036 0.03221835  0    0    0  0  0



[1] "Total run time was 10771.558 seconds"
