WARNING: ignoring environment value of R_HOME

Attaching package: ‘dplyr’

The following objects are masked from ‘package:stats’:

    filter, lag

The following objects are masked from ‘package:base’:

    intersect, setdiff, setequal, union

Loading required package: splines
Loading required package: foreach
Loaded gam 1.20.2

Super Learner
Version: 2.0-28
Package created on 2021-05-04

Loading required package: lattice
Loading required package: ggplot2
Loading required package: Matrix
Loaded glmnet 4.1-7
Loading required package: Formula
Loading required package: plotmo
Loading required package: plotrix
Loading required package: TeachingDemos
Loaded gbm 2.1.8.1

Attaching package: ‘xgboost’

The following object is masked from ‘package:dplyr’:

    slice

[1] "[Simulation setting]"
[1] "m: 500"
[1] "deltas: 0.5, 1, 2"
[1] "alphas: 0.4251, 0.5948, 0.7448"
[1] "Sim.id 1"
[1] "Data generated"
[1] "Proposed & IPW estimators"
[1] "   Split: 1"
[1] "   Split: 2"
[1] "Barkley estimators"
[1] "I. Estimate GLMER model"
[1] "IB. get MCFP vecs"
[1] "II. Estimate CFBI"
[1] "II. solving for alpha_num 1 of 3 ; alpha= 0.425133170705204"
[1] "elapsed: 7.35 minutes as of 2023-05-08 18:48:04"
[1] "II. solving for alpha_num 2 of 3 ; alpha= 0.594849404255532"
[1] "elapsed: 7.81 minutes as of 2023-05-08 18:55:53"
[1] "II. solving for alpha_num 3 of 3 ; alpha= 0.744822889124285"
[1] "elapsed: 6.04 minutes as of 2023-05-08 19:01:55"
[1] "III. Estimate MCFP"
[1] "III. alpha num 1 of 3"
[1] "elapsed: 0.64 minutes as of 2023-05-08 19:02:34"
[1] "III. alpha num 2 of 3"
[1] "elapsed: 1.29 minutes as of 2023-05-08 19:03:13"
[1] "III. alpha num 3 of 3"
[1] "elapsed: 1.92 minutes as of 2023-05-08 19:03:51"
[1] "IV. Target estimates"
[1] "Beginning variance calculations. This may take some time."
[1] "V. Variance estimates"
[1] ":model stuff:"
[1] "elapsed: 1.85 minutes as of 2023-05-08 19:05:46"
[1] ":CFBI EstFun:"
[1] "elapsed: 0 minutes as of 2023-05-08 19:05:46"
[1] ":CFBI alpha_num 1 of 3"
[1] "elapsed: 5.17 minutes as of 2023-05-08 19:10:57"
[1] ":CFBI alpha_num 2 of 3"
[1] "elapsed: 10.31 minutes as of 2023-05-08 19:16:05"
[1] ":CFBI alpha_num 3 of 3"
[1] ":MCFP EstFun:"
[1] "elapsed: 15.4 minutes as of 2023-05-08 19:21:10"
[1] ":MCFP alpha_num 1 of 3"
[1] "elapsed: 19.8 minutes as of 2023-05-08 19:25:34"
[1] ":MCFP alpha_num 2 of 3"
[1] "elapsed: 24.17 minutes as of 2023-05-08 19:29:56"
[1] ":MCFP alpha_num 3 of 3"
[1] "elapsed: 30.29 minutes as of 2023-05-08 19:34:13"
[1] ":target ests:"
[1] "elapsed: 0 minutes as of 2023-05-08 19:34:13"
[1] "Var_row_num 1 of 9"
[1] "elapsed: 10.31 minutes as of 2023-05-08 19:44:32"
[1] "elapsed: 0 minutes as of 2023-05-08 19:44:32"
[1] "elapsed: 0 minutes as of 2023-05-08 19:44:32"
[1] "Var_row_num 2 of 9"
[1] "elapsed: 10.36 minutes as of 2023-05-08 19:54:53"
[1] "elapsed: 0 minutes as of 2023-05-08 19:54:54"
[1] "elapsed: 0 minutes as of 2023-05-08 19:54:54"
[1] "Var_row_num 3 of 9"
[1] "elapsed: 10.41 minutes as of 2023-05-08 20:05:18"
[1] "elapsed: 0 minutes as of 2023-05-08 20:05:18"
[1] "elapsed: 0 minutes as of 2023-05-08 20:05:18"
[1] "Var_row_num 4 of 9"
[1] "elapsed: 10.49 minutes as of 2023-05-08 20:15:48"
[1] "elapsed: 0 minutes as of 2023-05-08 20:15:48"
[1] "elapsed: 0 minutes as of 2023-05-08 20:15:48"
[1] "Var_row_num 5 of 9"
[1] "elapsed: 10.61 minutes as of 2023-05-08 20:26:25"
[1] "elapsed: 0 minutes as of 2023-05-08 20:26:25"
[1] "elapsed: 0 minutes as of 2023-05-08 20:26:25"
[1] "Var_row_num 6 of 9"
[1] "elapsed: 11.01 minutes as of 2023-05-08 20:37:25"
[1] "elapsed: 0 minutes as of 2023-05-08 20:37:25"
[1] "elapsed: 0 minutes as of 2023-05-08 20:37:25"
[1] "Var_row_num 7 of 9"
[1] "elapsed: 11.36 minutes as of 2023-05-08 20:48:47"
[1] "elapsed: 0 minutes as of 2023-05-08 20:48:47"
[1] "elapsed: 0 minutes as of 2023-05-08 20:48:47"
[1] "Var_row_num 8 of 9"
[1] "elapsed: 11.09 minutes as of 2023-05-08 20:59:52"
[1] "elapsed: 0 minutes as of 2023-05-08 20:59:52"
[1] "elapsed: 0 minutes as of 2023-05-08 20:59:52"
[1] "Var_row_num 9 of 9"
[1] "elapsed: 10.35 minutes as of 2023-05-08 21:10:13"
[1] "elapsed: 0 minutes as of 2023-05-08 21:10:13"
[1] "Done with all variance calculations"
[1] "Estimates and SE estimates computed"
[1] ""
[[1]]
[[1]]$pro.p
[[1]]$pro.p$est
  delta        mu      mu_1      mu_0         de        se_1        se_0
1   0.5 0.4509613 0.2456038 0.5917694 -0.3461656  0.01265046  0.02161885
2   1.0 0.3754980 0.2329534 0.5701506 -0.3371972  0.00000000  0.00000000
3   2.0 0.2941064 0.2067048 0.5356962 -0.3289914 -0.02624859 -0.03445434
           oe         te
1  0.07546335 -0.3245467
2  0.00000000 -0.3371972
3 -0.08139153 -0.3634458

[[1]]$pro.p$se
  delta         mu       mu_1       mu_0         de       se_1       se_0
1   0.5 0.01654754 0.01672636 0.02083357 0.02220958 0.01394479 0.01702201
2   1.0 0.01134478 0.01047767 0.01497027 0.01357688 0.00000000 0.00000000
3   2.0 0.01746866 0.01789875 0.02439627 0.02470411 0.01411845 0.01871340
          oe         te
1 0.01379798 0.01940673
2 0.00000000 0.01357688
3 0.01341686 0.02070039


[[1]]$pro.np
[[1]]$pro.np$est
  delta        mu      mu_1      mu_0         de        se_1        se_0
1   0.5 0.4429946 0.2614696 0.5615110 -0.3000414  0.01457263  0.01541010
2   1.0 0.3766332 0.2468970 0.5461009 -0.2992039  0.00000000  0.00000000
3   2.0 0.2949182 0.2119034 0.5113335 -0.2994300 -0.03499354 -0.03476744
           oe         te
1  0.06636137 -0.2846313
2  0.00000000 -0.2992039
3 -0.08171503 -0.3341975

[[1]]$pro.np$se
  delta         mu       mu_1       mu_0         de       se_1       se_0
1   0.5 0.01578198 0.01521970 0.01971488 0.02030972 0.01203325 0.01573834
2   1.0 0.01170553 0.01076451 0.01467580 0.01198979 0.00000000 0.00000000
3   2.0 0.01802901 0.01849171 0.02340976 0.02333546 0.01465227 0.01753134
          oe         te
1 0.01251549 0.01684140
2 0.00000000 0.01198979
3 0.01358799 0.01994531


[[1]]$ipw.p
[[1]]$ipw.p$est
  delta        mu      mu_1      mu_0         de        se_1        se_0
1   0.5 0.4531676 0.2508595 0.5972813 -0.3464218 0.024634705  0.03766851
2   1.0 0.3655596 0.2262248 0.5596128 -0.3333880 0.000000000  0.00000000
3   2.0 0.3141836 0.2309688 0.5420228 -0.3110540 0.004743979 -0.01759001
         oe         te
1  0.087608 -0.3087533
2  0.000000 -0.3333880
3 -0.051376 -0.3286440

[[1]]$ipw.p$se
  delta          mu        mu_1       mu_0         de       se_1       se_0
1   0.5 0.040944688 0.020680465 0.05968444 0.04901610 0.01994376 0.05233563
2   1.0 0.009136185 0.009523114 0.01590368 0.01770808 0.00000000 0.00000000
3   2.0 0.022467321 0.024038173 0.02818473 0.02571639 0.02085995 0.03190300
          oe         te
1 0.03807386 0.01936726
2 0.00000000 0.01770808
3 0.02286570 0.03204721


[[1]]$ipw.np
[[1]]$ipw.np$est
  delta        mu      mu_1      mu_0         de        se_1        se_0
1   0.5 0.4486478 0.2562585 0.5804017 -0.3241432 0.023768268  0.03567672
2   1.0 0.3655596 0.2324902 0.5447250 -0.3122348 0.000000000  0.00000000
3   2.0 0.3188875 0.2394739 0.5290592 -0.2895853 0.006983641 -0.01566578
           oe         te
1  0.08308816 -0.2884665
2  0.00000000 -0.3122348
3 -0.04667214 -0.3052511

[[1]]$ipw.np$se
  delta          mu        mu_1       mu_0         de       se_1       se_0
1   0.5 0.040394507 0.021300284 0.05721071 0.04616302 0.02060646 0.04995319
2   1.0 0.009136185 0.009789179 0.01565439 0.01757203 0.00000000 0.00000000
3   2.0 0.022856353 0.024998604 0.02769923 0.02606141 0.02167393 0.03121335
          oe         te
1 0.03754948 0.01985743
2 0.00000000 0.01757203
3 0.02316998 0.03265228


[[1]]$bar.p
[[1]]$bar.p$est
  delta        mu      mu_1      mu_0 de se_1 se_0 oe te
1   0.5 0.4413534 0.2771676 0.5768604  0    0    0  0  0
2   1.0 0.3603205 0.2306664 0.5415176  0    0    0  0  0
3   2.0 0.2851466 0.2065694 0.4646726  0    0    0  0  0

[[1]]$bar.p$se
  delta         mu        mu_1       mu_0 de se_1 se_0 oe te
1   0.5 0.01977950 0.027409123 0.02095168  0    0    0  0  0
2   1.0 0.00865578 0.009623265 0.01367837  0    0    0  0  0
3   2.0 0.01342601 0.012675862 0.03396984  0    0    0  0  0



[1] "Total run time was 9443.629 seconds"
