WARNING: ignoring environment value of R_HOME

Attaching package: ‘dplyr’

The following objects are masked from ‘package:stats’:

    filter, lag

The following objects are masked from ‘package:base’:

    intersect, setdiff, setequal, union

Loading required package: splines
Loading required package: foreach
Loaded gam 1.20.2

Super Learner
Version: 2.0-28
Package created on 2021-05-04

Loading required package: lattice
Loading required package: ggplot2
Loading required package: Matrix
Loaded glmnet 4.1-7
Loading required package: Formula
Loading required package: plotmo
Loading required package: plotrix
Loading required package: TeachingDemos
Loaded gbm 2.1.8.1

Attaching package: ‘xgboost’

The following object is masked from ‘package:dplyr’:

    slice

[1] "[Simulation setting]"
[1] "m: 500"
[1] "deltas: 0.5, 1, 2"
[1] "alphas: 0.4251, 0.5948, 0.7448"
[1] "Sim.id 1"
[1] "Data generated"
[1] "Proposed & IPW estimators"
[1] "   Split: 1"
[1] "   Split: 2"
[1] "Barkley estimators"
[1] "I. Estimate GLMER model"
[1] "IB. get MCFP vecs"
[1] "II. Estimate CFBI"
[1] "II. solving for alpha_num 1 of 3 ; alpha= 0.425133170705204"
[1] "elapsed: 9.47 minutes as of 2023-05-08 19:10:44"
[1] "II. solving for alpha_num 2 of 3 ; alpha= 0.594849404255532"
[1] "elapsed: 8.4 minutes as of 2023-05-08 19:19:08"
[1] "II. solving for alpha_num 3 of 3 ; alpha= 0.744822889124285"
[1] "elapsed: 8.5 minutes as of 2023-05-08 19:27:38"
[1] "III. Estimate MCFP"
[1] "III. alpha num 1 of 3"
[1] "elapsed: 0.9 minutes as of 2023-05-08 19:28:32"
[1] "III. alpha num 2 of 3"
[1] "elapsed: 1.8 minutes as of 2023-05-08 19:29:26"
[1] "III. alpha num 3 of 3"
[1] "elapsed: 2.69 minutes as of 2023-05-08 19:30:20"
[1] "IV. Target estimates"
[1] "Beginning variance calculations. This may take some time."
[1] "V. Variance estimates"
[1] ":model stuff:"
[1] "elapsed: 2.53 minutes as of 2023-05-08 19:32:58"
[1] ":CFBI EstFun:"
[1] "elapsed: 0 minutes as of 2023-05-08 19:32:58"
[1] ":CFBI alpha_num 1 of 3"
[1] "elapsed: 7.42 minutes as of 2023-05-08 19:40:24"
[1] ":CFBI alpha_num 2 of 3"
[1] "elapsed: 14.82 minutes as of 2023-05-08 19:47:48"
[1] ":CFBI alpha_num 3 of 3"
[1] ":MCFP EstFun:"
[1] "elapsed: 22.28 minutes as of 2023-05-08 19:55:15"
[1] ":MCFP alpha_num 1 of 3"
[1] "elapsed: 28.66 minutes as of 2023-05-08 20:01:38"
[1] ":MCFP alpha_num 2 of 3"
[1] "elapsed: 35 minutes as of 2023-05-08 20:07:58"
[1] ":MCFP alpha_num 3 of 3"
[1] "elapsed: 43.86 minutes as of 2023-05-08 20:14:18"
[1] ":target ests:"
[1] "elapsed: 0 minutes as of 2023-05-08 20:14:18"
[1] "Var_row_num 1 of 9"
[1] "elapsed: 15.89 minutes as of 2023-05-08 20:30:12"
[1] "elapsed: 0 minutes as of 2023-05-08 20:30:12"
[1] "elapsed: 0 minutes as of 2023-05-08 20:30:12"
[1] "Var_row_num 2 of 9"
[1] "elapsed: 16.03 minutes as of 2023-05-08 20:46:14"
[1] "elapsed: 0 minutes as of 2023-05-08 20:46:14"
[1] "elapsed: 0 minutes as of 2023-05-08 20:46:14"
[1] "Var_row_num 3 of 9"
[1] "elapsed: 16.07 minutes as of 2023-05-08 21:02:18"
[1] "elapsed: 0 minutes as of 2023-05-08 21:02:18"
[1] "elapsed: 0 minutes as of 2023-05-08 21:02:18"
[1] "Var_row_num 4 of 9"
[1] "elapsed: 16.12 minutes as of 2023-05-08 21:18:26"
[1] "elapsed: 0 minutes as of 2023-05-08 21:18:26"
[1] "elapsed: 0 minutes as of 2023-05-08 21:18:26"
[1] "Var_row_num 5 of 9"
[1] "elapsed: 16.13 minutes as of 2023-05-08 21:34:33"
[1] "elapsed: 0 minutes as of 2023-05-08 21:34:34"
[1] "elapsed: 0 minutes as of 2023-05-08 21:34:34"
[1] "Var_row_num 6 of 9"
[1] "elapsed: 16.06 minutes as of 2023-05-08 21:50:38"
[1] "elapsed: 0 minutes as of 2023-05-08 21:50:38"
[1] "elapsed: 0 minutes as of 2023-05-08 21:50:38"
[1] "Var_row_num 7 of 9"
[1] "elapsed: 15.61 minutes as of 2023-05-08 22:06:14"
[1] "elapsed: 0 minutes as of 2023-05-08 22:06:15"
[1] "elapsed: 0 minutes as of 2023-05-08 22:06:15"
[1] "Var_row_num 8 of 9"
[1] "elapsed: 15.65 minutes as of 2023-05-08 22:21:53"
[1] "elapsed: 0 minutes as of 2023-05-08 22:21:54"
[1] "elapsed: 0 minutes as of 2023-05-08 22:21:54"
[1] "Var_row_num 9 of 9"
[1] "elapsed: 15.72 minutes as of 2023-05-08 22:37:37"
[1] "elapsed: 0 minutes as of 2023-05-08 22:37:37"
[1] "Done with all variance calculations"
[1] "Estimates and SE estimates computed"
[1] ""
[[1]]
[[1]]$pro.p
[[1]]$pro.p$est
  delta        mu      mu_1      mu_0         de         se_1        se_0
1   0.5 0.4338718 0.2395346 0.5697421 -0.3302075  0.004543498 -0.01004331
2   1.0 0.3774618 0.2349911 0.5797854 -0.3447943  0.000000000  0.00000000
3   2.0 0.2597230 0.1675806 0.5231234 -0.3555428 -0.067410527 -0.05666200
           oe         te
1  0.05641007 -0.3402508
2  0.00000000 -0.3447943
3 -0.11773880 -0.4122048

[[1]]$pro.p$se
  delta         mu       mu_1       mu_0         de       se_1       se_0
1   0.5 0.02514763 0.01786973 0.03708715 0.03493965 0.01586732 0.03312729
2   1.0 0.01142749 0.01029817 0.01549747 0.01401591 0.00000000 0.00000000
3   2.0 0.02946009 0.03372350 0.03053539 0.03005645 0.03096345 0.02511505
          oe         te
1 0.02308096 0.02116503
2 0.00000000 0.01401591
3 0.02629578 0.03471192


[[1]]$pro.np
[[1]]$pro.np$est
  delta        mu      mu_1      mu_0         de        se_1        se_0
1   0.5 0.4273709 0.2579206 0.5403015 -0.2823809  0.01071448 -0.01112300
2   1.0 0.3767781 0.2472061 0.5514245 -0.3042184  0.00000000  0.00000000
3   2.0 0.2824030 0.2034993 0.5033896 -0.2998903 -0.04370678 -0.04803484
           oe         te
1  0.05059283 -0.2935039
2  0.00000000 -0.3042184
3 -0.09437512 -0.3479252

[[1]]$pro.np$se
  delta         mu       mu_1       mu_0         de       se_1       se_0
1   0.5 0.01940641 0.01399731 0.02922476 0.02812882 0.01136444 0.02591949
2   1.0 0.01164898 0.01069989 0.01455011 0.01218847 0.00000000 0.00000000
3   2.0 0.02016199 0.01894496 0.02714078 0.02221883 0.01474924 0.02199813
          oe         te
1 0.01717474 0.01642606
2 0.00000000 0.01218847
3 0.01584960 0.02040252


[[1]]$ipw.p
[[1]]$ipw.p$est
  delta        mu      mu_1      mu_0         de       se_1         se_0
1   0.5 0.5452160 0.2744713 0.7486395 -0.4741682 0.04427861  0.187514233
2   1.0 0.3638404 0.2301927 0.5611253 -0.3309326 0.00000000  0.000000000
3   2.0 0.3350054 0.2605085 0.5518567 -0.2913482 0.03031577 -0.009268606
          oe         te
1  0.1813756 -0.2866540
2  0.0000000 -0.3309326
3 -0.0288350 -0.3006168

[[1]]$ipw.p$se
  delta          mu        mu_1       mu_0         de       se_1       se_0
1   0.5 0.065852398 0.027118283 0.10292569 0.09000859 0.02656830 0.09585902
2   1.0 0.009206521 0.009377543 0.01721535 0.01917925 0.00000000 0.00000000
3   2.0 0.027646130 0.030737747 0.03092228 0.02998807 0.02806343 0.03528547
          oe         te
1 0.06333736 0.02611954
2 0.00000000 0.01917925
3 0.02819215 0.03862419


[[1]]$ipw.np
[[1]]$ipw.np$est
  delta        mu      mu_1      mu_0         de       se_1        se_0
1   0.5 0.5397382 0.2821359 0.7292832 -0.4471473 0.04526595  0.18527178
2   1.0 0.3638404 0.2368699 0.5440114 -0.3071415 0.00000000  0.00000000
3   2.0 0.3284472 0.2582548 0.5262470 -0.2679923 0.02138485 -0.01776435
           oe         te
1  0.17589782 -0.2618755
2  0.00000000 -0.3071415
3 -0.03539319 -0.2857566

[[1]]$ipw.np$se
  delta          mu        mu_1       mu_0         de       se_1       se_0
1   0.5 0.067393730 0.029629747 0.10382584 0.08925023 0.02914037 0.09718686
2   1.0 0.009206521 0.009665096 0.01672276 0.01889992 0.00000000 0.00000000
3   2.0 0.024020546 0.028046454 0.02729190 0.03036325 0.02498049 0.03152130
          oe         te
1 0.06503713 0.02842608
2 0.00000000 0.01889992
3 0.02448672 0.03605127


[[1]]$bar.p
[[1]]$bar.p$est
  delta        mu      mu_1      mu_0 de se_1 se_0 oe te
1   0.5 0.4648361 0.2536405 0.6054211  0    0    0  0  0
2   1.0 0.3617408 0.2307598 0.5418169  0    0    0  0  0
3   2.0 0.2895233 0.2114132 0.4866527  0    0    0  0  0

[[1]]$bar.p$se
  delta          mu        mu_1       mu_0 de se_1 se_0 oe te
1   0.5 0.021767181 0.021243519 0.02439533  0    0    0  0  0
2   1.0 0.008504577 0.009269801 0.01369124  0    0    0  0  0
3   2.0 0.012509532 0.012114140 0.03137774  0    0    0  0  0



[1] "Total run time was 13574.512 seconds"
