WARNING: ignoring environment value of R_HOME

Attaching package: ‘dplyr’

The following objects are masked from ‘package:stats’:

    filter, lag

The following objects are masked from ‘package:base’:

    intersect, setdiff, setequal, union

Loading required package: splines
Loading required package: foreach
Loaded gam 1.20.2

Super Learner
Version: 2.0-28
Package created on 2021-05-04

Loading required package: lattice
Loading required package: ggplot2
Loading required package: Matrix
Loaded glmnet 4.1-7
Loading required package: Formula
Loading required package: plotmo
Loading required package: plotrix
Loading required package: TeachingDemos
Loaded gbm 2.1.8.1

Attaching package: ‘xgboost’

The following object is masked from ‘package:dplyr’:

    slice

[1] "[Simulation setting]"
[1] "m: 500"
[1] "deltas: 0.5, 1, 2"
[1] "alphas: 0.4251, 0.5948, 0.7448"
[1] "Sim.id 1"
[1] "Data generated"
[1] "Proposed & IPW estimators"
[1] "   Split: 1"
[1] "   Split: 2"
[1] "Barkley estimators"
[1] "I. Estimate GLMER model"
boundary (singular) fit: see help('isSingular')
[1] "IB. get MCFP vecs"
[1] "II. Estimate CFBI"
[1] "II. solving for alpha_num 1 of 3 ; alpha= 0.425133170705204"
[1] "elapsed: 6.46 minutes as of 2023-05-08 21:23:08"
[1] "II. solving for alpha_num 2 of 3 ; alpha= 0.594849404255532"
[1] "elapsed: 7.24 minutes as of 2023-05-08 21:30:23"
[1] "II. solving for alpha_num 3 of 3 ; alpha= 0.744822889124285"
[1] "elapsed: 6.44 minutes as of 2023-05-08 21:36:49"
[1] "III. Estimate MCFP"
[1] "III. alpha num 1 of 3"
[1] "elapsed: 0.66 minutes as of 2023-05-08 21:37:29"
[1] "III. alpha num 2 of 3"
[1] "elapsed: 1.33 minutes as of 2023-05-08 21:38:09"
[1] "III. alpha num 3 of 3"
[1] "elapsed: 1.99 minutes as of 2023-05-08 21:38:49"
[1] "IV. Target estimates"
[1] "Beginning variance calculations. This may take some time."
[1] "V. Variance estimates"
[1] ":model stuff:"
[1] "elapsed: 2.12 minutes as of 2023-05-08 21:41:01"
[1] ":CFBI EstFun:"
[1] "elapsed: 0 minutes as of 2023-05-08 21:41:01"
[1] ":CFBI alpha_num 1 of 3"
[1] "elapsed: 5.64 minutes as of 2023-05-08 21:46:40"
[1] ":CFBI alpha_num 2 of 3"
[1] "elapsed: 11.28 minutes as of 2023-05-08 21:52:18"
[1] ":CFBI alpha_num 3 of 3"
[1] ":MCFP EstFun:"
[1] "elapsed: 16.93 minutes as of 2023-05-08 21:57:57"
[1] ":MCFP alpha_num 1 of 3"
[1] "elapsed: 21.57 minutes as of 2023-05-08 22:02:36"
[1] ":MCFP alpha_num 2 of 3"
[1] "elapsed: 26.24 minutes as of 2023-05-08 22:07:16"
[1] ":MCFP alpha_num 3 of 3"
[1] "elapsed: 33.03 minutes as of 2023-05-08 22:11:56"
[1] ":target ests:"
[1] "elapsed: 0 minutes as of 2023-05-08 22:11:56"
[1] "Var_row_num 1 of 9"
[1] "elapsed: 11.55 minutes as of 2023-05-08 22:23:29"
[1] "elapsed: 0 minutes as of 2023-05-08 22:23:29"
[1] "elapsed: 0 minutes as of 2023-05-08 22:23:29"
[1] "Var_row_num 2 of 9"
[1] "elapsed: 11.56 minutes as of 2023-05-08 22:35:03"
[1] "elapsed: 0 minutes as of 2023-05-08 22:35:03"
[1] "elapsed: 0 minutes as of 2023-05-08 22:35:03"
[1] "Var_row_num 3 of 9"
[1] "elapsed: 11.59 minutes as of 2023-05-08 22:46:38"
[1] "elapsed: 0 minutes as of 2023-05-08 22:46:38"
[1] "elapsed: 0 minutes as of 2023-05-08 22:46:38"
[1] "Var_row_num 4 of 9"
[1] "elapsed: 11.64 minutes as of 2023-05-08 22:58:17"
[1] "elapsed: 0 minutes as of 2023-05-08 22:58:17"
[1] "elapsed: 0 minutes as of 2023-05-08 22:58:17"
[1] "Var_row_num 5 of 9"
[1] "elapsed: 11.71 minutes as of 2023-05-08 23:09:59"
[1] "elapsed: 0 minutes as of 2023-05-08 23:09:59"
[1] "elapsed: 0 minutes as of 2023-05-08 23:09:59"
[1] "Var_row_num 6 of 9"
[1] "elapsed: 11.88 minutes as of 2023-05-08 23:21:52"
[1] "elapsed: 0 minutes as of 2023-05-08 23:21:52"
[1] "elapsed: 0 minutes as of 2023-05-08 23:21:52"
[1] "Var_row_num 7 of 9"
[1] "elapsed: 11.83 minutes as of 2023-05-08 23:33:42"
[1] "elapsed: 0 minutes as of 2023-05-08 23:33:42"
[1] "elapsed: 0 minutes as of 2023-05-08 23:33:42"
[1] "Var_row_num 8 of 9"
[1] "elapsed: 11.99 minutes as of 2023-05-08 23:45:41"
[1] "elapsed: 0 minutes as of 2023-05-08 23:45:41"
[1] "elapsed: 0 minutes as of 2023-05-08 23:45:41"
[1] "Var_row_num 9 of 9"
[1] "elapsed: 11.84 minutes as of 2023-05-08 23:57:31"
[1] "elapsed: 0 minutes as of 2023-05-08 23:57:32"
[1] "Done with all variance calculations"
[1] "Estimates and SE estimates computed"
[1] ""
[[1]]
[[1]]$pro.p
[[1]]$pro.p$est
  delta        mu      mu_1      mu_0         de        se_1        se_0
1   0.5 0.4284558 0.2446205 0.5614920 -0.3168715  0.02233254  0.02314192
2   1.0 0.3510993 0.2222880 0.5383501 -0.3160621  0.00000000  0.00000000
3   2.0 0.2764873 0.1977001 0.5070261 -0.3093260 -0.02458783 -0.03132400
           oe         te
1  0.07735654 -0.2937296
2  0.00000000 -0.3160621
3 -0.07461194 -0.3406500

[[1]]$pro.p$se
  delta         mu        mu_1       mu_0         de        se_1       se_0
1   0.5 0.01622536 0.012962327 0.02303647 0.02310227 0.009821516 0.01718245
2   1.0 0.01106258 0.009988488 0.01601653 0.01522998 0.000000000 0.00000000
3   2.0 0.01925840 0.019680884 0.02374527 0.02423814 0.016214246 0.01891129
          oe         te
1 0.01289433 0.01744665
2 0.00000000 0.01522998
3 0.01612389 0.02363439


[[1]]$pro.np
[[1]]$pro.np$est
  delta        mu      mu_1      mu_0         de        se_1         se_0
1   0.5 0.4091029 0.2423384 0.5218364 -0.2794980  0.01278069  0.008983292
2   1.0 0.3494654 0.2295577 0.5128531 -0.2832954  0.00000000  0.000000000
3   2.0 0.2830418 0.2102231 0.4818192 -0.2715961 -0.01933465 -0.031033938
           oe         te
1  0.05963759 -0.2705147
2  0.00000000 -0.2832954
3 -0.06642356 -0.3026301

[[1]]$pro.np$se
  delta         mu       mu_1       mu_0         de       se_1       se_0
1   0.5 0.01454476 0.01230411 0.02056500 0.02074628 0.00924856 0.01468533
2   1.0 0.01131808 0.01018995 0.01537951 0.01348463 0.00000000 0.00000000
3   2.0 0.02086972 0.02154141 0.02292865 0.02320513 0.01762970 0.01760724
          oe         te
1 0.01110289 0.01601639
2 0.00000000 0.01348463
3 0.01712497 0.02374229


[[1]]$ipw.p
[[1]]$ipw.p$est
  delta        mu      mu_1      mu_0         de         se_1        se_0
1   0.5 0.3601588 0.2328377 0.4559352 -0.2230974  0.008694896 -0.09307070
2   1.0 0.3547956 0.2241428 0.5490059 -0.3248630  0.000000000  0.00000000
3   2.0 0.2779694 0.1920124 0.5338766 -0.3418642 -0.032130421 -0.01512926
            oe         te
1  0.005363215 -0.3161681
2  0.000000000 -0.3248630
3 -0.076826222 -0.3569935

[[1]]$ipw.p$se
  delta          mu        mu_1       mu_0         de       se_1       se_0
1   0.5 0.024397400 0.016218595 0.03482102 0.02928846 0.01423170 0.02779834
2   1.0 0.009135719 0.008970775 0.01630021 0.01730918 0.00000000 0.00000000
3   2.0 0.016785068 0.016309528 0.02671144 0.02190374 0.01410521 0.02976983
          oe         te
1 0.02138272 0.01764938
2 0.00000000 0.01730918
3 0.01775890 0.02576096


[[1]]$ipw.np
[[1]]$ipw.np$est
  delta        mu      mu_1      mu_0         de         se_1        se_0
1   0.5 0.3589202 0.2387758 0.4475992 -0.2088234  0.009779362 -0.08864064
2   1.0 0.3547956 0.2289964 0.5362398 -0.3072434  0.000000000  0.00000000
3   2.0 0.2810800 0.1973067 0.5216884 -0.3243818 -0.031689773 -0.01455140
            oe         te
1  0.004124532 -0.2974640
2  0.000000000 -0.3072434
3 -0.073715602 -0.3389332

[[1]]$ipw.np$se
  delta          mu        mu_1       mu_0         de       se_1       se_0
1   0.5 0.024130675 0.016620673 0.03408909 0.02866089 0.01466214 0.02715249
2   1.0 0.009135719 0.009176574 0.01599350 0.01711675 0.00000000 0.00000000
3   2.0 0.017165787 0.016885336 0.02608293 0.02119288 0.01455783 0.02905761
          oe         te
1 0.02118142 0.01775380
2 0.00000000 0.01711675
3 0.01803018 0.02591196


[[1]]$bar.p
[[1]]$bar.p$est
  delta        mu      mu_1      mu_0 de se_1 se_0 oe te
1   0.5 0.3562205 0.2142315 0.4782052  0    0    0  0  0
2   1.0 0.3554052 0.2292762 0.5328234  0    0    0  0  0
3   2.0 0.2748546 0.1942613 0.4793166  0    0    0  0  0

[[1]]$bar.p$se
  delta          mu        mu_1       mu_0 de se_1 se_0 oe te
1   0.5 0.018157125 0.017552781 0.02123342  0    0    0  0  0
2   1.0 0.008606054 0.009566319 0.01361998  0    0    0  0  0
3   2.0 0.013815471 0.012144615 0.03344310  0    0    0  0  0



[1] "Total run time was 9999.432 seconds"
