WARNING: ignoring environment value of R_HOME

Attaching package: ‘dplyr’

The following objects are masked from ‘package:stats’:

    filter, lag

The following objects are masked from ‘package:base’:

    intersect, setdiff, setequal, union

Loading required package: splines
Loading required package: foreach
Loaded gam 1.20.2

Super Learner
Version: 2.0-28
Package created on 2021-05-04

Loading required package: lattice
Loading required package: ggplot2
Loading required package: Matrix
Loaded glmnet 4.1-7
Loading required package: Formula
Loading required package: plotmo
Loading required package: plotrix
Loading required package: TeachingDemos
Loaded gbm 2.1.8.1

Attaching package: ‘xgboost’

The following object is masked from ‘package:dplyr’:

    slice

[1] "[Simulation setting]"
[1] "m: 500"
[1] "deltas: 0.5, 1, 2"
[1] "alphas: 0.4251, 0.5948, 0.7448"
[1] "Sim.id 1"
[1] "Data generated"
[1] "Proposed & IPW estimators"
[1] "   Split: 1"
[1] "   Split: 2"
[1] "Barkley estimators"
[1] "I. Estimate GLMER model"
[1] "IB. get MCFP vecs"
[1] "II. Estimate CFBI"
[1] "II. solving for alpha_num 1 of 3 ; alpha= 0.425133170705204"
[1] "elapsed: 6.25 minutes as of 2023-05-08 18:42:02"
[1] "II. solving for alpha_num 2 of 3 ; alpha= 0.594849404255532"
[1] "elapsed: 6.76 minutes as of 2023-05-08 18:48:48"
[1] "II. solving for alpha_num 3 of 3 ; alpha= 0.744822889124285"
[1] "elapsed: 6.45 minutes as of 2023-05-08 18:55:15"
[1] "III. Estimate MCFP"
[1] "III. alpha num 1 of 3"
[1] "elapsed: 0.55 minutes as of 2023-05-08 18:55:48"
[1] "III. alpha num 2 of 3"
[1] "elapsed: 1.1 minutes as of 2023-05-08 18:56:21"
[1] "III. alpha num 3 of 3"
[1] "elapsed: 1.66 minutes as of 2023-05-08 18:56:54"
[1] "IV. Target estimates"
[1] "Beginning variance calculations. This may take some time."
[1] "V. Variance estimates"
[1] ":model stuff:"
[1] "elapsed: 1.55 minutes as of 2023-05-08 18:58:32"
[1] ":CFBI EstFun:"
[1] "elapsed: 0 minutes as of 2023-05-08 18:58:32"
[1] ":CFBI alpha_num 1 of 3"
[1] "elapsed: 3.99 minutes as of 2023-05-08 19:02:31"
[1] ":CFBI alpha_num 2 of 3"
[1] "elapsed: 8.14 minutes as of 2023-05-08 19:06:40"
[1] ":CFBI alpha_num 3 of 3"
[1] ":MCFP EstFun:"
[1] "elapsed: 12.45 minutes as of 2023-05-08 19:10:59"
[1] ":MCFP alpha_num 1 of 3"
[1] "elapsed: 16.11 minutes as of 2023-05-08 19:14:38"
[1] ":MCFP alpha_num 2 of 3"
[1] "elapsed: 19.99 minutes as of 2023-05-08 19:18:31"
[1] ":MCFP alpha_num 3 of 3"
[1] "elapsed: 25.34 minutes as of 2023-05-08 19:22:19"
[1] ":target ests:"
[1] "elapsed: 0 minutes as of 2023-05-08 19:22:19"
[1] "Var_row_num 1 of 9"
[1] "elapsed: 10.74 minutes as of 2023-05-08 19:33:03"
[1] "elapsed: 0 minutes as of 2023-05-08 19:33:04"
[1] "elapsed: 0 minutes as of 2023-05-08 19:33:04"
[1] "Var_row_num 2 of 9"
[1] "elapsed: 7.69 minutes as of 2023-05-08 19:40:45"
[1] "elapsed: 0 minutes as of 2023-05-08 19:40:45"
[1] "elapsed: 0 minutes as of 2023-05-08 19:40:45"
[1] "Var_row_num 3 of 9"
[1] "elapsed: 7.92 minutes as of 2023-05-08 19:48:40"
[1] "elapsed: 0 minutes as of 2023-05-08 19:48:40"
[1] "elapsed: 0 minutes as of 2023-05-08 19:48:40"
[1] "Var_row_num 4 of 9"
[1] "elapsed: 13.43 minutes as of 2023-05-08 20:02:06"
[1] "elapsed: 0 minutes as of 2023-05-08 20:02:07"
[1] "elapsed: 0 minutes as of 2023-05-08 20:02:07"
[1] "Var_row_num 5 of 9"
[1] "elapsed: 13.27 minutes as of 2023-05-08 20:15:23"
[1] "elapsed: 0 minutes as of 2023-05-08 20:15:23"
[1] "elapsed: 0 minutes as of 2023-05-08 20:15:23"
[1] "Var_row_num 6 of 9"
[1] "elapsed: 18.23 minutes as of 2023-05-08 20:33:37"
[1] "elapsed: 0 minutes as of 2023-05-08 20:33:37"
[1] "elapsed: 0 minutes as of 2023-05-08 20:33:37"
[1] "Var_row_num 7 of 9"
[1] "elapsed: 12.25 minutes as of 2023-05-08 20:45:52"
[1] "elapsed: 0 minutes as of 2023-05-08 20:45:53"
[1] "elapsed: 0 minutes as of 2023-05-08 20:45:53"
[1] "Var_row_num 8 of 9"
[1] "elapsed: 10.48 minutes as of 2023-05-08 20:56:21"
[1] "elapsed: 0 minutes as of 2023-05-08 20:56:21"
[1] "elapsed: 0 minutes as of 2023-05-08 20:56:21"
[1] "Var_row_num 9 of 9"
[1] "elapsed: 9.71 minutes as of 2023-05-08 21:06:04"
[1] "elapsed: 0 minutes as of 2023-05-08 21:06:04"
[1] "Done with all variance calculations"
[1] "Estimates and SE estimates computed"
[1] ""
[[1]]
[[1]]$pro.p
[[1]]$pro.p$est
  delta        mu      mu_1      mu_0         de        se_1        se_0
1   0.5 0.4618628 0.2683102 0.6019416 -0.3336314  0.01677438  0.02694590
2   1.0 0.3838267 0.2515358 0.5749957 -0.3234598  0.00000000  0.00000000
3   2.0 0.3133485 0.2297236 0.5560288 -0.3263052 -0.02181222 -0.01896688
           oe         te
1  0.07803609 -0.3066855
2  0.00000000 -0.3234598
3 -0.07047822 -0.3452721

[[1]]$pro.p$se
  delta         mu       mu_1       mu_0         de       se_1       se_0
1   0.5 0.01659128 0.01554803 0.02184890 0.02332187 0.01293236 0.01818316
2   1.0 0.01172100 0.01092555 0.01501942 0.01385601 0.00000000 0.00000000
3   2.0 0.01941839 0.01864997 0.02442634 0.02111418 0.01397859 0.01836402
          oe         te
1 0.01382483 0.01846551
2 0.00000000 0.01385601
3 0.01468554 0.02045329


[[1]]$pro.np
[[1]]$pro.np$est
  delta        mu      mu_1      mu_0         de        se_1         se_0
1   0.5 0.4531156 0.2824572 0.5711735 -0.2887163  0.01789622  0.023541632
2   1.0 0.3836109 0.2645610 0.5476319 -0.2830709  0.00000000  0.000000000
3   2.0 0.3203327 0.2397515 0.5400074 -0.3002559 -0.02480953 -0.007624489
           oe         te
1  0.06950475 -0.2651746
2  0.00000000 -0.2830709
3 -0.06327822 -0.3078804

[[1]]$pro.np$se
  delta         mu       mu_1       mu_0         de       se_1       se_0
1   0.5 0.01547685 0.01544136 0.01928256 0.02046676 0.01213954 0.01568291
2   1.0 0.01201342 0.01114074 0.01481960 0.01257441 0.00000000 0.00000000
3   2.0 0.01897617 0.01821372 0.02340549 0.02005982 0.01343567 0.01734648
          oe         te
1 0.01223343 0.01723828
2 0.00000000 0.01257441
3 0.01413149 0.01930418


[[1]]$ipw.p
[[1]]$ipw.p$est
  delta        mu      mu_1      mu_0         de        se_1        se_0
1   0.5 0.4834926 0.2755595 0.6323044 -0.3567449  0.02825912  0.06693449
2   1.0 0.3778691 0.2473004 0.5653700 -0.3180696  0.00000000  0.00000000
3   2.0 0.3021127 0.2213873 0.5319810 -0.3105937 -0.02591310 -0.03338899
           oe         te
1  0.10562355 -0.2898105
2  0.00000000 -0.3180696
3 -0.07575634 -0.3439827

[[1]]$ipw.p$se
  delta         mu        mu_1       mu_0         de       se_1       se_0
1   0.5 0.04506815 0.020760650 0.06635196 0.05486428 0.02014563 0.05799578
2   1.0 0.00923847 0.009498426 0.01697529 0.01883467 0.00000000 0.00000000
3   2.0 0.01705294 0.018142052 0.02386300 0.02297075 0.01463392 0.02782249
          oe         te
1 0.04196190 0.01934056
2 0.00000000 0.01883467
3 0.01763349 0.02811959


[[1]]$ipw.np
[[1]]$ipw.np$est
  delta        mu      mu_1      mu_0         de        se_1        se_0
1   0.5 0.4802384 0.2836924 0.6145519 -0.3308595  0.02922245  0.06703980
2   1.0 0.3778691 0.2544699 0.5475121 -0.2930422  0.00000000  0.00000000
3   2.0 0.3037695 0.2263238 0.5153954 -0.2890716 -0.02814607 -0.03211667
           oe         te
1  0.10236936 -0.2638197
2  0.00000000 -0.2930422
3 -0.07409955 -0.3211883

[[1]]$ipw.np$se
  delta         mu        mu_1       mu_0         de       se_1       se_0
1   0.5 0.04516373 0.021198968 0.06533267 0.05377220 0.02064016 0.05744090
2   1.0 0.00923847 0.009763915 0.01649869 0.01850530 0.00000000 0.00000000
3   2.0 0.01715333 0.018433042 0.02338057 0.02237894 0.01477773 0.02705554
          oe         te
1 0.04217049 0.01958066
2 0.00000000 0.01850530
3 0.01764976 0.02790023


[[1]]$bar.p
[[1]]$bar.p$est
  delta        mu      mu_1      mu_0 de se_1 se_0 oe te
1   0.5 0.4683192 0.2893078 0.5945524  0    0    0  0  0
2   1.0 0.3779783 0.2554028 0.5499708  0    0    0  0  0
3   2.0 0.2933886 0.2199902 0.4653681  0    0    0  0  0

[[1]]$bar.p$se
  delta         mu       mu_1       mu_0 de se_1 se_0 oe te
1   0.5 0.02276018 0.02189150 0.02520827  0    0    0  0  0
2   1.0 0.00928813 0.01007259 0.01439516  0    0    0  0  0
3   2.0 0.01223204 0.01236357 0.02565086  0    0    0  0  0



[1] "Total run time was 9451.905 seconds"
