WARNING: ignoring environment value of R_HOME

Attaching package: ‘dplyr’

The following objects are masked from ‘package:stats’:

    filter, lag

The following objects are masked from ‘package:base’:

    intersect, setdiff, setequal, union

Loading required package: splines
Loading required package: foreach
Loaded gam 1.20.2

Super Learner
Version: 2.0-28
Package created on 2021-05-04

Loading required package: lattice
Loading required package: ggplot2
Loading required package: Matrix
Loaded glmnet 4.1-7
Loading required package: Formula
Loading required package: plotmo
Loading required package: plotrix
Loading required package: TeachingDemos
Loaded gbm 2.1.8.1

Attaching package: ‘xgboost’

The following object is masked from ‘package:dplyr’:

    slice

[1] "[Simulation setting]"
[1] "m: 500"
[1] "deltas: 0.5, 1, 2"
[1] "alphas: 0.4251, 0.5948, 0.7448"
[1] "Sim.id 1"
[1] "Data generated"
[1] "Proposed & IPW estimators"
[1] "   Split: 1"
[1] "   Split: 2"
[1] "Barkley estimators"
[1] "I. Estimate GLMER model"
[1] "IB. get MCFP vecs"
[1] "II. Estimate CFBI"
[1] "II. solving for alpha_num 1 of 3 ; alpha= 0.425133170705204"
[1] "elapsed: 5.54 minutes as of 2023-05-08 21:18:07"
[1] "II. solving for alpha_num 2 of 3 ; alpha= 0.594849404255532"
[1] "elapsed: 5.82 minutes as of 2023-05-08 21:23:56"
[1] "II. solving for alpha_num 3 of 3 ; alpha= 0.744822889124285"
[1] "elapsed: 3.33 minutes as of 2023-05-08 21:27:16"
[1] "III. Estimate MCFP"
[1] "III. alpha num 1 of 3"
[1] "elapsed: 0.34 minutes as of 2023-05-08 21:27:37"
[1] "III. alpha num 2 of 3"
[1] "elapsed: 0.68 minutes as of 2023-05-08 21:27:57"
[1] "III. alpha num 3 of 3"
[1] "elapsed: 1.02 minutes as of 2023-05-08 21:28:17"
[1] "IV. Target estimates"
[1] "Beginning variance calculations. This may take some time."
[1] "V. Variance estimates"
[1] ":model stuff:"
[1] "elapsed: 1.06 minutes as of 2023-05-08 21:29:24"
[1] ":CFBI EstFun:"
[1] "elapsed: 0 minutes as of 2023-05-08 21:29:24"
[1] ":CFBI alpha_num 1 of 3"
[1] "elapsed: 3.43 minutes as of 2023-05-08 21:32:50"
[1] ":CFBI alpha_num 2 of 3"
[1] "elapsed: 7.26 minutes as of 2023-05-08 21:36:40"
[1] ":CFBI alpha_num 3 of 3"
[1] ":MCFP EstFun:"
[1] "elapsed: 10.2 minutes as of 2023-05-08 21:39:36"
[1] ":MCFP alpha_num 1 of 3"
[1] "elapsed: 12.52 minutes as of 2023-05-08 21:41:55"
[1] ":MCFP alpha_num 2 of 3"
[1] "elapsed: 14.92 minutes as of 2023-05-08 21:44:19"
[1] ":MCFP alpha_num 3 of 3"
[1] "elapsed: 18.33 minutes as of 2023-05-08 21:46:40"
[1] ":target ests:"
[1] "elapsed: 0 minutes as of 2023-05-08 21:46:40"
[1] "Var_row_num 1 of 9"
[1] "elapsed: 6.95 minutes as of 2023-05-08 21:53:37"
[1] "elapsed: 0 minutes as of 2023-05-08 21:53:37"
[1] "elapsed: 0 minutes as of 2023-05-08 21:53:37"
[1] "Var_row_num 2 of 9"
[1] "elapsed: 7 minutes as of 2023-05-08 22:00:37"
[1] "elapsed: 0 minutes as of 2023-05-08 22:00:37"
[1] "elapsed: 0 minutes as of 2023-05-08 22:00:37"
[1] "Var_row_num 3 of 9"
[1] "elapsed: 8.33 minutes as of 2023-05-08 22:08:57"
[1] "elapsed: 0 minutes as of 2023-05-08 22:08:57"
[1] "elapsed: 0 minutes as of 2023-05-08 22:08:57"
[1] "Var_row_num 4 of 9"
[1] "elapsed: 8.24 minutes as of 2023-05-08 22:17:11"
[1] "elapsed: 0 minutes as of 2023-05-08 22:17:11"
[1] "elapsed: 0 minutes as of 2023-05-08 22:17:11"
[1] "Var_row_num 5 of 9"
[1] "elapsed: 7.84 minutes as of 2023-05-08 22:25:01"
[1] "elapsed: 0 minutes as of 2023-05-08 22:25:01"
[1] "elapsed: 0 minutes as of 2023-05-08 22:25:01"
[1] "Var_row_num 6 of 9"
[1] "elapsed: 8.51 minutes as of 2023-05-08 22:33:32"
[1] "elapsed: 0 minutes as of 2023-05-08 22:33:32"
[1] "elapsed: 0 minutes as of 2023-05-08 22:33:32"
[1] "Var_row_num 7 of 9"
[1] "elapsed: 8.45 minutes as of 2023-05-08 22:41:59"
[1] "elapsed: 0 minutes as of 2023-05-08 22:41:59"
[1] "elapsed: 0 minutes as of 2023-05-08 22:41:59"
[1] "Var_row_num 8 of 9"
[1] "elapsed: 8.55 minutes as of 2023-05-08 22:50:32"
[1] "elapsed: 0 minutes as of 2023-05-08 22:50:32"
[1] "elapsed: 0 minutes as of 2023-05-08 22:50:32"
[1] "Var_row_num 9 of 9"
[1] "elapsed: 8.41 minutes as of 2023-05-08 22:58:57"
[1] "elapsed: 0 minutes as of 2023-05-08 22:58:57"
[1] "Done with all variance calculations"
[1] "Estimates and SE estimates computed"
[1] ""
[[1]]
[[1]]$pro.p
[[1]]$pro.p$est
  delta        mu      mu_1      mu_0         de        se_1        se_0
1   0.5 0.4434961 0.2411354 0.5866900 -0.3455547  0.01243835  0.03402222
2   1.0 0.3625871 0.2286970 0.5526678 -0.3239708  0.00000000  0.00000000
3   2.0 0.2824434 0.2037656 0.5092075 -0.3054419 -0.02493140 -0.04346032
           oe         te
1  0.08090907 -0.3115325
2  0.00000000 -0.3239708
3 -0.08014365 -0.3489022

[[1]]$pro.p$se
  delta         mu       mu_1       mu_0         de       se_1       se_0
1   0.5 0.01493275 0.01478973 0.01896480 0.02028206 0.01202719 0.01392391
2   1.0 0.01116001 0.01042572 0.01509114 0.01421590 0.00000000 0.00000000
3   2.0 0.01833380 0.01929163 0.02386474 0.02531044 0.01571606 0.01770218
          oe         te
1 0.01128449 0.01810648
2 0.00000000 0.01421590
3 0.01478684 0.02208532


[[1]]$pro.np
[[1]]$pro.np$est
  delta        mu      mu_1      mu_0         de        se_1        se_0
1   0.5 0.4332194 0.2528968 0.5556075 -0.3027107  0.01236795  0.02693144
2   1.0 0.3638494 0.2405289 0.5286761 -0.2881472  0.00000000  0.00000000
3   2.0 0.2943580 0.2211507 0.4902906 -0.2691399 -0.01937813 -0.03838546
           oe         te
1  0.06936997 -0.2757792
2  0.00000000 -0.2881472
3 -0.06949145 -0.3075253

[[1]]$pro.np$se
  delta         mu       mu_1       mu_0         de       se_1       se_0
1   0.5 0.01460367 0.01418544 0.01833260 0.01868458 0.01113213 0.01248823
2   1.0 0.01139445 0.01071698 0.01475261 0.01328514 0.00000000 0.00000000
3   2.0 0.01893880 0.01951163 0.02160597 0.02101968 0.01537502 0.01573744
          oe         te
1 0.01053597 0.01674901
2 0.00000000 0.01328514
3 0.01486558 0.02103053


[[1]]$ipw.p
[[1]]$ipw.p$est
  delta        mu      mu_1      mu_0         de          se_1        se_0
1   0.5 0.4267354 0.2407416 0.5567805 -0.3160388  0.0080865025  0.01090284
2   1.0 0.3628574 0.2326551 0.5458776 -0.3132225  0.0000000000  0.00000000
3   2.0 0.3101058 0.2319663 0.5279135 -0.2959472 -0.0006888467 -0.01796413
           oe         te
1  0.06387805 -0.3051360
2  0.00000000 -0.3132225
3 -0.05275160 -0.3139113

[[1]]$ipw.p$se
  delta          mu        mu_1       mu_0         de       se_1       se_0
1   0.5 0.039883858 0.018153379 0.05915793 0.05028818 0.01751040 0.05237533
2   1.0 0.009122565 0.009864497 0.01598646 0.01831580 0.00000000 0.00000000
3   2.0 0.022719070 0.024383359 0.02609665 0.02379263 0.02086284 0.02980098
          oe         te
1 0.03723106 0.01761989
2 0.00000000 0.01831580
3 0.02279450 0.03231386


[[1]]$ipw.np
[[1]]$ipw.np$est
  delta        mu      mu_1      mu_0         de         se_1        se_0
1   0.5 0.4214625 0.2451311 0.5414864 -0.2963553  0.007730037  0.00814182
2   1.0 0.3628574 0.2374010 0.5333446 -0.2959436  0.000000000  0.00000000
3   2.0 0.3115406 0.2360439 0.5138607 -0.2778169 -0.001357172 -0.01948389
           oe         te
1  0.05860513 -0.2882135
2  0.00000000 -0.2959436
3 -0.05131674 -0.2973007

[[1]]$ipw.np$se
  delta          mu       mu_1       mu_0         de       se_1       se_0
1   0.5 0.038143848 0.01831233 0.05582402 0.04747141 0.01767032 0.04901964
2   1.0 0.009122565 0.01004003 0.01570464 0.01813705 0.00000000 0.00000000
3   2.0 0.022773774 0.02476422 0.02543686 0.02364765 0.02112424 0.02900363
          oe         te
1 0.03548394 0.01769435
2 0.00000000 0.01813705
3 0.02277997 0.03241516


[[1]]$bar.p
[[1]]$bar.p$est
  delta        mu      mu_1      mu_0 de se_1 se_0 oe te
1   0.5 0.4361208 0.2430162 0.5775834  0    0    0  0  0
2   1.0 0.3571688 0.2300349 0.5321864  0    0    0  0  0
3   2.0 0.2940692 0.2184855 0.5005060  0    0    0  0  0

[[1]]$bar.p$se
  delta          mu        mu_1       mu_0 de se_1 se_0 oe te
1   0.5 0.023035202 0.018043442 0.02772451  0    0    0  0  0
2   1.0 0.008763578 0.009346647 0.01387649  0    0    0  0  0
3   2.0 0.013864107 0.013556801 0.03977655  0    0    0  0  0



[1] "Total run time was 6729.7 seconds"
