WARNING: ignoring environment value of R_HOME

Attaching package: ‘dplyr’

The following objects are masked from ‘package:stats’:

    filter, lag

The following objects are masked from ‘package:base’:

    intersect, setdiff, setequal, union

Loading required package: splines
Loading required package: foreach
Loaded gam 1.20.2

Super Learner
Version: 2.0-28
Package created on 2021-05-04

Loading required package: lattice
Loading required package: ggplot2
Loading required package: Matrix
Loaded glmnet 4.1-7
Loading required package: Formula
Loading required package: plotmo
Loading required package: plotrix
Loading required package: TeachingDemos
Loaded gbm 2.1.8.1

Attaching package: ‘xgboost’

The following object is masked from ‘package:dplyr’:

    slice

[1] "[Simulation setting]"
[1] "m: 100"
[1] "deltas: 0.5, 1, 2"
[1] "r: 100"
[1] "Sim.id 1"
[1] "Data generated"
[1] "   Split: 1"
[1] "   Split: 2"
[1] "Estimates and SE estimates computed"
[1] ""
[[1]]
[[1]]$est
  delta        mu      mu_1      mu_0         de        se_1        se_0
1   0.5 0.4918724 0.3138246 0.6158053 -0.3019807  0.06456198  0.04918214
2   1.0 0.3788143 0.2492626 0.5666231 -0.3173605  0.00000000  0.00000000
3   2.0 0.2736158 0.1798189 0.5365942 -0.3567753 -0.06944370 -0.03002893
          oe         te
1  0.1130582 -0.2527985
2  0.0000000 -0.3173605
3 -0.1051985 -0.3868042

[[1]]$se
  delta         mu       mu_1       mu_0         de       se_1       se_0
1   0.5 0.03358361 0.02844447 0.04085034 0.03310668 0.02516587 0.03282298
2   1.0 0.02713197 0.02528292 0.03233389 0.02658645 0.00000000 0.00000000
3   2.0 0.06225197 0.07408792 0.05025122 0.06556005 0.06478333 0.04010833
          oe         te
1 0.02752837 0.02942625
2 0.00000000 0.02658645
3 0.05612521 0.07899402


[1] "Total run time was 39.609 seconds"
