WARNING: ignoring environment value of R_HOME

Attaching package: ‘dplyr’

The following objects are masked from ‘package:stats’:

    filter, lag

The following objects are masked from ‘package:base’:

    intersect, setdiff, setequal, union

Loading required package: splines
Loading required package: foreach
Loaded gam 1.20.2

Super Learner
Version: 2.0-28
Package created on 2021-05-04

Loading required package: lattice
Loading required package: ggplot2
Loading required package: Matrix
Loaded glmnet 4.1-7
Loading required package: Formula
Loading required package: plotmo
Loading required package: plotrix
Loading required package: TeachingDemos
Loaded gbm 2.1.8.1

Attaching package: ‘xgboost’

The following object is masked from ‘package:dplyr’:

    slice

[1] "[Simulation setting]"
[1] "m: 100"
[1] "deltas: 0.5, 1, 2"
[1] "r: 100"
[1] "Sim.id 1"
[1] "Data generated"
[1] "   Split: 1"
[1] "   Split: 2"
[1] "Estimates and SE estimates computed"
[1] ""
[[1]]
[[1]]$est
  delta        mu      mu_1      mu_0         de        se_1        se_0
1   0.5 0.4497497 0.2628858 0.5818861 -0.3190004  0.04079865  0.05008587
2   1.0 0.3490032 0.2220871 0.5318003 -0.3097131  0.00000000  0.00000000
3   2.0 0.2618343 0.1719531 0.5148751 -0.3429220 -0.05013402 -0.01692515
           oe         te
1  0.10074651 -0.2689145
2  0.00000000 -0.3097131
3 -0.08716887 -0.3598472

[[1]]$se
  delta         mu       mu_1       mu_0         de       se_1       se_0
1   0.5 0.03093646 0.03232288 0.03923356 0.04575945 0.02561961 0.03151293
2   1.0 0.02460443 0.02379353 0.03133973 0.02993172 0.00000000 0.00000000
3   2.0 0.03476448 0.03246194 0.04488872 0.03797719 0.02190071 0.03257737
          oe         te
1 0.02448233 0.03830012
2 0.00000000 0.02993172
3 0.02368029 0.03706015


[1] "Total run time was 61.477 seconds"
