WARNING: ignoring environment value of R_HOME

Attaching package: ‘dplyr’

The following objects are masked from ‘package:stats’:

    filter, lag

The following objects are masked from ‘package:base’:

    intersect, setdiff, setequal, union

Loading required package: splines
Loading required package: foreach
Loaded gam 1.20.2

Super Learner
Version: 2.0-28
Package created on 2021-05-04

Loading required package: lattice
Loading required package: ggplot2
Loading required package: Matrix
Loaded glmnet 4.1-7
Loading required package: Formula
Loading required package: plotmo
Loading required package: plotrix
Loading required package: TeachingDemos
Loaded gbm 2.1.8.1

Attaching package: ‘xgboost’

The following object is masked from ‘package:dplyr’:

    slice

[1] "[Simulation setting]"
[1] "m: 100"
[1] "deltas: 0.5, 1, 2"
[1] "r: 100"
[1] "Sim.id 1"
[1] "Data generated"
[1] "   Split: 1"
[1] "   Split: 2"
[1] "Estimates and SE estimates computed"
[1] ""
[[1]]
[[1]]$est
  delta        mu      mu_1      mu_0         de       se_1       se_0
1   0.5 0.4097879 0.2258594 0.5527978 -0.3269383 0.01383687 0.03390988
2   1.0 0.3386582 0.2120226 0.5188879 -0.3068653 0.00000000 0.00000000
3   2.0 0.3210414 0.2394128 0.5358405 -0.2964276 0.02739028 0.01695259
           oe         te
1  0.07112975 -0.2930285
2  0.00000000 -0.3068653
3 -0.01761682 -0.2794750

[[1]]$se
  delta         mu       mu_1       mu_0         de       se_1       se_0
1   0.5 0.04325037 0.03378705 0.06151110 0.06585553 0.03073187 0.04844217
2   1.0 0.02589599 0.02341629 0.03355128 0.03133781 0.00000000 0.00000000
3   2.0 0.04885004 0.05053527 0.05113618 0.05142651 0.03697248 0.04143400
          oe         te
1 0.03530113 0.04477754
2 0.00000000 0.03133781
3 0.03688785 0.05188984


[1] "Total run time was 62.322 seconds"
