WARNING: ignoring environment value of R_HOME

Attaching package: ‘dplyr’

The following objects are masked from ‘package:stats’:

    filter, lag

The following objects are masked from ‘package:base’:

    intersect, setdiff, setequal, union

Loading required package: splines
Loading required package: foreach
Loaded gam 1.20.2

Super Learner
Version: 2.0-28
Package created on 2021-05-04

Loading required package: lattice
Loading required package: ggplot2
Loading required package: Matrix
Loaded glmnet 4.1-7
Loading required package: Formula
Loading required package: plotmo
Loading required package: plotrix
Loading required package: TeachingDemos
Loaded gbm 2.1.8.1

Attaching package: ‘xgboost’

The following object is masked from ‘package:dplyr’:

    slice

[1] "[Simulation setting]"
[1] "m: 100"
[1] "deltas: 0.5, 1, 2"
[1] "r: 100"
[1] "Sim.id 1"
[1] "Data generated"
[1] "   Split: 1"
[1] "   Split: 2"
[1] "Estimates and SE estimates computed"
[1] ""
[[1]]
[[1]]$est
  delta        mu      mu_1      mu_0         de        se_1        se_0
1   0.5 0.4583594 0.3340154 0.5378433 -0.2038279  0.09369521  0.03242111
2   1.0 0.3583739 0.2403202 0.5054221 -0.2651020  0.00000000  0.00000000
3   2.0 0.2705157 0.1772186 0.4860420 -0.3088234 -0.06310156 -0.01938016
           oe         te
1  0.09998548 -0.1714068
2  0.00000000 -0.2651020
3 -0.08785824 -0.3282035

[[1]]$se
  delta         mu       mu_1       mu_0         de       se_1       se_0
1   0.5 0.04287615 0.04476463 0.04433223 0.04129432 0.03425992 0.03340562
2   1.0 0.02943810 0.02656924 0.03461068 0.02852073 0.00000000 0.00000000
3   2.0 0.04846153 0.05033162 0.05087479 0.04963410 0.04223880 0.04220123
          oe         te
1 0.03140957 0.04152533
2 0.00000000 0.02852073
3 0.04130768 0.05649299


[1] "Total run time was 38.974 seconds"
