WARNING: ignoring environment value of R_HOME

Attaching package: ‘dplyr’

The following objects are masked from ‘package:stats’:

    filter, lag

The following objects are masked from ‘package:base’:

    intersect, setdiff, setequal, union

Loading required package: splines
Loading required package: foreach
Loaded gam 1.20.2

Super Learner
Version: 2.0-28
Package created on 2021-05-04

Loading required package: lattice
Loading required package: ggplot2
Loading required package: Matrix
Loaded glmnet 4.1-7
Loading required package: Formula
Loading required package: plotmo
Loading required package: plotrix
Loading required package: TeachingDemos
Loaded gbm 2.1.8.1

Attaching package: ‘xgboost’

The following object is masked from ‘package:dplyr’:

    slice

[1] "[Simulation setting]"
[1] "m: 100"
[1] "deltas: 0.5, 1, 2"
[1] "r: 100"
[1] "Sim.id 1"
[1] "Data generated"
[1] "   Split: 1"
[1] "   Split: 2"
[1] "Estimates and SE estimates computed"
[1] ""
[[1]]
[[1]]$est
  delta        mu      mu_1      mu_0         de       se_1       se_0
1   0.5 0.5023845 0.3263540 0.6173004 -0.2909465 0.05056277 0.02303318
2   1.0 0.4121736 0.2757912 0.5942672 -0.3184761 0.00000000 0.00000000
3   2.0 0.3813695 0.2901466 0.6097957 -0.3196491 0.01435537 0.01552847
           oe         te
1  0.09021088 -0.2679133
2  0.00000000 -0.3184761
3 -0.03080417 -0.3041207

[[1]]$se
  delta         mu       mu_1       mu_0         de       se_1       se_0
1   0.5 0.03870125 0.03205563 0.05123201 0.05162394 0.01947995 0.04130923
2   1.0 0.02797416 0.02620399 0.03351802 0.02863907 0.00000000 0.00000000
3   2.0 0.04499475 0.04523162 0.04750963 0.04020174 0.03298365 0.03225600
          oe         te
1 0.02911687 0.03147681
2 0.00000000 0.02863907
3 0.03222666 0.04833309


[1] "Total run time was 38.257 seconds"
