WARNING: ignoring environment value of R_HOME

Attaching package: ‘dplyr’

The following objects are masked from ‘package:stats’:

    filter, lag

The following objects are masked from ‘package:base’:

    intersect, setdiff, setequal, union

Loading required package: splines
Loading required package: foreach
Loaded gam 1.20.2

Super Learner
Version: 2.0-28
Package created on 2021-05-04

Loading required package: lattice
Loading required package: ggplot2
Loading required package: Matrix
Loaded glmnet 4.1-7
Loading required package: Formula
Loading required package: plotmo
Loading required package: plotrix
Loading required package: TeachingDemos
Loaded gbm 2.1.8.1

Attaching package: ‘xgboost’

The following object is masked from ‘package:dplyr’:

    slice

[1] "[Simulation setting]"
[1] "m: 100"
[1] "deltas: 0.5, 1, 2"
[1] "r: 100"
[1] "Sim.id 1"
[1] "Data generated"
[1] "   Split: 1"
[1] "   Split: 2"
[1] "Estimates and SE estimates computed"
[1] ""
[[1]]
[[1]]$est
  delta        mu      mu_1      mu_0         de        se_1        se_0
1   0.5 0.4505878 0.2837932 0.5677521 -0.2839589 -0.00870212 0.001735914
2   1.0 0.4068871 0.2924953 0.5660162 -0.2735209  0.00000000 0.000000000
3   2.0 0.3832440 0.3034417 0.5909714 -0.2875297  0.01094640 0.024955191
           oe         te
1  0.04370068 -0.2822230
2  0.00000000 -0.2735209
3 -0.02364310 -0.2625745

[[1]]$se
  delta         mu       mu_1       mu_0         de       se_1       se_0
1   0.5 0.03822053 0.03541718 0.05157172 0.05086268 0.02740556 0.04029672
2   1.0 0.03012423 0.02679958 0.03615037 0.02542788 0.00000000 0.00000000
3   2.0 0.04366238 0.04083409 0.05643364 0.04301477 0.02806070 0.03511826
          oe         te
1 0.02931051 0.03678278
2 0.00000000 0.02542788
3 0.02894553 0.03905946


[1] "Total run time was 62.995 seconds"
