WARNING: ignoring environment value of R_HOME

Attaching package: ‘dplyr’

The following objects are masked from ‘package:stats’:

    filter, lag

The following objects are masked from ‘package:base’:

    intersect, setdiff, setequal, union

Loading required package: splines
Loading required package: foreach
Loaded gam 1.20.2

Super Learner
Version: 2.0-28
Package created on 2021-05-04

Loading required package: lattice
Loading required package: ggplot2
Loading required package: Matrix
Loaded glmnet 4.1-7
Loading required package: Formula
Loading required package: plotmo
Loading required package: plotrix
Loading required package: TeachingDemos
Loaded gbm 2.1.8.1

Attaching package: ‘xgboost’

The following object is masked from ‘package:dplyr’:

    slice

[1] "[Simulation setting]"
[1] "m: 100"
[1] "deltas: 0.5, 1, 2"
[1] "r: 100"
[1] "Sim.id 1"
[1] "Data generated"
[1] "   Split: 1"
[1] "   Split: 2"
[1] "Estimates and SE estimates computed"
[1] ""
[[1]]
[[1]]$est
  delta        mu      mu_1      mu_0         de        se_1        se_0
1   0.5 0.4528173 0.2821860 0.5795324 -0.2973465 0.001901560 -0.01121222
2   1.0 0.4047205 0.2802844 0.5907447 -0.3104602 0.000000000  0.00000000
3   2.0 0.3621649 0.2876484 0.5696832 -0.2820347 0.007364014 -0.02106151
           oe         te
1  0.04809678 -0.3085587
2  0.00000000 -0.3104602
3 -0.04255559 -0.3030962

[[1]]$se
  delta         mu       mu_1       mu_0         de       se_1       se_0
1   0.5 0.05168859 0.04002176 0.07528324 0.06976277 0.03233689 0.06445540
2   1.0 0.02992697 0.02689745 0.03753485 0.03062404 0.00000000 0.00000000
3   2.0 0.03872948 0.03676894 0.04421837 0.03470102 0.02498317 0.03455813
          oe         te
1 0.04313973 0.04065754
2 0.00000000 0.03062404
3 0.02929806 0.04463602


[1] "Total run time was 39.005 seconds"
