WARNING: ignoring environment value of R_HOME

Attaching package: ‘dplyr’

The following objects are masked from ‘package:stats’:

    filter, lag

The following objects are masked from ‘package:base’:

    intersect, setdiff, setequal, union

Loading required package: splines
Loading required package: foreach
Loaded gam 1.20.2

Super Learner
Version: 2.0-28
Package created on 2021-05-04

Loading required package: lattice
Loading required package: ggplot2
Loading required package: Matrix
Loaded glmnet 4.1-7
Loading required package: Formula
Loading required package: plotmo
Loading required package: plotrix
Loading required package: TeachingDemos
Loaded gbm 2.1.8.1

Attaching package: ‘xgboost’

The following object is masked from ‘package:dplyr’:

    slice

[1] "[Simulation setting]"
[1] "m: 100"
[1] "deltas: 0.5, 1, 2"
[1] "r: 100"
[1] "Sim.id 1"
[1] "Data generated"
[1] "   Split: 1"
[1] "   Split: 2"
[1] "Estimates and SE estimates computed"
[1] ""
[[1]]
[[1]]$est
  delta        mu      mu_1      mu_0         de         se_1        se_0
1   0.5 0.5184210 0.2955863 0.6564954 -0.3609091 -0.004529651 0.056036532
2   1.0 0.4372096 0.3001160 0.6004589 -0.3003429  0.000000000 0.000000000
3   2.0 0.4145494 0.3293922 0.6060292 -0.2766370  0.029276257 0.005570318
           oe         te
1  0.08121141 -0.3048726
2  0.00000000 -0.3003429
3 -0.02266021 -0.2710667

[[1]]$se
  delta         mu       mu_1       mu_0         de       se_1       se_0
1   0.5 0.03334968 0.02941030 0.04135377 0.04084078 0.02755448 0.03479607
2   1.0 0.02967144 0.02979926 0.03544333 0.03050664 0.00000000 0.00000000
3   2.0 0.07847974 0.08358057 0.06028875 0.06159916 0.06871583 0.04772745
          oe         te
1 0.03043787 0.03830074
2 0.00000000 0.03050664
3 0.06669605 0.08315671


[1] "Total run time was 36.066 seconds"
