WARNING: ignoring environment value of R_HOME

Attaching package: ‘dplyr’

The following objects are masked from ‘package:stats’:

    filter, lag

The following objects are masked from ‘package:base’:

    intersect, setdiff, setequal, union

Loading required package: splines
Loading required package: foreach
Loaded gam 1.20.2

Super Learner
Version: 2.0-28
Package created on 2021-05-04

Loading required package: lattice
Loading required package: ggplot2
Loading required package: Matrix
Loaded glmnet 4.1-7
Loading required package: Formula
Loading required package: plotmo
Loading required package: plotrix
Loading required package: TeachingDemos
Loaded gbm 2.1.8.1

Attaching package: ‘xgboost’

The following object is masked from ‘package:dplyr’:

    slice

[1] "[Simulation setting]"
[1] "m: 100"
[1] "deltas: 0.5, 1, 2"
[1] "r: 100"
[1] "Sim.id 1"
[1] "Data generated"
[1] "   Split: 1"
[1] "   Split: 2"
[1] "Estimates and SE estimates computed"
[1] ""
[[1]]
[[1]]$est
  delta        mu      mu_1      mu_0         de        se_1        se_0
1   0.5 0.4389585 0.2726335 0.5545277 -0.2818943  0.01954397  0.02309694
2   1.0 0.3682596 0.2530895 0.5314308 -0.2783413  0.00000000  0.00000000
3   2.0 0.3006993 0.2338524 0.4822658 -0.2484134 -0.01923707 -0.04916501
           oe         te
1  0.07069887 -0.2587973
2  0.00000000 -0.2783413
3 -0.06756036 -0.2975784

[[1]]$se
  delta         mu       mu_1       mu_0         de       se_1       se_0
1   0.5 0.02938227 0.03366056 0.03998133 0.04765923 0.02412952 0.03290934
2   1.0 0.02523972 0.02453862 0.03410270 0.03258358 0.00000000 0.00000000
3   2.0 0.04701067 0.04534637 0.05270301 0.04202620 0.03156332 0.03669818
          oe         te
1 0.02362429 0.04125241
2 0.00000000 0.03258358
3 0.03255667 0.04573440


[1] "Total run time was 39.262 seconds"
