WARNING: ignoring environment value of R_HOME

Attaching package: ‘dplyr’

The following objects are masked from ‘package:stats’:

    filter, lag

The following objects are masked from ‘package:base’:

    intersect, setdiff, setequal, union

Loading required package: splines
Loading required package: foreach
Loaded gam 1.20.2

Super Learner
Version: 2.0-28
Package created on 2021-05-04

Loading required package: lattice
Loading required package: ggplot2
Loading required package: Matrix
Loaded glmnet 4.1-7
Loading required package: Formula
Loading required package: plotmo
Loading required package: plotrix
Loading required package: TeachingDemos
Loaded gbm 2.1.8.1

Attaching package: ‘xgboost’

The following object is masked from ‘package:dplyr’:

    slice

[1] "[Simulation setting]"
[1] "m: 100"
[1] "deltas: 0.5, 1, 2"
[1] "r: 100"
[1] "Sim.id 1"
[1] "Data generated"
[1] "   Split: 1"
[1] "   Split: 2"
[1] "Estimates and SE estimates computed"
[1] ""
[[1]]
[[1]]$est
  delta        mu      mu_1      mu_0         de        se_1         se_0
1   0.5 0.3754700 0.2459774 0.4611463 -0.2151689  0.02810019 -0.023026584
2   1.0 0.3333130 0.2178772 0.4841729 -0.2662957  0.00000000  0.000000000
3   2.0 0.2464436 0.1563698 0.4867988 -0.3304290 -0.06150743  0.002625928
           oe         te
1  0.04215699 -0.2381955
2  0.00000000 -0.2662957
3 -0.08686934 -0.3278031

[[1]]$se
  delta         mu       mu_1       mu_0         de       se_1       se_0
1   0.5 0.03653384 0.02961583 0.04862649 0.04369813 0.02339260 0.03956710
2   1.0 0.02421976 0.02306996 0.02963918 0.02691488 0.00000000 0.00000000
3   2.0 0.03670021 0.03396797 0.05067303 0.04172763 0.02455854 0.03984364
          oe         te
1 0.03103612 0.03250147
2 0.00000000 0.02691488
3 0.02612934 0.03561893


[1] "Total run time was 57.094 seconds"
