WARNING: ignoring environment value of R_HOME

Attaching package: ‘dplyr’

The following objects are masked from ‘package:stats’:

    filter, lag

The following objects are masked from ‘package:base’:

    intersect, setdiff, setequal, union

Loading required package: splines
Loading required package: foreach
Loaded gam 1.20.2

Super Learner
Version: 2.0-28
Package created on 2021-05-04

Loading required package: lattice
Loading required package: ggplot2
Loading required package: Matrix
Loaded glmnet 4.1-7
Loading required package: Formula
Loading required package: plotmo
Loading required package: plotrix
Loading required package: TeachingDemos
Loaded gbm 2.1.8.1

Attaching package: ‘xgboost’

The following object is masked from ‘package:dplyr’:

    slice

[1] "[Simulation setting]"
[1] "m: 100"
[1] "deltas: 0.5, 1, 2"
[1] "r: 100"
[1] "Sim.id 1"
[1] "Data generated"
[1] "   Split: 1"
[1] "   Split: 2"
[1] "Estimates and SE estimates computed"
[1] ""
[[1]]
[[1]]$est
  delta        mu      mu_1      mu_0         de        se_1        se_0
1   0.5 0.5463562 0.2673461 0.7498779 -0.4825318 0.005997196  0.20007023
2   1.0 0.3873408 0.2613489 0.5498076 -0.2884588 0.000000000  0.00000000
3   2.0 0.3374381 0.2752680 0.4899498 -0.2146819 0.013919100 -0.05985781
          oe         te
1  0.1590154 -0.2824616
2  0.0000000 -0.2884588
3 -0.0499027 -0.2745397

[[1]]$se
  delta         mu       mu_1       mu_0         de       se_1       se_0
1   0.5 0.08980620 0.04059839 0.14800200 0.13506288 0.03009450 0.13419427
2   1.0 0.02675439 0.02649028 0.02983033 0.02563006 0.00000000 0.00000000
3   2.0 0.04711446 0.04545122 0.05897184 0.04717081 0.03155522 0.05178595
          oe         te
1 0.07814261 0.03509300
2 0.00000000 0.02563006
3 0.03483196 0.04455598


[1] "Total run time was 63.147 seconds"
