WARNING: ignoring environment value of R_HOME

Attaching package: ‘dplyr’

The following objects are masked from ‘package:stats’:

    filter, lag

The following objects are masked from ‘package:base’:

    intersect, setdiff, setequal, union

Loading required package: splines
Loading required package: foreach
Loaded gam 1.20.2

Super Learner
Version: 2.0-28
Package created on 2021-05-04

Loading required package: lattice
Loading required package: ggplot2
Loading required package: Matrix
Loaded glmnet 4.1-7
Loading required package: Formula
Loading required package: plotmo
Loading required package: plotrix
Loading required package: TeachingDemos
Loaded gbm 2.1.8.1

Attaching package: ‘xgboost’

The following object is masked from ‘package:dplyr’:

    slice

[1] "[Simulation setting]"
[1] "m: 100"
[1] "deltas: 0.5, 1, 2"
[1] "r: 100"
[1] "Sim.id 1"
[1] "Data generated"
[1] "   Split: 1"
[1] "   Split: 2"
[1] "Estimates and SE estimates computed"
[1] ""
[[1]]
[[1]]$est
  delta        mu      mu_1      mu_0         de        se_1        se_0
1   0.5 0.5097344 0.3157135 0.6527170 -0.3370035  0.09433428  0.09825005
2   1.0 0.3548736 0.2213792 0.5544670 -0.3330878  0.00000000  0.00000000
3   2.0 0.2445091 0.1526627 0.5117396 -0.3590769 -0.06871654 -0.04272737
          oe         te
1  0.1548607 -0.2387535
2  0.0000000 -0.3330878
3 -0.1103645 -0.4018043

[[1]]$se
  delta         mu       mu_1       mu_0         de       se_1       se_0
1   0.5 0.04939037 0.05513904 0.05353512 0.04960430 0.04948883 0.04480999
2   1.0 0.02829807 0.02612444 0.03574900 0.03082090 0.00000000 0.00000000
3   2.0 0.05033464 0.04885952 0.05723126 0.04372855 0.03515721 0.04442074
          oe         te
1 0.04203290 0.05930476
2 0.00000000 0.03082090
3 0.03531793 0.04613304


[1] "Total run time was 42.376 seconds"
