WARNING: ignoring environment value of R_HOME

Attaching package: ‘dplyr’

The following objects are masked from ‘package:stats’:

    filter, lag

The following objects are masked from ‘package:base’:

    intersect, setdiff, setequal, union

Loading required package: splines
Loading required package: foreach
Loaded gam 1.20.2

Super Learner
Version: 2.0-28
Package created on 2021-05-04

Loading required package: lattice
Loading required package: ggplot2
Loading required package: Matrix
Loaded glmnet 4.1-7
Loading required package: Formula
Loading required package: plotmo
Loading required package: plotrix
Loading required package: TeachingDemos
Loaded gbm 2.1.8.1

Attaching package: ‘xgboost’

The following object is masked from ‘package:dplyr’:

    slice

[1] "[Simulation setting]"
[1] "m: 100"
[1] "deltas: 0.5, 1, 2"
[1] "r: 100"
[1] "Sim.id 1"
[1] "Data generated"
[1] "   Split: 1"
[1] "   Split: 2"
[1] "Estimates and SE estimates computed"
[1] ""
[[1]]
[[1]]$est
  delta        mu      mu_1      mu_0         de         se_1       se_0
1   0.5 0.3961981 0.2485548 0.4977200 -0.2491653 -0.004213624 -0.1004213
2   1.0 0.4047195 0.2527684 0.5981413 -0.3453729  0.000000000  0.0000000
3   2.0 0.3213881 0.1997326 0.6319225 -0.4321899 -0.053035743  0.0337812
            oe         te
1 -0.008521371 -0.3495865
2  0.000000000 -0.3453729
3 -0.083331319 -0.3984087

[[1]]$se
  delta         mu       mu_1       mu_0         de       se_1       se_0
1   0.5 0.03161969 0.02816925 0.03947884 0.03449450 0.02730155 0.03746345
2   1.0 0.02648471 0.02309114 0.03340068 0.02722018 0.00000000 0.00000000
3   2.0 0.04743660 0.04317858 0.06108019 0.04278890 0.02982052 0.04395705
          oe         te
1 0.02990041 0.03721177
2 0.00000000 0.02722018
3 0.03181021 0.03951031


[1] "Total run time was 39.145 seconds"
