WARNING: ignoring environment value of R_HOME

Attaching package: ‘dplyr’

The following objects are masked from ‘package:stats’:

    filter, lag

The following objects are masked from ‘package:base’:

    intersect, setdiff, setequal, union

Loading required package: splines
Loading required package: foreach
Loaded gam 1.20.2

Super Learner
Version: 2.0-28
Package created on 2021-05-04

Loading required package: lattice
Loading required package: ggplot2
Loading required package: Matrix
Loaded glmnet 4.1-7
Loading required package: Formula
Loading required package: plotmo
Loading required package: plotrix
Loading required package: TeachingDemos
Loaded gbm 2.1.8.1

Attaching package: ‘xgboost’

The following object is masked from ‘package:dplyr’:

    slice

[1] "[Simulation setting]"
[1] "m: 100"
[1] "deltas: 0.5, 1, 2"
[1] "r: 100"
[1] "Sim.id 1"
[1] "Data generated"
[1] "   Split: 1"
[1] "   Split: 2"
[1] "Estimates and SE estimates computed"
[1] ""
[[1]]
[[1]]$est
  delta        mu      mu_1      mu_0         de       se_1        se_0
1   0.5 0.4304380 0.3027370 0.5193748 -0.2166379 0.04712981 0.003691881
2   1.0 0.3689219 0.2556072 0.5156830 -0.2600758 0.00000000 0.000000000
3   2.0 0.3825542 0.2994135 0.5698090 -0.2703955 0.04380628 0.054126011
          oe         te
1 0.06151602 -0.2129460
2 0.00000000 -0.2600758
3 0.01363222 -0.2162695

[[1]]$se
  delta         mu       mu_1       mu_0         de       se_1       se_0
1   0.5 0.03331201 0.03419132 0.03965053 0.04120555 0.02521833 0.03251262
2   1.0 0.02718994 0.02563871 0.03461935 0.02954657 0.00000000 0.00000000
3   2.0 0.06525343 0.07685371 0.06487886 0.09328846 0.06792780 0.05709921
          oe         te
1 0.02436839 0.03688458
2 0.00000000 0.02954657
3 0.05766670 0.07672591


[1] "Total run time was 95.034 seconds"
