WARNING: ignoring environment value of R_HOME

Attaching package: ‘dplyr’

The following objects are masked from ‘package:stats’:

    filter, lag

The following objects are masked from ‘package:base’:

    intersect, setdiff, setequal, union

Loading required package: splines
Loading required package: foreach
Loaded gam 1.20.2

Super Learner
Version: 2.0-28
Package created on 2021-05-04

Loading required package: lattice
Loading required package: ggplot2
Loading required package: Matrix
Loaded glmnet 4.1-7
Loading required package: Formula
Loading required package: plotmo
Loading required package: plotrix
Loading required package: TeachingDemos
Loaded gbm 2.1.8.1

Attaching package: ‘xgboost’

The following object is masked from ‘package:dplyr’:

    slice

[1] "[Simulation setting]"
[1] "m: 100"
[1] "deltas: 0.5, 1, 2"
[1] "r: 100"
[1] "Sim.id 1"
[1] "Data generated"
[1] "   Split: 1"
[1] "   Split: 2"
[1] "Estimates and SE estimates computed"
[1] ""
[[1]]
[[1]]$est
  delta        mu      mu_1      mu_0         de        se_1         se_0
1   0.5 0.4600463 0.3058474 0.5674703 -0.2616228  0.03410529 -0.005841924
2   1.0 0.3951927 0.2717422 0.5733122 -0.3015700  0.00000000  0.000000000
3   2.0 0.3312954 0.2450784 0.5749683 -0.3298899 -0.02666378  0.001656105
           oe         te
1  0.06485357 -0.2674648
2  0.00000000 -0.3015700
3 -0.06389734 -0.3282338

[[1]]$se
  delta         mu       mu_1       mu_0         de       se_1       se_0
1   0.5 0.04508645 0.03917347 0.05911022 0.05013861 0.03148579 0.04515318
2   1.0 0.03037896 0.02761209 0.03876262 0.03059050 0.00000000 0.00000000
3   2.0 0.03926888 0.03679612 0.05265278 0.04448150 0.02603410 0.03936811
          oe         te
1 0.03703305 0.04318658
2 0.00000000 0.03059050
3 0.02860776 0.04333790


[1] "Total run time was 58.666 seconds"
