WARNING: ignoring environment value of R_HOME

Attaching package: ‘dplyr’

The following objects are masked from ‘package:stats’:

    filter, lag

The following objects are masked from ‘package:base’:

    intersect, setdiff, setequal, union

Loading required package: splines
Loading required package: foreach
Loaded gam 1.20.2

Super Learner
Version: 2.0-28
Package created on 2021-05-04

Loading required package: lattice
Loading required package: ggplot2
Loading required package: Matrix
Loaded glmnet 4.1-7
Loading required package: Formula
Loading required package: plotmo
Loading required package: plotrix
Loading required package: TeachingDemos
Loaded gbm 2.1.8.1

Attaching package: ‘xgboost’

The following object is masked from ‘package:dplyr’:

    slice

[1] "[Simulation setting]"
[1] "m: 100"
[1] "deltas: 0.5, 1, 2"
[1] "r: 100"
[1] "Sim.id 1"
[1] "Data generated"
[1] "   Split: 1"
[1] "   Split: 2"
[1] "Estimates and SE estimates computed"
[1] ""
[[1]]
[[1]]$est
  delta        mu      mu_1      mu_0         de        se_1        se_0
1   0.5 0.4300672 0.2674959 0.5486234 -0.2811276  0.01480982  0.02469896
2   1.0 0.3601817 0.2526860 0.5239245 -0.2712384  0.00000000  0.00000000
3   2.0 0.2730064 0.2020801 0.5082621 -0.3061820 -0.05060596 -0.01566235
          oe         te
1  0.0698855 -0.2564286
2  0.0000000 -0.2712384
3 -0.0871753 -0.3218444

[[1]]$se
  delta         mu       mu_1       mu_0         de       se_1       se_0
1   0.5 0.03467200 0.03887921 0.04578463 0.05133897 0.02789686 0.03808041
2   1.0 0.02523339 0.02349240 0.03240297 0.02831991 0.00000000 0.00000000
3   2.0 0.03020789 0.03070387 0.04646716 0.04909888 0.02310763 0.03400346
          oe         te
1 0.02470170 0.03676569
2 0.00000000 0.02831991
3 0.02462863 0.04195917


[1] "Total run time was 45.011 seconds"
