WARNING: ignoring environment value of R_HOME

Attaching package: ‘dplyr’

The following objects are masked from ‘package:stats’:

    filter, lag

The following objects are masked from ‘package:base’:

    intersect, setdiff, setequal, union

Loading required package: splines
Loading required package: foreach
Loaded gam 1.20.2

Super Learner
Version: 2.0-28
Package created on 2021-05-04

Loading required package: lattice
Loading required package: ggplot2
Loading required package: Matrix
Loaded glmnet 4.1-7
Loading required package: Formula
Loading required package: plotmo
Loading required package: plotrix
Loading required package: TeachingDemos
Loaded gbm 2.1.8.1

Attaching package: ‘xgboost’

The following object is masked from ‘package:dplyr’:

    slice

[1] "[Simulation setting]"
[1] "m: 100"
[1] "deltas: 0.5, 1, 2"
[1] "r: 100"
[1] "Sim.id 1"
[1] "Data generated"
[1] "   Split: 1"
[1] "   Split: 2"
[1] "Estimates and SE estimates computed"
[1] ""
[[1]]
[[1]]$est
  delta        mu      mu_1      mu_0         de        se_1        se_0
1   0.5 0.4102827 0.2277184 0.5466416 -0.3189232  0.02645725  0.08329430
2   1.0 0.3070948 0.2012612 0.4633473 -0.2620861  0.00000000  0.00000000
3   2.0 0.2465865 0.1709341 0.4572665 -0.2863324 -0.03032706 -0.00608083
           oe         te
1  0.10318785 -0.2356289
2  0.00000000 -0.2620861
3 -0.06050835 -0.2924132

[[1]]$se
  delta         mu       mu_1       mu_0         de       se_1       se_0
1   0.5 0.03658050 0.02484497 0.05688653 0.05866035 0.02110340 0.04532608
2   1.0 0.02550136 0.02334996 0.03396761 0.03121741 0.00000000 0.00000000
3   2.0 0.04000217 0.04030287 0.05364769 0.05182560 0.03005238 0.03874319
          oe         te
1 0.03182714 0.03577321
2 0.00000000 0.03121741
3 0.02743268 0.04420329


[1] "Total run time was 40.935 seconds"
