WARNING: ignoring environment value of R_HOME

Attaching package: ‘dplyr’

The following objects are masked from ‘package:stats’:

    filter, lag

The following objects are masked from ‘package:base’:

    intersect, setdiff, setequal, union

Loading required package: splines
Loading required package: foreach
Loaded gam 1.20.2

Super Learner
Version: 2.0-28
Package created on 2021-05-04

Loading required package: lattice
Loading required package: ggplot2
Loading required package: Matrix
Loaded glmnet 4.1-7
Loading required package: Formula
Loading required package: plotmo
Loading required package: plotrix
Loading required package: TeachingDemos
Loaded gbm 2.1.8.1

Attaching package: ‘xgboost’

The following object is masked from ‘package:dplyr’:

    slice

[1] "[Simulation setting]"
[1] "m: 100"
[1] "deltas: 0.5, 1, 2"
[1] "r: 100"
[1] "Sim.id 1"
[1] "Data generated"
[1] "   Split: 1"
[1] "   Split: 2"
[1] "Estimates and SE estimates computed"
[1] ""
[[1]]
[[1]]$est
  delta        mu      mu_1      mu_0         de        se_1        se_0
1   0.5 0.4835722 0.3181433 0.5741455 -0.2560022  0.08545899  0.00442135
2   1.0 0.3894551 0.2326843 0.5697241 -0.3370398  0.00000000  0.00000000
3   2.0 0.2897305 0.1732330 0.5368728 -0.3636398 -0.05945131 -0.03285138
           oe         te
1  0.09411711 -0.2515809
2  0.00000000 -0.3370398
3 -0.09972463 -0.3964912

[[1]]$se
  delta         mu       mu_1       mu_0         de       se_1       se_0
1   0.5 0.03718145 0.04382474 0.04602201 0.05982375 0.03625892 0.03770769
2   1.0 0.02877480 0.02308380 0.03744850 0.02933235 0.00000000 0.00000000
3   2.0 0.03857784 0.03124054 0.05890362 0.04978565 0.02361562 0.04392568
          oe         te
1 0.02731830 0.04768610
2 0.00000000 0.02933235
3 0.02862982 0.03894114


[1] "Total run time was 62.356 seconds"
