WARNING: ignoring environment value of R_HOME

Attaching package: ‘dplyr’

The following objects are masked from ‘package:stats’:

    filter, lag

The following objects are masked from ‘package:base’:

    intersect, setdiff, setequal, union

Loading required package: splines
Loading required package: foreach
Loaded gam 1.20.2

Super Learner
Version: 2.0-28
Package created on 2021-05-04

Loading required package: lattice
Loading required package: ggplot2
Loading required package: Matrix
Loaded glmnet 4.1-7
Loading required package: Formula
Loading required package: plotmo
Loading required package: plotrix
Loading required package: TeachingDemos
Loaded gbm 2.1.8.1

Attaching package: ‘xgboost’

The following object is masked from ‘package:dplyr’:

    slice

[1] "[Simulation setting]"
[1] "m: 100"
[1] "deltas: 0.5, 1, 2"
[1] "r: 100"
[1] "Sim.id 1"
[1] "Data generated"
[1] "   Split: 1"
[1] "   Split: 2"
[1] "Estimates and SE estimates computed"
[1] ""
[[1]]
[[1]]$est
  delta        mu      mu_1      mu_0         de        se_1        se_0
1   0.5 0.4661657 0.3069704 0.5782928 -0.2713224  0.04434694 0.022916492
2   1.0 0.3846951 0.2626235 0.5553764 -0.2927529  0.00000000 0.000000000
3   2.0 0.3110746 0.2235242 0.5628417 -0.3393175 -0.03909930 0.007465349
           oe         te
1  0.08147067 -0.2484059
2  0.00000000 -0.2927529
3 -0.07362043 -0.3318522

[[1]]$se
  delta         mu       mu_1       mu_0         de       se_1       se_0
1   0.5 0.02965788 0.03102152 0.03810670 0.04547560 0.02261019 0.02969065
2   1.0 0.02648891 0.02435134 0.03142930 0.02708669 0.00000000 0.00000000
3   2.0 0.03707929 0.03422422 0.04802777 0.04026573 0.02590252 0.03716885
          oe         te
1 0.02257618 0.03624666
2 0.00000000 0.02708669
3 0.02798801 0.03909385


[1] "Total run time was 22.764 seconds"
