WARNING: ignoring environment value of R_HOME

Attaching package: ‘dplyr’

The following objects are masked from ‘package:stats’:

    filter, lag

The following objects are masked from ‘package:base’:

    intersect, setdiff, setequal, union

Loading required package: splines
Loading required package: foreach
Loaded gam 1.20.2

Super Learner
Version: 2.0-28
Package created on 2021-05-04

Loading required package: lattice
Loading required package: ggplot2
Loading required package: Matrix
Loaded glmnet 4.1-7
Loading required package: Formula
Loading required package: plotmo
Loading required package: plotrix
Loading required package: TeachingDemos
Loaded gbm 2.1.8.1

Attaching package: ‘xgboost’

The following object is masked from ‘package:dplyr’:

    slice

[1] "[Simulation setting]"
[1] "m: 100"
[1] "deltas: 0.5, 1, 2"
[1] "r: 100"
[1] "Sim.id 1"
[1] "Data generated"
[1] "   Split: 1"
[1] "   Split: 2"
[1] "Estimates and SE estimates computed"
[1] ""
[[1]]
[[1]]$est
  delta        mu      mu_1      mu_0         de        se_1        se_0
1   0.5 0.4351388 0.2654361 0.5579011 -0.2924650  0.02609831  0.01859850
2   1.0 0.3653604 0.2393378 0.5393026 -0.2999648  0.00000000  0.00000000
3   2.0 0.2916917 0.2085394 0.4984078 -0.2898684 -0.03079839 -0.04089481
           oe         te
1  0.06977838 -0.2738665
2  0.00000000 -0.2999648
3 -0.07366868 -0.3307632

[[1]]$se
  delta         mu       mu_1       mu_0         de       se_1       se_0
1   0.5 0.04072427 0.03956947 0.04619059 0.03917795 0.03191369 0.03655787
2   1.0 0.02738407 0.02313151 0.03493247 0.03118748 0.00000000 0.00000000
3   2.0 0.03678650 0.03344725 0.04786662 0.03991318 0.02433497 0.03212669
          oe         te
1 0.03294713 0.04297995
2 0.00000000 0.03118748
3 0.02575524 0.04074990


[1] "Total run time was 66.054 seconds"
