WARNING: ignoring environment value of R_HOME

Attaching package: ‘dplyr’

The following objects are masked from ‘package:stats’:

    filter, lag

The following objects are masked from ‘package:base’:

    intersect, setdiff, setequal, union

Loading required package: splines
Loading required package: foreach
Loaded gam 1.20.2

Super Learner
Version: 2.0-28
Package created on 2021-05-04

Loading required package: lattice
Loading required package: ggplot2
Loading required package: Matrix
Loaded glmnet 4.1-7
Loading required package: Formula
Loading required package: plotmo
Loading required package: plotrix
Loading required package: TeachingDemos
Loaded gbm 2.1.8.1

Attaching package: ‘xgboost’

The following object is masked from ‘package:dplyr’:

    slice

[1] "[Simulation setting]"
[1] "m: 100"
[1] "deltas: 0.5, 1, 2"
[1] "r: 100"
[1] "Sim.id 1"
[1] "Data generated"
[1] "   Split: 1"
[1] "   Split: 2"
[1] "Estimates and SE estimates computed"
[1] ""
[[1]]
[[1]]$est
  delta        mu      mu_1      mu_0         de        se_1        se_0
1   0.5 0.4120691 0.2767673 0.5094023 -0.2326351  0.05828801  0.03654895
2   1.0 0.3205952 0.2184792 0.4728534 -0.2543741  0.00000000  0.00000000
3   2.0 0.2102216 0.1440251 0.4110608 -0.2670357 -0.07445414 -0.06179259
           oe         te
1  0.09147388 -0.1960861
2  0.00000000 -0.2543741
3 -0.11037357 -0.3288283

[[1]]$se
  delta         mu       mu_1       mu_0         de       se_1       se_0
1   0.5 0.03215040 0.02676458 0.04451636 0.04352568 0.02231143 0.03238993
2   1.0 0.02688911 0.02536248 0.03374530 0.02839231 0.00000000 0.00000000
3   2.0 0.04968269 0.04809528 0.05288225 0.03797117 0.03357946 0.04047473
          oe         te
1 0.02599928 0.03402452
2 0.00000000 0.02839231
3 0.03595083 0.04764119


[1] "Total run time was 54.915 seconds"
