WARNING: ignoring environment value of R_HOME

Attaching package: ‘dplyr’

The following objects are masked from ‘package:stats’:

    filter, lag

The following objects are masked from ‘package:base’:

    intersect, setdiff, setequal, union

Loading required package: splines
Loading required package: foreach
Loaded gam 1.20.2

Super Learner
Version: 2.0-28
Package created on 2021-05-04

Loading required package: lattice
Loading required package: ggplot2
Loading required package: Matrix
Loaded glmnet 4.1-7
Loading required package: Formula
Loading required package: plotmo
Loading required package: plotrix
Loading required package: TeachingDemos
Loaded gbm 2.1.8.1

Attaching package: ‘xgboost’

The following object is masked from ‘package:dplyr’:

    slice

[1] "[Simulation setting]"
[1] "m: 100"
[1] "deltas: 0.5, 1, 2"
[1] "r: 100"
[1] "Sim.id 1"
[1] "Data generated"
[1] "   Split: 1"
[1] "   Split: 2"
[1] "Estimates and SE estimates computed"
[1] ""
[[1]]
[[1]]$est
  delta        mu      mu_1      mu_0         de         se_1         se_0
1   0.5 0.4233210 0.2559223 0.5418332 -0.2859110  0.003205934 -0.054365439
2   1.0 0.3970954 0.2527163 0.5961987 -0.3434823  0.000000000  0.000000000
3   2.0 0.3071036 0.2039331 0.5907591 -0.3868260 -0.048783256 -0.005439588
           oe         te
1  0.02622556 -0.3402764
2  0.00000000 -0.3434823
3 -0.08999180 -0.3922656

[[1]]$se
  delta         mu       mu_1       mu_0         de       se_1       se_0
1   0.5 0.04736964 0.04370467 0.05739652 0.04438009 0.03395550 0.04469355
2   1.0 0.03106937 0.02686565 0.03828607 0.02927761 0.00000000 0.00000000
3   2.0 0.05275198 0.04756609 0.06361562 0.04907278 0.03699802 0.04887211
          oe         te
1 0.03678114 0.04231211
2 0.00000000 0.02927761
3 0.04118749 0.05045474


[1] "Total run time was 52.451 seconds"
