WARNING: ignoring environment value of R_HOME

Attaching package: ‘dplyr’

The following objects are masked from ‘package:stats’:

    filter, lag

The following objects are masked from ‘package:base’:

    intersect, setdiff, setequal, union

Loading required package: splines
Loading required package: foreach
Loaded gam 1.20.2

Super Learner
Version: 2.0-28
Package created on 2021-05-04

Loading required package: lattice
Loading required package: ggplot2
Loading required package: Matrix
Loaded glmnet 4.1-7
Loading required package: Formula
Loading required package: plotmo
Loading required package: plotrix
Loading required package: TeachingDemos
Loaded gbm 2.1.8.1

Attaching package: ‘xgboost’

The following object is masked from ‘package:dplyr’:

    slice

[1] "[Simulation setting]"
[1] "m: 100"
[1] "deltas: 0.5, 1, 2"
[1] "r: 100"
[1] "Sim.id 1"
[1] "Data generated"
[1] "   Split: 1"
[1] "   Split: 2"
[1] "Estimates and SE estimates computed"
[1] ""
[[1]]
[[1]]$est
  delta        mu      mu_1      mu_0         de        se_1         se_0
1   0.5 0.3951198 0.2592382 0.5052478 -0.2460096 0.016805398 -0.000400307
2   1.0 0.3465888 0.2424328 0.5056481 -0.2632153 0.000000000  0.000000000
3   2.0 0.3284830 0.2502256 0.5418922 -0.2916667 0.007792792  0.036244157
           oe         te
1  0.04853094 -0.2464099
2  0.00000000 -0.2632153
3 -0.01810582 -0.2554225

[[1]]$se
  delta         mu       mu_1       mu_0         de       se_1       se_0
1   0.5 0.02654663 0.02910803 0.03396646 0.03879859 0.02356984 0.02654910
2   1.0 0.02383313 0.02310927 0.03021930 0.02804108 0.00000000 0.00000000
3   2.0 0.03828590 0.03541221 0.04867973 0.03794975 0.02242007 0.03680964
         oe         te
1 0.0216599 0.03493328
2 0.0000000 0.02804108
3 0.0270913 0.03838550


[1] "Total run time was 72.11 seconds"
