WARNING: ignoring environment value of R_HOME

Attaching package: ‘dplyr’

The following objects are masked from ‘package:stats’:

    filter, lag

The following objects are masked from ‘package:base’:

    intersect, setdiff, setequal, union

Loading required package: splines
Loading required package: foreach
Loaded gam 1.20.2

Super Learner
Version: 2.0-28
Package created on 2021-05-04

Loading required package: lattice
Loading required package: ggplot2
Loading required package: Matrix
Loaded glmnet 4.1-7
Loading required package: Formula
Loading required package: plotmo
Loading required package: plotrix
Loading required package: TeachingDemos
Loaded gbm 2.1.8.1

Attaching package: ‘xgboost’

The following object is masked from ‘package:dplyr’:

    slice

[1] "[Simulation setting]"
[1] "m: 100"
[1] "deltas: 0.5, 1, 2"
[1] "r: 100"
[1] "Sim.id 1"
[1] "Data generated"
[1] "   Split: 1"
[1] "   Split: 2"
[1] "Estimates and SE estimates computed"
[1] ""
[[1]]
[[1]]$est
  delta        mu      mu_1      mu_0         de         se_1        se_0
1   0.5 0.4110385 0.2457880 0.5237990 -0.2780110 -0.015343400 -0.01734109
2   1.0 0.3834793 0.2611314 0.5411401 -0.2800087  0.000000000  0.00000000
3   2.0 0.3276165 0.2591311 0.4978722 -0.2387411 -0.002000281 -0.04326793
           oe         te
1  0.02755918 -0.2953521
2  0.00000000 -0.2800087
3 -0.05586279 -0.2820090

[[1]]$se
  delta         mu       mu_1       mu_0         de       se_1       se_0
1   0.5 0.03405627 0.02802454 0.04962541 0.05381167 0.01974240 0.03802910
2   1.0 0.02746987 0.02736336 0.03407623 0.03162859 0.00000000 0.00000000
3   2.0 0.03694262 0.04333678 0.04199345 0.04786946 0.02746608 0.02912622
          oe         te
1 0.02575091 0.03489720
2 0.00000000 0.03162859
3 0.02407133 0.04508800


[1] "Total run time was 58.733 seconds"
