WARNING: ignoring environment value of R_HOME

Attaching package: ‘dplyr’

The following objects are masked from ‘package:stats’:

    filter, lag

The following objects are masked from ‘package:base’:

    intersect, setdiff, setequal, union

Loading required package: splines
Loading required package: foreach
Loaded gam 1.20.2

Super Learner
Version: 2.0-28
Package created on 2021-05-04

Loading required package: lattice
Loading required package: ggplot2
Loading required package: Matrix
Loaded glmnet 4.1-7
Loading required package: Formula
Loading required package: plotmo
Loading required package: plotrix
Loading required package: TeachingDemos
Loaded gbm 2.1.8.1

Attaching package: ‘xgboost’

The following object is masked from ‘package:dplyr’:

    slice

[1] "[Simulation setting]"
[1] "m: 100"
[1] "deltas: 0.5, 1, 2"
[1] "r: 100"
[1] "Sim.id 1"
[1] "Data generated"
[1] "   Split: 1"
[1] "   Split: 2"
[1] "Estimates and SE estimates computed"
[1] ""
[[1]]
[[1]]$est
  delta        mu      mu_1      mu_0         de        se_1        se_0
1   0.5 0.4468128 0.2614008 0.5955250 -0.3341243  0.02550129  0.05293637
2   1.0 0.3533551 0.2358995 0.5425887 -0.3066892  0.00000000  0.00000000
3   2.0 0.2663825 0.2046696 0.4700601 -0.2653905 -0.03122985 -0.07252856
           oe         te
1  0.09345764 -0.2811879
2  0.00000000 -0.3066892
3 -0.08697264 -0.3379190

[[1]]$se
  delta         mu       mu_1       mu_0         de       se_1       se_0
1   0.5 0.03410493 0.03479894 0.03721428 0.03045243 0.02925127 0.03285613
2   1.0 0.02935007 0.02695961 0.03460599 0.02752108 0.00000000 0.00000000
3   2.0 0.04045309 0.03728224 0.05379433 0.04193249 0.02327387 0.03775292
          oe         te
1 0.03010302 0.03519166
2 0.00000000 0.02752108
3 0.02733421 0.03981726


[1] "Total run time was 54.393 seconds"
