WARNING: ignoring environment value of R_HOME

Attaching package: ‘dplyr’

The following objects are masked from ‘package:stats’:

    filter, lag

The following objects are masked from ‘package:base’:

    intersect, setdiff, setequal, union

Loading required package: splines
Loading required package: foreach
Loaded gam 1.20.2

Super Learner
Version: 2.0-28
Package created on 2021-05-04

Loading required package: lattice
Loading required package: ggplot2
Loading required package: Matrix
Loaded glmnet 4.1-7
Loading required package: Formula
Loading required package: plotmo
Loading required package: plotrix
Loading required package: TeachingDemos
Loaded gbm 2.1.8.1

Attaching package: ‘xgboost’

The following object is masked from ‘package:dplyr’:

    slice

[1] "[Simulation setting]"
[1] "m: 100"
[1] "deltas: 0.5, 1, 2"
[1] "r: 100"
[1] "Sim.id 1"
[1] "Data generated"
[1] "   Split: 1"
[1] "   Split: 2"
[1] "Estimates and SE estimates computed"
[1] ""
[[1]]
[[1]]$est
  delta        mu      mu_1      mu_0         de       se_1       se_0
1   0.5 0.4500075 0.3082416 0.5594715 -0.2512300 0.04306922 0.05101515
2   1.0 0.3676193 0.2651724 0.5084564 -0.2432840 0.00000000 0.00000000
3   2.0 0.3896371 0.3057543 0.5834648 -0.2777105 0.04058199 0.07500843
          oe         te
1 0.08238818 -0.2002148
2 0.00000000 -0.2432840
3 0.02201776 -0.2027020

[[1]]$se
  delta         mu       mu_1       mu_0         de       se_1       se_0
1   0.5 0.04031713 0.03649659 0.06199613 0.06976839 0.02552815 0.05018661
2   1.0 0.02805483 0.02584508 0.03657101 0.03283790 0.00000000 0.00000000
3   2.0 0.04351064 0.04107490 0.05556973 0.04832033 0.03448123 0.04074226
          oe         te
1 0.03260774 0.04575849
2 0.00000000 0.03283790
3 0.03495820 0.04810265


[1] "Total run time was 42.258 seconds"
