WARNING: ignoring environment value of R_HOME

Attaching package: ‘dplyr’

The following objects are masked from ‘package:stats’:

    filter, lag

The following objects are masked from ‘package:base’:

    intersect, setdiff, setequal, union

Loading required package: splines
Loading required package: foreach
Loaded gam 1.20.2

Super Learner
Version: 2.0-28
Package created on 2021-05-04

Loading required package: lattice
Loading required package: ggplot2
Loading required package: Matrix
Loaded glmnet 4.1-7
Loading required package: Formula
Loading required package: plotmo
Loading required package: plotrix
Loading required package: TeachingDemos
Loaded gbm 2.1.8.1

Attaching package: ‘xgboost’

The following object is masked from ‘package:dplyr’:

    slice

[1] "[Simulation setting]"
[1] "m: 100"
[1] "deltas: 0.5, 1, 2"
[1] "r: 100"
[1] "Sim.id 1"
[1] "Data generated"
[1] "   Split: 1"
[1] "   Split: 2"
[1] "Estimates and SE estimates computed"
[1] ""
[[1]]
[[1]]$est
  delta        mu      mu_1      mu_0         de        se_1        se_0
1   0.5 0.4580076 0.2723513 0.6013537 -0.3290024  0.03597482  0.02623835
2   1.0 0.3690350 0.2363765 0.5751153 -0.3387389  0.00000000  0.00000000
3   2.0 0.3066111 0.2238467 0.5563733 -0.3325267 -0.01252979 -0.01874198
           oe         te
1  0.08897257 -0.3027640
2  0.00000000 -0.3387389
3 -0.06242387 -0.3512687

[[1]]$se
  delta         mu       mu_1       mu_0         de       se_1       se_0
1   0.5 0.02994532 0.03225206 0.03448347 0.03661572 0.02424721 0.03053004
2   1.0 0.02614998 0.02487288 0.03047676 0.02486648 0.00000000 0.00000000
3   2.0 0.03877199 0.03837418 0.04660092 0.04197986 0.02523591 0.03154550
          oe         te
1 0.02398636 0.03390032
2 0.00000000 0.02486648
3 0.02598181 0.03795353


[1] "Total run time was 42.764 seconds"
