WARNING: ignoring environment value of R_HOME

Attaching package: ‘dplyr’

The following objects are masked from ‘package:stats’:

    filter, lag

The following objects are masked from ‘package:base’:

    intersect, setdiff, setequal, union

Loading required package: splines
Loading required package: foreach
Loaded gam 1.20.2

Super Learner
Version: 2.0-28
Package created on 2021-05-04

Loading required package: lattice
Loading required package: ggplot2
Loading required package: Matrix
Loaded glmnet 4.1-7
Loading required package: Formula
Loading required package: plotmo
Loading required package: plotrix
Loading required package: TeachingDemos
Loaded gbm 2.1.8.1

Attaching package: ‘xgboost’

The following object is masked from ‘package:dplyr’:

    slice

[1] "[Simulation setting]"
[1] "m: 100"
[1] "deltas: 0.5, 1, 2"
[1] "r: 100"
[1] "Sim.id 1"
[1] "Data generated"
[1] "   Split: 1"
[1] "   Split: 2"
[1] "Estimates and SE estimates computed"
[1] ""
[[1]]
[[1]]$est
  delta        mu      mu_1      mu_0         de        se_1       se_0
1   0.5 0.4978000 0.3294309 0.6377919 -0.3083610  0.08009075  0.1036185
2   1.0 0.3560563 0.2493401 0.5341733 -0.2848332  0.00000000  0.0000000
3   2.0 0.2727027 0.2203355 0.4805775 -0.2602420 -0.02900464 -0.0535958
           oe         te
1  0.14174367 -0.2047425
2  0.00000000 -0.2848332
3 -0.08335355 -0.3138378

[[1]]$se
  delta         mu       mu_1       mu_0         de       se_1       se_0
1   0.5 0.04542474 0.04158745 0.05235008 0.04204667 0.03397645 0.04117327
2   1.0 0.02975783 0.02756624 0.03507461 0.02804698 0.00000000 0.00000000
3   2.0 0.07589393 0.08168110 0.07068208 0.07086469 0.06907802 0.05932657
          oe         te
1 0.03479818 0.03921280
2 0.00000000 0.02804698
3 0.06400080 0.07832428


[1] "Total run time was 55.259 seconds"
