WARNING: ignoring environment value of R_HOME

Attaching package: ‘dplyr’

The following objects are masked from ‘package:stats’:

    filter, lag

The following objects are masked from ‘package:base’:

    intersect, setdiff, setequal, union

Loading required package: splines
Loading required package: foreach
Loaded gam 1.20.2

Super Learner
Version: 2.0-28
Package created on 2021-05-04

Loading required package: lattice
Loading required package: ggplot2
Loading required package: Matrix
Loaded glmnet 4.1-7
Loading required package: Formula
Loading required package: plotmo
Loading required package: plotrix
Loading required package: TeachingDemos
Loaded gbm 2.1.8.1

Attaching package: ‘xgboost’

The following object is masked from ‘package:dplyr’:

    slice

[1] "[Simulation setting]"
[1] "m: 100"
[1] "deltas: 0.5, 1, 2"
[1] "r: 100"
[1] "Sim.id 1"
[1] "Data generated"
[1] "   Split: 1"
[1] "   Split: 2"
[1] "Estimates and SE estimates computed"
[1] ""
[[1]]
[[1]]$est
  delta        mu      mu_1      mu_0         de          se_1         se_0
1   0.5 0.4730707 0.2788571 0.6014565 -0.3225994  0.0089399272 -0.003501317
2   1.0 0.4162694 0.2699172 0.6049578 -0.3350406  0.0000000000  0.000000000
3   2.0 0.3558238 0.2689352 0.5554142 -0.2864791 -0.0009820465 -0.049543586
           oe         te
1  0.05680131 -0.3261007
2  0.00000000 -0.3350406
3 -0.06044564 -0.3360227

[[1]]$se
  delta         mu       mu_1       mu_0         de       se_1       se_0
1   0.5 0.03646799 0.03526039 0.04695991 0.04776054 0.02855016 0.03590998
2   1.0 0.02779640 0.02581386 0.03594780 0.03109621 0.00000000 0.00000000
3   2.0 0.04045607 0.03548534 0.05609267 0.04192521 0.02202770 0.04129085
          oe         te
1 0.02962798 0.03998778
2 0.00000000 0.03109621
3 0.02687181 0.03899703


[1] "Total run time was 48.419 seconds"
