WARNING: ignoring environment value of R_HOME

Attaching package: ‘dplyr’

The following objects are masked from ‘package:stats’:

    filter, lag

The following objects are masked from ‘package:base’:

    intersect, setdiff, setequal, union

Loading required package: splines
Loading required package: foreach
Loaded gam 1.20.2

Super Learner
Version: 2.0-28
Package created on 2021-05-04

Loading required package: lattice
Loading required package: ggplot2
Loading required package: Matrix
Loaded glmnet 4.1-7
Loading required package: Formula
Loading required package: plotmo
Loading required package: plotrix
Loading required package: TeachingDemos
Loaded gbm 2.1.8.1

Attaching package: ‘xgboost’

The following object is masked from ‘package:dplyr’:

    slice

[1] "[Simulation setting]"
[1] "m: 100"
[1] "deltas: 0.5, 1, 2"
[1] "r: 100"
[1] "Sim.id 1"
[1] "Data generated"
[1] "   Split: 1"
[1] "   Split: 2"
[1] "Estimates and SE estimates computed"
[1] ""
[[1]]
[[1]]$est
  delta        mu        mu_1      mu_0         de        se_1         se_0
1   0.5 0.4239632  0.13266721 0.6441527 -0.5114854 -0.06711574  0.108494324
2   1.0 0.3454755  0.19978295 0.5356583 -0.3358754  0.00000000  0.000000000
3   2.0 0.1820205 -0.01021664 0.5324446 -0.5426613 -0.20999958 -0.003213685
           oe         te
1  0.07848771 -0.4029911
2  0.00000000 -0.3358754
3 -0.16345503 -0.5458750

[[1]]$se
  delta         mu       mu_1       mu_0         de       se_1       se_0
1   0.5 0.03089628 0.06189578 0.06695356 0.11766194 0.06188952 0.05780960
2   1.0 0.02646389 0.02241396 0.03706196 0.03417839 0.00000000 0.00000000
3   2.0 0.07278370 0.13630423 0.05652880 0.15195757 0.12800494 0.05181865
          oe         te
1 0.02549540 0.07070889
2 0.00000000 0.03417839
3 0.07045486 0.14365164


[1] "Total run time was 63.616 seconds"
