WARNING: ignoring environment value of R_HOME

Attaching package: ‘dplyr’

The following objects are masked from ‘package:stats’:

    filter, lag

The following objects are masked from ‘package:base’:

    intersect, setdiff, setequal, union

Loading required package: splines
Loading required package: foreach
Loaded gam 1.20.2

Super Learner
Version: 2.0-28
Package created on 2021-05-04

Loading required package: lattice
Loading required package: ggplot2
Loading required package: Matrix
Loaded glmnet 4.1-7
Loading required package: Formula
Loading required package: plotmo
Loading required package: plotrix
Loading required package: TeachingDemos
Loaded gbm 2.1.8.1

Attaching package: ‘xgboost’

The following object is masked from ‘package:dplyr’:

    slice

[1] "[Simulation setting]"
[1] "m: 100"
[1] "deltas: 0.5, 1, 2"
[1] "Sim.id 1"
[1] "Data generated"
[1] "   Split: 1"
[1] "   Split: 2"
[1] "Estimates and SE estimates computed"
[1] ""
[[1]]
[[1]]$est
  delta        mu      mu_1      mu_0         de         se_1         se_0
1   0.5 0.4147091 0.2499536 0.5284614 -0.2785078  0.004691814 -0.003993403
2   1.0 0.3667511 0.2452618 0.5324549 -0.2871930  0.000000000  0.000000000
3   2.0 0.3208398 0.2411940 0.5443255 -0.3031315 -0.004067819  0.011870677
           oe         te
1  0.04795794 -0.2825012
2  0.00000000 -0.2871930
3 -0.04591130 -0.2912608

[[1]]$se
  delta         mu       mu_1       mu_0         de       se_1       se_0
1   0.5 0.03074659 0.03535768 0.03876500 0.04120515 0.02198177 0.01727722
2   1.0 0.02606293 0.02502792 0.03822586 0.03782061 0.00000000 0.00000000
3   2.0 0.02642443 0.02872944 0.04231630 0.04734562 0.01498007 0.02143346
          oe         te
1 0.01494324 0.04270554
2 0.00000000 0.03782061
3 0.01381931 0.04190129


[1] "Total run time was 35.064 seconds"
