WARNING: ignoring environment value of R_HOME

Attaching package: ‘dplyr’

The following objects are masked from ‘package:stats’:

    filter, lag

The following objects are masked from ‘package:base’:

    intersect, setdiff, setequal, union

Loading required package: splines
Loading required package: foreach
Loaded gam 1.20.2

Super Learner
Version: 2.0-28
Package created on 2021-05-04

Loading required package: lattice
Loading required package: ggplot2
Loading required package: Matrix
Loaded glmnet 4.1-7
Loading required package: Formula
Loading required package: plotmo
Loading required package: plotrix
Loading required package: TeachingDemos
Loaded gbm 2.1.8.1

Attaching package: ‘xgboost’

The following object is masked from ‘package:dplyr’:

    slice

[1] "[Simulation setting]"
[1] "m: 100"
[1] "deltas: 0.5, 1, 2"
[1] "Sim.id 1"
[1] "Data generated"
[1] "   Split: 1"
[1] "   Split: 2"
[1] "Estimates and SE estimates computed"
[1] ""
[[1]]
[[1]]$est
  delta        mu      mu_1      mu_0         de        se_1        se_0
1   0.5 0.4658173 0.2875812 0.5565834 -0.2690022  0.04554141  0.02579641
2   1.0 0.3847972 0.2420398 0.5307870 -0.2887472  0.00000000  0.00000000
3   2.0 0.2817831 0.1752486 0.5043113 -0.3290627 -0.06679122 -0.02647571
           oe         te
1  0.08102015 -0.2432058
2  0.00000000 -0.2887472
3 -0.10301409 -0.3555384

[[1]]$se
  delta         mu       mu_1       mu_0         de       se_1       se_0
1   0.5 0.03397863 0.03793073 0.04020808 0.04415438 0.02095229 0.01979954
2   1.0 0.02948740 0.03183720 0.03816888 0.04134794 0.00000000 0.00000000
3   2.0 0.03835875 0.05040079 0.04237648 0.06195987 0.03334550 0.02143287
          oe         te
1 0.01665138 0.04297216
2 0.00000000 0.04134794
3 0.02592376 0.05982320


[1] "Total run time was 25.924 seconds"
