WARNING: ignoring environment value of R_HOME

Attaching package: ‘dplyr’

The following objects are masked from ‘package:stats’:

    filter, lag

The following objects are masked from ‘package:base’:

    intersect, setdiff, setequal, union

Loading required package: splines
Loading required package: foreach
Loaded gam 1.20.2

Super Learner
Version: 2.0-28
Package created on 2021-05-04

Loading required package: lattice
Loading required package: ggplot2
Loading required package: Matrix
Loaded glmnet 4.1-7
Loading required package: Formula
Loading required package: plotmo
Loading required package: plotrix
Loading required package: TeachingDemos
Loaded gbm 2.1.8.1

Attaching package: ‘xgboost’

The following object is masked from ‘package:dplyr’:

    slice

[1] "[Simulation setting]"
[1] "m: 100"
[1] "deltas: 0.5, 1, 2"
[1] "Sim.id 1"
[1] "Data generated"
[1] "   Split: 1"
[1] "   Split: 2"
[1] "Estimates and SE estimates computed"
[1] ""
[[1]]
[[1]]$est
  delta        mu      mu_1      mu_0         de        se_1        se_0
1   0.5 0.4594270 0.3175376 0.5692664 -0.2517288  0.06571921  0.01369160
2   1.0 0.3749682 0.2518184 0.5555748 -0.3037564  0.00000000  0.00000000
3   2.0 0.2679430 0.1730278 0.5379739 -0.3649461 -0.07879058 -0.01760092
           oe         te
1  0.08445876 -0.2380372
2  0.00000000 -0.3037564
3 -0.10702524 -0.3825470

[[1]]$se
  delta         mu       mu_1       mu_0         de       se_1       se_0
1   0.5 0.02905733 0.03538971 0.03277958 0.04226140 0.01778129 0.01625232
2   1.0 0.02927160 0.02999680 0.03645329 0.04055267 0.00000000 0.00000000
3   2.0 0.03319110 0.03636910 0.04262602 0.04895539 0.02065300 0.01675224
          oe         te
1 0.01259132 0.04386176
2 0.00000000 0.04055267
3 0.01661332 0.04630605


[1] "Total run time was 34.835 seconds"
