WARNING: ignoring environment value of R_HOME

Attaching package: ‘dplyr’

The following objects are masked from ‘package:stats’:

    filter, lag

The following objects are masked from ‘package:base’:

    intersect, setdiff, setequal, union

Loading required package: splines
Loading required package: foreach
Loaded gam 1.20.2

Super Learner
Version: 2.0-28
Package created on 2021-05-04

Loading required package: lattice
Loading required package: ggplot2
Loading required package: Matrix
Loaded glmnet 4.1-7
Loading required package: Formula
Loading required package: plotmo
Loading required package: plotrix
Loading required package: TeachingDemos
Loaded gbm 2.1.8.1

Attaching package: ‘xgboost’

The following object is masked from ‘package:dplyr’:

    slice

[1] "[Simulation setting]"
[1] "m: 100"
[1] "deltas: 0.5, 1, 2"
[1] "Sim.id 1"
[1] "Data generated"
[1] "   Split: 1"
[1] "   Split: 2"
[1] "Estimates and SE estimates computed"
[1] ""
[[1]]
[[1]]$est
  delta        mu      mu_1      mu_0         de         se_1        se_0
1   0.5 0.3792893 0.1985416 0.4606709 -0.2621292  0.007337188  0.00573114
2   1.0 0.3219547 0.1912045 0.4549397 -0.2637353  0.000000000  0.00000000
3   2.0 0.2539025 0.1653946 0.4268420 -0.2614475 -0.025809895 -0.02809766
           oe         te
1  0.05733457 -0.2563981
2  0.00000000 -0.2637353
3 -0.06805216 -0.2895451

[[1]]$se
  delta         mu       mu_1       mu_0         de       se_1       se_0
1   0.5 0.03392914 0.03385473 0.05570905 0.05970097 0.02249320 0.02940916
2   1.0 0.02693068 0.02735776 0.03955785 0.04173860 0.00000000 0.00000000
3   2.0 0.03556269 0.04416635 0.04178752 0.05584733 0.02840628 0.02648818
          oe         te
1 0.02164456 0.04233748
2 0.00000000 0.04173860
3 0.02422438 0.05726555


[1] "Total run time was 36.767 seconds"
