WARNING: ignoring environment value of R_HOME

Attaching package: ‘dplyr’

The following objects are masked from ‘package:stats’:

    filter, lag

The following objects are masked from ‘package:base’:

    intersect, setdiff, setequal, union

Loading required package: splines
Loading required package: foreach
Loaded gam 1.20.2

Super Learner
Version: 2.0-28
Package created on 2021-05-04

Loading required package: lattice
Loading required package: ggplot2
Loading required package: Matrix
Loaded glmnet 4.1-7
Loading required package: Formula
Loading required package: plotmo
Loading required package: plotrix
Loading required package: TeachingDemos
Loaded gbm 2.1.8.1

Attaching package: ‘xgboost’

The following object is masked from ‘package:dplyr’:

    slice

[1] "[Simulation setting]"
[1] "m: 100"
[1] "deltas: 0.5, 1, 2"
[1] "Sim.id 1"
[1] "Data generated"
[1] "   Split: 1"
[1] "   Split: 2"
[1] "Estimates and SE estimates computed"
[1] ""
[[1]]
[[1]]$est
  delta        mu      mu_1      mu_0         de         se_1        se_0
1   0.5 0.4383266 0.3242681 0.5171137 -0.1928456  0.006202066 -0.02786878
2   1.0 0.4155305 0.3180660 0.5449825 -0.2269164  0.000000000  0.00000000
3   2.0 0.3746342 0.3071544 0.5563863 -0.2492320 -0.010911693  0.01140385
           oe         te
1  0.02279608 -0.2207143
2  0.00000000 -0.2269164
3 -0.04089625 -0.2378281

[[1]]$se
  delta         mu       mu_1       mu_0         de       se_1       se_0
1   0.5 0.03817558 0.03763910 0.05331859 0.05204905 0.01920307 0.03053071
2   1.0 0.02920836 0.03332623 0.04084647 0.04431182 0.00000000 0.00000000
3   2.0 0.03083820 0.03640561 0.04471310 0.05301560 0.01557817 0.02290758
          oe         te
1 0.02285506 0.04402708
2 0.00000000 0.04431182
3 0.01490024 0.04868570


[1] "Total run time was 31.757 seconds"
