WARNING: ignoring environment value of R_HOME

Attaching package: ‘dplyr’

The following objects are masked from ‘package:stats’:

    filter, lag

The following objects are masked from ‘package:base’:

    intersect, setdiff, setequal, union

Loading required package: splines
Loading required package: foreach
Loaded gam 1.20.2

Super Learner
Version: 2.0-28
Package created on 2021-05-04

Loading required package: lattice
Loading required package: ggplot2
Loading required package: Matrix
Loaded glmnet 4.1-7
Loading required package: Formula
Loading required package: plotmo
Loading required package: plotrix
Loading required package: TeachingDemos
Loaded gbm 2.1.8.1

Attaching package: ‘xgboost’

The following object is masked from ‘package:dplyr’:

    slice

[1] "[Simulation setting]"
[1] "m: 100"
[1] "deltas: 0.5, 1, 2"
[1] "Sim.id 1"
[1] "Data generated"
[1] "   Split: 1"
[1] "   Split: 2"
[1] "Estimates and SE estimates computed"
[1] ""
[[1]]
[[1]]$est
  delta        mu      mu_1      mu_0         de        se_1        se_0
1   0.5 0.4037818 0.2312804 0.5596051 -0.3283247  0.05811994  0.06122874
2   1.0 0.2818754 0.1731605 0.4983764 -0.3252159  0.00000000  0.00000000
3   2.0 0.2033908 0.1364857 0.4848332 -0.3483476 -0.03667481 -0.01354315
           oe         te
1  0.12190637 -0.2670960
2  0.00000000 -0.3252159
3 -0.07848458 -0.3618907

[[1]]$se
  delta         mu       mu_1       mu_0         de       se_1       se_0
1   0.5 0.04327838 0.04289466 0.06184819 0.06251961 0.02967563 0.03483909
2   1.0 0.02772071 0.02710707 0.04361970 0.04277715 0.00000000 0.00000000
3   2.0 0.03219544 0.03747524 0.04586334 0.05628599 0.02166935 0.02558501
          oe         te
1 0.02599674 0.04901421
2 0.00000000 0.04277715
3 0.01982779 0.05282580


[1] "Total run time was 33.458 seconds"
