WARNING: ignoring environment value of R_HOME

Attaching package: ‘dplyr’

The following objects are masked from ‘package:stats’:

    filter, lag

The following objects are masked from ‘package:base’:

    intersect, setdiff, setequal, union

Loading required package: splines
Loading required package: foreach
Loaded gam 1.20.2

Super Learner
Version: 2.0-28
Package created on 2021-05-04

Loading required package: lattice
Loading required package: ggplot2
Loading required package: Matrix
Loaded glmnet 4.1-7
Loading required package: Formula
Loading required package: plotmo
Loading required package: plotrix
Loading required package: TeachingDemos
Loaded gbm 2.1.8.1

Attaching package: ‘xgboost’

The following object is masked from ‘package:dplyr’:

    slice

[1] "[Simulation setting]"
[1] "m: 100"
[1] "deltas: 0.5, 1, 2"
[1] "Sim.id 1"
[1] "Data generated"
[1] "   Split: 1"
[1] "   Split: 2"
[1] "Estimates and SE estimates computed"
[1] ""
[[1]]
[[1]]$est
  delta        mu      mu_1      mu_0         de         se_1        se_0
1   0.5 0.3889719 0.2494794 0.4821166 -0.2326372 -0.001142993 -0.02131163
2   1.0 0.3557899 0.2506224 0.5034282 -0.2528059  0.000000000  0.00000000
3   2.0 0.3380812 0.2685901 0.5297852 -0.2611950  0.017967788  0.02635695
           oe         te
1  0.03318197 -0.2539489
2  0.00000000 -0.2528059
3 -0.01770867 -0.2348381

[[1]]$se
  delta         mu       mu_1       mu_0         de       se_1       se_0
1   0.5 0.05080809 0.03606829 0.08580934 0.08600138 0.02204891 0.06092916
2   1.0 0.02939342 0.03055720 0.04228089 0.04168417 0.00000000 0.00000000
3   2.0 0.03542501 0.04267780 0.03969398 0.05006777 0.02361383 0.02405322
          oe         te
1 0.03541310 0.04387752
2 0.00000000 0.04168417
3 0.02074721 0.05213099


[1] "Total run time was 42.014 seconds"
