WARNING: ignoring environment value of R_HOME

Attaching package: ‘dplyr’

The following objects are masked from ‘package:stats’:

    filter, lag

The following objects are masked from ‘package:base’:

    intersect, setdiff, setequal, union

Loading required package: splines
Loading required package: foreach
Loaded gam 1.20.2

Super Learner
Version: 2.0-28
Package created on 2021-05-04

Loading required package: lattice
Loading required package: ggplot2
Loading required package: Matrix
Loaded glmnet 4.1-7
Loading required package: Formula
Loading required package: plotmo
Loading required package: plotrix
Loading required package: TeachingDemos
Loaded gbm 2.1.8.1

Attaching package: ‘xgboost’

The following object is masked from ‘package:dplyr’:

    slice

[1] "[Simulation setting]"
[1] "m: 100"
[1] "deltas: 0.5, 1, 2"
[1] "Sim.id 1"
[1] "Data generated"
[1] "   Split: 1"
[1] "   Split: 2"
[1] "Estimates and SE estimates computed"
[1] ""
[[1]]
[[1]]$est
  delta        mu      mu_1      mu_0         de        se_1         se_0
1   0.5 0.4331684 0.2873808 0.5610727 -0.2736919 -0.02111474  0.009333863
2   1.0 0.3941201 0.3084955 0.5517388 -0.2432433  0.00000000  0.000000000
3   2.0 0.3635783 0.3234750 0.5264901 -0.2030150  0.01497952 -0.025248762
           oe         te
1  0.03904822 -0.2643581
2  0.00000000 -0.2432433
3 -0.03054180 -0.2282638

[[1]]$se
  delta         mu       mu_1       mu_0         de       se_1       se_0
1   0.5 0.02928628 0.03638172 0.04794330 0.06188077 0.01862303 0.02508215
2   1.0 0.02785491 0.03067546 0.04153184 0.04567081 0.00000000 0.00000000
3   2.0 0.03056798 0.03326677 0.04753194 0.05061617 0.01524897 0.02403896
          oe         te
1 0.01519119 0.05270825
2 0.00000000 0.04567081
3 0.01428782 0.04655809


[1] "Total run time was 29.86 seconds"
