WARNING: ignoring environment value of R_HOME

Attaching package: ‘dplyr’

The following objects are masked from ‘package:stats’:

    filter, lag

The following objects are masked from ‘package:base’:

    intersect, setdiff, setequal, union

Loading required package: splines
Loading required package: foreach
Loaded gam 1.20.2

Super Learner
Version: 2.0-28
Package created on 2021-05-04

Loading required package: lattice
Loading required package: ggplot2
Loading required package: Matrix
Loaded glmnet 4.1-7
Loading required package: Formula
Loading required package: plotmo
Loading required package: plotrix
Loading required package: TeachingDemos
Loaded gbm 2.1.8.1

Attaching package: ‘xgboost’

The following object is masked from ‘package:dplyr’:

    slice

[1] "[Simulation setting]"
[1] "m: 100"
[1] "deltas: 0.5, 1, 2"
[1] "Sim.id 1"
[1] "Data generated"
[1] "   Split: 1"
[1] "   Split: 2"
[1] "Estimates and SE estimates computed"
[1] ""
[[1]]
[[1]]$est
  delta        mu      mu_1      mu_0         de         se_1        se_0
1   0.5 0.4326326 0.2503554 0.5687885 -0.3184331  0.010345140  0.04468622
2   1.0 0.3529620 0.2400103 0.5241023 -0.2840920  0.000000000  0.00000000
3   2.0 0.2957144 0.2337361 0.4857932 -0.2520572 -0.006274192 -0.03830901
           oe         te
1  0.07967062 -0.2737469
2  0.00000000 -0.2840920
3 -0.05724763 -0.2903662

[[1]]$se
  delta         mu       mu_1       mu_0         de       se_1       se_0
1   0.5 0.03159243 0.02956663 0.04151272 0.04441489 0.01614123 0.02045065
2   1.0 0.02440836 0.02458368 0.03438369 0.03637150 0.00000000 0.00000000
3   2.0 0.02419748 0.02632199 0.03787613 0.04154171 0.01208793 0.02078963
          oe         te
1 0.01596794 0.03889756
2 0.00000000 0.03637150
3 0.01169435 0.03765321


[1] "Total run time was 26.529 seconds"
