WARNING: ignoring environment value of R_HOME

Attaching package: ‘dplyr’

The following objects are masked from ‘package:stats’:

    filter, lag

The following objects are masked from ‘package:base’:

    intersect, setdiff, setequal, union

Loading required package: splines
Loading required package: foreach
Loaded gam 1.20.2

Super Learner
Version: 2.0-28
Package created on 2021-05-04

Loading required package: lattice
Loading required package: ggplot2
Loading required package: Matrix
Loaded glmnet 4.1-7
Loading required package: Formula
Loading required package: plotmo
Loading required package: plotrix
Loading required package: TeachingDemos
Loaded gbm 2.1.8.1

Attaching package: ‘xgboost’

The following object is masked from ‘package:dplyr’:

    slice

[1] "[Simulation setting]"
[1] "m: 100"
[1] "deltas: 0.5, 1, 2"
[1] "Sim.id 1"
[1] "Data generated"
[1] "   Split: 1"
[1] "   Split: 2"
[1] "Estimates and SE estimates computed"
[1] ""
[[1]]
[[1]]$est
  delta        mu      mu_1      mu_0         de          se_1        se_0
1   0.5 0.4111484 0.2039088 0.5474697 -0.3435609  8.250835e-05  0.03554223
2   1.0 0.3336210 0.2038263 0.5119274 -0.3081011  0.000000e+00  0.00000000
3   2.0 0.2621271 0.1831436 0.4878306 -0.3046869 -2.068266e-02 -0.02409686
           oe         te
1  0.07752736 -0.3080186
2  0.00000000 -0.3081011
3 -0.07149390 -0.3287838

[[1]]$se
  delta         mu       mu_1       mu_0         de       se_1       se_0
1   0.5 0.02690754 0.02679007 0.03491151 0.03887864 0.01339005 0.01812137
2   1.0 0.02387388 0.02352838 0.03618185 0.03976769 0.00000000 0.00000000
3   2.0 0.02595486 0.02750325 0.04616010 0.05205935 0.01428139 0.02360391
          oe         te
1 0.01340587 0.04042664
2 0.00000000 0.03976769
3 0.01335543 0.04289563


[1] "Total run time was 33.134 seconds"
