WARNING: ignoring environment value of R_HOME

Attaching package: ‘dplyr’

The following objects are masked from ‘package:stats’:

    filter, lag

The following objects are masked from ‘package:base’:

    intersect, setdiff, setequal, union

Loading required package: splines
Loading required package: foreach
Loaded gam 1.20.2

Super Learner
Version: 2.0-28
Package created on 2021-05-04

Loading required package: lattice
Loading required package: ggplot2
Loading required package: Matrix
Loaded glmnet 4.1-7
Loading required package: Formula
Loading required package: plotmo
Loading required package: plotrix
Loading required package: TeachingDemos
Loaded gbm 2.1.8.1

Attaching package: ‘xgboost’

The following object is masked from ‘package:dplyr’:

    slice

[1] "[Simulation setting]"
[1] "m: 100"
[1] "deltas: 0.5, 1, 2"
[1] "Sim.id 1"
[1] "Data generated"
[1] "   Split: 1"
[1] "   Split: 2"
[1] "Estimates and SE estimates computed"
[1] ""
[[1]]
[[1]]$est
  delta        mu      mu_1      mu_0         de         se_1         se_0
1   0.5 0.4413201 0.2327438 0.5699232 -0.3371794 -0.008506237 -0.014269427
2   1.0 0.3932548 0.2412500 0.5841926 -0.3429426  0.000000000  0.000000000
3   2.0 0.3375418 0.2443579 0.5806141 -0.3362562  0.003107930 -0.003578467
           oe         te
1  0.04806533 -0.3514488
2  0.00000000 -0.3429426
3 -0.05571301 -0.3398347

[[1]]$se
  delta         mu       mu_1       mu_0         de       se_1      se_0
1   0.5 0.02755281 0.03078436 0.03664944 0.04732878 0.01919637 0.0173340
2   1.0 0.02721205 0.02695987 0.03730690 0.04051782 0.00000000 0.0000000
3   2.0 0.03135002 0.03358665 0.04265250 0.04877564 0.01582876 0.0195218
          oe         te
1 0.01268784 0.04492245
2 0.00000000 0.04051782
3 0.01580579 0.04560183


[1] "Total run time was 29.477 seconds"
