WARNING: ignoring environment value of R_HOME

Attaching package: ‘dplyr’

The following objects are masked from ‘package:stats’:

    filter, lag

The following objects are masked from ‘package:base’:

    intersect, setdiff, setequal, union

Loading required package: splines
Loading required package: foreach
Loaded gam 1.20.2

Super Learner
Version: 2.0-28
Package created on 2021-05-04

Loading required package: lattice
Loading required package: ggplot2
Loading required package: Matrix
Loaded glmnet 4.1-7
Loading required package: Formula
Loading required package: plotmo
Loading required package: plotrix
Loading required package: TeachingDemos
Loaded gbm 2.1.8.1

Attaching package: ‘xgboost’

The following object is masked from ‘package:dplyr’:

    slice

[1] "[Simulation setting]"
[1] "m: 100"
[1] "deltas: 0.5, 1, 2"
[1] "Sim.id 1"
[1] "Data generated"
[1] "   Split: 1"
[1] "   Split: 2"
[1] "Estimates and SE estimates computed"
[1] ""
[[1]]
[[1]]$est
  delta        mu      mu_1      mu_0         de        se_1        se_0
1   0.5 0.5181885 0.2785711 0.7082409 -0.4296698  0.03033944  0.07491305
2   1.0 0.3955983 0.2482317 0.6333279 -0.3850962  0.00000000  0.00000000
3   2.0 0.3101501 0.2296849 0.5775386 -0.3478537 -0.01854680 -0.05578928
           oe         te
1  0.12259017 -0.3547567
2  0.00000000 -0.3850962
3 -0.08544821 -0.4036430

[[1]]$se
  delta         mu       mu_1       mu_0         de       se_1       se_0
1   0.5 0.03171282 0.03346064 0.03961462 0.04813067 0.01962607 0.02145959
2   1.0 0.02557932 0.02504395 0.03504789 0.03805651 0.00000000 0.00000000
3   2.0 0.02675966 0.02921039 0.04148846 0.04797093 0.01467407 0.02224865
          oe         te
1 0.01469499 0.04373765
2 0.00000000 0.03805651
3 0.01386794 0.04137571


[1] "Total run time was 30.369 seconds"
