WARNING: ignoring environment value of R_HOME

Attaching package: ‘dplyr’

The following objects are masked from ‘package:stats’:

    filter, lag

The following objects are masked from ‘package:base’:

    intersect, setdiff, setequal, union

Loading required package: splines
Loading required package: foreach
Loaded gam 1.20.2

Super Learner
Version: 2.0-28
Package created on 2021-05-04

Loading required package: lattice
Loading required package: ggplot2
Loading required package: Matrix
Loaded glmnet 4.1-7
Loading required package: Formula
Loading required package: plotmo
Loading required package: plotrix
Loading required package: TeachingDemos
Loaded gbm 2.1.8.1

Attaching package: ‘xgboost’

The following object is masked from ‘package:dplyr’:

    slice

[1] "[Simulation setting]"
[1] "m: 100"
[1] "deltas: 0.5, 1, 2"
[1] "Sim.id 1"
[1] "Data generated"
[1] "   Split: 1"
[1] "   Split: 2"
[1] "Estimates and SE estimates computed"
[1] ""
[[1]]
[[1]]$est
  delta        mu      mu_1      mu_0         de        se_1        se_0
1   0.5 0.4476586 0.2834200 0.5929294 -0.3095094  0.05950116  0.08643441
2   1.0 0.3321974 0.2239188 0.5064950 -0.2825761  0.00000000  0.00000000
3   2.0 0.2558802 0.1868730 0.4573697 -0.2704967 -0.03704589 -0.04912528
           oe         te
1  0.11546128 -0.2230750
2  0.00000000 -0.2825761
3 -0.07631716 -0.3196220

[[1]]$se
  delta         mu       mu_1       mu_0         de       se_1       se_0
1   0.5 0.03905243 0.03214778 0.06129283 0.06535229 0.01870378 0.04246999
2   1.0 0.02541754 0.02465573 0.03736387 0.03902480 0.00000000 0.00000000
3   2.0 0.02801138 0.03154213 0.03777801 0.04595294 0.01810122 0.01926949
          oe         te
1 0.02387559 0.04419990
2 0.00000000 0.03902480
3 0.01614826 0.04445906


[1] "Total run time was 20.228 seconds"
