WARNING: ignoring environment value of R_HOME

Attaching package: ‘dplyr’

The following objects are masked from ‘package:stats’:

    filter, lag

The following objects are masked from ‘package:base’:

    intersect, setdiff, setequal, union

Loading required package: splines
Loading required package: foreach
Loaded gam 1.20.2

Super Learner
Version: 2.0-28
Package created on 2021-05-04

Loading required package: lattice
Loading required package: ggplot2
Loading required package: Matrix
Loaded glmnet 4.1-7
Loading required package: Formula
Loading required package: plotmo
Loading required package: plotrix
Loading required package: TeachingDemos
Loaded gbm 2.1.8.1

Attaching package: ‘xgboost’

The following object is masked from ‘package:dplyr’:

    slice

[1] "[Simulation setting]"
[1] "m: 100"
[1] "deltas: 0.5, 1, 2"
[1] "Sim.id 1"
[1] "Data generated"
[1] "   Split: 1"
[1] "   Split: 2"
[1] "Estimates and SE estimates computed"
[1] ""
[[1]]
[[1]]$est
  delta        mu      mu_1      mu_0         de        se_1        se_0
1   0.5 0.3851605 0.2039166 0.5180645 -0.3141479  0.02465576 -0.01835902
2   1.0 0.3175341 0.1792608 0.5364235 -0.3571627  0.00000000  0.00000000
3   2.0 0.2278137 0.1348528 0.5388793 -0.4040265 -0.04440803  0.00245576
           oe         te
1  0.06762638 -0.3325069
2  0.00000000 -0.3571627
3 -0.08972040 -0.4015707

[[1]]$se
  delta         mu       mu_1       mu_0         de       se_1       se_0
1   0.5 0.03853333 0.03218431 0.05597751 0.05464815 0.01838155 0.02826962
2   1.0 0.02744828 0.02554078 0.04164086 0.04336221 0.00000000 0.00000000
3   2.0 0.02566677 0.02532017 0.04341059 0.04783434 0.01325911 0.02351437
          oe         te
1 0.02220566 0.04371257
2 0.00000000 0.04336221
3 0.01381263 0.04592628


[1] "Total run time was 36.659 seconds"
