WARNING: ignoring environment value of R_HOME

Attaching package: ‘dplyr’

The following objects are masked from ‘package:stats’:

    filter, lag

The following objects are masked from ‘package:base’:

    intersect, setdiff, setequal, union

Loading required package: splines
Loading required package: foreach
Loaded gam 1.20.2

Super Learner
Version: 2.0-28
Package created on 2021-05-04

Loading required package: lattice
Loading required package: ggplot2
Loading required package: Matrix
Loaded glmnet 4.1-7
Loading required package: Formula
Loading required package: plotmo
Loading required package: plotrix
Loading required package: TeachingDemos
Loaded gbm 2.1.8.1

Attaching package: ‘xgboost’

The following object is masked from ‘package:dplyr’:

    slice

[1] "[Simulation setting]"
[1] "m: 100"
[1] "deltas: 0.5, 1, 2"
[1] "Sim.id 1"
[1] "Data generated"
[1] "   Split: 1"
[1] "   Split: 2"
[1] "Estimates and SE estimates computed"
[1] ""
[[1]]
[[1]]$est
  delta        mu      mu_1      mu_0         de         se_1        se_0
1   0.5 0.4217792 0.2333119 0.5224006 -0.2890887 -0.005701696 0.006323247
2   1.0 0.3661368 0.2390136 0.5160773 -0.2770637  0.000000000 0.000000000
3   2.0 0.3337391 0.2658355 0.5211489 -0.2553134  0.026821913 0.005071575
           oe         te
1  0.05564232 -0.2827654
2  0.00000000 -0.2770637
3 -0.03239770 -0.2502418

[[1]]$se
  delta         mu       mu_1       mu_0         de       se_1       se_0
1   0.5 0.03631053 0.03246180 0.04807337 0.04762148 0.01987570 0.02418439
2   1.0 0.02596340 0.02825692 0.03894726 0.04433289 0.00000000 0.00000000
3   2.0 0.03230961 0.04249006 0.04399395 0.06011322 0.02515369 0.02476377
          oe         te
1 0.02061995 0.04511388
2 0.00000000 0.04433289
3 0.01993832 0.05343177


[1] "Total run time was 31.973 seconds"
