WARNING: ignoring environment value of R_HOME

Attaching package: ‘dplyr’

The following objects are masked from ‘package:stats’:

    filter, lag

The following objects are masked from ‘package:base’:

    intersect, setdiff, setequal, union

Loading required package: splines
Loading required package: foreach
Loaded gam 1.20.2

Super Learner
Version: 2.0-28
Package created on 2021-05-04

Loading required package: lattice
Loading required package: ggplot2
Loading required package: Matrix
Loaded glmnet 4.1-7
Loading required package: Formula
Loading required package: plotmo
Loading required package: plotrix
Loading required package: TeachingDemos
Loaded gbm 2.1.8.1

Attaching package: ‘xgboost’

The following object is masked from ‘package:dplyr’:

    slice

[1] "[Simulation setting]"
[1] "m: 100"
[1] "deltas: 0.5, 1, 2"
[1] "Sim.id 1"
[1] "Data generated"
[1] "   Split: 1"
[1] "   Split: 2"
[1] "Estimates and SE estimates computed"
[1] ""
[[1]]
[[1]]$est
  delta        mu      mu_1      mu_0         de        se_1        se_0
1   0.5 0.4781670 0.2740238 0.6294794 -0.3554556  0.00860648  0.03994272
2   1.0 0.3990383 0.2654173 0.5895367 -0.3241194  0.00000000  0.00000000
3   2.0 0.3221310 0.2436649 0.5327429 -0.2890780 -0.02175248 -0.05679381
           oe         te
1  0.07912872 -0.3155129
2  0.00000000 -0.3241194
3 -0.07690731 -0.3458719

[[1]]$se
  delta         mu       mu_1       mu_0         de       se_1       se_0
1   0.5 0.03403138 0.03786956 0.04304074 0.04864657 0.01842183 0.02094965
2   1.0 0.02973471 0.03114908 0.04039659 0.04188939 0.00000000 0.00000000
3   2.0 0.02708521 0.02865385 0.04833788 0.05080356 0.01329807 0.02517670
          oe         te
1 0.01513758 0.04518057
2 0.00000000 0.04188939
3 0.01167062 0.04219165


[1] "Total run time was 35.136 seconds"
