WARNING: ignoring environment value of R_HOME

Attaching package: ‘dplyr’

The following objects are masked from ‘package:stats’:

    filter, lag

The following objects are masked from ‘package:base’:

    intersect, setdiff, setequal, union

Loading required package: splines
Loading required package: foreach
Loaded gam 1.20.2

Super Learner
Version: 2.0-28
Package created on 2021-05-04

Loading required package: lattice
Loading required package: ggplot2
Loading required package: Matrix
Loaded glmnet 4.1-7
Loading required package: Formula
Loading required package: plotmo
Loading required package: plotrix
Loading required package: TeachingDemos
Loaded gbm 2.1.8.1

Attaching package: ‘xgboost’

The following object is masked from ‘package:dplyr’:

    slice

[1] "[Simulation setting]"
[1] "m: 100"
[1] "deltas: 0.5, 1, 2"
[1] "Sim.id 1"
[1] "Data generated"
[1] "   Split: 1"
[1] "   Split: 2"
[1] "Estimates and SE estimates computed"
[1] ""
[[1]]
[[1]]$est
  delta        mu      mu_1      mu_0         de        se_1         se_0
1   0.5 0.4133601 0.2482900 0.5157730 -0.2674830 0.013284575  0.008722107
2   1.0 0.3533208 0.2350054 0.5070509 -0.2720455 0.000000000  0.000000000
3   2.0 0.3085528 0.2393315 0.4994452 -0.2601137 0.004326047 -0.007605657
           oe         te
1  0.06003930 -0.2587609
2  0.00000000 -0.2720455
3 -0.04476802 -0.2677194

[[1]]$se
  delta         mu       mu_1       mu_0         de       se_1       se_0
1   0.5 0.03362038 0.03320957 0.04419009 0.04934276 0.01818234 0.02420722
2   1.0 0.02816674 0.02741646 0.03733207 0.03565655 0.00000000 0.00000000
3   2.0 0.02794511 0.02790450 0.04237455 0.03948829 0.01034434 0.01932607
          oe         te
1 0.01637867 0.04190788
2 0.00000000 0.03565655
3 0.01028269 0.03560278


[1] "Total run time was 42.078 seconds"
