WARNING: ignoring environment value of R_HOME

Attaching package: ‘dplyr’

The following objects are masked from ‘package:stats’:

    filter, lag

The following objects are masked from ‘package:base’:

    intersect, setdiff, setequal, union

Loading required package: splines
Loading required package: foreach
Loaded gam 1.20.2

Super Learner
Version: 2.0-28
Package created on 2021-05-04

Loading required package: lattice
Loading required package: ggplot2
Loading required package: Matrix
Loaded glmnet 4.1-7
Loading required package: Formula
Loading required package: plotmo
Loading required package: plotrix
Loading required package: TeachingDemos
Loaded gbm 2.1.8.1

Attaching package: ‘xgboost’

The following object is masked from ‘package:dplyr’:

    slice

[1] "[Simulation setting]"
[1] "m: 100"
[1] "deltas: 0.5, 1, 2"
[1] "Sim.id 1"
[1] "Data generated"
[1] "   Split: 1"
[1] "   Split: 2"
[1] "Estimates and SE estimates computed"
[1] ""
[[1]]
[[1]]$est
  delta        mu      mu_1      mu_0         de        se_1        se_0
1   0.5 0.4176679 0.2492535 0.5355408 -0.2862873  0.01941786  0.04204741
2   1.0 0.3370288 0.2298357 0.4934934 -0.2636577  0.00000000  0.00000000
3   2.0 0.2657072 0.2063375 0.4481767 -0.2418392 -0.02349817 -0.04531669
           oe         te
1  0.08063919 -0.2442399
2  0.00000000 -0.2636577
3 -0.07132154 -0.2871559

[[1]]$se
  delta         mu       mu_1       mu_0         de       se_1       se_0
1   0.5 0.03217894 0.03076455 0.04062815 0.04237662 0.01516992 0.02161890
2   1.0 0.02815628 0.02674707 0.03834255 0.03637188 0.00000000 0.00000000
3   2.0 0.02736353 0.02712757 0.04301032 0.04248411 0.01291346 0.01783151
          oe         te
1 0.01653543 0.03793516
2 0.00000000 0.03637188
3 0.01230594 0.03879446


[1] "Total run time was 33.195 seconds"
