WARNING: ignoring environment value of R_HOME

Attaching package: ‘dplyr’

The following objects are masked from ‘package:stats’:

    filter, lag

The following objects are masked from ‘package:base’:

    intersect, setdiff, setequal, union

Loading required package: splines
Loading required package: foreach
Loaded gam 1.20.2

Super Learner
Version: 2.0-28
Package created on 2021-05-04

Loading required package: lattice
Loading required package: ggplot2
Loading required package: Matrix
Loaded glmnet 4.1-7
Loading required package: Formula
Loading required package: plotmo
Loading required package: plotrix
Loading required package: TeachingDemos
Loaded gbm 2.1.8.1

Attaching package: ‘xgboost’

The following object is masked from ‘package:dplyr’:

    slice

[1] "[Simulation setting]"
[1] "m: 100"
[1] "deltas: 0.5, 1, 2"
[1] "Sim.id 1"
[1] "Data generated"
[1] "   Split: 1"
[1] "   Split: 2"
[1] "Estimates and SE estimates computed"
[1] ""
[[1]]
[[1]]$est
  delta        mu      mu_1      mu_0         de         se_1        se_0
1   0.5 0.4403048 0.2665964 0.5755732 -0.3089769  0.019605441  0.06873614
2   1.0 0.3490333 0.2469909 0.5068371 -0.2598462  0.000000000  0.00000000
3   2.0 0.3024856 0.2436091 0.4897224 -0.2461133 -0.003381845 -0.01711470
           oe         te
1  0.09127154 -0.2402407
2  0.00000000 -0.2598462
3 -0.04654770 -0.2632280

[[1]]$se
  delta         mu       mu_1       mu_0         de       se_1       se_0
1   0.5 0.04811010 0.03130217 0.08213772 0.08358270 0.01693884 0.05952402
2   1.0 0.02727072 0.02797575 0.04200891 0.04421548 0.00000000 0.00000000
3   2.0 0.03216480 0.03808053 0.04465795 0.05558689 0.02163142 0.02500857
          oe         te
1 0.03360818 0.04401591
2 0.00000000 0.04421548
3 0.02038143 0.05398397


[1] "Total run time was 34.346 seconds"
