WARNING: ignoring environment value of R_HOME

Attaching package: ‘dplyr’

The following objects are masked from ‘package:stats’:

    filter, lag

The following objects are masked from ‘package:base’:

    intersect, setdiff, setequal, union

Loading required package: splines
Loading required package: foreach
Loaded gam 1.20.2

Super Learner
Version: 2.0-28
Package created on 2021-05-04

Loading required package: lattice
Loading required package: ggplot2
Loading required package: Matrix
Loaded glmnet 4.1-7
Loading required package: Formula
Loading required package: plotmo
Loading required package: plotrix
Loading required package: TeachingDemos
Loaded gbm 2.1.8.1

Attaching package: ‘xgboost’

The following object is masked from ‘package:dplyr’:

    slice

[1] "[Simulation setting]"
[1] "m: 100"
[1] "deltas: 0.5, 1, 2"
[1] "Sim.id 1"
[1] "Data generated"
[1] "   Split: 1"
[1] "   Split: 2"
[1] "Estimates and SE estimates computed"
[1] ""
[[1]]
[[1]]$est
  delta        mu      mu_1      mu_0         de         se_1         se_0
1   0.5 0.3713849 0.2734907 0.4359373 -0.1624465  0.004911904 -0.036851386
2   1.0 0.3598279 0.2685788 0.4727887 -0.2042098  0.000000000  0.000000000
3   2.0 0.3276113 0.2627335 0.4676989 -0.2049654 -0.005845356 -0.005089767
           oe         te
1  0.01155706 -0.1992979
2  0.00000000 -0.2042098
3 -0.03221653 -0.2100552

[[1]]$se
  delta         mu       mu_1       mu_0         de       se_1       se_0
1   0.5 0.03028860 0.03166451 0.04716414 0.05227137 0.01864687 0.03110695
2   1.0 0.02627942 0.02813490 0.03628831 0.03871082 0.00000000 0.00000000
3   2.0 0.03206789 0.03644685 0.04141276 0.04764923 0.01871776 0.01871320
          oe         te
1 0.01754271 0.04203550
2 0.00000000 0.03871082
3 0.01686034 0.04473921


[1] "Total run time was 34.155 seconds"
