WARNING: ignoring environment value of R_HOME

Attaching package: ‘dplyr’

The following objects are masked from ‘package:stats’:

    filter, lag

The following objects are masked from ‘package:base’:

    intersect, setdiff, setequal, union

Loading required package: splines
Loading required package: foreach
Loaded gam 1.20.2

Super Learner
Version: 2.0-28
Package created on 2021-05-04

Loading required package: lattice
Loading required package: ggplot2
Loading required package: Matrix
Loaded glmnet 4.1-7
Loading required package: Formula
Loading required package: plotmo
Loading required package: plotrix
Loading required package: TeachingDemos
Loaded gbm 2.1.8.1

Attaching package: ‘xgboost’

The following object is masked from ‘package:dplyr’:

    slice

[1] "[Simulation setting]"
[1] "m: 100"
[1] "deltas: 0.5, 1, 2"
[1] "Sim.id 1"
[1] "Data generated"
[1] "   Split: 1"
[1] "   Split: 2"
[1] "Estimates and SE estimates computed"
[1] ""
[[1]]
[[1]]$est
  delta        mu      mu_1      mu_0         de        se_1        se_0
1   0.5 0.5086419 0.2994202 0.7138879 -0.4144677  0.06605744  0.09678118
2   1.0 0.3602415 0.2333628 0.6171067 -0.3837440  0.00000000  0.00000000
3   2.0 0.2551331 0.1885217 0.5286765 -0.3401549 -0.04484111 -0.08843020
          oe         te
1  0.1484005 -0.3176865
2  0.0000000 -0.3837440
3 -0.1051084 -0.4285851

[[1]]$se
  delta         mu       mu_1       mu_0         de       se_1       se_0
1   0.5 0.04331551 0.03620554 0.06859541 0.07119958 0.02376342 0.03619085
2   1.0 0.02812492 0.02559040 0.04761281 0.04856332 0.00000000 0.00000000
3   2.0 0.02865573 0.03089250 0.04490681 0.05096292 0.01438231 0.02743639
          oe         te
1 0.02414068 0.05339038
2 0.00000000 0.04856332
3 0.01588607 0.05211871


[1] "Total run time was 36.989 seconds"
