WARNING: ignoring environment value of R_HOME

Attaching package: ‘dplyr’

The following objects are masked from ‘package:stats’:

    filter, lag

The following objects are masked from ‘package:base’:

    intersect, setdiff, setequal, union

Loading required package: splines
Loading required package: foreach
Loaded gam 1.20.2

Super Learner
Version: 2.0-28
Package created on 2021-05-04

Loading required package: lattice
Loading required package: ggplot2
Loading required package: Matrix
Loaded glmnet 4.1-7
Loading required package: Formula
Loading required package: plotmo
Loading required package: plotrix
Loading required package: TeachingDemos
Loaded gbm 2.1.8.1

Attaching package: ‘xgboost’

The following object is masked from ‘package:dplyr’:

    slice

[1] "[Simulation setting]"
[1] "m: 100"
[1] "deltas: 0.5, 1, 2"
[1] "Sim.id 1"
[1] "Data generated"
[1] "   Split: 1"
[1] "   Split: 2"
[1] "Estimates and SE estimates computed"
[1] ""
[[1]]
[[1]]$est
  delta        mu      mu_1      mu_0         de        se_1        se_0
1   0.5 0.3970948 0.2163633 0.5136546 -0.2972913  0.01364942  0.03098216
2   1.0 0.3289361 0.2027138 0.4826724 -0.2799586  0.00000000  0.00000000
3   2.0 0.2640887 0.1901877 0.4330363 -0.2428486 -0.01252609 -0.04963614
           oe         te
1  0.06815876 -0.2663092
2  0.00000000 -0.2799586
3 -0.06484739 -0.2924847

[[1]]$se
  delta         mu       mu_1       mu_0         de       se_1       se_0
1   0.5 0.03087597 0.02708292 0.05319977 0.06183005 0.01534527 0.03104738
2   1.0 0.02456235 0.02447740 0.04113374 0.04609092 0.00000000 0.00000000
3   2.0 0.02778904 0.02856607 0.05109790 0.05531702 0.01212145 0.02958223
          oe         te
1 0.01949780 0.04916598
2 0.00000000 0.04609092
3 0.01278877 0.04805050


[1] "Total run time was 38.757 seconds"
