WARNING: ignoring environment value of R_HOME

Attaching package: ‘dplyr’

The following objects are masked from ‘package:stats’:

    filter, lag

The following objects are masked from ‘package:base’:

    intersect, setdiff, setequal, union

Loading required package: splines
Loading required package: foreach
Loaded gam 1.20.2

Super Learner
Version: 2.0-28
Package created on 2021-05-04

Loading required package: lattice
Loading required package: ggplot2
Loading required package: Matrix
Loaded glmnet 4.1-7
Loading required package: Formula
Loading required package: plotmo
Loading required package: plotrix
Loading required package: TeachingDemos
Loaded gbm 2.1.8.1

Attaching package: ‘xgboost’

The following object is masked from ‘package:dplyr’:

    slice

[1] "[Simulation setting]"
[1] "m: 100"
[1] "deltas: 0.5, 1, 2"
[1] "Sim.id 1"
[1] "Data generated"
[1] "   Split: 1"
[1] "   Split: 2"
[1] "Estimates and SE estimates computed"
[1] ""
[[1]]
[[1]]$est
  delta        mu      mu_1      mu_0         de         se_1        se_0
1   0.5 0.4264665 0.2453475 0.5446933 -0.2993458  0.017479591  0.02870696
2   1.0 0.3568776 0.2278679 0.5159864 -0.2881185  0.000000000  0.00000000
3   2.0 0.2992714 0.2196947 0.4898038 -0.2701091 -0.008173196 -0.02618252
           oe         te
1  0.06958881 -0.2706389
2  0.00000000 -0.2881185
3 -0.05760625 -0.2962917

[[1]]$se
  delta         mu       mu_1       mu_0         de       se_1       se_0
1   0.5 0.03035424 0.03494829 0.03891905 0.04944488 0.01836976 0.02121469
2   1.0 0.02450752 0.02611418 0.03483659 0.04170207 0.00000000 0.00000000
3   2.0 0.02412691 0.02521880 0.04290299 0.04792173 0.01385907 0.02181268
          oe         te
1 0.01578649 0.04643683
2 0.00000000 0.04170207
3 0.01336734 0.04146244


[1] "Total run time was 35.673 seconds"
