WARNING: ignoring environment value of R_HOME

Attaching package: ‘dplyr’

The following objects are masked from ‘package:stats’:

    filter, lag

The following objects are masked from ‘package:base’:

    intersect, setdiff, setequal, union

Loading required package: splines
Loading required package: foreach
Loaded gam 1.20.2

Super Learner
Version: 2.0-28
Package created on 2021-05-04

Loading required package: lattice
Loading required package: ggplot2
Loading required package: Matrix
Loaded glmnet 4.1-7
Loading required package: Formula
Loading required package: plotmo
Loading required package: plotrix
Loading required package: TeachingDemos
Loaded gbm 2.1.8.1

Attaching package: ‘xgboost’

The following object is masked from ‘package:dplyr’:

    slice

[1] "[Simulation setting]"
[1] "m: 100"
[1] "deltas: 0.5, 1, 2"
[1] "Sim.id 1"
[1] "Data generated"
[1] "   Split: 1"
[1] "   Split: 2"
[1] "Estimates and SE estimates computed"
[1] ""
[[1]]
[[1]]$est
  delta        mu      mu_1      mu_0         de         se_1        se_0
1   0.5 0.4564190 0.2618372 0.5990016 -0.3371644  0.007190012 0.057746136
2   1.0 0.3748626 0.2546472 0.5412554 -0.2866082  0.000000000 0.000000000
3   2.0 0.3200228 0.2319055 0.5425175 -0.3106120 -0.022741692 0.001262059
           oe         te
1  0.08155635 -0.2794182
2  0.00000000 -0.2866082
3 -0.05483979 -0.3093499

[[1]]$se
  delta         mu       mu_1       mu_0         de       se_1       se_0
1   0.5 0.04507012 0.03312505 0.06462360 0.06512266 0.01788640 0.03977075
2   1.0 0.03119298 0.03264608 0.04247447 0.04382206 0.00000000 0.00000000
3   2.0 0.03513381 0.04413699 0.04564955 0.05852621 0.02272083 0.02353240
          oe         te
1 0.02567355 0.04402018
2 0.00000000 0.04382206
3 0.01665824 0.05205897


[1] "Total run time was 31.52 seconds"
