WARNING: ignoring environment value of R_HOME

Attaching package: ‘dplyr’

The following objects are masked from ‘package:stats’:

    filter, lag

The following objects are masked from ‘package:base’:

    intersect, setdiff, setequal, union

Loading required package: splines
Loading required package: foreach
Loaded gam 1.20.2

Super Learner
Version: 2.0-28
Package created on 2021-05-04

Loading required package: lattice
Loading required package: ggplot2
Loading required package: Matrix
Loaded glmnet 4.1-7
Loading required package: Formula
Loading required package: plotmo
Loading required package: plotrix
Loading required package: TeachingDemos
Loaded gbm 2.1.8.1

Attaching package: ‘xgboost’

The following object is masked from ‘package:dplyr’:

    slice

[1] "[Simulation setting]"
[1] "m: 100"
[1] "deltas: 0.5, 1, 2"
[1] "Sim.id 1"
[1] "Data generated"
[1] "   Split: 1"
[1] "   Split: 2"
[1] "Estimates and SE estimates computed"
[1] ""
[[1]]
[[1]]$est
  delta        mu      mu_1      mu_0         de        se_1       se_0
1   0.5 0.3822544 0.2374461 0.4830245 -0.2455783  0.02619226  0.0275353
2   1.0 0.3157381 0.2112539 0.4554892 -0.2442353  0.00000000  0.0000000
3   2.0 0.2463605 0.1818411 0.4192968 -0.2374557 -0.02941279 -0.0361924
           oe         te
1  0.06651623 -0.2180430
2  0.00000000 -0.2442353
3 -0.06937759 -0.2736481

[[1]]$se
  delta         mu       mu_1       mu_0         de       se_1       se_0
1   0.5 0.03230886 0.02815928 0.04809633 0.05371847 0.01612689 0.02443282
2   1.0 0.02691489 0.02546608 0.03781276 0.03811077 0.00000000 0.00000000
3   2.0 0.03061416 0.03360056 0.03866059 0.04480491 0.01795663 0.02092639
          oe         te
1 0.01734122 0.04002226
2 0.00000000 0.03811077
3 0.01731371 0.04573596


[1] "Total run time was 32.209 seconds"
