WARNING: ignoring environment value of R_HOME

Attaching package: ‘dplyr’

The following objects are masked from ‘package:stats’:

    filter, lag

The following objects are masked from ‘package:base’:

    intersect, setdiff, setequal, union

Loading required package: splines
Loading required package: foreach
Loaded gam 1.20.2

Super Learner
Version: 2.0-28
Package created on 2021-05-04

Loading required package: lattice
Loading required package: ggplot2
Loading required package: Matrix
Loaded glmnet 4.1-7
Loading required package: Formula
Loading required package: plotmo
Loading required package: plotrix
Loading required package: TeachingDemos
Loaded gbm 2.1.8.1

Attaching package: ‘xgboost’

The following object is masked from ‘package:dplyr’:

    slice

[1] "[Simulation setting]"
[1] "m: 100"
[1] "deltas: 0.5, 1, 2"
[1] "Sim.id 1"
[1] "Data generated"
[1] "   Split: 1"
[1] "   Split: 2"
[1] "Estimates and SE estimates computed"
[1] ""
[[1]]
[[1]]$est
  delta        mu      mu_1      mu_0         de        se_1         se_0
1   0.5 0.4167981 0.2561053 0.5164596 -0.2603543 -0.01794552 -0.030163222
2   1.0 0.3952119 0.2740508 0.5466228 -0.2725720  0.00000000  0.000000000
3   2.0 0.3669004 0.2912881 0.5550054 -0.2637174  0.01723728  0.008382635
           oe         te
1  0.02158616 -0.2905175
2  0.00000000 -0.2725720
3 -0.02831151 -0.2553347

[[1]]$se
  delta         mu       mu_1       mu_0         de       se_1       se_0
1   0.5 0.04306847 0.03682668 0.06240393 0.06146553 0.02298000 0.03862857
2   1.0 0.02875854 0.02760961 0.03899952 0.03727388 0.00000000 0.00000000
3   2.0 0.03099703 0.03610613 0.03925298 0.04712428 0.01961121 0.02216070
          oe         te
1 0.02673293 0.04159548
2 0.00000000 0.03727388
3 0.01759242 0.04513769


[1] "Total run time was 34.067 seconds"
