WARNING: ignoring environment value of R_HOME

Attaching package: ‘dplyr’

The following objects are masked from ‘package:stats’:

    filter, lag

The following objects are masked from ‘package:base’:

    intersect, setdiff, setequal, union

Loading required package: splines
Loading required package: foreach
Loaded gam 1.20.2

Super Learner
Version: 2.0-28
Package created on 2021-05-04

Loading required package: lattice
Loading required package: ggplot2
Loading required package: Matrix
Loaded glmnet 4.1-7
Loading required package: Formula
Loading required package: plotmo
Loading required package: plotrix
Loading required package: TeachingDemos
Loaded gbm 2.1.8.1

Attaching package: ‘xgboost’

The following object is masked from ‘package:dplyr’:

    slice

[1] "[Simulation setting]"
[1] "m: 100"
[1] "deltas: 0.5, 1, 2"
[1] "Sim.id 1"
[1] "Data generated"
[1] "   Split: 1"
[1] "   Split: 2"
[1] "Estimates and SE estimates computed"
[1] ""
[[1]]
[[1]]$est
  delta        mu     mu_1      mu_0         de        se_1         se_0
1   0.5 0.4607659 0.271609 0.5747866 -0.3031775  0.02905802 -0.001992895
2   1.0 0.3850040 0.242551 0.5767795 -0.3342284  0.00000000  0.000000000
3   2.0 0.3141374 0.219905 0.5797149 -0.3598099 -0.02264604  0.002935440
           oe         te
1  0.07576187 -0.3051704
2  0.00000000 -0.3342284
3 -0.07086663 -0.3568745

[[1]]$se
  delta         mu       mu_1       mu_0         de       se_1       se_0
1   0.5 0.03184984 0.03120675 0.04319341 0.04758495 0.01727451 0.02363587
2   1.0 0.02587128 0.02675907 0.03604413 0.04020954 0.00000000 0.00000000
3   2.0 0.02739490 0.03137762 0.04017917 0.04859430 0.01609455 0.02048893
          oe         te
1 0.01754781 0.03968636
2 0.00000000 0.04020954
3 0.01543791 0.04653559


[1] "Total run time was 42.448 seconds"
