WARNING: ignoring environment value of R_HOME

Attaching package: ‘dplyr’

The following objects are masked from ‘package:stats’:

    filter, lag

The following objects are masked from ‘package:base’:

    intersect, setdiff, setequal, union

Loading required package: splines
Loading required package: foreach
Loaded gam 1.20.2

Super Learner
Version: 2.0-28
Package created on 2021-05-04

Loading required package: lattice
Loading required package: ggplot2
Loading required package: Matrix
Loaded glmnet 4.1-7
Loading required package: Formula
Loading required package: plotmo
Loading required package: plotrix
Loading required package: TeachingDemos
Loaded gbm 2.1.8.1

Attaching package: ‘xgboost’

The following object is masked from ‘package:dplyr’:

    slice

[1] "[Simulation setting]"
[1] "m: 100"
[1] "deltas: 0.5, 1, 2"
[1] "Sim.id 1"
[1] "Data generated"
[1] "   Split: 1"
[1] "   Split: 2"
[1] "Estimates and SE estimates computed"
[1] ""
[[1]]
[[1]]$est
  delta        mu      mu_1      mu_0         de        se_1        se_0
1   0.5 0.4549500 0.3058676 0.5439601 -0.2380925  0.02752768  0.02181143
2   1.0 0.3921234 0.2783399 0.5221486 -0.2438088  0.00000000  0.00000000
3   2.0 0.3337919 0.2553657 0.5091323 -0.2537665 -0.02297414 -0.01301638
          oe         te
1  0.0628266 -0.2162811
2  0.0000000 -0.2438088
3 -0.0583315 -0.2667829

[[1]]$se
  delta         mu       mu_1       mu_0         de       se_1       se_0
1   0.5 0.03477345 0.03762787 0.03828040 0.04068429 0.02012913 0.02010804
2   1.0 0.02886493 0.02936273 0.03350355 0.03091712 0.00000000 0.00000000
3   2.0 0.03105097 0.03456428 0.03613997 0.04078343 0.01984497 0.01800194
          oe         te
1 0.01817157 0.03464450
2 0.00000000 0.03091712
3 0.01738323 0.03897068


[1] "Total run time was 21.104 seconds"
