WARNING: ignoring environment value of R_HOME

Attaching package: ‘dplyr’

The following objects are masked from ‘package:stats’:

    filter, lag

The following objects are masked from ‘package:base’:

    intersect, setdiff, setequal, union

Loading required package: splines
Loading required package: foreach
Loaded gam 1.20.2

Super Learner
Version: 2.0-28
Package created on 2021-05-04

Loading required package: lattice
Loading required package: ggplot2
Loading required package: Matrix
Loaded glmnet 4.1-7
Loading required package: Formula
Loading required package: plotmo
Loading required package: plotrix
Loading required package: TeachingDemos
Loaded gbm 2.1.8.1

Attaching package: ‘xgboost’

The following object is masked from ‘package:dplyr’:

    slice

[1] "[Simulation setting]"
[1] "m: 100"
[1] "deltas: 0.5, 1, 2"
[1] "Sim.id 1"
[1] "Data generated"
[1] "   Split: 1"
[1] "   Split: 2"
[1] "Estimates and SE estimates computed"
[1] ""
[[1]]
[[1]]$est
  delta        mu      mu_1      mu_0         de        se_1        se_0
1   0.5 0.4697751 0.2574858 0.6252344 -0.3677486  0.02046647  0.07643547
2   1.0 0.3689853 0.2370194 0.5487989 -0.3117796  0.00000000  0.00000000
3   2.0 0.2951469 0.2087567 0.5155694 -0.3068127 -0.02826263 -0.03322951
           oe         te
1  0.10078980 -0.2913131
2  0.00000000 -0.3117796
3 -0.07383835 -0.3400422

[[1]]$se
  delta         mu       mu_1       mu_0         de       se_1       se_0
1   0.5 0.03458313 0.03805064 0.04551201 0.05184069 0.02120220 0.02083135
2   1.0 0.03046200 0.02915245 0.04287965 0.04226832 0.00000000 0.00000000
3   2.0 0.03181238 0.03220188 0.05168027 0.05328921 0.01708907 0.02822821
          oe         te
1 0.01612421 0.04707694
2 0.00000000 0.04226832
3 0.01630091 0.04670207


[1] "Total run time was 35.019 seconds"
