WARNING: ignoring environment value of R_HOME

Attaching package: ‘dplyr’

The following objects are masked from ‘package:stats’:

    filter, lag

The following objects are masked from ‘package:base’:

    intersect, setdiff, setequal, union

Loading required package: splines
Loading required package: foreach
Loaded gam 1.20.2

Super Learner
Version: 2.0-28
Package created on 2021-05-04

Loading required package: lattice
Loading required package: ggplot2
Loading required package: Matrix
Loaded glmnet 4.1-7
Loading required package: Formula
Loading required package: plotmo
Loading required package: plotrix
Loading required package: TeachingDemos
Loaded gbm 2.1.8.1

Attaching package: ‘xgboost’

The following object is masked from ‘package:dplyr’:

    slice

[1] "[Simulation setting]"
[1] "m: 100"
[1] "deltas: 0.5, 1, 2"
[1] "Sim.id 1"
[1] "Data generated"
[1] "   Split: 1"
[1] "   Split: 2"
[1] "Estimates and SE estimates computed"
[1] ""
[[1]]
[[1]]$est
  delta        mu      mu_1      mu_0         de        se_1        se_0
1   0.5 0.4609838 0.2978029 0.5728420 -0.2750391  0.02848360  0.02003848
2   1.0 0.3891808 0.2693193 0.5528035 -0.2834843  0.00000000  0.00000000
3   2.0 0.3240767 0.2525958 0.5200091 -0.2674133 -0.01672346 -0.03279439
           oe         te
1  0.07180299 -0.2550006
2  0.00000000 -0.2834843
3 -0.06510405 -0.3002077

[[1]]$se
  delta         mu       mu_1       mu_0         de       se_1       se_0
1   0.5 0.03332993 0.03572850 0.03956312 0.04221239 0.02002005 0.01584558
2   1.0 0.02932805 0.02875212 0.03922552 0.03790190 0.00000000 0.00000000
3   2.0 0.03214045 0.03325666 0.04258664 0.04215661 0.01617500 0.01972877
          oe         te
1 0.01508069 0.04224677
2 0.00000000 0.03790190
3 0.01604778 0.04233686


[1] "Total run time was 31.38 seconds"
