WARNING: ignoring environment value of R_HOME

Attaching package: ‘dplyr’

The following objects are masked from ‘package:stats’:

    filter, lag

The following objects are masked from ‘package:base’:

    intersect, setdiff, setequal, union

Loading required package: splines
Loading required package: foreach
Loaded gam 1.20.2

Super Learner
Version: 2.0-28
Package created on 2021-05-04

Loading required package: lattice
Loading required package: ggplot2
Loading required package: Matrix
Loaded glmnet 4.1-7
Loading required package: Formula
Loading required package: plotmo
Loading required package: plotrix
Loading required package: TeachingDemos
Loaded gbm 2.1.8.1

Attaching package: ‘xgboost’

The following object is masked from ‘package:dplyr’:

    slice

[1] "[Simulation setting]"
[1] "m: 100"
[1] "deltas: 0.5, 1, 2"
[1] "Sim.id 1"
[1] "Data generated"
[1] "   Split: 1"
[1] "   Split: 2"
[1] "Estimates and SE estimates computed"
[1] ""
[[1]]
[[1]]$est
  delta        mu      mu_1      mu_0         de        se_1         se_0
1   0.5 0.3604613 0.2401426 0.4672251 -0.2270825  0.02619769 -0.011104909
2   1.0 0.3073936 0.2139449 0.4783300 -0.2643851  0.00000000  0.000000000
3   2.0 0.2388383 0.1728078 0.4757218 -0.3029140 -0.04113713 -0.002608261
           oe         te
1  0.05306778 -0.2381874
2  0.00000000 -0.2643851
3 -0.06855524 -0.3055222

[[1]]$se
  delta         mu       mu_1       mu_0         de       se_1       se_0
1   0.5 0.02974853 0.03281299 0.04121863 0.04657808 0.01745998 0.02740770
2   1.0 0.02621320 0.02812182 0.03544618 0.03671748 0.00000000 0.00000000
3   2.0 0.02983413 0.03396709 0.04038978 0.04851256 0.01791187 0.01929442
          oe         te
1 0.01854435 0.03876315
2 0.00000000 0.03671748
3 0.01523219 0.04349792


[1] "Total run time was 33.491 seconds"
