WARNING: ignoring environment value of R_HOME

Attaching package: ‘dplyr’

The following objects are masked from ‘package:stats’:

    filter, lag

The following objects are masked from ‘package:base’:

    intersect, setdiff, setequal, union

Loading required package: splines
Loading required package: foreach
Loaded gam 1.20.2

Super Learner
Version: 2.0-28
Package created on 2021-05-04

Loading required package: lattice
Loading required package: ggplot2
Loading required package: Matrix
Loaded glmnet 4.1-7
Loading required package: Formula
Loading required package: plotmo
Loading required package: plotrix
Loading required package: TeachingDemos
Loaded gbm 2.1.8.1

Attaching package: ‘xgboost’

The following object is masked from ‘package:dplyr’:

    slice

[1] "[Simulation setting]"
[1] "m: 100"
[1] "deltas: 0.5, 1, 2"
[1] "Sim.id 1"
[1] "Data generated"
[1] "   Split: 1"
[1] "   Split: 2"
[1] "Estimates and SE estimates computed"
[1] ""
[[1]]
[[1]]$est
  delta        mu      mu_1      mu_0         de        se_1        se_0
1   0.5 0.4795706 0.2932223 0.6114737 -0.3182514  0.02925447  0.02211993
2   1.0 0.3959650 0.2639679 0.5893538 -0.3253859  0.00000000  0.00000000
3   2.0 0.3232464 0.2416686 0.5550576 -0.3133890 -0.02229927 -0.03429625
           oe         te
1  0.08360556 -0.2961315
2  0.00000000 -0.3253859
3 -0.07271869 -0.3476852

[[1]]$se
  delta         mu       mu_1       mu_0         de       se_1       se_0
1   0.5 0.04021275 0.03228094 0.07372585 0.08613944 0.02251138 0.04948878
2   1.0 0.02539124 0.02441456 0.03809662 0.04237461 0.00000000 0.00000000
3   2.0 0.02828331 0.03035777 0.04052139 0.04590553 0.01381379 0.02568756
          oe         te
1 0.02794843 0.05107245
2 0.00000000 0.04237461
3 0.01440420 0.04452828


[1] "Total run time was 33.37 seconds"
