WARNING: ignoring environment value of R_HOME

Attaching package: ‘dplyr’

The following objects are masked from ‘package:stats’:

    filter, lag

The following objects are masked from ‘package:base’:

    intersect, setdiff, setequal, union

Loading required package: splines
Loading required package: foreach
Loaded gam 1.20.2

Super Learner
Version: 2.0-28
Package created on 2021-05-04

Loading required package: lattice
Loading required package: ggplot2
Loading required package: Matrix
Loaded glmnet 4.1-7
Loading required package: Formula
Loading required package: plotmo
Loading required package: plotrix
Loading required package: TeachingDemos
Loaded gbm 2.1.8.1

Attaching package: ‘xgboost’

The following object is masked from ‘package:dplyr’:

    slice

[1] "[Simulation setting]"
[1] "m: 100"
[1] "deltas: 0.5, 1, 2"
[1] "Sim.id 1"
[1] "Data generated"
[1] "   Split: 1"
[1] "   Split: 2"
[1] "Estimates and SE estimates computed"
[1] ""
[[1]]
[[1]]$est
  delta        mu      mu_1      mu_0         de         se_1         se_0
1   0.5 0.4110786 0.1884682 0.6288270 -0.4403588 -0.008024928  0.074876716
2   1.0 0.3253335 0.1964931 0.5539502 -0.3574572  0.000000000  0.000000000
3   2.0 0.2658124 0.1830682 0.5455527 -0.3624845 -0.013424903 -0.008397573
           oe         te
1  0.08574508 -0.3654821
2  0.00000000 -0.3574572
3 -0.05952107 -0.3708821

[[1]]$se
  delta         mu       mu_1       mu_0         de       se_1      se_0
1   0.5 0.03960866 0.02523481 0.06983568 0.07233798 0.01363057 0.0559763
2   1.0 0.02502765 0.02422250 0.03542823 0.03793609 0.00000000 0.0000000
3   2.0 0.02628462 0.02477119 0.04334521 0.04342147 0.01039186 0.0208690
          oe         te
1 0.02936314 0.03852942
2 0.00000000 0.03793609
3 0.01030652 0.03817027


[1] "Total run time was 37.488 seconds"
