WARNING: ignoring environment value of R_HOME

Attaching package: ‘dplyr’

The following objects are masked from ‘package:stats’:

    filter, lag

The following objects are masked from ‘package:base’:

    intersect, setdiff, setequal, union

Loading required package: splines
Loading required package: foreach
Loaded gam 1.20.2

Super Learner
Version: 2.0-28
Package created on 2021-05-04

Loading required package: lattice
Loading required package: ggplot2
Loading required package: Matrix
Loaded glmnet 4.1-7
Loading required package: Formula
Loading required package: plotmo
Loading required package: plotrix
Loading required package: TeachingDemos
Loaded gbm 2.1.8.1

Attaching package: ‘xgboost’

The following object is masked from ‘package:dplyr’:

    slice

[1] "[Simulation setting]"
[1] "m: 100"
[1] "deltas: 0.5, 1, 2"
[1] "Sim.id 1"
[1] "Data generated"
[1] "   Split: 1"
[1] "   Split: 2"
[1] "Estimates and SE estimates computed"
[1] ""
[[1]]
[[1]]$est
  delta        mu      mu_1      mu_0         de        se_1         se_0
1   0.5 0.3711583 0.2372708 0.4704078 -0.2331370  0.01973448 -0.031648302
2   1.0 0.3257637 0.2175363 0.5020561 -0.2845197  0.00000000  0.000000000
3   2.0 0.2652553 0.1938909 0.5037670 -0.3098760 -0.02364537  0.001710901
           oe         te
1  0.04539455 -0.2647853
2  0.00000000 -0.2845197
3 -0.06050839 -0.3081651

[[1]]$se
  delta         mu       mu_1       mu_0         de       se_1       se_0
1   0.5 0.03289876 0.03246477 0.05205894 0.05699597 0.01509384 0.03373176
2   1.0 0.02773195 0.02585797 0.03937508 0.03848505 0.00000000 0.00000000
3   2.0 0.02580148 0.02294619 0.04662697 0.04433425 0.01005742 0.02400116
          oe         te
1 0.01991052 0.04157509
2 0.00000000 0.03848505
3 0.01110232 0.03916147


[1] "Total run time was 34.492 seconds"
