WARNING: ignoring environment value of R_HOME

Attaching package: ‘dplyr’

The following objects are masked from ‘package:stats’:

    filter, lag

The following objects are masked from ‘package:base’:

    intersect, setdiff, setequal, union

Loading required package: splines
Loading required package: foreach
Loaded gam 1.20.2

Super Learner
Version: 2.0-28
Package created on 2021-05-04

Loading required package: lattice
Loading required package: ggplot2
Loading required package: Matrix
Loaded glmnet 4.1-7
Loading required package: Formula
Loading required package: plotmo
Loading required package: plotrix
Loading required package: TeachingDemos
Loaded gbm 2.1.8.1

Attaching package: ‘xgboost’

The following object is masked from ‘package:dplyr’:

    slice

[1] "[Simulation setting]"
[1] "m: 100"
[1] "deltas: 0.5, 1, 2"
[1] "Sim.id 1"
[1] "Data generated"
[1] "   Split: 1"
[1] "   Split: 2"
[1] "Estimates and SE estimates computed"
[1] ""
[[1]]
[[1]]$est
  delta        mu      mu_1      mu_0         de         se_1        se_0
1   0.5 0.4547171 0.2650114 0.5936503 -0.3286388 -0.002308729  0.04121382
2   1.0 0.3893306 0.2673201 0.5524364 -0.2851163  0.000000000  0.00000000
3   2.0 0.3219461 0.2478926 0.5039129 -0.2560203 -0.019427521 -0.04852354
           oe         te
1  0.06538649 -0.2874250
2  0.00000000 -0.2851163
3 -0.06738446 -0.3045438

[[1]]$se
  delta         mu       mu_1       mu_0         de       se_1       se_0
1   0.5 0.02997207 0.03185010 0.03788795 0.04429556 0.01871087 0.01695375
2   1.0 0.02801380 0.02660768 0.03909128 0.03980580 0.00000000 0.00000000
3   2.0 0.02882160 0.02941670 0.04295228 0.04559902 0.01338426 0.01879985
          oe         te
1 0.01289423 0.04483630
2 0.00000000 0.03980580
3 0.01237513 0.04145458


[1] "Total run time was 29.475 seconds"
