WARNING: ignoring environment value of R_HOME

Attaching package: ‘dplyr’

The following objects are masked from ‘package:stats’:

    filter, lag

The following objects are masked from ‘package:base’:

    intersect, setdiff, setequal, union

Loading required package: splines
Loading required package: foreach
Loaded gam 1.20.2

Super Learner
Version: 2.0-28
Package created on 2021-05-04

Loading required package: lattice
Loading required package: ggplot2
Loading required package: Matrix
Loaded glmnet 4.1-7
Loading required package: Formula
Loading required package: plotmo
Loading required package: plotrix
Loading required package: TeachingDemos
Loaded gbm 2.1.8.1

Attaching package: ‘xgboost’

The following object is masked from ‘package:dplyr’:

    slice

[1] "[Simulation setting]"
[1] "m: 100"
[1] "deltas: 0.5, 1, 2"
[1] "Sim.id 1"
[1] "Data generated"
[1] "   Split: 1"
[1] "   Split: 2"
[1] "Estimates and SE estimates computed"
[1] ""
[[1]]
[[1]]$est
  delta        mu      mu_1      mu_0         de        se_1        se_0
1   0.5 0.4593749 0.2489077 0.6058957 -0.3569880 0.021779283  0.07578970
2   1.0 0.3538118 0.2271284 0.5301060 -0.3029776 0.000000000  0.00000000
3   2.0 0.2874831 0.2359502 0.4433978 -0.2074476 0.008821806 -0.08670819
           oe         te
1  0.10556309 -0.2811983
2  0.00000000 -0.3029776
3 -0.06632863 -0.2941558

[[1]]$se
  delta         mu       mu_1       mu_0         de       se_1       se_0
1   0.5 0.03330560 0.03461415 0.03933619 0.04317405 0.02144414 0.01851029
2   1.0 0.02642156 0.02830420 0.03452778 0.04162506 0.00000000 0.00000000
3   2.0 0.03060456 0.03845468 0.03953076 0.05496892 0.02161069 0.02181239
          oe         te
1 0.01790759 0.04254813
2 0.00000000 0.04162506
3 0.01897911 0.05128071


[1] "Total run time was 35.501 seconds"
