WARNING: ignoring environment value of R_HOME

Attaching package: ‘dplyr’

The following objects are masked from ‘package:stats’:

    filter, lag

The following objects are masked from ‘package:base’:

    intersect, setdiff, setequal, union

Loading required package: splines
Loading required package: foreach
Loaded gam 1.20.2

Super Learner
Version: 2.0-28
Package created on 2021-05-04

Loading required package: lattice
Loading required package: ggplot2
Loading required package: Matrix
Loaded glmnet 4.1-7
Loading required package: Formula
Loading required package: plotmo
Loading required package: plotrix
Loading required package: TeachingDemos
Loaded gbm 2.1.8.1

Attaching package: ‘xgboost’

The following object is masked from ‘package:dplyr’:

    slice

[1] "[Simulation setting]"
[1] "m: 100"
[1] "deltas: 0.5, 1, 2"
[1] "Sim.id 1"
[1] "Data generated"
[1] "   Split: 1"
[1] "   Split: 2"
[1] "Estimates and SE estimates computed"
[1] ""
[[1]]
[[1]]$est
  delta        mu      mu_1      mu_0         de        se_1        se_0
1   0.5 0.4358257 0.2669552 0.5484400 -0.2814849  0.02302379 0.002318214
2   1.0 0.3718316 0.2439314 0.5461218 -0.3021905  0.00000000 0.000000000
3   2.0 0.3049538 0.2166555 0.5495630 -0.3329075 -0.02727587 0.003441208
           oe         te
1  0.06399407 -0.2791667
2  0.00000000 -0.3021905
3 -0.06687781 -0.3294663

[[1]]$se
  delta         mu       mu_1       mu_0         de       se_1       se_0
1   0.5 0.03843811 0.03453509 0.04830481 0.04842742 0.01839328 0.02579456
2   1.0 0.02973656 0.02860260 0.03651056 0.03523978 0.00000000 0.00000000
3   2.0 0.03010118 0.03108720 0.04120522 0.04245144 0.01596327 0.02355014
          oe         te
1 0.01906020 0.03887176
2 0.00000000 0.03523978
3 0.01517877 0.03864709


[1] "Total run time was 32.864 seconds"
