WARNING: ignoring environment value of R_HOME

Attaching package: ‘dplyr’

The following objects are masked from ‘package:stats’:

    filter, lag

The following objects are masked from ‘package:base’:

    intersect, setdiff, setequal, union

Loading required package: splines
Loading required package: foreach
Loaded gam 1.20.2

Super Learner
Version: 2.0-28
Package created on 2021-05-04

Loading required package: lattice
Loading required package: ggplot2
Loading required package: Matrix
Loaded glmnet 4.1-7
Loading required package: Formula
Loading required package: plotmo
Loading required package: plotrix
Loading required package: TeachingDemos
Loaded gbm 2.1.8.1

Attaching package: ‘xgboost’

The following object is masked from ‘package:dplyr’:

    slice

[1] "[Simulation setting]"
[1] "m: 100"
[1] "deltas: 0.5, 1, 2"
[1] "Sim.id 1"
[1] "Data generated"
[1] "   Split: 1"
[1] "   Split: 2"
[1] "Estimates and SE estimates computed"
[1] ""
[[1]]
[[1]]$est
  delta        mu      mu_1      mu_0         de        se_1         se_0
1   0.5 0.4497750 0.2518280 0.5999585 -0.3481305  0.02796139  0.009859658
2   1.0 0.3655891 0.2238666 0.5900988 -0.3662322  0.00000000  0.000000000
3   2.0 0.2998553 0.2152066 0.5747088 -0.3595021 -0.00865998 -0.015390045
           oe         te
1  0.08418586 -0.3382708
2  0.00000000 -0.3662322
3 -0.06573382 -0.3748922

[[1]]$se
  delta         mu       mu_1       mu_0         de       se_1       se_0
1   0.5 0.04111123 0.03273054 0.06352547 0.06446902 0.02143997 0.04098095
2   1.0 0.02817360 0.02614501 0.04221493 0.04134428 0.00000000 0.00000000
3   2.0 0.03122839 0.03552870 0.04604393 0.05383842 0.01920576 0.02459411
          oe         te
1 0.02651161 0.04472518
2 0.00000000 0.04134428
3 0.01807702 0.04942095


[1] "Total run time was 22.134 seconds"
