WARNING: ignoring environment value of R_HOME

Attaching package: ‘dplyr’

The following objects are masked from ‘package:stats’:

    filter, lag

The following objects are masked from ‘package:base’:

    intersect, setdiff, setequal, union

Loading required package: splines
Loading required package: foreach
Loaded gam 1.20.2

Super Learner
Version: 2.0-28
Package created on 2021-05-04

Loading required package: lattice
Loading required package: ggplot2
Loading required package: Matrix
Loaded glmnet 4.1-7
Loading required package: Formula
Loading required package: plotmo
Loading required package: plotrix
Loading required package: TeachingDemos
Loaded gbm 2.1.8.1

Attaching package: ‘xgboost’

The following object is masked from ‘package:dplyr’:

    slice

[1] "[Simulation setting]"
[1] "m: 100"
[1] "deltas: 0.5, 1, 2"
[1] "Sim.id 1"
[1] "Data generated"
[1] "   Split: 1"
[1] "   Split: 2"
[1] "Estimates and SE estimates computed"
[1] ""
[[1]]
[[1]]$est
  delta        mu      mu_1      mu_0         de         se_1        se_0
1   0.5 0.4170446 0.1777976 0.6453381 -0.4675404 -0.008431021  0.06316805
2   1.0 0.3226472 0.1862287 0.5821700 -0.3959414  0.000000000  0.00000000
3   2.0 0.2565516 0.1809750 0.5423032 -0.3613282 -0.005253647 -0.03986684
           oe         te
1  0.09439738 -0.4043724
2  0.00000000 -0.3959414
3 -0.06609560 -0.4011950

[[1]]$se
  delta         mu       mu_1       mu_0         de       se_1       se_0
1   0.5 0.04583159 0.02504715 0.08029183 0.08170652 0.01217268 0.05671934
2   1.0 0.02559752 0.02196567 0.04373828 0.04439516 0.00000000 0.00000000
3   2.0 0.02241528 0.02237919 0.04751756 0.05070412 0.01011707 0.02640374
          oe         te
1 0.03136934 0.04633456
2 0.00000000 0.04439516
3 0.01207258 0.04571234


[1] "Total run time was 36.263 seconds"
