WARNING: ignoring environment value of R_HOME

Attaching package: ‘dplyr’

The following objects are masked from ‘package:stats’:

    filter, lag

The following objects are masked from ‘package:base’:

    intersect, setdiff, setequal, union

Loading required package: splines
Loading required package: foreach
Loaded gam 1.20.2

Super Learner
Version: 2.0-28
Package created on 2021-05-04

Loading required package: lattice
Loading required package: ggplot2
Loading required package: Matrix
Loaded glmnet 4.1-7
Loading required package: Formula
Loading required package: plotmo
Loading required package: plotrix
Loading required package: TeachingDemos
Loaded gbm 2.1.8.1

Attaching package: ‘xgboost’

The following object is masked from ‘package:dplyr’:

    slice

[1] "[Simulation setting]"
[1] "m: 100"
[1] "deltas: 0.5, 1, 2"
[1] "Sim.id 1"
[1] "Data generated"
[1] "   Split: 1"
[1] "   Split: 2"
[1] "Estimates and SE estimates computed"
[1] ""
[[1]]
[[1]]$est
  delta        mu      mu_1      mu_0         de        se_1        se_0
1   0.5 0.4309673 0.2491050 0.5587471 -0.3096422  0.00604817  0.04758919
2   1.0 0.3519466 0.2430568 0.5111580 -0.2681012  0.00000000  0.00000000
3   2.0 0.2872102 0.2201692 0.4914791 -0.2713098 -0.02288755 -0.01967888
           oe         te
1  0.07902065 -0.2620530
2  0.00000000 -0.2681012
3 -0.06473640 -0.2909887

[[1]]$se
  delta         mu       mu_1       mu_0         de       se_1       se_0
1   0.5 0.03532144 0.03193291 0.05222439 0.05902655 0.01793582 0.03121979
2   1.0 0.02644723 0.02814181 0.03752898 0.04157232 0.00000000 0.00000000
3   2.0 0.02650113 0.03001497 0.04087507 0.04918141 0.01368964 0.02456080
          oe         te
1 0.02072196 0.04528954
2 0.00000000 0.04157232
3 0.01334602 0.04381486


[1] "Total run time was 33.49 seconds"
