WARNING: ignoring environment value of R_HOME

Attaching package: ‘dplyr’

The following objects are masked from ‘package:stats’:

    filter, lag

The following objects are masked from ‘package:base’:

    intersect, setdiff, setequal, union

Loading required package: splines
Loading required package: foreach
Loaded gam 1.20.2

Super Learner
Version: 2.0-28
Package created on 2021-05-04

Loading required package: lattice
Loading required package: ggplot2
Loading required package: Matrix
Loaded glmnet 4.1-7
Loading required package: Formula
Loading required package: plotmo
Loading required package: plotrix
Loading required package: TeachingDemos
Loaded gbm 2.1.8.1

Attaching package: ‘xgboost’

The following object is masked from ‘package:dplyr’:

    slice

[1] "[Simulation setting]"
[1] "m: 100"
[1] "deltas: 0.5, 1, 2"
[1] "Sim.id 1"
[1] "Data generated"
[1] "   Split: 1"
[1] "   Split: 2"
[1] "Estimates and SE estimates computed"
[1] ""
[[1]]
[[1]]$est
  delta        mu      mu_1      mu_0         de        se_1         se_0
1   0.5 0.5046673 0.3092759 0.6373690 -0.3280931  0.04505630  0.046104051
2   1.0 0.4000696 0.2642196 0.5912650 -0.3270454  0.00000000  0.000000000
3   2.0 0.3414096 0.2524498 0.5864956 -0.3340458 -0.01176986 -0.004769389
           oe         te
1  0.10459777 -0.2819891
2  0.00000000 -0.3270454
3 -0.05866001 -0.3388152

[[1]]$se
  delta         mu       mu_1       mu_0         de       se_1       se_0
1   0.5 0.04390603 0.03605767 0.06200466 0.06486567 0.01942517 0.03130224
2   1.0 0.03226318 0.02953307 0.04493106 0.04582709 0.00000000 0.00000000
3   2.0 0.03366836 0.04174692 0.04529082 0.05835038 0.02744934 0.02625788
          oe         te
1 0.02309749 0.04804615
2 0.00000000 0.04582709
3 0.02308290 0.05810166


[1] "Total run time was 37.745 seconds"
