WARNING: ignoring environment value of R_HOME

Attaching package: ‘dplyr’

The following objects are masked from ‘package:stats’:

    filter, lag

The following objects are masked from ‘package:base’:

    intersect, setdiff, setequal, union

Loading required package: splines
Loading required package: foreach
Loaded gam 1.20.2

Super Learner
Version: 2.0-28
Package created on 2021-05-04

Loading required package: lattice
Loading required package: ggplot2
Loading required package: Matrix
Loaded glmnet 4.1-7
Loading required package: Formula
Loading required package: plotmo
Loading required package: plotrix
Loading required package: TeachingDemos
Loaded gbm 2.1.8.1

Attaching package: ‘xgboost’

The following object is masked from ‘package:dplyr’:

    slice

[1] "[Simulation setting]"
[1] "m: 100"
[1] "deltas: 0.5, 1, 2"
[1] "Sim.id 1"
[1] "Data generated"
[1] "   Split: 1"
[1] "   Split: 2"
[1] "Estimates and SE estimates computed"
[1] ""
[[1]]
[[1]]$est
  delta        mu      mu_1      mu_0         de        se_1        se_0
1   0.5 0.4863507 0.2668356 0.6866034 -0.4197678  0.05512596  0.09987928
2   1.0 0.3410502 0.2117096 0.5867241 -0.3750145  0.00000000  0.00000000
3   2.0 0.2572409 0.1912004 0.5196744 -0.3284740 -0.02050920 -0.06704967
           oe         te
1  0.14530055 -0.3198885
2  0.00000000 -0.3750145
3 -0.08380927 -0.3955237

[[1]]$se
  delta         mu       mu_1       mu_0         de       se_1       se_0
1   0.5 0.04227205 0.03627042 0.06179377 0.06731815 0.02206579 0.03643220
2   1.0 0.02813918 0.02593075 0.04412580 0.04542655 0.00000000 0.00000000
3   2.0 0.02790219 0.02902185 0.04723210 0.04687519 0.01545545 0.02496268
          oe         te
1 0.02458179 0.05122665
2 0.00000000 0.04542655
3 0.01619761 0.04762151


[1] "Total run time was 33.035 seconds"
