WARNING: ignoring environment value of R_HOME

Attaching package: ‘dplyr’

The following objects are masked from ‘package:stats’:

    filter, lag

The following objects are masked from ‘package:base’:

    intersect, setdiff, setequal, union

Loading required package: splines
Loading required package: foreach
Loaded gam 1.20.2

Super Learner
Version: 2.0-28
Package created on 2021-05-04

Loading required package: lattice
Loading required package: ggplot2
Loading required package: Matrix
Loaded glmnet 4.1-7
Loading required package: Formula
Loading required package: plotmo
Loading required package: plotrix
Loading required package: TeachingDemos
Loaded gbm 2.1.8.1

Attaching package: ‘xgboost’

The following object is masked from ‘package:dplyr’:

    slice

[1] "[Simulation setting]"
[1] "m: 100"
[1] "deltas: 0.5, 1, 2"
[1] "Sim.id 1"
[1] "Data generated"
[1] "   Split: 1"
[1] "   Split: 2"
[1] "Estimates and SE estimates computed"
[1] ""
[[1]]
[[1]]$est
  delta        mu      mu_1      mu_0         de        se_1        se_0
1   0.5 0.4566444 0.2711695 0.5848040 -0.3136345  0.04964221  0.06677569
2   1.0 0.3457313 0.2215273 0.5180283 -0.2965010  0.00000000  0.00000000
3   2.0 0.2754511 0.2072799 0.4751487 -0.2678688 -0.01424738 -0.04287961
           oe         te
1  0.11091315 -0.2468588
2  0.00000000 -0.2965010
3 -0.07028014 -0.3107484

[[1]]$se
  delta         mu       mu_1       mu_0         de       se_1       se_0
1   0.5 0.03663866 0.03253635 0.04314246 0.04398007 0.01818340 0.02423897
2   1.0 0.02813583 0.02854479 0.03417890 0.03647213 0.00000000 0.00000000
3   2.0 0.02962333 0.03275474 0.03851578 0.04446034 0.01423767 0.02060276
          oe         te
1 0.02068900 0.03729788
2 0.00000000 0.03647213
3 0.01475194 0.04084124


[1] "Total run time was 35.547 seconds"
