WARNING: ignoring environment value of R_HOME

Attaching package: ‘dplyr’

The following objects are masked from ‘package:stats’:

    filter, lag

The following objects are masked from ‘package:base’:

    intersect, setdiff, setequal, union

Loading required package: splines
Loading required package: foreach
Loaded gam 1.20.2

Super Learner
Version: 2.0-28
Package created on 2021-05-04

Loading required package: lattice
Loading required package: ggplot2
Loading required package: Matrix
Loaded glmnet 4.1-7
Loading required package: Formula
Loading required package: plotmo
Loading required package: plotrix
Loading required package: TeachingDemos
Loaded gbm 2.1.8.1

Attaching package: ‘xgboost’

The following object is masked from ‘package:dplyr’:

    slice

[1] "[Simulation setting]"
[1] "m: 100"
[1] "deltas: 0.5, 1, 2"
[1] "Sim.id 1"
[1] "Data generated"
[1] "   Split: 1"
[1] "   Split: 2"
[1] "Estimates and SE estimates computed"
[1] ""
[[1]]
[[1]]$est
  delta        mu      mu_1      mu_0         de         se_1         se_0
1   0.5 0.4648376 0.2352077 0.5972062 -0.3619985 -0.002299215  0.003771293
2   1.0 0.3987858 0.2375069 0.5934349 -0.3559280  0.000000000  0.000000000
3   2.0 0.3284703 0.2351565 0.5625312 -0.3273747 -0.002350428 -0.030903667
           oe         te
1  0.06605174 -0.3582272
2  0.00000000 -0.3559280
3 -0.07031555 -0.3582784

[[1]]$se
  delta         mu       mu_1       mu_0         de       se_1       se_0
1   0.5 0.03469014 0.03220658 0.04769036 0.04970404 0.01824870 0.03510412
2   1.0 0.02719685 0.02394409 0.03264233 0.03014200 0.00000000 0.00000000
3   2.0 0.02804184 0.02838131 0.04201581 0.04423698 0.01514967 0.02282630
          oe         te
1 0.02181373 0.03450806
2 0.00000000 0.03014200
3 0.01403960 0.03612863


[1] "Total run time was 24.023 seconds"
