WARNING: ignoring environment value of R_HOME

Attaching package: ‘dplyr’

The following objects are masked from ‘package:stats’:

    filter, lag

The following objects are masked from ‘package:base’:

    intersect, setdiff, setequal, union

Loading required package: splines
Loading required package: foreach
Loaded gam 1.20.2

Super Learner
Version: 2.0-28
Package created on 2021-05-04

Loading required package: lattice
Loading required package: ggplot2
Loading required package: Matrix
Loaded glmnet 4.1-7
Loading required package: Formula
Loading required package: plotmo
Loading required package: plotrix
Loading required package: TeachingDemos
Loaded gbm 2.1.8.1

Attaching package: ‘xgboost’

The following object is masked from ‘package:dplyr’:

    slice

[1] "[Simulation setting]"
[1] "m: 100"
[1] "deltas: 0.5, 1, 2"
[1] "Sim.id 1"
[1] "Data generated"
[1] "   Split: 1"
[1] "   Split: 2"
[1] "Estimates and SE estimates computed"
[1] ""
[[1]]
[[1]]$est
  delta        mu      mu_1      mu_0         de        se_1        se_0
1   0.5 0.4320533 0.2676031 0.5451949 -0.2775919  0.02966925 0.021698869
2   1.0 0.3622532 0.2379338 0.5234961 -0.2855623  0.00000000 0.000000000
3   2.0 0.2994673 0.2094172 0.5265925 -0.3171753 -0.02851656 0.003096448
           oe         te
1  0.06980019 -0.2558930
2  0.00000000 -0.2855623
3 -0.06278590 -0.3140788

[[1]]$se
  delta         mu       mu_1       mu_0         de       se_1       se_0
1   0.5 0.03664910 0.03216507 0.05211303 0.05545466 0.01761318 0.03220369
2   1.0 0.02625383 0.02617008 0.03992902 0.04238214 0.00000000 0.00000000
3   2.0 0.03049249 0.03266554 0.04402111 0.04860719 0.01721437 0.02133866
          oe         te
1 0.02314347 0.04492594
2 0.00000000 0.04238214
3 0.01591555 0.04683523


[1] "Total run time was 30.227 seconds"
