WARNING: ignoring environment value of R_HOME

Attaching package: ‘dplyr’

The following objects are masked from ‘package:stats’:

    filter, lag

The following objects are masked from ‘package:base’:

    intersect, setdiff, setequal, union

Loading required package: splines
Loading required package: foreach
Loaded gam 1.20.2

Super Learner
Version: 2.0-28
Package created on 2021-05-04

Loading required package: lattice
Loading required package: ggplot2
Loading required package: Matrix
Loaded glmnet 4.1-7
Loading required package: Formula
Loading required package: plotmo
Loading required package: plotrix
Loading required package: TeachingDemos
Loaded gbm 2.1.8.1

Attaching package: ‘xgboost’

The following object is masked from ‘package:dplyr’:

    slice

[1] "[Simulation setting]"
[1] "m: 100"
[1] "deltas: 0.5, 1, 2"
[1] "Sim.id 1"
[1] "Data generated"
[1] "   Split: 1"
[1] "   Split: 2"
[1] "Estimates and SE estimates computed"
[1] ""
[[1]]
[[1]]$est
  delta        mu      mu_1      mu_0         de        se_1         se_0
1   0.5 0.3933500 0.2392954 0.4887869 -0.2494915  0.01274547 -0.004523073
2   1.0 0.3434714 0.2265499 0.4933099 -0.2667600  0.00000000  0.000000000
3   2.0 0.2679514 0.1863599 0.4804686 -0.2941087 -0.04019002 -0.012841355
           oe         te
1  0.04987859 -0.2540145
2  0.00000000 -0.2667600
3 -0.07552002 -0.3069500

[[1]]$se
  delta         mu       mu_1       mu_0         de       se_1       se_0
1   0.5 0.03514052 0.03086403 0.04930979 0.04725203 0.01821288 0.02562539
2   1.0 0.02933276 0.02832594 0.04122935 0.04030179 0.00000000 0.00000000
3   2.0 0.03315795 0.03682806 0.04422235 0.04975538 0.01912652 0.02343665
          oe         te
1 0.02036916 0.04023738
2 0.00000000 0.04030179
3 0.01746655 0.04817509


[1] "Total run time was 42.314 seconds"
