WARNING: ignoring environment value of R_HOME

Attaching package: ‘dplyr’

The following objects are masked from ‘package:stats’:

    filter, lag

The following objects are masked from ‘package:base’:

    intersect, setdiff, setequal, union

Loading required package: splines
Loading required package: foreach
Loaded gam 1.20.2

Super Learner
Version: 2.0-28
Package created on 2021-05-04

Loading required package: lattice
Loading required package: ggplot2
Loading required package: Matrix
Loaded glmnet 4.1-7
Loading required package: Formula
Loading required package: plotmo
Loading required package: plotrix
Loading required package: TeachingDemos
Loaded gbm 2.1.8.1

Attaching package: ‘xgboost’

The following object is masked from ‘package:dplyr’:

    slice

[1] "[Simulation setting]"
[1] "m: 100"
[1] "deltas: 0.5, 1, 2"
[1] "Sim.id 1"
[1] "Data generated"
[1] "   Split: 1"
[1] "   Split: 2"
[1] "Estimates and SE estimates computed"
[1] ""
[[1]]
[[1]]$est
  delta        mu      mu_1      mu_0         de         se_1        se_0
1   0.5 0.4586989 0.2532137 0.6046120 -0.3513983 -0.012239035  0.04092603
2   1.0 0.3888508 0.2654527 0.5636859 -0.2982332  0.000000000  0.00000000
3   2.0 0.3338188 0.2600248 0.5338383 -0.2738135 -0.005427971 -0.02984768
           oe         te
1  0.06984803 -0.3104722
2  0.00000000 -0.2982332
3 -0.05503203 -0.3036612

[[1]]$se
  delta         mu       mu_1       mu_0         de       se_1       se_0
1   0.5 0.03339972 0.03004321 0.04523285 0.04895914 0.01409616 0.02458356
2   1.0 0.02912098 0.02867912 0.03783073 0.03800486 0.00000000 0.00000000
3   2.0 0.03022018 0.03040818 0.04230401 0.04253747 0.01124270 0.02151673
          oe         te
1 0.01608544 0.04168011
2 0.00000000 0.03800486
3 0.01167955 0.03881313


[1] "Total run time was 33.15 seconds"
