WARNING: ignoring environment value of R_HOME

Attaching package: ‘dplyr’

The following objects are masked from ‘package:stats’:

    filter, lag

The following objects are masked from ‘package:base’:

    intersect, setdiff, setequal, union

Loading required package: splines
Loading required package: foreach
Loaded gam 1.20.2

Super Learner
Version: 2.0-28
Package created on 2021-05-04

Loading required package: lattice
Loading required package: ggplot2
Loading required package: Matrix
Loaded glmnet 4.1-7
Loading required package: Formula
Loading required package: plotmo
Loading required package: plotrix
Loading required package: TeachingDemos
Loaded gbm 2.1.8.1

Attaching package: ‘xgboost’

The following object is masked from ‘package:dplyr’:

    slice

[1] "[Simulation setting]"
[1] "m: 100"
[1] "deltas: 0.5, 1, 2"
[1] "Sim.id 1"
[1] "Data generated"
[1] "   Split: 1"
[1] "   Split: 2"
[1] "Estimates and SE estimates computed"
[1] ""
[[1]]
[[1]]$est
  delta        mu      mu_1      mu_0         de        se_1        se_0
1   0.5 0.4588579 0.3028776 0.5664529 -0.2635752  0.07964485  0.03884509
2   1.0 0.3497201 0.2232328 0.5276078 -0.3043750  0.00000000  0.00000000
3   2.0 0.2593765 0.1774005 0.5013255 -0.3239250 -0.04583234 -0.02628234
          oe         te
1  0.1091378 -0.2247302
2  0.0000000 -0.3043750
3 -0.0903436 -0.3502073

[[1]]$se
  delta         mu       mu_1       mu_0         de      se_1       se_0
1   0.5 0.03810087 0.04036649 0.04468765 0.04985123 0.0206551 0.02289551
2   1.0 0.03043265 0.02857823 0.04165006 0.04392430 0.0000000 0.00000000
3   2.0 0.02426889 0.02310214 0.05054122 0.05557600 0.0133744 0.02690474
          oe         te
1 0.01810781 0.04981128
2 0.00000000 0.04392430
3 0.01295503 0.04329693


[1] "Total run time was 36.573 seconds"
