WARNING: ignoring environment value of R_HOME

Attaching package: ‘dplyr’

The following objects are masked from ‘package:stats’:

    filter, lag

The following objects are masked from ‘package:base’:

    intersect, setdiff, setequal, union

Loading required package: splines
Loading required package: foreach
Loaded gam 1.20.2

Super Learner
Version: 2.0-28
Package created on 2021-05-04

Loading required package: lattice
Loading required package: ggplot2
Loading required package: Matrix
Loaded glmnet 4.1-7
Loading required package: Formula
Loading required package: plotmo
Loading required package: plotrix
Loading required package: TeachingDemos
Loaded gbm 2.1.8.1

Attaching package: ‘xgboost’

The following object is masked from ‘package:dplyr’:

    slice

[1] "[Simulation setting]"
[1] "m: 100"
[1] "deltas: 0.5, 1, 2"
[1] "Sim.id 1"
[1] "Data generated"
[1] "   Split: 1"
[1] "   Split: 2"
[1] "Estimates and SE estimates computed"
[1] ""
[[1]]
[[1]]$est
  delta        mu      mu_1      mu_0         de        se_1         se_0
1   0.5 0.4920393 0.3250623 0.5833985 -0.2583363  0.03487979 -0.004451153
2   1.0 0.4204933 0.2901825 0.5878497 -0.2976672  0.00000000  0.000000000
3   2.0 0.3406806 0.2549395 0.5736961 -0.3187565 -0.03524294 -0.014153637
           oe         te
1  0.07154599 -0.2627874
2  0.00000000 -0.2976672
3 -0.07981278 -0.3329102

[[1]]$se
  delta         mu       mu_1       mu_0         de       se_1       se_0
1   0.5 0.02838320 0.04058602 0.04121458 0.05867393 0.02341023 0.02280098
2   1.0 0.02741773 0.03205983 0.03457404 0.03987198 0.00000000 0.00000000
3   2.0 0.02724714 0.03104749 0.04421435 0.04774313 0.01412855 0.02582136
          oe         te
1 0.01354760 0.05003046
2 0.00000000 0.03987198
3 0.01312955 0.04037561


[1] "Total run time was 30.156 seconds"
