WARNING: ignoring environment value of R_HOME

Attaching package: ‘dplyr’

The following objects are masked from ‘package:stats’:

    filter, lag

The following objects are masked from ‘package:base’:

    intersect, setdiff, setequal, union

Loading required package: splines
Loading required package: foreach
Loaded gam 1.20.2

Super Learner
Version: 2.0-28
Package created on 2021-05-04

Loading required package: lattice
Loading required package: ggplot2
Loading required package: Matrix
Loaded glmnet 4.1-7
Loading required package: Formula
Loading required package: plotmo
Loading required package: plotrix
Loading required package: TeachingDemos
Loaded gbm 2.1.8.1

Attaching package: ‘xgboost’

The following object is masked from ‘package:dplyr’:

    slice

[1] "[Simulation setting]"
[1] "m: 100"
[1] "deltas: 0.5, 1, 2"
[1] "Sim.id 1"
[1] "Data generated"
[1] "   Split: 1"
[1] "   Split: 2"
[1] "Estimates and SE estimates computed"
[1] ""
[[1]]
[[1]]$est
  delta        mu      mu_1      mu_0         de        se_1         se_0
1   0.5 0.4355272 0.2857975 0.5440478 -0.2582503  0.04619006 -0.002512775
2   1.0 0.3663392 0.2396074 0.5465605 -0.3069531  0.00000000  0.000000000
3   2.0 0.2878761 0.2017570 0.5341933 -0.3324363 -0.03785040 -0.012367241
           oe         te
1  0.06918795 -0.2607630
2  0.00000000 -0.3069531
3 -0.07846312 -0.3448035

[[1]]$se
  delta         mu       mu_1       mu_0         de       se_1       se_0
1   0.5 0.04427658 0.03823358 0.06562468 0.06238983 0.02491281 0.04564396
2   1.0 0.02714303 0.02731301 0.03713700 0.03640250 0.00000000 0.00000000
3   2.0 0.02953628 0.03077157 0.04451120 0.04666952 0.01688822 0.02665329
          oe         te
1 0.03074149 0.04025470
2 0.00000000 0.03640250
3 0.01684237 0.04170544


[1] "Total run time was 36.527 seconds"
