WARNING: ignoring environment value of R_HOME

Attaching package: ‘dplyr’

The following objects are masked from ‘package:stats’:

    filter, lag

The following objects are masked from ‘package:base’:

    intersect, setdiff, setequal, union

Loading required package: splines
Loading required package: foreach
Loaded gam 1.20.2

Super Learner
Version: 2.0-28
Package created on 2021-05-04

Loading required package: lattice
Loading required package: ggplot2
Loading required package: Matrix
Loaded glmnet 4.1-7
Loading required package: Formula
Loading required package: plotmo
Loading required package: plotrix
Loading required package: TeachingDemos
Loaded gbm 2.1.8.1

Attaching package: ‘xgboost’

The following object is masked from ‘package:dplyr’:

    slice

[1] "[Simulation setting]"
[1] "m: 100"
[1] "deltas: 0.5, 1, 2"
[1] "Sim.id 1"
[1] "Data generated"
[1] "   Split: 1"
[1] "   Split: 2"
[1] "Estimates and SE estimates computed"
[1] ""
[[1]]
[[1]]$est
  delta        mu      mu_1      mu_0         de        se_1         se_0
1   0.5 0.4207919 0.2654917 0.5032168 -0.2377251  0.02703400 -0.025080350
2   1.0 0.3725603 0.2384577 0.5282972 -0.2898394  0.00000000  0.000000000
3   2.0 0.2816258 0.1787176 0.5377738 -0.3590562 -0.05974019  0.009476607
           oe         te
1  0.04823154 -0.2628054
2  0.00000000 -0.2898394
3 -0.09093452 -0.3495796

[[1]]$se
  delta         mu       mu_1       mu_0         de       se_1       se_0
1   0.5 0.04281472 0.03483701 0.06134234 0.06187664 0.01782329 0.04139188
2   1.0 0.02886937 0.03065690 0.03665306 0.04016104 0.00000000 0.00000000
3   2.0 0.03376910 0.03881554 0.04032405 0.05202030 0.02282642 0.02216464
          oe         te
1 0.02992520 0.03887020
2 0.00000000 0.04016104
3 0.01978723 0.05008781


[1] "Total run time was 33.067 seconds"
