WARNING: ignoring environment value of R_HOME

Attaching package: ‘dplyr’

The following objects are masked from ‘package:stats’:

    filter, lag

The following objects are masked from ‘package:base’:

    intersect, setdiff, setequal, union

Loading required package: splines
Loading required package: foreach
Loaded gam 1.20.2

Super Learner
Version: 2.0-28
Package created on 2021-05-04

Loading required package: lattice
Loading required package: ggplot2
Loading required package: Matrix
Loaded glmnet 4.1-7
Loading required package: Formula
Loading required package: plotmo
Loading required package: plotrix
Loading required package: TeachingDemos
Loaded gbm 2.1.8.1

Attaching package: ‘xgboost’

The following object is masked from ‘package:dplyr’:

    slice

[1] "[Simulation setting]"
[1] "m: 100"
[1] "deltas: 0.5, 1, 2"
[1] "Sim.id 1"
[1] "Data generated"
[1] "   Split: 1"
[1] "   Split: 2"
[1] "Estimates and SE estimates computed"
[1] ""
[[1]]
[[1]]$est
  delta        mu      mu_1      mu_0         de        se_1        se_0
1   0.5 0.4413796 0.2302293 0.5872070 -0.3569777  0.02635402  0.04145342
2   1.0 0.3504622 0.2038752 0.5457536 -0.3418783  0.00000000  0.00000000
3   2.0 0.2620379 0.1684652 0.5060304 -0.3375652 -0.03541009 -0.03972320
           oe         te
1  0.09091750 -0.3155243
2  0.00000000 -0.3418783
3 -0.08842427 -0.3772884

[[1]]$se
  delta         mu       mu_1       mu_0         de       se_1       se_0
1   0.5 0.03088893 0.03174869 0.04094763 0.05094817 0.01941032 0.02253058
2   1.0 0.02746810 0.02833830 0.03563720 0.03776840 0.00000000 0.00000000
3   2.0 0.03439765 0.03924861 0.03922164 0.04529251 0.01966459 0.01981005
          oe         te
1 0.01756229 0.04255490
2 0.00000000 0.03776840
3 0.01692516 0.04462078


[1] "Total run time was 34.59 seconds"
