WARNING: ignoring environment value of R_HOME

Attaching package: ‘dplyr’

The following objects are masked from ‘package:stats’:

    filter, lag

The following objects are masked from ‘package:base’:

    intersect, setdiff, setequal, union

Loading required package: splines
Loading required package: foreach
Loaded gam 1.20.2

Super Learner
Version: 2.0-28
Package created on 2021-05-04

Loading required package: lattice
Loading required package: ggplot2
Loading required package: Matrix
Loaded glmnet 4.1-7
Loading required package: Formula
Loading required package: plotmo
Loading required package: plotrix
Loading required package: TeachingDemos
Loaded gbm 2.1.8.1

Attaching package: ‘xgboost’

The following object is masked from ‘package:dplyr’:

    slice

[1] "[Simulation setting]"
[1] "m: 100"
[1] "deltas: 0.5, 1, 2"
[1] "Sim.id 1"
[1] "Data generated"
[1] "   Split: 1"
[1] "   Split: 2"
[1] "Estimates and SE estimates computed"
[1] ""
[[1]]
[[1]]$est
  delta        mu      mu_1      mu_0         de        se_1        se_0
1   0.5 0.3929905 0.2088662 0.5300356 -0.3211694  0.03332552  0.01340770
2   1.0 0.3112394 0.1755406 0.5166279 -0.3410872  0.00000000  0.00000000
3   2.0 0.2376181 0.1573789 0.4948923 -0.3375134 -0.01816173 -0.02173553
           oe         te
1  0.08175104 -0.3077617
2  0.00000000 -0.3410872
3 -0.07362133 -0.3592490

[[1]]$se
  delta         mu       mu_1       mu_0         de       se_1       se_0
1   0.5 0.03337947 0.03392149 0.04209779 0.04879614 0.01770435 0.02181567
2   1.0 0.02865188 0.02668160 0.04076211 0.04149099 0.00000000 0.00000000
3   2.0 0.02873242 0.02961807 0.04746670 0.05047653 0.01644191 0.02314198
          oe         te
1 0.01643655 0.04532136
2 0.00000000 0.04149099
3 0.01611502 0.04565984


[1] "Total run time was 35.179 seconds"
