WARNING: ignoring environment value of R_HOME

Attaching package: ‘dplyr’

The following objects are masked from ‘package:stats’:

    filter, lag

The following objects are masked from ‘package:base’:

    intersect, setdiff, setequal, union

Loading required package: splines
Loading required package: foreach
Loaded gam 1.20.2

Super Learner
Version: 2.0-28
Package created on 2021-05-04

Loading required package: lattice
Loading required package: ggplot2
Loading required package: Matrix
Loaded glmnet 4.1-7
Loading required package: Formula
Loading required package: plotmo
Loading required package: plotrix
Loading required package: TeachingDemos
Loaded gbm 2.1.8.1

Attaching package: ‘xgboost’

The following object is masked from ‘package:dplyr’:

    slice

[1] "[Simulation setting]"
[1] "m: 100"
[1] "deltas: 0.5, 1, 2"
[1] "Sim.id 1"
[1] "Data generated"
[1] "   Split: 1"
[1] "   Split: 2"
[1] "Estimates and SE estimates computed"
[1] ""
[[1]]
[[1]]$est
  delta        mu      mu_1      mu_0         de        se_1        se_0
1   0.5 0.4012959 0.2457981 0.4802367 -0.2344386  0.01389576 -0.04615015
2   1.0 0.3604430 0.2319023 0.5263868 -0.2944845  0.00000000  0.00000000
3   2.0 0.3090192 0.2205046 0.5450956 -0.3245910 -0.01139771  0.01870880
           oe         te
1  0.04085297 -0.2805888
2  0.00000000 -0.2944845
3 -0.05142374 -0.3058822

[[1]]$se
  delta         mu       mu_1       mu_0         de       se_1       se_0
1   0.5 0.03195150 0.03360441 0.04723329 0.04735371 0.01722507 0.02755774
2   1.0 0.02805835 0.02894352 0.03735037 0.04038224 0.00000000 0.00000000
3   2.0 0.03016279 0.03198456 0.04348024 0.04898984 0.01553943 0.02282760
          oe         te
1 0.01827033 0.04088051
2 0.00000000 0.04038224
3 0.01443297 0.04439544


[1] "Total run time was 33.473 seconds"
