WARNING: ignoring environment value of R_HOME

Attaching package: ‘dplyr’

The following objects are masked from ‘package:stats’:

    filter, lag

The following objects are masked from ‘package:base’:

    intersect, setdiff, setequal, union

Loading required package: splines
Loading required package: foreach
Loaded gam 1.20.2

Super Learner
Version: 2.0-28
Package created on 2021-05-04

Loading required package: lattice
Loading required package: ggplot2
Loading required package: Matrix
Loaded glmnet 4.1-7
Loading required package: Formula
Loading required package: plotmo
Loading required package: plotrix
Loading required package: TeachingDemos
Loaded gbm 2.1.8.1

Attaching package: ‘xgboost’

The following object is masked from ‘package:dplyr’:

    slice

[1] "[Simulation setting]"
[1] "m: 100"
[1] "deltas: 0.5, 1, 2"
[1] "Sim.id 1"
[1] "Data generated"
[1] "   Split: 1"
[1] "   Split: 2"
[1] "Estimates and SE estimates computed"
[1] ""
[[1]]
[[1]]$est
  delta        mu      mu_1      mu_0         de        se_1        se_0
1   0.5 0.4620480 0.2430033 0.6048746 -0.3618713  0.01174514  0.03841763
2   1.0 0.3804361 0.2312582 0.5664570 -0.3351988  0.00000000  0.00000000
3   2.0 0.2987776 0.2031729 0.5320109 -0.3288380 -0.02808525 -0.03444603
           oe         te
1  0.08161184 -0.3234537
2  0.00000000 -0.3351988
3 -0.08165852 -0.3632840

[[1]]$se
  delta         mu       mu_1       mu_0         de       se_1       se_0
1   0.5 0.03063703 0.03228829 0.03915635 0.04737221 0.02045361 0.01888298
2   1.0 0.02454885 0.02326294 0.03469448 0.03680613 0.00000000 0.00000000
3   2.0 0.02403687 0.02476868 0.03935492 0.04278225 0.01555159 0.02136468
          oe         te
1 0.01531801 0.04374736
2 0.00000000 0.03680613
3 0.01462678 0.03906567


[1] "Total run time was 27.819 seconds"
