WARNING: ignoring environment value of R_HOME

Attaching package: ‘dplyr’

The following objects are masked from ‘package:stats’:

    filter, lag

The following objects are masked from ‘package:base’:

    intersect, setdiff, setequal, union

Loading required package: splines
Loading required package: foreach
Loaded gam 1.20.2

Super Learner
Version: 2.0-28
Package created on 2021-05-04

Loading required package: lattice
Loading required package: ggplot2
Loading required package: Matrix
Loaded glmnet 4.1-7
Loading required package: Formula
Loading required package: plotmo
Loading required package: plotrix
Loading required package: TeachingDemos
Loaded gbm 2.1.8.1

Attaching package: ‘xgboost’

The following object is masked from ‘package:dplyr’:

    slice

[1] "[Simulation setting]"
[1] "m: 100"
[1] "deltas: 0.5, 1, 2"
[1] "Sim.id 1"
[1] "Data generated"
[1] "   Split: 1"
[1] "   Split: 2"
[1] "Estimates and SE estimates computed"
[1] ""
[[1]]
[[1]]$est
  delta        mu      mu_1      mu_0         de        se_1        se_0
1   0.5 0.4495645 0.2540527 0.5661306 -0.3120779  0.02357263  0.03292687
2   1.0 0.3700324 0.2304800 0.5332037 -0.3027237  0.00000000  0.00000000
3   2.0 0.3030856 0.2083930 0.5210475 -0.3126545 -0.02208703 -0.01215621
           oe         te
1  0.07953216 -0.2791511
2  0.00000000 -0.3027237
3 -0.06694670 -0.3248107

[[1]]$se
  delta         mu       mu_1       mu_0         de       se_1       se_0
1   0.5 0.03302330 0.03566491 0.03962643 0.04479716 0.01813452 0.01781989
2   1.0 0.02707275 0.02828206 0.03446036 0.03521224 0.00000000 0.00000000
3   2.0 0.02758742 0.03106434 0.03699620 0.04122167 0.01659697 0.01660525
          oe         te
1 0.01435255 0.04013467
2 0.00000000 0.03521224
3 0.01412967 0.03831880


[1] "Total run time was 20.708 seconds"
