WARNING: ignoring environment value of R_HOME

Attaching package: ‘dplyr’

The following objects are masked from ‘package:stats’:

    filter, lag

The following objects are masked from ‘package:base’:

    intersect, setdiff, setequal, union

Loading required package: splines
Loading required package: foreach
Loaded gam 1.20.2

Super Learner
Version: 2.0-28
Package created on 2021-05-04

Loading required package: lattice
Loading required package: ggplot2
Loading required package: Matrix
Loaded glmnet 4.1-7
Loading required package: Formula
Loading required package: plotmo
Loading required package: plotrix
Loading required package: TeachingDemos
Loaded gbm 2.1.8.1

Attaching package: ‘xgboost’

The following object is masked from ‘package:dplyr’:

    slice

[1] "[Simulation setting]"
[1] "m: 100"
[1] "deltas: 0.5, 1, 2"
[1] "Sim.id 1"
[1] "Data generated"
[1] "   Split: 1"
[1] "   Split: 2"
[1] "Estimates and SE estimates computed"
[1] ""
[[1]]
[[1]]$est
  delta        mu      mu_1      mu_0         de        se_1        se_0
1   0.5 0.4151352 0.2432284 0.5209909 -0.2777625 -0.00733844  0.02276560
2   1.0 0.3553133 0.2505668 0.4982253 -0.2476585  0.00000000  0.00000000
3   2.0 0.2973735 0.2339790 0.4880555 -0.2540765 -0.01658782 -0.01016981
           oe         te
1  0.05982189 -0.2549969
2  0.00000000 -0.2476585
3 -0.05793989 -0.2642463

[[1]]$se
  delta         mu       mu_1       mu_0         de       se_1       se_0
1   0.5 0.03092790 0.03397265 0.04056637 0.04818030 0.01849669 0.01751022
2   1.0 0.02828613 0.02937677 0.03848940 0.03900165 0.00000000 0.00000000
3   2.0 0.02786830 0.02975809 0.04303360 0.04319159 0.01318970 0.02107489
          oe         te
1 0.01286993 0.04331007
2 0.00000000 0.03900165
3 0.01266091 0.04032819


[1] "Total run time was 29.402 seconds"
