WARNING: ignoring environment value of R_HOME

Attaching package: ‘dplyr’

The following objects are masked from ‘package:stats’:

    filter, lag

The following objects are masked from ‘package:base’:

    intersect, setdiff, setequal, union

Loading required package: splines
Loading required package: foreach
Loaded gam 1.20.2

Super Learner
Version: 2.0-28
Package created on 2021-05-04

Loading required package: lattice
Loading required package: ggplot2
Loading required package: Matrix
Loaded glmnet 4.1-7
Loading required package: Formula
Loading required package: plotmo
Loading required package: plotrix
Loading required package: TeachingDemos
Loaded gbm 2.1.8.1

Attaching package: ‘xgboost’

The following object is masked from ‘package:dplyr’:

    slice

[1] "[Simulation setting]"
[1] "m: 100"
[1] "deltas: 0.5, 1, 2"
[1] "Sim.id 1"
[1] "Data generated"
[1] "   Split: 1"
[1] "   Split: 2"
[1] "Estimates and SE estimates computed"
[1] ""
[[1]]
[[1]]$est
  delta        mu      mu_1      mu_0         de        se_1        se_0
1   0.5 0.4589424 0.2655282 0.5653422 -0.2998140  0.00496869 -0.01520107
2   1.0 0.4079386 0.2605595 0.5805433 -0.3199838  0.00000000  0.00000000
3   2.0 0.3516644 0.2457917 0.6099166 -0.3641249 -0.01476780  0.02937330
           oe         te
1  0.05100374 -0.3150151
2  0.00000000 -0.3199838
3 -0.05627419 -0.3347516

[[1]]$se
  delta         mu       mu_1       mu_0         de       se_1       se_0
1   0.5 0.03856631 0.03289802 0.05765560 0.05930760 0.01636139 0.03258904
2   1.0 0.02750359 0.02908852 0.03870644 0.04066387 0.00000000 0.00000000
3   2.0 0.02821674 0.03163501 0.03798346 0.04336966 0.01448726 0.02403067
          oe         te
1 0.02364269 0.04212146
2 0.00000000 0.04066387
3 0.01547732 0.04443200


[1] "Total run time was 34.263 seconds"
