WARNING: ignoring environment value of R_HOME

Attaching package: ‘dplyr’

The following objects are masked from ‘package:stats’:

    filter, lag

The following objects are masked from ‘package:base’:

    intersect, setdiff, setequal, union

Loading required package: splines
Loading required package: foreach
Loaded gam 1.20.2

Super Learner
Version: 2.0-28
Package created on 2021-05-04

Loading required package: lattice
Loading required package: ggplot2
Loading required package: Matrix
Loaded glmnet 4.1-7
Loading required package: Formula
Loading required package: plotmo
Loading required package: plotrix
Loading required package: TeachingDemos
Loaded gbm 2.1.8.1

Attaching package: ‘xgboost’

The following object is masked from ‘package:dplyr’:

    slice

[1] "[Simulation setting]"
[1] "m: 100"
[1] "deltas: 0.5, 1, 2"
[1] "Sim.id 1"
[1] "Data generated"
[1] "   Split: 1"
[1] "   Split: 2"
[1] "Estimates and SE estimates computed"
[1] ""
[[1]]
[[1]]$est
  delta        mu      mu_1      mu_0         de        se_1        se_0
1   0.5 0.4289241 0.2059745 0.6512784 -0.4453039  0.01371449  0.05843721
2   1.0 0.3255171 0.1922600 0.5928412 -0.4005811  0.00000000  0.00000000
3   2.0 0.2554325 0.1797641 0.5549886 -0.3752245 -0.01249593 -0.03785257
           oe         te
1  0.10340704 -0.3868666
2  0.00000000 -0.4005811
3 -0.07008458 -0.4130771

[[1]]$se
  delta         mu       mu_1       mu_0         de       se_1       se_0
1   0.5 0.03339657 0.02764390 0.04330123 0.03813058 0.01581395 0.02672295
2   1.0 0.02525436 0.02403651 0.03849871 0.03740670 0.00000000 0.00000000
3   2.0 0.02831594 0.02828002 0.04940564 0.04768636 0.01250023 0.02578005
          oe         te
1 0.02013008 0.03817469
2 0.00000000 0.03740670
3 0.01303747 0.04035991


[1] "Total run time was 29.006 seconds"
