WARNING: ignoring environment value of R_HOME

Attaching package: ‘dplyr’

The following objects are masked from ‘package:stats’:

    filter, lag

The following objects are masked from ‘package:base’:

    intersect, setdiff, setequal, union

Loading required package: splines
Loading required package: foreach
Loaded gam 1.20.2

Super Learner
Version: 2.0-28
Package created on 2021-05-04

Loading required package: lattice
Loading required package: ggplot2
Loading required package: Matrix
Loaded glmnet 4.1-7
Loading required package: Formula
Loading required package: plotmo
Loading required package: plotrix
Loading required package: TeachingDemos
Loaded gbm 2.1.8.1

Attaching package: ‘xgboost’

The following object is masked from ‘package:dplyr’:

    slice

[1] "[Simulation setting]"
[1] "m: 100"
[1] "deltas: 0.5, 1, 2"
[1] "Sim.id 1"
[1] "Data generated"
[1] "   Split: 1"
[1] "   Split: 2"
[1] "Estimates and SE estimates computed"
[1] ""
[[1]]
[[1]]$est
  delta        mu      mu_1      mu_0         de         se_1        se_0
1   0.5 0.4733647 0.3248888 0.5771487 -0.2522598  0.023363138  0.05430972
2   1.0 0.3966559 0.3015257 0.5228390 -0.2213132  0.000000000  0.00000000
3   2.0 0.3538422 0.2979574 0.4948333 -0.1968759 -0.003568291 -0.02800568
           oe         te
1  0.07670881 -0.1979501
2  0.00000000 -0.2213132
3 -0.04281373 -0.2248815

[[1]]$se
  delta         mu       mu_1       mu_0         de       se_1       se_0
1   0.5 0.03621489 0.03949016 0.03942011 0.04377513 0.02123924 0.02054092
2   1.0 0.02985880 0.03075696 0.03557040 0.03691898 0.00000000 0.00000000
3   2.0 0.02888631 0.02879230 0.04259706 0.04063970 0.01434327 0.02107149
          oe         te
1 0.01820255 0.04247795
2 0.00000000 0.03691898
3 0.01414079 0.03711637


[1] "Total run time was 36.138 seconds"
