WARNING: ignoring environment value of R_HOME

Attaching package: ‘dplyr’

The following objects are masked from ‘package:stats’:

    filter, lag

The following objects are masked from ‘package:base’:

    intersect, setdiff, setequal, union

Loading required package: splines
Loading required package: foreach
Loaded gam 1.20.2

Super Learner
Version: 2.0-28
Package created on 2021-05-04

Loading required package: lattice
Loading required package: ggplot2
Loading required package: Matrix
Loaded glmnet 4.1-7
Loading required package: Formula
Loading required package: plotmo
Loading required package: plotrix
Loading required package: TeachingDemos
Loaded gbm 2.1.8.1

Attaching package: ‘xgboost’

The following object is masked from ‘package:dplyr’:

    slice

[1] "[Simulation setting]"
[1] "m: 100"
[1] "deltas: 0.5, 1, 2"
[1] "Sim.id 1"
[1] "Data generated"
[1] "   Split: 1"
[1] "   Split: 2"
[1] "Estimates and SE estimates computed"
[1] ""
[[1]]
[[1]]$est
  delta        mu      mu_1      mu_0         de        se_1        se_0
1   0.5 0.4206435 0.2727643 0.5236131 -0.2508488  0.02182597 0.008881861
2   1.0 0.3597628 0.2509383 0.5147312 -0.2637929  0.00000000 0.000000000
3   2.0 0.2978398 0.2227394 0.5205663 -0.2978269 -0.02819888 0.005835073
           oe         te
1  0.06088062 -0.2419669
2  0.00000000 -0.2637929
3 -0.06192308 -0.2919918

[[1]]$se
  delta         mu       mu_1       mu_0         de       se_1       se_0
1   0.5 0.02808053 0.03371053 0.03575727 0.04260253 0.01707406 0.01909017
2   1.0 0.02699207 0.03011217 0.03503125 0.03853828 0.00000000 0.00000000
3   2.0 0.03053354 0.03529805 0.04356954 0.05254303 0.01992704 0.02244509
          oe         te
1 0.01334313 0.04106738
2 0.00000000 0.03853828
3 0.01709154 0.04454982


[1] "Total run time was 34.235 seconds"
