WARNING: ignoring environment value of R_HOME

Attaching package: ‘dplyr’

The following objects are masked from ‘package:stats’:

    filter, lag

The following objects are masked from ‘package:base’:

    intersect, setdiff, setequal, union

Loading required package: splines
Loading required package: foreach
Loaded gam 1.20.2

Super Learner
Version: 2.0-28
Package created on 2021-05-04

Loading required package: lattice
Loading required package: ggplot2
Loading required package: Matrix
Loaded glmnet 4.1-7
Loading required package: Formula
Loading required package: plotmo
Loading required package: plotrix
Loading required package: TeachingDemos
Loaded gbm 2.1.8.1

Attaching package: ‘xgboost’

The following object is masked from ‘package:dplyr’:

    slice

[1] "[Simulation setting]"
[1] "m: 100"
[1] "deltas: 0.5, 1, 2"
[1] "Sim.id 1"
[1] "Data generated"
[1] "   Split: 1"
[1] "   Split: 2"
[1] "Estimates and SE estimates computed"
[1] ""
[[1]]
[[1]]$est
  delta        mu      mu_1      mu_0         de        se_1        se_0
1   0.5 0.4414079 0.2498231 0.6040393 -0.3542162 0.019753284  0.07853086
2   1.0 0.3351391 0.2300698 0.5255084 -0.2954386 0.000000000  0.00000000
3   2.0 0.2832041 0.2314949 0.4864681 -0.2549732 0.001425075 -0.03904028
           oe         te
1  0.10626875 -0.2756853
2  0.00000000 -0.2954386
3 -0.05193499 -0.2940135

[[1]]$se
  delta         mu       mu_1       mu_0         de       se_1       se_0
1   0.5 0.04083696 0.03307065 0.05698628 0.05330863 0.02017466 0.03449020
2   1.0 0.02706144 0.02677771 0.03838971 0.03851252 0.00000000 0.00000000
3   2.0 0.03141405 0.03737324 0.04320120 0.05094498 0.02142708 0.02380265
          oe         te
1 0.02443136 0.03784395
2 0.00000000 0.03851252
3 0.01983477 0.04890362


[1] "Total run time was 33.275 seconds"
