WARNING: ignoring environment value of R_HOME

Attaching package: ‘dplyr’

The following objects are masked from ‘package:stats’:

    filter, lag

The following objects are masked from ‘package:base’:

    intersect, setdiff, setequal, union

Loading required package: splines
Loading required package: foreach
Loaded gam 1.20.2

Super Learner
Version: 2.0-28
Package created on 2021-05-04

Loading required package: lattice
Loading required package: ggplot2
Loading required package: Matrix
Loaded glmnet 4.1-7
Loading required package: Formula
Loading required package: plotmo
Loading required package: plotrix
Loading required package: TeachingDemos
Loaded gbm 2.1.8.1

Attaching package: ‘xgboost’

The following object is masked from ‘package:dplyr’:

    slice

[1] "[Simulation setting]"
[1] "m: 100"
[1] "deltas: 0.5, 1, 2"
[1] "Sim.id 1"
[1] "Data generated"
[1] "   Split: 1"
[1] "   Split: 2"
[1] "Estimates and SE estimates computed"
[1] ""
[[1]]
[[1]]$est
  delta        mu      mu_1      mu_0         de        se_1        se_0
1   0.5 0.4841791 0.3365151 0.6009123 -0.2643973  0.03883881  0.01253868
2   1.0 0.4083695 0.2976763 0.5883737 -0.2906974  0.00000000  0.00000000
3   2.0 0.3401808 0.2801754 0.5558870 -0.2757117 -0.01750091 -0.03248666
           oe         te
1  0.07580958 -0.2518586
2  0.00000000 -0.2906974
3 -0.06818876 -0.3081983

[[1]]$se
  delta         mu       mu_1       mu_0         de       se_1       se_0
1   0.5 0.04545036 0.03355590 0.07213373 0.07337251 0.01888718 0.05012005
2   1.0 0.02839836 0.02983684 0.03798165 0.04073238 0.00000000 0.00000000
3   2.0 0.03109456 0.03694063 0.04335729 0.05452077 0.01750016 0.02771603
          oe         te
1 0.03103531 0.04350085
2 0.00000000 0.04073238
3 0.01685032 0.04705616


[1] "Total run time was 31.5 seconds"
