WARNING: ignoring environment value of R_HOME

Attaching package: ‘dplyr’

The following objects are masked from ‘package:stats’:

    filter, lag

The following objects are masked from ‘package:base’:

    intersect, setdiff, setequal, union

Loading required package: splines
Loading required package: foreach
Loaded gam 1.20.2

Super Learner
Version: 2.0-28
Package created on 2021-05-04

Loading required package: lattice
Loading required package: ggplot2
Loading required package: Matrix
Loaded glmnet 4.1-7
Loading required package: Formula
Loading required package: plotmo
Loading required package: plotrix
Loading required package: TeachingDemos
Loaded gbm 2.1.8.1

Attaching package: ‘xgboost’

The following object is masked from ‘package:dplyr’:

    slice

[1] "[Simulation setting]"
[1] "m: 100"
[1] "deltas: 0.5, 1, 2"
[1] "Sim.id 1"
[1] "Data generated"
[1] "   Split: 1"
[1] "   Split: 2"
[1] "Estimates and SE estimates computed"
[1] ""
[[1]]
[[1]]$est
  delta        mu      mu_1      mu_0         de        se_1        se_0
1   0.5 0.4701197 0.2354861 0.6292560 -0.3937699 0.005428228  0.07216915
2   1.0 0.3696806 0.2300579 0.5570868 -0.3270289 0.000000000  0.00000000
3   2.0 0.3169097 0.2345469 0.5327495 -0.2982026 0.004489076 -0.02433731
           oe         te
1  0.10043908 -0.3216007
2  0.00000000 -0.3270289
3 -0.05277098 -0.3225399

[[1]]$se
  delta         mu       mu_1       mu_0         de       se_1       se_0
1   0.5 0.04162838 0.03735984 0.05233882 0.05540523 0.02530635 0.03389493
2   1.0 0.03056772 0.03125130 0.03681576 0.03982423 0.00000000 0.00000000
3   2.0 0.03628773 0.04168431 0.04605063 0.05077260 0.02047374 0.02643140
          oe         te
1 0.02471060 0.04402654
2 0.00000000 0.03982423
3 0.02008128 0.04870150


[1] "Total run time was 32.445 seconds"
