WARNING: ignoring environment value of R_HOME

Attaching package: ‘dplyr’

The following objects are masked from ‘package:stats’:

    filter, lag

The following objects are masked from ‘package:base’:

    intersect, setdiff, setequal, union

Loading required package: splines
Loading required package: foreach
Loaded gam 1.20.2

Super Learner
Version: 2.0-28
Package created on 2021-05-04

Loading required package: lattice
Loading required package: ggplot2
Loading required package: Matrix
Loaded glmnet 4.1-7
Loading required package: Formula
Loading required package: plotmo
Loading required package: plotrix
Loading required package: TeachingDemos
Loaded gbm 2.1.8.1

Attaching package: ‘xgboost’

The following object is masked from ‘package:dplyr’:

    slice

[1] "[Simulation setting]"
[1] "m: 100"
[1] "deltas: 0.5, 1, 2"
[1] "Sim.id 1"
[1] "Data generated"
[1] "   Split: 1"
[1] "   Split: 2"
[1] "Estimates and SE estimates computed"
[1] ""
[[1]]
[[1]]$est
  delta        mu      mu_1      mu_0         de        se_1        se_0
1   0.5 0.4214766 0.2346669 0.5652209 -0.3305540  0.01194375  0.03129101
2   1.0 0.3409602 0.2227232 0.5339299 -0.3112068  0.00000000  0.00000000
3   2.0 0.2753678 0.2102815 0.5007258 -0.2904443 -0.01244168 -0.03320411
           oe         te
1  0.08051641 -0.2992630
2  0.00000000 -0.3112068
3 -0.06559238 -0.3236484

[[1]]$se
  delta         mu       mu_1       mu_0         de       se_1       se_0
1   0.5 0.03724522 0.03420797 0.05448227 0.05861730 0.01035791 0.02438174
2   1.0 0.03176520 0.03121384 0.04812777 0.05084956 0.00000000 0.00000000
3   2.0 0.02966998 0.03009139 0.05139157 0.05294192 0.01043815 0.01916633
          oe         te
1 0.01603623 0.05117920
2 0.00000000 0.05084956
3 0.01174136 0.05114880


[1] "Total run time was 28.797 seconds"
