WARNING: ignoring environment value of R_HOME

Attaching package: ‘dplyr’

The following objects are masked from ‘package:stats’:

    filter, lag

The following objects are masked from ‘package:base’:

    intersect, setdiff, setequal, union

Loading required package: splines
Loading required package: foreach
Loaded gam 1.20.2

Super Learner
Version: 2.0-28
Package created on 2021-05-04

Loading required package: lattice
Loading required package: ggplot2
Loading required package: Matrix
Loaded glmnet 4.1-7
Loading required package: Formula
Loading required package: plotmo
Loading required package: plotrix
Loading required package: TeachingDemos
Loaded gbm 2.1.8.1

Attaching package: ‘xgboost’

The following object is masked from ‘package:dplyr’:

    slice

[1] "[Simulation setting]"
[1] "m: 100"
[1] "deltas: 0.5, 1, 2"
[1] "Sim.id 1"
[1] "Data generated"
[1] "   Split: 1"
[1] "   Split: 2"
[1] "Estimates and SE estimates computed"
[1] ""
[[1]]
[[1]]$est
  delta        mu      mu_1      mu_0         de        se_1        se_0
1   0.5 0.3632776 0.2359501 0.4536038 -0.2176537  0.01490660  0.02852413
2   1.0 0.3015319 0.2210435 0.4250797 -0.2040362  0.00000000  0.00000000
3   2.0 0.2540716 0.2106636 0.4049806 -0.1943170 -0.01037992 -0.02009914
           oe         te
1  0.06174570 -0.1891296
2  0.00000000 -0.2040362
3 -0.04746029 -0.2144161

[[1]]$se
  delta         mu       mu_1       mu_0         de       se_1       se_0
1   0.5 0.03907168 0.03978107 0.05725539 0.06277022 0.01861777 0.02634661
2   1.0 0.03011086 0.03605801 0.04511942 0.05198282 0.00000000 0.00000000
3   2.0 0.03405391 0.04305427 0.04710524 0.06118622 0.01792505 0.02150812
          oe         te
1 0.02015911 0.05236366
2 0.00000000 0.05198282
3 0.01793524 0.05893652


[1] "Total run time was 28.139 seconds"
