WARNING: ignoring environment value of R_HOME

Attaching package: ‘dplyr’

The following objects are masked from ‘package:stats’:

    filter, lag

The following objects are masked from ‘package:base’:

    intersect, setdiff, setequal, union

Loading required package: splines
Loading required package: foreach
Loaded gam 1.20.2

Super Learner
Version: 2.0-28
Package created on 2021-05-04

Loading required package: lattice
Loading required package: ggplot2
Loading required package: Matrix
Loaded glmnet 4.1-7
Loading required package: Formula
Loading required package: plotmo
Loading required package: plotrix
Loading required package: TeachingDemos
Loaded gbm 2.1.8.1

Attaching package: ‘xgboost’

The following object is masked from ‘package:dplyr’:

    slice

[1] "[Simulation setting]"
[1] "m: 100"
[1] "deltas: 0.5, 1, 2"
[1] "Sim.id 1"
[1] "Data generated"
[1] "   Split: 1"
[1] "   Split: 2"
[1] "Estimates and SE estimates computed"
[1] ""
[[1]]
[[1]]$est
  delta        mu      mu_1      mu_0         de         se_1        se_0
1   0.5 0.4419582 0.2239030 0.6272616 -0.4033586  0.007713602  0.03311750
2   1.0 0.3554093 0.2161894 0.5941441 -0.3779547  0.000000000  0.00000000
3   2.0 0.2877251 0.2048970 0.5679130 -0.3630161 -0.011292463 -0.02623109
           oe         te
1  0.08654894 -0.3702411
2  0.00000000 -0.3779547
3 -0.06768421 -0.3892471

[[1]]$se
  delta         mu       mu_1       mu_0         de       se_1       se_0
1   0.5 0.03755225 0.03234999 0.05962901 0.06201113 0.01929132 0.02469668
2   1.0 0.03111143 0.03598657 0.05103772 0.05634650 0.00000000 0.00000000
3   2.0 0.03995395 0.05086502 0.05139182 0.06529144 0.02123798 0.02154751
          oe         te
1 0.02078512 0.05307207
2 0.00000000 0.05634650
3 0.02019579 0.06681561


[1] "Total run time was 27.192 seconds"
