WARNING: ignoring environment value of R_HOME

Attaching package: ‘dplyr’

The following objects are masked from ‘package:stats’:

    filter, lag

The following objects are masked from ‘package:base’:

    intersect, setdiff, setequal, union

Loading required package: splines
Loading required package: foreach
Loaded gam 1.20.2

Super Learner
Version: 2.0-28
Package created on 2021-05-04

Loading required package: lattice
Loading required package: ggplot2
Loading required package: Matrix
Loaded glmnet 4.1-7
Loading required package: Formula
Loading required package: plotmo
Loading required package: plotrix
Loading required package: TeachingDemos
Loaded gbm 2.1.8.1

Attaching package: ‘xgboost’

The following object is masked from ‘package:dplyr’:

    slice

[1] "[Simulation setting]"
[1] "m: 100"
[1] "deltas: 0.5, 1, 2"
[1] "Sim.id 1"
[1] "Data generated"
[1] "   Split: 1"
[1] "   Split: 2"
[1] "Estimates and SE estimates computed"
[1] ""
[[1]]
[[1]]$est
  delta        mu      mu_1      mu_0         de        se_1        se_0
1   0.5 0.4468024 0.2798327 0.5635252 -0.2836926  0.04268250  0.06414659
2   1.0 0.3445024 0.2371502 0.4993786 -0.2622285  0.00000000  0.00000000
3   2.0 0.2614096 0.1963999 0.4568938 -0.2604939 -0.04075023 -0.04248486
           oe         te
1  0.10229999 -0.2195460
2  0.00000000 -0.2622285
3 -0.08309278 -0.3029787

[[1]]$se
  delta         mu       mu_1       mu_0         de       se_1       se_0
1   0.5 0.04196932 0.03642523 0.06689541 0.07130612 0.01542134 0.03194663
2   1.0 0.03078282 0.03164830 0.04816488 0.05197589 0.00000000 0.00000000
3   2.0 0.03040506 0.03331481 0.04735136 0.05343560 0.01305480 0.02310930
          oe         te
1 0.02182399 0.05387062
2 0.00000000 0.05197589
3 0.01404235 0.05429579


[1] "Total run time was 35.296 seconds"
