WARNING: ignoring environment value of R_HOME

Attaching package: ‘dplyr’

The following objects are masked from ‘package:stats’:

    filter, lag

The following objects are masked from ‘package:base’:

    intersect, setdiff, setequal, union

Loading required package: splines
Loading required package: foreach
Loaded gam 1.20.2

Super Learner
Version: 2.0-28
Package created on 2021-05-04

Loading required package: lattice
Loading required package: ggplot2
Loading required package: Matrix
Loaded glmnet 4.1-7
Loading required package: Formula
Loading required package: plotmo
Loading required package: plotrix
Loading required package: TeachingDemos
Loaded gbm 2.1.8.1

Attaching package: ‘xgboost’

The following object is masked from ‘package:dplyr’:

    slice

[1] "[Simulation setting]"
[1] "m: 100"
[1] "deltas: 0.5, 1, 2"
[1] "Sim.id 1"
[1] "Data generated"
[1] "   Split: 1"
[1] "   Split: 2"
[1] "Estimates and SE estimates computed"
[1] ""
[[1]]
[[1]]$est
  delta        mu      mu_1      mu_0         de        se_1        se_0
1   0.5 0.4784092 0.3124976 0.5709149 -0.2584173  0.03658314  0.02931948
2   1.0 0.4032336 0.2759145 0.5415954 -0.2656809  0.00000000  0.00000000
3   2.0 0.3370096 0.2520278 0.5154002 -0.2633724 -0.02388668 -0.02619526
           oe         te
1  0.07517558 -0.2290978
2  0.00000000 -0.2656809
3 -0.06622398 -0.2895676

[[1]]$se
  delta         mu       mu_1       mu_0         de       se_1       se_0
1   0.5 0.04037110 0.04102167 0.04977948 0.05344922 0.01667234 0.01916036
2   1.0 0.03432588 0.03617917 0.04474837 0.04702754 0.00000000 0.00000000
3   2.0 0.03482409 0.03992260 0.04594346 0.05220567 0.01708140 0.01737040
          oe         te
1 0.01643947 0.04917899
2 0.00000000 0.04702754
3 0.01625055 0.05199587


[1] "Total run time was 24.825 seconds"
