WARNING: ignoring environment value of R_HOME

Attaching package: ‘dplyr’

The following objects are masked from ‘package:stats’:

    filter, lag

The following objects are masked from ‘package:base’:

    intersect, setdiff, setequal, union

Loading required package: splines
Loading required package: foreach
Loaded gam 1.20.2

Super Learner
Version: 2.0-28
Package created on 2021-05-04

Loading required package: lattice
Loading required package: ggplot2
Loading required package: Matrix
Loaded glmnet 4.1-7
Loading required package: Formula
Loading required package: plotmo
Loading required package: plotrix
Loading required package: TeachingDemos
Loaded gbm 2.1.8.1

Attaching package: ‘xgboost’

The following object is masked from ‘package:dplyr’:

    slice

[1] "[Simulation setting]"
[1] "m: 100"
[1] "deltas: 0.5, 1, 2"
[1] "Sim.id 1"
[1] "Data generated"
[1] "   Split: 1"
[1] "   Split: 2"
[1] "Estimates and SE estimates computed"
[1] ""
[[1]]
[[1]]$est
  delta        mu      mu_1      mu_0         de        se_1         se_0
1   0.5 0.3829848 0.2447333 0.4943191 -0.2495858  0.01545616  0.008781671
2   1.0 0.3302933 0.2292771 0.4855374 -0.2562603  0.00000000  0.000000000
3   2.0 0.2795155 0.2103380 0.4798782 -0.2695402 -0.01893918 -0.005659254
           oe         te
1  0.05269148 -0.2408041
2  0.00000000 -0.2562603
3 -0.05077781 -0.2751995

[[1]]$se
  delta         mu       mu_1       mu_0         de       se_1       se_0
1   0.5 0.03545574 0.03571088 0.04410849 0.04941982 0.01593136 0.01751819
2   1.0 0.02944076 0.03132815 0.04274336 0.04971919 0.00000000 0.00000000
3   2.0 0.02904697 0.03330938 0.04691286 0.05772683 0.01385743 0.01704667
          oe         te
1 0.01532098 0.04876753
2 0.00000000 0.04971919
3 0.01454198 0.05316841


[1] "Total run time was 25.049 seconds"
