WARNING: ignoring environment value of R_HOME

Attaching package: ‘dplyr’

The following objects are masked from ‘package:stats’:

    filter, lag

The following objects are masked from ‘package:base’:

    intersect, setdiff, setequal, union

Loading required package: splines
Loading required package: foreach
Loaded gam 1.20.2

Super Learner
Version: 2.0-28
Package created on 2021-05-04

Loading required package: lattice
Loading required package: ggplot2
Loading required package: Matrix
Loaded glmnet 4.1-7
Loading required package: Formula
Loading required package: plotmo
Loading required package: plotrix
Loading required package: TeachingDemos
Loaded gbm 2.1.8.1

Attaching package: ‘xgboost’

The following object is masked from ‘package:dplyr’:

    slice

[1] "[Simulation setting]"
[1] "m: 100"
[1] "deltas: 0.5, 1, 2"
[1] "Sim.id 1"
[1] "Data generated"
[1] "   Split: 1"
[1] "   Split: 2"
[1] "Estimates and SE estimates computed"
[1] ""
[[1]]
[[1]]$est
  delta        mu      mu_1      mu_0         de         se_1        se_0
1   0.5 0.4936112 0.2768013 0.6681148 -0.3913134 -0.001833586  0.07255367
2   1.0 0.4041267 0.2786349 0.5955611 -0.3169262  0.000000000  0.00000000
3   2.0 0.3445747 0.2758770 0.5362587 -0.2603818 -0.002757932 -0.05930235
           oe         te
1  0.08948449 -0.3187598
2  0.00000000 -0.3169262
3 -0.05955205 -0.3196841

[[1]]$se
  delta         mu       mu_1       mu_0         de       se_1       se_0
1   0.5 0.04136027 0.03591086 0.05859873 0.06414912 0.01486805 0.02910967
2   1.0 0.03222527 0.03416189 0.04432534 0.05070033 0.00000000 0.00000000
3   2.0 0.03321827 0.03863250 0.04622086 0.05527159 0.01508102 0.01956013
          oe         te
1 0.02043901 0.05171801
2 0.00000000 0.05070033
3 0.01539255 0.05369169


[1] "Total run time was 21.506 seconds"
