WARNING: ignoring environment value of R_HOME

Attaching package: ‘dplyr’

The following objects are masked from ‘package:stats’:

    filter, lag

The following objects are masked from ‘package:base’:

    intersect, setdiff, setequal, union

Loading required package: splines
Loading required package: foreach
Loaded gam 1.20.2

Super Learner
Version: 2.0-28
Package created on 2021-05-04

Loading required package: lattice
Loading required package: ggplot2
Loading required package: Matrix
Loaded glmnet 4.1-7
Loading required package: Formula
Loading required package: plotmo
Loading required package: plotrix
Loading required package: TeachingDemos
Loaded gbm 2.1.8.1

Attaching package: ‘xgboost’

The following object is masked from ‘package:dplyr’:

    slice

[1] "[Simulation setting]"
[1] "m: 100"
[1] "deltas: 0.5, 1, 2"
[1] "Sim.id 1"
[1] "Data generated"
[1] "   Split: 1"
[1] "   Split: 2"
[1] "Estimates and SE estimates computed"
[1] ""
[[1]]
[[1]]$est
  delta        mu      mu_1      mu_0         de         se_1        se_0
1   0.5 0.4596692 0.2981821 0.5732249 -0.2750428  0.003358348  0.03490661
2   1.0 0.3877155 0.2948238 0.5383183 -0.2434945  0.000000000  0.00000000
3   2.0 0.3379332 0.2914386 0.5065634 -0.2151248 -0.003385168 -0.03175492
           oe         te
1  0.07195367 -0.2401362
2  0.00000000 -0.2434945
3 -0.04978237 -0.2468797

[[1]]$se
  delta         mu       mu_1       mu_0         de       se_1       se_0
1   0.5 0.04602663 0.04468847 0.06772561 0.07807495 0.01839953 0.02777127
2   1.0 0.03580876 0.03930398 0.05859703 0.06581163 0.00000000 0.00000000
3   2.0 0.03488366 0.04073943 0.06065017 0.06915058 0.01525772 0.02244145
          oe         te
1 0.02082272 0.07121713
2 0.00000000 0.06581163
3 0.01597029 0.06556970


[1] "Total run time was 27.555 seconds"
