WARNING: ignoring environment value of R_HOME

Attaching package: ‘dplyr’

The following objects are masked from ‘package:stats’:

    filter, lag

The following objects are masked from ‘package:base’:

    intersect, setdiff, setequal, union

Loading required package: splines
Loading required package: foreach
Loaded gam 1.20.2

Super Learner
Version: 2.0-28
Package created on 2021-05-04

Loading required package: lattice
Loading required package: ggplot2
Loading required package: Matrix
Loaded glmnet 4.1-7
Loading required package: Formula
Loading required package: plotmo
Loading required package: plotrix
Loading required package: TeachingDemos
Loaded gbm 2.1.8.1

Attaching package: ‘xgboost’

The following object is masked from ‘package:dplyr’:

    slice

[1] "[Simulation setting]"
[1] "m: 100"
[1] "deltas: 0.5, 1, 2"
[1] "Sim.id 1"
[1] "Data generated"
[1] "   Split: 1"
[1] "   Split: 2"
[1] "Estimates and SE estimates computed"
[1] ""
[[1]]
[[1]]$est
  delta        mu      mu_1      mu_0         de        se_1        se_0
1   0.5 0.4800938 0.2834294 0.6180162 -0.3345868  0.01838276  0.01976754
2   1.0 0.4061334 0.2650467 0.5982487 -0.3332020  0.00000000  0.00000000
3   2.0 0.3403968 0.2519999 0.5810890 -0.3290891 -0.01304675 -0.01715964
           oe         te
1  0.07396045 -0.3148193
2  0.00000000 -0.3332020
3 -0.06573663 -0.3462488

[[1]]$se
  delta         mu       mu_1       mu_0         de       se_1       se_0
1   0.5 0.03413126 0.03833560 0.04737650 0.05504614 0.01550922 0.01635042
2   1.0 0.03150460 0.03346558 0.04808159 0.05291829 0.00000000 0.00000000
3   2.0 0.03138069 0.03443269 0.05259724 0.05826139 0.01356666 0.01836733
          oe         te
1 0.01251092 0.05452855
2 0.00000000 0.05291829
3 0.01297676 0.05469165


[1] "Total run time was 19.065 seconds"
