WARNING: ignoring environment value of R_HOME

Attaching package: ‘dplyr’

The following objects are masked from ‘package:stats’:

    filter, lag

The following objects are masked from ‘package:base’:

    intersect, setdiff, setequal, union

Loading required package: splines
Loading required package: foreach
Loaded gam 1.20.2

Super Learner
Version: 2.0-28
Package created on 2021-05-04

Loading required package: lattice
Loading required package: ggplot2
Loading required package: Matrix
Loaded glmnet 4.1-7
Loading required package: Formula
Loading required package: plotmo
Loading required package: plotrix
Loading required package: TeachingDemos
Loaded gbm 2.1.8.1

Attaching package: ‘xgboost’

The following object is masked from ‘package:dplyr’:

    slice

[1] "[Simulation setting]"
[1] "m: 100"
[1] "deltas: 0.5, 1, 2"
[1] "Sim.id 1"
[1] "Data generated"
[1] "   Split: 1"
[1] "   Split: 2"
[1] "Estimates and SE estimates computed"
[1] ""
[[1]]
[[1]]$est
  delta        mu      mu_1      mu_0         de        se_1         se_0
1   0.5 0.4039933 0.3105403 0.4594508 -0.1489105  0.03845869 -0.008317643
2   1.0 0.3595431 0.2720816 0.4677684 -0.1956868  0.00000000  0.000000000
3   2.0 0.3171894 0.2508918 0.4853263 -0.2344345 -0.02118984  0.017557896
           oe         te
1  0.04445014 -0.1572281
2  0.00000000 -0.1956868
3 -0.04235372 -0.2168767

[[1]]$se
  delta         mu       mu_1       mu_0         de       se_1       se_0
1   0.5 0.03848357 0.04262179 0.05421594 0.06846342 0.01836439 0.02060571
2   1.0 0.03231947 0.03562878 0.04991441 0.05926792 0.00000000 0.00000000
3   2.0 0.03136925 0.03523164 0.05171346 0.06053391 0.01423108 0.02028521
          oe         te
1 0.01678903 0.06517702
2 0.00000000 0.05926792
3 0.01371899 0.05789768


[1] "Total run time was 28.406 seconds"
