WARNING: ignoring environment value of R_HOME

Attaching package: ‘dplyr’

The following objects are masked from ‘package:stats’:

    filter, lag

The following objects are masked from ‘package:base’:

    intersect, setdiff, setequal, union

Loading required package: splines
Loading required package: foreach
Loaded gam 1.20.2

Super Learner
Version: 2.0-28
Package created on 2021-05-04

Loading required package: lattice
Loading required package: ggplot2
Loading required package: Matrix
Loaded glmnet 4.1-7
Loading required package: Formula
Loading required package: plotmo
Loading required package: plotrix
Loading required package: TeachingDemos
Loaded gbm 2.1.8.1

Attaching package: ‘xgboost’

The following object is masked from ‘package:dplyr’:

    slice

[1] "[Simulation setting]"
[1] "m: 100"
[1] "deltas: 0.5, 1, 2"
[1] "Sim.id 1"
[1] "Data generated"
[1] "   Split: 1"
[1] "   Split: 2"
[1] "Estimates and SE estimates computed"
[1] ""
[[1]]
[[1]]$est
  delta        mu      mu_1      mu_0         de        se_1        se_0
1   0.5 0.4720164 0.2410868 0.6194223 -0.3783355  0.02597146  0.02723473
2   1.0 0.3751977 0.2151153 0.5921875 -0.3770722  0.00000000  0.00000000
3   2.0 0.2976696 0.2001954 0.5679504 -0.3677550 -0.01491997 -0.02423717
           oe         te
1  0.09681874 -0.3511007
2  0.00000000 -0.3770722
3 -0.07752802 -0.3919922

[[1]]$se
  delta         mu       mu_1       mu_0         de       se_1       se_0
1   0.5 0.03879433 0.03691391 0.05079350 0.05792375 0.01570531 0.02297673
2   1.0 0.03173513 0.03038310 0.04430698 0.05111814 0.00000000 0.00000000
3   2.0 0.02909953 0.03052725 0.04787109 0.05608301 0.01221968 0.01975237
          oe         te
1 0.01617183 0.05414768
2 0.00000000 0.05111814
3 0.01323325 0.05193663


[1] "Total run time was 52.505 seconds"
