WARNING: ignoring environment value of R_HOME

Attaching package: ‘dplyr’

The following objects are masked from ‘package:stats’:

    filter, lag

The following objects are masked from ‘package:base’:

    intersect, setdiff, setequal, union

Loading required package: splines
Loading required package: foreach
Loaded gam 1.20.2

Super Learner
Version: 2.0-28
Package created on 2021-05-04

Loading required package: lattice
Loading required package: ggplot2
Loading required package: Matrix
Loaded glmnet 4.1-7
Loading required package: Formula
Loading required package: plotmo
Loading required package: plotrix
Loading required package: TeachingDemos
Loaded gbm 2.1.8.1

Attaching package: ‘xgboost’

The following object is masked from ‘package:dplyr’:

    slice

[1] "[Simulation setting]"
[1] "m: 100"
[1] "deltas: 0.5, 1, 2"
[1] "Sim.id 1"
[1] "Data generated"
[1] "   Split: 1"
[1] "   Split: 2"
[1] "Estimates and SE estimates computed"
[1] ""
[[1]]
[[1]]$est
  delta        mu      mu_1      mu_0         de        se_1        se_0
1   0.5 0.4442213 0.2503415 0.6061760 -0.3558345  0.03908820  0.01288444
2   1.0 0.3606398 0.2112533 0.5932916 -0.3820383  0.00000000  0.00000000
3   2.0 0.2695607 0.1579726 0.5800357 -0.4220631 -0.05328067 -0.01325587
           oe         te
1  0.08358150 -0.3429501
2  0.00000000 -0.3820383
3 -0.09107916 -0.4353189

[[1]]$se
  delta         mu       mu_1       mu_0         de       se_1       se_0
1   0.5 0.04270166 0.03416464 0.07136376 0.07685957 0.01752704 0.03428986
2   1.0 0.03155294 0.03657199 0.05240037 0.06027282 0.00000000 0.00000000
3   2.0 0.03758069 0.05233976 0.05375610 0.07034560 0.02536304 0.02538350
          oe         te
1 0.02402747 0.05961712
2 0.00000000 0.06027282
3 0.02009286 0.07069870


[1] "Total run time was 15.351 seconds"
