WARNING: ignoring environment value of R_HOME

Attaching package: ‘dplyr’

The following objects are masked from ‘package:stats’:

    filter, lag

The following objects are masked from ‘package:base’:

    intersect, setdiff, setequal, union

Loading required package: splines
Loading required package: foreach
Loaded gam 1.20.2

Super Learner
Version: 2.0-28
Package created on 2021-05-04

Loading required package: lattice
Loading required package: ggplot2
Loading required package: Matrix
Loaded glmnet 4.1-7
Loading required package: Formula
Loading required package: plotmo
Loading required package: plotrix
Loading required package: TeachingDemos
Loaded gbm 2.1.8.1

Attaching package: ‘xgboost’

The following object is masked from ‘package:dplyr’:

    slice

[1] "[Simulation setting]"
[1] "m: 100"
[1] "deltas: 0.5, 1, 2"
[1] "Sim.id 1"
[1] "Data generated"
[1] "   Split: 1"
[1] "   Split: 2"
[1] "Estimates and SE estimates computed"
[1] ""
[[1]]
[[1]]$est
  delta        mu      mu_1      mu_0         de         se_1        se_0
1   0.5 0.3654472 0.1861974 0.5335061 -0.3473087  0.008657962  0.01938873
2   1.0 0.2934343 0.1775394 0.5141174 -0.3365780  0.000000000  0.00000000
3   2.0 0.2412644 0.1749075 0.4953203 -0.3204128 -0.002631891 -0.01879703
           oe         te
1  0.07201289 -0.3279200
2  0.00000000 -0.3365780
3 -0.05216992 -0.3392099

[[1]]$se
  delta         mu       mu_1       mu_0         de       se_1       se_0
1   0.5 0.03854986 0.03727160 0.05503479 0.05809342 0.01673368 0.01995171
2   1.0 0.03041163 0.03140923 0.05209030 0.05603758 0.00000000 0.00000000
3   2.0 0.02821471 0.03287365 0.05269280 0.05978219 0.01332530 0.01881300
          oe         te
1 0.01561586 0.05645237
2 0.00000000 0.05603758
3 0.01422076 0.05820743


[1] "Total run time was 17.228 seconds"
