WARNING: ignoring environment value of R_HOME

Attaching package: ‘dplyr’

The following objects are masked from ‘package:stats’:

    filter, lag

The following objects are masked from ‘package:base’:

    intersect, setdiff, setequal, union

Loading required package: splines
Loading required package: foreach
Loaded gam 1.20.2

Super Learner
Version: 2.0-28
Package created on 2021-05-04

Loading required package: lattice
Loading required package: ggplot2
Loading required package: Matrix
Loaded glmnet 4.1-7
Loading required package: Formula
Loading required package: plotmo
Loading required package: plotrix
Loading required package: TeachingDemos
Loaded gbm 2.1.8.1

Attaching package: ‘xgboost’

The following object is masked from ‘package:dplyr’:

    slice

[1] "[Simulation setting]"
[1] "m: 100"
[1] "deltas: 0.5, 1, 2"
[1] "Sim.id 1"
[1] "Data generated"
[1] "   Split: 1"
[1] "   Split: 2"
[1] "Estimates and SE estimates computed"
[1] ""
[[1]]
[[1]]$est
  delta        mu      mu_1      mu_0         de        se_1        se_0
1   0.5 0.4606171 0.2650729 0.5806663 -0.3155935  0.03620923  0.02261257
2   1.0 0.3803259 0.2288636 0.5580538 -0.3291901  0.00000000  0.00000000
3   2.0 0.3012548 0.1931180 0.5424136 -0.3492956 -0.03574567 -0.01564022
           oe         te
1  0.08029117 -0.2929809
2  0.00000000 -0.3291901
3 -0.07907107 -0.3649358

[[1]]$se
  delta         mu       mu_1       mu_0         de       se_1       se_0
1   0.5 0.04032297 0.03913534 0.05529327 0.05621670 0.01843195 0.02428100
2   1.0 0.03387525 0.03647837 0.04586455 0.04740989 0.00000000 0.00000000
3   2.0 0.03726271 0.04406663 0.04722367 0.05457788 0.01866260 0.01949021
          oe         te
1 0.01824133 0.04881336
2 0.00000000 0.04740989
3 0.01682272 0.05316007


[1] "Total run time was 18.799 seconds"
