WARNING: ignoring environment value of R_HOME

Attaching package: ‘dplyr’

The following objects are masked from ‘package:stats’:

    filter, lag

The following objects are masked from ‘package:base’:

    intersect, setdiff, setequal, union

Loading required package: splines
Loading required package: foreach
Loaded gam 1.20.2

Super Learner
Version: 2.0-28
Package created on 2021-05-04

Loading required package: lattice
Loading required package: ggplot2
Loading required package: Matrix
Loaded glmnet 4.1-7
Loading required package: Formula
Loading required package: plotmo
Loading required package: plotrix
Loading required package: TeachingDemos
Loaded gbm 2.1.8.1

Attaching package: ‘xgboost’

The following object is masked from ‘package:dplyr’:

    slice

[1] "[Simulation setting]"
[1] "m: 100"
[1] "deltas: 0.5, 1, 2"
[1] "Sim.id 1"
[1] "Data generated"
[1] "   Split: 1"
[1] "   Split: 2"
[1] "Estimates and SE estimates computed"
[1] ""
[[1]]
[[1]]$est
  delta        mu      mu_1      mu_0         de        se_1        se_0
1   0.5 0.4497410 0.2484745 0.6158088 -0.3673343  0.03033396  0.03511556
2   1.0 0.3519933 0.2181405 0.5806933 -0.3625527  0.00000000  0.00000000
3   2.0 0.2799513 0.2006434 0.5583383 -0.3576949 -0.01749715 -0.02235495
           oe         te
1  0.09774766 -0.3322188
2  0.00000000 -0.3625527
3 -0.07204205 -0.3800499

[[1]]$se
  delta         mu       mu_1       mu_0         de       se_1       se_0
1   0.5 0.03548978 0.03724177 0.04416828 0.05629155 0.01461336 0.01566588
2   1.0 0.03084971 0.03117471 0.04607768 0.05188584 0.00000000 0.00000000
3   2.0 0.02825158 0.03002656 0.05165505 0.05566527 0.01091162 0.01659145
          oe         te
1 0.01102365 0.05787996
2 0.00000000 0.05188584
3 0.01076096 0.04967029


[1] "Total run time was 30.095 seconds"
