WARNING: ignoring environment value of R_HOME

Attaching package: ‘dplyr’

The following objects are masked from ‘package:stats’:

    filter, lag

The following objects are masked from ‘package:base’:

    intersect, setdiff, setequal, union

Loading required package: splines
Loading required package: foreach
Loaded gam 1.20.2

Super Learner
Version: 2.0-28
Package created on 2021-05-04

Loading required package: lattice
Loading required package: ggplot2
Loading required package: Matrix
Loaded glmnet 4.1-7
Loading required package: Formula
Loading required package: plotmo
Loading required package: plotrix
Loading required package: TeachingDemos
Loaded gbm 2.1.8.1

Attaching package: ‘xgboost’

The following object is masked from ‘package:dplyr’:

    slice

[1] "[Simulation setting]"
[1] "m: 100"
[1] "deltas: 0.5, 1, 2"
[1] "Sim.id 1"
[1] "Data generated"
[1] "   Split: 1"
[1] "   Split: 2"
[1] "Estimates and SE estimates computed"
[1] ""
[[1]]
[[1]]$est
  delta        mu      mu_1      mu_0         de         se_1        se_0
1   0.5 0.4121758 0.1935088 0.5474344 -0.3539256  0.009687861  0.01518590
2   1.0 0.3428972 0.1838209 0.5322485 -0.3484276  0.000000000  0.00000000
3   2.0 0.2822511 0.1783502 0.5204685 -0.3421183 -0.005470688 -0.01177996
           oe         te
1  0.06927863 -0.3387397
2  0.00000000 -0.3484276
3 -0.06064607 -0.3538983

[[1]]$se
  delta         mu       mu_1       mu_0         de       se_1       se_0
1   0.5 0.03652447 0.03321793 0.05943142 0.06609975 0.01385115 0.01999895
2   1.0 0.03020278 0.02642054 0.05173231 0.05454460 0.00000000 0.00000000
3   2.0 0.02671645 0.02461549 0.04919571 0.05039497 0.01034302 0.01913290
          oe         te
1 0.01422190 0.05922865
2 0.00000000 0.05454460
3 0.01084492 0.05296416


[1] "Total run time was 23.571 seconds"
