WARNING: ignoring environment value of R_HOME

Attaching package: ‘dplyr’

The following objects are masked from ‘package:stats’:

    filter, lag

The following objects are masked from ‘package:base’:

    intersect, setdiff, setequal, union

Loading required package: splines
Loading required package: foreach
Loaded gam 1.20.2

Super Learner
Version: 2.0-28
Package created on 2021-05-04

Loading required package: lattice
Loading required package: ggplot2
Loading required package: Matrix
Loaded glmnet 4.1-7
Loading required package: Formula
Loading required package: plotmo
Loading required package: plotrix
Loading required package: TeachingDemos
Loaded gbm 2.1.8.1

Attaching package: ‘xgboost’

The following object is masked from ‘package:dplyr’:

    slice

[1] "[Simulation setting]"
[1] "m: 100"
[1] "deltas: 0.5, 1, 2"
[1] "Sim.id 1"
[1] "Data generated"
[1] "   Split: 1"
[1] "   Split: 2"
[1] "Estimates and SE estimates computed"
[1] ""
[[1]]
[[1]]$est
  delta        mu      mu_1      mu_0         de        se_1        se_0
1   0.5 0.4756973 0.2504676 0.6271088 -0.3766412  0.03206627  0.06539720
2   1.0 0.3560046 0.2184013 0.5617116 -0.3433103  0.00000000  0.00000000
3   2.0 0.2750878 0.1982855 0.5253311 -0.3270456 -0.02011583 -0.03638053
          oe         te
1  0.1196927 -0.3112440
2  0.0000000 -0.3433103
3 -0.0809168 -0.3634261

[[1]]$se
  delta         mu       mu_1       mu_0         de       se_1       se_0
1   0.5 0.04258321 0.03450469 0.06671439 0.06782949 0.01432672 0.03302698
2   1.0 0.03184919 0.03054697 0.05394535 0.05543443 0.00000000 0.00000000
3   2.0 0.03033557 0.03299955 0.05885177 0.06282090 0.01334804 0.02439437
          oe         te
1 0.02143076 0.05524411
2 0.00000000 0.05543443
3 0.01465364 0.05862787


[1] "Total run time was 24.864 seconds"
