WARNING: ignoring environment value of R_HOME

Attaching package: ‘dplyr’

The following objects are masked from ‘package:stats’:

    filter, lag

The following objects are masked from ‘package:base’:

    intersect, setdiff, setequal, union

Loading required package: splines
Loading required package: foreach
Loaded gam 1.20.2

Super Learner
Version: 2.0-28
Package created on 2021-05-04

Loading required package: lattice
Loading required package: ggplot2
Loading required package: Matrix
Loaded glmnet 4.1-7
Loading required package: Formula
Loading required package: plotmo
Loading required package: plotrix
Loading required package: TeachingDemos
Loaded gbm 2.1.8.1

Attaching package: ‘xgboost’

The following object is masked from ‘package:dplyr’:

    slice

[1] "[Simulation setting]"
[1] "m: 100"
[1] "deltas: 0.5, 1, 2"
[1] "Sim.id 1"
[1] "Data generated"
[1] "   Split: 1"
[1] "   Split: 2"
[1] "Estimates and SE estimates computed"
[1] ""
[[1]]
[[1]]$est
  delta        mu      mu_1      mu_0         de        se_1        se_0
1   0.5 0.4560732 0.2469636 0.6253927 -0.3784291  0.03159012  0.03706873
2   1.0 0.3610156 0.2153735 0.5883239 -0.3729505  0.00000000  0.00000000
3   2.0 0.2757033 0.1813590 0.5528393 -0.3714803 -0.03401451 -0.03548465
           oe         te
1  0.09505757 -0.3413603
2  0.00000000 -0.3729505
3 -0.08531227 -0.4069650

[[1]]$se
  delta         mu       mu_1       mu_0         de       se_1       se_0
1   0.5 0.04101911 0.03708631 0.05634471 0.05251601 0.01804076 0.02013263
2   1.0 0.03428819 0.03579061 0.04891868 0.05223297 0.00000000 0.00000000
3   2.0 0.03617648 0.04541173 0.04777445 0.06177200 0.02034543 0.01781977
          oe         te
1 0.01722394 0.04763083
2 0.00000000 0.05223297
3 0.01866986 0.06242095


[1] "Total run time was 35.221 seconds"
