WARNING: ignoring environment value of R_HOME

Attaching package: ‘dplyr’

The following objects are masked from ‘package:stats’:

    filter, lag

The following objects are masked from ‘package:base’:

    intersect, setdiff, setequal, union

Loading required package: splines
Loading required package: foreach
Loaded gam 1.20.2

Super Learner
Version: 2.0-28
Package created on 2021-05-04

Loading required package: lattice
Loading required package: ggplot2
Loading required package: Matrix
Loaded glmnet 4.1-7
Loading required package: Formula
Loading required package: plotmo
Loading required package: plotrix
Loading required package: TeachingDemos
Loaded gbm 2.1.8.1

Attaching package: ‘xgboost’

The following object is masked from ‘package:dplyr’:

    slice

[1] "[Simulation setting]"
[1] "m: 100"
[1] "deltas: 0.5, 1, 2"
[1] "Sim.id 1"
[1] "Data generated"
[1] "   Split: 1"
[1] "   Split: 2"
[1] "Estimates and SE estimates computed"
[1] ""
[[1]]
[[1]]$est
  delta        mu      mu_1      mu_0         de        se_1         se_0
1   0.5 0.4349579 0.2753693 0.5033005 -0.2279312  0.04309938 -0.017959989
2   1.0 0.3597877 0.2322700 0.5212605 -0.2889906  0.00000000  0.000000000
3   2.0 0.2784903 0.1951118 0.5171911 -0.3220793 -0.03715818 -0.004069448
           oe         te
1  0.07517023 -0.2458912
2  0.00000000 -0.2889906
3 -0.08129739 -0.3261487

[[1]]$se
  delta         mu       mu_1       mu_0         de       se_1       se_0
1   0.5 0.04013314 0.04259419 0.07243395 0.08321080 0.01617332 0.03450304
2   1.0 0.03437682 0.03701605 0.05775983 0.06559569 0.00000000 0.00000000
3   2.0 0.03393136 0.03656798 0.06120682 0.06814108 0.01344682 0.02637078
          oe         te
1 0.01929238 0.06874584
2 0.00000000 0.06559569
3 0.01306452 0.06536936


[1] "Total run time was 32.438 seconds"
