WARNING: ignoring environment value of R_HOME

Attaching package: ‘dplyr’

The following objects are masked from ‘package:stats’:

    filter, lag

The following objects are masked from ‘package:base’:

    intersect, setdiff, setequal, union

Loading required package: splines
Loading required package: foreach
Loaded gam 1.20.2

Super Learner
Version: 2.0-28
Package created on 2021-05-04

Loading required package: lattice
Loading required package: ggplot2
Loading required package: Matrix
Loaded glmnet 4.1-7
Loading required package: Formula
Loading required package: plotmo
Loading required package: plotrix
Loading required package: TeachingDemos
Loaded gbm 2.1.8.1

Attaching package: ‘xgboost’

The following object is masked from ‘package:dplyr’:

    slice

[1] "[Simulation setting]"
[1] "m: 100"
[1] "deltas: 0.5, 1, 2"
[1] "Sim.id 1"
[1] "Data generated"
[1] "   Split: 1"
[1] "   Split: 2"
[1] "Estimates and SE estimates computed"
[1] ""
[[1]]
[[1]]$est
  delta        mu      mu_1      mu_0         de        se_1        se_0
1   0.5 0.4911708 0.2684181 0.6216809 -0.3532628  0.03693965  0.03362577
2   1.0 0.3871631 0.2314784 0.5880551 -0.3565767  0.00000000  0.00000000
3   2.0 0.2976055 0.2028187 0.5514555 -0.3486368 -0.02865970 -0.03659962
           oe         te
1  0.10400768 -0.3196370
2  0.00000000 -0.3565767
3 -0.08955756 -0.3852364

[[1]]$se
  delta         mu       mu_1       mu_0         de       se_1       se_0
1   0.5 0.03822676 0.04034122 0.04924180 0.06367728 0.01779167 0.02197707
2   1.0 0.03014454 0.03109512 0.04476925 0.05506121 0.00000000 0.00000000
3   2.0 0.02772744 0.02882117 0.04943241 0.05737008 0.01266818 0.01990768
          oe         te
1 0.01695719 0.06177242
2 0.00000000 0.05506121
3 0.01287140 0.05277031


[1] "Total run time was 16.747 seconds"
