WARNING: ignoring environment value of R_HOME

Attaching package: ‘dplyr’

The following objects are masked from ‘package:stats’:

    filter, lag

The following objects are masked from ‘package:base’:

    intersect, setdiff, setequal, union

Loading required package: splines
Loading required package: foreach
Loaded gam 1.20.2

Super Learner
Version: 2.0-28
Package created on 2021-05-04

Loading required package: lattice
Loading required package: ggplot2
Loading required package: Matrix
Loaded glmnet 4.1-7
Loading required package: Formula
Loading required package: plotmo
Loading required package: plotrix
Loading required package: TeachingDemos
Loaded gbm 2.1.8.1

Attaching package: ‘xgboost’

The following object is masked from ‘package:dplyr’:

    slice

[1] "[Simulation setting]"
[1] "m: 100"
[1] "deltas: 0.5, 1, 2"
[1] "Sim.id 1"
[1] "Data generated"
[1] "   Split: 1"
[1] "   Split: 2"
[1] "Estimates and SE estimates computed"
[1] ""
[[1]]
[[1]]$est
  delta        mu      mu_1      mu_0         de        se_1        se_0
1   0.5 0.5682717 0.3443264 0.7632920 -0.4189656  0.04784449  0.10924934
2   1.0 0.4370028 0.2964819 0.6540427 -0.3575608  0.00000000  0.00000000
3   2.0 0.3425782 0.2626209 0.5999073 -0.3372864 -0.03386102 -0.05413537
           oe         te
1  0.13126889 -0.3097163
2  0.00000000 -0.3575608
3 -0.09442464 -0.3914218

[[1]]$se
  delta         mu       mu_1       mu_0         de      se_1       se_0
1   0.5 0.04510818 0.04222322 0.10292542 0.11118322 0.0203124 0.06502187
2   1.0 0.03524336 0.04268720 0.05739655 0.06808097 0.0000000 0.00000000
3   2.0 0.04170341 0.05585562 0.05888609 0.07710182 0.0242008 0.03210802
          oe         te
1 0.02701170 0.07095210
2 0.00000000 0.06808097
3 0.01949467 0.07498106


[1] "Total run time was 15.32 seconds"
