WARNING: ignoring environment value of R_HOME

Attaching package: ‘dplyr’

The following objects are masked from ‘package:stats’:

    filter, lag

The following objects are masked from ‘package:base’:

    intersect, setdiff, setequal, union

Loading required package: splines
Loading required package: foreach
Loaded gam 1.20.2

Super Learner
Version: 2.0-28
Package created on 2021-05-04

Loading required package: lattice
Loading required package: ggplot2
Loading required package: Matrix
Loaded glmnet 4.1-7
Loading required package: Formula
Loading required package: plotmo
Loading required package: plotrix
Loading required package: TeachingDemos
Loaded gbm 2.1.8.1

Attaching package: ‘xgboost’

The following object is masked from ‘package:dplyr’:

    slice

[1] "[Simulation setting]"
[1] "m: 100"
[1] "deltas: 0.5, 1, 2"
[1] "Sim.id 1"
[1] "Data generated"
[1] "   Split: 1"
[1] "   Split: 2"
[1] "Estimates and SE estimates computed"
[1] ""
[[1]]
[[1]]$est
  delta        mu      mu_1      mu_0         de        se_1        se_0
1   0.5 0.4740428 0.2476023 0.5634702 -0.3158678  0.03405833  0.01214798
2   1.0 0.3886099 0.2135440 0.5513222 -0.3377782  0.00000000  0.00000000
3   2.0 0.2986146 0.1911624 0.5144245 -0.3232621 -0.02238160 -0.03689765
           oe         te
1  0.08543290 -0.3037199
2  0.00000000 -0.3377782
3 -0.08999536 -0.3601598

[[1]]$se
  delta         mu       mu_1       mu_0         de       se_1       se_0
1   0.5 0.04045042 0.04460072 0.06117755 0.07463818 0.01737523 0.03021123
2   1.0 0.03358539 0.03695066 0.04729872 0.05490548 0.00000000 0.00000000
3   2.0 0.03190897 0.03325274 0.05207289 0.05552583 0.01189342 0.02522883
          oe         te
1 0.01938760 0.06249328
2 0.00000000 0.05490548
3 0.01180091 0.05144291


[1] "Total run time was 32.479 seconds"
