WARNING: ignoring environment value of R_HOME

Attaching package: ‘dplyr’

The following objects are masked from ‘package:stats’:

    filter, lag

The following objects are masked from ‘package:base’:

    intersect, setdiff, setequal, union

Loading required package: splines
Loading required package: foreach
Loaded gam 1.20.2

Super Learner
Version: 2.0-28
Package created on 2021-05-04

Loading required package: lattice
Loading required package: ggplot2
Loading required package: Matrix
Loaded glmnet 4.1-7
Loading required package: Formula
Loading required package: plotmo
Loading required package: plotrix
Loading required package: TeachingDemos
Loaded gbm 2.1.8.1

Attaching package: ‘xgboost’

The following object is masked from ‘package:dplyr’:

    slice

[1] "[Simulation setting]"
[1] "m: 100"
[1] "deltas: 0.5, 1, 2"
[1] "Sim.id 1"
[1] "Data generated"
[1] "   Split: 1"
[1] "   Split: 2"
[1] "Estimates and SE estimates computed"
[1] ""
[[1]]
[[1]]$est
  delta        mu      mu_1      mu_0         de         se_1        se_0
1   0.5 0.4218563 0.2118088 0.5679755 -0.3561667  0.008457746  0.02751175
2   1.0 0.3452785 0.2033511 0.5404638 -0.3371127  0.000000000  0.00000000
3   2.0 0.2791108 0.1886881 0.5215614 -0.3328732 -0.014662936 -0.01890242
           oe         te
1  0.07657775 -0.3286550
2  0.00000000 -0.3371127
3 -0.06616770 -0.3517756

[[1]]$se
  delta         mu       mu_1       mu_0         de       se_1       se_0
1   0.5 0.03410755 0.03229105 0.04475186 0.04846501 0.01612295 0.01684778
2   1.0 0.02897159 0.03166648 0.04451381 0.05060999 0.00000000 0.00000000
3   2.0 0.03337273 0.03926188 0.04840669 0.05965147 0.01499721 0.01825615
          oe         te
1 0.01594287 0.04889899
2 0.00000000 0.05060999
3 0.01593322 0.05622047


[1] "Total run time was 27.905 seconds"
