WARNING: ignoring environment value of R_HOME

Attaching package: ‘dplyr’

The following objects are masked from ‘package:stats’:

    filter, lag

The following objects are masked from ‘package:base’:

    intersect, setdiff, setequal, union

Loading required package: splines
Loading required package: foreach
Loaded gam 1.20.2

Super Learner
Version: 2.0-28
Package created on 2021-05-04

Loading required package: lattice
Loading required package: ggplot2
Loading required package: Matrix
Loaded glmnet 4.1-7
Loading required package: Formula
Loading required package: plotmo
Loading required package: plotrix
Loading required package: TeachingDemos
Loaded gbm 2.1.8.1

Attaching package: ‘xgboost’

The following object is masked from ‘package:dplyr’:

    slice

[1] "[Simulation setting]"
[1] "m: 100"
[1] "deltas: 0.5, 1, 2"
[1] "Sim.id 1"
[1] "Data generated"
[1] "   Split: 1"
[1] "   Split: 2"
[1] "Estimates and SE estimates computed"
[1] ""
[[1]]
[[1]]$est
  delta        mu      mu_1      mu_0         de        se_1         se_0
1   0.5 0.4097015 0.2881069 0.4922775 -0.2041706  0.02404022 -0.005385688
2   1.0 0.3619227 0.2640667 0.4976632 -0.2335965  0.00000000  0.000000000
3   2.0 0.3135180 0.2502495 0.4887857 -0.2385362 -0.01381718 -0.008877471
           oe         te
1  0.04777882 -0.2095562
2  0.00000000 -0.2335965
3 -0.04840471 -0.2474136

[[1]]$se
  delta         mu       mu_1       mu_0         de       se_1       se_0
1   0.5 0.03542776 0.03672263 0.04944704 0.05428256 0.01691265 0.02145696
2   1.0 0.03032699 0.03459406 0.04512185 0.05028930 0.00000000 0.00000000
3   2.0 0.03408881 0.04192653 0.04866443 0.05966571 0.01700534 0.01918022
          oe         te
1 0.01734363 0.04901470
2 0.00000000 0.05028930
3 0.01630656 0.05680531


[1] "Total run time was 27.781 seconds"
