WARNING: ignoring environment value of R_HOME

Attaching package: ‘dplyr’

The following objects are masked from ‘package:stats’:

    filter, lag

The following objects are masked from ‘package:base’:

    intersect, setdiff, setequal, union

Loading required package: splines
Loading required package: foreach
Loaded gam 1.20.2

Super Learner
Version: 2.0-28
Package created on 2021-05-04

Loading required package: lattice
Loading required package: ggplot2
Loading required package: Matrix
Loaded glmnet 4.1-7
Loading required package: Formula
Loading required package: plotmo
Loading required package: plotrix
Loading required package: TeachingDemos
Loaded gbm 2.1.8.1

Attaching package: ‘xgboost’

The following object is masked from ‘package:dplyr’:

    slice

[1] "[Simulation setting]"
[1] "m: 100"
[1] "deltas: 0.5, 1, 2"
[1] "Sim.id 1"
[1] "Data generated"
[1] "   Split: 1"
[1] "   Split: 2"
[1] "Estimates and SE estimates computed"
[1] ""
[[1]]
[[1]]$est
  delta        mu      mu_1      mu_0         de        se_1        se_0
1   0.5 0.4127218 0.2506803 0.5578328 -0.3071526  0.02225953  0.02618802
2   1.0 0.3425131 0.2284208 0.5316448 -0.3032241  0.00000000  0.00000000
3   2.0 0.2876485 0.2137605 0.5168633 -0.3031028 -0.01466026 -0.01478152
           oe         te
1  0.07020877 -0.2809645
2  0.00000000 -0.3032241
3 -0.05486453 -0.3178843

[[1]]$se
  delta         mu       mu_1       mu_0         de       se_1       se_0
1   0.5 0.03547038 0.03489863 0.05287226 0.06100520 0.01534976 0.02271509
2   1.0 0.03056582 0.03233049 0.04891335 0.05509019 0.00000000 0.00000000
3   2.0 0.03242464 0.03563265 0.05511028 0.06272629 0.01364896 0.02104452
          oe         te
1 0.01595507 0.05823403
2 0.00000000 0.05509019
3 0.01379320 0.05673007


[1] "Total run time was 30.737 seconds"
