WARNING: ignoring environment value of R_HOME

Attaching package: ‘dplyr’

The following objects are masked from ‘package:stats’:

    filter, lag

The following objects are masked from ‘package:base’:

    intersect, setdiff, setequal, union

Loading required package: splines
Loading required package: foreach
Loaded gam 1.20.2

Super Learner
Version: 2.0-28
Package created on 2021-05-04

Loading required package: lattice
Loading required package: ggplot2
Loading required package: Matrix
Loaded glmnet 4.1-7
Loading required package: Formula
Loading required package: plotmo
Loading required package: plotrix
Loading required package: TeachingDemos
Loaded gbm 2.1.8.1

Attaching package: ‘xgboost’

The following object is masked from ‘package:dplyr’:

    slice

[1] "[Simulation setting]"
[1] "m: 100"
[1] "deltas: 0.5, 1, 2"
[1] "Sim.id 1"
[1] "Data generated"
[1] "   Split: 1"
[1] "   Split: 2"
[1] "Estimates and SE estimates computed"
[1] ""
[[1]]
[[1]]$est
  delta        mu      mu_1      mu_0         de         se_1        se_0
1   0.5 0.4358855 0.1754117 0.6550187 -0.4796070 0.0038192032  0.04051505
2   1.0 0.3383177 0.1715925 0.6145037 -0.4429112 0.0000000000  0.00000000
3   2.0 0.2638080 0.1721771 0.5730627 -0.4008857 0.0005845656 -0.04144095
           oe         te
1  0.09756775 -0.4390920
2  0.00000000 -0.4429112
3 -0.07450975 -0.4423266

[[1]]$se
  delta         mu       mu_1       mu_0         de       se_1       se_0
1   0.5 0.03887819 0.03059752 0.06229306 0.06551467 0.01466796 0.02789002
2   1.0 0.03055304 0.02892611 0.05013815 0.05396333 0.00000000 0.00000000
3   2.0 0.03172219 0.03430879 0.04945066 0.05744974 0.01273095 0.02114358
          oe         te
1 0.01992308 0.05307369
2 0.00000000 0.05396333
3 0.01583050 0.05902834


[1] "Total run time was 17.717 seconds"
