WARNING: ignoring environment value of R_HOME

Attaching package: ‘dplyr’

The following objects are masked from ‘package:stats’:

    filter, lag

The following objects are masked from ‘package:base’:

    intersect, setdiff, setequal, union

Loading required package: splines
Loading required package: foreach
Loaded gam 1.20.2

Super Learner
Version: 2.0-28
Package created on 2021-05-04

Loading required package: lattice
Loading required package: ggplot2
Loading required package: Matrix
Loaded glmnet 4.1-7
Loading required package: Formula
Loading required package: plotmo
Loading required package: plotrix
Loading required package: TeachingDemos
Loaded gbm 2.1.8.1

Attaching package: ‘xgboost’

The following object is masked from ‘package:dplyr’:

    slice

[1] "[Simulation setting]"
[1] "m: 100"
[1] "deltas: 0.5, 1, 2"
[1] "Sim.id 1"
[1] "Data generated"
[1] "   Split: 1"
[1] "   Split: 2"
[1] "Estimates and SE estimates computed"
[1] ""
[[1]]
[[1]]$est
  delta        mu      mu_1      mu_0         de        se_1        se_0
1   0.5 0.3980754 0.2880795 0.4925547 -0.2044752  0.01744596  0.01181650
2   1.0 0.3492868 0.2706335 0.4807382 -0.2101047  0.00000000  0.00000000
3   2.0 0.3026279 0.2517750 0.4624235 -0.2106485 -0.01885847 -0.01831467
           oe         te
1  0.04878862 -0.1926587
2  0.00000000 -0.2101047
3 -0.04665890 -0.2289632

[[1]]$se
  delta         mu       mu_1       mu_0         de       se_1       se_0
1   0.5 0.03722037 0.03804969 0.06012418 0.07076924 0.01524322 0.02417797
2   1.0 0.02984372 0.03316239 0.05047956 0.05911012 0.00000000 0.00000000
3   2.0 0.02957852 0.03270242 0.04824369 0.05557931 0.01214782 0.01861922
          oe         te
1 0.01840053 0.06345447
2 0.00000000 0.05911012
3 0.01235902 0.05712595


[1] "Total run time was 23.986 seconds"
