WARNING: ignoring environment value of R_HOME

Attaching package: ‘dplyr’

The following objects are masked from ‘package:stats’:

    filter, lag

The following objects are masked from ‘package:base’:

    intersect, setdiff, setequal, union

Loading required package: splines
Loading required package: foreach
Loaded gam 1.20.2

Super Learner
Version: 2.0-28
Package created on 2021-05-04

Loading required package: lattice
Loading required package: ggplot2
Loading required package: Matrix
Loaded glmnet 4.1-7
Loading required package: Formula
Loading required package: plotmo
Loading required package: plotrix
Loading required package: TeachingDemos
Loaded gbm 2.1.8.1

Attaching package: ‘xgboost’

The following object is masked from ‘package:dplyr’:

    slice

[1] "[Simulation setting]"
[1] "m: 100"
[1] "deltas: 0.5, 1, 2"
[1] "Sim.id 1"
[1] "Data generated"
[1] "   Split: 1"
[1] "   Split: 2"
[1] "Estimates and SE estimates computed"
[1] ""
[[1]]
[[1]]$est
  delta        mu      mu_1      mu_0         de        se_1        se_0
1   0.5 0.4872028 0.3081022 0.6061466 -0.2980444  0.04435185  0.02953200
2   1.0 0.3938362 0.2637504 0.5766146 -0.3128642  0.00000000  0.00000000
3   2.0 0.3064395 0.2280187 0.5381730 -0.3101543 -0.03573169 -0.03844162
           oe         te
1  0.09336662 -0.2685124
2  0.00000000 -0.3128642
3 -0.08739660 -0.3485959

[[1]]$se
  delta         mu       mu_1       mu_0         de       se_1       se_0
1   0.5 0.03469847 0.03867173 0.03538773 0.04081129 0.01525629 0.01654139
2   1.0 0.03285484 0.03294389 0.03832125 0.04145284 0.00000000 0.00000000
3   2.0 0.03125179 0.03405424 0.04518789 0.05175305 0.01432844 0.01628881
          oe         te
1 0.01201727 0.04285200
2 0.00000000 0.04145284
3 0.01298693 0.04527374


[1] "Total run time was 20.776 seconds"
