WARNING: ignoring environment value of R_HOME

Attaching package: ‘dplyr’

The following objects are masked from ‘package:stats’:

    filter, lag

The following objects are masked from ‘package:base’:

    intersect, setdiff, setequal, union

Loading required package: splines
Loading required package: foreach
Loaded gam 1.20.2

Super Learner
Version: 2.0-28
Package created on 2021-05-04

Loading required package: lattice
Loading required package: ggplot2
Loading required package: Matrix
Loaded glmnet 4.1-7
Loading required package: Formula
Loading required package: plotmo
Loading required package: plotrix
Loading required package: TeachingDemos
Loaded gbm 2.1.8.1

Attaching package: ‘xgboost’

The following object is masked from ‘package:dplyr’:

    slice

[1] "[Simulation setting]"
[1] "m: 100"
[1] "deltas: 0.5, 1, 2"
[1] "Sim.id 1"
[1] "Data generated"
[1] "   Split: 1"
[1] "   Split: 2"
[1] "Estimates and SE estimates computed"
[1] ""
[[1]]
[[1]]$est
  delta        mu      mu_1      mu_0         de        se_1        se_0
1   0.5 0.4600830 0.3376750 0.5113876 -0.1737126  0.05238584  0.00831503
2   1.0 0.3932523 0.2852892 0.5030725 -0.2177834  0.00000000  0.00000000
3   2.0 0.3250758 0.2530081 0.4914597 -0.2384515 -0.03228104 -0.01161288
           oe         te
1  0.06683067 -0.1653975
2  0.00000000 -0.2177834
3 -0.06817646 -0.2500644

[[1]]$se
  delta         mu       mu_1       mu_0         de       se_1       se_0
1   0.5 0.03846726 0.05069811 0.05862428 0.06823457 0.02038226 0.02471309
2   1.0 0.03636353 0.04676018 0.05827709 0.06552651 0.00000000 0.00000000
3   2.0 0.03733786 0.05118857 0.06825951 0.07906507 0.01812532 0.02652562
          oe         te
1 0.01463138 0.06679988
2 0.00000000 0.06552651
3 0.01677018 0.07076231


[1] "Total run time was 30.214 seconds"
