WARNING: ignoring environment value of R_HOME

Attaching package: ‘dplyr’

The following objects are masked from ‘package:stats’:

    filter, lag

The following objects are masked from ‘package:base’:

    intersect, setdiff, setequal, union

Loading required package: splines
Loading required package: foreach
Loaded gam 1.20.2

Super Learner
Version: 2.0-28
Package created on 2021-05-04

Loading required package: lattice
Loading required package: ggplot2
Loading required package: Matrix
Loaded glmnet 4.1-7
Loading required package: Formula
Loading required package: plotmo
Loading required package: plotrix
Loading required package: TeachingDemos
Loaded gbm 2.1.8.1

Attaching package: ‘xgboost’

The following object is masked from ‘package:dplyr’:

    slice

[1] "[Simulation setting]"
[1] "m: 100"
[1] "deltas: 0.5, 1, 2"
[1] "Sim.id 1"
[1] "Data generated"
[1] "   Split: 1"
[1] "   Split: 2"
[1] "Estimates and SE estimates computed"
[1] ""
[[1]]
[[1]]$est
  delta        mu      mu_1      mu_0         de        se_1        se_0
1   0.5 0.4504988 0.2901589 0.5705875 -0.2804286  0.01851538  0.02150157
2   1.0 0.3852908 0.2716435 0.5490859 -0.2774424  0.00000000  0.00000000
3   2.0 0.3224726 0.2537684 0.5127548 -0.2589864 -0.01787513 -0.03633111
           oe         te
1  0.06520798 -0.2589270
2  0.00000000 -0.2774424
3 -0.06281820 -0.2953175

[[1]]$se
  delta         mu       mu_1       mu_0         de       se_1       se_0
1   0.5 0.03479375 0.03897380 0.04398728 0.05417782 0.01685942 0.01586685
2   1.0 0.03237737 0.03332933 0.04694266 0.05179730 0.00000000 0.00000000
3   2.0 0.03211271 0.03434933 0.05188957 0.05705360 0.01410915 0.01676435
          oe         te
1 0.01258680 0.05675840
2 0.00000000 0.05179730
3 0.01335527 0.05210296


[1] "Total run time was 27.453 seconds"
