WARNING: ignoring environment value of R_HOME

Attaching package: ‘dplyr’

The following objects are masked from ‘package:stats’:

    filter, lag

The following objects are masked from ‘package:base’:

    intersect, setdiff, setequal, union

Loading required package: splines
Loading required package: foreach
Loaded gam 1.20.2

Super Learner
Version: 2.0-28
Package created on 2021-05-04

Loading required package: lattice
Loading required package: ggplot2
Loading required package: Matrix
Loaded glmnet 4.1-7
Loading required package: Formula
Loading required package: plotmo
Loading required package: plotrix
Loading required package: TeachingDemos
Loaded gbm 2.1.8.1

Attaching package: ‘xgboost’

The following object is masked from ‘package:dplyr’:

    slice

[1] "[Simulation setting]"
[1] "m: 100"
[1] "deltas: 0.5, 1, 2"
[1] "Sim.id 1"
[1] "Data generated"
[1] "   Split: 1"
[1] "   Split: 2"
[1] "Estimates and SE estimates computed"
[1] ""
[[1]]
[[1]]$est
  delta        mu      mu_1      mu_0         de         se_1        se_0
1   0.5 0.4166958 0.2480478 0.5440591 -0.2960114  0.007739044  0.05698963
2   1.0 0.3361679 0.2403087 0.4870695 -0.2467608  0.000000000  0.00000000
3   2.0 0.2791829 0.2263026 0.4568068 -0.2305042 -0.014006143 -0.03026271
           oe         te
1  0.08052789 -0.2390217
2  0.00000000 -0.2467608
3 -0.05698496 -0.2607669

[[1]]$se
  delta         mu       mu_1       mu_0         de       se_1       se_0
1   0.5 0.04130016 0.03478276 0.06273904 0.05997067 0.01255249 0.02527584
2   1.0 0.03258067 0.03235884 0.04988713 0.04788926 0.00000000 0.00000000
3   2.0 0.03098533 0.03325584 0.04702787 0.04777539 0.01107885 0.01807792
          oe         te
1 0.01680842 0.04822650
2 0.00000000 0.04788926
3 0.01207557 0.04888174


[1] "Total run time was 26.544 seconds"
