WARNING: ignoring environment value of R_HOME

Attaching package: ‘dplyr’

The following objects are masked from ‘package:stats’:

    filter, lag

The following objects are masked from ‘package:base’:

    intersect, setdiff, setequal, union

Loading required package: splines
Loading required package: foreach
Loaded gam 1.20.2

Super Learner
Version: 2.0-28
Package created on 2021-05-04

Loading required package: lattice
Loading required package: ggplot2
Loading required package: Matrix
Loaded glmnet 4.1-7
Loading required package: Formula
Loading required package: plotmo
Loading required package: plotrix
Loading required package: TeachingDemos
Loaded gbm 2.1.8.1

Attaching package: ‘xgboost’

The following object is masked from ‘package:dplyr’:

    slice

[1] "[Simulation setting]"
[1] "m: 100"
[1] "deltas: 0.5, 1, 2"
[1] "Sim.id 1"
[1] "Data generated"
[1] "   Split: 1"
[1] "   Split: 2"
[1] "Estimates and SE estimates computed"
[1] ""
[[1]]
[[1]]$est
  delta        mu      mu_1      mu_0         de        se_1         se_0
1   0.5 0.4928755 0.3004028 0.5909661 -0.2905633  0.05048510 0.0066513158
2   1.0 0.4103019 0.2499177 0.5843148 -0.3343971  0.00000000 0.0000000000
3   2.0 0.3263607 0.2078458 0.5846250 -0.3767792 -0.04207195 0.0003102281
           oe         te
1  0.08257360 -0.2839120
2  0.00000000 -0.3343971
3 -0.08394124 -0.3764690

[[1]]$se
  delta         mu       mu_1       mu_0         de       se_1       se_0
1   0.5 0.03832914 0.04580828 0.05168831 0.07021675 0.02142478 0.01851279
2   1.0 0.03445017 0.03627569 0.04858562 0.05595941 0.00000000 0.00000000
3   2.0 0.03694536 0.04165690 0.05115324 0.05728280 0.02058534 0.01944872
          oe         te
1 0.01591091 0.06620039
2 0.00000000 0.05595941
3 0.01585879 0.05732709


[1] "Total run time was 30.151 seconds"
