WARNING: ignoring environment value of R_HOME

Attaching package: ‘dplyr’

The following objects are masked from ‘package:stats’:

    filter, lag

The following objects are masked from ‘package:base’:

    intersect, setdiff, setequal, union

Loading required package: splines
Loading required package: foreach
Loaded gam 1.20.2

Super Learner
Version: 2.0-28
Package created on 2021-05-04

Loading required package: lattice
Loading required package: ggplot2
Loading required package: Matrix
Loaded glmnet 4.1-7
Loading required package: Formula
Loading required package: plotmo
Loading required package: plotrix
Loading required package: TeachingDemos
Loaded gbm 2.1.8.1

Attaching package: ‘xgboost’

The following object is masked from ‘package:dplyr’:

    slice

[1] "[Simulation setting]"
[1] "m: 100"
[1] "deltas: 0.5, 1, 2"
[1] "Sim.id 1"
[1] "Data generated"
[1] "   Split: 1"
[1] "   Split: 2"
[1] "Estimates and SE estimates computed"
[1] ""
[[1]]
[[1]]$est
  delta        mu      mu_1      mu_0         de        se_1        se_0
1   0.5 0.4980787 0.2411406 0.6166353 -0.3754947  0.04031691  0.02491917
2   1.0 0.4012412 0.2008237 0.5917162 -0.3908924  0.00000000  0.00000000
3   2.0 0.3038793 0.1715919 0.5606924 -0.3891005 -0.02923184 -0.03102379
           oe         te
1  0.09683749 -0.3505755
2  0.00000000 -0.3908924
3 -0.09736194 -0.4201243

[[1]]$se
  delta         mu       mu_1       mu_0         de       se_1       se_0
1   0.5 0.03642652 0.04158463 0.04370463 0.05397977 0.01579947 0.01678622
2   1.0 0.03352617 0.03210678 0.04618174 0.05037460 0.00000000 0.00000000
3   2.0 0.03000931 0.02666364 0.05305253 0.05518269 0.01222609 0.02020633
          oe         te
1 0.01283949 0.05438381
2 0.00000000 0.05037460
3 0.01243663 0.04956135


[1] "Total run time was 26.569 seconds"
