WARNING: ignoring environment value of R_HOME

Attaching package: ‘dplyr’

The following objects are masked from ‘package:stats’:

    filter, lag

The following objects are masked from ‘package:base’:

    intersect, setdiff, setequal, union

Loading required package: splines
Loading required package: foreach
Loaded gam 1.20.2

Super Learner
Version: 2.0-28
Package created on 2021-05-04

Loading required package: lattice
Loading required package: ggplot2
Loading required package: Matrix
Loaded glmnet 4.1-7
Loading required package: Formula
Loading required package: plotmo
Loading required package: plotrix
Loading required package: TeachingDemos
Loaded gbm 2.1.8.1

Attaching package: ‘xgboost’

The following object is masked from ‘package:dplyr’:

    slice

[1] "[Simulation setting]"
[1] "m: 100"
[1] "deltas: 0.5, 1, 2"
[1] "Sim.id 1"
[1] "Data generated"
[1] "   Split: 1"
[1] "   Split: 2"
[1] "Estimates and SE estimates computed"
[1] ""
[[1]]
[[1]]$est
  delta        mu      mu_1      mu_0         de        se_1       se_0
1   0.5 0.4685670 0.3286095 0.5680478 -0.2394383  0.00893989 0.01233516
2   1.0 0.4116304 0.3196696 0.5557126 -0.2360431  0.00000000 0.00000000
3   2.0 0.3655843 0.3117623 0.5582166 -0.2464543 -0.00790724 0.00250401
           oe         te
1  0.05693659 -0.2271032
2  0.00000000 -0.2360431
3 -0.04604609 -0.2439503

[[1]]$se
  delta         mu       mu_1       mu_0         de       se_1       se_0
1   0.5 0.03105028 0.04110347 0.04434562 0.05637019 0.02040276 0.01699242
2   1.0 0.02874004 0.03664575 0.04683687 0.05681883 0.00000000 0.00000000
3   2.0 0.03324844 0.04361654 0.05410684 0.06848642 0.01859148 0.02096675
          oe         te
1 0.01402667 0.05881264
2 0.00000000 0.05681883
3 0.01635296 0.06207645


[1] "Total run time was 27.5 seconds"
