WARNING: ignoring environment value of R_HOME

Attaching package: ‘dplyr’

The following objects are masked from ‘package:stats’:

    filter, lag

The following objects are masked from ‘package:base’:

    intersect, setdiff, setequal, union

Loading required package: splines
Loading required package: foreach
Loaded gam 1.20.2

Super Learner
Version: 2.0-28
Package created on 2021-05-04

Loading required package: lattice
Loading required package: ggplot2
Loading required package: Matrix
Loaded glmnet 4.1-7
Loading required package: Formula
Loading required package: plotmo
Loading required package: plotrix
Loading required package: TeachingDemos
Loaded gbm 2.1.8.1

Attaching package: ‘xgboost’

The following object is masked from ‘package:dplyr’:

    slice

[1] "[Simulation setting]"
[1] "m: 100"
[1] "deltas: 0.5, 1, 2"
[1] "Sim.id 1"
[1] "Data generated"
[1] "   Split: 1"
[1] "   Split: 2"
[1] "Estimates and SE estimates computed"
[1] ""
[[1]]
[[1]]$est
  delta        mu      mu_1      mu_0         de         se_1         se_0
1   0.5 0.4040367 0.2069188 0.5212035 -0.3142847  0.004633654  0.002046628
2   1.0 0.3429168 0.2022851 0.5191568 -0.3168717  0.000000000  0.000000000
3   2.0 0.2850658 0.1973642 0.5045533 -0.3071892 -0.004920946 -0.014603481
           oe         te
1  0.06111992 -0.3122381
2  0.00000000 -0.3168717
3 -0.05785102 -0.3217927

[[1]]$se
  delta         mu       mu_1       mu_0         de       se_1       se_0
1   0.5 0.03069790 0.03489981 0.04535237 0.05364191 0.01387907 0.02054085
2   1.0 0.02939466 0.02918222 0.04158200 0.04549003 0.00000000 0.00000000
3   2.0 0.02860594 0.02743908 0.04695087 0.04899417 0.01127623 0.01801962
          oe         te
1 0.01258653 0.04872990
2 0.00000000 0.04549003
3 0.01101625 0.04579551


[1] "Total run time was 27.09 seconds"
