WARNING: ignoring environment value of R_HOME

Attaching package: ‘dplyr’

The following objects are masked from ‘package:stats’:

    filter, lag

The following objects are masked from ‘package:base’:

    intersect, setdiff, setequal, union

Loading required package: splines
Loading required package: foreach
Loaded gam 1.20.2

Super Learner
Version: 2.0-28
Package created on 2021-05-04

Loading required package: lattice
Loading required package: ggplot2
Loading required package: Matrix
Loaded glmnet 4.1-7
Loading required package: Formula
Loading required package: plotmo
Loading required package: plotrix
Loading required package: TeachingDemos
Loaded gbm 2.1.8.1

Attaching package: ‘xgboost’

The following object is masked from ‘package:dplyr’:

    slice

[1] "[Simulation setting]"
[1] "m: 100"
[1] "deltas: 0.5, 1, 2"
[1] "Sim.id 1"
[1] "Data generated"
[1] "   Split: 1"
[1] "   Split: 2"
[1] "Estimates and SE estimates computed"
[1] ""
[[1]]
[[1]]$est
  delta        mu      mu_1      mu_0         de        se_1         se_0
1   0.5 0.4471716 0.2810129 0.5765800 -0.2955672  0.02513607  0.017220769
2   1.0 0.3760806 0.2558768 0.5593593 -0.3034825  0.00000000  0.000000000
3   2.0 0.3127022 0.2325792 0.5545042 -0.3219249 -0.02329758 -0.004855097
           oe         te
1  0.07109099 -0.2783464
2  0.00000000 -0.3034825
3 -0.06337840 -0.3267800

[[1]]$se
  delta         mu       mu_1       mu_0         de       se_1       se_0
1   0.5 0.03642442 0.03629601 0.04687904 0.04671880 0.01571980 0.01802404
2   1.0 0.03256162 0.03366556 0.04666326 0.04704630 0.00000000 0.00000000
3   2.0 0.03448176 0.03824272 0.05094564 0.05604537 0.01548624 0.01677314
          oe         te
1 0.01536004 0.04543438
2 0.00000000 0.04704630
3 0.01568696 0.05303027


[1] "Total run time was 24.575 seconds"
