WARNING: ignoring environment value of R_HOME

Attaching package: ‘dplyr’

The following objects are masked from ‘package:stats’:

    filter, lag

The following objects are masked from ‘package:base’:

    intersect, setdiff, setequal, union

Loading required package: splines
Loading required package: foreach
Loaded gam 1.20.2

Super Learner
Version: 2.0-28
Package created on 2021-05-04

Loading required package: lattice
Loading required package: ggplot2
Loading required package: Matrix
Loaded glmnet 4.1-7
Loading required package: Formula
Loading required package: plotmo
Loading required package: plotrix
Loading required package: TeachingDemos
Loaded gbm 2.1.8.1

Attaching package: ‘xgboost’

The following object is masked from ‘package:dplyr’:

    slice

[1] "[Simulation setting]"
[1] "m: 100"
[1] "deltas: 0.5, 1, 2"
[1] "Sim.id 1"
[1] "Data generated"
[1] "   Split: 1"
[1] "   Split: 2"
[1] "Estimates and SE estimates computed"
[1] ""
[[1]]
[[1]]$est
  delta        mu      mu_1      mu_0         de         se_1        se_0
1   0.5 0.4682713 0.2854315 0.6011244 -0.3156929  0.016470262  0.04850650
2   1.0 0.3718060 0.2689612 0.5526179 -0.2836567  0.000000000  0.00000000
3   2.0 0.3017368 0.2607869 0.5151262 -0.2543392 -0.008174275 -0.03749172
           oe         te
1  0.09646532 -0.2671864
2  0.00000000 -0.2836567
3 -0.07006916 -0.2918309

[[1]]$se
  delta         mu       mu_1       mu_0         de       se_1       se_0
1   0.5 0.04489587 0.04209446 0.09563731 0.10393263 0.02214308 0.04644481
2   1.0 0.03288930 0.04877080 0.06790213 0.08104521 0.00000000 0.00000000
3   2.0 0.03849464 0.06563157 0.06643976 0.08789878 0.02395273 0.03283431
          oe         te
1 0.02688716 0.07706225
2 0.00000000 0.08104521
3 0.02071344 0.09239446


[1] "Total run time was 28.9 seconds"
