WARNING: ignoring environment value of R_HOME

Attaching package: ‘dplyr’

The following objects are masked from ‘package:stats’:

    filter, lag

The following objects are masked from ‘package:base’:

    intersect, setdiff, setequal, union

Loading required package: splines
Loading required package: foreach
Loaded gam 1.20.2

Super Learner
Version: 2.0-28
Package created on 2021-05-04

Loading required package: lattice
Loading required package: ggplot2
Loading required package: Matrix
Loaded glmnet 4.1-7
Loading required package: Formula
Loading required package: plotmo
Loading required package: plotrix
Loading required package: TeachingDemos
Loaded gbm 2.1.8.1

Attaching package: ‘xgboost’

The following object is masked from ‘package:dplyr’:

    slice

[1] "[Simulation setting]"
[1] "m: 100"
[1] "deltas: 0.5, 1, 2"
[1] "Sim.id 1"
[1] "Data generated"
[1] "   Split: 1"
[1] "   Split: 2"
[1] "Estimates and SE estimates computed"
[1] ""
[[1]]
[[1]]$est
  delta        mu      mu_1      mu_0         de        se_1        se_0
1   0.5 0.4362754 0.3069226 0.5750927 -0.2681701  0.02645962  0.06885617
2   1.0 0.3541615 0.2804630 0.5062365 -0.2257735  0.00000000  0.00000000
3   2.0 0.3001874 0.2565388 0.4711102 -0.2145714 -0.02392424 -0.03512638
           oe         te
1  0.08211387 -0.1993139
2  0.00000000 -0.2257735
3 -0.05397414 -0.2496978

[[1]]$se
  delta         mu       mu_1       mu_0         de       se_1       se_0
1   0.5 0.04181778 0.03600993 0.06027251 0.05869172 0.01347833 0.02889429
2   1.0 0.03340239 0.03413594 0.04920870 0.05027046 0.00000000 0.00000000
3   2.0 0.03341894 0.03640408 0.05221693 0.05777920 0.01219350 0.01981578
          oe         te
1 0.01925576 0.04822009
2 0.00000000 0.05027046
3 0.01390133 0.05405338


[1] "Total run time was 38.567 seconds"
