WARNING: ignoring environment value of R_HOME

Attaching package: ‘dplyr’

The following objects are masked from ‘package:stats’:

    filter, lag

The following objects are masked from ‘package:base’:

    intersect, setdiff, setequal, union

Loading required package: splines
Loading required package: foreach
Loaded gam 1.20.2

Super Learner
Version: 2.0-28
Package created on 2021-05-04

Loading required package: lattice
Loading required package: ggplot2
Loading required package: Matrix
Loaded glmnet 4.1-7
Loading required package: Formula
Loading required package: plotmo
Loading required package: plotrix
Loading required package: TeachingDemos
Loaded gbm 2.1.8.1

Attaching package: ‘xgboost’

The following object is masked from ‘package:dplyr’:

    slice

[1] "[Simulation setting]"
[1] "m: 100"
[1] "deltas: 0.5, 1, 2"
[1] "Sim.id 1"
[1] "Data generated"
[1] "   Split: 1"
[1] "   Split: 2"
[1] "Estimates and SE estimates computed"
[1] ""
[[1]]
[[1]]$est
  delta        mu      mu_1      mu_0         de        se_1        se_0
1   0.5 0.4571540 0.2925348 0.5223354 -0.2298006  0.02370169  0.03867493
2   1.0 0.3819367 0.2688331 0.4836605 -0.2148273  0.00000000  0.00000000
3   2.0 0.3060811 0.2400503 0.4317073 -0.1916570 -0.02878284 -0.05195321
           oe         te
1  0.07521727 -0.1911257
2  0.00000000 -0.2148273
3 -0.07585562 -0.2436102

[[1]]$se
  delta         mu       mu_1       mu_0         de       se_1       se_0
1   0.5 0.04140054 0.04496542 0.05579274 0.06516276 0.01835398 0.02458630
2   1.0 0.03495713 0.03824077 0.04351824 0.04854033 0.00000000 0.00000000
3   2.0 0.03429186 0.03698923 0.04291149 0.04664947 0.01411777 0.01983931
          oe         te
1 0.01908732 0.05366239
2 0.00000000 0.04854033
3 0.01396704 0.04887256


[1] "Total run time was 23.832 seconds"
