WARNING: ignoring environment value of R_HOME

Attaching package: ‘dplyr’

The following objects are masked from ‘package:stats’:

    filter, lag

The following objects are masked from ‘package:base’:

    intersect, setdiff, setequal, union

Loading required package: splines
Loading required package: foreach
Loaded gam 1.20.2

Super Learner
Version: 2.0-28
Package created on 2021-05-04

Loading required package: lattice
Loading required package: ggplot2
Loading required package: Matrix
Loaded glmnet 4.1-7
Loading required package: Formula
Loading required package: plotmo
Loading required package: plotrix
Loading required package: TeachingDemos
Loaded gbm 2.1.8.1

Attaching package: ‘xgboost’

The following object is masked from ‘package:dplyr’:

    slice

[1] "[Simulation setting]"
[1] "m: 100"
[1] "deltas: 0.5, 1, 2"
[1] "Sim.id 1"
[1] "Data generated"
[1] "   Split: 1"
[1] "   Split: 2"
[1] "Estimates and SE estimates computed"
[1] ""
[[1]]
[[1]]$est
  delta        mu      mu_1      mu_0         de        se_1        se_0
1   0.5 0.4755455 0.2528610 0.6221759 -0.3693149 0.004552577  0.05760619
2   1.0 0.3802975 0.2483084 0.5645697 -0.3162613 0.000000000  0.00000000
3   2.0 0.3261158 0.2685518 0.5182132 -0.2496614 0.020243455 -0.04635647
           oe         te
1  0.09524795 -0.3117088
2  0.00000000 -0.3162613
3 -0.05418175 -0.2960179

[[1]]$se
  delta         mu       mu_1       mu_0         de       se_1       se_0
1   0.5 0.03985282 0.03962447 0.05069291 0.05906574 0.01988855 0.02177926
2   1.0 0.03380644 0.03829651 0.04462674 0.05007562 0.00000000 0.00000000
3   2.0 0.03824848 0.05494661 0.04761994 0.06450299 0.02709569 0.01915025
          oe         te
1 0.01769852 0.05176693
2 0.00000000 0.05007562
3 0.01929442 0.06264561


[1] "Total run time was 15.723 seconds"
