WARNING: ignoring environment value of R_HOME

Attaching package: ‘dplyr’

The following objects are masked from ‘package:stats’:

    filter, lag

The following objects are masked from ‘package:base’:

    intersect, setdiff, setequal, union

Loading required package: splines
Loading required package: foreach
Loaded gam 1.20.2

Super Learner
Version: 2.0-28
Package created on 2021-05-04

Loading required package: lattice
Loading required package: ggplot2
Loading required package: Matrix
Loaded glmnet 4.1-7
Loading required package: Formula
Loading required package: plotmo
Loading required package: plotrix
Loading required package: TeachingDemos
Loaded gbm 2.1.8.1

Attaching package: ‘xgboost’

The following object is masked from ‘package:dplyr’:

    slice

[1] "[Simulation setting]"
[1] "m: 100"
[1] "deltas: 0.5, 1, 2"
[1] "Sim.id 1"
[1] "Data generated"
[1] "   Split: 1"
[1] "   Split: 2"
[1] "Estimates and SE estimates computed"
[1] ""
[[1]]
[[1]]$est
  delta        mu      mu_1      mu_0         de        se_1        se_0
1   0.5 0.4568056 0.2936546 0.5862992 -0.2926445  0.02123335  0.06603924
2   1.0 0.3725907 0.2724213 0.5202599 -0.2478387  0.00000000  0.00000000
3   2.0 0.3096119 0.2525099 0.4706540 -0.2181440 -0.01991135 -0.04960596
           oe         te
1  0.08421499 -0.2266053
2  0.00000000 -0.2478387
3 -0.06297875 -0.2677500

[[1]]$se
  delta         mu       mu_1       mu_0         de       se_1       se_0
1   0.5 0.03864912 0.03856558 0.04891412 0.05309285 0.01499335 0.02431592
2   1.0 0.03287499 0.03380303 0.04405522 0.04791129 0.00000000 0.00000000
3   2.0 0.03205501 0.03480413 0.05070009 0.05671527 0.01374119 0.01938405
          oe         te
1 0.01640282 0.04881881
2 0.00000000 0.04791129
3 0.01338941 0.05061418


[1] "Total run time was 33.248 seconds"
