WARNING: ignoring environment value of R_HOME

Attaching package: ‘dplyr’

The following objects are masked from ‘package:stats’:

    filter, lag

The following objects are masked from ‘package:base’:

    intersect, setdiff, setequal, union

Loading required package: splines
Loading required package: foreach
Loaded gam 1.20.2

Super Learner
Version: 2.0-28
Package created on 2021-05-04

Loading required package: lattice
Loading required package: ggplot2
Loading required package: Matrix
Loaded glmnet 4.1-7
Loading required package: Formula
Loading required package: plotmo
Loading required package: plotrix
Loading required package: TeachingDemos
Loaded gbm 2.1.8.1

Attaching package: ‘xgboost’

The following object is masked from ‘package:dplyr’:

    slice

[1] "[Simulation setting]"
[1] "m: 100"
[1] "deltas: 0.5, 1, 2"
[1] "Sim.id 1"
[1] "Data generated"
[1] "   Split: 1"
[1] "   Split: 2"
[1] "Estimates and SE estimates computed"
[1] ""
[[1]]
[[1]]$est
  delta        mu      mu_1      mu_0         de         se_1       se_0
1   0.5 0.4926305 0.3354365 0.5629235 -0.2274870  0.009936919 0.01011366
2   1.0 0.4367779 0.3254996 0.5528099 -0.2273103  0.000000000 0.00000000
3   2.0 0.3902815 0.3090734 0.5731518 -0.2640784 -0.016426144 0.02034197
           oe         te
1  0.05585261 -0.2173734
2  0.00000000 -0.2273103
3 -0.04649645 -0.2437364

[[1]]$se
  delta         mu       mu_1       mu_0         de       se_1       se_0
1   0.5 0.03925442 0.03847420 0.06979921 0.07886499 0.01801668 0.02700078
2   1.0 0.03185748 0.03745756 0.05572728 0.06484812 0.00000000 0.00000000
3   2.0 0.03657559 0.04645930 0.04962447 0.06550524 0.01830070 0.02114419
          oe         te
1 0.01884228 0.06621869
2 0.00000000 0.06484812
3 0.01829587 0.07030249


[1] "Total run time was 28.069 seconds"
