WARNING: ignoring environment value of R_HOME

Attaching package: ‘dplyr’

The following objects are masked from ‘package:stats’:

    filter, lag

The following objects are masked from ‘package:base’:

    intersect, setdiff, setequal, union

Loading required package: splines
Loading required package: foreach
Loaded gam 1.20.2

Super Learner
Version: 2.0-28
Package created on 2021-05-04

Loading required package: lattice
Loading required package: ggplot2
Loading required package: Matrix
Loaded glmnet 4.1-7
Loading required package: Formula
Loading required package: plotmo
Loading required package: plotrix
Loading required package: TeachingDemos
Loaded gbm 2.1.8.1

Attaching package: ‘xgboost’

The following object is masked from ‘package:dplyr’:

    slice

[1] "[Simulation setting]"
[1] "m: 100"
[1] "deltas: 0.5, 1, 2"
[1] "Sim.id 1"
[1] "Data generated"
[1] "   Split: 1"
[1] "   Split: 2"
[1] "Estimates and SE estimates computed"
[1] ""
[[1]]
[[1]]$est
  delta        mu      mu_1      mu_0         de        se_1        se_0
1   0.5 0.4317990 0.2558197 0.5855218 -0.3297021  0.01676373  0.02767453
2   1.0 0.3532790 0.2390560 0.5578473 -0.3187913  0.00000000  0.00000000
3   2.0 0.2898989 0.2271648 0.5241142 -0.2969494 -0.01189119 -0.03373310
           oe         te
1  0.07852000 -0.3020275
2  0.00000000 -0.3187913
3 -0.06338014 -0.3306825

[[1]]$se
  delta         mu       mu_1       mu_0         de       se_1       se_0
1   0.5 0.03524587 0.03957139 0.04771773 0.05465597 0.01684406 0.01734167
2   1.0 0.03309704 0.03718965 0.04733957 0.05469271 0.00000000 0.00000000
3   2.0 0.03576344 0.04181588 0.05068607 0.06251543 0.01682428 0.01955100
          oe         te
1 0.01508614 0.05328574
2 0.00000000 0.05469271
3 0.01684010 0.06036758


[1] "Total run time was 33.057 seconds"
