WARNING: ignoring environment value of R_HOME

Attaching package: ‘dplyr’

The following objects are masked from ‘package:stats’:

    filter, lag

The following objects are masked from ‘package:base’:

    intersect, setdiff, setequal, union

Loading required package: splines
Loading required package: foreach
Loaded gam 1.20.2

Super Learner
Version: 2.0-28
Package created on 2021-05-04

Loading required package: lattice
Loading required package: ggplot2
Loading required package: Matrix
Loaded glmnet 4.1-7
Loading required package: Formula
Loading required package: plotmo
Loading required package: plotrix
Loading required package: TeachingDemos
Loaded gbm 2.1.8.1

Attaching package: ‘xgboost’

The following object is masked from ‘package:dplyr’:

    slice

[1] "[Simulation setting]"
[1] "m: 100"
[1] "deltas: 0.5, 1, 2"
[1] "Sim.id 1"
[1] "Data generated"
[1] "   Split: 1"
[1] "   Split: 2"
[1] "Estimates and SE estimates computed"
[1] ""
[[1]]
[[1]]$est
  delta        mu      mu_1      mu_0         de          se_1        se_0
1   0.5 0.4154770 0.2059109 0.4752286 -0.2693177 -0.0019252157 -0.04403894
2   1.0 0.3712103 0.2078361 0.5192676 -0.3114314  0.0000000000  0.00000000
3   2.0 0.3151836 0.2074132 0.5451343 -0.3377211 -0.0004229831  0.02586672
           oe         te
1  0.04426664 -0.3133566
2  0.00000000 -0.3114314
3 -0.05602678 -0.3118544

[[1]]$se
  delta         mu       mu_1       mu_0         de       se_1       se_0
1   0.5 0.04101632 0.03386811 0.08196513 0.08516593 0.01363113 0.04294850
2   1.0 0.03121599 0.03141953 0.05567184 0.05946770 0.00000000 0.00000000
3   2.0 0.03129735 0.03324724 0.05423747 0.05861154 0.01156870 0.02485696
          oe         te
1 0.02182937 0.06164644
2 0.00000000 0.05946770
3 0.01282679 0.06054463


[1] "Total run time was 26.624 seconds"
