WARNING: ignoring environment value of R_HOME

Attaching package: ‘dplyr’

The following objects are masked from ‘package:stats’:

    filter, lag

The following objects are masked from ‘package:base’:

    intersect, setdiff, setequal, union

Loading required package: splines
Loading required package: foreach
Loaded gam 1.20.2

Super Learner
Version: 2.0-28
Package created on 2021-05-04

Loading required package: lattice
Loading required package: ggplot2
Loading required package: Matrix
Loaded glmnet 4.1-7
Loading required package: Formula
Loading required package: plotmo
Loading required package: plotrix
Loading required package: TeachingDemos
Loaded gbm 2.1.8.1

Attaching package: ‘xgboost’

The following object is masked from ‘package:dplyr’:

    slice

[1] "[Simulation setting]"
[1] "m: 100"
[1] "deltas: 0.5, 1, 2"
[1] "Sim.id 1"
[1] "Data generated"
[1] "   Split: 1"
[1] "   Split: 2"
[1] "Estimates and SE estimates computed"
[1] ""
[[1]]
[[1]]$est
  delta        mu      mu_1      mu_0         de         se_1        se_0
1   0.5 0.4384999 0.2170592 0.5695011 -0.3524419 -0.002194269  0.04342295
2   1.0 0.3585170 0.2192535 0.5260782 -0.3068247  0.000000000  0.00000000
3   2.0 0.2937304 0.2122952 0.4950647 -0.2827696 -0.006958278 -0.03101342
           oe         te
1  0.07998285 -0.3090190
2  0.00000000 -0.3068247
3 -0.06478659 -0.3137830

[[1]]$se
  delta         mu       mu_1       mu_0         de       se_1       se_0
1   0.5 0.03822213 0.03902170 0.04561666 0.05182872 0.01868974 0.01862119
2   1.0 0.03412706 0.03763536 0.04312102 0.04824124 0.00000000 0.00000000
3   2.0 0.03814935 0.04827261 0.04704132 0.06027538 0.02115176 0.01735073
          oe         te
1 0.01540697 0.04837129
2 0.00000000 0.04824124
3 0.01820407 0.05750230


[1] "Total run time was 33.677 seconds"
