WARNING: ignoring environment value of R_HOME

Attaching package: ‘dplyr’

The following objects are masked from ‘package:stats’:

    filter, lag

The following objects are masked from ‘package:base’:

    intersect, setdiff, setequal, union

Loading required package: splines
Loading required package: foreach
Loaded gam 1.20.2

Super Learner
Version: 2.0-28
Package created on 2021-05-04

Loading required package: lattice
Loading required package: ggplot2
Loading required package: Matrix
Loaded glmnet 4.1-7
Loading required package: Formula
Loading required package: plotmo
Loading required package: plotrix
Loading required package: TeachingDemos
Loaded gbm 2.1.8.1

Attaching package: ‘xgboost’

The following object is masked from ‘package:dplyr’:

    slice

[1] "[Simulation setting]"
[1] "m: 100"
[1] "deltas: 0.5, 1, 2"
[1] "Sim.id 1"
[1] "Data generated"
[1] "   Split: 1"
[1] "   Split: 2"
[1] "Estimates and SE estimates computed"
[1] ""
[[1]]
[[1]]$est
  delta        mu      mu_1      mu_0         de         se_1         se_0
1   0.5 0.3887961 0.1832350 0.5097465 -0.3265115 -0.006545169 -0.023916709
2   1.0 0.3237343 0.1897802 0.5336632 -0.3438831  0.000000000  0.000000000
3   2.0 0.2624355 0.1868780 0.5426115 -0.3557336 -0.002902201  0.008948284
           oe         te
1  0.06506172 -0.3504282
2  0.00000000 -0.3438831
3 -0.06129884 -0.3467853

[[1]]$se
  delta         mu       mu_1       mu_0         de       se_1       se_0
1   0.5 0.04290112 0.03254703 0.07972703 0.08042977 0.01393460 0.03800833
2   1.0 0.03062244 0.03005438 0.05576517 0.05874335 0.00000000 0.00000000
3   2.0 0.02900797 0.03218903 0.05301746 0.05886597 0.01164899 0.02696419
          oe         te
1 0.02270355 0.05831453
2 0.00000000 0.05874335
3 0.01332670 0.06028801


[1] "Total run time was 24.344 seconds"
