WARNING: ignoring environment value of R_HOME

Attaching package: ‘dplyr’

The following objects are masked from ‘package:stats’:

    filter, lag

The following objects are masked from ‘package:base’:

    intersect, setdiff, setequal, union

Loading required package: splines
Loading required package: foreach
Loaded gam 1.20.2

Super Learner
Version: 2.0-28
Package created on 2021-05-04

Loading required package: lattice
Loading required package: ggplot2
Loading required package: Matrix
Loaded glmnet 4.1-7
Loading required package: Formula
Loading required package: plotmo
Loading required package: plotrix
Loading required package: TeachingDemos
Loaded gbm 2.1.8.1

Attaching package: ‘xgboost’

The following object is masked from ‘package:dplyr’:

    slice

[1] "[Simulation setting]"
[1] "m: 100"
[1] "deltas: 0.5, 1, 2"
[1] "Sim.id 1"
[1] "Data generated"
[1] "   Split: 1"
[1] "   Split: 2"
[1] "Estimates and SE estimates computed"
[1] ""
[[1]]
[[1]]$est
  delta        mu      mu_1      mu_0         de        se_1         se_0
1   0.5 0.4389903 0.2703818 0.5378429 -0.2674611  0.03002072  0.008977545
2   1.0 0.3735523 0.2403611 0.5288653 -0.2885043  0.00000000  0.000000000
3   2.0 0.3070776 0.2194840 0.5109064 -0.2914223 -0.02087703 -0.017958969
          oe         te
1  0.0654380 -0.2584835
2  0.0000000 -0.2885043
3 -0.0664747 -0.3093813

[[1]]$se
  delta         mu       mu_1       mu_0         de       se_1       se_0
1   0.5 0.03822323 0.03955900 0.05298273 0.05822335 0.01585843 0.02282615
2   1.0 0.03243756 0.03614053 0.04429313 0.04717733 0.00000000 0.00000000
3   2.0 0.03306939 0.03823700 0.04442121 0.04948206 0.01313433 0.01859298
          oe         te
1 0.01830464 0.04863624
2 0.00000000 0.04717733
3 0.01414419 0.05026847


[1] "Total run time was 17.35 seconds"
