WARNING: ignoring environment value of R_HOME

Attaching package: ‘dplyr’

The following objects are masked from ‘package:stats’:

    filter, lag

The following objects are masked from ‘package:base’:

    intersect, setdiff, setequal, union

Loading required package: splines
Loading required package: foreach
Loaded gam 1.20.2

Super Learner
Version: 2.0-28
Package created on 2021-05-04

Loading required package: lattice
Loading required package: ggplot2
Loading required package: Matrix
Loaded glmnet 4.1-7
Loading required package: Formula
Loading required package: plotmo
Loading required package: plotrix
Loading required package: TeachingDemos
Loaded gbm 2.1.8.1

Attaching package: ‘xgboost’

The following object is masked from ‘package:dplyr’:

    slice

[1] "[Simulation setting]"
[1] "m: 100"
[1] "deltas: 0.5, 1, 2"
[1] "Sim.id 1"
[1] "Data generated"
[1] "   Split: 1"
[1] "   Split: 2"
[1] "Estimates and SE estimates computed"
[1] ""
[[1]]
[[1]]$est
  delta        mu      mu_1      mu_0         de        se_1         se_0
1   0.5 0.3726932 0.1933965 0.5055679 -0.3121714  0.02644224 -0.002328597
2   1.0 0.3033895 0.1669543 0.5078965 -0.3409422  0.00000000  0.000000000
3   2.0 0.2298253 0.1418517 0.5040073 -0.3621557 -0.02510260 -0.003889112
           oe         te
1  0.06930371 -0.3145000
2  0.00000000 -0.3409422
3 -0.07356419 -0.3660448

[[1]]$se
  delta         mu       mu_1       mu_0         de       se_1       se_0
1   0.5 0.03886368 0.03308695 0.06090141 0.06611922 0.01201810 0.02905476
2   1.0 0.03052643 0.02870669 0.04962152 0.05337733 0.00000000 0.00000000
3   2.0 0.02883934 0.02734492 0.05328230 0.05558726 0.01043058 0.02335931
          oe         te
1 0.02030941 0.05595395
2 0.00000000 0.05337733
3 0.01277670 0.05291802


[1] "Total run time was 32.666 seconds"
