WARNING: ignoring environment value of R_HOME

Attaching package: ‘dplyr’

The following objects are masked from ‘package:stats’:

    filter, lag

The following objects are masked from ‘package:base’:

    intersect, setdiff, setequal, union

Loading required package: splines
Loading required package: foreach
Loaded gam 1.20.2

Super Learner
Version: 2.0-28
Package created on 2021-05-04

Loading required package: lattice
Loading required package: ggplot2
Loading required package: Matrix
Loaded glmnet 4.1-7
Loading required package: Formula
Loading required package: plotmo
Loading required package: plotrix
Loading required package: TeachingDemos
Loaded gbm 2.1.8.1

Attaching package: ‘xgboost’

The following object is masked from ‘package:dplyr’:

    slice

[1] "[Simulation setting]"
[1] "m: 100"
[1] "deltas: 0.5, 1, 2"
[1] "Sim.id 1"
[1] "Data generated"
[1] "   Split: 1"
[1] "   Split: 2"
[1] "Estimates and SE estimates computed"
[1] ""
[[1]]
[[1]]$est
  delta        mu      mu_1      mu_0         de        se_1        se_0
1   0.5 0.4770059 0.3388642 0.5954504 -0.2565862  0.06009608  0.03074323
2   1.0 0.3856310 0.2787681 0.5647072 -0.2859390  0.00000000  0.00000000
3   2.0 0.2995783 0.2281055 0.5355274 -0.3074219 -0.05066265 -0.02917980
           oe         te
1  0.09137495 -0.2258430
2  0.00000000 -0.2859390
3 -0.08605267 -0.3366017

[[1]]$se
  delta         mu       mu_1       mu_0         de       se_1       se_0
1   0.5 0.03442519 0.03952662 0.04287075 0.05408050 0.01624097 0.01647453
2   1.0 0.03272329 0.03586673 0.04311235 0.05126590 0.00000000 0.00000000
3   2.0 0.03405253 0.03822125 0.04708855 0.05674147 0.01429595 0.01685879
          oe         te
1 0.01305976 0.05450591
2 0.00000000 0.05126590
3 0.01388679 0.05356929


[1] "Total run time was 25.756 seconds"
