WARNING: ignoring environment value of R_HOME

Attaching package: ‘dplyr’

The following objects are masked from ‘package:stats’:

    filter, lag

The following objects are masked from ‘package:base’:

    intersect, setdiff, setequal, union

Loading required package: splines
Loading required package: foreach
Loaded gam 1.20.2

Super Learner
Version: 2.0-28
Package created on 2021-05-04

Loading required package: lattice
Loading required package: ggplot2
Loading required package: Matrix
Loaded glmnet 4.1-7
Loading required package: Formula
Loading required package: plotmo
Loading required package: plotrix
Loading required package: TeachingDemos
Loaded gbm 2.1.8.1

Attaching package: ‘xgboost’

The following object is masked from ‘package:dplyr’:

    slice

[1] "[Simulation setting]"
[1] "m: 100"
[1] "deltas: 0.5, 1, 2"
[1] "Sim.id 1"
[1] "Data generated"
[1] "   Split: 1"
[1] "   Split: 2"
[1] "Estimates and SE estimates computed"
[1] ""
[[1]]
[[1]]$est
  delta        mu      mu_1      mu_0         de        se_1        se_0
1   0.5 0.5127669 0.2933434 0.6598201 -0.3664767  0.02124647  0.08239860
2   1.0 0.4146387 0.2720969 0.5774215 -0.3053245  0.00000000  0.00000000
3   2.0 0.3308094 0.2388427 0.5027872 -0.2639446 -0.03325427 -0.07463422
           oe         te
1  0.09812816 -0.2840781
2  0.00000000 -0.3053245
3 -0.08382933 -0.3385788

[[1]]$se
  delta         mu       mu_1       mu_0         de       se_1       se_0
1   0.5 0.03780887 0.04216981 0.06964986 0.08051269 0.01877807 0.02790148
2   1.0 0.03265662 0.03662523 0.05469143 0.06134108 0.00000000 0.00000000
3   2.0 0.03555387 0.04258487 0.05358051 0.06362101 0.01943683 0.02476907
          oe         te
1 0.01800804 0.06475944
2 0.00000000 0.06134108
3 0.01607915 0.06617045


[1] "Total run time was 51.177 seconds"
