WARNING: ignoring environment value of R_HOME

Attaching package: ‘dplyr’

The following objects are masked from ‘package:stats’:

    filter, lag

The following objects are masked from ‘package:base’:

    intersect, setdiff, setequal, union

Loading required package: splines
Loading required package: foreach
Loaded gam 1.20.2

Super Learner
Version: 2.0-28
Package created on 2021-05-04

Loading required package: lattice
Loading required package: ggplot2
Loading required package: Matrix
Loaded glmnet 4.1-7
Loading required package: Formula
Loading required package: plotmo
Loading required package: plotrix
Loading required package: TeachingDemos
Loaded gbm 2.1.8.1

Attaching package: ‘xgboost’

The following object is masked from ‘package:dplyr’:

    slice

[1] "[Simulation setting]"
[1] "m: 100"
[1] "deltas: 0.5, 1, 2"
[1] "Sim.id 1"
[1] "Data generated"
[1] "   Split: 1"
[1] "   Split: 2"
[1] "Estimates and SE estimates computed"
[1] ""
[[1]]
[[1]]$est
  delta        mu      mu_1      mu_0         de        se_1        se_0
1   0.5 0.4087050 0.2328785 0.5237023 -0.2908238  0.03784695  0.02129782
2   1.0 0.3255704 0.1950316 0.5024045 -0.3073729  0.00000000  0.00000000
3   2.0 0.2482670 0.1677063 0.4801672 -0.3124609 -0.02732527 -0.02223728
           oe         te
1  0.08313450 -0.2695260
2  0.00000000 -0.3073729
3 -0.07730345 -0.3346982

[[1]]$se
  delta         mu       mu_1       mu_0         de       se_1       se_0
1   0.5 0.04003114 0.03974980 0.05485271 0.06247107 0.01863265 0.02112003
2   1.0 0.03187313 0.03319574 0.04881912 0.05392572 0.00000000 0.00000000
3   2.0 0.03164431 0.03676885 0.05097393 0.05846594 0.01558806 0.01861882
          oe         te
1 0.01763495 0.05814245
2 0.00000000 0.05392572
3 0.01481473 0.05627212


[1] "Total run time was 26.704 seconds"
