WARNING: ignoring environment value of R_HOME

Attaching package: ‘dplyr’

The following objects are masked from ‘package:stats’:

    filter, lag

The following objects are masked from ‘package:base’:

    intersect, setdiff, setequal, union

Loading required package: splines
Loading required package: foreach
Loaded gam 1.20.2

Super Learner
Version: 2.0-28
Package created on 2021-05-04

Loading required package: lattice
Loading required package: ggplot2
Loading required package: Matrix
Loaded glmnet 4.1-7
Loading required package: Formula
Loading required package: plotmo
Loading required package: plotrix
Loading required package: TeachingDemos
Loaded gbm 2.1.8.1

Attaching package: ‘xgboost’

The following object is masked from ‘package:dplyr’:

    slice

[1] "[Simulation setting]"
[1] "m: 100"
[1] "deltas: 0.5, 1, 2"
[1] "Sim.id 1"
[1] "Data generated"
[1] "   Split: 1"
[1] "   Split: 2"
[1] "Estimates and SE estimates computed"
[1] ""
[[1]]
[[1]]$est
  delta        mu      mu_1      mu_0         de        se_1        se_0
1   0.5 0.3988316 0.2454563 0.4429750 -0.1975187  0.01356372  0.00581782
2   1.0 0.3504222 0.2318926 0.4371572 -0.2052646  0.00000000  0.00000000
3   2.0 0.2905180 0.2072619 0.4197538 -0.2124919 -0.02463068 -0.01740340
           oe         te
1  0.04840939 -0.1917009
2  0.00000000 -0.2052646
3 -0.05990420 -0.2298953

[[1]]$se
  delta         mu       mu_1       mu_0         de       se_1       se_0
1   0.5 0.03746293 0.03786244 0.05774833 0.06419803 0.01801066 0.02703942
2   1.0 0.03081265 0.03547431 0.04757467 0.05470527 0.00000000 0.00000000
3   2.0 0.03403587 0.04255909 0.05073628 0.06374313 0.01850557 0.02233706
          oe         te
1 0.01862871 0.05542571
2 0.00000000 0.05470527
3 0.01658551 0.05988815


[1] "Total run time was 20.598 seconds"
