WARNING: ignoring environment value of R_HOME

Attaching package: ‘dplyr’

The following objects are masked from ‘package:stats’:

    filter, lag

The following objects are masked from ‘package:base’:

    intersect, setdiff, setequal, union

Loading required package: splines
Loading required package: foreach
Loaded gam 1.20.2

Super Learner
Version: 2.0-28
Package created on 2021-05-04

Loading required package: lattice
Loading required package: ggplot2
Loading required package: Matrix
Loaded glmnet 4.1-7
Loading required package: Formula
Loading required package: plotmo
Loading required package: plotrix
Loading required package: TeachingDemos
Loaded gbm 2.1.8.1

Attaching package: ‘xgboost’

The following object is masked from ‘package:dplyr’:

    slice

[1] "[Simulation setting]"
[1] "m: 100"
[1] "deltas: 0.5, 1, 2"
[1] "Sim.id 1"
[1] "Data generated"
[1] "   Split: 1"
[1] "   Split: 2"
[1] "Estimates and SE estimates computed"
[1] ""
[[1]]
[[1]]$est
  delta        mu      mu_1      mu_0         de        se_1        se_0
1   0.5 0.4417908 0.2398411 0.5633752 -0.3235342  0.03265189  0.03374520
2   1.0 0.3513261 0.2071892 0.5296300 -0.3224409  0.00000000  0.00000000
3   2.0 0.2676769 0.1796181 0.4963607 -0.3167426 -0.02757110 -0.03326934
           oe         te
1  0.09046467 -0.2897890
2  0.00000000 -0.3224409
3 -0.08364918 -0.3500120

[[1]]$se
  delta         mu       mu_1       mu_0         de       se_1       se_0
1   0.5 0.03352718 0.03787795 0.03776542 0.04501332 0.01411890 0.01533419
2   1.0 0.03201330 0.03497215 0.04057887 0.04649463 0.00000000 0.00000000
3   2.0 0.03288435 0.03546883 0.05005153 0.05588950 0.01297497 0.01874645
          oe         te
1 0.01327485 0.04619082
2 0.00000000 0.04649463
3 0.01347278 0.04935503


[1] "Total run time was 17.499 seconds"
