WARNING: ignoring environment value of R_HOME

Attaching package: ‘dplyr’

The following objects are masked from ‘package:stats’:

    filter, lag

The following objects are masked from ‘package:base’:

    intersect, setdiff, setequal, union

Loading required package: splines
Loading required package: foreach
Loaded gam 1.20.2

Super Learner
Version: 2.0-28
Package created on 2021-05-04

Loading required package: lattice
Loading required package: ggplot2
Loading required package: Matrix
Loaded glmnet 4.1-7
Loading required package: Formula
Loading required package: plotmo
Loading required package: plotrix
Loading required package: TeachingDemos
Loaded gbm 2.1.8.1

Attaching package: ‘xgboost’

The following object is masked from ‘package:dplyr’:

    slice

[1] "[Simulation setting]"
[1] "m: 100"
[1] "deltas: 0.5, 1, 2"
[1] "Sim.id 1"
[1] "Data generated"
[1] "   Split: 1"
[1] "   Split: 2"
[1] "Estimates and SE estimates computed"
[1] ""
[[1]]
[[1]]$est
  delta        mu      mu_1      mu_0         de        se_1        se_0
1   0.5 0.4155788 0.2370623 0.5063786 -0.2693163 -0.00563095 -0.02727438
2   1.0 0.3801007 0.2426933 0.5336530 -0.2909597  0.00000000  0.00000000
3   2.0 0.3267388 0.2291377 0.5550790 -0.3259414 -0.01355560  0.02142608
           oe         te
1  0.03547806 -0.2965906
2  0.00000000 -0.2909597
3 -0.05336192 -0.3045153

[[1]]$se
  delta         mu       mu_1       mu_0         de       se_1       se_0
1   0.5 0.03703475 0.03377261 0.05795284 0.05970127 0.01327630 0.02562438
2   1.0 0.03107432 0.03118744 0.04849299 0.04982780 0.00000000 0.00000000
3   2.0 0.03095150 0.03303404 0.05061544 0.05424011 0.01199574 0.02009268
          oe         te
1 0.01691272 0.05036846
2 0.00000000 0.04982780
3 0.01204641 0.05212200


[1] "Total run time was 32.559 seconds"
