WARNING: ignoring environment value of R_HOME

Attaching package: ‘dplyr’

The following objects are masked from ‘package:stats’:

    filter, lag

The following objects are masked from ‘package:base’:

    intersect, setdiff, setequal, union

Loading required package: splines
Loading required package: foreach
Loaded gam 1.20.2

Super Learner
Version: 2.0-28
Package created on 2021-05-04

Loading required package: lattice
Loading required package: ggplot2
Loading required package: Matrix
Loaded glmnet 4.1-7
Loading required package: Formula
Loading required package: plotmo
Loading required package: plotrix
Loading required package: TeachingDemos
Loaded gbm 2.1.8.1

Attaching package: ‘xgboost’

The following object is masked from ‘package:dplyr’:

    slice

[1] "[Simulation setting]"
[1] "m: 100"
[1] "deltas: 0.5, 1, 2"
[1] "r: 400"
[1] "Sim.id 1"
[1] "Data generated"
[1] "   Split: 1"
[1] "   Split: 2"
[1] "Estimates and SE estimates computed"
[1] ""
[[1]]
[[1]]$est
  delta        mu      mu_1      mu_0         de        se_1        se_0
1   0.5 0.4471086 0.2943384 0.5647384 -0.2704000 0.031860297  0.02795618
2   1.0 0.3708577 0.2624781 0.5367822 -0.2743041 0.000000000  0.00000000
3   2.0 0.3281607 0.2659923 0.5236004 -0.2576081 0.003514213 -0.01318181
           oe         te
1  0.07625088 -0.2424438
2  0.00000000 -0.2743041
3 -0.04269703 -0.2707899

[[1]]$se
  delta         mu       mu_1       mu_0         de       se_1       se_0
1   0.5 0.02669898 0.02775207 0.04074167 0.04990295 0.02004636 0.03247063
2   1.0 0.02323789 0.02122674 0.02961418 0.02444296 0.00000000 0.00000000
3   2.0 0.03446197 0.03284433 0.04502476 0.03827520 0.02632230 0.02621847
          oe         te
1 0.01826651 0.03327777
2 0.00000000 0.02444296
3 0.02579077 0.03568974


[1] "Total run time was 89.443 seconds"
