WARNING: ignoring environment value of R_HOME

Attaching package: ‘dplyr’

The following objects are masked from ‘package:stats’:

    filter, lag

The following objects are masked from ‘package:base’:

    intersect, setdiff, setequal, union

Loading required package: splines
Loading required package: foreach
Loaded gam 1.20.2

Super Learner
Version: 2.0-28
Package created on 2021-05-04

Loading required package: lattice
Loading required package: ggplot2
Loading required package: Matrix
Loaded glmnet 4.1-7
Loading required package: Formula
Loading required package: plotmo
Loading required package: plotrix
Loading required package: TeachingDemos
Loaded gbm 2.1.8.1

Attaching package: ‘xgboost’

The following object is masked from ‘package:dplyr’:

    slice

[1] "[Simulation setting]"
[1] "m: 100"
[1] "deltas: 0.5, 1, 2"
[1] "r: 400"
[1] "Sim.id 1"
[1] "Data generated"
[1] "   Split: 1"
[1] "   Split: 2"
[1] "Estimates and SE estimates computed"
[1] ""
[[1]]
[[1]]$est
  delta        mu      mu_1      mu_0         de         se_1        se_0
1   0.5 0.3990643 0.2208517 0.5353215 -0.3144699 -0.005647238  0.02796069
2   1.0 0.3393602 0.2264989 0.5073608 -0.2808619  0.000000000  0.00000000
3   2.0 0.2935042 0.2289776 0.4664401 -0.2374626  0.002478689 -0.04092069
           oe         te
1  0.05970408 -0.2865092
2  0.00000000 -0.2808619
3 -0.04585602 -0.2783832

[[1]]$se
  delta         mu       mu_1       mu_0         de       se_1       se_0
1   0.5 0.02071645 0.02283809 0.02621959 0.02903420 0.01620770 0.01968189
2   1.0 0.01873182 0.01840702 0.02542204 0.02506477 0.00000000 0.00000000
3   2.0 0.03156195 0.03208289 0.03751707 0.03491239 0.02500493 0.02573136
          oe         te
1 0.01445641 0.02966706
2 0.00000000 0.02506477
3 0.02381640 0.03476938


[1] "Total run time was 131.108 seconds"
