WARNING: ignoring environment value of R_HOME

Attaching package: ‘dplyr’

The following objects are masked from ‘package:stats’:

    filter, lag

The following objects are masked from ‘package:base’:

    intersect, setdiff, setequal, union

Loading required package: splines
Loading required package: foreach
Loaded gam 1.20.2

Super Learner
Version: 2.0-28
Package created on 2021-05-04

Loading required package: lattice
Loading required package: ggplot2
Loading required package: Matrix
Loaded glmnet 4.1-7
Loading required package: Formula
Loading required package: plotmo
Loading required package: plotrix
Loading required package: TeachingDemos
Loaded gbm 2.1.8.1

Attaching package: ‘xgboost’

The following object is masked from ‘package:dplyr’:

    slice

[1] "[Simulation setting]"
[1] "m: 100"
[1] "deltas: 0.5, 1, 2"
[1] "r: 400"
[1] "Sim.id 1"
[1] "Data generated"
[1] "   Split: 1"
[1] "   Split: 2"
[1] "Estimates and SE estimates computed"
[1] ""
[[1]]
[[1]]$est
  delta        mu      mu_1      mu_0         de       se_1        se_0
1   0.5 0.4581717 0.2712760 0.6004632 -0.3291872 0.02907639  0.08695183
2   1.0 0.3519120 0.2421996 0.5135113 -0.2713117 0.00000000  0.00000000
3   2.0 0.3382440 0.2816892 0.4934441 -0.2117549 0.03948960 -0.02006726
           oe         te
1  0.10625965 -0.2422353
2  0.00000000 -0.2713117
3 -0.01366798 -0.2318221

[[1]]$se
  delta         mu       mu_1       mu_0         de       se_1       se_0
1   0.5 0.04530183 0.03955512 0.05890709 0.04754027 0.03272291 0.04544482
2   1.0 0.02149496 0.02386485 0.02736957 0.02735768 0.00000000 0.00000000
3   2.0 0.05098898 0.05498225 0.03706725 0.03894480 0.04590148 0.03001030
          oe         te
1 0.03673574 0.03708027
2 0.00000000 0.02735768
3 0.04444982 0.05729287


[1] "Total run time was 65.675 seconds"
