WARNING: ignoring environment value of R_HOME

Attaching package: ‘dplyr’

The following objects are masked from ‘package:stats’:

    filter, lag

The following objects are masked from ‘package:base’:

    intersect, setdiff, setequal, union

Loading required package: splines
Loading required package: foreach
Loaded gam 1.20.2

Super Learner
Version: 2.0-28
Package created on 2021-05-04

Loading required package: lattice
Loading required package: ggplot2
Loading required package: Matrix
Loaded glmnet 4.1-7
Loading required package: Formula
Loading required package: plotmo
Loading required package: plotrix
Loading required package: TeachingDemos
Loaded gbm 2.1.8.1

Attaching package: ‘xgboost’

The following object is masked from ‘package:dplyr’:

    slice

[1] "[Simulation setting]"
[1] "m: 100"
[1] "deltas: 0.5, 1, 2"
[1] "r: 400"
[1] "Sim.id 1"
[1] "Data generated"
[1] "   Split: 1"
[1] "   Split: 2"
[1] "Estimates and SE estimates computed"
[1] ""
[[1]]
[[1]]$est
  delta        mu      mu_1      mu_0         de        se_1        se_0
1   0.5 0.4257360 0.2643265 0.5471554 -0.2828288  0.07770588  0.06523542
2   1.0 0.3060046 0.1866207 0.4819199 -0.2952993  0.00000000  0.00000000
3   2.0 0.2337165 0.1704551 0.4280009 -0.2575458 -0.01616552 -0.05391899
           oe         te
1  0.11973136 -0.2175934
2  0.00000000 -0.2952993
3 -0.07228811 -0.3114648

[[1]]$se
  delta         mu       mu_1       mu_0         de       se_1       se_0
1   0.5 0.04808989 0.05030006 0.06342693 0.06489826 0.04451736 0.05044204
2   1.0 0.02106839 0.02040509 0.02960545 0.02767735 0.00000000 0.00000000
3   2.0 0.03495827 0.04072111 0.04639396 0.05252087 0.03047437 0.03623003
          oe         te
1 0.03936432 0.05169700
2 0.00000000 0.02767735
3 0.02729316 0.04634794


[1] "Total run time was 69.186 seconds"
