WARNING: ignoring environment value of R_HOME

Attaching package: ‘dplyr’

The following objects are masked from ‘package:stats’:

    filter, lag

The following objects are masked from ‘package:base’:

    intersect, setdiff, setequal, union

Loading required package: splines
Loading required package: foreach
Loaded gam 1.20.2

Super Learner
Version: 2.0-28
Package created on 2021-05-04

Loading required package: lattice
Loading required package: ggplot2
Loading required package: Matrix
Loaded glmnet 4.1-7
Loading required package: Formula
Loading required package: plotmo
Loading required package: plotrix
Loading required package: TeachingDemos
Loaded gbm 2.1.8.1

Attaching package: ‘xgboost’

The following object is masked from ‘package:dplyr’:

    slice

[1] "[Simulation setting]"
[1] "m: 100"
[1] "deltas: 0.5, 1, 2"
[1] "r: 400"
[1] "Sim.id 1"
[1] "Data generated"
[1] "   Split: 1"
[1] "   Split: 2"
[1] "Estimates and SE estimates computed"
[1] ""
[[1]]
[[1]]$est
  delta        mu      mu_1      mu_0         de        se_1       se_0
1   0.5 0.4342452 0.3043730 0.5373885 -0.2330154  0.06122177 0.02289052
2   1.0 0.3591016 0.2431513 0.5144979 -0.2713467  0.00000000 0.00000000
3   2.0 0.3188609 0.2307695 0.5385280 -0.3077586 -0.01238179 0.02403009
           oe         te
1  0.07514360 -0.2101249
2  0.00000000 -0.2713467
3 -0.04024065 -0.2837285

[[1]]$se
  delta         mu       mu_1       mu_0         de       se_1       se_0
1   0.5 0.04141353 0.05800794 0.04665477 0.05741656 0.05087888 0.03274103
2   1.0 0.02171164 0.02143796 0.02935017 0.02984125 0.00000000 0.00000000
3   2.0 0.03693475 0.04338760 0.04801600 0.05209771 0.03225573 0.03804516
          oe         te
1 0.03044616 0.05723148
2 0.00000000 0.02984125
3 0.02820255 0.04782565


[1] "Total run time was 116.5 seconds"
