WARNING: ignoring environment value of R_HOME

Attaching package: ‘dplyr’

The following objects are masked from ‘package:stats’:

    filter, lag

The following objects are masked from ‘package:base’:

    intersect, setdiff, setequal, union

Loading required package: splines
Loading required package: foreach
Loaded gam 1.20.2

Super Learner
Version: 2.0-28
Package created on 2021-05-04

Loading required package: lattice
Loading required package: ggplot2
Loading required package: Matrix
Loaded glmnet 4.1-7
Loading required package: Formula
Loading required package: plotmo
Loading required package: plotrix
Loading required package: TeachingDemos
Loaded gbm 2.1.8.1

Attaching package: ‘xgboost’

The following object is masked from ‘package:dplyr’:

    slice

[1] "[Simulation setting]"
[1] "m: 100"
[1] "deltas: 0.5, 1, 2"
[1] "r: 400"
[1] "Sim.id 1"
[1] "Data generated"
[1] "   Split: 1"
[1] "   Split: 2"
[1] "Estimates and SE estimates computed"
[1] ""
[[1]]
[[1]]$est
  delta        mu      mu_1      mu_0         de        se_1        se_0
1   0.5 0.4927616 0.3002140 0.6256058 -0.3253918  0.03783276  0.03342459
2   1.0 0.3973505 0.2623812 0.5921813 -0.3298000  0.00000000  0.00000000
3   2.0 0.3235834 0.2370961 0.5786544 -0.3415583 -0.02528516 -0.01352689
           oe         te
1  0.09541114 -0.2919673
2  0.00000000 -0.3298000
3 -0.07376706 -0.3550852

[[1]]$se
  delta         mu       mu_1       mu_0         de       se_1       se_0
1   0.5 0.03030327 0.02801120 0.03638744 0.03316782 0.01794775 0.02044934
2   1.0 0.02529263 0.02338344 0.03087122 0.02576320 0.00000000 0.00000000
3   2.0 0.05070013 0.05485992 0.04944856 0.04400965 0.04659096 0.03991224
          oe         te
1 0.01622743 0.02877327
2 0.00000000 0.02576320
3 0.04294685 0.05570560


[1] "Total run time was 127.284 seconds"
