WARNING: ignoring environment value of R_HOME

Attaching package: ‘dplyr’

The following objects are masked from ‘package:stats’:

    filter, lag

The following objects are masked from ‘package:base’:

    intersect, setdiff, setequal, union

Loading required package: splines
Loading required package: foreach
Loaded gam 1.20.2

Super Learner
Version: 2.0-28
Package created on 2021-05-04

Loading required package: lattice
Loading required package: ggplot2
Loading required package: Matrix
Loaded glmnet 4.1-7
Loading required package: Formula
Loading required package: plotmo
Loading required package: plotrix
Loading required package: TeachingDemos
Loaded gbm 2.1.8.1

Attaching package: ‘xgboost’

The following object is masked from ‘package:dplyr’:

    slice

[1] "[Simulation setting]"
[1] "m: 100"
[1] "deltas: 0.5, 1, 2"
[1] "r: 400"
[1] "Sim.id 1"
[1] "Data generated"
[1] "   Split: 1"
[1] "   Split: 2"
[1] "Estimates and SE estimates computed"
[1] ""
[[1]]
[[1]]$est
  delta        mu      mu_1      mu_0         de       se_1        se_0
1   0.5 0.3907227 0.2150309 0.4928416 -0.2778107 0.00504376 -0.03764925
2   1.0 0.3501833 0.2099872 0.5304909 -0.3205037 0.00000000  0.00000000
3   2.0 0.3497657 0.2841312 0.5099632 -0.2258320 0.07414404 -0.02052768
             oe         te
1  0.0405393622 -0.3154599
2  0.0000000000 -0.3205037
3 -0.0004176831 -0.2463597

[[1]]$se
  delta         mu       mu_1       mu_0         de       se_1       se_0
1   0.5 0.03476633 0.03185361 0.05590712 0.06172301 0.02453323 0.04513694
2   1.0 0.02220845 0.01992486 0.03065668 0.02750089 0.00000000 0.00000000
3   2.0 0.03142529 0.04018675 0.05131414 0.06858146 0.03506746 0.03983940
          oe         te
1 0.02634063 0.03754366
2 0.00000000 0.02750089
3 0.02485025 0.04431199


[1] "Total run time was 95.702 seconds"
