WARNING: ignoring environment value of R_HOME

Attaching package: ‘dplyr’

The following objects are masked from ‘package:stats’:

    filter, lag

The following objects are masked from ‘package:base’:

    intersect, setdiff, setequal, union

Loading required package: splines
Loading required package: foreach
Loaded gam 1.20.2

Super Learner
Version: 2.0-28
Package created on 2021-05-04

Loading required package: lattice
Loading required package: ggplot2
Loading required package: Matrix
Loaded glmnet 4.1-7
Loading required package: Formula
Loading required package: plotmo
Loading required package: plotrix
Loading required package: TeachingDemos
Loaded gbm 2.1.8.1

Attaching package: ‘xgboost’

The following object is masked from ‘package:dplyr’:

    slice

[1] "[Simulation setting]"
[1] "m: 100"
[1] "deltas: 0.5, 1, 2"
[1] "r: 400"
[1] "Sim.id 1"
[1] "Data generated"
[1] "   Split: 1"
[1] "   Split: 2"
[1] "Estimates and SE estimates computed"
[1] ""
[[1]]
[[1]]$est
  delta        mu      mu_1      mu_0         de        se_1        se_0
1   0.5 0.4615852 0.2342941 0.6196009 -0.3853069  0.01982524  0.07447445
2   1.0 0.3496253 0.2144688 0.5451265 -0.3306576  0.00000000  0.00000000
3   2.0 0.2798655 0.2041027 0.4992932 -0.2951905 -0.01036614 -0.04583328
           oe         te
1  0.11195988 -0.3108324
2  0.00000000 -0.3306576
3 -0.06975982 -0.3410238

[[1]]$se
  delta         mu       mu_1       mu_0         de       se_1       se_0
1   0.5 0.03598142 0.02642869 0.05655294 0.05914657 0.02157330 0.04421444
2   1.0 0.02164307 0.02027350 0.03067650 0.02734569 0.00000000 0.00000000
3   2.0 0.03213635 0.03198227 0.04197416 0.03450743 0.02104766 0.03002679
          oe         te
1 0.02819818 0.03338968
2 0.00000000 0.02734569
3 0.02119535 0.03532611


[1] "Total run time was 135.391 seconds"
