WARNING: ignoring environment value of R_HOME

Attaching package: ‘dplyr’

The following objects are masked from ‘package:stats’:

    filter, lag

The following objects are masked from ‘package:base’:

    intersect, setdiff, setequal, union

Loading required package: splines
Loading required package: foreach
Loaded gam 1.20.2

Super Learner
Version: 2.0-28
Package created on 2021-05-04

Loading required package: lattice
Loading required package: ggplot2
Loading required package: Matrix
Loaded glmnet 4.1-7
Loading required package: Formula
Loading required package: plotmo
Loading required package: plotrix
Loading required package: TeachingDemos
Loaded gbm 2.1.8.1

Attaching package: ‘xgboost’

The following object is masked from ‘package:dplyr’:

    slice

[1] "[Simulation setting]"
[1] "m: 100"
[1] "deltas: 0.5, 1, 2"
[1] "r: 400"
[1] "Sim.id 1"
[1] "Data generated"
[1] "   Split: 1"
[1] "   Split: 2"
[1] "Estimates and SE estimates computed"
[1] ""
[[1]]
[[1]]$est
  delta        mu      mu_1      mu_0         de        se_1         se_0
1   0.5 0.4892412 0.3208510 0.6006973 -0.2798463  0.03961093  0.026832571
2   1.0 0.4058936 0.2812400 0.5738648 -0.2926247  0.00000000  0.000000000
3   2.0 0.3310532 0.2409171 0.5679696 -0.3270525 -0.04032292 -0.005895122
           oe         te
1  0.08334757 -0.2530138
2  0.00000000 -0.2926247
3 -0.07484047 -0.3329476

[[1]]$se
  delta         mu       mu_1       mu_0         de       se_1       se_0
1   0.5 0.03785765 0.04287742 0.03873480 0.03444144 0.03499005 0.02993155
2   1.0 0.02137653 0.02158718 0.02525626 0.02386582 0.00000000 0.00000000
3   2.0 0.02839681 0.03145902 0.04324371 0.05172120 0.02414649 0.03319489
          oe         te
1 0.02989042 0.04130816
2 0.00000000 0.02386582
3 0.02009659 0.03466773


[1] "Total run time was 145.158 seconds"
