WARNING: ignoring environment value of R_HOME

Attaching package: ‘dplyr’

The following objects are masked from ‘package:stats’:

    filter, lag

The following objects are masked from ‘package:base’:

    intersect, setdiff, setequal, union

Loading required package: splines
Loading required package: foreach
Loaded gam 1.20.2

Super Learner
Version: 2.0-28
Package created on 2021-05-04

Loading required package: lattice
Loading required package: ggplot2
Loading required package: Matrix
Loaded glmnet 4.1-7
Loading required package: Formula
Loading required package: plotmo
Loading required package: plotrix
Loading required package: TeachingDemos
Loaded gbm 2.1.8.1

Attaching package: ‘xgboost’

The following object is masked from ‘package:dplyr’:

    slice

[1] "[Simulation setting]"
[1] "m: 100"
[1] "deltas: 0.5, 1, 2"
[1] "r: 400"
[1] "Sim.id 1"
[1] "Data generated"
[1] "   Split: 1"
[1] "   Split: 2"
[1] "Estimates and SE estimates computed"
[1] ""
[[1]]
[[1]]$est
  delta        mu      mu_1      mu_0         de         se_1        se_0
1   0.5 0.4681547 0.2730148 0.6042714 -0.3312566 -0.007567021  0.08054292
2   1.0 0.3845103 0.2805818 0.5237285 -0.2431466  0.000000000  0.00000000
3   2.0 0.3130485 0.2338685 0.5067282 -0.2728597 -0.046713350 -0.01700025
           oe         te
1  0.08364433 -0.2507136
2  0.00000000 -0.2431466
3 -0.07146186 -0.2898600

[[1]]$se
  delta         mu       mu_1       mu_0         de       se_1       se_0
1   0.5 0.04071969 0.02944632 0.06709264 0.07620454 0.02128645 0.05781686
2   1.0 0.02398793 0.02369922 0.03017999 0.02662008 0.00000000 0.00000000
3   2.0 0.02894281 0.03344385 0.03886481 0.04594417 0.02733427 0.02152430
          oe         te
1 0.03326865 0.03396864
2 0.00000000 0.02662008
3 0.02025573 0.03941471


[1] "Total run time was 124.561 seconds"
