WARNING: ignoring environment value of R_HOME

Attaching package: ‘dplyr’

The following objects are masked from ‘package:stats’:

    filter, lag

The following objects are masked from ‘package:base’:

    intersect, setdiff, setequal, union

Loading required package: splines
Loading required package: foreach
Loaded gam 1.20.2

Super Learner
Version: 2.0-28
Package created on 2021-05-04

Loading required package: lattice
Loading required package: ggplot2
Loading required package: Matrix
Loaded glmnet 4.1-7
Loading required package: Formula
Loading required package: plotmo
Loading required package: plotrix
Loading required package: TeachingDemos
Loaded gbm 2.1.8.1

Attaching package: ‘xgboost’

The following object is masked from ‘package:dplyr’:

    slice

[1] "[Simulation setting]"
[1] "m: 100"
[1] "deltas: 0.5, 1, 2"
[1] "r: 400"
[1] "Sim.id 1"
[1] "Data generated"
[1] "   Split: 1"
[1] "   Split: 2"
[1] "Estimates and SE estimates computed"
[1] ""
[[1]]
[[1]]$est
  delta        mu      mu_1      mu_0         de         se_1         se_0
1   0.5 0.4210732 0.2328012 0.5453584 -0.3125572  0.009736072  0.007651106
2   1.0 0.3551002 0.2230651 0.5377073 -0.3146422  0.000000000  0.000000000
3   2.0 0.2908744 0.2046550 0.5302150 -0.3255599 -0.018410068 -0.007492329
           oe         te
1  0.06597297 -0.3049061
2  0.00000000 -0.3146422
3 -0.06422577 -0.3330523

[[1]]$se
  delta         mu       mu_1       mu_0         de       se_1       se_0
1   0.5 0.03856860 0.04049871 0.04301625 0.03400745 0.03072452 0.02811635
2   1.0 0.02349290 0.02212576 0.02930735 0.02506040 0.00000000 0.00000000
3   2.0 0.03065283 0.03108792 0.03669442 0.03357559 0.02217315 0.02542189
          oe         te
1 0.02570368 0.03567005
2 0.00000000 0.02506040
3 0.02199958 0.03560849


[1] "Total run time was 155.57 seconds"
