WARNING: ignoring environment value of R_HOME

Attaching package: ‘dplyr’

The following objects are masked from ‘package:stats’:

    filter, lag

The following objects are masked from ‘package:base’:

    intersect, setdiff, setequal, union

Loading required package: splines
Loading required package: foreach
Loaded gam 1.20.2

Super Learner
Version: 2.0-28
Package created on 2021-05-04

Loading required package: lattice
Loading required package: ggplot2
Loading required package: Matrix
Loaded glmnet 4.1-7
Loading required package: Formula
Loading required package: plotmo
Loading required package: plotrix
Loading required package: TeachingDemos
Loaded gbm 2.1.8.1

Attaching package: ‘xgboost’

The following object is masked from ‘package:dplyr’:

    slice

[1] "[Simulation setting]"
[1] "m: 100"
[1] "deltas: 0.5, 1, 2"
[1] "r: 400"
[1] "Sim.id 1"
[1] "Data generated"
[1] "   Split: 1"
[1] "   Split: 2"
[1] "Estimates and SE estimates computed"
[1] ""
[[1]]
[[1]]$est
  delta        mu      mu_1      mu_0         de        se_1        se_0
1   0.5 0.4697462 0.2735164 0.6031678 -0.3296514  0.05358040  0.03826485
2   1.0 0.3572886 0.2199360 0.5649029 -0.3449670  0.00000000  0.00000000
3   2.0 0.2801589 0.2066963 0.5486498 -0.3419535 -0.01323968 -0.01625315
          oe         te
1  0.1124575 -0.2913866
2  0.0000000 -0.3449670
3 -0.0771297 -0.3582066

[[1]]$se
  delta         mu       mu_1       mu_0         de       se_1       se_0
1   0.5 0.02331367 0.02678008 0.02813409 0.03426064 0.01790696 0.01978346
2   1.0 0.02099246 0.02431590 0.02619292 0.02980905 0.00000000 0.00000000
3   2.0 0.03385890 0.04666125 0.04402914 0.05966516 0.03272008 0.03271785
          oe         te
1 0.01407567 0.03061657
2 0.00000000 0.02980905
3 0.02595254 0.05221699


[1] "Total run time was 58.8 seconds"
