WARNING: ignoring environment value of R_HOME

Attaching package: ‘dplyr’

The following objects are masked from ‘package:stats’:

    filter, lag

The following objects are masked from ‘package:base’:

    intersect, setdiff, setequal, union

Loading required package: splines
Loading required package: foreach
Loaded gam 1.20.2

Super Learner
Version: 2.0-28
Package created on 2021-05-04

Loading required package: lattice
Loading required package: ggplot2
Loading required package: Matrix
Loaded glmnet 4.1-7
Loading required package: Formula
Loading required package: plotmo
Loading required package: plotrix
Loading required package: TeachingDemos
Loaded gbm 2.1.8.1

Attaching package: ‘xgboost’

The following object is masked from ‘package:dplyr’:

    slice

[1] "[Simulation setting]"
[1] "m: 100"
[1] "deltas: 0.5, 1, 2"
[1] "r: 400"
[1] "Sim.id 1"
[1] "Data generated"
[1] "   Split: 1"
[1] "   Split: 2"
[1] "Estimates and SE estimates computed"
[1] ""
[[1]]
[[1]]$est
  delta        mu      mu_1      mu_0         de        se_1         se_0
1   0.5 0.3862678 0.2342411 0.4925631 -0.2583219  0.02079939 -0.031351693
2   1.0 0.3471240 0.2134418 0.5239148 -0.3104730  0.00000000  0.000000000
3   2.0 0.2400135 0.1334620 0.5139322 -0.3804702 -0.07997976 -0.009982584
           oe         te
1  0.03914379 -0.2896736
2  0.00000000 -0.3104730
3 -0.10711058 -0.3904528

[[1]]$se
  delta         mu       mu_1       mu_0         de       se_1       se_0
1   0.5 0.03328621 0.03330503 0.03928169 0.03473585 0.02580947 0.02774525
2   1.0 0.02281574 0.02238961 0.02813031 0.02662585 0.00000000 0.00000000
3   2.0 0.03374948 0.03918386 0.03737204 0.04407104 0.02919577 0.02857577
          oe         te
1 0.02492766 0.03411965
2 0.00000000 0.02662585
3 0.02462460 0.04309961


[1] "Total run time was 122.284 seconds"
