WARNING: ignoring environment value of R_HOME

Attaching package: ‘dplyr’

The following objects are masked from ‘package:stats’:

    filter, lag

The following objects are masked from ‘package:base’:

    intersect, setdiff, setequal, union

Loading required package: splines
Loading required package: foreach
Loaded gam 1.20.2

Super Learner
Version: 2.0-28
Package created on 2021-05-04

Loading required package: lattice
Loading required package: ggplot2
Loading required package: Matrix
Loaded glmnet 4.1-7
Loading required package: Formula
Loading required package: plotmo
Loading required package: plotrix
Loading required package: TeachingDemos
Loaded gbm 2.1.8.1

Attaching package: ‘xgboost’

The following object is masked from ‘package:dplyr’:

    slice

[1] "[Simulation setting]"
[1] "m: 100"
[1] "deltas: 0.5, 1, 2"
[1] "r: 400"
[1] "Sim.id 1"
[1] "Data generated"
[1] "   Split: 1"
[1] "   Split: 2"
[1] "Estimates and SE estimates computed"
[1] ""
[[1]]
[[1]]$est
  delta        mu      mu_1      mu_0         de       se_1        se_0
1   0.5 0.3919146 0.2670174 0.4809507 -0.2139332 0.03683013 -0.04529178
2   1.0 0.3498601 0.2301873 0.5262425 -0.2960551 0.00000000  0.00000000
3   2.0 0.3423135 0.2727336 0.5552276 -0.2824941 0.04254626  0.02898518
           oe         te
1  0.04205458 -0.2592250
2  0.00000000 -0.2960551
3 -0.00754652 -0.2535089

[[1]]$se
  delta         mu       mu_1       mu_0         de       se_1       se_0
1   0.5 0.02928294 0.04364729 0.05339884 0.08009821 0.03778075 0.04758760
2   1.0 0.02266852 0.02280086 0.02973667 0.02821402 0.00000000 0.00000000
3   2.0 0.04642928 0.05603771 0.04226952 0.05374509 0.04533537 0.03020306
          oe         te
1 0.02450458 0.04566178
2 0.00000000 0.02821402
3 0.03786319 0.05574368


[1] "Total run time was 147.215 seconds"
