WARNING: ignoring environment value of R_HOME

Attaching package: ‘dplyr’

The following objects are masked from ‘package:stats’:

    filter, lag

The following objects are masked from ‘package:base’:

    intersect, setdiff, setequal, union

Loading required package: splines
Loading required package: foreach
Loaded gam 1.20.2

Super Learner
Version: 2.0-28
Package created on 2021-05-04

Loading required package: lattice
Loading required package: ggplot2
Loading required package: Matrix
Loaded glmnet 4.1-7
Loading required package: Formula
Loading required package: plotmo
Loading required package: plotrix
Loading required package: TeachingDemos
Loaded gbm 2.1.8.1

Attaching package: ‘xgboost’

The following object is masked from ‘package:dplyr’:

    slice

[1] "[Simulation setting]"
[1] "m: 100"
[1] "deltas: 0.5, 1, 2"
[1] "r: 400"
[1] "Sim.id 1"
[1] "Data generated"
[1] "   Split: 1"
[1] "   Split: 2"
[1] "Estimates and SE estimates computed"
[1] ""
[[1]]
[[1]]$est
  delta        mu      mu_1      mu_0         de         se_1         se_0
1   0.5 0.4606473 0.2626680 0.5974389 -0.3347709  0.009711375  0.011773942
2   1.0 0.3914539 0.2529566 0.5856649 -0.3327083  0.000000000  0.000000000
3   2.0 0.3084883 0.2159814 0.5797292 -0.3637478 -0.036975225 -0.005935779
           oe         te
1  0.06919342 -0.3229970
2  0.00000000 -0.3327083
3 -0.08296562 -0.3696836

[[1]]$se
  delta         mu       mu_1       mu_0         de       se_1       se_0
1   0.5 0.05225379 0.03529114 0.08562786 0.08055640 0.02733869 0.07672915
2   1.0 0.02341857 0.02490652 0.02879763 0.02720104 0.00000000 0.00000000
3   2.0 0.03730287 0.04137585 0.04981120 0.05553611 0.02965607 0.04008264
          oe         te
1 0.04723027 0.03606765
2 0.00000000 0.02720104
3 0.02724046 0.04301244


[1] "Total run time was 118.069 seconds"
