WARNING: ignoring environment value of R_HOME

Attaching package: ‘dplyr’

The following objects are masked from ‘package:stats’:

    filter, lag

The following objects are masked from ‘package:base’:

    intersect, setdiff, setequal, union

Loading required package: splines
Loading required package: foreach
Loaded gam 1.20.2

Super Learner
Version: 2.0-28
Package created on 2021-05-04

Loading required package: lattice
Loading required package: ggplot2
Loading required package: Matrix
Loaded glmnet 4.1-7
Loading required package: Formula
Loading required package: plotmo
Loading required package: plotrix
Loading required package: TeachingDemos
Loaded gbm 2.1.8.1

Attaching package: ‘xgboost’

The following object is masked from ‘package:dplyr’:

    slice

[1] "[Simulation setting]"
[1] "m: 100"
[1] "deltas: 0.5, 1, 2"
[1] "r: 400"
[1] "Sim.id 1"
[1] "Data generated"
[1] "   Split: 1"
[1] "   Split: 2"
[1] "Estimates and SE estimates computed"
[1] ""
[[1]]
[[1]]$est
  delta        mu      mu_1      mu_0         de        se_1        se_0
1   0.5 0.4799947 0.2944348 0.5969573 -0.3025225  0.03541437  0.02121128
2   1.0 0.3988849 0.2590204 0.5757460 -0.3167256  0.00000000  0.00000000
3   2.0 0.3322449 0.2389252 0.5620210 -0.3230957 -0.02009516 -0.01372506
           oe         te
1  0.08110974 -0.2813112
2  0.00000000 -0.3167256
3 -0.06664008 -0.3368208

[[1]]$se
  delta         mu       mu_1       mu_0         de       se_1       se_0
1   0.5 0.04901081 0.04184009 0.06055547 0.04729122 0.03323589 0.04785605
2   1.0 0.02279564 0.02082403 0.02943125 0.02601104 0.00000000 0.00000000
3   2.0 0.02848340 0.02818351 0.03816921 0.03585573 0.01757005 0.02460907
          oe         te
1 0.03920395 0.03895176
2 0.00000000 0.02601104
3 0.01735828 0.03206047


[1] "Total run time was 130.059 seconds"
