WARNING: ignoring environment value of R_HOME

Attaching package: ‘dplyr’

The following objects are masked from ‘package:stats’:

    filter, lag

The following objects are masked from ‘package:base’:

    intersect, setdiff, setequal, union

Loading required package: splines
Loading required package: foreach
Loaded gam 1.20.2

Super Learner
Version: 2.0-28
Package created on 2021-05-04

Loading required package: lattice
Loading required package: ggplot2
Loading required package: Matrix
Loaded glmnet 4.1-7
Loading required package: Formula
Loading required package: plotmo
Loading required package: plotrix
Loading required package: TeachingDemos
Loaded gbm 2.1.8.1

Attaching package: ‘xgboost’

The following object is masked from ‘package:dplyr’:

    slice

[1] "[Simulation setting]"
[1] "m: 100"
[1] "deltas: 0.5, 1, 2"
[1] "r: 400"
[1] "Sim.id 1"
[1] "Data generated"
[1] "   Split: 1"
[1] "   Split: 2"
[1] "Estimates and SE estimates computed"
[1] ""
[[1]]
[[1]]$est
  delta        mu      mu_1      mu_0         de        se_1         se_0
1   0.5 0.4603507 0.3020307 0.5695845 -0.2675538  0.05953402  0.008634169
2   1.0 0.3773676 0.2424967 0.5609503 -0.3184537  0.00000000  0.000000000
3   2.0 0.2932466 0.2075483 0.5281611 -0.3206128 -0.03494831 -0.032789205
           oe         te
1  0.08298311 -0.2589196
2  0.00000000 -0.3184537
3 -0.08412096 -0.3534020

[[1]]$se
  delta         mu       mu_1       mu_0         de       se_1       se_0
1   0.5 0.02640710 0.02622825 0.03058845 0.02795226 0.01567633 0.02205625
2   1.0 0.02221093 0.02138342 0.02865465 0.02583447 0.00000000 0.00000000
3   2.0 0.02891784 0.03362513 0.03806602 0.04571088 0.02651474 0.02744657
          oe         te
1 0.01500070 0.02734784
2 0.00000000 0.02583447
3 0.02390043 0.04028821


[1] "Total run time was 140.31 seconds"
