WARNING: ignoring environment value of R_HOME

Attaching package: ‘dplyr’

The following objects are masked from ‘package:stats’:

    filter, lag

The following objects are masked from ‘package:base’:

    intersect, setdiff, setequal, union

Loading required package: splines
Loading required package: foreach
Loaded gam 1.20.2

Super Learner
Version: 2.0-28
Package created on 2021-05-04

Loading required package: lattice
Loading required package: ggplot2
Loading required package: Matrix
Loaded glmnet 4.1-7
Loading required package: Formula
Loading required package: plotmo
Loading required package: plotrix
Loading required package: TeachingDemos
Loaded gbm 2.1.8.1

Attaching package: ‘xgboost’

The following object is masked from ‘package:dplyr’:

    slice

[1] "[Simulation setting]"
[1] "m: 100"
[1] "deltas: 0.5, 1, 2"
[1] "r: 400"
[1] "Sim.id 1"
[1] "Data generated"
[1] "   Split: 1"
[1] "   Split: 2"
[1] "Estimates and SE estimates computed"
[1] ""
[[1]]
[[1]]$est
  delta        mu      mu_1      mu_0         de        se_1        se_0
1   0.5 0.4592248 0.2379134 0.6184703 -0.3805569  0.01235690  0.04231138
2   1.0 0.3719644 0.2255565 0.5761589 -0.3506025  0.00000000  0.00000000
3   2.0 0.2978130 0.2093215 0.5506915 -0.3413700 -0.01623496 -0.02546741
           oe         te
1  0.08726043 -0.3382456
2  0.00000000 -0.3506025
3 -0.07415137 -0.3668374

[[1]]$se
  delta         mu       mu_1       mu_0         de       se_1       se_0
1   0.5 0.03716135 0.03314815 0.04817775 0.04994275 0.02525571 0.04008962
2   1.0 0.02280572 0.01975821 0.02982615 0.02637238 0.00000000 0.00000000
3   2.0 0.02668396 0.02660413 0.03886088 0.03814887 0.01821855 0.02552945
          oe         te
1 0.02854067 0.03733602
2 0.00000000 0.02637238
3 0.01944049 0.03355970


[1] "Total run time was 88.121 seconds"
