WARNING: ignoring environment value of R_HOME

Attaching package: ‘dplyr’

The following objects are masked from ‘package:stats’:

    filter, lag

The following objects are masked from ‘package:base’:

    intersect, setdiff, setequal, union

Loading required package: splines
Loading required package: foreach
Loaded gam 1.20.2

Super Learner
Version: 2.0-28
Package created on 2021-05-04

Loading required package: lattice
Loading required package: ggplot2
Loading required package: Matrix
Loaded glmnet 4.1-7
Loading required package: Formula
Loading required package: plotmo
Loading required package: plotrix
Loading required package: TeachingDemos
Loaded gbm 2.1.8.1

Attaching package: ‘xgboost’

The following object is masked from ‘package:dplyr’:

    slice

[1] "[Simulation setting]"
[1] "m: 100"
[1] "deltas: 0.5, 1, 2"
[1] "r: 400"
[1] "Sim.id 1"
[1] "Data generated"
[1] "   Split: 1"
[1] "   Split: 2"
[1] "Estimates and SE estimates computed"
[1] ""
[[1]]
[[1]]$est
  delta        mu      mu_1      mu_0         de        se_1        se_0
1   0.5 0.4307045 0.2719231 0.5444564 -0.2725333 0.005427595  0.01751213
2   1.0 0.3757147 0.2664955 0.5269443 -0.2604488 0.000000000  0.00000000
3   2.0 0.3291453 0.2683274 0.4942622 -0.2259349 0.001831873 -0.03268203
           oe         te
1  0.05498978 -0.2550212
2  0.00000000 -0.2604488
3 -0.04656944 -0.2586169

[[1]]$se
  delta         mu       mu_1       mu_0         de       se_1       se_0
1   0.5 0.03964922 0.04227374 0.04905587 0.04585602 0.03506092 0.04003993
2   1.0 0.02005099 0.01919500 0.02946999 0.02832315 0.00000000 0.00000000
3   2.0 0.02694153 0.02790228 0.03746646 0.03699459 0.02046784 0.02642518
          oe         te
1 0.03297129 0.04484256
2 0.00000000 0.02832315
3 0.02021213 0.03535031


[1] "Total run time was 47.78 seconds"
