WARNING: ignoring environment value of R_HOME

Attaching package: ‘dplyr’

The following objects are masked from ‘package:stats’:

    filter, lag

The following objects are masked from ‘package:base’:

    intersect, setdiff, setequal, union

Loading required package: splines
Loading required package: foreach
Loaded gam 1.20.2

Super Learner
Version: 2.0-28
Package created on 2021-05-04

Loading required package: lattice
Loading required package: ggplot2
Loading required package: Matrix
Loaded glmnet 4.1-7
Loading required package: Formula
Loading required package: plotmo
Loading required package: plotrix
Loading required package: TeachingDemos
Loaded gbm 2.1.8.1

Attaching package: ‘xgboost’

The following object is masked from ‘package:dplyr’:

    slice

[1] "[Simulation setting]"
[1] "m: 100"
[1] "deltas: 0.5, 1, 2"
[1] "r: 400"
[1] "Sim.id 1"
[1] "Data generated"
[1] "   Split: 1"
[1] "   Split: 2"
[1] "Estimates and SE estimates computed"
[1] ""
[[1]]
[[1]]$est
  delta        mu      mu_1      mu_0         de         se_1        se_0
1   0.5 0.4473220 0.2400273 0.5910758 -0.3510485  0.009227831  0.04559163
2   1.0 0.3621586 0.2307995 0.5454842 -0.3146847  0.000000000  0.00000000
3   2.0 0.2837552 0.2016980 0.5260634 -0.3243653 -0.029101421 -0.01942079
           oe         te
1  0.08516340 -0.3054569
2  0.00000000 -0.3146847
3 -0.07840342 -0.3437861

[[1]]$se
  delta         mu       mu_1       mu_0         de       se_1       se_0
1   0.5 0.02754841 0.02965249 0.03710397 0.04165015 0.02207496 0.02420240
2   1.0 0.02031527 0.02003882 0.02889744 0.02799524 0.00000000 0.00000000
3   2.0 0.02705102 0.02812501 0.04490128 0.04848857 0.01825859 0.03356207
          oe         te
1 0.01788697 0.03572985
2 0.00000000 0.02799524
3 0.01715722 0.03407035


[1] "Total run time was 43.578 seconds"
