WARNING: ignoring environment value of R_HOME

Attaching package: ‘dplyr’

The following objects are masked from ‘package:stats’:

    filter, lag

The following objects are masked from ‘package:base’:

    intersect, setdiff, setequal, union

Loading required package: splines
Loading required package: foreach
Loaded gam 1.20.2

Super Learner
Version: 2.0-28
Package created on 2021-05-04

Loading required package: lattice
Loading required package: ggplot2
Loading required package: Matrix
Loaded glmnet 4.1-7
Loading required package: Formula
Loading required package: plotmo
Loading required package: plotrix
Loading required package: TeachingDemos
Loaded gbm 2.1.8.1

Attaching package: ‘xgboost’

The following object is masked from ‘package:dplyr’:

    slice

[1] "[Simulation setting]"
[1] "m: 100"
[1] "deltas: 0.5, 1, 2"
[1] "r: 400"
[1] "Sim.id 1"
[1] "Data generated"
[1] "   Split: 1"
[1] "   Split: 2"
[1] "Estimates and SE estimates computed"
[1] ""
[[1]]
[[1]]$est
  delta        mu      mu_1      mu_0         de        se_1         se_0
1   0.5 0.4670075 0.3152554 0.5784513 -0.2631959  0.05074198 -0.009931586
2   1.0 0.3997947 0.2645134 0.5883828 -0.3238694  0.00000000  0.000000000
3   2.0 0.3121049 0.2075720 0.6009879 -0.3934160 -0.05694145  0.012605099
           oe         te
1  0.06721286 -0.2731275
2  0.00000000 -0.3238694
3 -0.08768972 -0.3808109

[[1]]$se
  delta         mu       mu_1       mu_0         de       se_1       se_0
1   0.5 0.03839288 0.03930828 0.04715696 0.04256999 0.03192854 0.03195567
2   1.0 0.02107301 0.01862545 0.02905934 0.02601674 0.00000000 0.00000000
3   2.0 0.02674799 0.03115504 0.04825250 0.06070049 0.02695254 0.04049116
          oe         te
1 0.02841691 0.03732027
2 0.00000000 0.02601674
3 0.02167289 0.03978852


[1] "Total run time was 150.651 seconds"
