WARNING: ignoring environment value of R_HOME

Attaching package: ‘dplyr’

The following objects are masked from ‘package:stats’:

    filter, lag

The following objects are masked from ‘package:base’:

    intersect, setdiff, setequal, union

Loading required package: splines
Loading required package: foreach
Loaded gam 1.20.2

Super Learner
Version: 2.0-28
Package created on 2021-05-04

Loading required package: lattice
Loading required package: ggplot2
Loading required package: Matrix
Loaded glmnet 4.1-7
Loading required package: Formula
Loading required package: plotmo
Loading required package: plotrix
Loading required package: TeachingDemos
Loaded gbm 2.1.8.1

Attaching package: ‘xgboost’

The following object is masked from ‘package:dplyr’:

    slice

[1] "[Simulation setting]"
[1] "m: 100"
[1] "deltas: 0.5, 1, 2"
[1] "r: 400"
[1] "Sim.id 1"
[1] "Data generated"
[1] "   Split: 1"
[1] "   Split: 2"
[1] "Estimates and SE estimates computed"
[1] ""
[[1]]
[[1]]$est
  delta        mu      mu_1      mu_0         de        se_1        se_0
1   0.5 0.4975153 0.3481081 0.5951174 -0.2470092  0.09556406  0.06547361
2   1.0 0.3719542 0.2525441 0.5296438 -0.2770997  0.00000000  0.00000000
3   2.0 0.2865871 0.2191095 0.4630710 -0.2439615 -0.03343456 -0.06657280
           oe         te
1  0.12556107 -0.1815356
2  0.00000000 -0.2770997
3 -0.08536715 -0.3105343

[[1]]$se
  delta         mu       mu_1       mu_0         de       se_1       se_0
1   0.5 0.02906243 0.03647360 0.03061507 0.03623874 0.02439126 0.02325717
2   1.0 0.02435989 0.02374444 0.02837577 0.02320076 0.00000000 0.00000000
3   2.0 0.03143345 0.02979805 0.04294452 0.03467390 0.01840721 0.02990136
          oe         te
1 0.01862391 0.03381927
2 0.00000000 0.02320076
3 0.01929744 0.03025248


[1] "Total run time was 88.149 seconds"
