WARNING: ignoring environment value of R_HOME

Attaching package: ‘dplyr’

The following objects are masked from ‘package:stats’:

    filter, lag

The following objects are masked from ‘package:base’:

    intersect, setdiff, setequal, union

Loading required package: splines
Loading required package: foreach
Loaded gam 1.20.2

Super Learner
Version: 2.0-28
Package created on 2021-05-04

Loading required package: lattice
Loading required package: ggplot2
Loading required package: Matrix
Loaded glmnet 4.1-7
Loading required package: Formula
Loading required package: plotmo
Loading required package: plotrix
Loading required package: TeachingDemos
Loaded gbm 2.1.8.1

Attaching package: ‘xgboost’

The following object is masked from ‘package:dplyr’:

    slice

[1] "[Simulation setting]"
[1] "m: 100"
[1] "deltas: 0.5, 1, 2"
[1] "r: 400"
[1] "Sim.id 1"
[1] "Data generated"
[1] "   Split: 1"
[1] "   Split: 2"
[1] "Estimates and SE estimates computed"
[1] ""
[[1]]
[[1]]$est
  delta        mu      mu_1      mu_0         de       se_1        se_0
1   0.5 0.4423765 0.2889365 0.5501238 -0.2611873 0.02442430  0.03617478
2   1.0 0.3609903 0.2645122 0.5139490 -0.2494368 0.00000000  0.00000000
3   2.0 0.3233152 0.2774791 0.4604734 -0.1829943 0.01296685 -0.05347563
           oe         te
1  0.08138620 -0.2250125
2  0.00000000 -0.2494368
3 -0.03767512 -0.2364699

[[1]]$se
  delta         mu       mu_1       mu_0         de       se_1       se_0
1   0.5 0.04036657 0.03602318 0.05995708 0.04721230 0.03074443 0.05149934
2   1.0 0.02154191 0.01975172 0.03130664 0.02779614 0.00000000 0.00000000
3   2.0 0.04180264 0.04623997 0.04529659 0.04643782 0.04148395 0.03163541
          oe         te
1 0.03414238 0.04076458
2 0.00000000 0.02779614
3 0.03615037 0.04912886


[1] "Total run time was 139.196 seconds"
