WARNING: ignoring environment value of R_HOME

Attaching package: ‘dplyr’

The following objects are masked from ‘package:stats’:

    filter, lag

The following objects are masked from ‘package:base’:

    intersect, setdiff, setequal, union

Loading required package: splines
Loading required package: foreach
Loaded gam 1.20.2

Super Learner
Version: 2.0-28
Package created on 2021-05-04

Loading required package: lattice
Loading required package: ggplot2
Loading required package: Matrix
Loaded glmnet 4.1-7
Loading required package: Formula
Loading required package: plotmo
Loading required package: plotrix
Loading required package: TeachingDemos
Loaded gbm 2.1.8.1

Attaching package: ‘xgboost’

The following object is masked from ‘package:dplyr’:

    slice

[1] "[Simulation setting]"
[1] "m: 100"
[1] "deltas: 0.5, 1, 2"
[1] "r: 400"
[1] "Sim.id 1"
[1] "Data generated"
[1] "   Split: 1"
[1] "   Split: 2"
[1] "Estimates and SE estimates computed"
[1] ""
[[1]]
[[1]]$est
  delta        mu      mu_1      mu_0         de        se_1        se_0
1   0.5 0.4142311 0.2292602 0.5532449 -0.3239847  0.02745393  0.05170473
2   1.0 0.3223603 0.2018063 0.5015401 -0.2997339  0.00000000  0.00000000
3   2.0 0.2258156 0.1633126 0.4107956 -0.2474829 -0.03849364 -0.09074457
           oe         te
1  0.09187084 -0.2722799
2  0.00000000 -0.2997339
3 -0.09654470 -0.3382275

[[1]]$se
  delta         mu       mu_1       mu_0         de       se_1       se_0
1   0.5 0.02464029 0.02474254 0.03035525 0.03233359 0.01723877 0.01836188
2   1.0 0.02305317 0.02033580 0.03038676 0.02605645 0.00000000 0.00000000
3   2.0 0.02920272 0.02791594 0.03936539 0.03330344 0.01802242 0.02523421
          oe         te
1 0.01298504 0.03222582
2 0.00000000 0.02605645
3 0.01707642 0.03008856


[1] "Total run time was 63.063 seconds"
