WARNING: ignoring environment value of R_HOME

Attaching package: ‘dplyr’

The following objects are masked from ‘package:stats’:

    filter, lag

The following objects are masked from ‘package:base’:

    intersect, setdiff, setequal, union

Loading required package: splines
Loading required package: foreach
Loaded gam 1.20.2

Super Learner
Version: 2.0-28
Package created on 2021-05-04

Loading required package: lattice
Loading required package: ggplot2
Loading required package: Matrix
Loaded glmnet 4.1-7
Loading required package: Formula
Loading required package: plotmo
Loading required package: plotrix
Loading required package: TeachingDemos
Loaded gbm 2.1.8.1

Attaching package: ‘xgboost’

The following object is masked from ‘package:dplyr’:

    slice

[1] "[Simulation setting]"
[1] "m: 100"
[1] "deltas: 0.5, 1, 2"
[1] "r: 400"
[1] "Sim.id 1"
[1] "Data generated"
[1] "   Split: 1"
[1] "   Split: 2"
[1] "Estimates and SE estimates computed"
[1] ""
[[1]]
[[1]]$est
  delta        mu      mu_1      mu_0         de        se_1       se_0
1   0.5 0.4437407 0.2655249 0.5608436 -0.2953187 0.050604556 0.06345090
2   1.0 0.3389443 0.2149204 0.4973927 -0.2824724 0.000000000 0.00000000
3   2.0 0.3113283 0.2215264 0.5292345 -0.3077081 0.006605965 0.03184175
          oe         te
1  0.1047964 -0.2318678
2  0.0000000 -0.2824724
3 -0.0276160 -0.2758664

[[1]]$se
  delta         mu       mu_1       mu_0         de       se_1       se_0
1   0.5 0.03037650 0.03388543 0.03193814 0.03018037 0.02620185 0.02438135
2   1.0 0.02107709 0.02091019 0.02708131 0.02310069 0.00000000 0.00000000
3   2.0 0.03002895 0.02980888 0.03999807 0.03512235 0.02043532 0.02990401
          oe         te
1 0.02225939 0.03466532
2 0.00000000 0.02310069
3 0.02112520 0.03023048


[1] "Total run time was 74.16 seconds"
