WARNING: ignoring environment value of R_HOME

Attaching package: ‘dplyr’

The following objects are masked from ‘package:stats’:

    filter, lag

The following objects are masked from ‘package:base’:

    intersect, setdiff, setequal, union

Loading required package: splines
Loading required package: foreach
Loaded gam 1.20.2

Super Learner
Version: 2.0-28
Package created on 2021-05-04

Loading required package: lattice
Loading required package: ggplot2
Loading required package: Matrix
Loaded glmnet 4.1-7
Loading required package: Formula
Loading required package: plotmo
Loading required package: plotrix
Loading required package: TeachingDemos
Loaded gbm 2.1.8.1

Attaching package: ‘xgboost’

The following object is masked from ‘package:dplyr’:

    slice

[1] "[Simulation setting]"
[1] "m: 100"
[1] "deltas: 0.5, 1, 2"
[1] "r: 400"
[1] "Sim.id 1"
[1] "Data generated"
[1] "   Split: 1"
[1] "   Split: 2"
[1] "Estimates and SE estimates computed"
[1] ""
[[1]]
[[1]]$est
  delta        mu      mu_1      mu_0         de        se_1        se_0
1   0.5 0.4895878 0.2500636 0.6354909 -0.3854273 0.023289536  0.13216027
2   1.0 0.3515571 0.2267741 0.5033306 -0.2765566 0.000000000  0.00000000
3   2.0 0.2890253 0.2283719 0.4379981 -0.2096263 0.001597802 -0.06533252
           oe         te
1  0.13803070 -0.2532670
2  0.00000000 -0.2765566
3 -0.06253174 -0.2749588

[[1]]$se
  delta         mu       mu_1       mu_0         de       se_1       se_0
1   0.5 0.05459298 0.02195523 0.08421124 0.08152170 0.01358810 0.06866137
2   1.0 0.02248586 0.02166398 0.03054957 0.03076904 0.00000000 0.00000000
3   2.0 0.03170365 0.03317382 0.04052775 0.03979394 0.02224631 0.03232928
          oe         te
1 0.04384324 0.03160939
2 0.00000000 0.03076904
3 0.02182606 0.03752342


[1] "Total run time was 135.237 seconds"
