WARNING: ignoring environment value of R_HOME

Attaching package: ‘dplyr’

The following objects are masked from ‘package:stats’:

    filter, lag

The following objects are masked from ‘package:base’:

    intersect, setdiff, setequal, union

Loading required package: splines
Loading required package: foreach
Loaded gam 1.20.2

Super Learner
Version: 2.0-28
Package created on 2021-05-04

Loading required package: lattice
Loading required package: ggplot2
Loading required package: Matrix
Loaded glmnet 4.1-7
Loading required package: Formula
Loading required package: plotmo
Loading required package: plotrix
Loading required package: TeachingDemos
Loaded gbm 2.1.8.1

Attaching package: ‘xgboost’

The following object is masked from ‘package:dplyr’:

    slice

[1] "[Simulation setting]"
[1] "m: 100"
[1] "deltas: 0.5, 1, 2"
[1] "r: 400"
[1] "Sim.id 1"
[1] "Data generated"
[1] "   Split: 1"
[1] "   Split: 2"
[1] "Estimates and SE estimates computed"
[1] ""
[[1]]
[[1]]$est
  delta        mu      mu_1      mu_0         de        se_1        se_0
1   0.5 0.5282473 0.2264257 0.7834467 -0.5570210 -0.02893146  0.28761781
2   1.0 0.3599073 0.2553571 0.4958288 -0.2404717  0.00000000  0.00000000
3   2.0 0.2650709 0.1857248 0.4479772 -0.2622524 -0.06963236 -0.04785161
           oe         te
1  0.16834001 -0.2694032
2  0.00000000 -0.2404717
3 -0.09483645 -0.3101041

[[1]]$se
  delta         mu       mu_1       mu_0         de       se_1       se_0
1   0.5 0.08319204 0.06334242 0.22125627 0.27468331 0.05899911 0.21432063
2   1.0 0.02282623 0.02024365 0.03016662 0.02685950 0.00000000 0.00000000
3   2.0 0.05612882 0.06895183 0.04529265 0.05854277 0.06269917 0.03118177
          oe         te
1 0.07928341 0.07039574
2 0.00000000 0.02685950
3 0.04832263 0.06856534


[1] "Total run time was 147.681 seconds"
