WARNING: ignoring environment value of R_HOME

Attaching package: ‘dplyr’

The following objects are masked from ‘package:stats’:

    filter, lag

The following objects are masked from ‘package:base’:

    intersect, setdiff, setequal, union

Loading required package: splines
Loading required package: foreach
Loaded gam 1.20.2

Super Learner
Version: 2.0-28
Package created on 2021-05-04

Loading required package: lattice
Loading required package: ggplot2
Loading required package: Matrix
Loaded glmnet 4.1-7
Loading required package: Formula
Loading required package: plotmo
Loading required package: plotrix
Loading required package: TeachingDemos
Loaded gbm 2.1.8.1

Attaching package: ‘xgboost’

The following object is masked from ‘package:dplyr’:

    slice

[1] "[Simulation setting]"
[1] "m: 100"
[1] "deltas: 0.5, 1, 2"
[1] "r: 400"
[1] "Sim.id 1"
[1] "Data generated"
[1] "   Split: 1"
[1] "   Split: 2"
[1] "Estimates and SE estimates computed"
[1] ""
[[1]]
[[1]]$est
  delta        mu      mu_1      mu_0         de        se_1        se_0
1   0.5 0.4021440 0.2739478 0.4877556 -0.2138078  0.05072950 -0.01987009
2   1.0 0.3478083 0.2232183 0.5076257 -0.2844074  0.00000000  0.00000000
3   2.0 0.2879040 0.2114406 0.4937202 -0.2822795 -0.01177766 -0.01390553
           oe         te
1  0.05433562 -0.2336779
2  0.00000000 -0.2844074
3 -0.05990435 -0.2961851

[[1]]$se
  delta         mu       mu_1       mu_0         de       se_1       se_0
1   0.5 0.03099248 0.03505579 0.03844979 0.04288148 0.02771368 0.02768343
2   1.0 0.02144591 0.02238632 0.02853307 0.02818635 0.00000000 0.00000000
3   2.0 0.04066244 0.04312626 0.04570955 0.04009912 0.03031366 0.03489437
          oe         te
1 0.02375364 0.03704442
2 0.00000000 0.02818635
3 0.03068798 0.04330487


[1] "Total run time was 80.473 seconds"
