WARNING: ignoring environment value of R_HOME

Attaching package: ‘dplyr’

The following objects are masked from ‘package:stats’:

    filter, lag

The following objects are masked from ‘package:base’:

    intersect, setdiff, setequal, union

Loading required package: splines
Loading required package: foreach
Loaded gam 1.20.2

Super Learner
Version: 2.0-28
Package created on 2021-05-04

Loading required package: lattice
Loading required package: ggplot2
Loading required package: Matrix
Loaded glmnet 4.1-7
Loading required package: Formula
Loading required package: plotmo
Loading required package: plotrix
Loading required package: TeachingDemos
Loaded gbm 2.1.8.1

Attaching package: ‘xgboost’

The following object is masked from ‘package:dplyr’:

    slice

[1] "[Simulation setting]"
[1] "m: 100"
[1] "deltas: 0.5, 1, 2"
[1] "r: 400"
[1] "Sim.id 1"
[1] "Data generated"
[1] "   Split: 1"
[1] "   Split: 2"
[1] "Estimates and SE estimates computed"
[1] ""
[[1]]
[[1]]$est
  delta        mu      mu_1      mu_0         de        se_1        se_0
1   0.5 0.4211548 0.2463568 0.5456146 -0.2992578  0.03704802  0.03172075
2   1.0 0.3355035 0.2093088 0.5138938 -0.3045850  0.00000000  0.00000000
3   2.0 0.2657437 0.1942683 0.4689253 -0.2746570 -0.01504046 -0.04496855
           oe         te
1  0.08565124 -0.2675370
2  0.00000000 -0.3045850
3 -0.06975982 -0.3196255

[[1]]$se
  delta         mu       mu_1       mu_0         de       se_1       se_0
1   0.5 0.02886740 0.02785931 0.03634545 0.03507074 0.02061904 0.02364852
2   1.0 0.02167856 0.01981017 0.02940588 0.02595243 0.00000000 0.00000000
3   2.0 0.03054341 0.02881047 0.04605700 0.03612324 0.02125022 0.03683981
          oe         te
1 0.01938660 0.02981097
2 0.00000000 0.02595243
3 0.02361544 0.03393956


[1] "Total run time was 90.217 seconds"
