WARNING: ignoring environment value of R_HOME

Attaching package: ‘dplyr’

The following objects are masked from ‘package:stats’:

    filter, lag

The following objects are masked from ‘package:base’:

    intersect, setdiff, setequal, union

Loading required package: splines
Loading required package: foreach
Loaded gam 1.20.2

Super Learner
Version: 2.0-28
Package created on 2021-05-04

Loading required package: lattice
Loading required package: ggplot2
Loading required package: Matrix
Loaded glmnet 4.1-7
Loading required package: Formula
Loading required package: plotmo
Loading required package: plotrix
Loading required package: TeachingDemos
Loaded gbm 2.1.8.1

Attaching package: ‘xgboost’

The following object is masked from ‘package:dplyr’:

    slice

[1] "[Simulation setting]"
[1] "m: 100"
[1] "deltas: 0.5, 1, 2"
[1] "r: 400"
[1] "Sim.id 1"
[1] "Data generated"
[1] "   Split: 1"
[1] "   Split: 2"
[1] "Estimates and SE estimates computed"
[1] ""
[[1]]
[[1]]$est
  delta        mu      mu_1      mu_0         de        se_1        se_0
1   0.5 0.4164473 0.2938758 0.5119896 -0.2181138  0.02022469 -0.04136317
2   1.0 0.3865350 0.2736511 0.5533528 -0.2797017  0.00000000  0.00000000
3   2.0 0.2805733 0.2069492 0.4940104 -0.2870612 -0.06670191 -0.05934240
           oe         te
1  0.02991232 -0.2594770
2  0.00000000 -0.2797017
3 -0.10596170 -0.3464036

[[1]]$se
  delta         mu       mu_1       mu_0         de       se_1       se_0
1   0.5 0.05562528 0.04195716 0.07365368 0.04989980 0.03836269 0.06633578
2   1.0 0.02428134 0.02482620 0.02997645 0.02684954 0.00000000 0.00000000
3   2.0 0.04370283 0.04794773 0.05235381 0.05533283 0.03466839 0.03983914
          oe         te
1 0.05184715 0.04124034
2 0.00000000 0.02684954
3 0.03256033 0.04998988


[1] "Total run time was 100.19 seconds"
