WARNING: ignoring environment value of R_HOME

Attaching package: ‘dplyr’

The following objects are masked from ‘package:stats’:

    filter, lag

The following objects are masked from ‘package:base’:

    intersect, setdiff, setequal, union

Loading required package: splines
Loading required package: foreach
Loaded gam 1.20.2

Super Learner
Version: 2.0-28
Package created on 2021-05-04

Loading required package: lattice
Loading required package: ggplot2
Loading required package: Matrix
Loaded glmnet 4.1-7
Loading required package: Formula
Loading required package: plotmo
Loading required package: plotrix
Loading required package: TeachingDemos
Loaded gbm 2.1.8.1

Attaching package: ‘xgboost’

The following object is masked from ‘package:dplyr’:

    slice

[1] "[Simulation setting]"
[1] "m: 100"
[1] "deltas: 0.5, 1, 2"
[1] "r: 400"
[1] "Sim.id 1"
[1] "Data generated"
[1] "   Split: 1"
[1] "   Split: 2"
[1] "Estimates and SE estimates computed"
[1] ""
[[1]]
[[1]]$est
  delta        mu      mu_1      mu_0         de       se_1        se_0
1   0.5 0.4143930 0.2534188 0.5329073 -0.2794884 0.04002869 0.041610360
2   1.0 0.3247395 0.2133902 0.4912969 -0.2779068 0.00000000 0.000000000
3   2.0 0.2923281 0.2255844 0.4944955 -0.2689111 0.01219427 0.003198615
           oe         te
1  0.08965345 -0.2378781
2  0.00000000 -0.2779068
3 -0.03241138 -0.2657125

[[1]]$se
  delta         mu       mu_1       mu_0         de       se_1       se_0
1   0.5 0.03477217 0.03996026 0.03857003 0.03393648 0.03395020 0.02998212
2   1.0 0.01967443 0.01996698 0.02681995 0.02643130 0.00000000 0.00000000
3   2.0 0.03266483 0.03608165 0.03954925 0.04032379 0.02742176 0.03094644
          oe         te
1 0.02782352 0.04227142
2 0.00000000 0.02643130
3 0.02630011 0.04028577


[1] "Total run time was 131.741 seconds"
