WARNING: ignoring environment value of R_HOME

Attaching package: ‘dplyr’

The following objects are masked from ‘package:stats’:

    filter, lag

The following objects are masked from ‘package:base’:

    intersect, setdiff, setequal, union

Loading required package: splines
Loading required package: foreach
Loaded gam 1.20.2

Super Learner
Version: 2.0-28
Package created on 2021-05-04

Loading required package: lattice
Loading required package: ggplot2
Loading required package: Matrix
Loaded glmnet 4.1-7
Loading required package: Formula
Loading required package: plotmo
Loading required package: plotrix
Loading required package: TeachingDemos
Loaded gbm 2.1.8.1

Attaching package: ‘xgboost’

The following object is masked from ‘package:dplyr’:

    slice

[1] "[Simulation setting]"
[1] "m: 100"
[1] "deltas: 0.5, 1, 2"
[1] "r: 400"
[1] "Sim.id 1"
[1] "Data generated"
[1] "   Split: 1"
[1] "   Split: 2"
[1] "Estimates and SE estimates computed"
[1] ""
[[1]]
[[1]]$est
  delta        mu      mu_1      mu_0         de         se_1        se_0
1   0.5 0.4702305 0.2967885 0.5903069 -0.2935184  0.023050345  0.03521676
2   1.0 0.3936279 0.2737381 0.5550901 -0.2813520  0.000000000  0.00000000
3   2.0 0.3430220 0.2712969 0.5252656 -0.2539687 -0.002441229 -0.02982448
           oe         te
1  0.07660265 -0.2583016
2  0.00000000 -0.2813520
3 -0.05060586 -0.2837932

[[1]]$se
  delta         mu       mu_1       mu_0         de       se_1       se_0
1   0.5 0.03677761 0.04622021 0.04556452 0.05873788 0.04091877 0.03068351
2   1.0 0.02409756 0.02249339 0.03153718 0.02811884 0.00000000 0.00000000
3   2.0 0.03030791 0.03133918 0.04723215 0.05079815 0.02112937 0.03465293
          oe         te
1 0.02518670 0.05069055
2 0.00000000 0.02811884
3 0.01945904 0.03561866


[1] "Total run time was 80.237 seconds"
