WARNING: ignoring environment value of R_HOME

Attaching package: ‘dplyr’

The following objects are masked from ‘package:stats’:

    filter, lag

The following objects are masked from ‘package:base’:

    intersect, setdiff, setequal, union

Loading required package: splines
Loading required package: foreach
Loaded gam 1.20.2

Super Learner
Version: 2.0-28
Package created on 2021-05-04

Loading required package: lattice
Loading required package: ggplot2
Loading required package: Matrix
Loaded glmnet 4.1-7
Loading required package: Formula
Loading required package: plotmo
Loading required package: plotrix
Loading required package: TeachingDemos
Loaded gbm 2.1.8.1

Attaching package: ‘xgboost’

The following object is masked from ‘package:dplyr’:

    slice

[1] "[Simulation setting]"
[1] "m: 100"
[1] "deltas: 0.5, 1, 2"
[1] "r: 400"
[1] "Sim.id 1"
[1] "Data generated"
[1] "   Split: 1"
[1] "   Split: 2"
[1] "Estimates and SE estimates computed"
[1] ""
[[1]]
[[1]]$est
  delta        mu      mu_1      mu_0         de        se_1         se_0
1   0.5 0.4040024 0.2381462 0.5141536 -0.2760074  0.03011383 -0.004339449
2   1.0 0.3351300 0.2080323 0.5184931 -0.3104607  0.00000000  0.000000000
3   2.0 0.2312386 0.1437360 0.4942909 -0.3505549 -0.06429634 -0.024202177
           oe         te
1  0.06887242 -0.2803469
2  0.00000000 -0.3104607
3 -0.10389142 -0.3747571

[[1]]$se
  delta         mu       mu_1       mu_0         de       se_1       se_0
1   0.5 0.03984281 0.04603209 0.04555015 0.03692442 0.04068183 0.03719298
2   1.0 0.02258733 0.02089258 0.02991081 0.02785745 0.00000000 0.00000000
3   2.0 0.03002056 0.02874217 0.04176077 0.03809269 0.01969622 0.02904806
          oe         te
1 0.03426652 0.04893477
2 0.00000000 0.02785745
3 0.02073575 0.03493411


[1] "Total run time was 86.633 seconds"
