WARNING: ignoring environment value of R_HOME

Attaching package: ‘dplyr’

The following objects are masked from ‘package:stats’:

    filter, lag

The following objects are masked from ‘package:base’:

    intersect, setdiff, setequal, union

Loading required package: splines
Loading required package: foreach
Loaded gam 1.20.2

Super Learner
Version: 2.0-28
Package created on 2021-05-04

Loading required package: lattice
Loading required package: ggplot2
Loading required package: Matrix
Loaded glmnet 4.1-7
Loading required package: Formula
Loading required package: plotmo
Loading required package: plotrix
Loading required package: TeachingDemos
Loaded gbm 2.1.8.1

Attaching package: ‘xgboost’

The following object is masked from ‘package:dplyr’:

    slice

[1] "[Simulation setting]"
[1] "m: 100"
[1] "deltas: 0.5, 1, 2"
[1] "r: 400"
[1] "Sim.id 1"
[1] "Data generated"
[1] "   Split: 1"
[1] "   Split: 2"
[1] "Estimates and SE estimates computed"
[1] ""
[[1]]
[[1]]$est
  delta        mu      mu_1      mu_0         de         se_1        se_0
1   0.5 0.4796277 0.2670377 0.6405869 -0.3735491  0.024338320  0.10059170
2   1.0 0.3634408 0.2426994 0.5399952 -0.2972957  0.000000000  0.00000000
3   2.0 0.3182420 0.2407736 0.5288375 -0.2880639 -0.001925799 -0.01115767
           oe         te
1  0.11618688 -0.2729574
2  0.00000000 -0.2972957
3 -0.04519888 -0.2992215

[[1]]$se
  delta         mu       mu_1       mu_0         de       se_1       se_0
1   0.5 0.03339841 0.03054292 0.04965591 0.05644516 0.02202404 0.04209682
2   1.0 0.02333555 0.02364953 0.02856809 0.02699222 0.00000000 0.00000000
3   2.0 0.03170458 0.03266033 0.03634613 0.03402716 0.02111905 0.02709153
          oe         te
1 0.02567809 0.03307616
2 0.00000000 0.02699222
3 0.02034814 0.03403691


[1] "Total run time was 145.911 seconds"
