WARNING: ignoring environment value of R_HOME

Attaching package: ‘dplyr’

The following objects are masked from ‘package:stats’:

    filter, lag

The following objects are masked from ‘package:base’:

    intersect, setdiff, setequal, union

Loading required package: splines
Loading required package: foreach
Loaded gam 1.20.2

Super Learner
Version: 2.0-28
Package created on 2021-05-04

Loading required package: lattice
Loading required package: ggplot2
Loading required package: Matrix
Loaded glmnet 4.1-7
Loading required package: Formula
Loading required package: plotmo
Loading required package: plotrix
Loading required package: TeachingDemos
Loaded gbm 2.1.8.1

Attaching package: ‘xgboost’

The following object is masked from ‘package:dplyr’:

    slice

[1] "[Simulation setting]"
[1] "m: 100"
[1] "deltas: 0.5, 1, 2"
[1] "r: 400"
[1] "Sim.id 1"
[1] "Data generated"
[1] "   Split: 1"
[1] "   Split: 2"
[1] "Estimates and SE estimates computed"
[1] ""
[[1]]
[[1]]$est
  delta        mu      mu_1      mu_0         de          se_1        se_0
1   0.5 0.4543651 0.2562736 0.5965757 -0.3403021 -0.0001778312 -0.00725006
2   1.0 0.4003954 0.2564514 0.6038258 -0.3473744  0.0000000000  0.00000000
3   2.0 0.3257153 0.2390447 0.5729031 -0.3338584 -0.0174067675 -0.03092269
           oe         te
1  0.05396974 -0.3475522
2  0.00000000 -0.3473744
3 -0.07468011 -0.3647811

[[1]]$se
  delta         mu       mu_1       mu_0         de       se_1       se_0
1   0.5 0.06192280 0.03279561 0.09089762 0.06886266 0.02650385 0.08043459
2   1.0 0.02121050 0.01960070 0.03100655 0.02988458 0.00000000 0.00000000
3   2.0 0.03323416 0.03373650 0.04183244 0.04125140 0.02939582 0.03583182
          oe         te
1 0.05640821 0.03604778
2 0.00000000 0.02988458
3 0.03034498 0.04393676


[1] "Total run time was 131.686 seconds"
