WARNING: ignoring environment value of R_HOME

Attaching package: ‘dplyr’

The following objects are masked from ‘package:stats’:

    filter, lag

The following objects are masked from ‘package:base’:

    intersect, setdiff, setequal, union

Loading required package: splines
Loading required package: foreach
Loaded gam 1.20.2

Super Learner
Version: 2.0-28
Package created on 2021-05-04

Loading required package: lattice
Loading required package: ggplot2
Loading required package: Matrix
Loaded glmnet 4.1-7
Loading required package: Formula
Loading required package: plotmo
Loading required package: plotrix
Loading required package: TeachingDemos
Loaded gbm 2.1.8.1

Attaching package: ‘xgboost’

The following object is masked from ‘package:dplyr’:

    slice

[1] "[Simulation setting]"
[1] "m: 100"
[1] "deltas: 0.5, 1, 2"
[1] "r: 400"
[1] "Sim.id 1"
[1] "Data generated"
[1] "   Split: 1"
[1] "   Split: 2"
[1] "Estimates and SE estimates computed"
[1] ""
[[1]]
[[1]]$est
  delta        mu      mu_1      mu_0         de       se_1         se_0
1   0.5 0.4206411 0.2536032 0.5265230 -0.2729198 0.02898056 -0.012270201
2   1.0 0.3652698 0.2246226 0.5387932 -0.3141705 0.00000000  0.000000000
3   2.0 0.3185595 0.2354573 0.5362755 -0.3008183 0.01083462 -0.002517661
           oe         te
1  0.05537129 -0.2851900
2  0.00000000 -0.3141705
3 -0.04671030 -0.3033359

[[1]]$se
  delta         mu       mu_1       mu_0         de       se_1       se_0
1   0.5 0.02767828 0.02679573 0.03139252 0.02605220 0.01551545 0.02217623
2   1.0 0.02391168 0.02188647 0.03088030 0.02545573 0.00000000 0.00000000
3   2.0 0.02920707 0.02778822 0.04284758 0.03622222 0.01913270 0.03066859
          oe         te
1 0.01617055 0.02630966
2 0.00000000 0.02545573
3 0.02076569 0.03307917


[1] "Total run time was 131.625 seconds"
