WARNING: ignoring environment value of R_HOME

Attaching package: ‘dplyr’

The following objects are masked from ‘package:stats’:

    filter, lag

The following objects are masked from ‘package:base’:

    intersect, setdiff, setequal, union

Loading required package: splines
Loading required package: foreach
Loaded gam 1.20.2

Super Learner
Version: 2.0-28
Package created on 2021-05-04

Loading required package: lattice
Loading required package: ggplot2
Loading required package: Matrix
Loaded glmnet 4.1-7
Loading required package: Formula
Loading required package: plotmo
Loading required package: plotrix
Loading required package: TeachingDemos
Loaded gbm 2.1.8.1

Attaching package: ‘xgboost’

The following object is masked from ‘package:dplyr’:

    slice

[1] "[Simulation setting]"
[1] "m: 100"
[1] "deltas: 0.5, 1, 2"
[1] "r: 400"
[1] "Sim.id 1"
[1] "Data generated"
[1] "   Split: 1"
[1] "   Split: 2"
[1] "Estimates and SE estimates computed"
[1] ""
[[1]]
[[1]]$est
  delta        mu      mu_1      mu_0         de        se_1        se_0
1   0.5 0.5089996 0.3126727 0.6395751 -0.3269024  0.08879670  0.04829198
2   1.0 0.3763050 0.2238760 0.5912831 -0.3674071  0.00000000  0.00000000
3   2.0 0.2680009 0.1755623 0.5393002 -0.3637379 -0.04831371 -0.05198291
          oe         te
1  0.1326946 -0.2786104
2  0.0000000 -0.3674071
3 -0.1083041 -0.4157208

[[1]]$se
  delta         mu       mu_1       mu_0         de      se_1       se_0
1   0.5 0.04149496 0.04821398 0.04459890 0.04613280 0.0384025 0.03190289
2   1.0 0.02339255 0.02221085 0.02996718 0.02692312 0.0000000 0.00000000
3   2.0 0.02876053 0.03177019 0.03757652 0.04264236 0.0211593 0.02868130
          oe         te
1 0.02960098 0.04553281
2 0.00000000 0.02692312
3 0.02070096 0.03868184


[1] "Total run time was 135.141 seconds"
