WARNING: ignoring environment value of R_HOME

Attaching package: ‘dplyr’

The following objects are masked from ‘package:stats’:

    filter, lag

The following objects are masked from ‘package:base’:

    intersect, setdiff, setequal, union

Loading required package: splines
Loading required package: foreach
Loaded gam 1.20.2

Super Learner
Version: 2.0-28
Package created on 2021-05-04

Loading required package: lattice
Loading required package: ggplot2
Loading required package: Matrix
Loaded glmnet 4.1-7
Loading required package: Formula
Loading required package: plotmo
Loading required package: plotrix
Loading required package: TeachingDemos
Loaded gbm 2.1.8.1

Attaching package: ‘xgboost’

The following object is masked from ‘package:dplyr’:

    slice

[1] "[Simulation setting]"
[1] "m: 100"
[1] "deltas: 0.5, 1, 2"
[1] "r: 400"
[1] "Sim.id 1"
[1] "Data generated"
[1] "   Split: 1"
[1] "   Split: 2"
[1] "Estimates and SE estimates computed"
[1] ""
[[1]]
[[1]]$est
  delta        mu      mu_1      mu_0         de        se_1        se_0
1   0.5 0.4325114 0.3048843 0.4918890 -0.1870047  0.07722228 -0.04859975
2   1.0 0.3748423 0.2276621 0.5404887 -0.3128267  0.00000000  0.00000000
3   2.0 0.2905410 0.1799493 0.5549890 -0.3750396 -0.04771274  0.01450022
           oe         te
1  0.05766917 -0.2356044
2  0.00000000 -0.3128267
3 -0.08430123 -0.3605394

[[1]]$se
  delta         mu       mu_1       mu_0         de       se_1       se_0
1   0.5 0.04096549 0.04462572 0.07424342 0.09916040 0.03424695 0.06009613
2   1.0 0.02444084 0.02244134 0.03050330 0.02776494 0.00000000 0.00000000
3   2.0 0.03784130 0.03359245 0.05586733 0.05430429 0.02352509 0.04732903
          oe         te
1 0.03145213 0.04884676
2 0.00000000 0.02776494
3 0.02828196 0.03941428


[1] "Total run time was 135.173 seconds"
