WARNING: ignoring environment value of R_HOME

Attaching package: ‘dplyr’

The following objects are masked from ‘package:stats’:

    filter, lag

The following objects are masked from ‘package:base’:

    intersect, setdiff, setequal, union

Loading required package: splines
Loading required package: foreach
Loaded gam 1.20.2

Super Learner
Version: 2.0-28
Package created on 2021-05-04

Loading required package: lattice
Loading required package: ggplot2
Loading required package: Matrix
Loaded glmnet 4.1-7
Loading required package: Formula
Loading required package: plotmo
Loading required package: plotrix
Loading required package: TeachingDemos
Loaded gbm 2.1.8.1

Attaching package: ‘xgboost’

The following object is masked from ‘package:dplyr’:

    slice

[1] "[Simulation setting]"
[1] "m: 100"
[1] "deltas: 0.5, 1, 2"
[1] "r: 400"
[1] "Sim.id 1"
[1] "Data generated"
[1] "   Split: 1"
[1] "   Split: 2"
[1] "Estimates and SE estimates computed"
[1] ""
[[1]]
[[1]]$est
  delta        mu      mu_1      mu_0         de        se_1        se_0
1   0.5 0.4917307 0.2886614 0.6334487 -0.3447872  0.02024815  0.03644527
2   1.0 0.4070498 0.2684133 0.5970034 -0.3285901  0.00000000  0.00000000
3   2.0 0.3281839 0.2350902 0.5811072 -0.3460171 -0.03332312 -0.01589617
           oe         te
1  0.08468099 -0.3083420
2  0.00000000 -0.3285901
3 -0.07886588 -0.3619132

[[1]]$se
  delta         mu       mu_1       mu_0         de       se_1       se_0
1   0.5 0.03806046 0.03234964 0.04487940 0.03480596 0.01941786 0.02816653
2   1.0 0.02574209 0.02300941 0.03064839 0.02226422 0.00000000 0.00000000
3   2.0 0.02635585 0.02397621 0.03644004 0.02988654 0.01649145 0.02556836
          oe         te
1 0.02286189 0.02631519
2 0.00000000 0.02226422
3 0.01819012 0.02927371


[1] "Total run time was 117.527 seconds"
