WARNING: ignoring environment value of R_HOME

Attaching package: ‘dplyr’

The following objects are masked from ‘package:stats’:

    filter, lag

The following objects are masked from ‘package:base’:

    intersect, setdiff, setequal, union

Loading required package: splines
Loading required package: foreach
Loaded gam 1.20.2

Super Learner
Version: 2.0-28
Package created on 2021-05-04

Loading required package: lattice
Loading required package: ggplot2
Loading required package: Matrix
Loaded glmnet 4.1-7
Loading required package: Formula
Loading required package: plotmo
Loading required package: plotrix
Loading required package: TeachingDemos
Loaded gbm 2.1.8.1

Attaching package: ‘xgboost’

The following object is masked from ‘package:dplyr’:

    slice

[1] "[Simulation setting]"
[1] "m: 100"
[1] "deltas: 0.5, 1, 2"
[1] "r: 400"
[1] "Sim.id 1"
[1] "Data generated"
[1] "   Split: 1"
[1] "   Split: 2"
[1] "Estimates and SE estimates computed"
[1] ""
[[1]]
[[1]]$est
  delta        mu      mu_1      mu_0         de        se_1        se_0
1   0.5 0.4130848 0.3159712 0.4836753 -0.1677041  0.07301412 -0.07338940
2   1.0 0.3667875 0.2429571 0.5570647 -0.3141076  0.00000000  0.00000000
3   2.0 0.2914621 0.2164277 0.5108033 -0.2943756 -0.02652941 -0.04626142
           oe         te
1  0.04629730 -0.2410935
2  0.00000000 -0.3141076
3 -0.07532545 -0.3406370

[[1]]$se
  delta         mu       mu_1       mu_0         de       se_1       se_0
1   0.5 0.04443030 0.04698039 0.11726092 0.15508213 0.04080189 0.11570970
2   1.0 0.02226454 0.02053761 0.02766880 0.02267965 0.00000000 0.00000000
3   2.0 0.03132699 0.02907141 0.04965498 0.04532403 0.02335913 0.03893882
          oe         te
1 0.04263928 0.04783496
2 0.00000000 0.02267965
3 0.02425177 0.03398977


[1] "Total run time was 66.045 seconds"
