WARNING: ignoring environment value of R_HOME

Attaching package: ‘dplyr’

The following objects are masked from ‘package:stats’:

    filter, lag

The following objects are masked from ‘package:base’:

    intersect, setdiff, setequal, union

Loading required package: gam
Loading required package: splines
Loading required package: foreach
Loaded gam 1.20.2

Super Learner
Version: 2.0-28
Package created on 2021-05-04

Loading required package: lattice
Loading required package: Matrix
Loaded glmnet 4.1-7
Loading required package: Formula
Loading required package: plotmo
Loading required package: plotrix
Loading required package: TeachingDemos
Loaded gbm 2.1.8.1

Attaching package: ‘xgboost’

The following object is masked from ‘package:dplyr’:

    slice

[1] "   Split: 1"
[1] "   Cluster: 2"
[1] "   Cluster: 4"
[1] "   Cluster: 5"
[1] "   Cluster: 6"
[1] "   Cluster: 9"
[1] "   Cluster: 11"
[1] "   Cluster: 12"
[1] "   Cluster: 13"
[1] "   Cluster: 15"
[1] "   Cluster: 16"
[1] "   Cluster: 20"
[1] "   Cluster: 26"
[1] "   Cluster: 28"
[1] "   Cluster: 30"
[1] "   Cluster: 33"
[1] "   Cluster: 36"
[1] "   Cluster: 40"
[1] "   Cluster: 41"
[1] "   Cluster: 42"
[1] "   Cluster: 43"
[1] "   Cluster: 46"
[1] "   Cluster: 50"
[1] "   Cluster: 55"
[1] "   Cluster: 56"
[1] "   Cluster: 57"
[1] "   Cluster: 59"
[1] "   Cluster: 60"
[1] "   Cluster: 61"
[1] "   Cluster: 63"
[1] "   Cluster: 64"
[1] "   Cluster: 65"
[1] "   Cluster: 66"
[1] "   Cluster: 67"
[1] "   Cluster: 68"
[1] "   Cluster: 72"
[1] "   Cluster: 73"
[1] "   Cluster: 74"
[1] "   Cluster: 75"
[1] "   Cluster: 78"
[1] "   Cluster: 80"
[1] "   Cluster: 81"
[1] "   Cluster: 82"
[1] "   Cluster: 84"
[1] "   Cluster: 85"
[1] "   Cluster: 86"
[1] "   Cluster: 87"
[1] "   Cluster: 89"
[1] "   Cluster: 91"
[1] "   Cluster: 92"
[1] "   Cluster: 93"
[1] "   Cluster: 95"
[1] "   Cluster: 98"
[1] "   Cluster: 101"
[1] "   Cluster: 106"
[1] "   Cluster: 107"
[1] "   Cluster: 108"
[1] "   Cluster: 109"
[1] "   Cluster: 110"
[1] "   Cluster: 111"
[1] "   Cluster: 112"
[1] "   Cluster: 113"
[1] "   Cluster: 118"
[1] "   Cluster: 119"
[1] "   Cluster: 120"
[1] "   Cluster: 121"
[1] "   Cluster: 122"
[1] "   Cluster: 126"
[1] "   Cluster: 129"
[1] "   Cluster: 131"
[1] "   Cluster: 135"
[1] "   Cluster: 136"
[1] "   Cluster: 137"
[1] "   Cluster: 139"
[1] "   Cluster: 141"
[1] "   Cluster: 143"
[1] "   Cluster: 144"
[1] "   Cluster: 146"
[1] "   Cluster: 150"
[1] "   Cluster: 151"
[1] "   Cluster: 154"
[1] "   Cluster: 158"
[1] "   Cluster: 162"
[1] "   Cluster: 166"
[1] "   Cluster: 167"
[1] "   Cluster: 170"
[1] "   Cluster: 171"
[1] "   Cluster: 172"
[1] "   Cluster: 174"
[1] "   Cluster: 175"
[1] "   Cluster: 177"
[1] "   Cluster: 179"
[1] "   Cluster: 183"
[1] "   Cluster: 185"
[1] "   Cluster: 186"
[1] "   Split: 2"
[1] "   Cluster: 1"
[1] "   Cluster: 3"
[1] "   Cluster: 7"
[1] "   Cluster: 8"
[1] "   Cluster: 10"
[1] "   Cluster: 14"
[1] "   Cluster: 17"
[1] "   Cluster: 18"
[1] "   Cluster: 19"
[1] "   Cluster: 21"
[1] "   Cluster: 22"
[1] "   Cluster: 23"
[1] "   Cluster: 24"
[1] "   Cluster: 25"
[1] "   Cluster: 27"
[1] "   Cluster: 29"
[1] "   Cluster: 31"
[1] "   Cluster: 32"
[1] "   Cluster: 34"
[1] "   Cluster: 35"
[1] "   Cluster: 37"
[1] "   Cluster: 38"
[1] "   Cluster: 39"
[1] "   Cluster: 44"
[1] "   Cluster: 45"
[1] "   Cluster: 47"
[1] "   Cluster: 48"
[1] "   Cluster: 49"
[1] "   Cluster: 51"
[1] "   Cluster: 52"
[1] "   Cluster: 53"
[1] "   Cluster: 54"
[1] "   Cluster: 58"
[1] "   Cluster: 62"
[1] "   Cluster: 69"
[1] "   Cluster: 70"
[1] "   Cluster: 71"
[1] "   Cluster: 76"
[1] "   Cluster: 77"
[1] "   Cluster: 79"
[1] "   Cluster: 83"
[1] "   Cluster: 88"
[1] "   Cluster: 90"
[1] "   Cluster: 94"
[1] "   Cluster: 96"
[1] "   Cluster: 97"
[1] "   Cluster: 99"
[1] "   Cluster: 100"
[1] "   Cluster: 102"
[1] "   Cluster: 103"
[1] "   Cluster: 104"
[1] "   Cluster: 105"
[1] "   Cluster: 114"
[1] "   Cluster: 115"
[1] "   Cluster: 116"
[1] "   Cluster: 117"
[1] "   Cluster: 123"
[1] "   Cluster: 124"
[1] "   Cluster: 125"
[1] "   Cluster: 127"
[1] "   Cluster: 128"
[1] "   Cluster: 130"
[1] "   Cluster: 132"
[1] "   Cluster: 133"
[1] "   Cluster: 134"
[1] "   Cluster: 138"
[1] "   Cluster: 140"
[1] "   Cluster: 142"
[1] "   Cluster: 145"
[1] "   Cluster: 147"
[1] "   Cluster: 148"
[1] "   Cluster: 149"
[1] "   Cluster: 152"
[1] "   Cluster: 153"
[1] "   Cluster: 155"
[1] "   Cluster: 156"
[1] "   Cluster: 157"
[1] "   Cluster: 159"
[1] "   Cluster: 160"
[1] "   Cluster: 161"
[1] "   Cluster: 163"
[1] "   Cluster: 164"
[1] "   Cluster: 165"
[1] "   Cluster: 168"
[1] "   Cluster: 169"
[1] "   Cluster: 173"
[1] "   Cluster: 176"
[1] "   Cluster: 178"
[1] "   Cluster: 180"
[1] "   Cluster: 181"
[1] "   Cluster: 182"
[1] "   Cluster: 184"
[1] "   Cluster: 187"
[1] "   Cluster: 188"
[1] "   Cluster: 189"
Warning messages:
1: glm.fit: fitted probabilities numerically 0 or 1 occurred 
2: glm.fit: fitted probabilities numerically 0 or 1 occurred 
[1] "Total run time was 285.894 seconds"
