WARNING: ignoring environment value of R_HOME

Attaching package: ‘dplyr’

The following objects are masked from ‘package:stats’:

    filter, lag

The following objects are masked from ‘package:base’:

    intersect, setdiff, setequal, union

Loading required package: splines
Loading required package: foreach
Loaded gam 1.20.2

Super Learner
Version: 2.0-28
Package created on 2021-05-04

Loading required package: lattice
Loading required package: ggplot2
Loading required package: Matrix
Loaded glmnet 4.1-7
Loading required package: Formula
Loading required package: plotmo
Loading required package: plotrix
Loading required package: TeachingDemos
Loaded gbm 2.1.8.1

Attaching package: ‘xgboost’

The following object is masked from ‘package:dplyr’:

    slice

[1] "[Simulation setting]"
[1] "m: 500"
[1] "deltas: 0.5, 1, 2"
[1] "Sim.id 1"
[1] "Data generated"
[1] "Proposed & IPW estimators"
[1] "   Split: 1"
[1] "   Split: 2"
[1] "Estimates and SE estimates computed"
[1] ""
[[1]]
[[1]]$pro.p
[[1]]$pro.p$est
  delta        mu      mu_1      mu_0         de        se_1        se_0
1   0.5 0.4742915 0.2511967 0.6366388 -0.3854421  0.01618954  0.05894842
2   1.0 0.3735519 0.2350071 0.5776904 -0.3426833  0.00000000  0.00000000
3   2.0 0.3010915 0.2189176 0.5453277 -0.3264101 -0.01608950 -0.03236270
           oe         te
1  0.10073955 -0.3264937
2  0.00000000 -0.3426833
3 -0.07246047 -0.3587728

[[1]]$pro.p$se
  delta         mu       mu_1       mu_0         de       se_1       se_0
1   0.5 0.01681247 0.01513576 0.02335545 0.02437088 0.01222202 0.01844848
2   1.0 0.01139701 0.01045419 0.01554881 0.01456695 0.00000000 0.00000000
3   2.0 0.01834366 0.01759629 0.02388299 0.02072347 0.01403201 0.01816240
          oe         te
1 0.01373756 0.01856132
2 0.00000000 0.01456695
3 0.01480598 0.02077162


[[1]]$pro.np
[[1]]$pro.np$est
  delta        mu      mu_1      mu_0         de        se_1        se_0
1   0.5 0.4627302 0.2693164 0.6005539 -0.3312375  0.02018126  0.05159899
2   1.0 0.3741759 0.2491352 0.5489549 -0.2998197  0.00000000  0.00000000
3   2.0 0.3133931 0.2380642 0.5214867 -0.2834225 -0.01107096 -0.02746818
           oe         te
1  0.08855426 -0.2796385
2  0.00000000 -0.2998197
3 -0.06078284 -0.3108907

[[1]]$pro.np$se
  delta         mu       mu_1       mu_0         de       se_1       se_0
1   0.5 0.01594861 0.01557446 0.02238742 0.02522927 0.01222092 0.01740278
2   1.0 0.01168660 0.01081140 0.01512226 0.01327040 0.00000000 0.00000000
3   2.0 0.01935621 0.01930790 0.02192072 0.01967451 0.01516807 0.01630567
          oe         te
1 0.01237734 0.01791568
2 0.00000000 0.01327040
3 0.01539255 0.02123264


[[1]]$ipw.p
[[1]]$ipw.p$est
  delta        mu      mu_1      mu_0         de         se_1          se_0
1   0.5 0.4342539 0.2440484 0.5748739 -0.3308255  0.004562807 -9.717655e-05
2   1.0 0.3757707 0.2394856 0.5749711 -0.3354855  0.000000000  0.000000e+00
3   2.0 0.2861737 0.1975159 0.5440610 -0.3465451 -0.041969714 -3.091011e-02
           oe         te
1  0.05848317 -0.3309227
2  0.00000000 -0.3354855
3 -0.08959701 -0.3774552

[[1]]$ipw.p$se
  delta          mu        mu_1       mu_0         de       se_1       se_0
1   0.5 0.040035437 0.018095443 0.06146768 0.05392727 0.01713136 0.05403565
2   1.0 0.009013056 0.009319614 0.01644252 0.01826927 0.00000000 0.00000000
3   2.0 0.017209601 0.017701050 0.02521171 0.02280807 0.01473310 0.02943211
          oe         te
1 0.03729024 0.01812510
2 0.00000000 0.01826927
3 0.01777300 0.02682297


[[1]]$ipw.np
[[1]]$ipw.np$est
  delta        mu      mu_1      mu_0         de        se_1         se_0
1   0.5 0.4264651 0.2495792 0.5521452 -0.3025659  0.00321506 -0.005371925
2   1.0 0.3757707 0.2463642 0.5575171 -0.3111529  0.00000000  0.000000000
3   2.0 0.2909563 0.2051073 0.5304146 -0.3253073 -0.04125685 -0.027102442
           oe         te
1  0.05069440 -0.3079378
2  0.00000000 -0.3111529
3 -0.08481446 -0.3524098

[[1]]$ipw.np$se
  delta          mu        mu_1       mu_0         de       se_1       se_0
1   0.5 0.037926666 0.018186435 0.05679911 0.04936359 0.01724323 0.04942061
2   1.0 0.009013056 0.009584729 0.01604267 0.01804528 0.00000000 0.00000000
3   2.0 0.018034838 0.018791476 0.02509723 0.02245597 0.01569244 0.02905499
          oe         te
1 0.03517947 0.01800143
2 0.00000000 0.01804528
3 0.01841792 0.02727463



[1] "Total run time was 233.323 seconds"
