WARNING: ignoring environment value of R_HOME

Attaching package: ‘dplyr’

The following objects are masked from ‘package:stats’:

    filter, lag

The following objects are masked from ‘package:base’:

    intersect, setdiff, setequal, union

Loading required package: splines
Loading required package: foreach
Loaded gam 1.20.2

Super Learner
Version: 2.0-28
Package created on 2021-05-04

Loading required package: lattice
Loading required package: ggplot2
Loading required package: Matrix
Loaded glmnet 4.1-7
Loading required package: Formula
Loading required package: plotmo
Loading required package: plotrix
Loading required package: TeachingDemos
Loaded gbm 2.1.8.1

Attaching package: ‘xgboost’

The following object is masked from ‘package:dplyr’:

    slice

[1] "[Simulation setting]"
[1] "m: 500"
[1] "deltas: 0.5, 1, 2"
[1] "Sim.id 1"
[1] "Data generated"
[1] "Proposed & IPW estimators"
[1] "   Split: 1"
[1] "   Split: 2"
[1] "Estimates and SE estimates computed"
[1] ""
[[1]]
[[1]]$pro.p
[[1]]$pro.p$est
  delta        mu      mu_1      mu_0         de        se_1        se_0
1   0.5 0.4457379 0.2500010 0.5855461 -0.3355452  0.01315841  0.03190568
2   1.0 0.3660157 0.2368425 0.5536404 -0.3167979  0.00000000  0.00000000
3   2.0 0.2925441 0.2080815 0.5403046 -0.3322231 -0.02876103 -0.01333582
           oe         te
1  0.07972217 -0.3036395
2  0.00000000 -0.3167979
3 -0.07347164 -0.3455589

[[1]]$pro.p$se
  delta         mu       mu_1       mu_0         de       se_1       se_0
1   0.5 0.01573160 0.01340104 0.02129864 0.02137221 0.01047663 0.01683266
2   1.0 0.01170913 0.01039331 0.01607780 0.01457962 0.00000000 0.00000000
3   2.0 0.02068701 0.02238105 0.02196949 0.02380527 0.01858338 0.01708149
          oe         te
1 0.01260893 0.01703943
2 0.00000000 0.01457962
3 0.01740780 0.02558541


[[1]]$pro.np
[[1]]$pro.np$est
  delta        mu      mu_1      mu_0         de         se_1         se_0
1   0.5 0.4344520 0.2562276 0.5565222 -0.3002946  0.005198599  0.026521969
2   1.0 0.3683960 0.2510290 0.5300002 -0.2789712  0.000000000  0.000000000
3   2.0 0.3062107 0.2248447 0.5260946 -0.3012499 -0.026184270 -0.003905565
           oe         te
1  0.06605597 -0.2737726
2  0.00000000 -0.2789712
3 -0.06218525 -0.3051555

[[1]]$pro.np$se
  delta         mu       mu_1       mu_0         de        se_1       se_0
1   0.5 0.01451720 0.01233608 0.01938108 0.01963392 0.009253021 0.01491201
2   1.0 0.01196513 0.01076026 0.01547102 0.01313897 0.000000000 0.00000000
3   2.0 0.02026830 0.02140866 0.02104342 0.02146840 0.017169672 0.01629745
          oe         te
1 0.01115949 0.01526896
2 0.00000000 0.01313897
3 0.01662492 0.02373794


[[1]]$ipw.p
[[1]]$ipw.p$est
  delta        mu      mu_1      mu_0         de         se_1         se_0
1   0.5 0.4441143 0.2513050 0.5817068 -0.3304018  0.009138327  0.009385754
2   1.0 0.3767259 0.2421666 0.5723210 -0.3301544  0.000000000  0.000000000
3   2.0 0.3104873 0.2276137 0.5519635 -0.3243498 -0.014552923 -0.020357489
           oe         te
1  0.06738848 -0.3210160
2  0.00000000 -0.3301544
3 -0.06623857 -0.3447073

[[1]]$ipw.p$se
  delta          mu        mu_1       mu_0         de       se_1       se_0
1   0.5 0.040625509 0.017441521 0.06027178 0.05134368 0.01667883 0.05278429
2   1.0 0.009078192 0.009131843 0.01664627 0.01824578 0.00000000 0.00000000
3   2.0 0.022165023 0.025400034 0.02525001 0.02837743 0.02290699 0.03001095
          oe         te
1 0.03777660 0.01706800
2 0.00000000 0.01824578
3 0.02289347 0.03339848


[[1]]$ipw.np
[[1]]$ipw.np$est
  delta        mu      mu_1      mu_0         de         se_1         se_0
1   0.5 0.4364659 0.2538924 0.5617516 -0.3078592  0.004605109  0.008041574
2   1.0 0.3767259 0.2492873 0.5537100 -0.3044227  0.000000000  0.000000000
3   2.0 0.3181932 0.2396180 0.5362214 -0.2966034 -0.009669265 -0.017488625
           oe         te
1  0.05974007 -0.2998176
2  0.00000000 -0.3044227
3 -0.05853264 -0.3140920

[[1]]$ipw.np$se
  delta          mu        mu_1       mu_0         de       se_1       se_0
1   0.5 0.040066601 0.017308895 0.05871499 0.05024723 0.01665214 0.05169633
2   1.0 0.009078192 0.009400736 0.01615708 0.01793673 0.00000000 0.00000000
3   2.0 0.023707876 0.028217290 0.02462901 0.03012316 0.02562520 0.02913366
          oe         te
1 0.03740814 0.01686991
2 0.00000000 0.01793673
3 0.02428451 0.03544251



[1] "Total run time was 407.831 seconds"
