WARNING: ignoring environment value of R_HOME

Attaching package: ‘dplyr’

The following objects are masked from ‘package:stats’:

    filter, lag

The following objects are masked from ‘package:base’:

    intersect, setdiff, setequal, union

Loading required package: splines
Loading required package: foreach
Loaded gam 1.20.2

Super Learner
Version: 2.0-28
Package created on 2021-05-04

Loading required package: lattice
Loading required package: ggplot2
Loading required package: Matrix
Loaded glmnet 4.1-7
Loading required package: Formula
Loading required package: plotmo
Loading required package: plotrix
Loading required package: TeachingDemos
Loaded gbm 2.1.8.1

Attaching package: ‘xgboost’

The following object is masked from ‘package:dplyr’:

    slice

[1] "[Simulation setting]"
[1] "m: 500"
[1] "deltas: 0.5, 1, 2"
[1] "Sim.id 1"
[1] "Data generated"
[1] "Proposed & IPW estimators"
[1] "   Split: 1"
[1] "   Split: 2"
[1] "Estimates and SE estimates computed"
[1] ""
[[1]]
[[1]]$pro.p
[[1]]$pro.p$est
  delta        mu      mu_1      mu_0         de        se_1        se_0
1   0.5 0.4776270 0.3033477 0.6039026 -0.3005550  0.06489773  0.02845582
2   1.0 0.3752292 0.2384499 0.5754468 -0.3369969  0.00000000  0.00000000
3   2.0 0.2778140 0.2006327 0.5066690 -0.3060362 -0.03781720 -0.06877787
           oe         te
1  0.10239779 -0.2720992
2  0.00000000 -0.3369969
3 -0.09741519 -0.3748141

[[1]]$pro.p$se
  delta         mu       mu_1       mu_0         de       se_1       se_0
1   0.5 0.01839239 0.01777230 0.02616017 0.02880650 0.01445695 0.02191654
2   1.0 0.01200658 0.01096191 0.01559800 0.01391321 0.00000000 0.00000000
3   2.0 0.01715574 0.01718018 0.02215313 0.02115644 0.01304239 0.01701501
          oe         te
1 0.01465711 0.01929528
2 0.00000000 0.01391321
3 0.01372425 0.02101913


[[1]]$pro.np
[[1]]$pro.np$est
  delta        mu      mu_1      mu_0         de        se_1        se_0
1   0.5 0.4751281 0.2987043 0.6025588 -0.3038545  0.05358654  0.04636629
2   1.0 0.3729912 0.2451178 0.5561925 -0.3110747  0.00000000  0.00000000
3   2.0 0.2835959 0.2128212 0.4913355 -0.2785144 -0.03229661 -0.06485700
           oe         te
1  0.10213690 -0.2574882
2  0.00000000 -0.3110747
3 -0.08939527 -0.3433714

[[1]]$pro.np$se
  delta         mu       mu_1       mu_0         de       se_1       se_0
1   0.5 0.01587849 0.01691627 0.01863662 0.01973004 0.01370827 0.01442559
2   1.0 0.01219346 0.01132475 0.01494624 0.01249583 0.00000000 0.00000000
3   2.0 0.01789669 0.01796493 0.02104257 0.01990071 0.01335482 0.01580060
          oe         te
1 0.01187271 0.01766192
2 0.00000000 0.01249583
3 0.01389270 0.02042003


[[1]]$ipw.p
[[1]]$ipw.p$est
  delta        mu      mu_1      mu_0         de        se_1        se_0
1   0.5 0.4763098 0.3051754 0.6024365 -0.2972611  0.06419978  0.03369365
2   1.0 0.3735992 0.2409756 0.5687429 -0.3277672  0.00000000  0.00000000
3   2.0 0.2912998 0.2129162 0.5187922 -0.3058760 -0.02805941 -0.04995064
           oe         te
1  0.10271064 -0.2635675
2  0.00000000 -0.3277672
3 -0.08229937 -0.3558267

[[1]]$ipw.p$se
  delta          mu        mu_1       mu_0         de       se_1       se_0
1   0.5 0.067023772 0.033986728 0.09337787 0.06403103 0.03311889 0.08791256
2   1.0 0.009704448 0.009561864 0.01665503 0.01751400 0.00000000 0.00000000
3   2.0 0.020397484 0.021644234 0.02454755 0.02192466 0.01879550 0.02871656
          oe         te
1 0.06453132 0.03077021
2 0.00000000 0.01751400
3 0.02099242 0.03018252


[[1]]$ipw.np
[[1]]$ipw.np$est
  delta        mu      mu_1      mu_0         de        se_1        se_0
1   0.5 0.4613141 0.3050726 0.5734773 -0.2684047  0.05885790  0.01815424
2   1.0 0.3735992 0.2462147 0.5553231 -0.3091083  0.00000000  0.00000000
3   2.0 0.2940805 0.2177137 0.5081228 -0.2904091 -0.02850104 -0.04720025
           oe         te
1  0.08771495 -0.2502504
2  0.00000000 -0.3091083
3 -0.07951865 -0.3376094

[[1]]$ipw.np$se
  delta          mu       mu_1       mu_0         de       se_1       se_0
1   0.5 0.062273799 0.03274252 0.08492981 0.05709899 0.03188442 0.07956371
2   1.0 0.009704448 0.00975476 0.01628512 0.01726958 0.00000000 0.00000000
3   2.0 0.019791112 0.02123682 0.02365404 0.02172828 0.01813222 0.02766864
          oe         te
1 0.05978639 0.02959942
2 0.00000000 0.01726958
3 0.02032299 0.02963896



[1] "Total run time was 389.153 seconds"
