WARNING: ignoring environment value of R_HOME

Attaching package: ‘dplyr’

The following objects are masked from ‘package:stats’:

    filter, lag

The following objects are masked from ‘package:base’:

    intersect, setdiff, setequal, union

Loading required package: splines
Loading required package: foreach
Loaded gam 1.20.2

Super Learner
Version: 2.0-28
Package created on 2021-05-04

Loading required package: lattice
Loading required package: ggplot2
Loading required package: Matrix
Loaded glmnet 4.1-7
Loading required package: Formula
Loading required package: plotmo
Loading required package: plotrix
Loading required package: TeachingDemos
Loaded gbm 2.1.8.1

Attaching package: ‘xgboost’

The following object is masked from ‘package:dplyr’:

    slice

[1] "[Simulation setting]"
[1] "m: 500"
[1] "deltas: 0.5, 1, 2"
[1] "Sim.id 1"
[1] "Data generated"
[1] "Proposed & IPW estimators"
[1] "   Split: 1"
[1] "   Split: 2"
[1] "Estimates and SE estimates computed"
[1] ""
[[1]]
[[1]]$pro.p
[[1]]$pro.p$est
  delta        mu      mu_1      mu_0         de        se_1        se_0
1   0.5 0.4475877 0.2805214 0.5702298 -0.2897084  0.03875593 -0.01321893
2   1.0 0.3785584 0.2417655 0.5834487 -0.3416832  0.00000000  0.00000000
3   2.0 0.2995564 0.2134941 0.5581835 -0.3446894 -0.02827139 -0.02526520
           oe         te
1  0.06902932 -0.3029273
2  0.00000000 -0.3416832
3 -0.07900200 -0.3699546

[[1]]$pro.p$se
  delta         mu       mu_1       mu_0         de       se_1       se_0
1   0.5 0.01852047 0.01896134 0.02532081 0.02799707 0.01561019 0.02131024
2   1.0 0.01133711 0.01029462 0.01510083 0.01420034 0.00000000 0.00000000
3   2.0 0.01625925 0.01693358 0.02256032 0.02485164 0.01278382 0.01724495
          oe         te
1 0.01540387 0.02066631
2 0.00000000 0.01420034
3 0.01243086 0.02066525


[[1]]$pro.np
[[1]]$pro.np$est
  delta        mu      mu_1      mu_0         de        se_1         se_0
1   0.5 0.4293315 0.2876605 0.5274999 -0.2398394  0.03497544 -0.026399927
2   1.0 0.3767614 0.2526851 0.5538998 -0.3012147  0.00000000  0.000000000
3   2.0 0.3000668 0.2155809 0.5451371 -0.3295562 -0.03710424 -0.008762762
           oe         te
1  0.05257010 -0.2662393
2  0.00000000 -0.3012147
3 -0.07669465 -0.3383190

[[1]]$pro.np$se
  delta         mu       mu_1       mu_0         de       se_1       se_0
1   0.5 0.01612813 0.01730421 0.02137855 0.02448008 0.01364216 0.01813795
2   1.0 0.01155124 0.01065104 0.01445505 0.01271861 0.00000000 0.00000000
3   2.0 0.01615714 0.01620829 0.02153194 0.02177603 0.01170036 0.01556401
          oe         te
1 0.01303748 0.01867117
2 0.00000000 0.01271861
3 0.01167262 0.01885326


[[1]]$ipw.p
[[1]]$ipw.p$est
  delta        mu      mu_1      mu_0         de       se_1         se_0
1   0.5 0.4519860 0.2899351 0.5730164 -0.2830813 0.05420281  0.008878793
2   1.0 0.3672536 0.2357323 0.5641376 -0.3284054 0.00000000  0.000000000
3   2.0 0.3258593 0.2474609 0.5562926 -0.3088317 0.01172863 -0.007845061
           oe         te
1  0.08473245 -0.2742025
2  0.00000000 -0.3284054
3 -0.04139428 -0.3166767

[[1]]$ipw.p$se
  delta          mu        mu_1       mu_0         de       se_1       se_0
1   0.5 0.042322464 0.028772507 0.05498400 0.03470699 0.02772807 0.04826313
2   1.0 0.008815936 0.008974914 0.01608279 0.01763624 0.00000000 0.00000000
3   2.0 0.027135632 0.029746065 0.02757323 0.02688586 0.02695934 0.03199888
          oe         te
1 0.03945791 0.02653428
2 0.00000000 0.01763624
3 0.02752308 0.03714032


[[1]]$ipw.np
[[1]]$ipw.np$est
  delta        mu      mu_1      mu_0         de       se_1         se_0
1   0.5 0.4424713 0.2949779 0.5468599 -0.2518820 0.05074976  0.003760545
2   1.0 0.3672536 0.2442281 0.5430993 -0.2988712 0.00000000  0.000000000
3   2.0 0.3294132 0.2560469 0.5382643 -0.2822174 0.01181878 -0.004835008
           oe         te
1  0.07521777 -0.2481215
2  0.00000000 -0.2988712
3 -0.03784037 -0.2870524

[[1]]$ipw.np$se
  delta          mu        mu_1       mu_0         de       se_1       se_0
1   0.5 0.039166624 0.027510269 0.04984135 0.03217677 0.02650537 0.04332054
2   1.0 0.008815936 0.009284154 0.01551137 0.01726326 0.00000000 0.00000000
3   2.0 0.028374256 0.032068425 0.02695598 0.02771794 0.02920615 0.03105455
          oe         te
1 0.03634216 0.02539207
2 0.00000000 0.01726326
3 0.02864843 0.03871224



[1] "Total run time was 444.015 seconds"
