WARNING: ignoring environment value of R_HOME

Attaching package: ‘dplyr’

The following objects are masked from ‘package:stats’:

    filter, lag

The following objects are masked from ‘package:base’:

    intersect, setdiff, setequal, union

Loading required package: splines
Loading required package: foreach
Loaded gam 1.20.2

Super Learner
Version: 2.0-28
Package created on 2021-05-04

Loading required package: lattice
Loading required package: ggplot2
Loading required package: Matrix
Loaded glmnet 4.1-7
Loading required package: Formula
Loading required package: plotmo
Loading required package: plotrix
Loading required package: TeachingDemos
Loaded gbm 2.1.8.1

Attaching package: ‘xgboost’

The following object is masked from ‘package:dplyr’:

    slice

[1] "[Simulation setting]"
[1] "m: 500"
[1] "deltas: 0.5, 1, 2"
[1] "Sim.id 1"
[1] "Data generated"
[1] "Proposed & IPW estimators"
[1] "   Split: 1"
[1] "   Split: 2"
[1] "Estimates and SE estimates computed"
[1] ""
[[1]]
[[1]]$pro.p
[[1]]$pro.p$est
  delta        mu      mu_1      mu_0         de        se_1        se_0
1   0.5 0.4257437 0.2526221 0.5559894 -0.3033673 0.028647977  0.01300507
2   1.0 0.3512570 0.2239741 0.5429844 -0.3190102 0.000000000  0.00000000
3   2.0 0.3000889 0.2254403 0.5256975 -0.3002571 0.001466187 -0.01728690
           oe         te
1  0.07448668 -0.2903622
2  0.00000000 -0.3190102
3 -0.05116811 -0.3175440

[[1]]$pro.p$se
  delta         mu       mu_1       mu_0         de       se_1       se_0
1   0.5 0.01889314 0.01637426 0.02498184 0.02330682 0.01449056 0.01941306
2   1.0 0.01172629 0.01033738 0.01611765 0.01438006 0.00000000 0.00000000
3   2.0 0.02893037 0.03035663 0.02882367 0.02765249 0.02739091 0.02417222
          oe         te
1 0.01559922 0.01918141
2 0.00000000 0.01438006
3 0.02618975 0.03252701


[[1]]$pro.np
[[1]]$pro.np$est
  delta        mu      mu_1      mu_0         de          se_1        se_0
1   0.5 0.4214717 0.2579635 0.5390857 -0.2811222  0.0268456939  0.02706560
2   1.0 0.3459952 0.2311178 0.5120201 -0.2809023  0.0000000000  0.00000000
3   2.0 0.2945047 0.2307388 0.4851579 -0.2544190 -0.0003789877 -0.02686227
           oe         te
1  0.07547648 -0.2540566
2  0.00000000 -0.2809023
3 -0.05149054 -0.2812813

[[1]]$pro.np$se
  delta         mu       mu_1       mu_0         de       se_1       se_0
1   0.5 0.01713768 0.01427137 0.02231400 0.02019331 0.01205254 0.01629277
2   1.0 0.01192453 0.01060028 0.01578023 0.01336580 0.00000000 0.00000000
3   2.0 0.02809403 0.03083619 0.02594540 0.02778170 0.02759833 0.02090183
          oe         te
1 0.01324874 0.01648190
2 0.00000000 0.01336580
3 0.02512306 0.03268645


[[1]]$ipw.p
[[1]]$ipw.p$est
  delta        mu      mu_1      mu_0         de        se_1        se_0
1   0.5 0.4507115 0.2590847 0.5969545 -0.3378698  0.03174814 0.046141392
2   1.0 0.3561266 0.2273366 0.5508131 -0.3234765  0.00000000 0.000000000
3   2.0 0.3076702 0.2237516 0.5596775 -0.3359259 -0.00358495 0.008864442
           oe         te
1  0.09458491 -0.2917284
2  0.00000000 -0.3234765
3 -0.04845641 -0.3270615

[[1]]$ipw.p$se
  delta          mu        mu_1       mu_0         de       se_1       se_0
1   0.5 0.051946678 0.024050921 0.07652573 0.05874519 0.02344424 0.07005974
2   1.0 0.009155791 0.008888993 0.01621335 0.01696546 0.00000000 0.00000000
3   2.0 0.023874139 0.024826753 0.03017260 0.02604726 0.02255093 0.03377687
          oe         te
1 0.04949750 0.02218859
2 0.00000000 0.01696546
3 0.02433449 0.03230835


[[1]]$ipw.np
[[1]]$ipw.np$est
  delta        mu      mu_1      mu_0         de         se_1        se_0
1   0.5 0.4553771 0.2668110 0.5958232 -0.3290122  0.034885179 0.057853006
2   1.0 0.3561266 0.2319258 0.5379702 -0.3060444  0.000000000 0.000000000
3   2.0 0.3069860 0.2260584 0.5418013 -0.3157429 -0.005867419 0.003831078
           oe         te
1  0.09925049 -0.2711592
2  0.00000000 -0.3060444
3 -0.04914068 -0.3119118

[[1]]$ipw.np$se
  delta          mu        mu_1       mu_0         de       se_1       se_0
1   0.5 0.054399782 0.024958988 0.07982609 0.06116578 0.02441317 0.07364953
2   1.0 0.009155791 0.009067319 0.01596284 0.01682938 0.00000000 0.00000000
3   2.0 0.023501462 0.024808749 0.02887774 0.02516002 0.02231789 0.03241371
          oe         te
1 0.05205650 0.02294048
2 0.00000000 0.01682938
3 0.02386612 0.03208651



[1] "Total run time was 343.825 seconds"
