WARNING: ignoring environment value of R_HOME

Attaching package: ‘dplyr’

The following objects are masked from ‘package:stats’:

    filter, lag

The following objects are masked from ‘package:base’:

    intersect, setdiff, setequal, union

Loading required package: splines
Loading required package: foreach
Loaded gam 1.20.2

Super Learner
Version: 2.0-28
Package created on 2021-05-04

Loading required package: lattice
Loading required package: ggplot2
Loading required package: Matrix
Loaded glmnet 4.1-7
Loading required package: Formula
Loading required package: plotmo
Loading required package: plotrix
Loading required package: TeachingDemos
Loaded gbm 2.1.8.1

Attaching package: ‘xgboost’

The following object is masked from ‘package:dplyr’:

    slice

[1] "[Simulation setting]"
[1] "m: 500"
[1] "deltas: 0.5, 1, 2"
[1] "Sim.id 1"
[1] "Data generated"
[1] "Proposed & IPW estimators"
[1] "   Split: 1"
[1] "   Split: 2"
[1] "Estimates and SE estimates computed"
[1] ""
[[1]]
[[1]]$pro.p
[[1]]$pro.p$est
  delta        mu      mu_1      mu_0         de        se_1        se_0
1   0.5 0.4487799 0.2608168 0.5814861 -0.3206693  0.04152749  0.03569673
2   1.0 0.3533924 0.2192893 0.5457894 -0.3265001  0.00000000  0.00000000
3   2.0 0.2785673 0.1960935 0.5197741 -0.3236807 -0.02319583 -0.02601527
           oe         te
1  0.09538754 -0.2849726
2  0.00000000 -0.3265001
3 -0.07482508 -0.3496959

[[1]]$pro.p$se
  delta         mu       mu_1       mu_0         de       se_1       se_0
1   0.5 0.01588104 0.01615725 0.02052271 0.02271408 0.01243733 0.01533699
2   1.0 0.01091237 0.01022543 0.01464023 0.01359165 0.00000000 0.00000000
3   2.0 0.01573672 0.01572301 0.02227288 0.02210559 0.01235085 0.01703364
          oe         te
1 0.01160712 0.01784303
2 0.00000000 0.01359165
3 0.01248932 0.01961419


[[1]]$pro.np
[[1]]$pro.np$est
  delta        mu      mu_1      mu_0         de        se_1        se_0
1   0.5 0.4371944 0.2608129 0.5551089 -0.2942960  0.02991162  0.03529636
2   1.0 0.3533725 0.2309013 0.5198125 -0.2889113  0.00000000  0.00000000
3   2.0 0.2826149 0.2077262 0.4950668 -0.2873406 -0.02317505 -0.02474568
           oe         te
1  0.08382187 -0.2589996
2  0.00000000 -0.2889113
3 -0.07075762 -0.3120863

[[1]]$pro.np$se
  delta         mu       mu_1       mu_0         de       se_1       se_0
1   0.5 0.01830303 0.01443053 0.02259023 0.01809616 0.01039032 0.01767006
2   1.0 0.01083808 0.01029197 0.01382753 0.01201379 0.00000000 0.00000000
3   2.0 0.01586977 0.01515759 0.02224556 0.01976142 0.01098256 0.01731596
          oe         te
1 0.01409985 0.01486827
2 0.00000000 0.01201379
3 0.01185820 0.01739510


[[1]]$ipw.p
[[1]]$ipw.p$est
  delta        mu      mu_1      mu_0         de         se_1         se_0
1   0.5 0.4341419 0.2632388 0.5568967 -0.2936580  0.036122614 -0.002791339
2   1.0 0.3630172 0.2271161 0.5596881 -0.3325719  0.000000000  0.000000000
3   2.0 0.3034587 0.2188508 0.5501466 -0.3312958 -0.008265348 -0.009541458
           oe         te
1  0.07112474 -0.2964493
2  0.00000000 -0.3325719
3 -0.05955847 -0.3408373

[[1]]$ipw.p$se
  delta          mu        mu_1       mu_0         de       se_1       se_0
1   0.5 0.047165987 0.026098775 0.06369149 0.04336826 0.02522324 0.05732805
2   1.0 0.009057618 0.009434104 0.01595756 0.01761498 0.00000000 0.00000000
3   2.0 0.021783789 0.023611714 0.02714786 0.02565310 0.02099351 0.03070959
          oe         te
1 0.04449054 0.02425701
2 0.00000000 0.01761498
3 0.02212134 0.03127638


[[1]]$ipw.np
[[1]]$ipw.np$est
  delta        mu      mu_1      mu_0         de         se_1         se_0
1   0.5 0.4267588 0.2684091 0.5364648 -0.2680557  0.034883113 -0.006976736
2   1.0 0.3630172 0.2335259 0.5434415 -0.3099156  0.000000000  0.000000000
3   2.0 0.3046430 0.2243384 0.5317314 -0.3073931 -0.009187584 -0.011710066
           oe         te
1  0.06374167 -0.2750325
2  0.00000000 -0.3099156
3 -0.05837417 -0.3191032

[[1]]$ipw.np$se
  delta          mu       mu_1       mu_0         de       se_1       se_0
1   0.5 0.046337358 0.02668057 0.06139827 0.04067302 0.02583169 0.05542559
2   1.0 0.009057618 0.00968349 0.01552486 0.01733445 0.00000000 0.00000000
3   2.0 0.021776304 0.02435594 0.02610374 0.02566327 0.02163097 0.02947175
          oe         te
1 0.04377094 0.02477553
2 0.00000000 0.01733445
3 0.02208934 0.03160683



[1] "Total run time was 435.109 seconds"
