WARNING: ignoring environment value of R_HOME

Attaching package: ‘dplyr’

The following objects are masked from ‘package:stats’:

    filter, lag

The following objects are masked from ‘package:base’:

    intersect, setdiff, setequal, union

Loading required package: splines
Loading required package: foreach
Loaded gam 1.20.2

Super Learner
Version: 2.0-28
Package created on 2021-05-04

Loading required package: lattice
Loading required package: ggplot2
Loading required package: Matrix
Loaded glmnet 4.1-7
Loading required package: Formula
Loading required package: plotmo
Loading required package: plotrix
Loading required package: TeachingDemos
Loaded gbm 2.1.8.1

Attaching package: ‘xgboost’

The following object is masked from ‘package:dplyr’:

    slice

[1] "[Simulation setting]"
[1] "m: 500"
[1] "deltas: 0.5, 1, 2"
[1] "Sim.id 1"
[1] "Data generated"
[1] "Proposed & IPW estimators"
[1] "   Split: 1"
[1] "   Split: 2"
[1] "Estimates and SE estimates computed"
[1] ""
[[1]]
[[1]]$pro.p
[[1]]$pro.p$est
  delta        mu      mu_1      mu_0         de        se_1        se_0
1   0.5 0.4453769 0.2510117 0.5889393 -0.3379276  0.04803495  0.05285948
2   1.0 0.3366801 0.2029768 0.5360798 -0.3331031  0.00000000  0.00000000
3   2.0 0.2528309 0.1701772 0.5036842 -0.3335070 -0.03279956 -0.03239558
           oe         te
1  0.10869680 -0.2850681
2  0.00000000 -0.3331031
3 -0.08384917 -0.3659026

[[1]]$pro.p$se
  delta         mu       mu_1       mu_0         de       se_1       se_0
1   0.5 0.01528226 0.01596826 0.01989825 0.02305154 0.01305356 0.01711262
2   1.0 0.01119406 0.01004486 0.01480004 0.01325567 0.00000000 0.00000000
3   2.0 0.01862115 0.01871783 0.02443312 0.02228904 0.01504584 0.01853248
          oe         te
1 0.01235849 0.01857182
2 0.00000000 0.01325567
3 0.01488566 0.02122451


[[1]]$pro.np
[[1]]$pro.np$est
  delta        mu      mu_1      mu_0         de        se_1        se_0
1   0.5 0.4296930 0.2597485 0.5486329 -0.2888843  0.04454639  0.03173795
2   1.0 0.3393501 0.2152021 0.5168949 -0.3016928  0.00000000  0.00000000
3   2.0 0.2643625 0.1847916 0.4942202 -0.3094286 -0.03041054 -0.02267467
           oe         te
1  0.09034289 -0.2571464
2  0.00000000 -0.3016928
3 -0.07498759 -0.3321033

[[1]]$pro.np$se
  delta         mu       mu_1       mu_0         de       se_1       se_0
1   0.5 0.01514269 0.01493901 0.02572284 0.03184629 0.01156373 0.02362915
2   1.0 0.01145226 0.01030960 0.01459680 0.01198171 0.00000000 0.00000000
3   2.0 0.01847923 0.01904227 0.02300869 0.02194353 0.01511410 0.01654675
          oe         te
1 0.01209291 0.01632900
2 0.00000000 0.01198171
3 0.01431881 0.02074741


[[1]]$ipw.p
[[1]]$ipw.p$est
  delta        mu      mu_1      mu_0         de          se_1        se_0
1   0.5 0.4553921 0.2505901 0.6141240 -0.3635339  0.0428962427  0.07373420
2   1.0 0.3407754 0.2076938 0.5403898 -0.3326960  0.0000000000  0.00000000
3   2.0 0.2868070 0.2070441 0.5247640 -0.3177199 -0.0006497191 -0.01562578
          oe         te
1  0.1146167 -0.2897997
2  0.0000000 -0.3326960
3 -0.0539684 -0.3333457

[[1]]$ipw.p$se
  delta          mu        mu_1       mu_0         de       se_1       se_0
1   0.5 0.089443114 0.028528860 0.14124727 0.11743655 0.02777590 0.13842178
2   1.0 0.009203944 0.008781587 0.01583206 0.01641555 0.00000000 0.00000000
3   2.0 0.028640806 0.033656837 0.02714488 0.03365294 0.03154377 0.03023339
          oe         te
1 0.08831174 0.02781591
2 0.00000000 0.01641555
3 0.02859993 0.03911463


[[1]]$ipw.np
[[1]]$ipw.np$est
  delta        mu      mu_1      mu_0         de          se_1        se_0
1   0.5 0.4424072 0.2546372 0.5806670 -0.3260298  0.0420187005  0.05463735
2   1.0 0.3407754 0.2126185 0.5260297 -0.3134112  0.0000000000  0.00000000
3   2.0 0.2893824 0.2118848 0.5119514 -0.3000666 -0.0007337086 -0.01407826
           oe         te
1  0.10163182 -0.2713925
2  0.00000000 -0.3134112
3 -0.05139292 -0.3141449

[[1]]$ipw.np$se
  delta          mu        mu_1       mu_0         de       se_1       se_0
1   0.5 0.078996181 0.027092261 0.11977171 0.09807986 0.02623925 0.11677514
2   1.0 0.009203944 0.008983423 0.01545785 0.01609473 0.00000000 0.00000000
3   2.0 0.028681453 0.033964041 0.02694948 0.03325593 0.03175923 0.02983783
          oe         te
1 0.07776030 0.02625036
2 0.00000000 0.01609473
3 0.02858585 0.03917473



[1] "Total run time was 206.161 seconds"
