WARNING: ignoring environment value of R_HOME

Attaching package: ‘dplyr’

The following objects are masked from ‘package:stats’:

    filter, lag

The following objects are masked from ‘package:base’:

    intersect, setdiff, setequal, union

Loading required package: splines
Loading required package: foreach
Loaded gam 1.20.2

Super Learner
Version: 2.0-28
Package created on 2021-05-04

Loading required package: lattice
Loading required package: ggplot2
Loading required package: Matrix
Loaded glmnet 4.1-7
Loading required package: Formula
Loading required package: plotmo
Loading required package: plotrix
Loading required package: TeachingDemos
Loaded gbm 2.1.8.1

Attaching package: ‘xgboost’

The following object is masked from ‘package:dplyr’:

    slice

[1] "[Simulation setting]"
[1] "m: 500"
[1] "deltas: 0.5, 1, 2"
[1] "Sim.id 1"
[1] "Data generated"
[1] "Proposed & IPW estimators"
[1] "   Split: 1"
[1] "   Split: 2"
[1] "Estimates and SE estimates computed"
[1] ""
[[1]]
[[1]]$pro.p
[[1]]$pro.p$est
  delta        mu      mu_1      mu_0         de        se_1        se_0
1   0.5 0.4558087 0.2646891 0.5920914 -0.3274023  0.03115032  0.01533907
2   1.0 0.3751865 0.2335388 0.5767524 -0.3432136  0.00000000  0.00000000
3   2.0 0.2877443 0.2032057 0.5310956 -0.3278899 -0.03033310 -0.04565676
           oe         te
1  0.08062218 -0.3120633
2  0.00000000 -0.3432136
3 -0.08744218 -0.3735467

[[1]]$pro.p$se
  delta         mu       mu_1       mu_0         de       se_1       se_0
1   0.5 0.01684947 0.01913408 0.01924036 0.02154536 0.01618544 0.01511472
2   1.0 0.01197809 0.01077648 0.01517536 0.01334931 0.00000000 0.00000000
3   2.0 0.01820407 0.01713150 0.02369403 0.02012492 0.01240834 0.01754315
          oe         te
1 0.01321824 0.02037139
2 0.00000000 0.01334931
3 0.01342563 0.01906924


[[1]]$pro.np
[[1]]$pro.np$est
  delta        mu      mu_1      mu_0         de        se_1         se_0
1   0.5 0.4360244 0.2708675 0.5481507 -0.2772831  0.02306390 -0.003534122
2   1.0 0.3774289 0.2478036 0.5516848 -0.3038812  0.00000000  0.000000000
3   2.0 0.2942033 0.2146207 0.5116405 -0.2970198 -0.03318292 -0.040044242
           oe         te
1  0.05859556 -0.2808173
2  0.00000000 -0.3038812
3 -0.08322556 -0.3370641

[[1]]$pro.np$se
  delta         mu       mu_1       mu_0         de       se_1       se_0
1   0.5 0.01628546 0.01405534 0.02124528 0.02078999 0.01048458 0.01863775
2   1.0 0.01231638 0.01118763 0.01497003 0.01230638 0.00000000 0.00000000
3   2.0 0.01899038 0.01813448 0.02281437 0.01907469 0.01312399 0.01648599
          oe         te
1 0.01372239 0.01553526
2 0.00000000 0.01230638
3 0.01388480 0.01894570


[[1]]$ipw.p
[[1]]$ipw.p$est
  delta        mu      mu_1      mu_0         de        se_1        se_0
1   0.5 0.4760044 0.2670820 0.6267886 -0.3597066  0.03746228  0.06528873
2   1.0 0.3660333 0.2296197 0.5614998 -0.3318802  0.00000000  0.00000000
3   2.0 0.2871474 0.2017353 0.5318306 -0.3300953 -0.02788434 -0.02966925
           oe         te
1  0.10997103 -0.2944179
2  0.00000000 -0.3318802
3 -0.07888596 -0.3597645

[[1]]$ipw.p$se
  delta          mu        mu_1       mu_0         de       se_1       se_0
1   0.5 0.068058735 0.031220596 0.09730191 0.07092120 0.03069709 0.09257462
2   1.0 0.009334702 0.009251937 0.01647653 0.01785044 0.00000000 0.00000000
3   2.0 0.017141177 0.017278763 0.02453115 0.02099358 0.01382044 0.02834422
          oe         te
1 0.06615474 0.02975217
2 0.00000000 0.01785044
3 0.01757816 0.02663840


[[1]]$ipw.np
[[1]]$ipw.np$est
  delta        mu      mu_1      mu_0         de        se_1        se_0
1   0.5 0.4911390 0.2815473 0.6446132 -0.3630659  0.04662534  0.09012139
2   1.0 0.3660333 0.2349220 0.5544918 -0.3195698  0.00000000  0.00000000
3   2.0 0.2910968 0.2083380 0.5262171 -0.3178791 -0.02658400 -0.02827473
           oe         te
1  0.12510570 -0.2729445
2  0.00000000 -0.3195698
3 -0.07493655 -0.3461538

[[1]]$ipw.np$se
  delta          mu        mu_1       mu_0         de       se_1       se_0
1   0.5 0.071222794 0.033079733 0.10129476 0.07331343 0.03256236 0.09634539
2   1.0 0.009334702 0.009483387 0.01648343 0.01795830 0.00000000 0.00000000
3   2.0 0.018029039 0.018418003 0.02488098 0.02112872 0.01494085 0.02867219
          oe         te
1 0.06928086 0.03124338
2 0.00000000 0.01795830
3 0.01834906 0.02743348



[1] "Total run time was 379.548 seconds"
