WARNING: ignoring environment value of R_HOME

Attaching package: ‘dplyr’

The following objects are masked from ‘package:stats’:

    filter, lag

The following objects are masked from ‘package:base’:

    intersect, setdiff, setequal, union

Loading required package: splines
Loading required package: foreach
Loaded gam 1.20.2

Super Learner
Version: 2.0-28
Package created on 2021-05-04

Loading required package: lattice
Loading required package: ggplot2
Loading required package: Matrix
Loaded glmnet 4.1-7
Loading required package: Formula
Loading required package: plotmo
Loading required package: plotrix
Loading required package: TeachingDemos
Loaded gbm 2.1.8.1

Attaching package: ‘xgboost’

The following object is masked from ‘package:dplyr’:

    slice

[1] "[Simulation setting]"
[1] "m: 500"
[1] "deltas: 0.5, 1, 2"
[1] "Sim.id 1"
[1] "Data generated"
[1] "Proposed & IPW estimators"
[1] "   Split: 1"
[1] "   Split: 2"
[1] "Estimates and SE estimates computed"
[1] ""
[[1]]
[[1]]$pro.p
[[1]]$pro.p$est
  delta        mu      mu_1      mu_0         de        se_1         se_0
1   0.5 0.4243057 0.2517319 0.5548152 -0.3030833  0.02614092  0.005192948
2   1.0 0.3554369 0.2255909 0.5496223 -0.3240313  0.00000000  0.000000000
3   2.0 0.2743899 0.1995804 0.5048895 -0.3053091 -0.02601050 -0.044732733
           oe         te
1  0.06886884 -0.2978904
2  0.00000000 -0.3240313
3 -0.08104699 -0.3500418

[[1]]$pro.p$se
  delta         mu       mu_1       mu_0         de       se_1       se_0
1   0.5 0.01691553 0.01675006 0.02202205 0.02299097 0.01422536 0.01776310
2   1.0 0.01172471 0.01061102 0.01570601 0.01356875 0.00000000 0.00000000
3   2.0 0.01773777 0.01764209 0.02485541 0.02372794 0.01263653 0.01856932
          oe         te
1 0.01383670 0.01969054
2 0.00000000 0.01356875
3 0.01307063 0.02021349


[[1]]$pro.np
[[1]]$pro.np$est
  delta        mu      mu_1      mu_0         de        se_1         se_0
1   0.5 0.4133922 0.2600983 0.5240396 -0.2639413  0.02790683 -0.001630642
2   1.0 0.3544562 0.2321914 0.5256703 -0.2934788  0.00000000  0.000000000
3   2.0 0.2788213 0.2037597 0.4950291 -0.2912695 -0.02843175 -0.030641110
           oe         te
1  0.05893601 -0.2655720
2  0.00000000 -0.2934788
3 -0.07563489 -0.3219106

[[1]]$pro.np$se
  delta         mu       mu_1       mu_0         de       se_1       se_0
1   0.5 0.01469439 0.01578816 0.01787232 0.01916052 0.01310065 0.01408734
2   1.0 0.01195035 0.01109300 0.01501583 0.01249737 0.00000000 0.00000000
3   2.0 0.01892176 0.01908517 0.02283178 0.02140474 0.01384107 0.01634140
          oe         te
1 0.01169659 0.01813076
2 0.00000000 0.01249737
3 0.01400019 0.02038130


[[1]]$ipw.p
[[1]]$ipw.p$est
  delta        mu      mu_1      mu_0         de        se_1        se_0
1   0.5 0.4310300 0.2558172 0.5654669 -0.3096497  0.02559078  0.01523461
2   1.0 0.3582515 0.2302264 0.5502323 -0.3200059  0.00000000  0.00000000
3   2.0 0.2904091 0.2163747 0.5102911 -0.2939164 -0.01385168 -0.03994122
           oe         te
1  0.07277847 -0.2944151
2  0.00000000 -0.3200059
3 -0.06784243 -0.3338576

[[1]]$ipw.p$se
  delta          mu        mu_1       mu_0         de       se_1       se_0
1   0.5 0.041439422 0.024301630 0.05954318 0.04651051 0.02331043 0.05199562
2   1.0 0.009395868 0.009614286 0.01693336 0.01844657 0.00000000 0.00000000
3   2.0 0.019305100 0.022805470 0.02394257 0.02876810 0.01917756 0.02732697
          oe         te
1 0.03849572 0.02302306
2 0.00000000 0.01844657
3 0.01940894 0.03144446


[[1]]$ipw.np
[[1]]$ipw.np$est
  delta        mu      mu_1      mu_0         de         se_1        se_0
1   0.5 0.4269484 0.2608290 0.5525270 -0.2916981  0.025377523  0.01388173
2   1.0 0.3582515 0.2354515 0.5386453 -0.3031938  0.000000000  0.00000000
3   2.0 0.2983008 0.2268116 0.5044035 -0.2775920 -0.008639907 -0.03424179
           oe         te
1  0.06869696 -0.2778163
2  0.00000000 -0.3031938
3 -0.05995069 -0.3118338

[[1]]$ipw.np$se
  delta          mu        mu_1       mu_0         de       se_1       se_0
1   0.5 0.040944622 0.025194954 0.05778409 0.04400959 0.02427003 0.05041348
2   1.0 0.009395868 0.009876414 0.01661056 0.01830485 0.00000000 0.00000000
3   2.0 0.020064973 0.024192418 0.02376548 0.02933409 0.02015421 0.02695476
          oe         te
1 0.03804764 0.02357689
2 0.00000000 0.01830485
3 0.01992742 0.03235446



[1] "Total run time was 272.546 seconds"
