WARNING: ignoring environment value of R_HOME

Attaching package: ‘dplyr’

The following objects are masked from ‘package:stats’:

    filter, lag

The following objects are masked from ‘package:base’:

    intersect, setdiff, setequal, union

Loading required package: splines
Loading required package: foreach
Loaded gam 1.20.2

Super Learner
Version: 2.0-28
Package created on 2021-05-04

Loading required package: lattice
Loading required package: ggplot2
Loading required package: Matrix
Loaded glmnet 4.1-7
Loading required package: Formula
Loading required package: plotmo
Loading required package: plotrix
Loading required package: TeachingDemos
Loaded gbm 2.1.8.1

Attaching package: ‘xgboost’

The following object is masked from ‘package:dplyr’:

    slice

[1] "[Simulation setting]"
[1] "m: 500"
[1] "deltas: 0.5, 1, 2"
[1] "Sim.id 1"
[1] "Data generated"
[1] "Proposed & IPW estimators"
[1] "   Split: 1"
[1] "   Split: 2"
[1] "Estimates and SE estimates computed"
[1] ""
[[1]]
[[1]]$pro.p
[[1]]$pro.p$est
  delta        mu      mu_1      mu_0         de        se_1        se_0
1   0.5 0.4371671 0.2480134 0.5787984 -0.3307850  0.02178041  0.03018267
2   1.0 0.3563047 0.2262330 0.5486157 -0.3223827  0.00000000  0.00000000
3   2.0 0.2678244 0.1857066 0.5051889 -0.3194822 -0.04052637 -0.04342683
           oe         te
1  0.08086240 -0.3006023
2  0.00000000 -0.3223827
3 -0.08848038 -0.3629091

[[1]]$pro.p$se
  delta         mu       mu_1       mu_0         de       se_1       se_0
1   0.5 0.01871146 0.01468126 0.02641435 0.02628522 0.01200904 0.02240453
2   1.0 0.01193956 0.01077513 0.01613479 0.01474223 0.00000000 0.00000000
3   2.0 0.02178104 0.02204037 0.02812070 0.02812782 0.01768857 0.02282129
          oe         te
1 0.01585005 0.01806224
2 0.00000000 0.01474223
3 0.01759252 0.02495711


[[1]]$pro.np
[[1]]$pro.np$est
  delta        mu      mu_1      mu_0         de        se_1        se_0
1   0.5 0.4282152 0.2581349 0.5502991 -0.2921642  0.01965319  0.02698559
2   1.0 0.3565813 0.2384817 0.5233135 -0.2848318  0.00000000  0.00000000
3   2.0 0.2708284 0.1960709 0.4820275 -0.2859566 -0.04241072 -0.04128594
           oe         te
1  0.07163384 -0.2651786
2  0.00000000 -0.2848318
3 -0.08575296 -0.3272425

[[1]]$pro.np$se
  delta         mu       mu_1       mu_0         de        se_1       se_0
1   0.5 0.01898094 0.01278383 0.02813752 0.02787816 0.009547045 0.02429166
2   1.0 0.01208363 0.01100803 0.01529785 0.01297337 0.000000000 0.00000000
3   2.0 0.02311353 0.02432726 0.02522076 0.02603522 0.019658417 0.01966505
          oe         te
1 0.01607401 0.01521744
2 0.00000000 0.01297337
3 0.01869500 0.02594380


[[1]]$ipw.p
[[1]]$ipw.p$est
  delta        mu      mu_1      mu_0         de         se_1        se_0
1   0.5 0.4687014 0.2489646 0.6376111 -0.3886465 0.0187456302 0.072926711
2   1.0 0.3632599 0.2302189 0.5646844 -0.3344654 0.0000000000 0.000000000
3   2.0 0.3153937 0.2311134 0.5668592 -0.3357458 0.0008944491 0.002174862
           oe         te
1  0.10544157 -0.3157198
2  0.00000000 -0.3344654
3 -0.04786612 -0.3335710

[[1]]$ipw.p$se
  delta          mu        mu_1       mu_0         de       se_1       se_0
1   0.5 0.051274632 0.019690282 0.08075480 0.07164665 0.01898206 0.07349050
2   1.0 0.009205281 0.009330492 0.01663505 0.01832844 0.00000000 0.00000000
3   2.0 0.022576494 0.022999212 0.03196480 0.02804122 0.02029009 0.03580096
          oe         te
1 0.04868507 0.01940632
2 0.00000000 0.01832844
3 0.02315110 0.03165512


[[1]]$ipw.np
[[1]]$ipw.np$est
  delta        mu      mu_1      mu_0         de         se_1         se_0
1   0.5 0.4604321 0.2554294 0.6112236 -0.3557943  0.019611859  0.062021139
2   1.0 0.3632599 0.2358175 0.5492025 -0.3133850  0.000000000  0.000000000
3   2.0 0.3117645 0.2324056 0.5423213 -0.3099158 -0.003411948 -0.006881177
           oe         te
1  0.09717220 -0.2937731
2  0.00000000 -0.3133850
3 -0.05149533 -0.3167970

[[1]]$ipw.np$se
  delta          mu        mu_1       mu_0         de       se_1       se_0
1   0.5 0.049017532 0.019448157 0.07566539 0.06705379 0.01869401 0.06862845
2   1.0 0.009205281 0.009553058 0.01621599 0.01802510 0.00000000 0.00000000
3   2.0 0.022295735 0.023136533 0.03050650 0.02687908 0.02030605 0.03415000
          oe         te
1 0.04642699 0.01899700
2 0.00000000 0.01802510
3 0.02282274 0.03143045



[1] "Total run time was 239.286 seconds"
