WARNING: ignoring environment value of R_HOME

Attaching package: ‘dplyr’

The following objects are masked from ‘package:stats’:

    filter, lag

The following objects are masked from ‘package:base’:

    intersect, setdiff, setequal, union

Loading required package: splines
Loading required package: foreach
Loaded gam 1.20.2

Super Learner
Version: 2.0-28
Package created on 2021-05-04

Loading required package: lattice
Loading required package: ggplot2
Loading required package: Matrix
Loaded glmnet 4.1-7
Loading required package: Formula
Loading required package: plotmo
Loading required package: plotrix
Loading required package: TeachingDemos
Loaded gbm 2.1.8.1

Attaching package: ‘xgboost’

The following object is masked from ‘package:dplyr’:

    slice

[1] "[Simulation setting]"
[1] "m: 500"
[1] "deltas: 0.5, 1, 2"
[1] "Sim.id 1"
[1] "Data generated"
[1] "Proposed & IPW estimators"
[1] "   Split: 1"
[1] "   Split: 2"
[1] "Estimates and SE estimates computed"
[1] ""
[[1]]
[[1]]$pro.p
[[1]]$pro.p$est
  delta        mu      mu_1      mu_0         de        se_1        se_0
1   0.5 0.4522793 0.2412860 0.5986592 -0.3573732  0.01203488  0.02996010
2   1.0 0.3698234 0.2292511 0.5686991 -0.3394480  0.00000000  0.00000000
3   2.0 0.2954335 0.2019170 0.5582221 -0.3563050 -0.02733407 -0.01047705
           oe         te
1  0.08245592 -0.3274131
2  0.00000000 -0.3394480
3 -0.07438991 -0.3667821

[[1]]$pro.p$se
  delta         mu       mu_1       mu_0         de       se_1       se_0
1   0.5 0.01732732 0.01573672 0.02484475 0.02707124 0.01307191 0.02078179
2   1.0 0.01098014 0.01020080 0.01436847 0.01323197 0.00000000 0.00000000
3   2.0 0.01818808 0.01833259 0.02288187 0.02218008 0.01404592 0.01777726
          oe         te
1 0.01419994 0.01764340
2 0.00000000 0.01323197
3 0.01425663 0.02103398


[[1]]$pro.np
[[1]]$pro.np$est
  delta        mu      mu_1      mu_0         de         se_1        se_0
1   0.5 0.4482316 0.2477936 0.5830472 -0.3352536  0.004344155  0.03932553
2   1.0 0.3709111 0.2434494 0.5437217 -0.3002723  0.000000000  0.00000000
3   2.0 0.3035883 0.2156989 0.5375954 -0.3218965 -0.027750489 -0.00612627
           oe         te
1  0.07732055 -0.2959281
2  0.00000000 -0.3002723
3 -0.06732274 -0.3280227

[[1]]$pro.np$se
  delta         mu       mu_1       mu_0         de       se_1       se_0
1   0.5 0.01521020 0.01468377 0.02000991 0.02127023 0.01171275 0.01550483
2   1.0 0.01126586 0.01050413 0.01406714 0.01222583 0.00000000 0.00000000
3   2.0 0.01891612 0.01932504 0.02197727 0.02110431 0.01446968 0.01672202
          oe         te
1 0.01154278 0.01614560
2 0.00000000 0.01222583
3 0.01443100 0.02105666


[[1]]$ipw.p
[[1]]$ipw.p$est
  delta        mu      mu_1      mu_0         de        se_1         se_0
1   0.5 0.4265943 0.2405193 0.5595939 -0.3190746  0.01179297 -0.003134536
2   1.0 0.3665703 0.2287264 0.5627285 -0.3340021  0.00000000  0.000000000
3   2.0 0.3007452 0.2148390 0.5460535 -0.3312145 -0.01388739 -0.016674972
           oe         te
1  0.06002400 -0.3222091
2  0.00000000 -0.3340021
3 -0.06582503 -0.3478895

[[1]]$ipw.p$se
  delta          mu        mu_1       mu_0         de       se_1       se_0
1   0.5 0.035038243 0.019076114 0.05181535 0.04424772 0.01842187 0.04411265
2   1.0 0.008844052 0.009199251 0.01596508 0.01797185 0.00000000 0.00000000
3   2.0 0.020968978 0.023374632 0.02735341 0.02897860 0.02030459 0.03167224
          oe         te
1 0.03220783 0.01937698
2 0.00000000 0.01797185
3 0.02158510 0.03147654


[[1]]$ipw.np
[[1]]$ipw.np$est
  delta        mu      mu_1      mu_0         de         se_1         se_0
1   0.5 0.4204989 0.2447478 0.5427313 -0.2979835  0.009882482 -0.004810175
2   1.0 0.3665703 0.2348653 0.5475414 -0.3126761  0.000000000  0.000000000
3   2.0 0.3017808 0.2197462 0.5276013 -0.3078551 -0.015119107 -0.019940148
           oe         te
1  0.05392869 -0.3027936
2  0.00000000 -0.3126761
3 -0.06478945 -0.3277952

[[1]]$ipw.np$se
  delta          mu        mu_1       mu_0         de       se_1       se_0
1   0.5 0.033671849 0.019176127 0.04912650 0.04214069 0.01858181 0.04146778
2   1.0 0.008844052 0.009433016 0.01567340 0.01782933 0.00000000 0.00000000
3   2.0 0.021116794 0.024144107 0.02652702 0.02897172 0.02093225 0.03056336
         oe         te
1 0.0308929 0.01947291
2 0.0000000 0.01782933
3 0.0216137 0.03184735



[1] "Total run time was 384.879 seconds"
