WARNING: ignoring environment value of R_HOME

Attaching package: ‘dplyr’

The following objects are masked from ‘package:stats’:

    filter, lag

The following objects are masked from ‘package:base’:

    intersect, setdiff, setequal, union

Loading required package: splines
Loading required package: foreach
Loaded gam 1.20.2

Super Learner
Version: 2.0-28
Package created on 2021-05-04

Loading required package: lattice
Loading required package: ggplot2
Loading required package: Matrix
Loaded glmnet 4.1-7
Loading required package: Formula
Loading required package: plotmo
Loading required package: plotrix
Loading required package: TeachingDemos
Loaded gbm 2.1.8.1

Attaching package: ‘xgboost’

The following object is masked from ‘package:dplyr’:

    slice

[1] "[Simulation setting]"
[1] "m: 500"
[1] "deltas: 0.5, 1, 2"
[1] "Sim.id 1"
[1] "Data generated"
[1] "Proposed & IPW estimators"
[1] "   Split: 1"
[1] "   Split: 2"
[1] "Estimates and SE estimates computed"
[1] ""
[[1]]
[[1]]$pro.p
[[1]]$pro.p$est
  delta        mu      mu_1      mu_0         de        se_1        se_0
1   0.5 0.4528844 0.2673481 0.5889956 -0.3216474  0.03549161  0.04253195
2   1.0 0.3605005 0.2318565 0.5464636 -0.3146071  0.00000000  0.00000000
3   2.0 0.2973021 0.2174788 0.5198619 -0.3023831 -0.01437772 -0.02660166
           oe         te
1  0.09238392 -0.2791155
2  0.00000000 -0.3146071
3 -0.06319835 -0.3289848

[[1]]$pro.p$se
  delta         mu       mu_1       mu_0         de       se_1       se_0
1   0.5 0.01760366 0.01663885 0.02265477 0.02271402 0.01297826 0.01745474
2   1.0 0.01163490 0.01043466 0.01512474 0.01333508 0.00000000 0.00000000
3   2.0 0.01767353 0.01733795 0.02257708 0.02015785 0.01375528 0.01770317
          oe         te
1 0.01341226 0.01790795
2 0.00000000 0.01333508
3 0.01386596 0.01962759


[[1]]$pro.np
[[1]]$pro.np$est
  delta        mu      mu_1      mu_0         de        se_1        se_0
1   0.5 0.4450087 0.2697928 0.5690129 -0.2992201 0.029257466  0.04147158
2   1.0 0.3615416 0.2405353 0.5275413 -0.2870060 0.000000000  0.00000000
3   2.0 0.3162745 0.2424340 0.5091894 -0.2667554 0.001898621 -0.01835191
           oe         te
1  0.08346711 -0.2577485
2  0.00000000 -0.2870060
3 -0.04526710 -0.2851074

[[1]]$pro.np$se
  delta         mu       mu_1       mu_0         de       se_1       se_0
1   0.5 0.01754795 0.01528615 0.02310239 0.02251478 0.01156077 0.01821539
2   1.0 0.01193769 0.01087742 0.01458265 0.01204848 0.00000000 0.00000000
3   2.0 0.02053576 0.02138802 0.02121323 0.02025729 0.01707507 0.01610073
          oe         te
1 0.01347191 0.01608345
2 0.00000000 0.01204848
3 0.01589230 0.02158490


[[1]]$ipw.p
[[1]]$ipw.p$est
  delta        mu      mu_1      mu_0         de        se_1        se_0
1   0.5 0.4354345 0.2582634 0.5646634 -0.3064000  0.02671944  0.01723625
2   1.0 0.3607365 0.2315440 0.5474272 -0.3158832  0.00000000  0.00000000
3   2.0 0.2735340 0.1945802 0.4997825 -0.3052023 -0.03696383 -0.04764466
           oe         te
1  0.07469802 -0.2891637
2  0.00000000 -0.3158832
3 -0.08720247 -0.3528470

[[1]]$ipw.p$se
  delta         mu        mu_1       mu_0         de       se_1       se_0
1   0.5 0.04337136 0.021749686 0.06460189 0.05490751 0.02029425 0.05747719
2   1.0 0.00958175 0.009328612 0.01654817 0.01751534 0.00000000 0.00000000
3   2.0 0.01748817 0.017414421 0.02416477 0.01963117 0.01466273 0.02812538
          oe         te
1 0.04021952 0.01957804
2 0.00000000 0.01751534
3 0.01806514 0.02644962


[[1]]$ipw.np
[[1]]$ipw.np$est
  delta        mu      mu_1      mu_0         de        se_1        se_0
1   0.5 0.4258476 0.2589355 0.5449669 -0.2860314  0.02199028  0.01039803
2   1.0 0.3607365 0.2369452 0.5345689 -0.2976237  0.00000000  0.00000000
3   2.0 0.2790609 0.2017349 0.4921689 -0.2904340 -0.03521037 -0.04240001
           oe         te
1  0.06511112 -0.2756334
2  0.00000000 -0.2976237
3 -0.08167553 -0.3328340

[[1]]$ipw.np$se
  delta         mu        mu_1       mu_0         de       se_1       se_0
1   0.5 0.04176753 0.021234898 0.06151811 0.05233653 0.01985632 0.05469972
2   1.0 0.00958175 0.009568069 0.01613355 0.01729249 0.00000000 0.00000000
3   2.0 0.01818937 0.018314892 0.02375542 0.01904285 0.01528190 0.02744546
          oe         te
1 0.03875830 0.01921127
2 0.00000000 0.01729249
3 0.01850498 0.02674509



[1] "Total run time was 353.255 seconds"
