WARNING: ignoring environment value of R_HOME

Attaching package: ‘dplyr’

The following objects are masked from ‘package:stats’:

    filter, lag

The following objects are masked from ‘package:base’:

    intersect, setdiff, setequal, union

Loading required package: splines
Loading required package: foreach
Loaded gam 1.20.2

Super Learner
Version: 2.0-28
Package created on 2021-05-04

Loading required package: lattice
Loading required package: ggplot2
Loading required package: Matrix
Loaded glmnet 4.1-7
Loading required package: Formula
Loading required package: plotmo
Loading required package: plotrix
Loading required package: TeachingDemos
Loaded gbm 2.1.8.1

Attaching package: ‘xgboost’

The following object is masked from ‘package:dplyr’:

    slice

[1] "[Simulation setting]"
[1] "m: 500"
[1] "deltas: 0.5, 1, 2"
[1] "Sim.id 1"
[1] "Data generated"
[1] "Proposed & IPW estimators"
[1] "   Split: 1"
[1] "   Split: 2"
[1] "Estimates and SE estimates computed"
[1] ""
[[1]]
[[1]]$pro.p
[[1]]$pro.p$est
  delta        mu      mu_1      mu_0         de         se_1          se_0
1   0.5 0.4233536 0.2425723 0.5545188 -0.3119465  0.008359028  0.0006208291
2   1.0 0.3658821 0.2342133 0.5538980 -0.3196847  0.000000000  0.0000000000
3   2.0 0.2897751 0.2100322 0.5199231 -0.3098909 -0.024181152 -0.0339749323
           oe         te
1  0.05747146 -0.3113256
2  0.00000000 -0.3196847
3 -0.07610703 -0.3438658

[[1]]$pro.p$se
  delta         mu       mu_1       mu_0         de       se_1       se_0
1   0.5 0.01760273 0.01629719 0.02263666 0.02143272 0.01397863 0.01829813
2   1.0 0.01192454 0.01066715 0.01616475 0.01450680 0.00000000 0.00000000
3   2.0 0.01815168 0.01826083 0.02343329 0.02266267 0.01444759 0.01736915
          oe         te
1 0.01498812 0.01917736
2 0.00000000 0.01450680
3 0.01437969 0.02165414


[[1]]$pro.np
[[1]]$pro.np$est
  delta        mu      mu_1      mu_0         de        se_1         se_0
1   0.5 0.4225451 0.2568621 0.5390046 -0.2821425  0.01106613  0.005053003
2   1.0 0.3676779 0.2457960 0.5339516 -0.2881556  0.00000000  0.000000000
3   2.0 0.3026848 0.2290722 0.5057372 -0.2766650 -0.01672380 -0.028214428
           oe         te
1  0.05486715 -0.2770895
2  0.00000000 -0.2881556
3 -0.06499307 -0.3048794

[[1]]$pro.np$se
  delta         mu       mu_1       mu_0         de       se_1       se_0
1   0.5 0.01527721 0.01421618 0.01938943 0.01913496 0.01067738 0.01467779
2   1.0 0.01217666 0.01114896 0.01558130 0.01328290 0.00000000 0.00000000
3   2.0 0.02098847 0.02263113 0.02272017 0.02517778 0.01865632 0.01614044
          oe         te
1 0.01165048 0.01644496
2 0.00000000 0.01328290
3 0.01676976 0.02413827


[[1]]$ipw.p
[[1]]$ipw.p$est
  delta        mu      mu_1      mu_0         de         se_1        se_0
1   0.5 0.4083279 0.2282521 0.5395812 -0.3113291 -0.002540239 -0.01037921
2   1.0 0.3610498 0.2307923 0.5499604 -0.3191681  0.000000000  0.00000000
3   2.0 0.2837689 0.2042942 0.5132728 -0.3089786 -0.026498102 -0.03668763
           oe         te
1  0.04727805 -0.3217083
2  0.00000000 -0.3191681
3 -0.07728095 -0.3456662

[[1]]$ipw.p$se
  delta          mu        mu_1       mu_0         de       se_1       se_0
1   0.5 0.038189886 0.017909079 0.05896246 0.05399024 0.01640475 0.05161126
2   1.0 0.009355454 0.009623767 0.01624723 0.01782272 0.00000000 0.00000000
3   2.0 0.022304089 0.024215186 0.02547077 0.02265115 0.02138499 0.02905583
          oe         te
1 0.03530261 0.01814500
2 0.00000000 0.01782272
3 0.02252938 0.03164972


[[1]]$ipw.np
[[1]]$ipw.np$est
  delta        mu      mu_1      mu_0         de          se_1         se_0
1   0.5 0.4090139 0.2352581 0.5328321 -0.2975740 -0.0007287249 -0.003834735
2   1.0 0.3610498 0.2359868 0.5366668 -0.3006800  0.0000000000  0.000000000
3   2.0 0.2843997 0.2077035 0.4990948 -0.2913913 -0.0282833249 -0.037572005
           oe         te
1  0.04796408 -0.3014087
2  0.00000000 -0.3006800
3 -0.07665015 -0.3289633

[[1]]$ipw.np$se
  delta          mu        mu_1       mu_0         de       se_1       se_0
1   0.5 0.039271396 0.018700381 0.06023389 0.05491251 0.01723896 0.05319724
2   1.0 0.009355454 0.009837674 0.01591475 0.01761415 0.00000000 0.00000000
3   2.0 0.022173606 0.024485563 0.02446885 0.02252290 0.02153843 0.02794266
          oe         te
1 0.03649157 0.01863373
2 0.00000000 0.01761415
3 0.02236198 0.03164415



[1] "Total run time was 228.329 seconds"
