WARNING: ignoring environment value of R_HOME

Attaching package: ‘dplyr’

The following objects are masked from ‘package:stats’:

    filter, lag

The following objects are masked from ‘package:base’:

    intersect, setdiff, setequal, union

Loading required package: splines
Loading required package: foreach
Loaded gam 1.20.2

Super Learner
Version: 2.0-28
Package created on 2021-05-04

Loading required package: lattice
Loading required package: ggplot2
Loading required package: Matrix
Loaded glmnet 4.1-7
Loading required package: Formula
Loading required package: plotmo
Loading required package: plotrix
Loading required package: TeachingDemos
Loaded gbm 2.1.8.1

Attaching package: ‘xgboost’

The following object is masked from ‘package:dplyr’:

    slice

[1] "[Simulation setting]"
[1] "m: 500"
[1] "deltas: 0.5, 1, 2"
[1] "Sim.id 1"
[1] "Data generated"
[1] "Proposed & IPW estimators"
[1] "   Split: 1"
[1] "   Split: 2"
[1] "Estimates and SE estimates computed"
[1] ""
[[1]]
[[1]]$pro.p
[[1]]$pro.p$est
  delta        mu      mu_1      mu_0         de         se_1        se_0
1   0.5 0.4522159 0.2629462 0.5864470 -0.3235008  0.040792356  0.02796697
2   1.0 0.3600468 0.2221539 0.5584801 -0.3363262  0.000000000  0.00000000
3   2.0 0.2945531 0.2151513 0.5220680 -0.3069166 -0.007002586 -0.03641211
           oe         te
1  0.09216907 -0.2955338
2  0.00000000 -0.3363262
3 -0.06549369 -0.3433288

[[1]]$pro.p$se
  delta         mu       mu_1       mu_0         de       se_1       se_0
1   0.5 0.02101742 0.01819568 0.02977495 0.03088877 0.01521150 0.02572456
2   1.0 0.01095575 0.01021174 0.01456574 0.01395483 0.00000000 0.00000000
3   2.0 0.02421633 0.02572952 0.02427515 0.02238475 0.02264071 0.02056532
          oe         te
1 0.01800285 0.01993265
2 0.00000000 0.01395483
3 0.02172960 0.02796358


[[1]]$pro.np
[[1]]$pro.np$est
  delta        mu      mu_1      mu_0         de        se_1        se_0
1   0.5 0.4506597 0.2683255 0.5753851 -0.3070595  0.03837670  0.03810355
2   1.0 0.3583665 0.2299488 0.5372815 -0.3073327  0.00000000  0.00000000
3   2.0 0.2905016 0.2165806 0.4973664 -0.2807857 -0.01336819 -0.03991515
           oe         te
1  0.09229318 -0.2689560
2  0.00000000 -0.3073327
3 -0.06786488 -0.3207009

[[1]]$pro.np$se
  delta         mu       mu_1       mu_0         de       se_1       se_0
1   0.5 0.01744442 0.01718614 0.02280540 0.02520532 0.01416041 0.01811556
2   1.0 0.01080619 0.01000316 0.01418611 0.01276790 0.00000000 0.00000000
3   2.0 0.01845328 0.01920079 0.02165363 0.02139053 0.01514936 0.01743815
          oe         te
1 0.01341165 0.01851753
2 0.00000000 0.01276790
3 0.01514267 0.02132592


[[1]]$ipw.p
[[1]]$ipw.p$est
  delta        mu      mu_1      mu_0         de       se_1        se_0
1   0.5 0.4680964 0.2741593 0.6090409 -0.3348816 0.04241469  0.04122394
2   1.0 0.3691708 0.2317446 0.5678170 -0.3360724 0.00000000  0.00000000
3   2.0 0.3246001 0.2471482 0.5446342 -0.2974860 0.01540357 -0.02318283
           oe         te
1  0.09892567 -0.2936577
2  0.00000000 -0.3360724
3 -0.04457061 -0.3206688

[[1]]$ipw.p$se
  delta          mu        mu_1       mu_0         de       se_1       se_0
1   0.5 0.039057654 0.022873397 0.05663719 0.04755914 0.02159227 0.04898319
2   1.0 0.009565062 0.009754648 0.01696534 0.01848032 0.00000000 0.00000000
3   2.0 0.032687004 0.037159702 0.02968397 0.03013139 0.03458021 0.03397908
          oe         te
1 0.03584493 0.02128409
2 0.00000000 0.01848032
3 0.03285428 0.04348771


[[1]]$ipw.np
[[1]]$ipw.np$est
  delta        mu      mu_1      mu_0         de       se_1        se_0
1   0.5 0.4598300 0.2770988 0.5895491 -0.3124503 0.03838042  0.03758406
2   1.0 0.3691708 0.2387184 0.5519651 -0.3132467 0.00000000  0.00000000
3   2.0 0.3298719 0.2572527 0.5314638 -0.2742111 0.01853429 -0.02050125
           oe         te
1  0.09065920 -0.2748663
2  0.00000000 -0.3132467
3 -0.03929885 -0.2947124

[[1]]$ipw.np$se
  delta          mu       mu_1       mu_0         de       se_1       se_0
1   0.5 0.038222594 0.02258279 0.05490341 0.04639983 0.02139259 0.04763119
2   1.0 0.009565062 0.01005939 0.01656357 0.01827051 0.00000000 0.00000000
3   2.0 0.034860864 0.04048289 0.02946395 0.03142733 0.03785206 0.03339266
          oe         te
1 0.03519451 0.02094904
2 0.00000000 0.01827051
3 0.03489264 0.04620666



[1] "Total run time was 289.858 seconds"
