WARNING: ignoring environment value of R_HOME

Attaching package: ‘dplyr’

The following objects are masked from ‘package:stats’:

    filter, lag

The following objects are masked from ‘package:base’:

    intersect, setdiff, setequal, union

Loading required package: splines
Loading required package: foreach
Loaded gam 1.20.2

Super Learner
Version: 2.0-28
Package created on 2021-05-04

Loading required package: lattice
Loading required package: ggplot2
Loading required package: Matrix
Loaded glmnet 4.1-7
Loading required package: Formula
Loading required package: plotmo
Loading required package: plotrix
Loading required package: TeachingDemos
Loaded gbm 2.1.8.1

Attaching package: ‘xgboost’

The following object is masked from ‘package:dplyr’:

    slice

[1] "[Simulation setting]"
[1] "m: 500"
[1] "deltas: 0.5, 1, 2"
[1] "Sim.id 1"
[1] "Data generated"
[1] "Proposed & IPW estimators"
[1] "   Split: 1"
[1] "   Split: 2"
[1] "Estimates and SE estimates computed"
[1] ""
[[1]]
[[1]]$pro.p
[[1]]$pro.p$est
  delta        mu      mu_1      mu_0         de         se_1        se_0
1   0.5 0.4825760 0.2815155 0.6319393 -0.3504238  0.045895463  0.06314853
2   1.0 0.3696769 0.2356200 0.5687908 -0.3331707  0.000000000  0.00000000
3   2.0 0.3131932 0.2340240 0.5407488 -0.3067248 -0.001596064 -0.02804200
           oe         te
1  0.11289905 -0.2872753
2  0.00000000 -0.3331707
3 -0.05648373 -0.3347668

[[1]]$pro.p$se
  delta         mu       mu_1       mu_0         de       se_1       se_0
1   0.5 0.01615463 0.01488695 0.02001623 0.01967454 0.01179563 0.01582027
2   1.0 0.01175908 0.01066551 0.01532855 0.01377195 0.00000000 0.00000000
3   2.0 0.01976818 0.02065885 0.02275627 0.02276492 0.01711869 0.01764337
          oe         te
1 0.01257614 0.01729214
2 0.00000000 0.01377195
3 0.01686833 0.02415452


[[1]]$pro.np
[[1]]$pro.np$est
  delta        mu      mu_1      mu_0         de        se_1        se_0
1   0.5 0.4664723 0.2963160 0.5868252 -0.2905092 0.044753527  0.05164931
2   1.0 0.3701227 0.2515625 0.5351759 -0.2836134 0.000000000  0.00000000
3   2.0 0.3317282 0.2593758 0.5206479 -0.2612721 0.007813278 -0.01452798
           oe         te
1  0.09634961 -0.2388598
2  0.00000000 -0.2836134
3 -0.03839448 -0.2758001

[[1]]$pro.np$se
  delta         mu       mu_1       mu_0         de       se_1       se_0
1   0.5 0.01559492 0.01387454 0.01940054 0.01866290 0.01095134 0.01515296
2   1.0 0.01213603 0.01143678 0.01474761 0.01293771 0.00000000 0.00000000
3   2.0 0.02337925 0.02439745 0.02246414 0.02153190 0.01984316 0.01780029
          oe         te
1 0.01222464 0.01551200
2 0.00000000 0.01293771
3 0.01947743 0.02603596


[[1]]$ipw.p
[[1]]$ipw.p$est
  delta        mu      mu_1      mu_0         de        se_1        se_0
1   0.5 0.4343985 0.2738689 0.5540449 -0.2801760  0.03431485 -0.01155793
2   1.0 0.3714719 0.2395541 0.5656028 -0.3260487  0.00000000  0.00000000
3   2.0 0.2832401 0.2047708 0.5117149 -0.3069441 -0.03478325 -0.05388788
           oe         te
1  0.06292658 -0.2917339
2  0.00000000 -0.3260487
3 -0.08823176 -0.3608320

[[1]]$ipw.p$se
  delta          mu       mu_1       mu_0         de       se_1       se_0
1   0.5 0.038657398 0.02245489 0.05417821 0.04126434 0.02153309 0.04604097
2   1.0 0.009422712 0.00955621 0.01670075 0.01817837 0.00000000 0.00000000
3   2.0 0.017499631 0.01987832 0.02169136 0.02387986 0.01637592 0.02592062
          oe         te
1 0.03535040 0.02086707
2 0.00000000 0.01817837
3 0.01799054 0.02896277


[[1]]$ipw.np
[[1]]$ipw.np$est
  delta        mu      mu_1      mu_0         de        se_1         se_0
1   0.5 0.4363643 0.2861853 0.5432081 -0.2570228  0.03887577 -0.001515472
2   1.0 0.3714719 0.2473095 0.5447236 -0.2974141  0.00000000  0.000000000
3   2.0 0.2885564 0.2133045 0.4949916 -0.2816871 -0.03400507 -0.049732037
           oe         te
1  0.06489236 -0.2585383
2  0.00000000 -0.2974141
3 -0.08291555 -0.3314191

[[1]]$ipw.np$se
  delta          mu        mu_1       mu_0         de       se_1       se_0
1   0.5 0.039205653 0.023629616 0.05355239 0.03934787 0.02277202 0.04561300
2   1.0 0.009422712 0.009874083 0.01623570 0.01790738 0.00000000 0.00000000
3   2.0 0.018087644 0.020906175 0.02117622 0.02362503 0.01730128 0.02523406
          oe         te
1 0.03595044 0.02154040
2 0.00000000 0.01790738
3 0.01849412 0.02940104



[1] "Total run time was 326.438 seconds"
