WARNING: ignoring environment value of R_HOME

Attaching package: ‘dplyr’

The following objects are masked from ‘package:stats’:

    filter, lag

The following objects are masked from ‘package:base’:

    intersect, setdiff, setequal, union

Loading required package: splines
Loading required package: foreach
Loaded gam 1.20.2

Super Learner
Version: 2.0-28
Package created on 2021-05-04

Loading required package: lattice
Loading required package: ggplot2
Loading required package: Matrix
Loaded glmnet 4.1-7
Loading required package: Formula
Loading required package: plotmo
Loading required package: plotrix
Loading required package: TeachingDemos
Loaded gbm 2.1.8.1

Attaching package: ‘xgboost’

The following object is masked from ‘package:dplyr’:

    slice

[1] "[Simulation setting]"
[1] "m: 500"
[1] "deltas: 0.5, 1, 2"
[1] "Sim.id 1"
[1] "Data generated"
[1] "Proposed & IPW estimators"
[1] "   Split: 1"
[1] "   Split: 2"
[1] "Estimates and SE estimates computed"
[1] ""
[[1]]
[[1]]$pro.p
[[1]]$pro.p$est
  delta        mu      mu_1      mu_0         de        se_1        se_0
1   0.5 0.4548414 0.2746670 0.5890912 -0.3144242  0.01148987  0.00660666
2   1.0 0.3944547 0.2631771 0.5824845 -0.3193074  0.00000000  0.00000000
3   2.0 0.3196176 0.2381204 0.5515078 -0.3133874 -0.02505677 -0.03097674
           oe         te
1  0.06038670 -0.3078175
2  0.00000000 -0.3193074
3 -0.07483709 -0.3443642

[[1]]$pro.p$se
  delta         mu       mu_1       mu_0         de       se_1       se_0
1   0.5 0.01603604 0.01586820 0.02008666 0.02065638 0.01319055 0.01650906
2   1.0 0.01270089 0.01156612 0.01641571 0.01366877 0.00000000 0.00000000
3   2.0 0.02265495 0.02236815 0.02634402 0.02180884 0.01706326 0.01973880
          oe         te
1 0.01335935 0.01844756
2 0.00000000 0.01366877
3 0.01749299 0.02298120


[[1]]$pro.np
[[1]]$pro.np$est
  delta        mu      mu_1      mu_0         de         se_1         se_0
1   0.5 0.4395708 0.2779487 0.5551083 -0.2771596  0.001587823 -0.006800444
2   1.0 0.3964953 0.2763609 0.5619088 -0.2855479  0.000000000  0.000000000
3   2.0 0.3328341 0.2548574 0.5400902 -0.2852328 -0.021503464 -0.021818519
           oe         te
1  0.04307545 -0.2839600
2  0.00000000 -0.2855479
3 -0.06366126 -0.3070513

[[1]]$pro.np$se
  delta         mu       mu_1       mu_0         de       se_1       se_0
1   0.5 0.01517244 0.01465404 0.01917682 0.01875947 0.01228843 0.01558642
2   1.0 0.01319140 0.01229580 0.01585364 0.01236007 0.00000000 0.00000000
3   2.0 0.02426622 0.02472622 0.02472404 0.02165226 0.01845562 0.01760309
          oe         te
1 0.01265474 0.01649545
2 0.00000000 0.01236007
3 0.01813743 0.02412922


[[1]]$ipw.p
[[1]]$ipw.p$est
  delta        mu      mu_1      mu_0         de          se_1         se_0
1   0.5 0.4217622 0.2526486 0.5538463 -0.3011978  0.0007752429 -0.008550987
2   1.0 0.3768447 0.2518733 0.5623973 -0.3105240  0.0000000000  0.000000000
3   2.0 0.3096994 0.2350983 0.5299073 -0.2948090 -0.0167750097 -0.032490018
           oe         te
1  0.04491742 -0.3097488
2  0.00000000 -0.3105240
3 -0.06714537 -0.3272990

[[1]]$ipw.p$se
  delta          mu        mu_1       mu_0         de       se_1       se_0
1   0.5 0.046389735 0.016885524 0.08190212 0.07960433 0.01545115 0.07740538
2   1.0 0.009535521 0.009734658 0.01661839 0.01802245 0.00000000 0.00000000
3   2.0 0.021285502 0.022396744 0.02634808 0.02292539 0.01940162 0.03025562
          oe         te
1 0.04452501 0.01689512
2 0.00000000 0.01802245
3 0.02178577 0.03112149


[[1]]$ipw.np
[[1]]$ipw.np$est
  delta        mu      mu_1      mu_0         de          se_1        se_0
1   0.5 0.4123077 0.2573344 0.5276188 -0.2702843 -0.0006793752 -0.01890279
2   1.0 0.3768447 0.2580138 0.5465216 -0.2885077  0.0000000000  0.00000000
3   2.0 0.3128882 0.2418070 0.5131888 -0.2713818 -0.0162068561 -0.03333275
           oe         te
1  0.03546299 -0.2891871
2  0.00000000 -0.2885077
3 -0.06395655 -0.3047146

[[1]]$ipw.np$se
  delta          mu        mu_1       mu_0         de       se_1       se_0
1   0.5 0.044119435 0.017261509 0.07415047 0.07164421 0.01589903 0.06976590
2   1.0 0.009535521 0.009959295 0.01619143 0.01771516 0.00000000 0.00000000
3   2.0 0.021685834 0.023281088 0.02528572 0.02254657 0.02015082 0.02898602
          oe         te
1 0.04227920 0.01696401
2 0.00000000 0.01771516
3 0.02206898 0.03151905



[1] "Total run time was 323.716 seconds"
