WARNING: ignoring environment value of R_HOME

Attaching package: ‘dplyr’

The following objects are masked from ‘package:stats’:

    filter, lag

The following objects are masked from ‘package:base’:

    intersect, setdiff, setequal, union

Loading required package: splines
Loading required package: foreach
Loaded gam 1.20.2

Super Learner
Version: 2.0-28
Package created on 2021-05-04

Loading required package: lattice
Loading required package: ggplot2
Loading required package: Matrix
Loaded glmnet 4.1-7
Loading required package: Formula
Loading required package: plotmo
Loading required package: plotrix
Loading required package: TeachingDemos
Loaded gbm 2.1.8.1

Attaching package: ‘xgboost’

The following object is masked from ‘package:dplyr’:

    slice

[1] "[Simulation setting]"
[1] "m: 500"
[1] "deltas: 0.5, 1, 2"
[1] "Sim.id 1"
[1] "Data generated"
[1] "Proposed & IPW estimators"
[1] "   Split: 1"
[1] "   Split: 2"
[1] "Estimates and SE estimates computed"
[1] ""
[[1]]
[[1]]$pro.p
[[1]]$pro.p$est
  delta        mu      mu_1      mu_0         de        se_1          se_0
1   0.5 0.4457323 0.2474565 0.5969980 -0.3495415  0.02332925  0.0402107118
2   1.0 0.3570620 0.2241272 0.5567873 -0.3326600  0.00000000  0.0000000000
3   2.0 0.2944642 0.2040277 0.5566303 -0.3526026 -0.02009955 -0.0001569742
           oe         te
1  0.08867032 -0.3093308
2  0.00000000 -0.3326600
3 -0.06259773 -0.3527596

[[1]]$pro.p$se
  delta         mu       mu_1       mu_0         de       se_1       se_0
1   0.5 0.01626413 0.01717233 0.02128939 0.02438817 0.01444251 0.01713676
2   1.0 0.01119345 0.01037311 0.01461176 0.01361453 0.00000000 0.00000000
3   2.0 0.01712957 0.01586523 0.02352541 0.02047096 0.01187436 0.01963493
          oe         te
1 0.01303919 0.01950540
2 0.00000000 0.01361453
3 0.01342926 0.01885997


[[1]]$pro.np
[[1]]$pro.np$est
  delta        mu      mu_1      mu_0         de       se_1        se_0
1   0.5 0.4350658 0.2565176 0.5638727 -0.3073551  0.0189882 0.028377940
2   1.0 0.3608476 0.2375294 0.5354948 -0.2979654  0.0000000 0.000000000
3   2.0 0.3029609 0.2162491 0.5385913 -0.3223422 -0.0212803 0.003096547
           oe         te
1  0.07421822 -0.2789772
2  0.00000000 -0.2979654
3 -0.05788666 -0.3192457

[[1]]$pro.np$se
  delta         mu       mu_1       mu_0         de       se_1       se_0
1   0.5 0.01620476 0.01449367 0.02273636 0.02426205 0.01175355 0.01804682
2   1.0 0.01139788 0.01039453 0.01499545 0.01307552 0.00000000 0.00000000
3   2.0 0.01853257 0.01780567 0.02355614 0.02087238 0.01360895 0.01888854
          oe         te
1 0.01283665 0.01752820
2 0.00000000 0.01307552
3 0.01454953 0.02025657


[[1]]$ipw.p
[[1]]$ipw.p$est
  delta        mu      mu_1      mu_0         de        se_1        se_0
1   0.5 0.4918861 0.2725545 0.6641905 -0.3916360  0.04676207  0.09407506
2   1.0 0.3620808 0.2257924 0.5701155 -0.3443231  0.00000000  0.00000000
3   2.0 0.2802172 0.1907902 0.5467809 -0.3559907 -0.03500224 -0.02333458
          oe         te
1  0.1298053 -0.2975610
2  0.0000000 -0.3443231
3 -0.0818636 -0.3793253

[[1]]$ipw.p$se
  delta          mu        mu_1       mu_0         de       se_1       se_0
1   0.5 0.054567985 0.023150243 0.08458798 0.07182797 0.02219570 0.07809250
2   1.0 0.008999359 0.009115258 0.01612844 0.01759969 0.00000000 0.00000000
3   2.0 0.017965194 0.018184220 0.02464025 0.02096102 0.01599502 0.03002113
          oe         te
1 0.05213343 0.02174707
2 0.00000000 0.01759969
3 0.01891556 0.02696981


[[1]]$ipw.np
[[1]]$ipw.np$est
  delta        mu      mu_1      mu_0         de        se_1        se_0
1   0.5 0.4756970 0.2741691 0.6291571 -0.3549880  0.04170739  0.07618696
2   1.0 0.3620808 0.2324617 0.5529701 -0.3205085  0.00000000  0.00000000
3   2.0 0.2852061 0.1990521 0.5304036 -0.3313515 -0.03340958 -0.02256657
           oe         te
1  0.11361623 -0.2788011
2  0.00000000 -0.3205085
3 -0.07687471 -0.3539180

[[1]]$ipw.np$se
  delta          mu        mu_1       mu_0         de       se_1       se_0
1   0.5 0.051166774 0.022528675 0.07829031 0.06688695 0.02157166 0.07207161
2   1.0 0.008999359 0.009390944 0.01571923 0.01733438 0.00000000 0.00000000
3   2.0 0.019245836 0.020028505 0.02437020 0.02117678 0.01779532 0.02934770
          oe         te
1 0.04879862 0.02114093
2 0.00000000 0.01733438
3 0.02001940 0.02803378



[1] "Total run time was 385.106 seconds"
