WARNING: ignoring environment value of R_HOME

Attaching package: ‘dplyr’

The following objects are masked from ‘package:stats’:

    filter, lag

The following objects are masked from ‘package:base’:

    intersect, setdiff, setequal, union

Loading required package: splines
Loading required package: foreach
Loaded gam 1.20.2

Super Learner
Version: 2.0-28
Package created on 2021-05-04

Loading required package: lattice
Loading required package: ggplot2
Loading required package: Matrix
Loaded glmnet 4.1-7
Loading required package: Formula
Loading required package: plotmo
Loading required package: plotrix
Loading required package: TeachingDemos
Loaded gbm 2.1.8.1

Attaching package: ‘xgboost’

The following object is masked from ‘package:dplyr’:

    slice

[1] "[Simulation setting]"
[1] "m: 500"
[1] "deltas: 0.5, 1, 2"
[1] "Sim.id 1"
[1] "Data generated"
[1] "Proposed & IPW estimators"
[1] "   Split: 1"
[1] "   Split: 2"
[1] "Estimates and SE estimates computed"
[1] ""
[[1]]
[[1]]$pro.p
[[1]]$pro.p$est
  delta        mu      mu_1      mu_0         de         se_1        se_0
1   0.5 0.4421806 0.2308786 0.5905861 -0.3597075 -0.006993582  0.04855176
2   1.0 0.3647296 0.2378721 0.5420343 -0.3041622  0.000000000  0.00000000
3   2.0 0.2996284 0.2240272 0.5094226 -0.2853954 -0.013844925 -0.03261175
           oe         te
1  0.07745098 -0.3111558
2  0.00000000 -0.3041622
3 -0.06510119 -0.3180071

[[1]]$pro.p$se
  delta         mu       mu_1       mu_0         de        se_1       se_0
1   0.5 0.01468618 0.01303452 0.01901836 0.01910019 0.009693836 0.01490527
2   1.0 0.01212296 0.01126123 0.01561306 0.01370598 0.000000000 0.00000000
3   2.0 0.01907757 0.01899644 0.02471361 0.02242216 0.014491282 0.01928832
          oe         te
1 0.01092396 0.01615012
2 0.00000000 0.01370598
3 0.01489062 0.02117597


[[1]]$pro.np
[[1]]$pro.np$est
  delta        mu      mu_1      mu_0         de         se_1        se_0
1   0.5 0.4336242 0.2417472 0.5634525 -0.3217052 -0.003611918  0.04034308
2   1.0 0.3645105 0.2453591 0.5231094 -0.2777503  0.000000000  0.00000000
3   2.0 0.3011005 0.2317206 0.4835748 -0.2518542 -0.013638543 -0.03953457
           oe         te
1  0.06911367 -0.2813622
2  0.00000000 -0.2777503
3 -0.06341005 -0.2913888

[[1]]$pro.np$se
  delta         mu       mu_1       mu_0         de        se_1       se_0
1   0.5 0.01425307 0.01252982 0.01839408 0.01834784 0.008710375 0.01375358
2   1.0 0.01209445 0.01117114 0.01521533 0.01241987 0.000000000 0.00000000
3   2.0 0.01856347 0.01868919 0.02244147 0.02050400 0.014188822 0.01696186
          oe         te
1 0.01000185 0.01491712
2 0.00000000 0.01241987
3 0.01429967 0.02003702


[[1]]$ipw.p
[[1]]$ipw.p$est
  delta        mu      mu_1      mu_0         de        se_1        se_0
1   0.5 0.3773857 0.2166678 0.4919367 -0.2752689 -0.01632046 -0.04679854
2   1.0 0.3593307 0.2329883 0.5387353 -0.3057470  0.00000000  0.00000000
3   2.0 0.2823972 0.2023697 0.5080597 -0.3056899 -0.03061856 -0.03067563
           oe         te
1  0.01805507 -0.3220675
2  0.00000000 -0.3057470
3 -0.07693351 -0.3363656

[[1]]$ipw.p$se
  delta          mu       mu_1       mu_0         de       se_1       se_0
1   0.5 0.038516940 0.01645602 0.05694533 0.04742614 0.01568895 0.05091807
2   1.0 0.009455403 0.01001505 0.01586179 0.01760006 0.00000000 0.00000000
3   2.0 0.019367678 0.01939201 0.02640516 0.02128934 0.01626627 0.03001052
          oe         te
1 0.03635052 0.01746225
2 0.00000000 0.01760006
3 0.01942981 0.02731429


[[1]]$ipw.np
[[1]]$ipw.np$est
  delta        mu      mu_1      mu_0         de        se_1        se_0
1   0.5 0.3701431 0.2203299 0.4741452 -0.2538153 -0.01812636 -0.05168547
2   1.0 0.3593307 0.2384563 0.5258307 -0.2873744  0.00000000  0.00000000
3   2.0 0.2870851 0.2097981 0.4972873 -0.2874892 -0.02865813 -0.02854338
           oe         te
1  0.01081241 -0.3055008
2  0.00000000 -0.2873744
3 -0.07224557 -0.3160325

[[1]]$ipw.np$se
  delta          mu       mu_1       mu_0         de       se_1       se_0
1   0.5 0.036606574 0.01636385 0.05343351 0.04424930 0.01562575 0.04742284
2   1.0 0.009455403 0.01026023 0.01557084 0.01746539 0.00000000 0.00000000
3   2.0 0.020167921 0.02057652 0.02612677 0.02092334 0.01729119 0.02957202
          oe         te
1 0.03444914 0.01725831
2 0.00000000 0.01746539
3 0.02009102 0.02800316



[1] "Total run time was 335.263 seconds"
