WARNING: ignoring environment value of R_HOME

Attaching package: ‘dplyr’

The following objects are masked from ‘package:stats’:

    filter, lag

The following objects are masked from ‘package:base’:

    intersect, setdiff, setequal, union

Loading required package: splines
Loading required package: foreach
Loaded gam 1.20.2

Super Learner
Version: 2.0-28
Package created on 2021-05-04

Loading required package: lattice
Loading required package: ggplot2
Loading required package: Matrix
Loaded glmnet 4.1-7
Loading required package: Formula
Loading required package: plotmo
Loading required package: plotrix
Loading required package: TeachingDemos
Loaded gbm 2.1.8.1

Attaching package: ‘xgboost’

The following object is masked from ‘package:dplyr’:

    slice

[1] "[Simulation setting]"
[1] "m: 500"
[1] "deltas: 0.5, 1, 2"
[1] "Sim.id 1"
[1] "Data generated"
[1] "Proposed & IPW estimators"
[1] "   Split: 1"
[1] "   Split: 2"
[1] "Estimates and SE estimates computed"
[1] ""
[[1]]
[[1]]$pro.p
[[1]]$pro.p$est
  delta        mu      mu_1      mu_0         de        se_1        se_0
1   0.5 0.4280198 0.2307755 0.5713025 -0.3405270  0.03087061  0.04103227
2   1.0 0.3345568 0.1999049 0.5302702 -0.3303653  0.00000000  0.00000000
3   2.0 0.2563843 0.1781489 0.4819517 -0.3038028 -0.02175601 -0.04831854
           oe         te
1  0.09346296 -0.2994947
2  0.00000000 -0.3303653
3 -0.07817250 -0.3521213

[[1]]$pro.p$se
  delta         mu        mu_1       mu_0         de       se_1       se_0
1   0.5 0.01623597 0.014961523 0.02084349 0.02040479 0.01138174 0.01635871
2   1.0 0.01082588 0.009304295 0.01514803 0.01373478 0.00000000 0.00000000
3   2.0 0.01679325 0.016717638 0.02178645 0.02107677 0.01341197 0.01647544
          oe         te
1 0.01240625 0.01757005
2 0.00000000 0.01373478
3 0.01361624 0.02032360


[[1]]$pro.np
[[1]]$pro.np$est
  delta        mu      mu_1      mu_0         de        se_1        se_0
1   0.5 0.4175452 0.2360570 0.5462031 -0.3101461  0.02557581  0.03566654
2   1.0 0.3357188 0.2104812 0.5105365 -0.3000553  0.00000000  0.00000000
3   2.0 0.2625924 0.1893373 0.4615327 -0.2721953 -0.02114389 -0.04900388
           oe         te
1  0.08182648 -0.2744795
2  0.00000000 -0.3000553
3 -0.07312639 -0.3211992

[[1]]$pro.np$se
  delta         mu        mu_1       mu_0         de        se_1       se_0
1   0.5 0.01533537 0.013686991 0.01984744 0.01947896 0.009801976 0.01510431
2   1.0 0.01096811 0.009436635 0.01478277 0.01269250 0.000000000 0.00000000
3   2.0 0.01674050 0.016728785 0.02093486 0.01997791 0.013056815 0.01531266
          oe         te
1 0.01127797 0.01558926
2 0.00000000 0.01269250
3 0.01321596 0.01961725


[[1]]$ipw.p
[[1]]$ipw.p$est
  delta        mu      mu_1      mu_0         de        se_1       se_0
1   0.5 0.4142915 0.2297478 0.5519117 -0.3221639  0.02879441  0.0188238
2   1.0 0.3359630 0.2009534 0.5330879 -0.3321346  0.00000000  0.0000000
3   2.0 0.2471017 0.1693226 0.4720316 -0.3027090 -0.03163076 -0.0610563
           oe         te
1  0.07832849 -0.3033402
2  0.00000000 -0.3321346
3 -0.08886136 -0.3637653

[[1]]$ipw.p$se
  delta          mu        mu_1       mu_0         de       se_1       se_0
1   0.5 0.036465245 0.019044633 0.05512351 0.04766147 0.01743493 0.04722628
2   1.0 0.009008357 0.008314822 0.01666859 0.01751696 0.00000000 0.00000000
3   2.0 0.015199501 0.015750430 0.02307179 0.02176071 0.01317848 0.02677914
          oe         te
1 0.03293630 0.01807135
2 0.00000000 0.01751696
3 0.01624606 0.02557236


[[1]]$ipw.np
[[1]]$ipw.np$est
  delta        mu      mu_1      mu_0         de        se_1        se_0
1   0.5 0.4141087 0.2335959 0.5441145 -0.3105186  0.02834268  0.02341032
2   1.0 0.3359630 0.2052532 0.5207042 -0.3154510  0.00000000  0.00000000
3   2.0 0.2495612 0.1735181 0.4616980 -0.2881799 -0.03173515 -0.05900621
           oe         te
1  0.07814563 -0.2871083
2  0.00000000 -0.3154510
3 -0.08640181 -0.3471861

[[1]]$ipw.np$se
  delta          mu        mu_1       mu_0         de       se_1       se_0
1   0.5 0.036919134 0.019052183 0.05534170 0.04847029 0.01746428 0.04786147
2   1.0 0.009008357 0.008507814 0.01634457 0.01730544 0.00000000 0.00000000
3   2.0 0.015752758 0.016427442 0.02309099 0.02171767 0.01371783 0.02655214
          oe         te
1 0.03354883 0.01803504
2 0.00000000 0.01730544
3 0.01664739 0.02574780



[1] "Total run time was 229.964 seconds"
