WARNING: ignoring environment value of R_HOME

Attaching package: ‘dplyr’

The following objects are masked from ‘package:stats’:

    filter, lag

The following objects are masked from ‘package:base’:

    intersect, setdiff, setequal, union

Loading required package: splines
Loading required package: foreach
Loaded gam 1.20.2

Super Learner
Version: 2.0-28
Package created on 2021-05-04

Loading required package: lattice
Loading required package: ggplot2
Loading required package: Matrix
Loaded glmnet 4.1-7
Loading required package: Formula
Loading required package: plotmo
Loading required package: plotrix
Loading required package: TeachingDemos
Loaded gbm 2.1.8.1

Attaching package: ‘xgboost’

The following object is masked from ‘package:dplyr’:

    slice

[1] "[Simulation setting]"
[1] "m: 500"
[1] "deltas: 0.5, 1, 2"
[1] "Sim.id 1"
[1] "Data generated"
[1] "Proposed & IPW estimators"
[1] "   Split: 1"
[1] "   Split: 2"
[1] "Estimates and SE estimates computed"
[1] ""
[[1]]
[[1]]$pro.p
[[1]]$pro.p$est
  delta        mu      mu_1      mu_0         de        se_1       se_0
1   0.5 0.4439890 0.2430553 0.5883065 -0.3452511  0.01650686  0.0145370
2   1.0 0.3689517 0.2265485 0.5737695 -0.3472210  0.00000000  0.0000000
3   2.0 0.2800501 0.1989594 0.5198772 -0.3209178 -0.02758910 -0.0538923
           oe         te
1  0.07503722 -0.3307141
2  0.00000000 -0.3472210
3 -0.08890164 -0.3748101

[[1]]$pro.p$se
  delta         mu       mu_1       mu_0         de       se_1       se_0
1   0.5 0.01626086 0.01642568 0.02113143 0.02215003 0.01355645 0.01846165
2   1.0 0.01115337 0.01040401 0.01477611 0.01358206 0.00000000 0.00000000
3   2.0 0.01873225 0.01865985 0.02366034 0.02173646 0.01512746 0.01937719
          oe         te
1 0.01415919 0.01872227
2 0.00000000 0.01358206
3 0.01584793 0.02182263


[[1]]$pro.np
[[1]]$pro.np$est
  delta        mu      mu_1      mu_0         de        se_1        se_0
1   0.5 0.4530173 0.2599614 0.5830731 -0.3231116  0.01761678  0.03307748
2   1.0 0.3735435 0.2423446 0.5499956 -0.3076509  0.00000000  0.00000000
3   2.0 0.2953454 0.2165416 0.5106077 -0.2940661 -0.02580301 -0.03938784
           oe         te
1  0.07947377 -0.2900342
2  0.00000000 -0.3076509
3 -0.07819817 -0.3334539

[[1]]$pro.np$se
  delta         mu       mu_1       mu_0         de       se_1       se_0
1   0.5 0.01609304 0.01649756 0.02121425 0.02298738 0.01321896 0.01718348
2   1.0 0.01162967 0.01070432 0.01475088 0.01214877 0.00000000 0.00000000
3   2.0 0.02037708 0.02105174 0.02175527 0.02094856 0.01761377 0.01675824
          oe         te
1 0.01245484 0.01766038
2 0.00000000 0.01214877
3 0.01744067 0.02308189


[[1]]$ipw.p
[[1]]$ipw.p$est
  delta        mu      mu_1      mu_0         de        se_1        se_0
1   0.5 0.4831619 0.2598415 0.6467150 -0.3868736  0.03213155  0.07950859
2   1.0 0.3671286 0.2277099 0.5672064 -0.3394965  0.00000000  0.00000000
3   2.0 0.2860194 0.2054380 0.5161837 -0.3107458 -0.02227196 -0.05102273
          oe         te
1  0.1160332 -0.3073650
2  0.0000000 -0.3394965
3 -0.0811092 -0.3617685

[[1]]$ipw.p$se
  delta          mu       mu_1       mu_0         de       se_1       se_0
1   0.5 0.067986201 0.02816358 0.10184923 0.08139911 0.02728700 0.09617524
2   1.0 0.009275945 0.00947847 0.01664284 0.01818943 0.00000000 0.00000000
3   2.0 0.018537502 0.02077341 0.02188564 0.02329062 0.01778509 0.02626416
          oe         te
1 0.06574779 0.02629719
2 0.00000000 0.01818943
3 0.01921192 0.02974785


[[1]]$ipw.np
[[1]]$ipw.np$est
  delta        mu      mu_1      mu_0         de        se_1        se_0
1   0.5 0.4834324 0.2711262 0.6323589 -0.3612327  0.03510570  0.08687468
2   1.0 0.3671286 0.2360205 0.5454842 -0.3094637  0.00000000  0.00000000
3   2.0 0.2900205 0.2135169 0.4969449 -0.2834280 -0.02250363 -0.04853931
          oe         te
1  0.1163037 -0.2743580
2  0.0000000 -0.3094637
3 -0.0771081 -0.3319673

[[1]]$ipw.np$se
  delta          mu        mu_1       mu_0         de       se_1       se_0
1   0.5 0.069042295 0.029559667 0.10219198 0.08056548 0.02875937 0.09676542
2   1.0 0.009275945 0.009820697 0.01605608 0.01782446 0.00000000 0.00000000
3   2.0 0.019106583 0.021712473 0.02137331 0.02292491 0.01845323 0.02540407
          oe         te
1 0.06686308 0.02731051
2 0.00000000 0.01782446
3 0.01959691 0.03002302



[1] "Total run time was 338.101 seconds"
