WARNING: ignoring environment value of R_HOME

Attaching package: ‘dplyr’

The following objects are masked from ‘package:stats’:

    filter, lag

The following objects are masked from ‘package:base’:

    intersect, setdiff, setequal, union

Loading required package: splines
Loading required package: foreach
Loaded gam 1.20.2

Super Learner
Version: 2.0-28
Package created on 2021-05-04

Loading required package: lattice
Loading required package: ggplot2
Loading required package: Matrix
Loaded glmnet 4.1-7
Loading required package: Formula
Loading required package: plotmo
Loading required package: plotrix
Loading required package: TeachingDemos
Loaded gbm 2.1.8.1

Attaching package: ‘xgboost’

The following object is masked from ‘package:dplyr’:

    slice

[1] "[Simulation setting]"
[1] "m: 500"
[1] "deltas: 0.5, 1, 2"
[1] "Sim.id 1"
[1] "Data generated"
[1] "Proposed & IPW estimators"
[1] "   Split: 1"
[1] "   Split: 2"
[1] "Estimates and SE estimates computed"
[1] ""
[[1]]
[[1]]$pro.p
[[1]]$pro.p$est
  delta        mu      mu_1      mu_0         de        se_1        se_0
1   0.5 0.4815376 0.2754043 0.6368613 -0.3614570  0.03526688  0.05461341
2   1.0 0.3784884 0.2401374 0.5822479 -0.3421104  0.00000000  0.00000000
3   2.0 0.2842392 0.2016293 0.5294083 -0.3277790 -0.03850809 -0.05283952
           oe         te
1  0.10304920 -0.3068436
2  0.00000000 -0.3421104
3 -0.09424915 -0.3806185

[[1]]$pro.p$se
  delta         mu       mu_1       mu_0         de       se_1       se_0
1   0.5 0.03430601 0.01540890 0.05385628 0.05001239 0.01205161 0.05088496
2   1.0 0.01206173 0.01034871 0.01600393 0.01380734 0.00000000 0.00000000
3   2.0 0.01819801 0.01707716 0.02425592 0.02068884 0.01291165 0.01849862
          oe         te
1 0.03188655 0.01707396
2 0.00000000 0.01380734
3 0.01383049 0.02002188


[[1]]$pro.np
[[1]]$pro.np$est
  delta        mu      mu_1      mu_0         de        se_1        se_0
1   0.5 0.4658478 0.2841572 0.5983961 -0.3142389  0.03856599  0.03925862
2   1.0 0.3751381 0.2455912 0.5591374 -0.3135462  0.00000000  0.00000000
3   2.0 0.2845290 0.2055809 0.5066575 -0.3010766 -0.04001027 -0.05247996
           oe         te
1  0.09070971 -0.2749803
2  0.00000000 -0.3135462
3 -0.09060907 -0.3535565

[[1]]$pro.np$se
  delta         mu       mu_1       mu_0         de        se_1       se_0
1   0.5 0.02076507 0.01370327 0.03146701 0.03086287 0.009650424 0.02740715
2   1.0 0.01242215 0.01073650 0.01569519 0.01255109 0.000000000 0.00000000
3   2.0 0.01866363 0.01751960 0.02303447 0.01930533 0.012681464 0.01679324
          oe         te
1 0.01711196 0.01490183
2 0.00000000 0.01255109
3 0.01332826 0.01880672


[[1]]$ipw.p
[[1]]$ipw.p$est
  delta        mu      mu_1      mu_0         de        se_1        se_0
1   0.5 0.5561886 0.2812096 0.7654613 -0.4842517  0.05201033  0.20624599
2   1.0 0.3605544 0.2291993 0.5592153 -0.3300160  0.00000000  0.00000000
3   2.0 0.2722545 0.1919560 0.5124002 -0.3204442 -0.03724330 -0.04681514
           oe         te
1  0.19563426 -0.2780057
2  0.00000000 -0.3300160
3 -0.08829986 -0.3672593

[[1]]$ipw.p$se
  delta          mu        mu_1       mu_0         de       se_1       se_0
1   0.5 0.124567252 0.029106483 0.20077839 0.17786903 0.02850921 0.19600504
2   1.0 0.009488295 0.008918344 0.01741123 0.01824747 0.00000000 0.00000000
3   2.0 0.015263939 0.015487674 0.02270849 0.02071366 0.01239031 0.02720945
          oe         te
1 0.12265858 0.02588460
2 0.00000000 0.01824747
3 0.01613888 0.02604860


[[1]]$ipw.np
[[1]]$ipw.np$est
  delta        mu      mu_1      mu_0         de        se_1       se_0
1   0.5 0.5547405 0.2893694 0.7533913 -0.4640220  0.05541085  0.2063638
2   1.0 0.3605544 0.2339585 0.5470275 -0.3130690  0.00000000  0.0000000
3   2.0 0.2747161 0.1964453 0.5011496 -0.3047043 -0.03751317 -0.0458779
           oe         te
1  0.19418615 -0.2576581
2  0.00000000 -0.3130690
3 -0.08583831 -0.3505822

[[1]]$ipw.np$se
  delta          mu        mu_1       mu_0         de       se_1       se_0
1   0.5 0.118359927 0.029746862 0.18801660 0.16488558 0.02915604 0.18310562
2   1.0 0.009488295 0.009103277 0.01709081 0.01802407 0.00000000 0.00000000
3   2.0 0.015522774 0.015944379 0.02234724 0.02032885 0.01276628 0.02673243
          oe         te
1 0.11638226 0.02625004
2 0.00000000 0.01802407
3 0.01631344 0.02608598



[1] "Total run time was 214.075 seconds"
