WARNING: ignoring environment value of R_HOME

Attaching package: ‘dplyr’

The following objects are masked from ‘package:stats’:

    filter, lag

The following objects are masked from ‘package:base’:

    intersect, setdiff, setequal, union

Loading required package: splines
Loading required package: foreach
Loaded gam 1.20.2

Super Learner
Version: 2.0-28
Package created on 2021-05-04

Loading required package: lattice
Loading required package: ggplot2
Loading required package: Matrix
Loaded glmnet 4.1-7
Loading required package: Formula
Loading required package: plotmo
Loading required package: plotrix
Loading required package: TeachingDemos
Loaded gbm 2.1.8.1

Attaching package: ‘xgboost’

The following object is masked from ‘package:dplyr’:

    slice

[1] "[Simulation setting]"
[1] "m: 500"
[1] "deltas: 0.5, 1, 2"
[1] "Sim.id 1"
[1] "Data generated"
[1] "Proposed & IPW estimators"
[1] "   Split: 1"
[1] "   Split: 2"
[1] "Estimates and SE estimates computed"
[1] ""
[[1]]
[[1]]$pro.p
[[1]]$pro.p$est
  delta        mu      mu_1      mu_0         de        se_1        se_0
1   0.5 0.4324378 0.2361676 0.5795387 -0.3433711  0.02827913  0.04337246
2   1.0 0.3393577 0.2078885 0.5361663 -0.3282778  0.00000000  0.00000000
3   2.0 0.2712307 0.1915988 0.5118785 -0.3202796 -0.01628967 -0.02428781
           oe         te
1  0.09308006 -0.2999987
2  0.00000000 -0.3282778
3 -0.06812699 -0.3445675

[[1]]$pro.p$se
  delta         mu       mu_1       mu_0         de       se_1       se_0
1   0.5 0.01746954 0.01483058 0.02215701 0.01989754 0.01143562 0.01705846
2   1.0 0.01119514 0.01023304 0.01552637 0.01435002 0.00000000 0.00000000
3   2.0 0.01634956 0.01623665 0.02273048 0.02176649 0.01263768 0.01808201
          oe         te
1 0.01364255 0.01692096
2 0.00000000 0.01435002
3 0.01331209 0.02027234


[[1]]$pro.np
[[1]]$pro.np$est
  delta        mu      mu_1      mu_0         de        se_1        se_0
1   0.5 0.4230223 0.2434666 0.5495071 -0.3060405  0.02610868  0.03990850
2   1.0 0.3392245 0.2173579 0.5095986 -0.2922407  0.00000000  0.00000000
3   2.0 0.2800937 0.2060001 0.4885063 -0.2825062 -0.01135784 -0.02109234
           oe         te
1  0.08379773 -0.2661320
2  0.00000000 -0.2922407
3 -0.05913084 -0.3035986

[[1]]$pro.np$se
  delta         mu       mu_1       mu_0         de        se_1       se_0
1   0.5 0.01558872 0.01351957 0.01971645 0.01813092 0.009743846 0.01472182
2   1.0 0.01142876 0.01059083 0.01490841 0.01299849 0.000000000 0.00000000
3   2.0 0.01776499 0.01773332 0.02203773 0.02061610 0.013732234 0.01698975
          oe         te
1 0.01173762 0.01520907
2 0.00000000 0.01299849
3 0.01417529 0.02024001


[[1]]$ipw.p
[[1]]$ipw.p$est
  delta        mu      mu_1      mu_0         de        se_1         se_0
1   0.5 0.3993718 0.2269189 0.5305621 -0.3036432  0.01516557 -0.007915482
2   1.0 0.3424128 0.2117533 0.5384776 -0.3267242  0.00000000  0.000000000
3   2.0 0.2708551 0.1932817 0.5036884 -0.3104067 -0.01847162 -0.034789154
           oe         te
1  0.05695901 -0.3115587
2  0.00000000 -0.3267242
3 -0.07155770 -0.3451959

[[1]]$ipw.p$se
  delta          mu        mu_1       mu_0         de       se_1       se_0
1   0.5 0.033092898 0.017500255 0.04881841 0.04033193 0.01618024 0.04069798
2   1.0 0.009554174 0.009613269 0.01657988 0.01793021 0.00000000 0.00000000
3   2.0 0.016969293 0.018807590 0.02335459 0.02457684 0.01565926 0.02690898
          oe         te
1 0.02978573 0.01712587
2 0.00000000 0.01793021
3 0.01738230 0.02776430


[[1]]$ipw.np
[[1]]$ipw.np$est
  delta        mu      mu_1      mu_0         de        se_1         se_0
1   0.5 0.3936374 0.2312304 0.5131643 -0.2819339  0.01391404 -0.009658925
2   1.0 0.3424128 0.2173163 0.5228233 -0.3055069  0.00000000  0.000000000
3   2.0 0.2736180 0.1988679 0.4881901 -0.2893223 -0.01844849 -0.034633126
           oe         te
1  0.05122460 -0.2915929
2  0.00000000 -0.3055069
3 -0.06879485 -0.3239554

[[1]]$ipw.np$se
  delta          mu        mu_1       mu_0         de       se_1       se_0
1   0.5 0.032110772 0.017744852 0.04648938 0.03823045 0.01643325 0.03856757
2   1.0 0.009554174 0.009860688 0.01617965 0.01767495 0.00000000 0.00000000
3   2.0 0.017324201 0.019466927 0.02272933 0.02413208 0.01617488 0.02606051
          oe         te
1 0.02886014 0.01712870
2 0.00000000 0.01767495
3 0.01759314 0.02791791



[1] "Total run time was 301.916 seconds"
