WARNING: ignoring environment value of R_HOME

Attaching package: ‘dplyr’

The following objects are masked from ‘package:stats’:

    filter, lag

The following objects are masked from ‘package:base’:

    intersect, setdiff, setequal, union

Loading required package: splines
Loading required package: foreach
Loaded gam 1.20.2

Super Learner
Version: 2.0-28
Package created on 2021-05-04

Loading required package: lattice
Loading required package: ggplot2
Loading required package: Matrix
Loaded glmnet 4.1-7
Loading required package: Formula
Loading required package: plotmo
Loading required package: plotrix
Loading required package: TeachingDemos
Loaded gbm 2.1.8.1

Attaching package: ‘xgboost’

The following object is masked from ‘package:dplyr’:

    slice

[1] "[Simulation setting]"
[1] "m: 500"
[1] "deltas: 0.5, 1, 2"
[1] "Sim.id 1"
[1] "Data generated"
[1] "Proposed & IPW estimators"
[1] "   Split: 1"
[1] "   Split: 2"
[1] "Estimates and SE estimates computed"
[1] ""
[[1]]
[[1]]$pro.p
[[1]]$pro.p$est
  delta        mu      mu_1      mu_0         de        se_1         se_0
1   0.5 0.4075896 0.2339850 0.5371538 -0.3031688  0.02545816  0.005532132
2   1.0 0.3381217 0.2085269 0.5316217 -0.3230948  0.00000000  0.000000000
3   2.0 0.2786432 0.1962467 0.5184543 -0.3222076 -0.01228017 -0.013167377
           oe         te
1  0.06946794 -0.2976367
2  0.00000000 -0.3230948
3 -0.05947848 -0.3353750

[[1]]$pro.p$se
  delta         mu       mu_1       mu_0         de       se_1       se_0
1   0.5 0.01835343 0.01332227 0.02769903 0.02835431 0.01035382 0.02307139
2   1.0 0.01124346 0.01024682 0.01472778 0.01313180 0.00000000 0.00000000
3   2.0 0.01890266 0.01826402 0.02289030 0.01991225 0.01408501 0.01722931
          oe         te
1 0.01547246 0.01619529
2 0.00000000 0.01313180
3 0.01452360 0.01998490


[[1]]$pro.np
[[1]]$pro.np$est
  delta        mu      mu_1      mu_0         de         se_1         se_0
1   0.5 0.4037682 0.2434822 0.5163570 -0.2728748  0.023356418  0.007077816
2   1.0 0.3406799 0.2201257 0.5092791 -0.2891534  0.000000000  0.000000000
3   2.0 0.2859076 0.2109757 0.4882599 -0.2772842 -0.009150035 -0.021019270
           oe         te
1  0.06308839 -0.2657970
2  0.00000000 -0.2891534
3 -0.05477229 -0.2983034

[[1]]$pro.np$se
  delta         mu       mu_1       mu_0         de       se_1       se_0
1   0.5 0.01658923 0.01249099 0.02364917 0.02333028 0.00920349 0.01914458
2   1.0 0.01150100 0.01059323 0.01412143 0.01189712 0.00000000 0.00000000
3   2.0 0.02032481 0.02062476 0.02150049 0.01981103 0.01615136 0.01604362
          oe         te
1 0.01344319 0.01425035
2 0.00000000 0.01189712
3 0.01580199 0.02125037


[[1]]$ipw.p
[[1]]$ipw.p$est
  delta        mu      mu_1      mu_0         de        se_1        se_0
1   0.5 0.3930048 0.2387828 0.5066144 -0.2678316  0.01932198 -0.04493957
2   1.0 0.3545790 0.2194608 0.5515540 -0.3320932  0.00000000  0.00000000
3   2.0 0.2801319 0.1948305 0.5253258 -0.3304954 -0.02463036 -0.02622816
           oe         te
1  0.03842576 -0.3127712
2  0.00000000 -0.3320932
3 -0.07444715 -0.3567235

[[1]]$ipw.p$se
  delta          mu       mu_1       mu_0         de       se_1       se_0
1   0.5 0.029869755 0.01778077 0.04267730 0.03471279 0.01679407 0.03544307
2   1.0 0.009422396 0.00923673 0.01601417 0.01681056 0.00000000 0.00000000
3   2.0 0.017741111 0.01867257 0.02478448 0.02389075 0.01634733 0.02861259
          oe         te
1 0.02701262 0.01791019
2 0.00000000 0.01681056
3 0.01843661 0.02710279


[[1]]$ipw.np
[[1]]$ipw.np$est
  delta        mu      mu_1      mu_0         de        se_1        se_0
1   0.5 0.3908521 0.2446976 0.4953984 -0.2507007  0.01993902 -0.04194868
2   1.0 0.3545790 0.2247586 0.5373470 -0.3125884  0.00000000  0.00000000
3   2.0 0.2826162 0.1998809 0.5098057 -0.3099247 -0.02487768 -0.02754139
           oe         te
1  0.03627312 -0.2926494
2  0.00000000 -0.3125884
3 -0.07196282 -0.3374661

[[1]]$ipw.np$se
  delta          mu        mu_1       mu_0         de       se_1       se_0
1   0.5 0.029880950 0.018146573 0.04202625 0.03420023 0.01715792 0.03507766
2   1.0 0.009422396 0.009455326 0.01570592 0.01661382 0.00000000 0.00000000
3   2.0 0.018066432 0.019222629 0.02403236 0.02329818 0.01676091 0.02776825
          oe         te
1 0.02711247 0.01801721
2 0.00000000 0.01661382
3 0.01867341 0.02729153



[1] "Total run time was 406.539 seconds"
