WARNING: ignoring environment value of R_HOME

Attaching package: ‘dplyr’

The following objects are masked from ‘package:stats’:

    filter, lag

The following objects are masked from ‘package:base’:

    intersect, setdiff, setequal, union

Loading required package: splines
Loading required package: foreach
Loaded gam 1.20.2

Super Learner
Version: 2.0-28
Package created on 2021-05-04

Loading required package: lattice
Loading required package: ggplot2
Loading required package: Matrix
Loaded glmnet 4.1-7
Loading required package: Formula
Loading required package: plotmo
Loading required package: plotrix
Loading required package: TeachingDemos
Loaded gbm 2.1.8.1

Attaching package: ‘xgboost’

The following object is masked from ‘package:dplyr’:

    slice

[1] "[Simulation setting]"
[1] "m: 500"
[1] "deltas: 0.5, 1, 2"
[1] "Sim.id 1"
[1] "Data generated"
[1] "Proposed & IPW estimators"
[1] "   Split: 1"
[1] "   Split: 2"
[1] "Estimates and SE estimates computed"
[1] ""
[[1]]
[[1]]$pro.p
[[1]]$pro.p$est
  delta        mu      mu_1      mu_0         de        se_1        se_0
1   0.5 0.4597137 0.2330970 0.6227221 -0.3896251  0.01219045  0.07377564
2   1.0 0.3562003 0.2209065 0.5489464 -0.3280399  0.00000000  0.00000000
3   2.0 0.2726279 0.1888513 0.5094571 -0.3206058 -0.03205526 -0.03948934
           oe         te
1  0.10351341 -0.3158495
2  0.00000000 -0.3280399
3 -0.08357239 -0.3600952

[[1]]$pro.p$se
  delta         mu       mu_1       mu_0         de       se_1       se_0
1   0.5 0.02364340 0.01482494 0.03471921 0.03351896 0.01191520 0.02899805
2   1.0 0.01184005 0.01053282 0.01577684 0.01412043 0.00000000 0.00000000
3   2.0 0.02389173 0.02575043 0.02542129 0.02509678 0.02176009 0.02042702
          oe         te
1 0.01968978 0.01785647
2 0.00000000 0.01412043
3 0.01997735 0.02732660


[[1]]$pro.np
[[1]]$pro.np$est
  delta        mu      mu_1      mu_0         de         se_1        se_0
1   0.5 0.4453105 0.2420811 0.5812862 -0.3392051  0.009740368  0.05300625
2   1.0 0.3590346 0.2323408 0.5282800 -0.2959392  0.000000000  0.00000000
3   2.0 0.2730094 0.1885001 0.4970343 -0.3085343 -0.043840716 -0.03124566
           oe         te
1  0.08627587 -0.2861988
2  0.00000000 -0.2959392
3 -0.08602522 -0.3397799

[[1]]$pro.np$se
  delta         mu       mu_1       mu_0         de       se_1       se_0
1   0.5 0.01947819 0.01401027 0.02689997 0.02600535 0.01079520 0.02127164
2   1.0 0.01219337 0.01101520 0.01501420 0.01258255 0.00000000 0.00000000
3   2.0 0.02521753 0.02852265 0.02325087 0.02762536 0.02422777 0.01780491
          oe         te
1 0.01499704 0.01582610
2 0.00000000 0.01258255
3 0.02076916 0.02911713


[[1]]$ipw.p
[[1]]$ipw.p$est
  delta        mu      mu_1      mu_0         de       se_1        se_0
1   0.5 0.5093889 0.2442815 0.7016491 -0.4573676 0.02172267 0.146921047
2   1.0 0.3582612 0.2225589 0.5547280 -0.3321692 0.00000000 0.000000000
3   2.0 0.3216054 0.2381773 0.5644564 -0.3262792 0.01561840 0.009728401
           oe         te
1  0.15112769 -0.3104465
2  0.00000000 -0.3321692
3 -0.03665579 -0.3165508

[[1]]$ipw.p$se
  delta          mu        mu_1       mu_0         de       se_1       se_0
1   0.5 0.061147407 0.020517586 0.09478589 0.08273949 0.02006594 0.08698369
2   1.0 0.009137961 0.009481811 0.01708304 0.01923857 0.00000000 0.00000000
3   2.0 0.025364128 0.024565120 0.03356478 0.02222572 0.02131311 0.03796249
          oe         te
1 0.05838975 0.02026899
2 0.00000000 0.01923857
3 0.02562451 0.03299403


[[1]]$ipw.np
[[1]]$ipw.np$est
  delta        mu      mu_1      mu_0         de       se_1       se_0
1   0.5 0.4993411 0.2477710 0.6741994 -0.4264285 0.02053726 0.13253629
2   1.0 0.3582612 0.2272337 0.5416631 -0.3144294 0.00000000 0.00000000
3   2.0 0.3302513 0.2508221 0.5564589 -0.3056368 0.02358845 0.01479577
           oe         te
1  0.14107990 -0.2938922
2  0.00000000 -0.3144294
3 -0.02800988 -0.2908410

[[1]]$ipw.np$se
  delta          mu        mu_1       mu_0         de       se_1       se_0
1   0.5 0.056838621 0.020690120 0.08558296 0.07344298 0.02033640 0.07796129
2   1.0 0.009137961 0.009712655 0.01660288 0.01893318 0.00000000 0.00000000
3   2.0 0.026793144 0.027094486 0.03299665 0.02264099 0.02375477 0.03723325
          oe         te
1 0.05411404 0.02041998
2 0.00000000 0.01893318
3 0.02696006 0.03480714



[1] "Total run time was 409.816 seconds"
