WARNING: ignoring environment value of R_HOME

Attaching package: ‘dplyr’

The following objects are masked from ‘package:stats’:

    filter, lag

The following objects are masked from ‘package:base’:

    intersect, setdiff, setequal, union

Loading required package: splines
Loading required package: foreach
Loaded gam 1.20.2

Super Learner
Version: 2.0-28
Package created on 2021-05-04

Loading required package: lattice
Loading required package: ggplot2
Loading required package: Matrix
Loaded glmnet 4.1-7
Loading required package: Formula
Loading required package: plotmo
Loading required package: plotrix
Loading required package: TeachingDemos
Loaded gbm 2.1.8.1

Attaching package: ‘xgboost’

The following object is masked from ‘package:dplyr’:

    slice

[1] "[Simulation setting]"
[1] "m: 500"
[1] "deltas: 0.5, 1, 2"
[1] "Sim.id 1"
[1] "Data generated"
[1] "Proposed & IPW estimators"
[1] "   Split: 1"
[1] "   Split: 2"
[1] "Estimates and SE estimates computed"
[1] ""
[[1]]
[[1]]$pro.p
[[1]]$pro.p$est
  delta        mu      mu_1      mu_0         de        se_1        se_0
1   0.5 0.4524874 0.2604162 0.5969706 -0.3365544  0.03389073  0.03474867
2   1.0 0.3625527 0.2265254 0.5622219 -0.3356964  0.00000000  0.00000000
3   2.0 0.2711021 0.1830468 0.5341670 -0.3511202 -0.04347864 -0.02805484
           oe         te
1  0.08993470 -0.3018057
2  0.00000000 -0.3356964
3 -0.09145058 -0.3791751

[[1]]$pro.p$se
  delta         mu       mu_1       mu_0         de       se_1       se_0
1   0.5 0.02151985 0.02030972 0.02592225 0.02401430 0.01727349 0.02170207
2   1.0 0.01232589 0.01080202 0.01614274 0.01396392 0.00000000 0.00000000
3   2.0 0.01818344 0.01688899 0.02520572 0.02146406 0.01344599 0.01930106
          oe         te
1 0.01819727 0.02161044
2 0.00000000 0.01396392
3 0.01414224 0.02018194


[[1]]$pro.np
[[1]]$pro.np$est
  delta        mu      mu_1      mu_0         de        se_1         se_0
1   0.5 0.4385618 0.2640799 0.5606463 -0.2965664  0.02438514  0.029793206
2   1.0 0.3632697 0.2396948 0.5308531 -0.2911584  0.00000000  0.000000000
3   2.0 0.2928510 0.2048783 0.5287859 -0.3239076 -0.03481645 -0.002067237
           oe         te
1  0.07529205 -0.2667732
2  0.00000000 -0.2911584
3 -0.07041869 -0.3259748

[[1]]$pro.np$se
  delta         mu       mu_1       mu_0         de       se_1       se_0
1   0.5 0.01838702 0.01480391 0.02325629 0.02048381 0.01150955 0.01996310
2   1.0 0.01248065 0.01106120 0.01533238 0.01235725 0.00000000 0.00000000
3   2.0 0.01971456 0.01800231 0.02539781 0.02037343 0.01383592 0.01906856
          oe         te
1 0.01516550 0.01581041
2 0.00000000 0.01235725
3 0.01477753 0.01952748


[[1]]$ipw.p
[[1]]$ipw.p$est
  delta        mu      mu_1      mu_0         de        se_1        se_0
1   0.5 0.5093152 0.2807625 0.6951993 -0.4144368  0.05681885  0.13511021
2   1.0 0.3571158 0.2239437 0.5600891 -0.3361454  0.00000000  0.00000000
3   2.0 0.2917057 0.2058316 0.5470937 -0.3412621 -0.01811210 -0.01299538
          oe         te
1  0.1521995 -0.2793266
2  0.0000000 -0.3361454
3 -0.0654101 -0.3542575

[[1]]$ipw.p$se
  delta          mu        mu_1       mu_0         de       se_1       se_0
1   0.5 0.058371971 0.023140505 0.09383734 0.07915627 0.02206404 0.08696701
2   1.0 0.009269843 0.008973362 0.01696367 0.01777632 0.00000000 0.00000000
3   2.0 0.018809325 0.018559769 0.02701564 0.02142416 0.01623962 0.03152526
          oe         te
1 0.05568917 0.01981874
2 0.00000000 0.01777632
3 0.01960430 0.02777518


[[1]]$ipw.np
[[1]]$ipw.np$est
  delta        mu      mu_1      mu_0         de        se_1       se_0
1   0.5 0.4966492 0.2871680 0.6566568 -0.3694888  0.05494276  0.1196625
2   1.0 0.3571158 0.2322252 0.5369943 -0.3047691  0.00000000  0.0000000
3   2.0 0.2924512 0.2104713 0.5253826 -0.3149114 -0.02175398 -0.0116117
           oe         te
1  0.13953343 -0.2498263
2  0.00000000 -0.3047691
3 -0.06466461 -0.3265231

[[1]]$ipw.np$se
  delta          mu        mu_1       mu_0         de       se_1       se_0
1   0.5 0.056489252 0.023245046 0.08918367 0.07497803 0.02219606 0.08281203
2   1.0 0.009269843 0.009295989 0.01624653 0.01722325 0.00000000 0.00000000
3   2.0 0.018657996 0.018669364 0.02625693 0.02050529 0.01613435 0.03025692
          oe         te
1 0.05390369 0.01974854
2 0.00000000 0.01722325
3 0.01927076 0.02718955



[1] "Total run time was 351.4 seconds"
