WARNING: ignoring environment value of R_HOME

Attaching package: ‘dplyr’

The following objects are masked from ‘package:stats’:

    filter, lag

The following objects are masked from ‘package:base’:

    intersect, setdiff, setequal, union

Loading required package: splines
Loading required package: foreach
Loaded gam 1.20.2

Super Learner
Version: 2.0-28
Package created on 2021-05-04

Loading required package: lattice
Loading required package: ggplot2
Loading required package: Matrix
Loaded glmnet 4.1-7
Loading required package: Formula
Loading required package: plotmo
Loading required package: plotrix
Loading required package: TeachingDemos
Loaded gbm 2.1.8.1

Attaching package: ‘xgboost’

The following object is masked from ‘package:dplyr’:

    slice

[1] "[Simulation setting]"
[1] "m: 500"
[1] "deltas: 0.5, 1, 2"
[1] "Sim.id 1"
[1] "Data generated"
[1] "Proposed & IPW estimators"
[1] "   Split: 1"
[1] "   Split: 2"
[1] "Estimates and SE estimates computed"
[1] ""
[[1]]
[[1]]$pro.p
[[1]]$pro.p$est
  delta        mu      mu_1      mu_0         de        se_1        se_0
1   0.5 0.4851421 0.2716484 0.6399399 -0.3682915  0.03648897  0.06763921
2   1.0 0.3727645 0.2351595 0.5723007 -0.3371412  0.00000000  0.00000000
3   2.0 0.2883825 0.2065403 0.5251217 -0.3185814 -0.02861916 -0.04717900
           oe         te
1  0.11237757 -0.3006523
2  0.00000000 -0.3371412
3 -0.08438202 -0.3657604

[[1]]$pro.p$se
  delta         mu       mu_1       mu_0         de       se_1       se_0
1   0.5 0.01877441 0.01471066 0.02455710 0.02278402 0.01306356 0.01930844
2   1.0 0.01222620 0.01039310 0.01639786 0.01402489 0.00000000 0.00000000
3   2.0 0.02334169 0.02489961 0.02583553 0.02627600 0.02122085 0.01987167
          oe         te
1 0.01500425 0.01803544
2 0.00000000 0.01402489
3 0.01940280 0.02668807


[[1]]$pro.np
[[1]]$pro.np$est
  delta        mu      mu_1      mu_0         de        se_1        se_0
1   0.5 0.4703324 0.2702195 0.6073131 -0.3370936  0.02964997  0.06047897
2   1.0 0.3701681 0.2405695 0.5468341 -0.3062646  0.00000000  0.00000000
3   2.0 0.2750595 0.1963422 0.4952076 -0.2988654 -0.04422726 -0.05162652
           oe         te
1  0.10016430 -0.2766147
2  0.00000000 -0.3062646
3 -0.09510856 -0.3504919

[[1]]$pro.np$se
  delta         mu       mu_1       mu_0         de       se_1       se_0
1   0.5 0.01688461 0.01245435 0.02274052 0.02203111 0.00987342 0.01691993
2   1.0 0.01237288 0.01063143 0.01594944 0.01293336 0.00000000 0.00000000
3   2.0 0.02684083 0.02928841 0.02591807 0.02729980 0.02549278 0.02064989
          oe         te
1 0.01240755 0.01527294
2 0.00000000 0.01293336
3 0.02277640 0.03002056


[[1]]$ipw.p
[[1]]$ipw.p$est
  delta        mu      mu_1      mu_0         de        se_1        se_0
1   0.5 0.4716667 0.2541185 0.6339736 -0.3798551  0.02325519  0.08223870
2   1.0 0.3619118 0.2308633 0.5517349 -0.3208716  0.00000000  0.00000000
3   2.0 0.2881592 0.2117426 0.5042877 -0.2925452 -0.01912070 -0.04744717
           oe         te
1  0.10975488 -0.2976164
2  0.00000000 -0.3208716
3 -0.07375262 -0.3399923

[[1]]$ipw.p$se
  delta          mu        mu_1       mu_0         de       se_1       se_0
1   0.5 0.058021204 0.018069499 0.09479973 0.08894454 0.01766594 0.08853171
2   1.0 0.009388276 0.008901604 0.01701764 0.01800851 0.00000000 0.00000000
3   2.0 0.019493113 0.021996768 0.02367063 0.02601725 0.01913122 0.02746082
          oe         te
1 0.05561650 0.01736093
2 0.00000000 0.01800851
3 0.02013084 0.03084001


[[1]]$ipw.np
[[1]]$ipw.np$est
  delta        mu      mu_1      mu_0         de        se_1        se_0
1   0.5 0.4542793 0.2561885 0.5959056 -0.3397171  0.01934137  0.05894481
2   1.0 0.3619118 0.2368471 0.5369608 -0.3001136  0.00000000  0.00000000
3   2.0 0.2917842 0.2206213 0.4878823 -0.2672610 -0.01622583 -0.04907848
           oe         te
1  0.09236749 -0.2807723
2  0.00000000 -0.3001136
3 -0.07012753 -0.3163395

[[1]]$ipw.np$se
  delta          mu        mu_1       mu_0         de       se_1       se_0
1   0.5 0.057427939 0.017060888 0.09334706 0.08912202 0.01652237 0.08747448
2   1.0 0.009388276 0.009141511 0.01664613 0.01770795 0.00000000 0.00000000
3   2.0 0.021000613 0.024585155 0.02308365 0.02687764 0.02169714 0.02675681
          oe         te
1 0.05506241 0.01613007
2 0.00000000 0.01770795
3 0.02155767 0.03264690



[1] "Total run time was 341.01 seconds"
