WARNING: ignoring environment value of R_HOME

Attaching package: ‘dplyr’

The following objects are masked from ‘package:stats’:

    filter, lag

The following objects are masked from ‘package:base’:

    intersect, setdiff, setequal, union

Loading required package: splines
Loading required package: foreach
Loaded gam 1.20.2

Super Learner
Version: 2.0-28
Package created on 2021-05-04

Loading required package: lattice
Loading required package: ggplot2
Loading required package: Matrix
Loaded glmnet 4.1-7
Loading required package: Formula
Loading required package: plotmo
Loading required package: plotrix
Loading required package: TeachingDemos
Loaded gbm 2.1.8.1

Attaching package: ‘xgboost’

The following object is masked from ‘package:dplyr’:

    slice

[1] "[Simulation setting]"
[1] "m: 500"
[1] "deltas: 0.5, 1, 2"
[1] "Sim.id 1"
[1] "Data generated"
[1] "Proposed & IPW estimators"
[1] "   Split: 1"
[1] "   Split: 2"
[1] "Estimates and SE estimates computed"
[1] ""
[[1]]
[[1]]$pro.p
[[1]]$pro.p$est
  delta        mu      mu_1      mu_0         de        se_1        se_0
1   0.5 0.4541714 0.2580408 0.5936696 -0.3356288  0.02513582  0.03659498
2   1.0 0.3654929 0.2329050 0.5570746 -0.3241696  0.00000000  0.00000000
3   2.0 0.2778991 0.1987548 0.5152446 -0.3164899 -0.03415023 -0.04182998
           oe         te
1  0.08867854 -0.2990338
2  0.00000000 -0.3241696
3 -0.08759377 -0.3583198

[[1]]$pro.p$se
  delta         mu       mu_1       mu_0         de       se_1       se_0
1   0.5 0.02029381 0.01484330 0.02885460 0.02696404 0.01193252 0.02365322
2   1.0 0.01227417 0.01117965 0.01602418 0.01432230 0.00000000 0.00000000
3   2.0 0.02140709 0.02063119 0.02558611 0.02084143 0.01562507 0.02032164
          oe         te
1 0.01702699 0.01751364
2 0.00000000 0.01432230
3 0.01651292 0.02240699


[[1]]$pro.np
[[1]]$pro.np$est
  delta        mu      mu_1      mu_0         de        se_1        se_0
1   0.5 0.4452438 0.2710431 0.5644991 -0.2934560  0.02868793  0.03541336
2   1.0 0.3627259 0.2423551 0.5290857 -0.2867306  0.00000000  0.00000000
3   2.0 0.2702827 0.1969719 0.4805733 -0.2836014 -0.04538325 -0.04851247
           oe         te
1  0.08251785 -0.2580427
2  0.00000000 -0.2867306
3 -0.09244318 -0.3321138

[[1]]$pro.np$se
  delta         mu       mu_1       mu_0         de       se_1       se_0
1   0.5 0.02031541 0.01577490 0.02816601 0.02558596 0.01322884 0.02356156
2   1.0 0.01248678 0.01153521 0.01544039 0.01289409 0.00000000 0.00000000
3   2.0 0.02684312 0.02907030 0.02406051 0.02387850 0.02416788 0.01854295
          oe         te
1 0.01728619 0.01735280
2 0.00000000 0.01289409
3 0.02185088 0.02891205


[[1]]$ipw.p
[[1]]$ipw.p$est
  delta        mu      mu_1      mu_0         de         se_1        se_0
1   0.5 0.4493064 0.2596291 0.5888126 -0.3291835  0.025835368  0.02699589
2   1.0 0.3671253 0.2337937 0.5618167 -0.3280230  0.000000000  0.00000000
3   2.0 0.3050610 0.2238701 0.5420082 -0.3181381 -0.009923669 -0.01980855
           oe         te
1  0.08218103 -0.3021876
2  0.00000000 -0.3280230
3 -0.06206436 -0.3379466

[[1]]$ipw.p$se
  delta          mu        mu_1       mu_0         de       se_1       se_0
1   0.5 0.049559045 0.022375713 0.07313652 0.05740336 0.02181460 0.06618046
2   1.0 0.009386649 0.009352745 0.01675175 0.01812198 0.00000000 0.00000000
3   2.0 0.021444972 0.022140969 0.02685746 0.02228580 0.01887825 0.03090993
          oe         te
1 0.04688173 0.02110405
2 0.00000000 0.01812198
3 0.02160812 0.03057098


[[1]]$ipw.np
[[1]]$ipw.np$est
  delta        mu      mu_1      mu_0         de         se_1        se_0
1   0.5 0.4491816 0.2694189 0.5796709 -0.3102520  0.027385523  0.03806767
2   1.0 0.3671253 0.2420334 0.5416032 -0.2995698  0.000000000  0.00000000
3   2.0 0.3094375 0.2322111 0.5222232 -0.2900121 -0.009822297 -0.01938002
           oe         te
1  0.08205625 -0.2721843
2  0.00000000 -0.2995698
3 -0.05768781 -0.3093921

[[1]]$ipw.np$se
  delta          mu        mu_1       mu_0         de       se_1       se_0
1   0.5 0.051868021 0.023764424 0.07685250 0.05995142 0.02329763 0.07024426
2   1.0 0.009386649 0.009678274 0.01631171 0.01785084 0.00000000 0.00000000
3   2.0 0.021598182 0.022742471 0.02564036 0.02146759 0.01928434 0.02945685
          oe         te
1 0.04934606 0.02195118
2 0.00000000 0.01785084
3 0.02161407 0.03070026



[1] "Total run time was 226.978 seconds"
