WARNING: ignoring environment value of R_HOME

Attaching package: ‘dplyr’

The following objects are masked from ‘package:stats’:

    filter, lag

The following objects are masked from ‘package:base’:

    intersect, setdiff, setequal, union

Loading required package: splines
Loading required package: foreach
Loaded gam 1.20.2

Super Learner
Version: 2.0-28
Package created on 2021-05-04

Loading required package: lattice
Loading required package: ggplot2
Loading required package: Matrix
Loaded glmnet 4.1-7
Loading required package: Formula
Loading required package: plotmo
Loading required package: plotrix
Loading required package: TeachingDemos
Loaded gbm 2.1.8.1

Attaching package: ‘xgboost’

The following object is masked from ‘package:dplyr’:

    slice

[1] "[Simulation setting]"
[1] "m: 500"
[1] "deltas: 0.5, 1, 2"
[1] "Sim.id 1"
[1] "Data generated"
[1] "Proposed & IPW estimators"
[1] "   Split: 1"
[1] "   Split: 2"
[1] "Estimates and SE estimates computed"
[1] ""
[[1]]
[[1]]$pro.p
[[1]]$pro.p$est
  delta        mu      mu_1      mu_0         de        se_1        se_0
1   0.5 0.4418079 0.2480889 0.5807973 -0.3327084  0.01052019  0.02598078
2   1.0 0.3683601 0.2375687 0.5548166 -0.3172478  0.00000000  0.00000000
3   2.0 0.3045954 0.2215483 0.5369269 -0.3153786 -0.01602042 -0.01788963
           oe         te
1  0.07344773 -0.3067277
2  0.00000000 -0.3172478
3 -0.06376476 -0.3332683

[[1]]$pro.p$se
  delta         mu       mu_1       mu_0         de       se_1       se_0
1   0.5 0.02020594 0.01623244 0.02801466 0.02771441 0.01401035 0.02494321
2   1.0 0.01158831 0.01040226 0.01519601 0.01324086 0.00000000 0.00000000
3   2.0 0.01813013 0.01695288 0.02434224 0.02019433 0.01291730 0.01894850
          oe         te
1 0.01774625 0.01861285
2 0.00000000 0.01324086
3 0.01399213 0.01919397


[[1]]$pro.np
[[1]]$pro.np$est
  delta        mu      mu_1      mu_0         de        se_1        se_0
1   0.5 0.4322015 0.2646109 0.5477843 -0.2831734  0.01351766  0.01147386
2   1.0 0.3723935 0.2510932 0.5363104 -0.2852172  0.00000000  0.00000000
3   2.0 0.3131219 0.2348610 0.5156214 -0.2807604 -0.01623221 -0.02068900
           oe         te
1  0.05980806 -0.2716996
2  0.00000000 -0.2852172
3 -0.05927160 -0.3014494

[[1]]$pro.np$se
  delta         mu       mu_1       mu_0         de       se_1       se_0
1   0.5 0.01668952 0.01601515 0.02245205 0.02358751 0.01372537 0.01941623
2   1.0 0.01219810 0.01095461 0.01521788 0.01191954 0.00000000 0.00000000
3   2.0 0.01939104 0.01866911 0.02319238 0.01904363 0.01415775 0.01677064
          oe         te
1 0.01390147 0.01787242
2 0.00000000 0.01191954
3 0.01448812 0.01922503


[[1]]$ipw.p
[[1]]$ipw.p$est
  delta        mu      mu_1      mu_0         de        se_1        se_0
1   0.5 0.4562662 0.2515521 0.6022229 -0.3506709  0.02007208  0.05193031
2   1.0 0.3623630 0.2314800 0.5502926 -0.3188127  0.00000000  0.00000000
3   2.0 0.2817401 0.1978854 0.5226436 -0.3247582 -0.03359456 -0.02764899
           oe         te
1  0.09390323 -0.2987406
2  0.00000000 -0.3188127
3 -0.08062286 -0.3524072

[[1]]$ipw.p$se
  delta          mu        mu_1       mu_0         de       se_1      se_0
1   0.5 0.055425276 0.019569381 0.08516256 0.07455328 0.01889922 0.0789588
2   1.0 0.009155903 0.009199137 0.01590886 0.01708936 0.00000000 0.0000000
3   2.0 0.019311559 0.019775343 0.02467120 0.01936730 0.01719745 0.0285230
          oe         te
1 0.05300892 0.01799366
2 0.00000000 0.01708936
3 0.01964326 0.02762340


[[1]]$ipw.np
[[1]]$ipw.np$est
  delta        mu      mu_1      mu_0         de        se_1        se_0
1   0.5 0.4528353 0.2569702 0.5889377 -0.3319675  0.01961773  0.05339692
2   1.0 0.3623630 0.2373525 0.5355407 -0.2981883  0.00000000  0.00000000
3   2.0 0.2820395 0.2009074 0.5056829 -0.3047755 -0.03644513 -0.02985788
           oe         te
1  0.09047230 -0.2785705
2  0.00000000 -0.2981883
3 -0.08032351 -0.3346334

[[1]]$ipw.np$se
  delta          mu        mu_1       mu_0         de       se_1       se_0
1   0.5 0.056458606 0.019798286 0.08640772 0.07578202 0.01913129 0.08042375
2   1.0 0.009155903 0.009411236 0.01561830 0.01687695 0.00000000 0.00000000
3   2.0 0.019145670 0.019779104 0.02377612 0.01863159 0.01710213 0.02740982
          oe         te
1 0.05409704 0.01794977
2 0.00000000 0.01687695
3 0.01941498 0.02735764



[1] "Total run time was 242.53 seconds"
