WARNING: ignoring environment value of R_HOME

Attaching package: ‘dplyr’

The following objects are masked from ‘package:stats’:

    filter, lag

The following objects are masked from ‘package:base’:

    intersect, setdiff, setequal, union

Loading required package: splines
Loading required package: foreach
Loaded gam 1.20.2

Super Learner
Version: 2.0-28
Package created on 2021-05-04

Loading required package: lattice
Loading required package: ggplot2
Loading required package: Matrix
Loaded glmnet 4.1-7
Loading required package: Formula
Loading required package: plotmo
Loading required package: plotrix
Loading required package: TeachingDemos
Loaded gbm 2.1.8.1

Attaching package: ‘xgboost’

The following object is masked from ‘package:dplyr’:

    slice

[1] "[Simulation setting]"
[1] "m: 500"
[1] "deltas: 0.5, 1, 2"
[1] "Sim.id 1"
[1] "Data generated"
[1] "Proposed & IPW estimators"
[1] "   Split: 1"
[1] "   Split: 2"
[1] "Estimates and SE estimates computed"
[1] ""
[[1]]
[[1]]$pro.p
[[1]]$pro.p$est
  delta        mu      mu_1      mu_0         de        se_1        se_0
1   0.5 0.4009729 0.2281499 0.5272547 -0.2991048  0.00835078 -0.03178255
2   1.0 0.3600768 0.2197991 0.5590373 -0.3392382  0.00000000  0.00000000
3   2.0 0.2747695 0.1804424 0.5395234 -0.3590809 -0.03935672 -0.01951394
           oe         te
1  0.04089607 -0.3308874
2  0.00000000 -0.3392382
3 -0.08530734 -0.3785949

[[1]]$pro.p$se
  delta         mu       mu_1       mu_0         de       se_1       se_0
1   0.5 0.01880499 0.01646007 0.02415460 0.02115408 0.01396490 0.01880894
2   1.0 0.01155079 0.01020134 0.01576775 0.01409283 0.00000000 0.00000000
3   2.0 0.02722589 0.02840449 0.02890756 0.02510818 0.02525885 0.02455821
          oe         te
1 0.01569451 0.01781121
2 0.00000000 0.01409283
3 0.02407093 0.03019493


[[1]]$pro.np
[[1]]$pro.np$est
  delta        mu      mu_1      mu_0         de        se_1        se_0
1   0.5 0.4065182 0.2471381 0.5207005 -0.2735624  0.01474238 -0.01820528
2   1.0 0.3613350 0.2323957 0.5389058 -0.3065101  0.00000000  0.00000000
3   2.0 0.2886965 0.2050334 0.5202539 -0.3152205 -0.02736233 -0.01865192
           oe         te
1  0.04518327 -0.2917677
2  0.00000000 -0.3065101
3 -0.07263846 -0.3338724

[[1]]$pro.np$se
  delta         mu       mu_1       mu_0         de       se_1       se_0
1   0.5 0.01576435 0.01545005 0.01979122 0.01982682 0.01212461 0.01515903
2   1.0 0.01205571 0.01060477 0.01546892 0.01263634 0.00000000 0.00000000
3   2.0 0.02602443 0.02458077 0.03124087 0.02405457 0.02067598 0.02731192
          oe         te
1 0.01230841 0.01668424
2 0.00000000 0.01263634
3 0.02223635 0.02537923


[[1]]$ipw.p
[[1]]$ipw.p$est
  delta        mu      mu_1      mu_0        de       se_1        se_0
1   0.5 0.4058842 0.2348729 0.5307228 -0.295850 0.01423940 -0.02264461
2   1.0 0.3572373 0.2206335 0.5533675 -0.332734 0.00000000  0.00000000
3   2.0 0.3168501 0.2430221 0.5338220 -0.290800 0.02238861 -0.01954541
           oe         te
1  0.04864693 -0.3184946
2  0.00000000 -0.3327340
3 -0.04038716 -0.3103454

[[1]]$ipw.p$se
  delta          mu        mu_1       mu_0         de       se_1       se_0
1   0.5 0.030749911 0.018330595 0.04433801 0.03686211 0.01738041 0.03640415
2   1.0 0.009399104 0.009254736 0.01636515 0.01753304 0.00000000 0.00000000
3   2.0 0.038840652 0.051169440 0.02786957 0.05328171 0.04929928 0.03195715
          oe         te
1 0.02752285 0.01768674
2 0.00000000 0.01753304
3 0.03905503 0.05585463


[[1]]$ipw.np
[[1]]$ipw.np$est
  delta        mu      mu_1      mu_0         de       se_1        se_0
1   0.5 0.4079205 0.2412093 0.5275851 -0.2863758 0.01554791 -0.01408471
2   1.0 0.3572373 0.2256614 0.5416698 -0.3160084 0.00000000  0.00000000
3   2.0 0.3287286 0.2636624 0.5209589 -0.2572965 0.03800097 -0.02071090
           oe         te
1  0.05068328 -0.3004605
2  0.00000000 -0.3160084
3 -0.02850867 -0.2780074

[[1]]$ipw.np$se
  delta          mu        mu_1       mu_0         de       se_1       se_0
1   0.5 0.031437842 0.018725939 0.04518136 0.03772014 0.01781774 0.03742196
2   1.0 0.009399104 0.009465199 0.01613030 0.01739861 0.00000000 0.00000000
3   2.0 0.046424909 0.064916296 0.02719258 0.06629347 0.06312358 0.03116776
          oe         te
1 0.02829160 0.01783571
2 0.00000000 0.01739861
3 0.04657095 0.06882732



[1] "Total run time was 350.08 seconds"
