WARNING: ignoring environment value of R_HOME

Attaching package: ‘dplyr’

The following objects are masked from ‘package:stats’:

    filter, lag

The following objects are masked from ‘package:base’:

    intersect, setdiff, setequal, union

Loading required package: splines
Loading required package: foreach
Loaded gam 1.20.2

Super Learner
Version: 2.0-28
Package created on 2021-05-04

Loading required package: lattice
Loading required package: ggplot2
Loading required package: Matrix
Loaded glmnet 4.1-7
Loading required package: Formula
Loading required package: plotmo
Loading required package: plotrix
Loading required package: TeachingDemos
Loaded gbm 2.1.8.1

Attaching package: ‘xgboost’

The following object is masked from ‘package:dplyr’:

    slice

[1] "[Simulation setting]"
[1] "m: 500"
[1] "deltas: 0.5, 1, 2"
[1] "Sim.id 1"
[1] "Data generated"
[1] "Proposed & IPW estimators"
[1] "   Split: 1"
[1] "   Split: 2"
[1] "Estimates and SE estimates computed"
[1] ""
[[1]]
[[1]]$pro.p
[[1]]$pro.p$est
  delta        mu      mu_1      mu_0         de        se_1       se_0
1   0.5 0.4293092 0.2386893 0.5662274 -0.3275381  0.02522699  0.0135740
2   1.0 0.3530971 0.2134623 0.5526534 -0.3391911  0.00000000  0.0000000
3   2.0 0.2590757 0.1639734 0.5318296 -0.3678562 -0.04948895 -0.0208238
           oe         te
1  0.07621204 -0.3139641
2  0.00000000 -0.3391911
3 -0.09402145 -0.3886800

[[1]]$pro.p$se
  delta         mu       mu_1       mu_0         de       se_1       se_0
1   0.5 0.01639965 0.01547057 0.01994049 0.01927205 0.01276558 0.01579142
2   1.0 0.01110474 0.01015280 0.01492254 0.01356043 0.00000000 0.00000000
3   2.0 0.02237875 0.02298421 0.02584401 0.02574660 0.01968028 0.02083999
          oe         te
1 0.01322887 0.01754767
2 0.00000000 0.01356043
3 0.01918124 0.02542009


[[1]]$pro.np
[[1]]$pro.np$est
  delta        mu      mu_1      mu_0         de        se_1        se_0
1   0.5 0.4203705 0.2467329 0.5438116 -0.2970787  0.02435498  0.01603395
2   1.0 0.3504307 0.2223779 0.5277776 -0.3053997  0.00000000  0.00000000
3   2.0 0.2581617 0.1705889 0.5014477 -0.3308587 -0.05178895 -0.02632995
          oe         te
1  0.0699398 -0.2810447
2  0.0000000 -0.3053997
3 -0.0922690 -0.3571887

[[1]]$pro.np$se
  delta         mu       mu_1       mu_0         de       se_1       se_0
1   0.5 0.01457291 0.01361623 0.01801715 0.01782143 0.01043442 0.01375076
2   1.0 0.01137470 0.01021989 0.01472904 0.01224442 0.00000000 0.00000000
3   2.0 0.02673842 0.02960993 0.02404415 0.02988743 0.02654802 0.01869908
          oe         te
1 0.01099622 0.01546263
2 0.00000000 0.01224442
3 0.02386234 0.03118274


[[1]]$ipw.p
[[1]]$ipw.p$est
  delta        mu      mu_1      mu_0         de         se_1       se_0
1   0.5 0.4240830 0.2441250 0.5540314 -0.3099064 0.0305294674 0.00859524
2   1.0 0.3500489 0.2135956 0.5454362 -0.3318406 0.0000000000 0.00000000
3   2.0 0.3042520 0.2140483 0.5580335 -0.3439852 0.0004527123 0.01259733
           oe         te
1  0.07403410 -0.3013111
2  0.00000000 -0.3318406
3 -0.04579696 -0.3313879

[[1]]$ipw.p$se
  delta          mu        mu_1       mu_0         de       se_1       se_0
1   0.5 0.038422614 0.022114857 0.05353097 0.03987613 0.02100848 0.04587797
2   1.0 0.009189601 0.009256842 0.01606970 0.01726625 0.00000000 0.00000000
3   2.0 0.022904352 0.022258716 0.03171714 0.02488035 0.01909971 0.03501744
          oe         te
1 0.03528427 0.02032182
2 0.00000000 0.01726625
3 0.02305756 0.03008693


[[1]]$ipw.np
[[1]]$ipw.np$est
  delta        mu      mu_1      mu_0         de       se_1        se_0
1   0.5 0.4164740 0.2493989 0.5341868 -0.2847879 0.02851990 0.006012914
2   1.0 0.3500489 0.2208790 0.5281738 -0.3072948 0.00000000 0.000000000
3   2.0 0.3101119 0.2226887 0.5417635 -0.3190748 0.00180966 0.013589620
           oe         te
1  0.06642511 -0.2787749
2  0.00000000 -0.3072948
3 -0.03993701 -0.3054852

[[1]]$ipw.np$se
  delta          mu        mu_1       mu_0         de       se_1       se_0
1   0.5 0.035969145 0.021880856 0.04944086 0.03700981 0.02079080 0.04188472
2   1.0 0.009189601 0.009553211 0.01562970 0.01698985 0.00000000 0.00000000
3   2.0 0.023485687 0.022938094 0.03081451 0.02396130 0.01961267 0.03398257
          oe         te
1 0.03287126 0.01997797
2 0.00000000 0.01698985
3 0.02350119 0.03031977



[1] "Total run time was 274.975 seconds"
