WARNING: ignoring environment value of R_HOME

Attaching package: ‘dplyr’

The following objects are masked from ‘package:stats’:

    filter, lag

The following objects are masked from ‘package:base’:

    intersect, setdiff, setequal, union

Loading required package: splines
Loading required package: foreach
Loaded gam 1.20.2

Super Learner
Version: 2.0-28
Package created on 2021-05-04

Loading required package: lattice
Loading required package: ggplot2
Loading required package: Matrix
Loaded glmnet 4.1-7
Loading required package: Formula
Loading required package: plotmo
Loading required package: plotrix
Loading required package: TeachingDemos
Loaded gbm 2.1.8.1

Attaching package: ‘xgboost’

The following object is masked from ‘package:dplyr’:

    slice

[1] "[Simulation setting]"
[1] "m: 500"
[1] "deltas: 0.5, 1, 2"
[1] "Sim.id 1"
[1] "Data generated"
[1] "Proposed & IPW estimators"
[1] "   Split: 1"
[1] "   Split: 2"
[1] "Estimates and SE estimates computed"
[1] ""
[[1]]
[[1]]$pro.p
[[1]]$pro.p$est
  delta        mu      mu_1      mu_0         de         se_1         se_0
1   0.5 0.4490593 0.2519733 0.5870546 -0.3350813 0.0061127659  0.015324657
2   1.0 0.3820158 0.2458605 0.5717300 -0.3258694 0.0000000000  0.000000000
3   2.0 0.3308445 0.2463581 0.5675997 -0.3212416 0.0004975856 -0.004130292
           oe         te
1  0.06704349 -0.3197567
2  0.00000000 -0.3258694
3 -0.05117127 -0.3253718

[[1]]$pro.p$se
  delta         mu       mu_1       mu_0         de       se_1       se_0
1   0.5 0.01505644 0.01507656 0.01967606 0.02196105 0.01192738 0.01514325
2   1.0 0.01164039 0.01057195 0.01551768 0.01402275 0.00000000 0.00000000
3   2.0 0.02330102 0.02442121 0.02679794 0.02415088 0.02117395 0.02148133
          oe         te
1 0.01173028 0.01807264
2 0.00000000 0.01402275
3 0.01992137 0.02613385


[[1]]$pro.np
[[1]]$pro.np$est
  delta        mu      mu_1      mu_0         de        se_1         se_0
1   0.5 0.4501173 0.2724613 0.5733669 -0.3009056  0.01318766  0.019811800
2   1.0 0.3841226 0.2592737 0.5535551 -0.2942815  0.00000000  0.000000000
3   2.0 0.3260150 0.2471919 0.5452756 -0.2980837 -0.01208175 -0.008279508
           oe         te
1  0.06599472 -0.2810938
2  0.00000000 -0.2942815
3 -0.05810757 -0.3063632

[[1]]$pro.np$se
  delta         mu       mu_1       mu_0         de       se_1       se_0
1   0.5 0.01562896 0.01365381 0.02192331 0.02464233 0.01008960 0.01791069
2   1.0 0.01184611 0.01093946 0.01497174 0.01298610 0.00000000 0.00000000
3   2.0 0.02043497 0.02073741 0.02372811 0.01984902 0.01667136 0.01814114
          oe         te
1 0.01219364 0.01598032
2 0.00000000 0.01298610
3 0.01651116 0.02222568


[[1]]$ipw.p
[[1]]$ipw.p$est
  delta        mu      mu_1      mu_0         de       se_1         se_0
1   0.5 0.4303545 0.2564255 0.5531520 -0.2967265 0.01318771 -0.025843891
2   1.0 0.3830920 0.2432378 0.5789959 -0.3357581 0.00000000  0.000000000
3   2.0 0.3431424 0.2592063 0.5762608 -0.3170545 0.01596844 -0.002735158
           oe         te
1  0.04726254 -0.3225704
2  0.00000000 -0.3357581
3 -0.03994964 -0.3197897

[[1]]$ipw.p$se
  delta          mu        mu_1       mu_0         de       se_1       se_0
1   0.5 0.036244496 0.018283525 0.05509160 0.05075090 0.01689956 0.04859224
2   1.0 0.009481912 0.009538176 0.01620793 0.01752830 0.00000000 0.00000000
3   2.0 0.035638734 0.039972339 0.03287566 0.03110468 0.03778493 0.03632133
          oe         te
1 0.03351369 0.01801086
2 0.00000000 0.01752830
3 0.03570546 0.04548850


[[1]]$ipw.np
[[1]]$ipw.np$est
  delta        mu      mu_1      mu_0         de       se_1         se_0
1   0.5 0.4295317 0.2662597 0.5402567 -0.2739971 0.01726139 -0.022733141
2   1.0 0.3830920 0.2489983 0.5629899 -0.3139916 0.00000000  0.000000000
3   2.0 0.3402643 0.2601924 0.5562201 -0.2960278 0.01119410 -0.006769741
           oe         te
1  0.04643969 -0.2967302
2  0.00000000 -0.3139916
3 -0.04282773 -0.3027975

[[1]]$ipw.np$se
  delta          mu        mu_1       mu_0         de       se_1       se_0
1   0.5 0.036231565 0.019047166 0.05396083 0.04957334 0.01757605 0.04757064
2   1.0 0.009481912 0.009713002 0.01588555 0.01728221 0.00000000 0.00000000
3   2.0 0.034358990 0.038938752 0.03185299 0.03008865 0.03664389 0.03517852
          oe         te
1 0.03348474 0.01838637
2 0.00000000 0.01728221
3 0.03444100 0.04436843



[1] "Total run time was 416.625 seconds"
