WARNING: ignoring environment value of R_HOME

Attaching package: ‘dplyr’

The following objects are masked from ‘package:stats’:

    filter, lag

The following objects are masked from ‘package:base’:

    intersect, setdiff, setequal, union

Loading required package: splines
Loading required package: foreach
Loaded gam 1.20.2

Super Learner
Version: 2.0-28
Package created on 2021-05-04

Loading required package: lattice
Loading required package: ggplot2
Loading required package: Matrix
Loaded glmnet 4.1-7
Loading required package: Formula
Loading required package: plotmo
Loading required package: plotrix
Loading required package: TeachingDemos
Loaded gbm 2.1.8.1

Attaching package: ‘xgboost’

The following object is masked from ‘package:dplyr’:

    slice

[1] "[Simulation setting]"
[1] "m: 500"
[1] "deltas: 0.5, 1, 2"
[1] "Sim.id 1"
[1] "Data generated"
[1] "Proposed & IPW estimators"
[1] "   Split: 1"
[1] "   Split: 2"
[1] "Estimates and SE estimates computed"
[1] ""
[[1]]
[[1]]$pro.p
[[1]]$pro.p$est
  delta        mu      mu_1      mu_0         de        se_1        se_0
1   0.5 0.4543135 0.2539494 0.6001362 -0.3461867  0.03497473  0.05130208
2   1.0 0.3530103 0.2189747 0.5488341 -0.3298594  0.00000000  0.00000000
3   2.0 0.2605187 0.1827948 0.4885007 -0.3057059 -0.03617987 -0.06033336
           oe         te
1  0.10130315 -0.2948846
2  0.00000000 -0.3298594
3 -0.09249166 -0.3660392

[[1]]$pro.p$se
  delta         mu       mu_1       mu_0         de       se_1       se_0
1   0.5 0.01592654 0.01511192 0.02178704 0.02379309 0.01157440 0.01740411
2   1.0 0.01134283 0.01042158 0.01489597 0.01414045 0.00000000 0.00000000
3   2.0 0.01826204 0.01808904 0.02280336 0.02151944 0.01460042 0.01771938
          oe         te
1 0.01269041 0.01851711
2 0.00000000 0.01414045
3 0.01473814 0.02087179


[[1]]$pro.np
[[1]]$pro.np$est
  delta        mu      mu_1      mu_0         de        se_1        se_0
1   0.5 0.4449857 0.2658683 0.5695246 -0.3036563  0.03560110  0.04904333
2   1.0 0.3523922 0.2302672 0.5204813 -0.2902141  0.00000000  0.00000000
3   2.0 0.2763652 0.2033705 0.4779572 -0.2745868 -0.02689678 -0.04252405
           oe         te
1  0.09259348 -0.2546130
2  0.00000000 -0.2902141
3 -0.07602700 -0.3171108

[[1]]$pro.np$se
  delta         mu       mu_1       mu_0         de       se_1       se_0
1   0.5 0.01700492 0.01430585 0.02376060 0.02488798 0.01065480 0.01954764
2   1.0 0.01146941 0.01065672 0.01425604 0.01279062 0.00000000 0.00000000
3   2.0 0.01876046 0.01919269 0.02126312 0.02019999 0.01516874 0.01597697
          oe         te
1 0.01342948 0.01677351
2 0.00000000 0.01279062
3 0.01488084 0.02068109


[[1]]$ipw.p
[[1]]$ipw.p$est
  delta        mu      mu_1      mu_0         de        se_1        se_0
1   0.5 0.4982487 0.2634845 0.6719060 -0.4084215  0.03445295  0.09685591
2   1.0 0.3693155 0.2290316 0.5750501 -0.3460185  0.00000000  0.00000000
3   2.0 0.2661468 0.1853558 0.5017674 -0.3164116 -0.04367574 -0.07328269
          oe         te
1  0.1289332 -0.3115656
2  0.0000000 -0.3460185
3 -0.1031687 -0.3896943

[[1]]$ipw.p$se
  delta          mu        mu_1       mu_0         de       se_1       se_0
1   0.5 0.058251578 0.025653408 0.08750160 0.07253482 0.02457978 0.08006130
2   1.0 0.009287322 0.009465658 0.01724087 0.01914103 0.00000000 0.00000000
3   2.0 0.015290274 0.015624195 0.02396648 0.02287559 0.01282118 0.02777526
          oe         te
1 0.05561390 0.02593132
2 0.00000000 0.01914103
3 0.01630246 0.02628530


[[1]]$ipw.np
[[1]]$ipw.np$est
  delta        mu      mu_1      mu_0         de        se_1        se_0
1   0.5 0.4978469 0.2727582 0.6578043 -0.3850461  0.03658750  0.10132721
2   1.0 0.3693155 0.2361707 0.5564771 -0.3203064  0.00000000  0.00000000
3   2.0 0.2688843 0.1915100 0.4857031 -0.2941931 -0.04466065 -0.07077393
          oe         te
1  0.1285314 -0.2837189
2  0.0000000 -0.3203064
3 -0.1004312 -0.3649671

[[1]]$ipw.np$se
  delta          mu        mu_1       mu_0         de       se_1       se_0
1   0.5 0.060770025 0.027569123 0.08919101 0.07199108 0.02661309 0.08234524
2   1.0 0.009287322 0.009748044 0.01670289 0.01883569 0.00000000 0.00000000
3   2.0 0.015243062 0.016103434 0.02309362 0.02254228 0.01308430 0.02667654
          oe         te
1 0.05828621 0.02743549
2 0.00000000 0.01883569
3 0.01615118 0.02619088



[1] "Total run time was 368.774 seconds"
