WARNING: ignoring environment value of R_HOME

Attaching package: ‘dplyr’

The following objects are masked from ‘package:stats’:

    filter, lag

The following objects are masked from ‘package:base’:

    intersect, setdiff, setequal, union

Loading required package: splines
Loading required package: foreach
Loaded gam 1.20.2

Super Learner
Version: 2.0-28
Package created on 2021-05-04

Loading required package: lattice
Loading required package: ggplot2
Loading required package: Matrix
Loaded glmnet 4.1-7
Loading required package: Formula
Loading required package: plotmo
Loading required package: plotrix
Loading required package: TeachingDemos
Loaded gbm 2.1.8.1

Attaching package: ‘xgboost’

The following object is masked from ‘package:dplyr’:

    slice

[1] "[Simulation setting]"
[1] "m: 500"
[1] "deltas: 0.5, 1, 2"
[1] "Sim.id 1"
[1] "Data generated"
[1] "Proposed & IPW estimators"
[1] "   Split: 1"
[1] "   Split: 2"
[1] "Estimates and SE estimates computed"
[1] ""
[[1]]
[[1]]$pro.p
[[1]]$pro.p$est
  delta        mu      mu_1      mu_0         de        se_1        se_0
1   0.5 0.4762379 0.2753464 0.6216661 -0.3463197  0.03340011  0.02881485
2   1.0 0.3854479 0.2419463 0.5928513 -0.3509050  0.00000000  0.00000000
3   2.0 0.2817230 0.1876361 0.5596160 -0.3719799 -0.05431018 -0.03323526
           oe         te
1  0.09079006 -0.3175049
2  0.00000000 -0.3509050
3 -0.10372491 -0.4052152

[[1]]$pro.p$se
  delta         mu       mu_1       mu_0         de       se_1       se_0
1   0.5 0.01632792 0.01357375 0.02097407 0.01943870 0.01018619 0.01771984
2   1.0 0.01095085 0.01027152 0.01454905 0.01426328 0.00000000 0.00000000
3   2.0 0.01837398 0.01982265 0.02303889 0.02566083 0.01692250 0.01831156
          oe         te
1 0.01356304 0.01646127
2 0.00000000 0.01426328
3 0.01577819 0.02365244


[[1]]$pro.np
[[1]]$pro.np$est
  delta        mu      mu_1      mu_0         de        se_1        se_0
1   0.5 0.4646258 0.2844611 0.5881479 -0.3036868  0.03306172  0.02000108
2   1.0 0.3845151 0.2513993 0.5681468 -0.3167475  0.00000000  0.00000000
3   2.0 0.2834325 0.1968819 0.5316273 -0.3347454 -0.05451741 -0.03651945
           oe         te
1  0.08011066 -0.2836857
2  0.00000000 -0.3167475
3 -0.10108263 -0.3712649

[[1]]$pro.np$se
  delta         mu       mu_1       mu_0         de       se_1       se_0
1   0.5 0.01616326 0.01293121 0.02165881 0.02044112 0.00933241 0.01857287
2   1.0 0.01096403 0.01036013 0.01384046 0.01293971 0.00000000 0.00000000
3   2.0 0.01890824 0.02073095 0.02144449 0.02468780 0.01788212 0.01666280
          oe         te
1 0.01356325 0.01493659
2 0.00000000 0.01293971
3 0.01607542 0.02343151


[[1]]$ipw.p
[[1]]$ipw.p$est
  delta        mu      mu_1      mu_0         de         se_1        se_0
1   0.5 0.4074615 0.2552965 0.5179194 -0.2626230  0.006103714 -0.07557762
2   1.0 0.3912661 0.2491928 0.5934971 -0.3443043  0.000000000  0.00000000
3   2.0 0.3043363 0.2127995 0.5652319 -0.3524324 -0.036393262 -0.02826515
           oe         te
1  0.01619534 -0.3382006
2  0.00000000 -0.3443043
3 -0.08692987 -0.3806976

[[1]]$ipw.p$se
  delta          mu        mu_1       mu_0         de       se_1       se_0
1   0.5 0.036036616 0.016760974 0.05723125 0.05356919 0.01483921 0.05048918
2   1.0 0.009460096 0.009715477 0.01599976 0.01756538 0.00000000 0.00000000
3   2.0 0.022091557 0.022477978 0.02901314 0.02328717 0.02057392 0.03299491
          oe         te
1 0.03311586 0.01691618
2 0.00000000 0.01756538
3 0.02318772 0.03057994


[[1]]$ipw.np
[[1]]$ipw.np$est
  delta        mu      mu_1      mu_0         de         se_1        se_0
1   0.5 0.4070441 0.2615283 0.5111237 -0.2495954  0.006803921 -0.06963069
2   1.0 0.3912661 0.2547244 0.5807544 -0.3260300  0.000000000  0.00000000
3   2.0 0.3020347 0.2145034 0.5432496 -0.3287462 -0.040220989 -0.03750480
           oe         te
1  0.01577797 -0.3192261
2  0.00000000 -0.3260300
3 -0.08923141 -0.3662510

[[1]]$ipw.np$se
  delta          mu       mu_1       mu_0         de       se_1       se_0
1   0.5 0.035835460 0.01686129 0.05658572 0.05307863 0.01492058 0.04994332
2   1.0 0.009460096 0.00992106 0.01575812 0.01741733 0.00000000 0.00000000
3   2.0 0.021811157 0.02310268 0.02632889 0.02266059 0.02112234 0.03036571
          oe         te
1 0.03297677 0.01688605
2 0.00000000 0.01741733
3 0.02287999 0.03088455



[1] "Total run time was 406.428 seconds"
