WARNING: ignoring environment value of R_HOME

Attaching package: ‘dplyr’

The following objects are masked from ‘package:stats’:

    filter, lag

The following objects are masked from ‘package:base’:

    intersect, setdiff, setequal, union

Loading required package: splines
Loading required package: foreach
Loaded gam 1.20.2

Super Learner
Version: 2.0-28
Package created on 2021-05-04

Loading required package: lattice
Loading required package: ggplot2
Loading required package: Matrix
Loaded glmnet 4.1-7
Loading required package: Formula
Loading required package: plotmo
Loading required package: plotrix
Loading required package: TeachingDemos
Loaded gbm 2.1.8.1

Attaching package: ‘xgboost’

The following object is masked from ‘package:dplyr’:

    slice

[1] "[Simulation setting]"
[1] "m: 500"
[1] "deltas: 0.5, 1, 2"
[1] "Sim.id 1"
[1] "Data generated"
[1] "Proposed & IPW estimators"
[1] "   Split: 1"
[1] "   Split: 2"
[1] "Estimates and SE estimates computed"
[1] ""
[[1]]
[[1]]$pro.p
[[1]]$pro.p$est
  delta        mu      mu_1      mu_0         de        se_1        se_0
1   0.5 0.4678366 0.2710161 0.6084531 -0.3374371  0.03204116  0.04342729
2   1.0 0.3750251 0.2389749 0.5650258 -0.3260510  0.00000000  0.00000000
3   2.0 0.2759199 0.1853626 0.5229363 -0.3375737 -0.05361230 -0.04208952
           oe         te
1  0.09281152 -0.2940098
2  0.00000000 -0.3260510
3 -0.09910524 -0.3796632

[[1]]$pro.p$se
  delta         mu       mu_1       mu_0         de       se_1       se_0
1   0.5 0.02197195 0.01707547 0.03015013 0.02763204 0.01391400 0.02602147
2   1.0 0.01177652 0.01051015 0.01555381 0.01384828 0.00000000 0.00000000
3   2.0 0.02990167 0.03923527 0.02370874 0.04402382 0.03562942 0.01803924
          oe         te
1 0.01866955 0.01814016
2 0.00000000 0.01384828
3 0.02650739 0.04055388


[[1]]$pro.np
[[1]]$pro.np$est
  delta        mu      mu_1      mu_0         de        se_1        se_0
1   0.5 0.4440296 0.2655082 0.5649344 -0.2994262  0.01736126  0.02178151
2   1.0 0.3751592 0.2481469 0.5431529 -0.2950060  0.00000000  0.00000000
3   2.0 0.2812398 0.1949593 0.5026244 -0.3076651 -0.05318760 -0.04052854
           oe         te
1  0.06887045 -0.2776447
2  0.00000000 -0.2950060
3 -0.09391942 -0.3481936

[[1]]$pro.np$se
  delta         mu       mu_1       mu_0         de       se_1       se_0
1   0.5 0.01631432 0.01538234 0.02125580 0.02165002 0.01160405 0.01760102
2   1.0 0.01192965 0.01076741 0.01492793 0.01241129 0.00000000 0.00000000
3   2.0 0.02689990 0.03592184 0.02333219 0.04169573 0.03229462 0.01693671
          oe         te
1 0.01272217 0.01606170
2 0.00000000 0.01241129
3 0.02299382 0.03670436


[[1]]$ipw.p
[[1]]$ipw.p$est
  delta        mu      mu_1      mu_0         de        se_1        se_0
1   0.5 0.4660751 0.2646763 0.6152212 -0.3505448  0.03358431  0.06420688
2   1.0 0.3621599 0.2310920 0.5510143 -0.3199223  0.00000000  0.00000000
3   2.0 0.2918891 0.2141813 0.5143200 -0.3001387 -0.01691074 -0.03669430
           oe         te
1  0.10391517 -0.2863380
2  0.00000000 -0.3199223
3 -0.07027084 -0.3368330

[[1]]$ipw.p$se
  delta         mu        mu_1       mu_0         de       se_1       se_0
1   0.5 0.04799624 0.023081504 0.07113423 0.05708934 0.02206547 0.06351913
2   1.0 0.00950830 0.009411492 0.01666666 0.01780497 0.00000000 0.00000000
3   2.0 0.02255924 0.023800678 0.03211685 0.03095575 0.02095650 0.03536113
          oe         te
1 0.04496653 0.02064896
2 0.00000000 0.01780497
3 0.02324640 0.03211778


[[1]]$ipw.np
[[1]]$ipw.np$est
  delta        mu      mu_1      mu_0         de        se_1        se_0
1   0.5 0.4543335 0.2657288 0.5884084 -0.3226795  0.02927199  0.05123078
2   1.0 0.3621599 0.2364568 0.5371776 -0.3007207  0.00000000  0.00000000
3   2.0 0.2992147 0.2238681 0.5062471 -0.2823790 -0.01258879 -0.03093052
           oe         te
1  0.09217361 -0.2714487
2  0.00000000 -0.3007207
3 -0.06294528 -0.3133095

[[1]]$ipw.np$se
  delta         mu        mu_1       mu_0         de       se_1       se_0
1   0.5 0.04533412 0.022775448 0.06555709 0.05213242 0.02181019 0.05805073
2   1.0 0.00950830 0.009631321 0.01625300 0.01753903 0.00000000 0.00000000
3   2.0 0.02509563 0.026186663 0.03441315 0.03195062 0.02334934 0.03727020
          oe         te
1 0.04232268 0.02040658
2 0.00000000 0.01753903
3 0.02565815 0.03378299



[1] "Total run time was 378.106 seconds"
