WARNING: ignoring environment value of R_HOME

Attaching package: ‘dplyr’

The following objects are masked from ‘package:stats’:

    filter, lag

The following objects are masked from ‘package:base’:

    intersect, setdiff, setequal, union

Loading required package: splines
Loading required package: foreach
Loaded gam 1.20.2

Super Learner
Version: 2.0-28
Package created on 2021-05-04

Loading required package: lattice
Loading required package: ggplot2
Loading required package: Matrix
Loaded glmnet 4.1-7
Loading required package: Formula
Loading required package: plotmo
Loading required package: plotrix
Loading required package: TeachingDemos
Loaded gbm 2.1.8.1

Attaching package: ‘xgboost’

The following object is masked from ‘package:dplyr’:

    slice

[1] "[Simulation setting]"
[1] "m: 500"
[1] "deltas: 0.5, 1, 2"
[1] "Sim.id 1"
[1] "Data generated"
[1] "Proposed & IPW estimators"
[1] "   Split: 1"
[1] "   Split: 2"
[1] "Estimates and SE estimates computed"
[1] ""
[[1]]
[[1]]$pro.p
[[1]]$pro.p$est
  delta        mu      mu_1      mu_0         de         se_1        se_0
1   0.5 0.4557091 0.2788055 0.5840938 -0.3052883  0.039648116  0.01168845
2   1.0 0.3740754 0.2391573 0.5724053 -0.3332480  0.000000000  0.00000000
3   2.0 0.3112603 0.2319468 0.5393882 -0.3074414 -0.007210509 -0.03301714
           oe         te
1  0.08163370 -0.2935999
2  0.00000000 -0.3332480
3 -0.06281514 -0.3404585

[[1]]$pro.p$se
  delta         mu       mu_1       mu_0         de       se_1       se_0
1   0.5 0.02138730 0.02005238 0.02629547 0.02253048 0.01729968 0.02208560
2   1.0 0.01210049 0.01120927 0.01533410 0.01356770 0.00000000 0.00000000
3   2.0 0.02585127 0.02609244 0.02827760 0.02462648 0.02163771 0.02287565
          oe         te
1 0.01837139 0.02175372
2 0.00000000 0.01356770
3 0.02149279 0.02651041


[[1]]$pro.np
[[1]]$pro.np$est
  delta        mu      mu_1      mu_0         de          se_1         se_0
1   0.5 0.4420173 0.2854947 0.5498010 -0.2643063  0.0327839185  0.005949477
2   1.0 0.3747600 0.2527108 0.5438516 -0.2911407  0.0000000000  0.000000000
3   2.0 0.3259141 0.2519864 0.5227714 -0.2707849 -0.0007243803 -0.021080187
           oe         te
1  0.06725727 -0.2583568
2  0.00000000 -0.2911407
3 -0.04884594 -0.2918651

[[1]]$pro.np$se
  delta         mu       mu_1       mu_0         de       se_1       se_0
1   0.5 0.01637928 0.01843862 0.01868878 0.02006362 0.01527907 0.01433779
2   1.0 0.01258644 0.01159546 0.01523298 0.01212918 0.00000000 0.00000000
3   2.0 0.02995388 0.03089703 0.02805909 0.02496921 0.02639101 0.02216804
          oe         te
1 0.01272692 0.01949478
2 0.00000000 0.01212918
3 0.02539018 0.03030654


[[1]]$ipw.p
[[1]]$ipw.p$est
  delta        mu      mu_1      mu_0         de         se_1        se_0
1   0.5 0.5282063 0.3003247 0.6958417 -0.3955171  0.059825666  0.12537704
2   1.0 0.3744254 0.2404990 0.5704647 -0.3299657  0.000000000  0.00000000
3   2.0 0.3178551 0.2356086 0.5601479 -0.3245393 -0.004890428 -0.01031685
           oe         te
1  0.15378095 -0.2701400
2  0.00000000 -0.3299657
3 -0.05657027 -0.3348561

[[1]]$ipw.p$se
  delta          mu       mu_1       mu_0         de       se_1       se_0
1   0.5 0.057153880 0.02378754 0.09064717 0.08174240 0.02292273 0.08455676
2   1.0 0.009657669 0.00968614 0.01683520 0.01801168 0.00000000 0.00000000
3   2.0 0.021747315 0.02275916 0.02702298 0.02286878 0.01916287 0.03220134
          oe         te
1 0.05457374 0.02083981
2 0.00000000 0.01801168
3 0.02211240 0.03139309


[[1]]$ipw.np
[[1]]$ipw.np$est
  delta        mu      mu_1      mu_0         de         se_1        se_0
1   0.5 0.5235493 0.3059560 0.6763167 -0.3703607  0.059444570  0.12178950
2   1.0 0.3744254 0.2465114 0.5545272 -0.3080158  0.000000000  0.00000000
3   2.0 0.3229524 0.2448685 0.5429149 -0.2980464 -0.001642894 -0.01161233
           oe         te
1  0.14912394 -0.2485712
2  0.00000000 -0.3080158
3 -0.05147298 -0.3096587

[[1]]$ipw.np$se
  delta          mu        mu_1       mu_0         de       se_1       se_0
1   0.5 0.056351904 0.023707938 0.08687896 0.07798888 0.02289583 0.08094253
2   1.0 0.009657669 0.009933323 0.01641158 0.01772792 0.00000000 0.00000000
3   2.0 0.022691312 0.024255435 0.02620391 0.02222223 0.02052258 0.03120215
          oe         te
1 0.05383031 0.02064336
2 0.00000000 0.01772792
3 0.02291217 0.03229714



[1] "Total run time was 413.632 seconds"
