WARNING: ignoring environment value of R_HOME

Attaching package: ‘dplyr’

The following objects are masked from ‘package:stats’:

    filter, lag

The following objects are masked from ‘package:base’:

    intersect, setdiff, setequal, union

Loading required package: splines
Loading required package: foreach
Loaded gam 1.20.2

Super Learner
Version: 2.0-28
Package created on 2021-05-04

Loading required package: lattice
Loading required package: ggplot2
Loading required package: Matrix
Loaded glmnet 4.1-7
Loading required package: Formula
Loading required package: plotmo
Loading required package: plotrix
Loading required package: TeachingDemos
Loaded gbm 2.1.8.1

Attaching package: ‘xgboost’

The following object is masked from ‘package:dplyr’:

    slice

[1] "[Simulation setting]"
[1] "m: 500"
[1] "deltas: 0.5, 1, 2"
[1] "Sim.id 1"
[1] "Data generated"
[1] "Proposed & IPW estimators"
[1] "   Split: 1"
[1] "   Split: 2"
[1] "Estimates and SE estimates computed"
[1] ""
[[1]]
[[1]]$pro.p
[[1]]$pro.p$est
  delta        mu      mu_1      mu_0         de         se_1        se_0
1   0.5 0.4414225 0.2601972 0.5750397 -0.3148424  0.025515038  0.02693654
2   1.0 0.3616287 0.2346822 0.5481031 -0.3134209  0.000000000  0.00000000
3   2.0 0.3042690 0.2283597 0.5203085 -0.2919487 -0.006322443 -0.02779462
           oe         te
1  0.07979385 -0.2879059
2  0.00000000 -0.3134209
3 -0.05735970 -0.3197434

[[1]]$pro.p$se
  delta         mu       mu_1       mu_0         de       se_1      se_0
1   0.5 0.01847243 0.01694672 0.02531498 0.02667272 0.01467199 0.0198180
2   1.0 0.01112448 0.01043315 0.01457540 0.01362635 0.00000000 0.0000000
3   2.0 0.01916194 0.01926082 0.02186349 0.01976261 0.01505923 0.0179418
          oe         te
1 0.01506368 0.01895494
2 0.00000000 0.01362635
3 0.01581995 0.02226671


[[1]]$pro.np
[[1]]$pro.np$est
  delta        mu      mu_1      mu_0         de       se_1        se_0
1   0.5 0.4324451 0.2657703 0.5490974 -0.2833271 0.02387539  0.03352676
2   1.0 0.3553482 0.2418949 0.5155706 -0.2736757 0.00000000  0.00000000
3   2.0 0.3108127 0.2475153 0.4851854 -0.2376701 0.00562031 -0.03038525
           oe         te
1  0.07709691 -0.2498003
2  0.00000000 -0.2736757
3 -0.04453558 -0.2680554

[[1]]$pro.np$se
  delta         mu       mu_1       mu_0         de       se_1       se_0
1   0.5 0.01805280 0.01553700 0.02323341 0.02173608 0.01319345 0.01791783
2   1.0 0.01132870 0.01061070 0.01411366 0.01223488 0.00000000 0.00000000
3   2.0 0.01940611 0.01978308 0.02071098 0.01825653 0.01534022 0.01621777
          oe         te
1 0.01455038 0.01710256
2 0.00000000 0.01223488
3 0.01558909 0.02132178


[[1]]$ipw.p
[[1]]$ipw.p$est
  delta        mu      mu_1      mu_0         de        se_1        se_0
1   0.5 0.4586345 0.2701732 0.6004845 -0.3303113  0.03519328  0.04257306
2   1.0 0.3645980 0.2349799 0.5579114 -0.3229315  0.00000000  0.00000000
3   2.0 0.2908255 0.2128313 0.5206122 -0.3077809 -0.02214857 -0.03729924
           oe         te
1  0.09403648 -0.2877383
2  0.00000000 -0.3229315
3 -0.07377257 -0.3450801

[[1]]$ipw.p$se
  delta          mu       mu_1       mu_0         de       se_1       se_0
1   0.5 0.042120201 0.02171748 0.06153116 0.04892281 0.02115464 0.05399275
2   1.0 0.009337155 0.00959438 0.01611171 0.01754970 0.00000000 0.00000000
3   2.0 0.017599439 0.01882587 0.02279356 0.02172791 0.01529995 0.02760755
          oe         te
1 0.03923495 0.01965650
2 0.00000000 0.01754970
3 0.01813157 0.02789723


[[1]]$ipw.np
[[1]]$ipw.np$est
  delta        mu      mu_1      mu_0         de        se_1        se_0
1   0.5 0.4575504 0.2830299 0.5820916 -0.2990616  0.04188216  0.04430619
2   1.0 0.3645980 0.2411478 0.5377854 -0.2966376  0.00000000  0.00000000
3   2.0 0.2893766 0.2148668 0.4983975 -0.2835307 -0.02628098 -0.03938785
           oe         te
1  0.09295236 -0.2547554
2  0.00000000 -0.2966376
3 -0.07522144 -0.3229186

[[1]]$ipw.np$se
  delta          mu        mu_1       mu_0         de       se_1       se_0
1   0.5 0.043072379 0.023645875 0.06141142 0.04693499 0.02300143 0.05417961
2   1.0 0.009337155 0.009791039 0.01563038 0.01704531 0.00000000 0.00000000
3   2.0 0.017463333 0.019146255 0.02195944 0.02135316 0.01567211 0.02652178
          oe         te
1 0.04019418 0.02095865
2 0.00000000 0.01704531
3 0.01805411 0.02770361



[1] "Total run time was 380.661 seconds"
