WARNING: ignoring environment value of R_HOME

Attaching package: ‘dplyr’

The following objects are masked from ‘package:stats’:

    filter, lag

The following objects are masked from ‘package:base’:

    intersect, setdiff, setequal, union

Loading required package: splines
Loading required package: foreach
Loaded gam 1.20.2

Super Learner
Version: 2.0-28
Package created on 2021-05-04

Loading required package: lattice
Loading required package: ggplot2
Loading required package: Matrix
Loaded glmnet 4.1-7
Loading required package: Formula
Loading required package: plotmo
Loading required package: plotrix
Loading required package: TeachingDemos
Loaded gbm 2.1.8.1

Attaching package: ‘xgboost’

The following object is masked from ‘package:dplyr’:

    slice

[1] "[Simulation setting]"
[1] "m: 500"
[1] "deltas: 0.5, 1, 2"
[1] "Sim.id 1"
[1] "Data generated"
[1] "Proposed & IPW estimators"
[1] "   Split: 1"
[1] "   Split: 2"
[1] "Estimates and SE estimates computed"
[1] ""
[[1]]
[[1]]$pro.p
[[1]]$pro.p$est
  delta        mu      mu_1      mu_0         de        se_1        se_0
1   0.5 0.4619851 0.2614019 0.6055508 -0.3441488  0.01380151  0.01960570
2   1.0 0.3872079 0.2476004 0.5859451 -0.3383446  0.00000000  0.00000000
3   2.0 0.3015757 0.2174696 0.5461651 -0.3286955 -0.03013084 -0.03977997
           oe         te
1  0.07477723 -0.3245431
2  0.00000000 -0.3383446
3 -0.08563219 -0.3684755

[[1]]$pro.p$se
  delta         mu       mu_1       mu_0         de       se_1       se_0
1   0.5 0.01659041 0.01427267 0.02126536 0.01939806 0.01053069 0.01628446
2   1.0 0.01163334 0.01043367 0.01549801 0.01355429 0.00000000 0.00000000
3   2.0 0.01978088 0.01948673 0.02386158 0.02067162 0.01590659 0.01905802
          oe         te
1 0.01280564 0.01608408
2 0.00000000 0.01355429
3 0.01638798 0.02202425


[[1]]$pro.np
[[1]]$pro.np$est
  delta        mu      mu_1      mu_0         de        se_1        se_0
1   0.5 0.4410292 0.2687293 0.5599004 -0.2911711  0.01050435  0.01979887
2   1.0 0.3776433 0.2582249 0.5401016 -0.2818766  0.00000000  0.00000000
3   2.0 0.3033485 0.2291065 0.5052522 -0.2761457 -0.02911847 -0.03484940
           oe         te
1  0.06338589 -0.2713723
2  0.00000000 -0.2818766
3 -0.07429484 -0.3109951

[[1]]$pro.np$se
  delta         mu       mu_1       mu_0         de       se_1       se_0
1   0.5 0.01490609 0.01418988 0.01838899 0.01752130 0.01033918 0.01389922
2   1.0 0.01185109 0.01086889 0.01480632 0.01212441 0.00000000 0.00000000
3   2.0 0.02235048 0.02291498 0.02361433 0.02184600 0.01891650 0.01802751
          oe         te
1 0.01096817 0.01543578
2 0.00000000 0.01212441
3 0.01841382 0.02383243


[[1]]$ipw.p
[[1]]$ipw.p$est
  delta        mu      mu_1      mu_0         de         se_1        se_0
1   0.5 0.4102779 0.2362072 0.5407423 -0.3045351 -0.000588964 -0.03849608
2   1.0 0.3745081 0.2367962 0.5792384 -0.3424422  0.000000000  0.00000000
3   2.0 0.3048913 0.2219059 0.5521261 -0.3302202 -0.014890256 -0.02711235
           oe         te
1  0.03576979 -0.3430312
2  0.00000000 -0.3424422
3 -0.06961678 -0.3573325

[[1]]$ipw.p$se
  delta          mu        mu_1       mu_0         de       se_1       se_0
1   0.5 0.031535938 0.017237406 0.04679100 0.03979378 0.01579409 0.03759140
2   1.0 0.009252833 0.009399647 0.01662066 0.01814998 0.00000000 0.00000000
3   2.0 0.023002596 0.023513778 0.02883812 0.02193316 0.02114785 0.03347008
          oe         te
1 0.02803820 0.01706114
2 0.00000000 0.01814998
3 0.02376553 0.03185577


[[1]]$ipw.np
[[1]]$ipw.np$est
  delta        mu      mu_1      mu_0         de          se_1        se_0
1   0.5 0.4044048 0.2446197 0.5177131 -0.2730934 -0.0005028232 -0.03788224
2   1.0 0.3745081 0.2451226 0.5555953 -0.3104728  0.0000000000  0.00000000
3   2.0 0.3077055 0.2290954 0.5271903 -0.2980950 -0.0160271938 -0.02840500
           oe         te
1  0.02989672 -0.3109756
2  0.00000000 -0.3104728
3 -0.06680252 -0.3265000

[[1]]$ipw.np$se
  delta          mu        mu_1       mu_0         de       se_1       se_0
1   0.5 0.030728534 0.017713570 0.04439478 0.03765178 0.01628664 0.03564268
2   1.0 0.009252833 0.009713797 0.01609068 0.01777620 0.00000000 0.00000000
3   2.0 0.023699622 0.024596162 0.02819103 0.02139346 0.02209728 0.03248584
          oe         te
1 0.02733345 0.01709847
2 0.00000000 0.01777620
3 0.02434520 0.03232956



[1] "Total run time was 332.745 seconds"
