WARNING: ignoring environment value of R_HOME

Attaching package: ‘dplyr’

The following objects are masked from ‘package:stats’:

    filter, lag

The following objects are masked from ‘package:base’:

    intersect, setdiff, setequal, union

Loading required package: splines
Loading required package: foreach
Loaded gam 1.20.2

Super Learner
Version: 2.0-28
Package created on 2021-05-04

Loading required package: lattice
Loading required package: ggplot2
Loading required package: Matrix
Loaded glmnet 4.1-7
Loading required package: Formula
Loading required package: plotmo
Loading required package: plotrix
Loading required package: TeachingDemos
Loaded gbm 2.1.8.1

Attaching package: ‘xgboost’

The following object is masked from ‘package:dplyr’:

    slice

[1] "[Simulation setting]"
[1] "m: 500"
[1] "deltas: 0.5, 1, 2"
[1] "Sim.id 1"
[1] "Data generated"
[1] "Proposed & IPW estimators"
[1] "   Split: 1"
[1] "   Split: 2"
[1] "Estimates and SE estimates computed"
[1] ""
[[1]]
[[1]]$pro.p
[[1]]$pro.p$est
  delta        mu      mu_1      mu_0         de        se_1        se_0
1   0.5 0.4591739 0.2407359 0.6157061 -0.3749702  0.02400477  0.05456887
2   1.0 0.3568766 0.2167311 0.5611372 -0.3444061  0.00000000  0.00000000
3   2.0 0.2824637 0.2014747 0.5182677 -0.3167930 -0.01525647 -0.04286951
           oe         te
1  0.10229730 -0.3204013
2  0.00000000 -0.3444061
3 -0.07441291 -0.3596626

[[1]]$pro.p$se
  delta         mu       mu_1       mu_0         de       se_1       se_0
1   0.5 0.01707951 0.01458132 0.02349941 0.02404831 0.01206455 0.01872558
2   1.0 0.01090852 0.00967095 0.01493554 0.01363684 0.00000000 0.00000000
3   2.0 0.01757698 0.01807616 0.02468463 0.02547559 0.01451547 0.01991268
          oe         te
1 0.01408160 0.01792995
2 0.00000000 0.01363684
3 0.01390446 0.02095120


[[1]]$pro.np
[[1]]$pro.np$est
  delta        mu      mu_1      mu_0         de         se_1        se_0
1   0.5 0.4635397 0.2510398 0.6108529 -0.3598131  0.026040828  0.07247834
2   1.0 0.3557636 0.2249989 0.5383745 -0.3133756  0.000000000  0.00000000
3   2.0 0.2928937 0.2172406 0.5056750 -0.2884344 -0.007758318 -0.03269953
           oe         te
1  0.10777612 -0.2873347
2  0.00000000 -0.3133756
3 -0.06286983 -0.3211339

[[1]]$pro.np$se
  delta         mu        mu_1       mu_0         de       se_1       se_0
1   0.5 0.01776709 0.013835242 0.02377977 0.02231531 0.01108801 0.01900217
2   1.0 0.01118367 0.009968602 0.01457381 0.01237526 0.00000000 0.00000000
3   2.0 0.01848554 0.018866299 0.02289365 0.02222275 0.01457575 0.01856413
          oe         te
1 0.01416782 0.01619146
2 0.00000000 0.01237526
3 0.01440892 0.02032321


[[1]]$ipw.p
[[1]]$ipw.p$est
  delta        mu      mu_1      mu_0         de        se_1        se_0
1   0.5 0.4737122 0.2454887 0.6413979 -0.3959091 0.020272941  0.06667413
2   1.0 0.3672480 0.2252158 0.5747237 -0.3495079 0.000000000  0.00000000
3   2.0 0.3122446 0.2336096 0.5398422 -0.3062326 0.008393825 -0.03488150
           oe         te
1  0.10646420 -0.3292350
2  0.00000000 -0.3495079
3 -0.05500342 -0.3411141

[[1]]$ipw.p$se
  delta          mu        mu_1       mu_0         de       se_1       se_0
1   0.5 0.044765422 0.018326348 0.06911851 0.06109893 0.01735481 0.06098381
2   1.0 0.009488798 0.009222111 0.01733190 0.01866643 0.00000000 0.00000000
3   2.0 0.025458801 0.026904551 0.03112645 0.02669140 0.02437403 0.03507588
          oe         te
1 0.04174318 0.01861962
2 0.00000000 0.01866643
3 0.02604614 0.03516318


[[1]]$ipw.np
[[1]]$ipw.np$est
  delta        mu      mu_1      mu_0         de        se_1        se_0
1   0.5 0.4725727 0.2503649 0.6333923 -0.3830274 0.019963267  0.07188523
2   1.0 0.3672480 0.2304016 0.5615071 -0.3311055 0.000000000  0.00000000
3   2.0 0.3131142 0.2369936 0.5253708 -0.2883772 0.006591974 -0.03613629
           oe         te
1  0.10532474 -0.3111422
2  0.00000000 -0.3311055
3 -0.05413375 -0.3245135

[[1]]$ipw.np$se
  delta          mu       mu_1       mu_0         de       se_1       se_0
1   0.5 0.045373563 0.01872996 0.06975076 0.06113597 0.01787917 0.06179665
2   1.0 0.009488798 0.00943731 0.01705449 0.01851892 0.00000000 0.00000000
3   2.0 0.024821671 0.02640788 0.02972145 0.02545825 0.02368828 0.03360091
          oe         te
1 0.04245002 0.01868464
2 0.00000000 0.01851892
3 0.02531004 0.03454191



[1] "Total run time was 372.108 seconds"
