WARNING: ignoring environment value of R_HOME

Attaching package: ‘dplyr’

The following objects are masked from ‘package:stats’:

    filter, lag

The following objects are masked from ‘package:base’:

    intersect, setdiff, setequal, union

Loading required package: splines
Loading required package: foreach
Loaded gam 1.20.2

Super Learner
Version: 2.0-28
Package created on 2021-05-04

Loading required package: lattice
Loading required package: ggplot2
Loading required package: Matrix
Loaded glmnet 4.1-7
Loading required package: Formula
Loading required package: plotmo
Loading required package: plotrix
Loading required package: TeachingDemos
Loaded gbm 2.1.8.1

Attaching package: ‘xgboost’

The following object is masked from ‘package:dplyr’:

    slice

[1] "[Simulation setting]"
[1] "m: 500"
[1] "deltas: 0.5, 1, 2"
[1] "Sim.id 1"
[1] "Data generated"
[1] "Proposed & IPW estimators"
[1] "   Split: 1"
[1] "   Split: 2"
[1] "Estimates and SE estimates computed"
[1] ""
[[1]]
[[1]]$pro.p
[[1]]$pro.p$est
  delta        mu      mu_1      mu_0         de         se_1         se_0
1   0.5 0.4206028 0.2397440 0.5518350 -0.3120909  0.004511863  0.002504555
2   1.0 0.3656263 0.2352322 0.5493304 -0.3140983  0.000000000  0.000000000
3   2.0 0.3077631 0.2273882 0.5315035 -0.3041153 -0.007843927 -0.017826876
           oe         te
1  0.05497649 -0.3095864
2  0.00000000 -0.3140983
3 -0.05786314 -0.3219422

[[1]]$pro.p$se
  delta         mu       mu_1       mu_0         de       se_1       se_0
1   0.5 0.02284566 0.02533878 0.02446465 0.02503306 0.02338295 0.02025392
2   1.0 0.01138815 0.01035112 0.01567762 0.01477215 0.00000000 0.00000000
3   2.0 0.02326706 0.02503804 0.02544554 0.02718563 0.02129669 0.02040281
          oe         te
1 0.02057653 0.02749560
2 0.00000000 0.01477215
3 0.01982334 0.02692708


[[1]]$pro.np
[[1]]$pro.np$est
  delta        mu      mu_1      mu_0         de         se_1         se_0
1   0.5 0.4414809 0.2504854 0.5781654 -0.3276799  0.004819961  0.049707681
2   1.0 0.3682566 0.2456655 0.5284577 -0.2827922  0.000000000  0.000000000
3   2.0 0.3191647 0.2395638 0.5260952 -0.2865314 -0.006101684 -0.002362506
           oe         te
1  0.07322437 -0.2779722
2  0.00000000 -0.2827922
3 -0.04909182 -0.2888939

[[1]]$pro.np$se
  delta         mu       mu_1       mu_0         de       se_1       se_0
1   0.5 0.01771194 0.02193684 0.03976404 0.05521443 0.01955254 0.03868509
2   1.0 0.01169029 0.01064547 0.01529402 0.01361290 0.00000000 0.00000000
3   2.0 0.02383750 0.02522501 0.02515672 0.02623498 0.02086161 0.02004458
          oe         te
1 0.01520497 0.02348600
2 0.00000000 0.01361290
3 0.01985984 0.02643609


[[1]]$ipw.p
[[1]]$ipw.p$est
  delta        mu      mu_1      mu_0         de         se_1        se_0
1   0.5 0.5225439 0.2636826 0.7158965 -0.4522139  0.029528978  0.15001773
2   1.0 0.3714211 0.2341536 0.5658787 -0.3317251  0.000000000  0.00000000
3   2.0 0.3108137 0.2335423 0.5256020 -0.2920597 -0.000611267 -0.04027669
           oe         te
1  0.15112283 -0.3021961
2  0.00000000 -0.3317251
3 -0.06060739 -0.3323364

[[1]]$ipw.p$se
  delta          mu        mu_1       mu_0         de       se_1       se_0
1   0.5 0.097245060 0.020552197 0.17385550 0.17141930 0.01945083 0.17067336
2   1.0 0.009207913 0.009162686 0.01645297 0.01810682 0.00000000 0.00000000
3   2.0 0.026191905 0.030704373 0.02648588 0.03192057 0.02794553 0.03003834
          oe         te
1 0.09595829 0.02007412
2 0.00000000 0.01810682
3 0.02641266 0.03777524


[[1]]$ipw.np
[[1]]$ipw.np$est
  delta        mu      mu_1      mu_0         de         se_1        se_0
1   0.5 0.5384425 0.2729111 0.7355889 -0.4626778  0.032319501  0.18542031
2   1.0 0.3714211 0.2405916 0.5501686 -0.3095770  0.000000000  0.00000000
3   2.0 0.3121364 0.2388112 0.5108860 -0.2720748 -0.001780428 -0.03928256
          oe         te
1  0.1670214 -0.2772575
2  0.0000000 -0.3095770
3 -0.0592847 -0.3113574

[[1]]$ipw.np$se
  delta          mu        mu_1       mu_0         de       se_1       se_0
1   0.5 0.110759538 0.021463420 0.19880313 0.19657278 0.02038381 0.19590819
2   1.0 0.009207913 0.009394908 0.01611697 0.01788034 0.00000000 0.00000000
3   2.0 0.026533884 0.031713812 0.02599983 0.03238729 0.02892309 0.02935403
          oe         te
1 0.10963060 0.02066908
2 0.00000000 0.01788034
3 0.02671898 0.03839536



[1] "Total run time was 382.972 seconds"
