WARNING: ignoring environment value of R_HOME

Attaching package: ‘dplyr’

The following objects are masked from ‘package:stats’:

    filter, lag

The following objects are masked from ‘package:base’:

    intersect, setdiff, setequal, union

Loading required package: splines
Loading required package: foreach
Loaded gam 1.20.2

Super Learner
Version: 2.0-28
Package created on 2021-05-04

Loading required package: lattice
Loading required package: ggplot2
Loading required package: Matrix
Loaded glmnet 4.1-7
Loading required package: Formula
Loading required package: plotmo
Loading required package: plotrix
Loading required package: TeachingDemos
Loaded gbm 2.1.8.1

Attaching package: ‘xgboost’

The following object is masked from ‘package:dplyr’:

    slice

[1] "[Simulation setting]"
[1] "m: 500"
[1] "deltas: 0.5, 1, 2"
[1] "Sim.id 1"
[1] "Data generated"
[1] "Proposed & IPW estimators"
[1] "   Split: 1"
[1] "   Split: 2"
[1] "Estimates and SE estimates computed"
[1] ""
[[1]]
[[1]]$pro.p
[[1]]$pro.p$est
  delta        mu      mu_1      mu_0         de       se_1        se_0
1   0.5 0.4393308 0.2650841 0.5620266 -0.2969425 0.03409291 0.020602510
2   1.0 0.3606581 0.2309912 0.5414241 -0.3104330 0.00000000 0.000000000
3   2.0 0.3258643 0.2441911 0.5433300 -0.2991389 0.01319989 0.001905851
           oe         te
1  0.07867276 -0.2763400
2  0.00000000 -0.3104330
3 -0.03479379 -0.2972331

[[1]]$pro.p$se
  delta         mu       mu_1       mu_0         de       se_1       se_0
1   0.5 0.01775096 0.01694368 0.02611095 0.03088862 0.01412525 0.02184618
2   1.0 0.01192833 0.01055899 0.01534878 0.01318519 0.00000000 0.00000000
3   2.0 0.02409940 0.02662495 0.02410131 0.02880234 0.02342810 0.01849417
          oe         te
1 0.01444147 0.01944911
2 0.00000000 0.01318519
3 0.02091361 0.02846425


[[1]]$pro.np
[[1]]$pro.np$est
  delta        mu      mu_1      mu_0         de       se_1         se_0
1   0.5 0.4244862 0.2601112 0.5384306 -0.2783194 0.01890882 0.0089425546
2   1.0 0.3636441 0.2412024 0.5294881 -0.2882857 0.00000000 0.0000000000
3   2.0 0.3342152 0.2584938 0.5301605 -0.2716667 0.01729138 0.0006723889
           oe         te
1  0.06084211 -0.2693768
2  0.00000000 -0.2882857
3 -0.02942892 -0.2709943

[[1]]$pro.np$se
  delta         mu       mu_1       mu_0         de       se_1       se_0
1   0.5 0.01593446 0.01439532 0.02230713 0.02486812 0.01141688 0.01856703
2   1.0 0.01218830 0.01085029 0.01503208 0.01206811 0.00000000 0.00000000
3   2.0 0.02586522 0.02920046 0.02397861 0.02989206 0.02546328 0.01755257
          oe         te
1 0.01259765 0.01647721
2 0.00000000 0.01206811
3 0.02203005 0.03009683


[[1]]$ipw.p
[[1]]$ipw.p$est
  delta        mu      mu_1      mu_0         de        se_1         se_0
1   0.5 0.4688944 0.2777399 0.6049926 -0.3272527  0.04654328  0.053607087
2   1.0 0.3638698 0.2311966 0.5513855 -0.3201889  0.00000000  0.000000000
3   2.0 0.2998212 0.2127938 0.5464248 -0.3336310 -0.01840281 -0.004960695
           oe         te
1  0.10502463 -0.2736456
2  0.00000000 -0.3201889
3 -0.06404858 -0.3385917

[[1]]$ipw.p$se
  delta          mu        mu_1       mu_0         de       se_1       se_0
1   0.5 0.045173003 0.023889895 0.06476868 0.05244998 0.02304064 0.05681426
2   1.0 0.009352749 0.009051451 0.01590722 0.01681943 0.00000000 0.00000000
3   2.0 0.020170003 0.020733311 0.02765856 0.02400404 0.01794411 0.03176779
          oe         te
1 0.04197860 0.02188229
2 0.00000000 0.01681943
3 0.02078704 0.02878950


[[1]]$ipw.np
[[1]]$ipw.np$est
  delta        mu      mu_1      mu_0         de        se_1         se_0
1   0.5 0.4621546 0.2831520 0.5890034 -0.3058514  0.04752971  0.046889959
2   1.0 0.3638698 0.2356223 0.5421134 -0.3064912  0.00000000  0.000000000
3   2.0 0.3021552 0.2171716 0.5382408 -0.3210692 -0.01845066 -0.003872639
           oe         te
1  0.09828479 -0.2589615
2  0.00000000 -0.3064912
3 -0.06171454 -0.3249418

[[1]]$ipw.np$se
  delta          mu        mu_1       mu_0         de       se_1       se_0
1   0.5 0.043709574 0.024505438 0.06191577 0.04959131 0.02362374 0.05407869
2   1.0 0.009352749 0.009208378 0.01569987 0.01662355 0.00000000 0.00000000
3   2.0 0.020307998 0.021218050 0.02709557 0.02396361 0.01845819 0.03106027
          oe         te
1 0.04052845 0.02240356
2 0.00000000 0.01662355
3 0.02093786 0.02902700



[1] "Total run time was 356.586 seconds"
