WARNING: ignoring environment value of R_HOME

Attaching package: ‘dplyr’

The following objects are masked from ‘package:stats’:

    filter, lag

The following objects are masked from ‘package:base’:

    intersect, setdiff, setequal, union

Loading required package: splines
Loading required package: foreach
Loaded gam 1.20.2

Super Learner
Version: 2.0-28
Package created on 2021-05-04

Loading required package: lattice
Loading required package: ggplot2
Loading required package: Matrix
Loaded glmnet 4.1-7
Loading required package: Formula
Loading required package: plotmo
Loading required package: plotrix
Loading required package: TeachingDemos
Loaded gbm 2.1.8.1

Attaching package: ‘xgboost’

The following object is masked from ‘package:dplyr’:

    slice

[1] "[Simulation setting]"
[1] "m: 500"
[1] "deltas: 0.5, 1, 2"
[1] "Sim.id 1"
[1] "Data generated"
[1] "Proposed & IPW estimators"
[1] "   Split: 1"
[1] "   Split: 2"
[1] "Estimates and SE estimates computed"
[1] ""
[[1]]
[[1]]$pro.p
[[1]]$pro.p$est
  delta        mu      mu_1      mu_0         de          se_1        se_0
1   0.5 0.4876461 0.2579649 0.6485287 -0.3905638  0.0370470867  0.09799526
2   1.0 0.3566266 0.2209178 0.5505335 -0.3296157  0.0000000000  0.00000000
3   2.0 0.2967964 0.2208686 0.5149515 -0.2940829 -0.0000492288 -0.03558200
           oe         te
1  0.13101945 -0.2925686
2  0.00000000 -0.3296157
3 -0.05983019 -0.3296649

[[1]]$pro.p$se
  delta         mu       mu_1       mu_0         de       se_1       se_0
1   0.5 0.03501489 0.02227251 0.04699302 0.03715533 0.02017184 0.04274818
2   1.0 0.01123458 0.01003482 0.01545492 0.01419021 0.00000000 0.00000000
3   2.0 0.02548460 0.02660904 0.02566746 0.02503902 0.02290958 0.02097143
          oe         te
1 0.03186709 0.02338339
2 0.00000000 0.01419021
3 0.02235560 0.02877465


[[1]]$pro.np
[[1]]$pro.np$est
  delta        mu      mu_1      mu_0         de        se_1        se_0
1   0.5 0.4677468 0.2681918 0.6003109 -0.3321191 0.038107694  0.07112169
2   1.0 0.3572050 0.2300841 0.5291892 -0.2991051 0.000000000  0.00000000
3   2.0 0.3038634 0.2331530 0.4953995 -0.2622465 0.003068945 -0.03378964
           oe         te
1  0.11054173 -0.2609974
2  0.00000000 -0.2991051
3 -0.05334166 -0.2960361

[[1]]$pro.np$se
  delta         mu       mu_1       mu_0         de       se_1       se_0
1   0.5 0.02314292 0.01713075 0.03175660 0.02879550 0.01424426 0.02709979
2   1.0 0.01141003 0.01047460 0.01446538 0.01253677 0.00000000 0.00000000
3   2.0 0.02709385 0.02863190 0.02639792 0.02551467 0.02449731 0.02208786
          oe         te
1 0.01921091 0.01830064
2 0.00000000 0.01253677
3 0.02362794 0.02959035


[[1]]$ipw.p
[[1]]$ipw.p$est
  delta        mu      mu_1      mu_0         de        se_1        se_0
1   0.5 0.5161974 0.2590864 0.6972507 -0.4381643  0.03314119  0.14923286
2   1.0 0.3593388 0.2259452 0.5480178 -0.3220726  0.00000000  0.00000000
3   2.0 0.2769486 0.1976460 0.5009400 -0.3032940 -0.02829920 -0.04707781
          oe         te
1  0.1568586 -0.2889314
2  0.0000000 -0.3220726
3 -0.0823902 -0.3503718

[[1]]$ipw.p$se
  delta          mu        mu_1       mu_0         de       se_1       se_0
1   0.5 0.088116806 0.031043950 0.13119385 0.10680163 0.03084181 0.12508712
2   1.0 0.009229536 0.009246848 0.01640143 0.01797085 0.00000000 0.00000000
3   2.0 0.017275710 0.018092227 0.02316132 0.02141915 0.01536359 0.02675223
          oe         te
1 0.08573814 0.02867789
2 0.00000000 0.01797085
3 0.01782542 0.02714797


[[1]]$ipw.np
[[1]]$ipw.np$est
  delta        mu      mu_1      mu_0         de        se_1        se_0
1   0.5 0.5194996 0.2684234 0.6962303 -0.4278069  0.03677166  0.15940321
2   1.0 0.3593388 0.2316517 0.5368270 -0.3051753  0.00000000  0.00000000
3   2.0 0.2865594 0.2100159 0.4954121 -0.2853961 -0.02163578 -0.04141497
          oe         te
1  0.1601608 -0.2684037
2  0.0000000 -0.3051753
3 -0.0727794 -0.3268111

[[1]]$ipw.np$se
  delta          mu        mu_1       mu_0         de       se_1       se_0
1   0.5 0.090624550 0.032408481 0.13529369 0.10956519 0.03227803 0.12951564
2   1.0 0.009229536 0.009521377 0.01605765 0.01784752 0.00000000 0.00000000
3   2.0 0.018768018 0.019958000 0.02386606 0.02220929 0.01694893 0.02721883
          oe         te
1 0.08839569 0.03005471
2 0.00000000 0.01784752
3 0.01909482 0.02838185



[1] "Total run time was 208.957 seconds"
