WARNING: ignoring environment value of R_HOME

Attaching package: ‘dplyr’

The following objects are masked from ‘package:stats’:

    filter, lag

The following objects are masked from ‘package:base’:

    intersect, setdiff, setequal, union

Loading required package: splines
Loading required package: foreach
Loaded gam 1.20.2

Super Learner
Version: 2.0-28
Package created on 2021-05-04

Loading required package: lattice
Loading required package: ggplot2
Loading required package: Matrix
Loaded glmnet 4.1-7
Loading required package: Formula
Loading required package: plotmo
Loading required package: plotrix
Loading required package: TeachingDemos
Loaded gbm 2.1.8.1

Attaching package: ‘xgboost’

The following object is masked from ‘package:dplyr’:

    slice

[1] "[Simulation setting]"
[1] "m: 500"
[1] "deltas: 0.5, 1, 2"
[1] "Sim.id 1"
[1] "Data generated"
[1] "Proposed & IPW estimators"
[1] "   Split: 1"
[1] "   Split: 2"
[1] "Estimates and SE estimates computed"
[1] ""
[[1]]
[[1]]$pro.p
[[1]]$pro.p$est
  delta        mu      mu_1      mu_0         de        se_1         se_0
1   0.5 0.4151118 0.2321973 0.5443262 -0.3121288  0.01968787 -0.003694981
2   1.0 0.3509183 0.2125095 0.5480212 -0.3355117  0.00000000  0.000000000
3   2.0 0.2558959 0.1741153 0.4938554 -0.3197400 -0.03839412 -0.054165788
           oe         te
1  0.06419353 -0.3158238
2  0.00000000 -0.3355117
3 -0.09502234 -0.3739058

[[1]]$pro.p$se
  delta         mu       mu_1       mu_0         de       se_1       se_0
1   0.5 0.01947333 0.01535098 0.02557302 0.02149082 0.01260966 0.02139069
2   1.0 0.01156641 0.01032873 0.01529497 0.01361627 0.00000000 0.00000000
3   2.0 0.01947463 0.01828033 0.02620533 0.02257119 0.01375368 0.02089277
          oe         te
1 0.01672763 0.01695812
2 0.00000000 0.01361627
3 0.01470877 0.02019148


[[1]]$pro.np
[[1]]$pro.np$est
  delta        mu      mu_1      mu_0         de        se_1          se_0
1   0.5 0.4129341 0.2428765 0.5278885 -0.2850120  0.02229048  0.0007755697
2   1.0 0.3508245 0.2205860 0.5271130 -0.3065269  0.00000000  0.0000000000
3   2.0 0.2641395 0.1839220 0.4855733 -0.3016513 -0.03666401 -0.0415396448
           oe         te
1  0.06210959 -0.2842365
2  0.00000000 -0.3065269
3 -0.08668498 -0.3431910

[[1]]$pro.np$se
  delta         mu       mu_1       mu_0         de       se_1       se_0
1   0.5 0.01645815 0.01483796 0.02029115 0.01778848 0.01144584 0.01590392
2   1.0 0.01174915 0.01045563 0.01488317 0.01236493 0.00000000 0.00000000
3   2.0 0.01921501 0.01912583 0.02447553 0.02335895 0.01468211 0.01912892
          oe         te
1 0.01299272 0.01559632
2 0.00000000 0.01236493
3 0.01443167 0.02033289


[[1]]$ipw.p
[[1]]$ipw.p$est
  delta        mu      mu_1      mu_0         de        se_1         se_0
1   0.5 0.4199984 0.2343896 0.5527020 -0.3183123  0.01580179 -0.001558979
2   1.0 0.3562839 0.2185879 0.5542610 -0.3356731  0.00000000  0.000000000
3   2.0 0.2917690 0.2056160 0.5392063 -0.3335903 -0.01297186 -0.015054674
           oe         te
1  0.06371454 -0.3198713
2  0.00000000 -0.3356731
3 -0.06451492 -0.3486450

[[1]]$ipw.p$se
  delta          mu        mu_1       mu_0         de       se_1       se_0
1   0.5 0.034033260 0.018392430 0.04957631 0.04092394 0.01730108 0.04308825
2   1.0 0.009159443 0.008746245 0.01612283 0.01683736 0.00000000 0.00000000
3   2.0 0.018950707 0.019094073 0.02717076 0.02311589 0.01665537 0.03074614
          oe         te
1 0.03132282 0.01736021
2 0.00000000 0.01683736
3 0.01971864 0.02780242


[[1]]$ipw.np
[[1]]$ipw.np$est
  delta        mu      mu_1      mu_0         de        se_1         se_0
1   0.5 0.4199274 0.2406309 0.5466200 -0.3059891  0.01709278  0.002975495
2   1.0 0.3562839 0.2235381 0.5436445 -0.3201064  0.00000000  0.000000000
3   2.0 0.2923090 0.2091071 0.5284917 -0.3193846 -0.01443103 -0.015152785
           oe         te
1  0.06364352 -0.3030136
2  0.00000000 -0.3201064
3 -0.06397491 -0.3345374

[[1]]$ipw.np$se
  delta          mu        mu_1       mu_0         de       se_1       se_0
1   0.5 0.034124994 0.018946699 0.04923666 0.04024978 0.01791368 0.04292613
2   1.0 0.009159443 0.008935304 0.01588096 0.01669520 0.00000000 0.00000000
3   2.0 0.018912928 0.019419959 0.02692840 0.02298369 0.01689321 0.03026153
          oe         te
1 0.03149933 0.01765229
2 0.00000000 0.01669520
3 0.01960594 0.02782286



[1] "Total run time was 395.449 seconds"
