WARNING: ignoring environment value of R_HOME

Attaching package: ‘dplyr’

The following objects are masked from ‘package:stats’:

    filter, lag

The following objects are masked from ‘package:base’:

    intersect, setdiff, setequal, union

Loading required package: splines
Loading required package: foreach
Loaded gam 1.20.2

Super Learner
Version: 2.0-28
Package created on 2021-05-04

Loading required package: lattice
Loading required package: ggplot2
Loading required package: Matrix
Loaded glmnet 4.1-7
Loading required package: Formula
Loading required package: plotmo
Loading required package: plotrix
Loading required package: TeachingDemos
Loaded gbm 2.1.8.1

Attaching package: ‘xgboost’

The following object is masked from ‘package:dplyr’:

    slice

[1] "[Simulation setting]"
[1] "m: 500"
[1] "deltas: 0.5, 1, 2"
[1] "Sim.id 1"
[1] "Data generated"
[1] "Proposed & IPW estimators"
[1] "   Split: 1"
[1] "   Split: 2"
[1] "Estimates and SE estimates computed"
[1] ""
[[1]]
[[1]]$pro.p
[[1]]$pro.p$est
  delta        mu      mu_1      mu_0         de        se_1         se_0
1   0.5 0.4812292 0.2643851 0.6374148 -0.3730297  0.03015259  0.058716793
2   1.0 0.3749591 0.2342326 0.5786981 -0.3444655  0.00000000  0.000000000
3   2.0 0.3113826 0.2193962 0.5700168 -0.3506206 -0.01483636 -0.008681243
           oe         te
1  0.10627005 -0.3143129
2  0.00000000 -0.3444655
3 -0.06357654 -0.3593019

[[1]]$pro.p$se
  delta         mu       mu_1       mu_0         de       se_1       se_0
1   0.5 0.02056876 0.01761780 0.02684679 0.02556938 0.01517351 0.02170060
2   1.0 0.01139679 0.01026429 0.01582810 0.01460877 0.00000000 0.00000000
3   2.0 0.01924867 0.01916048 0.02444671 0.02248926 0.01503516 0.01864337
          oe         te
1 0.01720905 0.02047312
2 0.00000000 0.01460877
3 0.01490979 0.02172508


[[1]]$pro.np
[[1]]$pro.np$est
  delta        mu      mu_1      mu_0         de         se_1         se_0
1   0.5 0.4531057 0.2609943 0.5852598 -0.3242655  0.017881538  0.035658829
2   1.0 0.3724361 0.2431127 0.5496009 -0.3064882  0.000000000  0.000000000
3   2.0 0.3213413 0.2357914 0.5457350 -0.3099436 -0.007321384 -0.003865981
           oe         te
1  0.08066963 -0.2886067
2  0.00000000 -0.3064882
3 -0.05109473 -0.3138096

[[1]]$pro.np$se
  delta         mu       mu_1       mu_0         de       se_1       se_0
1   0.5 0.01726294 0.01505295 0.02327014 0.02404427 0.01192171 0.01791172
2   1.0 0.01201336 0.01082932 0.01535126 0.01283105 0.00000000 0.00000000
3   2.0 0.02017537 0.02024958 0.02283236 0.01980661 0.01555319 0.01736052
          oe         te
1 0.01354411 0.01738947
2 0.00000000 0.01283105
3 0.01527256 0.02128791


[[1]]$ipw.p
[[1]]$ipw.p$est
  delta        mu      mu_1      mu_0         de        se_1        se_0
1   0.5 0.4843174 0.2680156 0.6429900 -0.3749744  0.03858426  0.07365668
2   1.0 0.3679639 0.2294313 0.5693333 -0.3399020  0.00000000  0.00000000
3   2.0 0.2998204 0.2160205 0.5422297 -0.3262092 -0.01341078 -0.02710355
           oe         te
1  0.11635349 -0.3013177
2  0.00000000 -0.3399020
3 -0.06814352 -0.3533128

[[1]]$ipw.p$se
  delta          mu        mu_1       mu_0         de       se_1       se_0
1   0.5 0.054150058 0.025089677 0.07929777 0.06267035 0.02448536 0.07214199
2   1.0 0.009127693 0.009095095 0.01661678 0.01802997 0.00000000 0.00000000
3   2.0 0.020530315 0.021681144 0.02684802 0.02459140 0.01901867 0.03130188
          oe         te
1 0.05144418 0.02358420
2 0.00000000 0.01802997
3 0.02121672 0.03034979


[[1]]$ipw.np
[[1]]$ipw.np$est
  delta        mu      mu_1      mu_0         de         se_1        se_0
1   0.5 0.4565892 0.2654586 0.5914651 -0.3260065  0.028462145  0.04135366
2   1.0 0.3679639 0.2369965 0.5501115 -0.3131150  0.000000000  0.00000000
3   2.0 0.3114438 0.2288904 0.5352914 -0.3064010 -0.008106102 -0.01482008
           oe         te
1  0.08862534 -0.2846528
2  0.00000000 -0.3131150
3 -0.05652011 -0.3212211

[[1]]$ipw.np$se
  delta          mu        mu_1       mu_0         de       se_1       se_0
1   0.5 0.046116083 0.023095929 0.06580863 0.05222958 0.02256190 0.05866190
2   1.0 0.009127693 0.009443015 0.01608309 0.01773178 0.00000000 0.00000000
3   2.0 0.021502759 0.022577145 0.02709063 0.02387498 0.01962292 0.03112644
          oe         te
1 0.04339242 0.02190802
2 0.00000000 0.01773178
3 0.02193707 0.03067089



[1] "Total run time was 212.432 seconds"
