WARNING: ignoring environment value of R_HOME

Attaching package: ‘dplyr’

The following objects are masked from ‘package:stats’:

    filter, lag

The following objects are masked from ‘package:base’:

    intersect, setdiff, setequal, union

Loading required package: splines
Loading required package: foreach
Loaded gam 1.20.2

Super Learner
Version: 2.0-28
Package created on 2021-05-04

Loading required package: lattice
Loading required package: ggplot2
Loading required package: Matrix
Loaded glmnet 4.1-7
Loading required package: Formula
Loading required package: plotmo
Loading required package: plotrix
Loading required package: TeachingDemos
Loaded gbm 2.1.8.1

Attaching package: ‘xgboost’

The following object is masked from ‘package:dplyr’:

    slice

[1] "[Simulation setting]"
[1] "m: 500"
[1] "deltas: 0.5, 1, 2"
[1] "Sim.id 1"
[1] "Data generated"
[1] "Proposed & IPW estimators"
[1] "   Split: 1"
[1] "   Split: 2"
[1] "Estimates and SE estimates computed"
[1] ""
[[1]]
[[1]]$pro.p
[[1]]$pro.p$est
  delta        mu      mu_1      mu_0         de        se_1        se_0
1   0.5 0.4353835 0.2247938 0.5896403 -0.3648465  0.01271226  0.04822427
2   1.0 0.3458237 0.2120815 0.5414160 -0.3293345  0.00000000  0.00000000
3   2.0 0.2804553 0.2016443 0.5092707 -0.3076264 -0.01043726 -0.03214539
           oe         te
1  0.08955982 -0.3166222
2  0.00000000 -0.3293345
3 -0.06536843 -0.3397718

[[1]]$pro.p$se
  delta         mu        mu_1       mu_0         de       se_1       se_0
1   0.5 0.01720813 0.015702338 0.02303849 0.02381422 0.01275697 0.01888526
2   1.0 0.01103548 0.009634912 0.01478440 0.01289573 0.00000000 0.00000000
3   2.0 0.02078517 0.021372362 0.02467323 0.02485296 0.01896485 0.01964656
          oe         te
1 0.01352283 0.01745589
2 0.00000000 0.01289573
3 0.01813555 0.02344929


[[1]]$pro.np
[[1]]$pro.np$est
  delta        mu      mu_1      mu_0         de         se_1        se_0
1   0.5 0.4273753 0.2356378 0.5594346 -0.3237968  0.009586613  0.04642333
2   1.0 0.3474452 0.2260512 0.5130113 -0.2869600  0.000000000  0.00000000
3   2.0 0.2965565 0.2238480 0.4877980 -0.2639501 -0.002203260 -0.02521322
           oe         te
1  0.07993004 -0.2773734
2  0.00000000 -0.2869600
3 -0.05088877 -0.2891633

[[1]]$pro.np$se
  delta         mu       mu_1       mu_0         de       se_1       se_0
1   0.5 0.01796954 0.01515796 0.02716670 0.03032654 0.01216231 0.02361018
2   1.0 0.01132013 0.01008968 0.01434803 0.01181210 0.00000000 0.00000000
3   2.0 0.02370674 0.02527503 0.02230679 0.02448549 0.02250002 0.01721330
          oe         te
1 0.01459573 0.01667317
2 0.00000000 0.01181210
3 0.02064822 0.02575232


[[1]]$ipw.p
[[1]]$ipw.p$est
  delta        mu      mu_1      mu_0         de        se_1        se_0
1   0.5 0.4197029 0.2268447 0.5641896 -0.3373449  0.02117659  0.03780862
2   1.0 0.3347914 0.2056681 0.5263809 -0.3207128  0.00000000  0.00000000
3   2.0 0.2658023 0.1889599 0.4922437 -0.3032838 -0.01670820 -0.03413719
           oe         te
1  0.08491147 -0.2995362
2  0.00000000 -0.3207128
3 -0.06898912 -0.3374210

[[1]]$ipw.p$se
  delta          mu        mu_1       mu_0         de       se_1       se_0
1   0.5 0.039920946 0.018742513 0.06186206 0.05474663 0.01730296 0.05416465
2   1.0 0.009155696 0.008666448 0.01650103 0.01723001 0.00000000 0.00000000
3   2.0 0.019579394 0.019394890 0.02731511 0.02168364 0.01711741 0.03114870
          oe         te
1 0.03654728 0.01667284
2 0.00000000 0.01723001
3 0.02040970 0.02810392


[[1]]$ipw.np
[[1]]$ipw.np$est
  delta        mu      mu_1      mu_0         de        se_1        se_0
1   0.5 0.4160495 0.2297208 0.5518967 -0.3221758  0.01818107  0.04098657
2   1.0 0.3347914 0.2115398 0.5109101 -0.2993703  0.00000000  0.00000000
3   2.0 0.2696936 0.1947680 0.4795219 -0.2847538 -0.01677173 -0.03138819
           oe         te
1  0.08125812 -0.2811892
2  0.00000000 -0.2993703
3 -0.06509785 -0.3161420

[[1]]$ipw.np$se
  delta          mu        mu_1       mu_0         de       se_1       se_0
1   0.5 0.040788883 0.018646183 0.06330903 0.05661503 0.01731097 0.05615153
2   1.0 0.009155696 0.008907536 0.01603463 0.01691609 0.00000000 0.00000000
3   2.0 0.019912697 0.019936178 0.02646797 0.02089156 0.01755177 0.03009782
          oe         te
1 0.03766346 0.01651296
2 0.00000000 0.01691609
3 0.02060114 0.02812781



[1] "Total run time was 327.711 seconds"
