WARNING: ignoring environment value of R_HOME

Attaching package: ‘dplyr’

The following objects are masked from ‘package:stats’:

    filter, lag

The following objects are masked from ‘package:base’:

    intersect, setdiff, setequal, union

Loading required package: splines
Loading required package: foreach
Loaded gam 1.20.2

Super Learner
Version: 2.0-28
Package created on 2021-05-04

Loading required package: lattice
Loading required package: ggplot2
Loading required package: Matrix
Loaded glmnet 4.1-7
Loading required package: Formula
Loading required package: plotmo
Loading required package: plotrix
Loading required package: TeachingDemos
Loaded gbm 2.1.8.1

Attaching package: ‘xgboost’

The following object is masked from ‘package:dplyr’:

    slice

[1] "[Simulation setting]"
[1] "m: 500"
[1] "deltas: 0.5, 1, 2"
[1] "Sim.id 1"
[1] "Data generated"
[1] "Proposed & IPW estimators"
[1] "   Split: 1"
[1] "   Split: 2"
[1] "Estimates and SE estimates computed"
[1] ""
[[1]]
[[1]]$pro.p
[[1]]$pro.p$est
  delta        mu      mu_1      mu_0         de         se_1         se_0
1   0.5 0.4349463 0.2431864 0.5775595 -0.3343730  0.006040592  0.005614746
2   1.0 0.3713209 0.2371458 0.5719447 -0.3347989  0.000000000  0.000000000
3   2.0 0.3072451 0.2222512 0.5593849 -0.3371337 -0.014894688 -0.012559859
           oe         te
1  0.06362537 -0.3287583
2  0.00000000 -0.3347989
3 -0.06407575 -0.3496936

[[1]]$pro.p$se
  delta         mu       mu_1       mu_0         de       se_1       se_0
1   0.5 0.01645837 0.01599973 0.02164997 0.02133956 0.01427938 0.01694338
2   1.0 0.01179364 0.01029748 0.01658555 0.01497647 0.00000000 0.00000000
3   2.0 0.02009260 0.01967563 0.02501965 0.02217903 0.01516574 0.01980899
          oe         te
1 0.01388317 0.02003117
2 0.00000000 0.01497647
3 0.01634111 0.02344899


[[1]]$pro.np
[[1]]$pro.np$est
  delta        mu      mu_1      mu_0         de         se_1         se_0
1   0.5 0.4341187 0.2552375 0.5609101 -0.3056726  0.008153978  0.013003373
2   1.0 0.3724228 0.2470835 0.5479068 -0.3008232  0.000000000  0.000000000
3   2.0 0.3193042 0.2366163 0.5455334 -0.3089171 -0.010467218 -0.002373335
           oe         te
1  0.06169599 -0.2926692
2  0.00000000 -0.3008232
3 -0.05311857 -0.3112904

[[1]]$pro.np$se
  delta         mu       mu_1       mu_0         de       se_1       se_0
1   0.5 0.01482824 0.01509313 0.01862861 0.01932276 0.01338165 0.01415377
2   1.0 0.01234894 0.01075396 0.01615166 0.01344006 0.00000000 0.00000000
3   2.0 0.02302529 0.02183807 0.02685007 0.02045440 0.01688905 0.02144512
          oe         te
1 0.01178857 0.01826081
2 0.00000000 0.01344006
3 0.01862316 0.02384017


[[1]]$ipw.p
[[1]]$ipw.p$est
  delta        mu      mu_1      mu_0         de         se_1        se_0
1   0.5 0.4394381 0.2344962 0.6027272 -0.3682310  0.003254475  0.02137309
2   1.0 0.3688497 0.2312417 0.5813541 -0.3501124  0.000000000  0.00000000
3   2.0 0.2837795 0.1997494 0.5437630 -0.3440136 -0.031492371 -0.03759115
           oe         te
1  0.07058831 -0.3468579
2  0.00000000 -0.3501124
3 -0.08507021 -0.3816048

[[1]]$ipw.p$se
  delta          mu        mu_1       mu_0         de       se_1       se_0
1   0.5 0.045534896 0.018773207 0.07872637 0.07519404 0.01765102 0.07245069
2   1.0 0.009218399 0.009151029 0.01718386 0.01876832 0.00000000 0.00000000
3   2.0 0.018787051 0.019711482 0.02559005 0.02319671 0.01642115 0.02952809
          oe         te
1 0.04312682 0.01964760
2 0.00000000 0.01876832
3 0.01907040 0.02886358


[[1]]$ipw.np
[[1]]$ipw.np$est
  delta        mu      mu_1      mu_0         de         se_1        se_0
1   0.5 0.4419082 0.2408292 0.5974469 -0.3566177  0.004425951  0.03094331
2   1.0 0.3688497 0.2364032 0.5665036 -0.3301004  0.000000000  0.00000000
3   2.0 0.2831503 0.2012657 0.5262190 -0.3249533 -0.035137509 -0.04028463
           oe         te
1  0.07305845 -0.3256744
2  0.00000000 -0.3301004
3 -0.08569940 -0.3652379

[[1]]$ipw.np$se
  delta          mu        mu_1       mu_0         de       se_1       se_0
1   0.5 0.048374029 0.019454779 0.08283201 0.07953814 0.01835731 0.07707230
2   1.0 0.009218399 0.009327416 0.01682649 0.01852291 0.00000000 0.00000000
3   2.0 0.018515083 0.019320300 0.02501139 0.02214278 0.01596085 0.02874738
          oe         te
1 0.04614147 0.02001467
2 0.00000000 0.01852291
3 0.01876413 0.02825951



[1] "Total run time was 273.82 seconds"
