WARNING: ignoring environment value of R_HOME

Attaching package: ‘dplyr’

The following objects are masked from ‘package:stats’:

    filter, lag

The following objects are masked from ‘package:base’:

    intersect, setdiff, setequal, union

Loading required package: splines
Loading required package: foreach
Loaded gam 1.20.2

Super Learner
Version: 2.0-28
Package created on 2021-05-04

Loading required package: lattice
Loading required package: ggplot2
Loading required package: Matrix
Loaded glmnet 4.1-7
Loading required package: Formula
Loading required package: plotmo
Loading required package: plotrix
Loading required package: TeachingDemos
Loaded gbm 2.1.8.1

Attaching package: ‘xgboost’

The following object is masked from ‘package:dplyr’:

    slice

[1] "[Simulation setting]"
[1] "m: 500"
[1] "deltas: 0.5, 1, 2"
[1] "Sim.id 1"
[1] "Data generated"
[1] "Proposed & IPW estimators"
[1] "   Split: 1"
[1] "   Split: 2"
[1] "Estimates and SE estimates computed"
[1] ""
[[1]]
[[1]]$pro.p
[[1]]$pro.p$est
  delta        mu      mu_1      mu_0         de        se_1        se_0
1   0.5 0.4279555 0.2431084 0.5627934 -0.3196850  0.01036632  0.01053482
2   1.0 0.3633503 0.2327421 0.5522586 -0.3195165  0.00000000  0.00000000
3   2.0 0.2946690 0.2140389 0.5259703 -0.3119314 -0.01870313 -0.02628825
           oe         te
1  0.06460525 -0.3091502
2  0.00000000 -0.3195165
3 -0.06868128 -0.3382196

[[1]]$pro.p$se
  delta         mu       mu_1       mu_0         de       se_1       se_0
1   0.5 0.01740109 0.01758572 0.02530938 0.02982174 0.01491631 0.02022922
2   1.0 0.01139641 0.01029727 0.01611587 0.01457318 0.00000000 0.00000000
3   2.0 0.01827879 0.01750188 0.02403247 0.01931106 0.01308559 0.01939012
          oe         te
1 0.01417142 0.02001161
2 0.00000000 0.01457318
3 0.01452745 0.02095393


[[1]]$pro.np
[[1]]$pro.np$est
  delta        mu      mu_1      mu_0         de         se_1        se_0
1   0.5 0.4182167 0.2441446 0.5375394 -0.2933948  0.001051165  0.02012480
2   1.0 0.3590374 0.2430934 0.5174146 -0.2743212  0.000000000  0.00000000
3   2.0 0.3087238 0.2352441 0.5042415 -0.2689974 -0.007849342 -0.01317311
           oe         te
1  0.05917926 -0.2732700
2  0.00000000 -0.2743212
3 -0.05031356 -0.2821706

[[1]]$pro.np$se
  delta         mu       mu_1       mu_0         de       se_1       se_0
1   0.5 0.01593978 0.01523542 0.02170531 0.02380172 0.01214038 0.01699901
2   1.0 0.01168716 0.01079629 0.01541092 0.01331392 0.00000000 0.00000000
3   2.0 0.01912657 0.01954716 0.02184179 0.01933719 0.01456073 0.01637703
          oe         te
1 0.01248886 0.01739090
2 0.00000000 0.01331392
3 0.01473016 0.02112830


[[1]]$ipw.p
[[1]]$ipw.p$est
  delta        mu      mu_1      mu_0         de         se_1        se_0
1   0.5 0.3988261 0.2430107 0.5109735 -0.2679629  0.004819922 -0.05373765
2   1.0 0.3727213 0.2381907 0.5647112 -0.3265204  0.000000000  0.00000000
3   2.0 0.2971549 0.2113791 0.5409996 -0.3296205 -0.026811641 -0.02371161
           oe         te
1  0.02610482 -0.3217005
2  0.00000000 -0.3265204
3 -0.07556645 -0.3533321

[[1]]$ipw.p$se
  delta          mu        mu_1       mu_0         de       se_1       se_0
1   0.5 0.034714327 0.025330425 0.04644675 0.03484290 0.02456505 0.03968439
2   1.0 0.009158418 0.009419928 0.01620364 0.01780008 0.00000000 0.00000000
3   2.0 0.018301909 0.018089494 0.02555281 0.01978112 0.01479564 0.02936032
          oe         te
1 0.03223066 0.02537863
2 0.00000000 0.01780008
3 0.01861846 0.02701279


[[1]]$ipw.np
[[1]]$ipw.np$est
  delta        mu      mu_1      mu_0         de         se_1        se_0
1   0.5 0.3925942 0.2481273 0.4935370 -0.2454097  0.001591496 -0.05288562
2   1.0 0.3727213 0.2465358 0.5464226 -0.2998868  0.000000000  0.00000000
3   2.0 0.3064607 0.2244492 0.5291915 -0.3047422 -0.022086554 -0.01723114
           oe         te
1  0.01987289 -0.2982953
2  0.00000000 -0.2998868
3 -0.06626059 -0.3219734

[[1]]$ipw.np$se
  delta          mu       mu_1       mu_0         de       se_1       se_0
1   0.5 0.033840906 0.02507940 0.04499964 0.03455527 0.02433725 0.03850338
2   1.0 0.009158418 0.00975384 0.01575497 0.01753372 0.00000000 0.00000000
3   2.0 0.019799273 0.02017723 0.02550242 0.01951494 0.01670381 0.02906997
          oe         te
1 0.03143699 0.02490687
2 0.00000000 0.01753372
3 0.01992175 0.02825456



[1] "Total run time was 321.863 seconds"
