WARNING: ignoring environment value of R_HOME

Attaching package: ‘dplyr’

The following objects are masked from ‘package:stats’:

    filter, lag

The following objects are masked from ‘package:base’:

    intersect, setdiff, setequal, union

Loading required package: splines
Loading required package: foreach
Loaded gam 1.20.2

Super Learner
Version: 2.0-28
Package created on 2021-05-04

Loading required package: lattice
Loading required package: ggplot2
Loading required package: Matrix
Loaded glmnet 4.1-7
Loading required package: Formula
Loading required package: plotmo
Loading required package: plotrix
Loading required package: TeachingDemos
Loaded gbm 2.1.8.1

Attaching package: ‘xgboost’

The following object is masked from ‘package:dplyr’:

    slice

[1] "[Simulation setting]"
[1] "m: 500"
[1] "deltas: 0.5, 1, 2"
[1] "Sim.id 1"
[1] "Data generated"
[1] "Proposed & IPW estimators"
[1] "   Split: 1"
[1] "   Split: 2"
[1] "Estimates and SE estimates computed"
[1] ""
[[1]]
[[1]]$pro.p
[[1]]$pro.p$est
  delta        mu      mu_1      mu_0         de        se_1        se_0
1   0.5 0.4314304 0.2343477 0.5769445 -0.3425969  0.02149955  0.03023446
2   1.0 0.3479583 0.2128481 0.5467101 -0.3338620  0.00000000  0.00000000
3   2.0 0.2627802 0.1778431 0.5122906 -0.3344475 -0.03500504 -0.03441950
           oe         te
1  0.08347205 -0.3123624
2  0.00000000 -0.3338620
3 -0.08517815 -0.3688670

[[1]]$pro.p$se
  delta         mu        mu_1       mu_0         de       se_1       se_0
1   0.5 0.01940137 0.015124677 0.02711878 0.02606230 0.01201152 0.02284093
2   1.0 0.01087732 0.009908686 0.01484914 0.01405475 0.00000000 0.00000000
3   2.0 0.01565968 0.014722494 0.02323428 0.02145022 0.01129208 0.01895364
          oe         te
1 0.01638803 0.01838930
2 0.00000000 0.01405475
3 0.01225774 0.01823345


[[1]]$pro.np
[[1]]$pro.np$est
  delta        mu      mu_1      mu_0         de        se_1        se_0
1   0.5 0.4094055 0.2401676 0.5291069 -0.2889393  0.01704572  0.01875694
2   1.0 0.3434089 0.2231219 0.5103500 -0.2872280  0.00000000  0.00000000
3   2.0 0.2750623 0.1956392 0.4916820 -0.2960427 -0.02748266 -0.01866799
           oe         te
1  0.06599662 -0.2701823
2  0.00000000 -0.2872280
3 -0.06834666 -0.3147107

[[1]]$pro.np$se
  delta         mu       mu_1       mu_0         de       se_1       se_0
1   0.5 0.01715985 0.01399310 0.02369912 0.02207533 0.01072948 0.01929625
2   1.0 0.01098272 0.01012818 0.01422163 0.01276954 0.00000000 0.00000000
3   2.0 0.01621253 0.01567620 0.02115873 0.01928899 0.01181885 0.01626275
          oe         te
1 0.01376613 0.01625944
2 0.00000000 0.01276954
3 0.01225580 0.01766510


[[1]]$ipw.p
[[1]]$ipw.p$est
  delta        mu      mu_1      mu_0         de        se_1        se_0
1   0.5 0.4377972 0.2468476 0.5844941 -0.3376465  0.03069529  0.02124492
2   1.0 0.3551342 0.2161523 0.5632492 -0.3470969  0.00000000  0.00000000
3   2.0 0.2751502 0.1847994 0.5403890 -0.3555896 -0.03135291 -0.02286017
           oe         te
1  0.08266298 -0.3164016
2  0.00000000 -0.3470969
3 -0.07998397 -0.3784498

[[1]]$ipw.p$se
  delta          mu        mu_1       mu_0         de       se_1       se_0
1   0.5 0.034614350 0.018675309 0.05214909 0.04418403 0.01702692 0.04494057
2   1.0 0.009297155 0.009157359 0.01676949 0.01799225 0.00000000 0.00000000
3   2.0 0.016753708 0.015867667 0.02768356 0.02359351 0.01380858 0.03155555
          oe         te
1 0.03170286 0.01878056
2 0.00000000 0.01799225
3 0.01801029 0.02591214


[[1]]$ipw.np
[[1]]$ipw.np$est
  delta        mu      mu_1      mu_0         de        se_1        se_0
1   0.5 0.4243577 0.2487256 0.5531810 -0.3044553  0.02364402  0.01380171
2   1.0 0.3551342 0.2250816 0.5393793 -0.3142976  0.00000000  0.00000000
3   2.0 0.2811416 0.1947629 0.5202456 -0.3254828 -0.03031877 -0.01913363
           oe         te
1  0.06922348 -0.2906536
2  0.00000000 -0.3142976
3 -0.07399257 -0.3446164

[[1]]$ipw.np$se
  delta          mu        mu_1       mu_0         de       se_1       se_0
1   0.5 0.033585167 0.018213179 0.05051436 0.04384918 0.01664200 0.04417020
2   1.0 0.009297155 0.009534744 0.01601128 0.01748942 0.00000000 0.00000000
3   2.0 0.017222104 0.016753037 0.02661528 0.02258543 0.01442273 0.03005471
          oe         te
1 0.03097823 0.01816282
2 0.00000000 0.01748942
3 0.01825071 0.02594290



[1] "Total run time was 382.527 seconds"
