WARNING: ignoring environment value of R_HOME

Attaching package: ‘dplyr’

The following objects are masked from ‘package:stats’:

    filter, lag

The following objects are masked from ‘package:base’:

    intersect, setdiff, setequal, union

Loading required package: splines
Loading required package: foreach
Loaded gam 1.20.2

Super Learner
Version: 2.0-28
Package created on 2021-05-04

Loading required package: lattice
Loading required package: ggplot2
Loading required package: Matrix
Loaded glmnet 4.1-7
Loading required package: Formula
Loading required package: plotmo
Loading required package: plotrix
Loading required package: TeachingDemos
Loaded gbm 2.1.8.1

Attaching package: ‘xgboost’

The following object is masked from ‘package:dplyr’:

    slice

[1] "[Simulation setting]"
[1] "m: 500"
[1] "deltas: 0.5, 1, 2"
[1] "Sim.id 1"
[1] "Data generated"
[1] "Proposed & IPW estimators"
[1] "   Split: 1"
[1] "   Split: 2"
[1] "Estimates and SE estimates computed"
[1] ""
[[1]]
[[1]]$pro.p
[[1]]$pro.p$est
  delta        mu      mu_1      mu_0         de        se_1         se_0
1   0.5 0.4410824 0.2422672 0.5882563 -0.3459891  0.01929779  0.018195697
2   1.0 0.3636098 0.2229694 0.5700606 -0.3470912  0.00000000  0.000000000
3   2.0 0.2845801 0.1890495 0.5646742 -0.3756247 -0.03391985 -0.005386409
           oe         te
1  0.07747259 -0.3277934
2  0.00000000 -0.3470912
3 -0.07902966 -0.3810111

[[1]]$pro.p$se
  delta         mu       mu_1       mu_0         de       se_1       se_0
1   0.5 0.03171377 0.01536852 0.04668698 0.04090303 0.01311363 0.04342630
2   1.0 0.01162049 0.01037122 0.01534090 0.01356224 0.00000000 0.00000000
3   2.0 0.01676970 0.01610052 0.02248929 0.01986229 0.01222812 0.01793033
          oe         te
1 0.02950407 0.01740151
2 0.00000000 0.01356224
3 0.01310415 0.01936700


[[1]]$pro.np
[[1]]$pro.np$est
  delta        mu      mu_1      mu_0         de        se_1        se_0
1   0.5 0.4365716 0.2471217 0.5699396 -0.3228179  0.01536511  0.02934654
2   1.0 0.3612007 0.2317565 0.5405931 -0.3088365  0.00000000  0.00000000
3   2.0 0.2857738 0.1974924 0.5281101 -0.3306176 -0.03426411 -0.01248300
           oe         te
1  0.07537087 -0.2934714
2  0.00000000 -0.3088365
3 -0.07542694 -0.3431006

[[1]]$pro.np$se
  delta         mu       mu_1       mu_0         de       se_1       se_0
1   0.5 0.02911054 0.01417286 0.04416948 0.04087128 0.01171402 0.04102176
2   1.0 0.01172219 0.01060256 0.01462394 0.01212022 0.00000000 0.00000000
3   2.0 0.01696341 0.01689613 0.02137304 0.02002641 0.01286006 0.01690091
          oe         te
1 0.02673538 0.01569559
2 0.00000000 0.01212022
3 0.01300055 0.01877448


[[1]]$ipw.p
[[1]]$ipw.p$est
  delta        mu      mu_1      mu_0         de        se_1         se_0
1   0.5 0.5494031 0.2562695 0.7646523 -0.5083828  0.03713749  0.201996998
2   1.0 0.3578661 0.2191320 0.5626553 -0.3435233  0.00000000  0.000000000
3   2.0 0.2732166 0.1773260 0.5573520 -0.3800261 -0.04180603 -0.005303315
          oe         te
1  0.1915370 -0.3063858
2  0.0000000 -0.3435233
3 -0.0846495 -0.3853294

[[1]]$ipw.p$se
  delta          mu        mu_1       mu_0         de       se_1       se_0
1   0.5 0.106498017 0.024743832 0.16922532 0.15019603 0.02428359 0.16388802
2   1.0 0.009561088 0.009187081 0.01641194 0.01714192 0.00000000 0.00000000
3   2.0 0.017737930 0.017636801 0.02612724 0.02129694 0.01552119 0.03014113
          oe         te
1 0.10449049 0.02224420
2 0.00000000 0.01714192
3 0.01851482 0.02606011


[[1]]$ipw.np
[[1]]$ipw.np$est
  delta        mu      mu_1      mu_0         de        se_1        se_0
1   0.5 0.5431383 0.2607122 0.7450769 -0.4843647  0.03576046  0.19933193
2   1.0 0.3578661 0.2249517 0.5457449 -0.3207932  0.00000000  0.00000000
3   2.0 0.2764463 0.1819980 0.5417882 -0.3597901 -0.04295366 -0.00395677
           oe         te
1  0.18527228 -0.2850328
2  0.00000000 -0.3207932
3 -0.08141978 -0.3637469

[[1]]$ipw.np$se
  delta          mu       mu_1       mu_0         de       se_1       se_0
1   0.5 0.105997803 0.02543093 0.16760130 0.14805781 0.02506977 0.16243042
2   1.0 0.009561088 0.00942376 0.01597721 0.01685931 0.00000000 0.00000000
3   2.0 0.017464608 0.01736228 0.02533655 0.02091387 0.01506483 0.02908876
          oe         te
1 0.10406623 0.02293228
2 0.00000000 0.01685931
3 0.01811558 0.02550829



[1] "Total run time was 345.369 seconds"
