WARNING: ignoring environment value of R_HOME

Attaching package: ‘dplyr’

The following objects are masked from ‘package:stats’:

    filter, lag

The following objects are masked from ‘package:base’:

    intersect, setdiff, setequal, union

Loading required package: splines
Loading required package: foreach
Loaded gam 1.20.2

Super Learner
Version: 2.0-28
Package created on 2021-05-04

Loading required package: lattice
Loading required package: ggplot2
Loading required package: Matrix
Loaded glmnet 4.1-7
Loading required package: Formula
Loading required package: plotmo
Loading required package: plotrix
Loading required package: TeachingDemos
Loaded gbm 2.1.8.1

Attaching package: ‘xgboost’

The following object is masked from ‘package:dplyr’:

    slice

[1] "[Simulation setting]"
[1] "m: 500"
[1] "deltas: 0.5, 1, 2"
[1] "Sim.id 1"
[1] "Data generated"
[1] "Proposed & IPW estimators"
[1] "   Split: 1"
[1] "   Split: 2"
[1] "Estimates and SE estimates computed"
[1] ""
[[1]]
[[1]]$pro.p
[[1]]$pro.p$est
  delta        mu      mu_1      mu_0         de       se_1       se_0
1   0.5 0.4274651 0.2406067 0.5764834 -0.3358766 0.01712422 0.01814322
2   1.0 0.3534874 0.2234825 0.5583402 -0.3348577 0.00000000 0.00000000
3   2.0 0.3249469 0.2399486 0.5824471 -0.3424985 0.01646606 0.02410690
           oe         te
1  0.07397764 -0.3177334
2  0.00000000 -0.3348577
3 -0.02854057 -0.3183916

[[1]]$pro.p$se
  delta         mu       mu_1       mu_0         de       se_1       se_0
1   0.5 0.01532279 0.01800535 0.01961916 0.02433986 0.01519463 0.01612752
2   1.0 0.01252397 0.01151401 0.01596332 0.01356203 0.00000000 0.00000000
3   2.0 0.02823919 0.02906129 0.03021501 0.02899773 0.02366154 0.02431406
          oe         te
1 0.01221843 0.02008027
2 0.00000000 0.01356203
3 0.02313503 0.02945137


[[1]]$pro.np
[[1]]$pro.np$est
  delta        mu      mu_1      mu_0         de        se_1       se_0
1   0.5 0.4162496 0.2447896 0.5483401 -0.3035505 0.009485863 0.02346346
2   1.0 0.3510833 0.2353038 0.5248766 -0.2895729 0.000000000 0.00000000
3   2.0 0.3180517 0.2401433 0.5456612 -0.3055180 0.004839499 0.02078457
           oe         te
1  0.06516635 -0.2800870
2  0.00000000 -0.2895729
3 -0.03303161 -0.2847334

[[1]]$pro.np$se
  delta         mu       mu_1       mu_0         de       se_1       se_0
1   0.5 0.01429587 0.01499992 0.01811511 0.01935423 0.01210307 0.01455871
2   1.0 0.01284816 0.01192150 0.01579506 0.01258685 0.00000000 0.00000000
3   2.0 0.02919652 0.02862031 0.03101492 0.02451202 0.02248783 0.02451378
          oe         te
1 0.01135524 0.01704913
2 0.00000000 0.01258685
3 0.02334801 0.02798125


[[1]]$ipw.p
[[1]]$ipw.p$est
  delta        mu      mu_1      mu_0         de         se_1         se_0
1   0.5 0.4168136 0.2476945 0.5514402 -0.3037458 0.0291774286 -0.004819153
2   1.0 0.3488529 0.2185170 0.5562594 -0.3377424 0.0000000000  0.000000000
3   2.0 0.3025720 0.2187151 0.5685603 -0.3498452 0.0001980498  0.012300896
           oe         te
1  0.06796070 -0.3085649
2  0.00000000 -0.3377424
3 -0.04628098 -0.3375443

[[1]]$ipw.p$se
  delta          mu        mu_1      mu_0         de       se_1       se_0
1   0.5 0.042124195 0.027935079 0.0575743 0.04031713 0.02672016 0.04940659
2   1.0 0.009307201 0.009223593 0.0168521 0.01775765 0.00000000 0.00000000
3   2.0 0.025707849 0.028797179 0.0276203 0.02832905 0.02598834 0.03152696
          oe         te
1 0.03893160 0.02618800
2 0.00000000 0.01775765
3 0.02552063 0.03557628


[[1]]$ipw.np
[[1]]$ipw.np$est
  delta        mu      mu_1      mu_0         de        se_1         se_0
1   0.5 0.4076714 0.2504450 0.5296057 -0.2791607 0.025937875 -0.010096743
2   1.0 0.3488529 0.2245071 0.5397024 -0.3151953 0.000000000  0.000000000
3   2.0 0.3074619 0.2284969 0.5493909 -0.3208940 0.003989781  0.009688453
           oe         te
1  0.05881848 -0.2892575
2  0.00000000 -0.3151953
3 -0.04139109 -0.3112055

[[1]]$ipw.np$se
  delta          mu        mu_1       mu_0         de       se_1       se_0
1   0.5 0.039546835 0.026944695 0.05374863 0.03799332 0.02573701 0.04566578
2   1.0 0.009307201 0.009462908 0.01647813 0.01750214 0.00000000 0.00000000
3   2.0 0.028659303 0.033440712 0.02705599 0.03047955 0.03062632 0.03071666
          oe         te
1 0.03636279 0.02516264
2 0.00000000 0.01750214
3 0.02833975 0.03931244



[1] "Total run time was 250.703 seconds"
