WARNING: ignoring environment value of R_HOME

Attaching package: ‘dplyr’

The following objects are masked from ‘package:stats’:

    filter, lag

The following objects are masked from ‘package:base’:

    intersect, setdiff, setequal, union

Loading required package: splines
Loading required package: foreach
Loaded gam 1.20.2

Super Learner
Version: 2.0-28
Package created on 2021-05-04

Loading required package: lattice
Loading required package: ggplot2
Loading required package: Matrix
Loaded glmnet 4.1-7
Loading required package: Formula
Loading required package: plotmo
Loading required package: plotrix
Loading required package: TeachingDemos
Loaded gbm 2.1.8.1

Attaching package: ‘xgboost’

The following object is masked from ‘package:dplyr’:

    slice

[1] "[Simulation setting]"
[1] "m: 500"
[1] "deltas: 0.5, 1, 2"
[1] "Sim.id 1"
[1] "Data generated"
[1] "Proposed & IPW estimators"
[1] "   Split: 1"
[1] "   Split: 2"
[1] "Estimates and SE estimates computed"
[1] ""
[[1]]
[[1]]$pro.p
[[1]]$pro.p$est
  delta        mu      mu_1      mu_0         de        se_1        se_0
1   0.5 0.4554952 0.2408797 0.6184512 -0.3775715  0.02311614  0.04546153
2   1.0 0.3588700 0.2177635 0.5729896 -0.3552261  0.00000000  0.00000000
3   2.0 0.2765670 0.1874591 0.5501196 -0.3626604 -0.03030441 -0.02287008
           oe         te
1  0.09662517 -0.3321100
2  0.00000000 -0.3552261
3 -0.08230298 -0.3855305

[[1]]$pro.p$se
  delta         mu       mu_1       mu_0         de       se_1       se_0
1   0.5 0.01713041 0.01652980 0.02252345 0.02394326 0.01372529 0.01766413
2   1.0 0.01142268 0.01046203 0.01463110 0.01293584 0.00000000 0.00000000
3   2.0 0.01993896 0.02075392 0.02581785 0.02571055 0.01685967 0.02127502
          oe         te
1 0.01338760 0.01831719
2 0.00000000 0.01293584
3 0.01626655 0.02273732


[[1]]$pro.np
[[1]]$pro.np$est
  delta        mu      mu_1      mu_0         de        se_1        se_0
1   0.5 0.4424699 0.2507061 0.5860665 -0.3353604  0.02263420  0.04043993
2   1.0 0.3560828 0.2280719 0.5456266 -0.3175547  0.00000000  0.00000000
3   2.0 0.2669563 0.1840522 0.5131235 -0.3290713 -0.04401969 -0.03250307
           oe         te
1  0.08638715 -0.2949205
2  0.00000000 -0.3175547
3 -0.08912643 -0.3615744

[[1]]$pro.np$se
  delta         mu       mu_1       mu_0         de       se_1       se_0
1   0.5 0.01603075 0.01529565 0.02060959 0.02102996 0.01228430 0.01586309
2   1.0 0.01167182 0.01084423 0.01463095 0.01231451 0.00000000 0.00000000
3   2.0 0.01960746 0.02104995 0.02392394 0.02643182 0.01655507 0.01846240
          oe         te
1 0.01209951 0.01675602
2 0.00000000 0.01231451
3 0.01498734 0.02229582


[[1]]$ipw.p
[[1]]$ipw.p$est
  delta        mu      mu_1      mu_0         de        se_1         se_0
1   0.5 0.4413268 0.2370403 0.5965143 -0.3594740 0.015574578  0.024855531
2   1.0 0.3605570 0.2214657 0.5716588 -0.3501931 0.000000000  0.000000000
3   2.0 0.3081437 0.2233755 0.5642231 -0.3408476 0.001909745 -0.007435701
           oe         te
1  0.08076983 -0.3346185
2  0.00000000 -0.3501931
3 -0.05241325 -0.3482833

[[1]]$ipw.p$se
  delta          mu        mu_1       mu_0         de       se_1       se_0
1   0.5 0.038705287 0.021216956 0.05827911 0.05079196 0.01982285 0.04901160
2   1.0 0.009351121 0.009233811 0.01688699 0.01806844 0.00000000 0.00000000
3   2.0 0.026372779 0.026215246 0.03300593 0.02261134 0.02389488 0.03730442
          oe         te
1 0.03508286 0.02013261
2 0.00000000 0.01806844
3 0.02693370 0.03401595


[[1]]$ipw.np
[[1]]$ipw.np$est
  delta        mu      mu_1      mu_0         de        se_1         se_0
1   0.5 0.4379368 0.2414595 0.5838366 -0.3423771 0.014801075  0.025732703
2   1.0 0.3605570 0.2266584 0.5581039 -0.3314455 0.000000000  0.000000000
3   2.0 0.3103274 0.2284053 0.5495891 -0.3211837 0.001746924 -0.008514853
           oe         te
1  0.07737979 -0.3166444
2  0.00000000 -0.3314455
3 -0.05022961 -0.3296986

[[1]]$ipw.np$se
  delta          mu        mu_1       mu_0         de       se_1       se_0
1   0.5 0.039467820 0.021873322 0.05910719 0.05172680 0.02049722 0.05023865
2   1.0 0.009351121 0.009441399 0.01658805 0.01784523 0.00000000 0.00000000
3   2.0 0.026700136 0.026918589 0.03230284 0.02229138 0.02456738 0.03642263
          oe         te
1 0.03596380 0.02053174
2 0.00000000 0.01784523
3 0.02722391 0.03439336



[1] "Total run time was 415.725 seconds"
