WARNING: ignoring environment value of R_HOME

Attaching package: ‘dplyr’

The following objects are masked from ‘package:stats’:

    filter, lag

The following objects are masked from ‘package:base’:

    intersect, setdiff, setequal, union

Loading required package: splines
Loading required package: foreach
Loaded gam 1.20.2

Super Learner
Version: 2.0-28
Package created on 2021-05-04

Loading required package: lattice
Loading required package: ggplot2
Loading required package: Matrix
Loaded glmnet 4.1-7
Loading required package: Formula
Loading required package: plotmo
Loading required package: plotrix
Loading required package: TeachingDemos
Loaded gbm 2.1.8.1

Attaching package: ‘xgboost’

The following object is masked from ‘package:dplyr’:

    slice

[1] "[Simulation setting]"
[1] "m: 500"
[1] "deltas: 0.5, 1, 2"
[1] "Sim.id 1"
[1] "Data generated"
[1] "Proposed & IPW estimators"
[1] "   Split: 1"
[1] "   Split: 2"
[1] "Estimates and SE estimates computed"
[1] ""
[[1]]
[[1]]$pro.p
[[1]]$pro.p$est
  delta        mu      mu_1      mu_0         de        se_1        se_0
1   0.5 0.4557156 0.2545849 0.5926311 -0.3380462  0.02359537  0.02324831
2   1.0 0.3731498 0.2309895 0.5693828 -0.3383932  0.00000000  0.00000000
3   2.0 0.2806933 0.2045936 0.5018128 -0.2972192 -0.02639590 -0.06756993
           oe         te
1  0.08256582 -0.3147979
2  0.00000000 -0.3383932
3 -0.09245643 -0.3647891

[[1]]$pro.p$se
  delta         mu       mu_1       mu_0         de       se_1       se_0
1   0.5 0.01542134 0.01820251 0.02208661 0.02930915 0.01545082 0.01843830
2   1.0 0.01134753 0.01022057 0.01504573 0.01387109 0.00000000 0.00000000
3   2.0 0.01584258 0.01545883 0.02316242 0.02340665 0.01192033 0.01811939
          oe         te
1 0.01217486 0.02109084
2 0.00000000 0.01387109
3 0.01223810 0.01907235


[[1]]$pro.np
[[1]]$pro.np$est
  delta        mu      mu_1      mu_0         de        se_1         se_0
1   0.5 0.4349378 0.2552853 0.5518726 -0.2965873  0.01224445  0.008740325
2   1.0 0.3731026 0.2430409 0.5431322 -0.3000914  0.00000000  0.000000000
3   2.0 0.2979874 0.2250911 0.4952385 -0.2701475 -0.01794979 -0.047893692
           oe         te
1  0.06183517 -0.2878469
2  0.00000000 -0.3000914
3 -0.07511518 -0.3180412

[[1]]$pro.np$se
  delta         mu       mu_1       mu_0         de       se_1       se_0
1   0.5 0.01430439 0.01677088 0.01940879 0.02532376 0.01390104 0.01554113
2   1.0 0.01147953 0.01063178 0.01453552 0.01287336 0.00000000 0.00000000
3   2.0 0.01846664 0.01852195 0.02171973 0.02061968 0.01409666 0.01636407
          oe         te
1 0.01093448 0.01927071
2 0.00000000 0.01287336
3 0.01409350 0.02009966


[[1]]$ipw.p
[[1]]$ipw.p$est
  delta        mu      mu_1      mu_0         de         se_1         se_0
1   0.5 0.4452312 0.2608354 0.5761375 -0.3153020  0.025631263 -0.009431769
2   1.0 0.3802147 0.2352042 0.5855692 -0.3503651  0.000000000  0.000000000
3   2.0 0.3123405 0.2303232 0.5425475 -0.3122243 -0.004880965 -0.043021698
           oe         te
1  0.06501650 -0.3247338
2  0.00000000 -0.3503651
3 -0.06787422 -0.3552460

[[1]]$ipw.p$se
  delta          mu        mu_1       mu_0         de       se_1       se_0
1   0.5 0.038282360 0.022097676 0.05576174 0.04771649 0.02103923 0.04833815
2   1.0 0.009170529 0.009409563 0.01666117 0.01858691 0.00000000 0.00000000
3   2.0 0.021220975 0.024025084 0.02514175 0.02668555 0.02142310 0.02975861
          oe         te
1 0.03542507 0.02263210
2 0.00000000 0.01858691
3 0.02221400 0.03287755


[[1]]$ipw.np
[[1]]$ipw.np$est
  delta        mu      mu_1      mu_0         de         se_1        se_0
1   0.5 0.4294560 0.2611156 0.5441200 -0.2830044  0.018979425 -0.02439612
2   1.0 0.3802147 0.2421361 0.5685161 -0.3263800  0.000000000  0.00000000
3   2.0 0.3136615 0.2357236 0.5254393 -0.2897156 -0.006412499 -0.04307689
           oe         te
1  0.04924132 -0.3074006
2  0.00000000 -0.3263800
3 -0.06655319 -0.3327925

[[1]]$ipw.np$se
  delta          mu        mu_1       mu_0         de       se_1       se_0
1   0.5 0.035269869 0.021201571 0.05038828 0.04334469 0.02015598 0.04317812
2   1.0 0.009170529 0.009727923 0.01611683 0.01827147 0.00000000 0.00000000
3   2.0 0.021211254 0.024486954 0.02427223 0.02659476 0.02173479 0.02851213
          oe         te
1 0.03246061 0.02175109
2 0.00000000 0.01827147
3 0.02209253 0.03286009



[1] "Total run time was 330.835 seconds"
