WARNING: ignoring environment value of R_HOME

Attaching package: ‘dplyr’

The following objects are masked from ‘package:stats’:

    filter, lag

The following objects are masked from ‘package:base’:

    intersect, setdiff, setequal, union

Loading required package: splines
Loading required package: foreach
Loaded gam 1.20.2

Super Learner
Version: 2.0-28
Package created on 2021-05-04

Loading required package: lattice
Loading required package: ggplot2
Loading required package: Matrix
Loaded glmnet 4.1-7
Loading required package: Formula
Loading required package: plotmo
Loading required package: plotrix
Loading required package: TeachingDemos
Loaded gbm 2.1.8.1

Attaching package: ‘xgboost’

The following object is masked from ‘package:dplyr’:

    slice

[1] "[Simulation setting]"
[1] "m: 500"
[1] "deltas: 0.5, 1, 2"
[1] "Sim.id 1"
[1] "Data generated"
[1] "Proposed & IPW estimators"
[1] "   Split: 1"
[1] "   Split: 2"
[1] "Estimates and SE estimates computed"
[1] ""
[[1]]
[[1]]$pro.p
[[1]]$pro.p$est
  delta        mu      mu_1      mu_0         de        se_1        se_0
1   0.5 0.4483033 0.2410373 0.6032278 -0.3621905  0.02155813  0.05052268
2   1.0 0.3532419 0.2194792 0.5527052 -0.3332260  0.00000000  0.00000000
3   2.0 0.2565244 0.1779427 0.4938530 -0.3159103 -0.04153650 -0.05885216
           oe         te
1  0.09506137 -0.3116678
2  0.00000000 -0.3332260
3 -0.09671749 -0.3747625

[[1]]$pro.p$se
  delta         mu        mu_1       mu_0         de       se_1       se_0
1   0.5 0.02428617 0.017013416 0.03112580 0.02311494 0.01463733 0.02674230
2   1.0 0.01169600 0.009880026 0.01613526 0.01387115 0.00000000 0.00000000
3   2.0 0.01810475 0.016725152 0.02552254 0.02062333 0.01303984 0.02000437
          oe         te
1 0.02115975 0.01837268
2 0.00000000 0.01387115
3 0.01431536 0.01986842


[[1]]$pro.np
[[1]]$pro.np$est
  delta        mu      mu_1      mu_0         de        se_1        se_0
1   0.5 0.4248276 0.2476514 0.5516945 -0.3040431  0.01718540  0.02582289
2   1.0 0.3515241 0.2304660 0.5258716 -0.2954056  0.00000000  0.00000000
3   2.0 0.2597169 0.1862361 0.4754064 -0.2891703 -0.04422993 -0.05046520
           oe         te
1  0.07330351 -0.2782202
2  0.00000000 -0.2954056
3 -0.09180722 -0.3396355

[[1]]$pro.np$se
  delta         mu       mu_1       mu_0         de       se_1       se_0
1   0.5 0.01765719 0.01446219 0.02234874 0.01893443 0.01081979 0.01621760
2   1.0 0.01188223 0.01015478 0.01570522 0.01265026 0.00000000 0.00000000
3   2.0 0.01845630 0.01764865 0.02383830 0.01877314 0.01370994 0.01809946
          oe         te
1 0.01275702 0.01543168
2 0.00000000 0.01265026
3 0.01439129 0.01946624


[[1]]$ipw.p
[[1]]$ipw.p$est
  delta        mu      mu_1      mu_0         de        se_1        se_0
1   0.5 0.5218432 0.2680683 0.7096190 -0.4415507  0.04367725  0.16596204
2   1.0 0.3540202 0.2243911 0.5436570 -0.3192659  0.00000000  0.00000000
3   2.0 0.2861785 0.2057748 0.5194237 -0.3136488 -0.01861624 -0.02423335
           oe         te
1  0.16782299 -0.2755887
2  0.00000000 -0.3192659
3 -0.06784165 -0.3378822

[[1]]$ipw.p$se
  delta          mu        mu_1       mu_0         de       se_1       se_0
1   0.5 0.113111973 0.036384324 0.17032405 0.13696654 0.03608627 0.16599553
2   1.0 0.009660432 0.009061196 0.01719365 0.01792930 0.00000000 0.00000000
3   2.0 0.018252115 0.018460666 0.02582607 0.02205634 0.01559328 0.02933233
          oe         te
1 0.11140383 0.03413417
2 0.00000000 0.01792930
3 0.01869938 0.02773703


[[1]]$ipw.np
[[1]]$ipw.np$est
  delta        mu      mu_1      mu_0         de        se_1        se_0
1   0.5 0.5043821 0.2675468 0.6744450 -0.4068982  0.03846553  0.14143997
2   1.0 0.3540202 0.2290813 0.5330051 -0.3039238  0.00000000  0.00000000
3   2.0 0.2890752 0.2105961 0.5106110 -0.3000149 -0.01848519 -0.02239407
         oe         te
1  0.150362 -0.2654582
2  0.000000 -0.3039238
3 -0.064945 -0.3224090

[[1]]$ipw.np$se
  delta          mu        mu_1       mu_0         de       se_1       se_0
1   0.5 0.104092176 0.034585829 0.15420826 0.12275139 0.03427998 0.14983260
2   1.0 0.009660432 0.009229779 0.01696681 0.01775908 0.00000000 0.00000000
3   2.0 0.018800247 0.019311646 0.02559034 0.02215852 0.01640459 0.02894331
          oe         te
1 0.10234284 0.03240134
2 0.00000000 0.01775908
3 0.01917519 0.02815116



[1] "Total run time was 349.201 seconds"
