WARNING: ignoring environment value of R_HOME

Attaching package: ‘dplyr’

The following objects are masked from ‘package:stats’:

    filter, lag

The following objects are masked from ‘package:base’:

    intersect, setdiff, setequal, union

Loading required package: splines
Loading required package: foreach
Loaded gam 1.20.2

Super Learner
Version: 2.0-28
Package created on 2021-05-04

Loading required package: lattice
Loading required package: ggplot2
Loading required package: Matrix
Loaded glmnet 4.1-7
Loading required package: Formula
Loading required package: plotmo
Loading required package: plotrix
Loading required package: TeachingDemos
Loaded gbm 2.1.8.1

Attaching package: ‘xgboost’

The following object is masked from ‘package:dplyr’:

    slice

[1] "[Simulation setting]"
[1] "m: 500"
[1] "deltas: 0.5, 1, 2"
[1] "Sim.id 1"
[1] "Data generated"
[1] "Proposed & IPW estimators"
[1] "   Split: 1"
[1] "   Split: 2"
[1] "Estimates and SE estimates computed"
[1] ""
[[1]]
[[1]]$pro.p
[[1]]$pro.p$est
  delta        mu      mu_1      mu_0         de        se_1        se_0
1   0.5 0.4436966 0.2471271 0.5835892 -0.3364621 0.022834447  0.02733102
2   1.0 0.3602023 0.2242926 0.5562581 -0.3319655 0.000000000  0.00000000
3   2.0 0.3095907 0.2268681 0.5427153 -0.3158472 0.002575449 -0.01354288
           oe         te
1  0.08349431 -0.3091311
2  0.00000000 -0.3319655
3 -0.05061154 -0.3293901

[[1]]$pro.p$se
  delta         mu       mu_1       mu_0         de       se_1       se_0
1   0.5 0.01641481 0.01438811 0.02205931 0.02178541 0.01206109 0.01738360
2   1.0 0.01106731 0.01015545 0.01501620 0.01369228 0.00000000 0.00000000
3   2.0 0.02015750 0.01965579 0.02608497 0.02209641 0.01561405 0.02049124
          oe         te
1 0.01329229 0.01735633
2 0.00000000 0.01369228
3 0.01636015 0.02201707


[[1]]$pro.np
[[1]]$pro.np$est
  delta        mu      mu_1      mu_0         de        se_1        se_0
1   0.5 0.4226871 0.2510369 0.5389834 -0.2879465 0.017392084  0.01568556
2   1.0 0.3560956 0.2336448 0.5232978 -0.2896530 0.000000000  0.00000000
3   2.0 0.3148078 0.2435270 0.5143346 -0.2708075 0.009882205 -0.00896323
           oe         te
1  0.06659142 -0.2722609
2  0.00000000 -0.2896530
3 -0.04128782 -0.2797708

[[1]]$pro.np$se
  delta         mu       mu_1       mu_0         de       se_1       se_0
1   0.5 0.01550178 0.01350097 0.02159500 0.02209693 0.01038500 0.01702931
2   1.0 0.01115464 0.01031197 0.01459997 0.01254080 0.00000000 0.00000000
3   2.0 0.02194696 0.02163269 0.02600040 0.02102629 0.01747058 0.02045416
          oe         te
1 0.01212631 0.01522473
2 0.00000000 0.01254080
3 0.01796002 0.02283141


[[1]]$ipw.p
[[1]]$ipw.p$est
  delta        mu      mu_1      mu_0         de        se_1        se_0
1   0.5 0.4225080 0.2460022 0.5564698 -0.3104676  0.02273855 -0.00194936
2   1.0 0.3602087 0.2232636 0.5584192 -0.3351555  0.00000000  0.00000000
3   2.0 0.2875924 0.1991535 0.5390839 -0.3399304 -0.02411014 -0.01933522
           oe         te
1  0.06229928 -0.3124170
2  0.00000000 -0.3351555
3 -0.07261632 -0.3592657

[[1]]$ipw.p$se
  delta          mu        mu_1       mu_0         de       se_1       se_0
1   0.5 0.044062721 0.020576970 0.06707998 0.05434793 0.01968500 0.06219686
2   1.0 0.009042673 0.009179236 0.01526469 0.01636540 0.00000000 0.00000000
3   2.0 0.017496464 0.017551508 0.02619956 0.02328042 0.01475916 0.02968162
          oe         te
1 0.04207094 0.01934698
2 0.00000000 0.01636540
3 0.01815861 0.02613110


[[1]]$ipw.np
[[1]]$ipw.np$est
  delta        mu      mu_1      mu_0         de        se_1        se_0
1   0.5 0.4343195 0.2581926 0.5660928 -0.3079002  0.02774200  0.02232705
2   1.0 0.3602087 0.2304506 0.5437657 -0.3133151  0.00000000  0.00000000
3   2.0 0.3011480 0.2266601 0.5215127 -0.2948525 -0.00379048 -0.02225308
           oe         te
1  0.07411078 -0.2855731
2  0.00000000 -0.3133151
3 -0.05906075 -0.3171056

[[1]]$ipw.np$se
  delta          mu       mu_1       mu_0         de       se_1       se_0
1   0.5 0.045504298 0.02172957 0.06790030 0.05439584 0.02091878 0.06268746
2   1.0 0.009042673 0.00945810 0.01496246 0.01624971 0.00000000 0.00000000
3   2.0 0.021277656 0.02806910 0.02509704 0.03169874 0.02581778 0.02843974
          oe         te
1 0.04344848 0.02003380
2 0.00000000 0.01624971
3 0.02188485 0.03457945



[1] "Total run time was 333.971 seconds"
