WARNING: ignoring environment value of R_HOME

Attaching package: ‘dplyr’

The following objects are masked from ‘package:stats’:

    filter, lag

The following objects are masked from ‘package:base’:

    intersect, setdiff, setequal, union

Loading required package: splines
Loading required package: foreach
Loaded gam 1.20.2

Super Learner
Version: 2.0-28
Package created on 2021-05-04

Loading required package: lattice
Loading required package: ggplot2
Loading required package: Matrix
Loaded glmnet 4.1-7
Loading required package: Formula
Loading required package: plotmo
Loading required package: plotrix
Loading required package: TeachingDemos
Loaded gbm 2.1.8.1

Attaching package: ‘xgboost’

The following object is masked from ‘package:dplyr’:

    slice

[1] "[Simulation setting]"
[1] "m: 500"
[1] "deltas: 0.5, 1, 2"
[1] "Sim.id 1"
[1] "Data generated"
[1] "Proposed & IPW estimators"
[1] "   Split: 1"
[1] "   Split: 2"
[1] "Estimates and SE estimates computed"
[1] ""
[[1]]
[[1]]$pro.p
[[1]]$pro.p$est
  delta        mu      mu_1      mu_0         de        se_1        se_0
1   0.5 0.4646140 0.2536044 0.6196596 -0.3660552  0.02018253  0.05378125
2   1.0 0.3672578 0.2334219 0.5658783 -0.3324564  0.00000000  0.00000000
3   2.0 0.2954943 0.2165517 0.5369996 -0.3204479 -0.01687019 -0.02887873
           oe         te
1  0.09735611 -0.3122739
2  0.00000000 -0.3324564
3 -0.07176358 -0.3493266

[[1]]$pro.p$se
  delta         mu       mu_1       mu_0         de       se_1       se_0
1   0.5 0.01547102 0.01424487 0.01982465 0.01969875 0.01164285 0.01581472
2   1.0 0.01160641 0.01101059 0.01525244 0.01407503 0.00000000 0.00000000
3   2.0 0.02021535 0.02018785 0.02478556 0.02253966 0.01483698 0.01970865
          oe         te
1 0.01252984 0.01690536
2 0.00000000 0.01407503
3 0.01563312 0.02210188


[[1]]$pro.np
[[1]]$pro.np$est
  delta        mu      mu_1      mu_0         de        se_1        se_0
1   0.5 0.4556071 0.2727040 0.5829434 -0.3102393  0.02960372  0.04700192
2   1.0 0.3655301 0.2431003 0.5359415 -0.2928412  0.00000000  0.00000000
3   2.0 0.2959496 0.2269048 0.4966549 -0.2697501 -0.01619552 -0.03928655
           oe         te
1  0.09007704 -0.2632374
2  0.00000000 -0.2928412
3 -0.06958052 -0.3090367

[[1]]$pro.np$se
  delta         mu       mu_1       mu_0         de       se_1       se_0
1   0.5 0.01494870 0.01330801 0.01876965 0.01730899 0.01078223 0.01481573
2   1.0 0.01177649 0.01120346 0.01455479 0.01276833 0.00000000 0.00000000
3   2.0 0.02088959 0.02188580 0.02256825 0.02217106 0.01609931 0.01728191
          oe         te
1 0.01194146 0.01522755
2 0.00000000 0.01276833
3 0.01588916 0.02267810


[[1]]$ipw.p
[[1]]$ipw.p$est
  delta        mu      mu_1      mu_0         de         se_1        se_0
1   0.5 0.4049811 0.2379495 0.5266637 -0.2887142 -0.005839064 -0.05514677
2   1.0 0.3812602 0.2437886 0.5818105 -0.3380219  0.000000000  0.00000000
3   2.0 0.3094899 0.2255146 0.5538698 -0.3283552 -0.018274020 -0.02794071
           oe         te
1  0.02372083 -0.3438610
2  0.00000000 -0.3380219
3 -0.07177039 -0.3562960

[[1]]$ipw.p$se
  delta          mu        mu_1       mu_0         de       se_1       se_0
1   0.5 0.034027638 0.017277016 0.05076204 0.04389252 0.01628078 0.04283815
2   1.0 0.009259875 0.009946638 0.01641272 0.01860636 0.00000000 0.00000000
3   2.0 0.020508278 0.021921008 0.02695515 0.02535440 0.01829438 0.03128127
          oe         te
1 0.03083604 0.01671452
2 0.00000000 0.01860636
3 0.02103565 0.03090045


[[1]]$ipw.np
[[1]]$ipw.np$est
  delta        mu      mu_1      mu_0         de         se_1        se_0
1   0.5 0.3992805 0.2438062 0.5083134 -0.2645073 -0.007238529 -0.05452597
2   1.0 0.3812602 0.2510447 0.5628394 -0.3117947  0.000000000  0.00000000
3   2.0 0.3198039 0.2396896 0.5399075 -0.3002179 -0.011355132 -0.02293189
           oe         te
1  0.01802026 -0.3190332
2  0.00000000 -0.3117947
3 -0.06145633 -0.3231498

[[1]]$ipw.np$se
  delta          mu       mu_1       mu_0         de       se_1       se_0
1   0.5 0.033357775 0.01733151 0.04931715 0.04254469 0.01644901 0.04173522
2   1.0 0.009259875 0.01029892 0.01597970 0.01844685 0.00000000 0.00000000
3   2.0 0.022399175 0.02437360 0.02702399 0.02545985 0.02045757 0.03117562
          oe         te
1 0.03027786 0.01661369
2 0.00000000 0.01844685
3 0.02272993 0.03259579



[1] "Total run time was 354.57 seconds"
