WARNING: ignoring environment value of R_HOME

Attaching package: ‘dplyr’

The following objects are masked from ‘package:stats’:

    filter, lag

The following objects are masked from ‘package:base’:

    intersect, setdiff, setequal, union

Loading required package: splines
Loading required package: foreach
Loaded gam 1.20.2

Super Learner
Version: 2.0-28
Package created on 2021-05-04

Loading required package: lattice
Loading required package: ggplot2
Loading required package: Matrix
Loaded glmnet 4.1-7
Loading required package: Formula
Loading required package: plotmo
Loading required package: plotrix
Loading required package: TeachingDemos
Loaded gbm 2.1.8.1

Attaching package: ‘xgboost’

The following object is masked from ‘package:dplyr’:

    slice

[1] "[Simulation setting]"
[1] "m: 500"
[1] "deltas: 0.5, 1, 2"
[1] "Sim.id 1"
[1] "Data generated"
[1] "Proposed & IPW estimators"
[1] "   Split: 1"
[1] "   Split: 2"
[1] "Estimates and SE estimates computed"
[1] ""
[[1]]
[[1]]$pro.p
[[1]]$pro.p$est
  delta        mu      mu_1      mu_0         de        se_1        se_0
1   0.5 0.4466404 0.2454851 0.5913240 -0.3458388  0.01934108 0.025535597
2   1.0 0.3649968 0.2261441 0.5657884 -0.3396443  0.00000000 0.000000000
3   2.0 0.3021297 0.2071229 0.5751403 -0.3680174 -0.01902120 0.009351888
           oe         te
1  0.08164361 -0.3203033
2  0.00000000 -0.3396443
3 -0.06286708 -0.3586655

[[1]]$pro.p$se
  delta         mu       mu_1       mu_0         de       se_1       se_0
1   0.5 0.01794698 0.01497077 0.02353848 0.02225421 0.01140058 0.01888541
2   1.0 0.01188573 0.01051669 0.01598049 0.01426543 0.00000000 0.00000000
3   2.0 0.02001869 0.01914660 0.02742206 0.02417579 0.01500011 0.02222903
          oe         te
1 0.01418466 0.01732972
2 0.00000000 0.01426543
3 0.01592988 0.02182493


[[1]]$pro.np
[[1]]$pro.np$est
  delta        mu      mu_1      mu_0         de        se_1        se_0
1   0.5 0.4455290 0.2590857 0.5708628 -0.3117770  0.01901103 0.025652210
2   1.0 0.3698430 0.2400747 0.5452105 -0.3051358  0.00000000 0.000000000
3   2.0 0.3162502 0.2287682 0.5532192 -0.3244510 -0.01130654 0.008008638
           oe         te
1  0.07568599 -0.2861248
2  0.00000000 -0.3051358
3 -0.05359287 -0.3164424

[[1]]$pro.np$se
  delta         mu       mu_1       mu_0         de       se_1       se_0
1   0.5 0.01548487 0.01415814 0.01896887 0.01819423 0.01051183 0.01488301
2   1.0 0.01221718 0.01104965 0.01509763 0.01234124 0.00000000 0.00000000
3   2.0 0.02155867 0.02048131 0.02608530 0.02043437 0.01533519 0.02014621
          oe         te
1 0.01157666 0.01551840
2 0.00000000 0.01234124
3 0.01638966 0.02096801


[[1]]$ipw.p
[[1]]$ipw.p$est
  delta        mu      mu_1      mu_0         de        se_1        se_0
1   0.5 0.4425081 0.2481519 0.5848613 -0.3367094 0.025301106 0.008553547
2   1.0 0.3659206 0.2228508 0.5763077 -0.3534569 0.000000000 0.000000000
3   2.0 0.3217673 0.2316371 0.5890589 -0.3574219 0.008786286 0.012751217
           oe         te
1  0.07658753 -0.3281558
2  0.00000000 -0.3534569
3 -0.04415330 -0.3446707

[[1]]$ipw.p$se
  delta          mu        mu_1       mu_0         de       se_1       se_0
1   0.5 0.042727598 0.021019422 0.06201537 0.05043224 0.01974840 0.05440239
2   1.0 0.009269872 0.009115023 0.01653024 0.01798906 0.00000000 0.00000000
3   2.0 0.028888578 0.030366174 0.03388601 0.02574217 0.02808621 0.03792748
          oe         te
1 0.03964866 0.02045285
2 0.00000000 0.01798906
3 0.02940937 0.03735856


[[1]]$ipw.np
[[1]]$ipw.np$est
  delta        mu      mu_1      mu_0         de       se_1       se_0
1   0.5 0.4390324 0.2539306 0.5701057 -0.3161750 0.02516836 0.01098528
2   1.0 0.3659206 0.2287623 0.5591204 -0.3303581 0.00000000 0.00000000
3   2.0 0.3245568 0.2380799 0.5679528 -0.3298729 0.00931765 0.00883245
           oe         te
1  0.07311186 -0.3051897
2  0.00000000 -0.3303581
3 -0.04136379 -0.3210405

[[1]]$ipw.np$se
  delta          mu        mu_1       mu_0         de       se_1       se_0
1   0.5 0.039970057 0.021094533 0.05648807 0.04525003 0.01989549 0.04890817
2   1.0 0.009269872 0.009368724 0.01610105 0.01772429 0.00000000 0.00000000
3   2.0 0.028887243 0.030782711 0.03205320 0.02407571 0.02832304 0.03599946
          oe         te
1 0.03690812 0.02038539
2 0.00000000 0.01772429
3 0.02930525 0.03745504



[1] "Total run time was 347.12 seconds"
