WARNING: ignoring environment value of R_HOME

Attaching package: ‘dplyr’

The following objects are masked from ‘package:stats’:

    filter, lag

The following objects are masked from ‘package:base’:

    intersect, setdiff, setequal, union

Loading required package: splines
Loading required package: foreach
Loaded gam 1.20.2

Super Learner
Version: 2.0-28
Package created on 2021-05-04

Loading required package: lattice
Loading required package: ggplot2
Loading required package: Matrix
Loaded glmnet 4.1-7
Loading required package: Formula
Loading required package: plotmo
Loading required package: plotrix
Loading required package: TeachingDemos
Loaded gbm 2.1.8.1

Attaching package: ‘xgboost’

The following object is masked from ‘package:dplyr’:

    slice

[1] "[Simulation setting]"
[1] "m: 500"
[1] "deltas: 0.5, 1, 2"
[1] "Sim.id 1"
[1] "Data generated"
[1] "Proposed & IPW estimators"
[1] "   Split: 1"
[1] "   Split: 2"
[1] "Estimates and SE estimates computed"
[1] ""
[[1]]
[[1]]$pro.p
[[1]]$pro.p$est
  delta        mu      mu_1      mu_0         de        se_1        se_0
1   0.5 0.3975384 0.2372731 0.5196134 -0.2823403  0.01299208 -0.02294457
2   1.0 0.3510714 0.2242810 0.5425580 -0.3182770  0.00000000  0.00000000
3   2.0 0.2704503 0.1886385 0.5173370 -0.3286984 -0.03564246 -0.02522100
           oe         te
1  0.04646705 -0.3052849
2  0.00000000 -0.3182770
3 -0.08062108 -0.3539194

[[1]]$pro.p$se
  delta         mu       mu_1       mu_0         de       se_1       se_0
1   0.5 0.02872972 0.01869861 0.04633496 0.04709009 0.01618450 0.04260117
2   1.0 0.01130827 0.01042537 0.01512147 0.01383203 0.00000000 0.00000000
3   2.0 0.01647855 0.01582058 0.02450733 0.02302779 0.01181534 0.01871073
          oe         te
1 0.02663831 0.02127607
2 0.00000000 0.01383203
3 0.01207464 0.01857869


[[1]]$pro.np
[[1]]$pro.np$est
  delta        mu      mu_1      mu_0         de         se_1         se_0
1   0.5 0.4002163 0.2380776 0.5143303 -0.2762526  0.004215053 -0.009287551
2   1.0 0.3524698 0.2338626 0.5236178 -0.2897552  0.000000000  0.000000000
3   2.0 0.2803057 0.2037225 0.5033643 -0.2996418 -0.030140076 -0.020253530
           oe         te
1  0.04774646 -0.2855402
2  0.00000000 -0.2897552
3 -0.07216410 -0.3198953

[[1]]$pro.np$se
  delta         mu       mu_1       mu_0         de       se_1       se_0
1   0.5 0.02274822 0.02223629 0.03656907 0.04191712 0.01987214 0.03323297
2   1.0 0.01159060 0.01069023 0.01440889 0.01204470 0.00000000 0.00000000
3   2.0 0.01805292 0.01702557 0.02517178 0.02198344 0.01266888 0.01953427
          oe         te
1 0.02034648 0.02380236
2 0.00000000 0.01204470
3 0.01313696 0.01779232


[[1]]$ipw.p
[[1]]$ipw.p$est
  delta        mu      mu_1      mu_0         de        se_1        se_0
1   0.5 0.4771758 0.2669067 0.6376695 -0.3707627  0.03906113  0.08260625
2   1.0 0.3581047 0.2278456 0.5550632 -0.3272176  0.00000000  0.00000000
3   2.0 0.2754087 0.1913694 0.5283964 -0.3370270 -0.03647617 -0.02666677
           oe         te
1  0.11907106 -0.2881565
2  0.00000000 -0.3272176
3 -0.08269605 -0.3636938

[[1]]$ipw.p$se
  delta          mu        mu_1       mu_0         de       se_1       se_0
1   0.5 0.053127718 0.027270199 0.08133774 0.07049415 0.02629362 0.07614373
2   1.0 0.009071036 0.009136272 0.01652441 0.01792426 0.00000000 0.00000000
3   2.0 0.015531211 0.016590656 0.02446104 0.02494728 0.01407904 0.02873101
          oe         te
1 0.05113240 0.02654465
2 0.00000000 0.01792426
3 0.01660498 0.02628586


[[1]]$ipw.np
[[1]]$ipw.np$est
  delta        mu      mu_1      mu_0         de        se_1        se_0
1   0.5 0.4844455 0.2755668 0.6405958 -0.3650290  0.04265304  0.09885588
2   1.0 0.3581047 0.2329138 0.5417399 -0.3088261  0.00000000  0.00000000
3   2.0 0.2782015 0.1963552 0.5151283 -0.3187731 -0.03655860 -0.02661158
           oe         te
1  0.12634083 -0.2661731
2  0.00000000 -0.3088261
3 -0.07990321 -0.3453847

[[1]]$ipw.np$se
  delta          mu        mu_1       mu_0         de       se_1       se_0
1   0.5 0.058129161 0.030886528 0.08640177 0.07212292 0.03007248 0.08163844
2   1.0 0.009071036 0.009341825 0.01621523 0.01775215 0.00000000 0.00000000
3   2.0 0.015987732 0.017273171 0.02397746 0.02450197 0.01464995 0.02805059
          oe         te
1 0.05636539 0.03004248
2 0.00000000 0.01775215
3 0.01690732 0.02648112



[1] "Total run time was 390.596 seconds"
