WARNING: ignoring environment value of R_HOME

Attaching package: ‘dplyr’

The following objects are masked from ‘package:stats’:

    filter, lag

The following objects are masked from ‘package:base’:

    intersect, setdiff, setequal, union

Loading required package: splines
Loading required package: foreach
Loaded gam 1.20.2

Super Learner
Version: 2.0-28
Package created on 2021-05-04

Loading required package: lattice
Loading required package: ggplot2
Loading required package: Matrix
Loaded glmnet 4.1-7
Loading required package: Formula
Loading required package: plotmo
Loading required package: plotrix
Loading required package: TeachingDemos
Loaded gbm 2.1.8.1

Attaching package: ‘xgboost’

The following object is masked from ‘package:dplyr’:

    slice

[1] "[Simulation setting]"
[1] "m: 500"
[1] "deltas: 0.5, 1, 2"
[1] "Sim.id 1"
[1] "Data generated"
[1] "Proposed & IPW estimators"
[1] "   Split: 1"
[1] "   Split: 2"
[1] "Estimates and SE estimates computed"
[1] ""
[[1]]
[[1]]$pro.p
[[1]]$pro.p$est
  delta        mu      mu_1      mu_0         de        se_1        se_0
1   0.5 0.4699953 0.2698928 0.6196759 -0.3497830  0.03686634  0.04245354
2   1.0 0.3730481 0.2330265 0.5772223 -0.3441958  0.00000000  0.00000000
3   2.0 0.2697264 0.1910482 0.4989006 -0.3078525 -0.04197831 -0.07832167
           oe         te
1  0.09694719 -0.3073295
2  0.00000000 -0.3441958
3 -0.10332174 -0.3861742

[[1]]$pro.p$se
  delta         mu        mu_1       mu_0         de       se_1       se_0
1   0.5 0.01693600 0.015245378 0.02106651 0.01995203 0.01235301 0.01713144
2   1.0 0.01126807 0.009992011 0.01525400 0.01389592 0.00000000 0.00000000
3   2.0 0.01890979 0.018693076 0.02343902 0.02141196 0.01517335 0.01825125
          oe         te
1 0.01376050 0.01806670
2 0.00000000 0.01389592
3 0.01543879 0.02150430


[[1]]$pro.np
[[1]]$pro.np$est
  delta        mu      mu_1      mu_0         de        se_1        se_0
1   0.5 0.4484045 0.2747789 0.5719215 -0.2971425  0.02958895  0.02918883
2   1.0 0.3706278 0.2451900 0.5427326 -0.2975426  0.00000000  0.00000000
3   2.0 0.2802207 0.2047962 0.4837373 -0.2789411 -0.04039383 -0.05899535
           oe         te
1  0.07777670 -0.2679537
2  0.00000000 -0.2975426
3 -0.09040706 -0.3379365

[[1]]$pro.np$se
  delta         mu       mu_1       mu_0         de       se_1       se_0
1   0.5 0.01540595 0.01393959 0.01897645 0.01759606 0.01075009 0.01493985
2   1.0 0.01140054 0.01022578 0.01444502 0.01204721 0.00000000 0.00000000
3   2.0 0.01999373 0.01992146 0.02286715 0.02056247 0.01608452 0.01799879
          oe         te
1 0.01207711 0.01544612
2 0.00000000 0.01204721
3 0.01612382 0.02124664


[[1]]$ipw.p
[[1]]$ipw.p$est
  delta        mu      mu_1      mu_0         de        se_1         se_0
1   0.5 0.4402955 0.2583229 0.5788640 -0.3205411  0.03003015  0.003441181
2   1.0 0.3668743 0.2282927 0.5754228 -0.3471301  0.00000000  0.000000000
3   2.0 0.2814231 0.1990989 0.5263063 -0.3272073 -0.02919381 -0.049116576
           oe         te
1  0.07342119 -0.3170999
2  0.00000000 -0.3471301
3 -0.08545121 -0.3763239

[[1]]$ipw.p$se
  delta          mu        mu_1       mu_0         de       se_1       se_0
1   0.5 0.036539067 0.019455351 0.05401724 0.04414936 0.01796315 0.04553712
2   1.0 0.009118616 0.008945999 0.01695175 0.01817180 0.00000000 0.00000000
3   2.0 0.017328647 0.017610568 0.02442078 0.02121526 0.01498159 0.02958690
          oe         te
1 0.03299006 0.01765225
2 0.00000000 0.01817180
3 0.01846499 0.02761904


[[1]]$ipw.np
[[1]]$ipw.np$est
  delta        mu      mu_1      mu_0         de        se_1         se_0
1   0.5 0.4340390 0.2617812 0.5622132 -0.3004321  0.02646123  0.004596037
2   1.0 0.3668743 0.2353199 0.5576172 -0.3222973  0.00000000  0.000000000
3   2.0 0.2881065 0.2083728 0.5154744 -0.3071015 -0.02694709 -0.042142817
           oe         te
1  0.06716474 -0.2958360
2  0.00000000 -0.3222973
3 -0.07876782 -0.3492444

[[1]]$ipw.np$se
  delta          mu        mu_1       mu_0         de       se_1       se_0
1   0.5 0.036397389 0.019465472 0.05386350 0.04478082 0.01806496 0.04592612
2   1.0 0.009118616 0.009221126 0.01638998 0.01778536 0.00000000 0.00000000
3   2.0 0.017950505 0.018459107 0.02425017 0.02084884 0.01566846 0.02908372
          oe         te
1 0.03306045 0.01745867
2 0.00000000 0.01778536
3 0.01888480 0.02780533



[1] "Total run time was 329.328 seconds"
