WARNING: ignoring environment value of R_HOME

Attaching package: ‘dplyr’

The following objects are masked from ‘package:stats’:

    filter, lag

The following objects are masked from ‘package:base’:

    intersect, setdiff, setequal, union

Loading required package: splines
Loading required package: foreach
Loaded gam 1.20.2

Super Learner
Version: 2.0-28
Package created on 2021-05-04

Loading required package: lattice
Loading required package: ggplot2
Loading required package: Matrix
Loaded glmnet 4.1-7
Loading required package: Formula
Loading required package: plotmo
Loading required package: plotrix
Loading required package: TeachingDemos
Loaded gbm 2.1.8.1

Attaching package: ‘xgboost’

The following object is masked from ‘package:dplyr’:

    slice

[1] "[Simulation setting]"
[1] "m: 500"
[1] "deltas: 0.5, 1, 2"
[1] "Sim.id 1"
[1] "Data generated"
[1] "Proposed & IPW estimators"
[1] "   Split: 1"
[1] "   Split: 2"
[1] "Estimates and SE estimates computed"
[1] ""
[[1]]
[[1]]$pro.p
[[1]]$pro.p$est
  delta        mu      mu_1      mu_0         de        se_1        se_0
1   0.5 0.4577080 0.2508190 0.6134598 -0.3626408  0.02662285  0.05693412
2   1.0 0.3586657 0.2241962 0.5565257 -0.3323295  0.00000000  0.00000000
3   2.0 0.2699817 0.1896220 0.5066783 -0.3170562 -0.03457412 -0.04984742
           oe         te
1  0.09904235 -0.3057067
2  0.00000000 -0.3323295
3 -0.08868398 -0.3669036

[[1]]$pro.p$se
  delta         mu       mu_1       mu_0         de       se_1       se_0
1   0.5 0.01674996 0.01764930 0.02195666 0.02556242 0.01462432 0.01774226
2   1.0 0.01143606 0.01023782 0.01488656 0.01349747 0.00000000 0.00000000
3   2.0 0.01689941 0.01625844 0.02313102 0.02083796 0.01225213 0.01770322
          oe         te
1 0.01294462 0.01982869
2 0.00000000 0.01349747
3 0.01289704 0.01911753


[[1]]$pro.np
[[1]]$pro.np$est
  delta        mu      mu_1      mu_0         de        se_1        se_0
1   0.5 0.4309536 0.2579260 0.5563184 -0.2983924  0.02059793  0.03151816
2   1.0 0.3561645 0.2373281 0.5248003 -0.2874722  0.00000000  0.00000000
3   2.0 0.2842721 0.2099793 0.4947970 -0.2848178 -0.02734884 -0.03000324
           oe         te
1  0.07478903 -0.2668743
2  0.00000000 -0.2874722
3 -0.07189244 -0.3148210

[[1]]$pro.np$se
  delta         mu       mu_1       mu_0         de       se_1       se_0
1   0.5 0.01486589 0.01569218 0.02024050 0.02454564 0.01203295 0.01601438
2   1.0 0.01163623 0.01069963 0.01450981 0.01258121 0.00000000 0.00000000
3   2.0 0.01768321 0.01720865 0.02228044 0.02054486 0.01290808 0.01691044
          oe         te
1 0.01078212 0.01732391
2 0.00000000 0.01258121
3 0.01331668 0.01909026


[[1]]$ipw.p
[[1]]$ipw.p$est
  delta        mu      mu_1      mu_0         de        se_1        se_0
1   0.5 0.4602817 0.2589412 0.6132492 -0.3543079  0.03415741  0.05588740
2   1.0 0.3584678 0.2247838 0.5573618 -0.3325779  0.00000000  0.00000000
3   2.0 0.2775272 0.1989063 0.5077664 -0.3088601 -0.02587749 -0.04959533
           oe         te
1  0.10181388 -0.2984205
2  0.00000000 -0.3325779
3 -0.08094063 -0.3584554

[[1]]$ipw.p$se
  delta         mu        mu_1       mu_0         de       se_1       se_0
1   0.5 0.04268379 0.020751062 0.06446245 0.05512619 0.01947652 0.05651522
2   1.0 0.00934690 0.009232426 0.01685685 0.01811506 0.00000000 0.00000000
3   2.0 0.01680194 0.018098994 0.02407704 0.02403458 0.01546303 0.02805847
          oe         te
1 0.03950956 0.01922903
2 0.00000000 0.01811506
3 0.01766192 0.02773234


[[1]]$ipw.np
[[1]]$ipw.np$est
  delta        mu      mu_1      mu_0         de        se_1        se_0
1   0.5 0.4510548 0.2648273 0.5850934 -0.3202661  0.03285755  0.04749414
2   1.0 0.3584678 0.2319698 0.5375993 -0.3056295  0.00000000  0.00000000
3   2.0 0.2795936 0.2040400 0.4886124 -0.2845723 -0.02792972 -0.04898694
           oe         te
1  0.09258692 -0.2727720
2  0.00000000 -0.3056295
3 -0.07887427 -0.3335593

[[1]]$ipw.np$se
  delta         mu        mu_1       mu_0         de       se_1       se_0
1   0.5 0.04072675 0.021122507 0.05907863 0.04912639 0.01991302 0.05123404
2   1.0 0.00934690 0.009524515 0.01630993 0.01777130 0.00000000 0.00000000
3   2.0 0.01676112 0.018016994 0.02317721 0.02280349 0.01513117 0.02682199
          oe        te
1 0.03756519 0.0194384
2 0.00000000 0.0177713
3 0.01742994 0.0272029



[1] "Total run time was 343.294 seconds"
