WARNING: ignoring environment value of R_HOME

Attaching package: ‘dplyr’

The following objects are masked from ‘package:stats’:

    filter, lag

The following objects are masked from ‘package:base’:

    intersect, setdiff, setequal, union

Loading required package: splines
Loading required package: foreach
Loaded gam 1.20.2

Super Learner
Version: 2.0-28
Package created on 2021-05-04

Loading required package: lattice
Loading required package: ggplot2
Loading required package: Matrix
Loaded glmnet 4.1-7
Loading required package: Formula
Loading required package: plotmo
Loading required package: plotrix
Loading required package: TeachingDemos
Loaded gbm 2.1.8.1

Attaching package: ‘xgboost’

The following object is masked from ‘package:dplyr’:

    slice

[1] "[Simulation setting]"
[1] "m: 500"
[1] "deltas: 0.5, 1, 2"
[1] "Sim.id 1"
[1] "Data generated"
[1] "Proposed & IPW estimators"
[1] "   Split: 1"
[1] "   Split: 2"
[1] "Estimates and SE estimates computed"
[1] ""
[[1]]
[[1]]$pro.p
[[1]]$pro.p$est
  delta        mu      mu_1      mu_0         de        se_1        se_0
1   0.5 0.4679243 0.2471360 0.6227822 -0.3756462  0.02239401  0.06456227
2   1.0 0.3627084 0.2247419 0.5582199 -0.3334780  0.00000000  0.00000000
3   2.0 0.2915272 0.2099480 0.5223232 -0.3123752 -0.01479393 -0.03589677
           oe         te
1  0.10521586 -0.3110840
2  0.00000000 -0.3334780
3 -0.07118117 -0.3482719

[[1]]$pro.p$se
  delta         mu       mu_1       mu_0         de       se_1       se_0
1   0.5 0.01838818 0.01664546 0.02747161 0.03156192 0.01454422 0.02304697
2   1.0 0.01119329 0.01020573 0.01457862 0.01284096 0.00000000 0.00000000
3   2.0 0.01903288 0.01956099 0.02274503 0.01999376 0.01563766 0.01788147
          oe         te
1 0.01494315 0.01903225
2 0.00000000 0.01284096
3 0.01537980 0.02119641


[[1]]$pro.np
[[1]]$pro.np$est
  delta        mu      mu_1      mu_0         de        se_1        se_0
1   0.5 0.4565504 0.2557951 0.5880599 -0.3322648  0.02160042  0.05758998
2   1.0 0.3617947 0.2341947 0.5304699 -0.2962752  0.00000000  0.00000000
3   2.0 0.2989629 0.2185567 0.5080274 -0.2894707 -0.01563800 -0.02244252
           oe         te
1  0.09475570 -0.2746748
2  0.00000000 -0.2962752
3 -0.06283182 -0.3119132

[[1]]$pro.np$se
  delta         mu       mu_1       mu_0         de       se_1       se_0
1   0.5 0.01922126 0.01591559 0.02708563 0.02783799 0.01332502 0.02204722
2   1.0 0.01155369 0.01076323 0.01470818 0.01252557 0.00000000 0.00000000
3   2.0 0.01917974 0.01965630 0.02150552 0.01899146 0.01505415 0.01602884
          oe         te
1 0.01540051 0.01738521
2 0.00000000 0.01252557
3 0.01482389 0.02062085


[[1]]$ipw.p
[[1]]$ipw.p$est
  delta        mu      mu_1      mu_0         de        se_1        se_0
1   0.5 0.4951908 0.2519510 0.6682760 -0.4163249  0.03340382  0.12303818
2   1.0 0.3534468 0.2185472 0.5452378 -0.3266906  0.00000000  0.00000000
3   2.0 0.2817111 0.2056889 0.4994607 -0.2937718 -0.01285832 -0.04577708
          oe         te
1  0.1417440 -0.2932868
2  0.0000000 -0.3266906
3 -0.0717357 -0.3395489

[[1]]$ipw.p$se
  delta          mu        mu_1       mu_0         de       se_1       se_0
1   0.5 0.075011045 0.023343571 0.11607231 0.10042212 0.02288180 0.10994764
2   1.0 0.009160266 0.009356716 0.01590701 0.01731088 0.00000000 0.00000000
3   2.0 0.023051653 0.026153709 0.02274746 0.02331690 0.02316032 0.02732621
          oe         te
1 0.07261499 0.02106973
2 0.00000000 0.01731088
3 0.02317800 0.03310344


[[1]]$ipw.np
[[1]]$ipw.np$est
  delta        mu      mu_1      mu_0         de        se_1        se_0
1   0.5 0.4742223 0.2514059 0.6269158 -0.3755098  0.02700659  0.09676662
2   1.0 0.3534468 0.2243993 0.5301491 -0.3057498  0.00000000  0.00000000
3   2.0 0.2894398 0.2119388 0.4974103 -0.2854715 -0.01246056 -0.03273884
           oe         te
1  0.12077554 -0.2787432
2  0.00000000 -0.3057498
3 -0.06400696 -0.3182104

[[1]]$ipw.np$se
  delta          mu        mu_1       mu_0         de       se_1       se_0
1   0.5 0.066772602 0.022083409 0.10122422 0.08666148 0.02156534 0.09509565
2   1.0 0.009160266 0.009552121 0.01559024 0.01705790 0.00000000 0.00000000
3   2.0 0.024234943 0.027773310 0.02291819 0.02361572 0.02486302 0.02714732
          oe         te
1 0.06431771 0.01980525
2 0.00000000 0.01705790
3 0.02428418 0.03415188



[1] "Total run time was 312.803 seconds"
