WARNING: ignoring environment value of R_HOME

Attaching package: ‘dplyr’

The following objects are masked from ‘package:stats’:

    filter, lag

The following objects are masked from ‘package:base’:

    intersect, setdiff, setequal, union

Loading required package: splines
Loading required package: foreach
Loaded gam 1.20.2

Super Learner
Version: 2.0-28
Package created on 2021-05-04

Loading required package: lattice
Loading required package: ggplot2
Loading required package: Matrix
Loaded glmnet 4.1-7
Loading required package: Formula
Loading required package: plotmo
Loading required package: plotrix
Loading required package: TeachingDemos
Loaded gbm 2.1.8.1

Attaching package: ‘xgboost’

The following object is masked from ‘package:dplyr’:

    slice

[1] "[Simulation setting]"
[1] "m: 500"
[1] "deltas: 0.5, 1, 2"
[1] "Sim.id 1"
[1] "Data generated"
[1] "Proposed & IPW estimators"
[1] "   Split: 1"
[1] "   Split: 2"
[1] "Estimates and SE estimates computed"
[1] ""
[[1]]
[[1]]$pro.p
[[1]]$pro.p$est
  delta        mu      mu_1      mu_0         de        se_1        se_0
1   0.5 0.4957415 0.2820320 0.6491358 -0.3671039  0.04387111  0.07003118
2   1.0 0.3788552 0.2381608 0.5791047 -0.3409438  0.00000000  0.00000000
3   2.0 0.2882521 0.2049047 0.5278562 -0.3229514 -0.03325610 -0.05124851
           oe         te
1  0.11688624 -0.2970727
2  0.00000000 -0.3409438
3 -0.09060316 -0.3741999

[[1]]$pro.p$se
  delta         mu       mu_1       mu_0         de       se_1       se_0
1   0.5 0.01841470 0.01622574 0.02493578 0.02512340 0.01346289 0.02073742
2   1.0 0.01177499 0.01089922 0.01517290 0.01403069 0.00000000 0.00000000
3   2.0 0.01882922 0.01922689 0.02288222 0.02265328 0.01495646 0.01868215
          oe         te
1 0.01524475 0.01872186
2 0.00000000 0.01403069
3 0.01524976 0.02237153


[[1]]$pro.np
[[1]]$pro.np$est
  delta        mu      mu_1      mu_0         de        se_1        se_0
1   0.5 0.4717279 0.2908240 0.5959660 -0.3051420  0.03919877  0.04223642
2   1.0 0.3798764 0.2516252 0.5537296 -0.3021044  0.00000000  0.00000000
3   2.0 0.2928187 0.2200938 0.4940649 -0.2739711 -0.03153139 -0.05966472
           oe         te
1  0.09185156 -0.2629056
2  0.00000000 -0.3021044
3 -0.08705765 -0.3336358

[[1]]$pro.np$se
  delta         mu       mu_1       mu_0         de       se_1       se_0
1   0.5 0.01533460 0.01445648 0.01937808 0.01992536 0.01110259 0.01468164
2   1.0 0.01197238 0.01097199 0.01481098 0.01249472 0.00000000 0.00000000
3   2.0 0.01984981 0.01965908 0.02413820 0.02180907 0.01475003 0.01992749
          oe         te
1 0.01128392 0.01595504
2 0.00000000 0.01249472
3 0.01572967 0.02128585


[[1]]$ipw.p
[[1]]$ipw.p$est
  delta        mu      mu_1      mu_0         de         se_1        se_0
1   0.5 0.5030310 0.2944936 0.6620138 -0.3675201  0.060389388  0.08555459
2   1.0 0.3725259 0.2341042 0.5764592 -0.3423549  0.000000000  0.00000000
3   2.0 0.3156878 0.2330305 0.5504901 -0.3174596 -0.001073785 -0.02596910
           oe         te
1  0.13050517 -0.2819655
2  0.00000000 -0.3423549
3 -0.05683809 -0.3434287

[[1]]$ipw.p$se
  delta          mu        mu_1       mu_0         de       se_1       se_0
1   0.5 0.049372761 0.023763979 0.07315232 0.05806447 0.02285301 0.06528232
2   1.0 0.009224829 0.009237866 0.01676529 0.01820441 0.00000000 0.00000000
3   2.0 0.023604474 0.025802199 0.02678856 0.02653447 0.02318701 0.03182582
          oe         te
1 0.04628947 0.02146059
2 0.00000000 0.01820441
3 0.02438686 0.03412483


[[1]]$ipw.np
[[1]]$ipw.np$est
  delta        mu      mu_1      mu_0         de        se_1        se_0
1   0.5 0.4850084 0.2989248 0.6202005 -0.3212757 0.056228097  0.06370174
2   1.0 0.3725259 0.2426967 0.5564987 -0.3138020 0.000000000  0.00000000
3   2.0 0.3264654 0.2511277 0.5365669 -0.2854392 0.008430998 -0.01993177
          oe         te
1  0.1124826 -0.2575739
2  0.0000000 -0.3138020
3 -0.0460605 -0.3053710

[[1]]$ipw.np$se
  delta          mu        mu_1       mu_0         de       se_1       se_0
1   0.5 0.045113005 0.023158005 0.06470791 0.05102691 0.02230386 0.05712539
2   1.0 0.009224829 0.009602582 0.01615146 0.01785680 0.00000000 0.00000000
3   2.0 0.025990712 0.029647945 0.02672293 0.02719695 0.02679148 0.03131556
          oe         te
1 0.04207961 0.02108609
2 0.00000000 0.01785680
3 0.02651987 0.03695405



[1] "Total run time was 430.465 seconds"
