WARNING: ignoring environment value of R_HOME

Attaching package: ‘dplyr’

The following objects are masked from ‘package:stats’:

    filter, lag

The following objects are masked from ‘package:base’:

    intersect, setdiff, setequal, union

Loading required package: splines
Loading required package: foreach
Loaded gam 1.20.2

Super Learner
Version: 2.0-28
Package created on 2021-05-04

Loading required package: lattice
Loading required package: ggplot2
Loading required package: Matrix
Loaded glmnet 4.1-7
Loading required package: Formula
Loading required package: plotmo
Loading required package: plotrix
Loading required package: TeachingDemos
Loaded gbm 2.1.8.1

Attaching package: ‘xgboost’

The following object is masked from ‘package:dplyr’:

    slice

[1] "[Simulation setting]"
[1] "m: 500"
[1] "deltas: 0.5, 1, 2"
[1] "Sim.id 1"
[1] "Data generated"
[1] "Proposed & IPW estimators"
[1] "   Split: 1"
[1] "   Split: 2"
[1] "Estimates and SE estimates computed"
[1] ""
[[1]]
[[1]]$pro.p
[[1]]$pro.p$est
  delta        mu      mu_1      mu_0         de         se_1        se_0
1   0.5 0.4414397 0.2409293 0.5955445 -0.3546152  0.006569045  0.01309025
2   1.0 0.3717553 0.2343603 0.5824543 -0.3480940  0.000000000  0.00000000
3   2.0 0.2987848 0.2183399 0.5421311 -0.3237913 -0.016020404 -0.04032312
           oe         te
1  0.06968445 -0.3415249
2  0.00000000 -0.3480940
3 -0.07297044 -0.3641144

[[1]]$pro.p$se
  delta         mu       mu_1       mu_0         de       se_1       se_0
1   0.5 0.01449093 0.01466689 0.01764004 0.01790274 0.01117771 0.01402553
2   1.0 0.01147591 0.01072784 0.01511307 0.01375086 0.00000000 0.00000000
3   2.0 0.01783847 0.01734761 0.02348328 0.02114717 0.01335068 0.01731830
          oe         te
1 0.01097580 0.01706706
2 0.00000000 0.01375086
3 0.01388784 0.01996462


[[1]]$pro.np
[[1]]$pro.np$est
  delta        mu      mu_1      mu_0         de        se_1        se_0
1   0.5 0.4408126 0.2585080 0.5731818 -0.3146738  0.01085704  0.02332295
2   1.0 0.3715802 0.2476510 0.5498588 -0.3022079  0.00000000  0.00000000
3   2.0 0.3088785 0.2337151 0.5186560 -0.2849408 -0.01393583 -0.03120285
           oe         te
1  0.06923246 -0.2913508
2  0.00000000 -0.3022079
3 -0.06270168 -0.3161437

[[1]]$pro.np$se
  delta         mu       mu_1       mu_0         de        se_1       se_0
1   0.5 0.01408323 0.01334043 0.01700756 0.01627635 0.009643242 0.01286753
2   1.0 0.01188995 0.01102293 0.01493586 0.01244560 0.000000000 0.00000000
3   2.0 0.01834026 0.01797687 0.02238806 0.02002038 0.013387376 0.01588367
          oe         te
1 0.01001275 0.01499672
2 0.00000000 0.01244560
3 0.01374121 0.01948540


[[1]]$ipw.p
[[1]]$ipw.p$est
  delta        mu      mu_1      mu_0         de         se_1        se_0
1   0.5 0.4038806 0.2325653 0.5355511 -0.3029858 -0.001138843 -0.03883069
2   1.0 0.3681589 0.2337041 0.5743818 -0.3406776  0.000000000  0.00000000
3   2.0 0.2715612 0.1900857 0.5203381 -0.3302524 -0.043618380 -0.05404363
           oe         te
1  0.03572167 -0.3418165
2  0.00000000 -0.3406776
3 -0.09659768 -0.3842960

[[1]]$ipw.p$se
  delta          mu        mu_1       mu_0         de       se_1       se_0
1   0.5 0.038949833 0.017139794 0.05985285 0.05062353 0.01621321 0.05415146
2   1.0 0.009290344 0.009609094 0.01635308 0.01798868 0.00000000 0.00000000
3   2.0 0.015921910 0.017179268 0.02301303 0.02298283 0.01381389 0.02581777
          oe         te
1 0.03674936 0.01744649
2 0.00000000 0.01798868
3 0.01597747 0.02627162


[[1]]$ipw.np
[[1]]$ipw.np$est
  delta        mu      mu_1      mu_0         de          se_1        se_0
1   0.5 0.4018995 0.2407496 0.5205912 -0.2798417 -0.0003620573 -0.03367700
2   1.0 0.3681589 0.2411116 0.5542682 -0.3131566  0.0000000000  0.00000000
3   2.0 0.2750018 0.1971310 0.5010543 -0.3039233 -0.0439805689 -0.05321392
           oe         te
1  0.03374059 -0.3135187
2  0.00000000 -0.3131566
3 -0.09315711 -0.3571372

[[1]]$ipw.np$se
  delta          mu        mu_1       mu_0         de       se_1       se_0
1   0.5 0.037809658 0.017468577 0.05646896 0.04748489 0.01656963 0.05071021
2   1.0 0.009290344 0.009880927 0.01594173 0.01770083 0.00000000 0.00000000
3   2.0 0.016270837 0.017846905 0.02252364 0.02274080 0.01428333 0.02520853
          oe         te
1 0.03559390 0.01738424
2 0.00000000 0.01770083
3 0.01622781 0.02644694



[1] "Total run time was 446.699 seconds"
