WARNING: ignoring environment value of R_HOME

Attaching package: ‘dplyr’

The following objects are masked from ‘package:stats’:

    filter, lag

The following objects are masked from ‘package:base’:

    intersect, setdiff, setequal, union

Loading required package: splines
Loading required package: foreach
Loaded gam 1.20.2

Super Learner
Version: 2.0-28
Package created on 2021-05-04

Loading required package: lattice
Loading required package: ggplot2
Loading required package: Matrix
Loaded glmnet 4.1-7
Loading required package: Formula
Loading required package: plotmo
Loading required package: plotrix
Loading required package: TeachingDemos
Loaded gbm 2.1.8.1

Attaching package: ‘xgboost’

The following object is masked from ‘package:dplyr’:

    slice

[1] "[Simulation setting]"
[1] "m: 500"
[1] "deltas: 0.5, 1, 2"
[1] "Sim.id 1"
[1] "Data generated"
[1] "Proposed & IPW estimators"
[1] "   Split: 1"
[1] "   Split: 2"
[1] "Estimates and SE estimates computed"
[1] ""
[[1]]
[[1]]$pro.p
[[1]]$pro.p$est
  delta        mu      mu_1      mu_0         de        se_1        se_0
1   0.5 0.4322250 0.2261173 0.5811263 -0.3550090  0.01320395  0.02158820
2   1.0 0.3546308 0.2129133 0.5595381 -0.3466247  0.00000000  0.00000000
3   2.0 0.2594996 0.1738170 0.5108733 -0.3370564 -0.03909640 -0.04866474
           oe         te
1  0.07759420 -0.3334208
2  0.00000000 -0.3466247
3 -0.09513125 -0.3857211

[[1]]$pro.p$se
  delta         mu       mu_1       mu_0         de      se_1       se_0
1   0.5 0.01616411 0.01327782 0.02252314 0.02255361 0.0102458 0.01761322
2   1.0 0.01156323 0.01008856 0.01587826 0.01406062 0.0000000 0.00000000
3   2.0 0.01705630 0.01636468 0.02280178 0.02002935 0.0129947 0.01736227
          oe         te
1 0.01285799 0.01751484
2 0.00000000 0.01406062
3 0.01370698 0.01991973


[[1]]$pro.np
[[1]]$pro.np$est
  delta        mu      mu_1      mu_0         de        se_1        se_0
1   0.5 0.4196747 0.2344430 0.5467191 -0.3122761  0.01127144  0.01445361
2   1.0 0.3544708 0.2231715 0.5322655 -0.3090940  0.00000000  0.00000000
3   2.0 0.2644111 0.1849224 0.4821015 -0.2971790 -0.03824909 -0.05016400
           oe         te
1  0.06520383 -0.2978225
2  0.00000000 -0.3090940
3 -0.09005974 -0.3473430

[[1]]$pro.np$se
  delta         mu       mu_1       mu_0         de        se_1       se_0
1   0.5 0.01495219 0.01280829 0.02045949 0.02087049 0.009340115 0.01541790
2   1.0 0.01194543 0.01059146 0.01535367 0.01262754 0.000000000 0.00000000
3   2.0 0.01693751 0.01648069 0.02091757 0.01791873 0.013018121 0.01514613
          oe         te
1 0.01126370 0.01609297
2 0.00000000 0.01262754
3 0.01326647 0.01893870


[[1]]$ipw.p
[[1]]$ipw.p$est
  delta        mu      mu_1      mu_0         de         se_1        se_0
1   0.5 0.4027667 0.2201443 0.5369028 -0.3167585  0.008462918 -0.01962399
2   1.0 0.3516698 0.2116814 0.5565267 -0.3448454  0.000000000  0.00000000
3   2.0 0.2648242 0.1772482 0.5228987 -0.3456505 -0.034433177 -0.03362804
           oe         te
1  0.05109691 -0.3363825
2  0.00000000 -0.3448454
3 -0.08684563 -0.3792786

[[1]]$ipw.p$se
  delta          mu        mu_1       mu_0         de       se_1       se_0
1   0.5 0.031474190 0.017441656 0.04559502 0.03744568 0.01635908 0.03759728
2   1.0 0.009164567 0.009007177 0.01648865 0.01770027 0.00000000 0.00000000
3   2.0 0.016092989 0.015940412 0.02372633 0.01965586 0.01315982 0.02798172
          oe         te
1 0.02842805 0.01802801
2 0.00000000 0.01770027
3 0.01672513 0.02522953


[[1]]$ipw.np
[[1]]$ipw.np$est
  delta        mu      mu_1      mu_0         de         se_1        se_0
1   0.5 0.3963029 0.2248675 0.5186296 -0.2937621  0.006029167 -0.01990955
2   1.0 0.3516698 0.2188384 0.5385391 -0.3197008  0.000000000  0.00000000
3   2.0 0.2708178 0.1861111 0.5079117 -0.3218006 -0.032727264 -0.03062740
           oe         te
1  0.04463304 -0.3136716
2  0.00000000 -0.3197008
3 -0.08085201 -0.3524280

[[1]]$ipw.np$se
  delta          mu        mu_1       mu_0         de       se_1       se_0
1   0.5 0.031145434 0.017640170 0.04470732 0.03671303 0.01666981 0.03716998
2   1.0 0.009164567 0.009317867 0.01602268 0.01740902 0.00000000 0.00000000
3   2.0 0.017222149 0.017510743 0.02339533 0.01905742 0.01454953 0.02725351
          oe         te
1 0.02831251 0.01806358
2 0.00000000 0.01740902
3 0.01758882 0.02592748



[1] "Total run time was 334.143 seconds"
