WARNING: ignoring environment value of R_HOME

Attaching package: ‘dplyr’

The following objects are masked from ‘package:stats’:

    filter, lag

The following objects are masked from ‘package:base’:

    intersect, setdiff, setequal, union

Loading required package: splines
Loading required package: foreach
Loaded gam 1.20.2

Super Learner
Version: 2.0-28
Package created on 2021-05-04

Loading required package: lattice
Loading required package: ggplot2
Loading required package: Matrix
Loaded glmnet 4.1-7
Loading required package: Formula
Loading required package: plotmo
Loading required package: plotrix
Loading required package: TeachingDemos
Loaded gbm 2.1.8.1

Attaching package: ‘xgboost’

The following object is masked from ‘package:dplyr’:

    slice

[1] "[Simulation setting]"
[1] "m: 500"
[1] "deltas: 0.5, 1, 2"
[1] "Sim.id 1"
[1] "Data generated"
[1] "Proposed & IPW estimators"
[1] "   Split: 1"
[1] "   Split: 2"
[1] "Estimates and SE estimates computed"
[1] ""
[[1]]
[[1]]$pro.p
[[1]]$pro.p$est
  delta        mu      mu_1      mu_0         de        se_1        se_0
1   0.5 0.4502324 0.2559776 0.5966138 -0.3406362  0.02390488  0.03041360
2   1.0 0.3661747 0.2320727 0.5662002 -0.3341275  0.00000000  0.00000000
3   2.0 0.3018903 0.2166730 0.5491659 -0.3324928 -0.01539965 -0.01703434
           oe         te
1  0.08405764 -0.3102226
2  0.00000000 -0.3341275
3 -0.06428447 -0.3495272

[[1]]$pro.p$se
  delta         mu       mu_1       mu_0         de       se_1       se_0
1   0.5 0.01752816 0.01554125 0.02447747 0.02426989 0.01247213 0.02109905
2   1.0 0.01197376 0.01117421 0.01505815 0.01300753 0.00000000 0.00000000
3   2.0 0.02151161 0.01991939 0.02648598 0.02004707 0.01491279 0.02082229
          oe         te
1 0.01477209 0.01689636
2 0.00000000 0.01300753
3 0.01638047 0.02075791


[[1]]$pro.np
[[1]]$pro.np$est
  delta        mu      mu_1      mu_0         de       se_1        se_0
1   0.5 0.4316780 0.2655253 0.5513975 -0.2858722 0.01926447 0.009131856
2   1.0 0.3687574 0.2462608 0.5422656 -0.2960048 0.00000000 0.000000000
3   2.0 0.3320381 0.2535649 0.5433762 -0.2898114 0.00730407 0.001110640
           oe         te
1  0.06292062 -0.2767403
2  0.00000000 -0.2960048
3 -0.03671932 -0.2887007

[[1]]$pro.np$se
  delta         mu       mu_1       mu_0         de       se_1       se_0
1   0.5 0.01590026 0.01610406 0.01884427 0.01812663 0.01256833 0.01485878
2   1.0 0.01260076 0.01183797 0.01505238 0.01185331 0.00000000 0.00000000
3   2.0 0.02650424 0.02609779 0.02671544 0.02041985 0.02046376 0.02070868
          oe         te
1 0.01247116 0.01660314
2 0.00000000 0.01185331
3 0.02087069 0.02508676


[[1]]$ipw.p
[[1]]$ipw.p$est
  delta        mu      mu_1      mu_0         de        se_1        se_0
1   0.5 0.4527495 0.2661860 0.5955929 -0.3294069  0.03216181  0.02561097
2   1.0 0.3689563 0.2340241 0.5699819 -0.3359578  0.00000000  0.00000000
3   2.0 0.2717666 0.1796180 0.5435414 -0.3639234 -0.05440611 -0.02644050
           oe         te
1  0.08379321 -0.3037960
2  0.00000000 -0.3359578
3 -0.09718968 -0.3903639

[[1]]$ipw.p$se
  delta          mu        mu_1       mu_0         de        se_1       se_0
1   0.5 0.051831913 0.024836604 0.07720166 0.06170678 0.023894990 0.07133513
2   1.0 0.009555994 0.009683176 0.01596759 0.01684804 0.000000000 0.00000000
3   2.0 0.014451424 0.013413926 0.02370819 0.01938074 0.009958789 0.02765349
          oe         te
1 0.04944337 0.02249672
2 0.00000000 0.01684804
3 0.01471711 0.02269074


[[1]]$ipw.np
[[1]]$ipw.np$est
  delta        mu      mu_1      mu_0         de        se_1        se_0
1   0.5 0.4509067 0.2718544 0.5846416 -0.3127872  0.03255453  0.02795212
2   1.0 0.3689563 0.2392999 0.5566895 -0.3173896  0.00000000  0.00000000
3   2.0 0.2733824 0.1834482 0.5305430 -0.3470948 -0.05585173 -0.02614654
           oe         te
1  0.08195041 -0.2848351
2  0.00000000 -0.3173896
3 -0.09557387 -0.3732413

[[1]]$ipw.np$se
  delta          mu        mu_1       mu_0         de       se_1       se_0
1   0.5 0.053529404 0.025974055 0.07799998 0.06046316 0.02511994 0.07226493
2   1.0 0.009555994 0.009893907 0.01568964 0.01668264 0.00000000 0.00000000
3   2.0 0.014634442 0.013701880 0.02326454 0.01860480 0.01008080 0.02695446
          oe         te
1 0.05122959 0.02349087
2 0.00000000 0.01668264
3 0.01471827 0.02254898



[1] "Total run time was 456.065 seconds"
