WARNING: ignoring environment value of R_HOME

Attaching package: ‘dplyr’

The following objects are masked from ‘package:stats’:

    filter, lag

The following objects are masked from ‘package:base’:

    intersect, setdiff, setequal, union

Loading required package: splines
Loading required package: foreach
Loaded gam 1.20.2

Super Learner
Version: 2.0-28
Package created on 2021-05-04

Loading required package: lattice
Loading required package: ggplot2
Loading required package: Matrix
Loaded glmnet 4.1-7
Loading required package: Formula
Loading required package: plotmo
Loading required package: plotrix
Loading required package: TeachingDemos
Loaded gbm 2.1.8.1

Attaching package: ‘xgboost’

The following object is masked from ‘package:dplyr’:

    slice

[1] "[Simulation setting]"
[1] "m: 500"
[1] "deltas: 0.5, 1, 2"
[1] "Sim.id 1"
[1] "Data generated"
[1] "Proposed & IPW estimators"
[1] "   Split: 1"
[1] "   Split: 2"
[1] "Estimates and SE estimates computed"
[1] ""
[[1]]
[[1]]$pro.p
[[1]]$pro.p$est
  delta        mu      mu_1      mu_0         de        se_1        se_0
1   0.5 0.4293289 0.2406259 0.5681186 -0.3274928  0.01926820  0.02816497
2   1.0 0.3505415 0.2213577 0.5399537 -0.3185960  0.00000000  0.00000000
3   2.0 0.2744942 0.1910752 0.5182244 -0.3271492 -0.03028243 -0.02172927
           oe         te
1  0.07878747 -0.2993278
2  0.00000000 -0.3185960
3 -0.07604726 -0.3488784

[[1]]$pro.p$se
  delta         mu       mu_1       mu_0         de       se_1       se_0
1   0.5 0.02136704 0.02052413 0.02898079 0.03041685 0.01879074 0.02425488
2   1.0 0.01192443 0.01014931 0.01634735 0.01444267 0.00000000 0.00000000
3   2.0 0.02140303 0.02169748 0.02422870 0.02424678 0.01772418 0.01751991
          oe         te
1 0.01841610 0.02336696
2 0.00000000 0.01444267
3 0.01732731 0.02451963


[[1]]$pro.np
[[1]]$pro.np$est
  delta        mu      mu_1      mu_0         de        se_1        se_0
1   0.5 0.4244356 0.2471624 0.5506960 -0.3035336  0.01814674  0.02886836
2   1.0 0.3498966 0.2290157 0.5218277 -0.2928120  0.00000000  0.00000000
3   2.0 0.2856026 0.2080537 0.5036888 -0.2956351 -0.02096195 -0.01813887
           oe         te
1  0.07453901 -0.2746652
2  0.00000000 -0.2928120
3 -0.06429398 -0.3137739

[[1]]$pro.np$se
  delta         mu       mu_1       mu_0         de       se_1       se_0
1   0.5 0.01772559 0.01579340 0.02422398 0.02536926 0.01390530 0.01915338
2   1.0 0.01206436 0.01059794 0.01544313 0.01289645 0.00000000 0.00000000
3   2.0 0.02320965 0.02429930 0.02289754 0.02373704 0.01958629 0.01643126
          oe         te
1 0.01415533 0.01822733
2 0.00000000 0.01289645
3 0.01837341 0.02517255


[[1]]$ipw.p
[[1]]$ipw.p$est
  delta        mu      mu_1      mu_0         de        se_1        se_0
1   0.5 0.4964841 0.2546442 0.6751838 -0.4205396  0.03456629  0.12922873
2   1.0 0.3521615 0.2200779 0.5459550 -0.3258771  0.00000000  0.00000000
3   2.0 0.2902396 0.2079547 0.5307332 -0.3227785 -0.01212320 -0.01522185
          oe         te
1  0.1443226 -0.2913108
2  0.0000000 -0.3258771
3 -0.0619219 -0.3380003

[[1]]$ipw.p$se
  delta          mu        mu_1       mu_0         de       se_1       se_0
1   0.5 0.062001124 0.024688109 0.09568233 0.08241394 0.02418596 0.08768775
2   1.0 0.009532661 0.008871359 0.01753154 0.01852790 0.00000000 0.00000000
3   2.0 0.022419217 0.023370493 0.02748976 0.02238756 0.02120798 0.03142795
          oe         te
1 0.05889637 0.02306592
2 0.00000000 0.01852790
3 0.02302262 0.03167883


[[1]]$ipw.np
[[1]]$ipw.np$est
  delta        mu      mu_1      mu_0         de        se_1        se_0
1   0.5 0.4920507 0.2585203 0.6600995 -0.4015792  0.03420377  0.12567807
2   1.0 0.3521615 0.2243166 0.5344215 -0.3101049  0.00000000  0.00000000
3   2.0 0.2907218 0.2105310 0.5158375 -0.3053066 -0.01378557 -0.01858393
          oe         te
1  0.1398892 -0.2759011
2  0.0000000 -0.3101049
3 -0.0614397 -0.3238905

[[1]]$ipw.np$se
  delta          mu        mu_1       mu_0         de       se_1       se_0
1   0.5 0.059832613 0.024181902 0.09122755 0.07892548 0.02368226 0.08334670
2   1.0 0.009532661 0.009047727 0.01723295 0.01828542 0.00000000 0.00000000
3   2.0 0.022077412 0.023013223 0.02653029 0.02161671 0.02066354 0.03038608
          oe         te
1 0.05672370 0.02241913
2 0.00000000 0.01828542
3 0.02261159 0.03118300



[1] "Total run time was 383.661 seconds"
