WARNING: ignoring environment value of R_HOME

Attaching package: ‘dplyr’

The following objects are masked from ‘package:stats’:

    filter, lag

The following objects are masked from ‘package:base’:

    intersect, setdiff, setequal, union

Loading required package: splines
Loading required package: foreach
Loaded gam 1.20.2

Super Learner
Version: 2.0-28
Package created on 2021-05-04

Loading required package: lattice
Loading required package: ggplot2
Loading required package: Matrix
Loaded glmnet 4.1-7
Loading required package: Formula
Loading required package: plotmo
Loading required package: plotrix
Loading required package: TeachingDemos
Loaded gbm 2.1.8.1

Attaching package: ‘xgboost’

The following object is masked from ‘package:dplyr’:

    slice

[1] "[Simulation setting]"
[1] "m: 500"
[1] "deltas: 0.5, 1, 2"
[1] "Sim.id 1"
[1] "Data generated"
[1] "Proposed & IPW estimators"
[1] "   Split: 1"
[1] "   Split: 2"
[1] "Estimates and SE estimates computed"
[1] ""
[[1]]
[[1]]$pro.p
[[1]]$pro.p$est
  delta        mu      mu_1      mu_0         de        se_1         se_0
1   0.5 0.4272359 0.2384344 0.5611763 -0.3227419  0.02244163  0.009608042
2   1.0 0.3555948 0.2159928 0.5515682 -0.3355755  0.00000000  0.000000000
3   2.0 0.2752345 0.1864226 0.5296636 -0.3432410 -0.02957017 -0.021904599
          oe         te
1  0.0716411 -0.3131338
2  0.0000000 -0.3355755
3 -0.0803603 -0.3651456

[[1]]$pro.p$se
  delta         mu        mu_1       mu_0         de       se_1       se_0
1   0.5 0.01634872 0.014863858 0.02190647 0.02371348 0.01196263 0.01736591
2   1.0 0.01060499 0.009479757 0.01477004 0.01389832 0.00000000 0.00000000
3   2.0 0.01507396 0.014394724 0.02151834 0.01961147 0.01090179 0.01742901
          oe         te
1 0.01291572 0.01769774
2 0.00000000 0.01389832
3 0.01203142 0.01855857


[[1]]$pro.np
[[1]]$pro.np$est
  delta        mu      mu_1      mu_0         de        se_1        se_0
1   0.5 0.4226135 0.2507811 0.5380590 -0.2872779  0.02533651  0.01349398
2   1.0 0.3533777 0.2254446 0.5245650 -0.2991204  0.00000000  0.00000000
3   2.0 0.2741284 0.1937017 0.4995704 -0.3058686 -0.03174287 -0.02499468
           oe         te
1  0.06923579 -0.2737839
2  0.00000000 -0.2991204
3 -0.07924930 -0.3308633

[[1]]$pro.np$se
  delta         mu        mu_1       mu_0         de       se_1       se_0
1   0.5 0.01624792 0.015112563 0.01968470 0.01913260 0.01211877 0.01522516
2   1.0 0.01077570 0.009562175 0.01410471 0.01209585 0.00000000 0.00000000
3   2.0 0.01509393 0.014022509 0.02069007 0.01763416 0.01068556 0.01604502
         oe         te
1 0.0125061 0.01627353
2 0.0000000 0.01209585
3 0.0117250 0.01665044


[[1]]$ipw.p
[[1]]$ipw.p$est
  delta        mu      mu_1      mu_0         de        se_1        se_0
1   0.5 0.4120077 0.2427542 0.5303404 -0.2875862  0.02104182 -0.03664762
2   1.0 0.3659582 0.2217124 0.5669880 -0.3452756  0.00000000  0.00000000
3   2.0 0.2780368 0.1902093 0.5249903 -0.3347809 -0.03150304 -0.04199772
           oe         te
1  0.04604947 -0.3242338
2  0.00000000 -0.3452756
3 -0.08792139 -0.3767786

[[1]]$ipw.p$se
  delta          mu        mu_1       mu_0         de       se_1       se_0
1   0.5 0.035319277 0.020589422 0.04886463 0.03703197 0.01973283 0.04062825
2   1.0 0.009209679 0.009003114 0.01648628 0.01784827 0.00000000 0.00000000
3   2.0 0.016952062 0.016968265 0.02450308 0.02011640 0.01401386 0.02860133
          oe         te
1 0.03200280 0.02040151
2 0.00000000 0.01784827
3 0.01768464 0.02632639


[[1]]$ipw.np
[[1]]$ipw.np$est
  delta        mu      mu_1      mu_0         de        se_1        se_0
1   0.5 0.4124914 0.2550306 0.5186414 -0.2636108  0.02590302 -0.02959595
2   1.0 0.3659582 0.2291275 0.5482373 -0.3191098  0.00000000  0.00000000
3   2.0 0.2845872 0.2006574 0.5089357 -0.3082783 -0.02847010 -0.03930161
           oe         te
1  0.04653324 -0.2932068
2  0.00000000 -0.3191098
3 -0.08137093 -0.3475799

[[1]]$ipw.np$se
  delta          mu        mu_1       mu_0         de       se_1       se_0
1   0.5 0.035439721 0.022418786 0.04776973 0.03549498 0.02162575 0.03974780
2   1.0 0.009209679 0.009287095 0.01610336 0.01760813 0.00000000 0.00000000
3   2.0 0.017933945 0.018347697 0.02422166 0.01942971 0.01520811 0.02809981
          oe         te
1 0.03220701 0.02186803
2 0.00000000 0.01760813
3 0.01849983 0.02703186



[1] "Total run time was 307.978 seconds"
