WARNING: ignoring environment value of R_HOME

Attaching package: ‘dplyr’

The following objects are masked from ‘package:stats’:

    filter, lag

The following objects are masked from ‘package:base’:

    intersect, setdiff, setequal, union

Loading required package: splines
Loading required package: foreach
Loaded gam 1.20.2

Super Learner
Version: 2.0-28
Package created on 2021-05-04

Loading required package: lattice
Loading required package: ggplot2
Loading required package: Matrix
Loaded glmnet 4.1-7
Loading required package: Formula
Loading required package: plotmo
Loading required package: plotrix
Loading required package: TeachingDemos
Loaded gbm 2.1.8.1

Attaching package: ‘xgboost’

The following object is masked from ‘package:dplyr’:

    slice

[1] "[Simulation setting]"
[1] "m: 500"
[1] "deltas: 0.5, 1, 2"
[1] "Sim.id 1"
[1] "Data generated"
[1] "Proposed & IPW estimators"
[1] "   Split: 1"
[1] "   Split: 2"
[1] "Estimates and SE estimates computed"
[1] ""
[[1]]
[[1]]$pro.p
[[1]]$pro.p$est
  delta        mu      mu_1      mu_0         de        se_1         se_0
1   0.5 0.4133558 0.2586968 0.5277652 -0.2690684  0.01633384 -0.018999657
2   1.0 0.3640330 0.2423630 0.5467648 -0.3044019  0.00000000  0.000000000
3   2.0 0.3027231 0.2242411 0.5422535 -0.3180125 -0.01812190 -0.004511282
           oe         te
1  0.04932274 -0.2880680
2  0.00000000 -0.3044019
3 -0.06130992 -0.3225238

[[1]]$pro.p$se
  delta         mu       mu_1       mu_0         de       se_1       se_0
1   0.5 0.01668995 0.01559978 0.02497998 0.02769294 0.01309083 0.02066501
2   1.0 0.01184597 0.01129314 0.01521428 0.01357105 0.00000000 0.00000000
3   2.0 0.02103524 0.02061797 0.02628559 0.02265595 0.01534705 0.02070330
          oe         te
1 0.01400940 0.01807158
2 0.00000000 0.01357105
3 0.01617942 0.02222090


[[1]]$pro.np
[[1]]$pro.np$est
  delta        mu      mu_1      mu_0         de        se_1         se_0
1   0.5 0.4155054 0.2693567 0.5202296 -0.2508729  0.01648951 -0.006624091
2   1.0 0.3650534 0.2528672 0.5268537 -0.2739865  0.00000000  0.000000000
3   2.0 0.3062137 0.2316411 0.5208462 -0.2892051 -0.02122608 -0.006007505
           oe         te
1  0.05045197 -0.2574970
2  0.00000000 -0.2739865
3 -0.05883968 -0.2952126

[[1]]$pro.np$se
  delta         mu       mu_1       mu_0         de       se_1       se_0
1   0.5 0.01537813 0.01490067 0.02066109 0.02136554 0.01240949 0.01662212
2   1.0 0.01190283 0.01126777 0.01457090 0.01200032 0.00000000 0.00000000
3   2.0 0.02056611 0.02025801 0.02424253 0.01977543 0.01465546 0.01859161
          oe         te
1 0.01267779 0.01687538
2 0.00000000 0.01200032
3 0.01520383 0.02027531


[[1]]$ipw.p
[[1]]$ipw.p$est
  delta        mu      mu_1      mu_0         de         se_1         se_0
1   0.5 0.4180735 0.2686846 0.5332868 -0.2646022  0.025493365 -0.017868364
2   1.0 0.3655521 0.2431912 0.5511551 -0.3079639  0.000000000  0.000000000
3   2.0 0.3149726 0.2385829 0.5438741 -0.3052912 -0.004608267 -0.007280983
           oe         te
1  0.05252139 -0.2824706
2  0.00000000 -0.3079639
3 -0.05057946 -0.3125722

[[1]]$ipw.p$se
  delta          mu        mu_1       mu_0         de       se_1       se_0
1   0.5 0.032445308 0.020934760 0.04546083 0.03488650 0.02024807 0.03751725
2   1.0 0.009326948 0.009431001 0.01667680 0.01801055 0.00000000 0.00000000
3   2.0 0.022728130 0.023538604 0.02847553 0.02317076 0.02071429 0.03224418
          oe         te
1 0.02954040 0.02031529
2 0.00000000 0.01801055
3 0.02313584 0.03189044


[[1]]$ipw.np
[[1]]$ipw.np$est
  delta        mu      mu_1      mu_0         de        se_1          se_0
1   0.5 0.4260513 0.2796771 0.5399676 -0.2602905  0.03162185 -0.0009627094
2   1.0 0.3655521 0.2480552 0.5409303 -0.2928751  0.00000000  0.0000000000
3   2.0 0.3132437 0.2407562 0.5232934 -0.2825372 -0.00729899 -0.0176368511
           oe         te
1  0.06049924 -0.2612532
2  0.00000000 -0.2928751
3 -0.05230844 -0.3001741

[[1]]$ipw.np$se
  delta          mu        mu_1       mu_0         de       se_1       se_0
1   0.5 0.033991523 0.022132692 0.04746383 0.03588480 0.02146852 0.03934375
2   1.0 0.009326948 0.009598704 0.01664308 0.01804408 0.00000000 0.00000000
3   2.0 0.022631923 0.023834274 0.02715481 0.02282871 0.02091405 0.03098069
          oe         te
1 0.03106465 0.02099504
2 0.00000000 0.01804408
3 0.02301101 0.03208645



[1] "Total run time was 388.485 seconds"
