WARNING: ignoring environment value of R_HOME

Attaching package: ‘dplyr’

The following objects are masked from ‘package:stats’:

    filter, lag

The following objects are masked from ‘package:base’:

    intersect, setdiff, setequal, union

Loading required package: splines
Loading required package: foreach
Loaded gam 1.20.2

Super Learner
Version: 2.0-28
Package created on 2021-05-04

Loading required package: lattice
Loading required package: ggplot2
Loading required package: Matrix
Loaded glmnet 4.1-7
Loading required package: Formula
Loading required package: plotmo
Loading required package: plotrix
Loading required package: TeachingDemos
Loaded gbm 2.1.8.1

Attaching package: ‘xgboost’

The following object is masked from ‘package:dplyr’:

    slice

[1] "[Simulation setting]"
[1] "m: 500"
[1] "deltas: 0.5, 1, 2"
[1] "Sim.id 1"
[1] "Data generated"
[1] "Proposed & IPW estimators"
[1] "   Split: 1"
[1] "   Split: 2"
[1] "Estimates and SE estimates computed"
[1] ""
[[1]]
[[1]]$pro.p
[[1]]$pro.p$est
  delta        mu      mu_1      mu_0         de        se_1        se_0
1   0.5 0.4614698 0.2572617 0.6082475 -0.3509858  0.03359797  0.02358831
2   1.0 0.3700675 0.2236637 0.5846592 -0.3609955  0.00000000  0.00000000
3   2.0 0.2818930 0.2015972 0.5213663 -0.3197691 -0.02206655 -0.06329297
           oe         te
1  0.09140234 -0.3273975
2  0.00000000 -0.3609955
3 -0.08817446 -0.3830620

[[1]]$pro.p$se
  delta         mu       mu_1       mu_0         de       se_1       se_0
1   0.5 0.01725157 0.01463104 0.02368066 0.02388290 0.01153304 0.01913069
2   1.0 0.01169513 0.01043925 0.01591764 0.01465668 0.00000000 0.00000000
3   2.0 0.01887875 0.02038874 0.02551896 0.02877416 0.01648231 0.02010209
          oe         te
1 0.01379904 0.01824135
2 0.00000000 0.01465668
3 0.01529528 0.02381854


[[1]]$pro.np
[[1]]$pro.np$est
  delta        mu      mu_1      mu_0         de        se_1        se_0
1   0.5 0.4481231 0.2631969 0.5755515 -0.3123546  0.03017488  0.02184152
2   1.0 0.3675663 0.2330220 0.5537100 -0.3206879  0.00000000  0.00000000
3   2.0 0.2851727 0.2117297 0.4890174 -0.2772877 -0.02129236 -0.06469263
           oe         te
1  0.08055677 -0.2905131
2  0.00000000 -0.3206879
3 -0.08239359 -0.3419803

[[1]]$pro.np$se
  delta         mu       mu_1       mu_0         de       se_1       se_0
1   0.5 0.01573660 0.01359793 0.02072556 0.02032992 0.01023370 0.01558085
2   1.0 0.01206197 0.01064072 0.01584363 0.01331215 0.00000000 0.00000000
3   2.0 0.01937661 0.02070520 0.02373979 0.02539695 0.01672815 0.01836571
          oe         te
1 0.01174818 0.01684845
2 0.00000000 0.01331215
3 0.01532670 0.02267229


[[1]]$ipw.p
[[1]]$ipw.p$est
  delta        mu      mu_1      mu_0         de        se_1        se_0
1   0.5 0.4136609 0.2479828 0.5339046 -0.2859218 0.016457228 -0.05779726
2   1.0 0.3777755 0.2315256 0.5917019 -0.3601763 0.000000000  0.00000000
3   2.0 0.3196173 0.2338990 0.5709007 -0.3370017 0.002373413 -0.02080113
           oe         te
1  0.03588541 -0.3437190
2  0.00000000 -0.3601763
3 -0.05815823 -0.3578029

[[1]]$ipw.p$se
  delta          mu        mu_1       mu_0         de       se_1       se_0
1   0.5 0.031423004 0.018025706 0.04592243 0.03942407 0.01675801 0.03756865
2   1.0 0.009299469 0.009442507 0.01675160 0.01833927 0.00000000 0.00000000
3   2.0 0.026067655 0.028963935 0.02886866 0.02889084 0.02596119 0.03303493
          oe         te
1 0.02811361 0.01886100
2 0.00000000 0.01833927
3 0.02647638 0.03670457


[[1]]$ipw.np
[[1]]$ipw.np$est
  delta        mu      mu_1      mu_0         de        se_1        se_0
1   0.5 0.4123875 0.2562719 0.5222883 -0.2660164 0.019324489 -0.05317655
2   1.0 0.3777755 0.2369474 0.5754648 -0.3385174 0.000000000  0.00000000
3   2.0 0.3228696 0.2428516 0.5473819 -0.3045303 0.005904268 -0.02808290
           oe         te
1  0.03461203 -0.3191929
2  0.00000000 -0.3385174
3 -0.05490596 -0.3326132

[[1]]$ipw.np$se
  delta          mu       mu_1       mu_0         de       se_1       se_0
1   0.5 0.030688486 0.01839030 0.04403408 0.03750043 0.01710818 0.03582209
2   1.0 0.009299469 0.00961457 0.01644351 0.01806440 0.00000000 0.00000000
3   2.0 0.029143104 0.03376837 0.02769192 0.03081810 0.03076138 0.03173948
          oe         te
1 0.02742605 0.01893222
2 0.00000000 0.01806440
3 0.02940652 0.04057468



[1] "Total run time was 296.922 seconds"
