WARNING: ignoring environment value of R_HOME

Attaching package: ‘dplyr’

The following objects are masked from ‘package:stats’:

    filter, lag

The following objects are masked from ‘package:base’:

    intersect, setdiff, setequal, union

Loading required package: splines
Loading required package: foreach
Loaded gam 1.20.2

Super Learner
Version: 2.0-28
Package created on 2021-05-04

Loading required package: lattice
Loading required package: ggplot2
Loading required package: Matrix
Loaded glmnet 4.1-7
Loading required package: Formula
Loading required package: plotmo
Loading required package: plotrix
Loading required package: TeachingDemos
Loaded gbm 2.1.8.1

Attaching package: ‘xgboost’

The following object is masked from ‘package:dplyr’:

    slice

[1] "[Simulation setting]"
[1] "m: 500"
[1] "deltas: 0.5, 1, 2"
[1] "Sim.id 1"
[1] "Data generated"
[1] "Proposed & IPW estimators"
[1] "   Split: 1"
[1] "   Split: 2"
[1] "Estimates and SE estimates computed"
[1] ""
[[1]]
[[1]]$pro.p
[[1]]$pro.p$est
  delta        mu      mu_1      mu_0         de        se_1         se_0
1   0.5 0.4459883 0.2684133 0.5755974 -0.3071841  0.01677616  0.006994341
2   1.0 0.3833154 0.2516371 0.5686030 -0.3169659  0.00000000  0.000000000
3   2.0 0.3104881 0.2281703 0.5376874 -0.3095171 -0.02346682 -0.030915567
           oe         te
1  0.06267298 -0.3001897
2  0.00000000 -0.3169659
3 -0.07282722 -0.3404327

[[1]]$pro.p$se
  delta         mu       mu_1       mu_0         de       se_1       se_0
1   0.5 0.02179999 0.01731676 0.02930296 0.02613025 0.01377377 0.02568122
2   1.0 0.01161740 0.01069445 0.01504723 0.01386222 0.00000000 0.00000000
3   2.0 0.01668375 0.01583236 0.02387292 0.02189243 0.01243173 0.01859906
          oe         te
1 0.01892694 0.01866257
2 0.00000000 0.01386222
3 0.01325227 0.01934215


[[1]]$pro.np
[[1]]$pro.np$est
  delta        mu      mu_1      mu_0         de        se_1        se_0
1   0.5 0.4376004 0.2773108 0.5468459 -0.2695351  0.01291300  0.00290358
2   1.0 0.3845481 0.2643978 0.5439423 -0.2795445  0.00000000  0.00000000
3   2.0 0.3276278 0.2511162 0.5237320 -0.2726158 -0.01328164 -0.02021032
           oe         te
1  0.05305230 -0.2666315
2  0.00000000 -0.2795445
3 -0.05692027 -0.2928262

[[1]]$pro.np$se
  delta         mu       mu_1       mu_0         de       se_1       se_0
1   0.5 0.01912769 0.01526393 0.02732373 0.02591548 0.01133261 0.02359720
2   1.0 0.01197255 0.01102504 0.01483559 0.01258339 0.00000000 0.00000000
3   2.0 0.01779715 0.01716214 0.02346620 0.02096328 0.01317412 0.01773924
          oe         te
1 0.01590712 0.01633575
2 0.00000000 0.01258339
3 0.01383564 0.01925769


[[1]]$ipw.p
[[1]]$ipw.p$est
  delta        mu      mu_1      mu_0         de        se_1        se_0
1   0.5 0.5072372 0.2991362 0.6539204 -0.3547843  0.05168080  0.08625255
2   1.0 0.3809586 0.2474554 0.5676679 -0.3202125  0.00000000  0.00000000
3   2.0 0.2989451 0.2153737 0.5305412 -0.3151675 -0.03208171 -0.03712670
           oe         te
1  0.12627858 -0.2685317
2  0.00000000 -0.3202125
3 -0.08201346 -0.3522942

[[1]]$ipw.p$se
  delta          mu        mu_1       mu_0         de       se_1       se_0
1   0.5 0.047701005 0.024812291 0.06872743 0.05523594 0.02364159 0.06096478
2   1.0 0.009280879 0.009500335 0.01660256 0.01854583 0.00000000 0.00000000
3   2.0 0.016407254 0.017207000 0.02362808 0.02249385 0.01417285 0.02832867
          oe         te
1 0.04440380 0.02222901
2 0.00000000 0.01854583
3 0.01749671 0.02725839


[[1]]$ipw.np
[[1]]$ipw.np$est
  delta        mu      mu_1      mu_0         de        se_1        se_0
1   0.5 0.5069110 0.3084712 0.6409673 -0.3324960  0.05338811  0.09180659
2   1.0 0.3809586 0.2550831 0.5491607 -0.2940776  0.00000000  0.00000000
3   2.0 0.2993802 0.2195726 0.5099506 -0.2903780 -0.03551057 -0.03921012
           oe         te
1  0.12595243 -0.2406894
2  0.00000000 -0.2940776
3 -0.08157842 -0.3295881

[[1]]$ipw.np$se
  delta          mu        mu_1       mu_0         de       se_1       se_0
1   0.5 0.047846410 0.025234627 0.06784683 0.05446335 0.02412540 0.06032376
2   1.0 0.009280879 0.009776024 0.01610711 0.01818798 0.00000000 0.00000000
3   2.0 0.016341923 0.017281532 0.02289512 0.02185452 0.01410151 0.02729661
          oe         te
1 0.04463953 0.02228235
2 0.00000000 0.01818798
3 0.01731185 0.02686668



[1] "Total run time was 216.98 seconds"
