WARNING: ignoring environment value of R_HOME

Attaching package: ‘dplyr’

The following objects are masked from ‘package:stats’:

    filter, lag

The following objects are masked from ‘package:base’:

    intersect, setdiff, setequal, union

Loading required package: splines
Loading required package: foreach
Loaded gam 1.20.2

Super Learner
Version: 2.0-28
Package created on 2021-05-04

Loading required package: lattice
Loading required package: ggplot2
Loading required package: Matrix
Loaded glmnet 4.1-7
Loading required package: Formula
Loading required package: plotmo
Loading required package: plotrix
Loading required package: TeachingDemos
Loaded gbm 2.1.8.1

Attaching package: ‘xgboost’

The following object is masked from ‘package:dplyr’:

    slice

[1] "[Simulation setting]"
[1] "m: 500"
[1] "deltas: 0.5, 1, 2"
[1] "Sim.id 1"
[1] "Data generated"
[1] "Proposed & IPW estimators"
[1] "   Split: 1"
[1] "   Split: 2"
[1] "Estimates and SE estimates computed"
[1] ""
[[1]]
[[1]]$pro.p
[[1]]$pro.p$est
  delta        mu      mu_1      mu_0         de        se_1        se_0
1   0.5 0.4683424 0.2620596 0.6150852 -0.3530256  0.03687727  0.05308281
2   1.0 0.3625810 0.2251823 0.5620024 -0.3368201  0.00000000  0.00000000
3   2.0 0.2808460 0.2010677 0.5161129 -0.3150451 -0.02411458 -0.04588950
           oe         te
1  0.10576147 -0.2999428
2  0.00000000 -0.3368201
3 -0.08173498 -0.3609346

[[1]]$pro.p$se
  delta         mu       mu_1       mu_0         de       se_1       se_0
1   0.5 0.01911094 0.02744383 0.02624212 0.03846926 0.02546376 0.02105830
2   1.0 0.01132035 0.01029595 0.01544582 0.01419419 0.00000000 0.00000000
3   2.0 0.01808193 0.01765753 0.02458071 0.02182885 0.01319636 0.02024479
          oe         te
1 0.01599539 0.02955388
2 0.00000000 0.01419419
3 0.01464389 0.02120169


[[1]]$pro.np
[[1]]$pro.np$est
  delta        mu      mu_1      mu_0         de        se_1        se_0
1   0.5 0.4644680 0.2753865 0.5940078 -0.3186213  0.03791293  0.06896320
2   1.0 0.3589686 0.2374735 0.5250446 -0.2875710  0.00000000  0.00000000
3   2.0 0.2855090 0.2152898 0.4775027 -0.2622130 -0.02218378 -0.04754182
           oe         te
1  0.10549947 -0.2496581
2  0.00000000 -0.2875710
3 -0.07345959 -0.3097548

[[1]]$pro.np$se
  delta         mu       mu_1       mu_0         de       se_1       se_0
1   0.5 0.01966151 0.02537747 0.02509777 0.03266186 0.02338490 0.02016818
2   1.0 0.01165230 0.01077749 0.01509510 0.01335860 0.00000000 0.00000000
3   2.0 0.01876618 0.01910695 0.02215008 0.02046182 0.01435906 0.01792470
          oe         te
1 0.01646484 0.02699862
2 0.00000000 0.01335860
3 0.01511061 0.02168672


[[1]]$ipw.p
[[1]]$ipw.p$est
  delta        mu      mu_1      mu_0         de         se_1        se_0
1   0.5 0.5312456 0.2836053 0.7081755 -0.4245702  0.051399518 0.142926203
2   1.0 0.3688024 0.2322058 0.5652493 -0.3330435  0.000000000 0.000000000
3   2.0 0.3157217 0.2266525 0.5694180 -0.3427655 -0.005553284 0.004168684
           oe         te
1  0.16244325 -0.2816440
2  0.00000000 -0.3330435
3 -0.05308067 -0.3385968

[[1]]$ipw.p$se
  delta          mu        mu_1       mu_0         de       se_1       se_0
1   0.5 0.076221913 0.039250161 0.10622255 0.07728397 0.03888087 0.10010220
2   1.0 0.009153535 0.009260575 0.01658976 0.01826787 0.00000000 0.00000000
3   2.0 0.020924703 0.020365453 0.02935970 0.02257210 0.01706573 0.03397882
          oe         te
1 0.07397692 0.03771595
2 0.00000000 0.01826787
3 0.02137093 0.02923893


[[1]]$ipw.np
[[1]]$ipw.np$est
  delta        mu      mu_1      mu_0         de         se_1        se_0
1   0.5 0.5246227 0.2902881 0.6867341 -0.3964460 0.0503476868 0.142169467
2   1.0 0.3688024 0.2399404 0.5445646 -0.3046242 0.0000000000 0.000000000
3   2.0 0.3257918 0.2400919 0.5541953 -0.3141034 0.0001514979 0.009630643
           oe         te
1  0.15582034 -0.2542766
2  0.00000000 -0.3046242
3 -0.04301053 -0.3044728

[[1]]$ipw.np$se
  delta          mu        mu_1       mu_0         de       se_1       se_0
1   0.5 0.074669894 0.039568770 0.10365060 0.07563970 0.03923446 0.09770239
2   1.0 0.009153535 0.009579731 0.01609866 0.01799759 0.00000000 0.00000000
3   2.0 0.022052203 0.021911947 0.02893640 0.02189794 0.01824916 0.03329495
          oe         te
1 0.07248198 0.03792380
2 0.00000000 0.01799759
3 0.02226210 0.03008278



[1] "Total run time was 336.183 seconds"
