WARNING: ignoring environment value of R_HOME

Attaching package: ‘dplyr’

The following objects are masked from ‘package:stats’:

    filter, lag

The following objects are masked from ‘package:base’:

    intersect, setdiff, setequal, union

Loading required package: splines
Loading required package: foreach
Loaded gam 1.20.2

Super Learner
Version: 2.0-28
Package created on 2021-05-04

Loading required package: lattice
Loading required package: ggplot2
Loading required package: Matrix
Loaded glmnet 4.1-7
Loading required package: Formula
Loading required package: plotmo
Loading required package: plotrix
Loading required package: TeachingDemos
Loaded gbm 2.1.8.1

Attaching package: ‘xgboost’

The following object is masked from ‘package:dplyr’:

    slice

[1] "[Simulation setting]"
[1] "m: 500"
[1] "deltas: 0.5, 1, 2"
[1] "Sim.id 1"
[1] "Data generated"
[1] "Proposed & IPW estimators"
[1] "   Split: 1"
[1] "   Split: 2"
[1] "Estimates and SE estimates computed"
[1] ""
[[1]]
[[1]]$pro.p
[[1]]$pro.p$est
  delta        mu      mu_1      mu_0         de        se_1         se_0
1   0.5 0.4234178 0.2442060 0.5559014 -0.3116954  0.01496972 -0.004016779
2   1.0 0.3631227 0.2292363 0.5599182 -0.3306819  0.00000000  0.000000000
3   2.0 0.2911895 0.1996857 0.5584106 -0.3587249 -0.02955062 -0.001507567
           oe         te
1  0.06029512 -0.3157122
2  0.00000000 -0.3306819
3 -0.07193316 -0.3602325

[[1]]$pro.p$se
  delta         mu       mu_1       mu_0         de       se_1       se_0
1   0.5 0.01889981 0.01391775 0.02565313 0.02202997 0.01061448 0.02015593
2   1.0 0.01157613 0.01028290 0.01601983 0.01461522 0.00000000 0.00000000
3   2.0 0.01828919 0.01689395 0.02548427 0.02155590 0.01290928 0.02007074
          oe         te
1 0.01507320 0.01663573
2 0.00000000 0.01461522
3 0.01430561 0.02006390


[[1]]$pro.np
[[1]]$pro.np$est
  delta        mu      mu_1      mu_0         de        se_1         se_0
1   0.5 0.4217113 0.2620984 0.5338969 -0.2717985  0.02234541 -0.006434639
2   1.0 0.3644220 0.2397530 0.5403315 -0.3005786  0.00000000  0.000000000
3   2.0 0.2971823 0.2139801 0.5352599 -0.3212798 -0.02577286 -0.005071642
           oe         te
1  0.05728937 -0.2782331
2  0.00000000 -0.3005786
3 -0.06723964 -0.3263514

[[1]]$pro.np$se
  delta         mu       mu_1       mu_0         de        se_1       se_0
1   0.5 0.01724453 0.01303964 0.02324314 0.02012561 0.009512477 0.01738905
2   1.0 0.01179319 0.01047989 0.01535513 0.01299304 0.000000000 0.00000000
3   2.0 0.01877172 0.01723737 0.02539833 0.02039448 0.012881198 0.02010635
          oe         te
1 0.01292826 0.01484349
2 0.00000000 0.01299304
3 0.01449128 0.01896676


[[1]]$ipw.p
[[1]]$ipw.p$est
  delta        mu      mu_1      mu_0         de         se_1        se_0
1   0.5 0.3725040 0.2252329 0.4845631 -0.2593301 -0.003931024 -0.07801776
2   1.0 0.3630098 0.2291639 0.5625808 -0.3334169  0.000000000  0.00000000
3   2.0 0.2774602 0.1909967 0.5336966 -0.3426999 -0.038167227 -0.02888418
            oe         te
1  0.009494213 -0.3373479
2  0.000000000 -0.3334169
3 -0.085549598 -0.3715841

[[1]]$ipw.p$se
  delta         mu        mu_1       mu_0         de       se_1       se_0
1   0.5 0.02726462 0.015031771 0.04088357 0.03546678 0.01375112 0.03302744
2   1.0 0.00918103 0.009447522 0.01647744 0.01824919 0.00000000 0.00000000
3   2.0 0.01817927 0.018299422 0.02726649 0.02370614 0.01536239 0.03052779
          oe         te
1 0.02420773 0.01649314
2 0.00000000 0.01824919
3 0.01861565 0.02722066


[[1]]$ipw.np
[[1]]$ipw.np$est
  delta        mu      mu_1      mu_0         de         se_1        se_0
1   0.5 0.3698048 0.2296599 0.4742586 -0.2445987 -0.004039815 -0.07659357
2   1.0 0.3630098 0.2336997 0.5508522 -0.3171525  0.000000000  0.00000000
3   2.0 0.2777134 0.1931870 0.5198898 -0.3267028 -0.040512709 -0.03096238
            oe         te
1  0.006794948 -0.3211923
2  0.000000000 -0.3171525
3 -0.085296446 -0.3576652

[[1]]$ipw.np$se
  delta         mu        mu_1       mu_0         de       se_1       se_0
1   0.5 0.02683207 0.015212741 0.03970220 0.03415799 0.01402230 0.03196087
2   1.0 0.00918103 0.009641759 0.01618486 0.01807144 0.00000000 0.00000000
3   2.0 0.01748322 0.017642738 0.02627613 0.02312293 0.01448693 0.02944339
          oe         te
1 0.02385483 0.01640349
2 0.00000000 0.01807144
3 0.01787575 0.02653252



[1] "Total run time was 245.799 seconds"
