WARNING: ignoring environment value of R_HOME

Attaching package: ‘dplyr’

The following objects are masked from ‘package:stats’:

    filter, lag

The following objects are masked from ‘package:base’:

    intersect, setdiff, setequal, union

Loading required package: splines
Loading required package: foreach
Loaded gam 1.20.2

Super Learner
Version: 2.0-28
Package created on 2021-05-04

Loading required package: lattice
Loading required package: ggplot2
Loading required package: Matrix
Loaded glmnet 4.1-7
Loading required package: Formula
Loading required package: plotmo
Loading required package: plotrix
Loading required package: TeachingDemos
Loaded gbm 2.1.8.1

Attaching package: ‘xgboost’

The following object is masked from ‘package:dplyr’:

    slice

[1] "[Simulation setting]"
[1] "m: 500"
[1] "deltas: 0.5, 1, 2"
[1] "Sim.id 1"
[1] "Data generated"
[1] "Proposed & IPW estimators"
[1] "   Split: 1"
[1] "   Split: 2"
[1] "Estimates and SE estimates computed"
[1] ""
[[1]]
[[1]]$pro.p
[[1]]$pro.p$est
  delta        mu      mu_1      mu_0         de        se_1        se_0
1   0.5 0.4890099 0.2926500 0.6304594 -0.3378095  0.04233559  0.03540308
2   1.0 0.3905905 0.2503144 0.5950564 -0.3447420  0.00000000  0.00000000
3   2.0 0.2799269 0.1940644 0.5408287 -0.3467644 -0.05625002 -0.05422762
           oe         te
1  0.09841939 -0.3024064
2  0.00000000 -0.3447420
3 -0.11066355 -0.4009920

[[1]]$pro.p$se
  delta         mu       mu_1       mu_0         de       se_1       se_0
1   0.5 0.01711150 0.01687166 0.02172161 0.02272867 0.01440913 0.01693171
2   1.0 0.01118125 0.01002967 0.01533211 0.01428386 0.00000000 0.00000000
3   2.0 0.01753546 0.01715327 0.02379946 0.02233930 0.01316540 0.01903870
          oe         te
1 0.01413346 0.01958107
2 0.00000000 0.01428386
3 0.01380673 0.02064564


[[1]]$pro.np
[[1]]$pro.np$est
  delta        mu      mu_1      mu_0         de        se_1        se_0
1   0.5 0.4741192 0.3017848 0.5948383 -0.2930535  0.04326573  0.02679664
2   1.0 0.3868823 0.2585191 0.5680416 -0.3095226  0.00000000  0.00000000
3   2.0 0.2843800 0.2008922 0.5294762 -0.3285840 -0.05762687 -0.03856541
           oe         te
1  0.08723685 -0.2662568
2  0.00000000 -0.3095226
3 -0.10250231 -0.3671494

[[1]]$pro.np$se
  delta         mu       mu_1       mu_0         de       se_1       se_0
1   0.5 0.01521786 0.01540221 0.01851034 0.01960034 0.01270900 0.01465315
2   1.0 0.01146654 0.01035159 0.01475679 0.01271052 0.00000000 0.00000000
3   2.0 0.01848935 0.01784476 0.02425089 0.02200839 0.01346583 0.01895172
          oe         te
1 0.01224561 0.01717230
2 0.00000000 0.01271052
3 0.01418251 0.01980368


[[1]]$ipw.p
[[1]]$ipw.p$est
  delta        mu      mu_1      mu_0         de        se_1        se_0
1   0.5 0.4694157 0.2869301 0.6038135 -0.3168833  0.03453317  0.01970459
2   1.0 0.3876583 0.2523969 0.5841089 -0.3317119  0.00000000  0.00000000
3   2.0 0.3207690 0.2370338 0.5626936 -0.3256598 -0.01536318 -0.02141530
           oe         te
1  0.08175742 -0.2971787
2  0.00000000 -0.3317119
3 -0.06688924 -0.3470751

[[1]]$ipw.p$se
  delta          mu        mu_1       mu_0         de       se_1       se_0
1   0.5 0.044301904 0.024075179 0.06297678 0.04801745 0.02356641 0.05613213
2   1.0 0.009177755 0.009175424 0.01646914 0.01786498 0.00000000 0.00000000
3   2.0 0.023579840 0.024841707 0.02720499 0.02144197 0.02232016 0.03218057
          oe         te
1 0.04180026 0.02306433
2 0.00000000 0.01786498
3 0.02427349 0.03288241


[[1]]$ipw.np
[[1]]$ipw.np$est
  delta        mu      mu_1      mu_0         de        se_1        se_0
1   0.5 0.4693422 0.2948872 0.5937479 -0.2988607  0.03700017  0.02302792
2   1.0 0.3876583 0.2578870 0.5707200 -0.3128330  0.00000000  0.00000000
3   2.0 0.3236868 0.2426661 0.5520286 -0.3093625 -0.01522088 -0.01869131
           oe         te
1  0.08168394 -0.2758328
2  0.00000000 -0.3128330
3 -0.06397144 -0.3280538

[[1]]$ipw.np$se
  delta          mu       mu_1       mu_0         de       se_1       se_0
1   0.5 0.044994625 0.02504601 0.06259054 0.04692429 0.02457527 0.05597270
2   1.0 0.009177755 0.00937355 0.01612219 0.01763025 0.00000000 0.00000000
3   2.0 0.023803843 0.02530258 0.02735114 0.02083766 0.02264387 0.03201532
          oe         te
1 0.04254589 0.02381938
2 0.00000000 0.01763025
3 0.02440460 0.03299646



[1] "Total run time was 366.215 seconds"
