WARNING: ignoring environment value of R_HOME

Attaching package: ‘dplyr’

The following objects are masked from ‘package:stats’:

    filter, lag

The following objects are masked from ‘package:base’:

    intersect, setdiff, setequal, union

Loading required package: splines
Loading required package: foreach
Loaded gam 1.20.2

Super Learner
Version: 2.0-28
Package created on 2021-05-04

Loading required package: lattice
Loading required package: ggplot2
Loading required package: Matrix
Loaded glmnet 4.1-7
Loading required package: Formula
Loading required package: plotmo
Loading required package: plotrix
Loading required package: TeachingDemos
Loaded gbm 2.1.8.1

Attaching package: ‘xgboost’

The following object is masked from ‘package:dplyr’:

    slice

[1] "[Simulation setting]"
[1] "m: 500"
[1] "deltas: 0.5, 1, 2"
[1] "Sim.id 1"
[1] "Data generated"
[1] "Proposed & IPW estimators"
[1] "   Split: 1"
[1] "   Split: 2"
[1] "Estimates and SE estimates computed"
[1] ""
[[1]]
[[1]]$pro.p
[[1]]$pro.p$est
  delta        mu      mu_1      mu_0         de        se_1        se_0
1   0.5 0.4461809 0.2679969 0.5784367 -0.3104397  0.04650144  0.05309563
2   1.0 0.3447295 0.2214955 0.5253410 -0.3038455  0.00000000  0.00000000
3   2.0 0.2750635 0.2011788 0.4886208 -0.2874420 -0.02031673 -0.03672028
           oe         te
1  0.10145138 -0.2573441
2  0.00000000 -0.3038455
3 -0.06966599 -0.3241623

[[1]]$pro.p$se
  delta         mu       mu_1       mu_0         de       se_1       se_0
1   0.5 0.01878386 0.02199178 0.02245974 0.02663193 0.01941090 0.01668668
2   1.0 0.01155772 0.01041472 0.01527786 0.01374171 0.00000000 0.00000000
3   2.0 0.01687944 0.01727636 0.02112464 0.02094449 0.01307876 0.01653346
          oe         te
1 0.01442253 0.02266513
2 0.00000000 0.01374171
3 0.01332327 0.02061815


[[1]]$pro.np
[[1]]$pro.np$est
  delta        mu      mu_1      mu_0         de        se_1        se_0
1   0.5 0.4551053 0.2815959 0.5755836 -0.2939877  0.04749690  0.07456683
2   1.0 0.3464773 0.2340990 0.5010168 -0.2669177  0.00000000  0.00000000
3   2.0 0.2823633 0.2141207 0.4728283 -0.2587076 -0.01997839 -0.02818850
           oe         te
1  0.10862799 -0.2194208
2  0.00000000 -0.2669177
3 -0.06411395 -0.2868961

[[1]]$pro.np$se
  delta         mu       mu_1       mu_0         de       se_1       se_0
1   0.5 0.03703367 0.02619597 0.04570233 0.02672236 0.02386103 0.04300321
2   1.0 0.01171563 0.01067061 0.01480283 0.01248978 0.00000000 0.00000000
3   2.0 0.01701422 0.01704482 0.02066042 0.01897493 0.01244441 0.01579967
          oe         te
1 0.03442251 0.02614302
2 0.00000000 0.01248978
3 0.01293240 0.01909331


[[1]]$ipw.p
[[1]]$ipw.p$est
  delta        mu      mu_1      mu_0         de        se_1        se_0
1   0.5 0.5811073 0.2723305 0.8007274 -0.5283969  0.05052786  0.27115933
2   1.0 0.3477667 0.2218026 0.5295681 -0.3077655  0.00000000  0.00000000
3   2.0 0.2656252 0.1914285 0.4789303 -0.2875019 -0.03037419 -0.05063778
           oe         te
1  0.23334064 -0.2572376
2  0.00000000 -0.3077655
3 -0.08214144 -0.3381397

[[1]]$ipw.p$se
  delta          mu        mu_1       mu_0         de       se_1       se_0
1   0.5 0.191384876 0.040342726 0.29659947 0.25963228 0.04001626 0.29263517
2   1.0 0.009462576 0.009386822 0.01685804 0.01828094 0.00000000 0.00000000
3   2.0 0.015793582 0.016102265 0.02397681 0.02193882 0.01254324 0.02819558
          oe         te
1 0.18977213 0.03744866
2 0.00000000 0.01828094
3 0.01652205 0.02616040


[[1]]$ipw.np
[[1]]$ipw.np$est
  delta        mu      mu_1      mu_0         de        se_1        se_0
1   0.5 0.6200834 0.2837143 0.8628596 -0.5791453  0.05629064  0.34752834
2   1.0 0.3477667 0.2274236 0.5153313 -0.2879077  0.00000000  0.00000000
3   2.0 0.2685258 0.1970772 0.4668497 -0.2697725 -0.03034642 -0.04848155
           oe         te
1  0.27231679 -0.2316170
2  0.00000000 -0.2879077
3 -0.07924091 -0.3182541

[[1]]$ipw.np$se
  delta          mu        mu_1       mu_0         de       se_1       se_0
1   0.5 0.233668314 0.046500879 0.37223540 0.32865398 0.04627961 0.36840122
2   1.0 0.009462576 0.009633461 0.01646509 0.01802163 0.00000000 0.00000000
3   2.0 0.016452250 0.016877078 0.02386176 0.02153312 0.01320782 0.02787734
          oe         te
1 0.23217192 0.04334508
2 0.00000000 0.01802163
3 0.01706018 0.02635416



[1] "Total run time was 427.374 seconds"
