WARNING: ignoring environment value of R_HOME

Attaching package: ‘dplyr’

The following objects are masked from ‘package:stats’:

    filter, lag

The following objects are masked from ‘package:base’:

    intersect, setdiff, setequal, union

Loading required package: splines
Loading required package: foreach
Loaded gam 1.20.2

Super Learner
Version: 2.0-28
Package created on 2021-05-04

Loading required package: lattice
Loading required package: ggplot2
Loading required package: Matrix
Loaded glmnet 4.1-7
Loading required package: Formula
Loading required package: plotmo
Loading required package: plotrix
Loading required package: TeachingDemos
Loaded gbm 2.1.8.1

Attaching package: ‘xgboost’

The following object is masked from ‘package:dplyr’:

    slice

[1] "[Simulation setting]"
[1] "m: 500"
[1] "deltas: 0.5, 1, 2"
[1] "Sim.id 1"
[1] "Data generated"
[1] "Proposed & IPW estimators"
[1] "   Split: 1"
[1] "   Split: 2"
[1] "Estimates and SE estimates computed"
[1] ""
[[1]]
[[1]]$pro.p
[[1]]$pro.p$est
  delta        mu      mu_1      mu_0         de        se_1         se_0
1   0.5 0.4100329 0.2527816 0.5215550 -0.2687734  0.03578066 -0.007548134
2   1.0 0.3443877 0.2170009 0.5291031 -0.3121022  0.00000000  0.000000000
3   2.0 0.2585779 0.1792329 0.4925646 -0.3133316 -0.03776801 -0.036538532
           oe         te
1  0.06564515 -0.2763215
2  0.00000000 -0.3121022
3 -0.08580988 -0.3498702

[[1]]$pro.p$se
  delta         mu       mu_1       mu_0         de       se_1       se_0
1   0.5 0.01575494 0.01609248 0.02354490 0.02797177 0.01362692 0.01991339
2   1.0 0.01146356 0.01028132 0.01588284 0.01424151 0.00000000 0.00000000
3   2.0 0.01976249 0.01915150 0.02527135 0.02275368 0.01486490 0.01968257
          oe         te
1 0.01339525 0.01946336
2 0.00000000 0.01424151
3 0.01530943 0.02136943


[[1]]$pro.np
[[1]]$pro.np$est
  delta        mu      mu_1      mu_0         de        se_1         se_0
1   0.5 0.4008844 0.2544115 0.5007560 -0.2463446  0.02466203 -0.005467277
2   1.0 0.3450525 0.2297494 0.5062233 -0.2764739  0.00000000  0.000000000
3   2.0 0.2788519 0.2116110 0.4732783 -0.2616673 -0.01813846 -0.032944990
           oe         te
1  0.05583185 -0.2518118
2  0.00000000 -0.2764739
3 -0.06620062 -0.2946123

[[1]]$pro.np$se
  delta         mu       mu_1       mu_0         de       se_1       se_0
1   0.5 0.01420776 0.01518694 0.01891706 0.02213148 0.01284294 0.01546480
2   1.0 0.01165711 0.01074277 0.01470675 0.01223340 0.00000000 0.00000000
3   2.0 0.02215492 0.02213486 0.02346215 0.02047473 0.01706617 0.01760497
          oe         te
1 0.01173512 0.01745726
2 0.00000000 0.01223340
3 0.01683612 0.02178770


[[1]]$ipw.p
[[1]]$ipw.p$est
  delta        mu      mu_1      mu_0         de        se_1         se_0
1   0.5 0.4307924 0.2674932 0.5495822 -0.2820890  0.03771527  0.001045883
2   1.0 0.3597659 0.2297779 0.5485363 -0.3187584  0.00000000  0.000000000
3   2.0 0.2836119 0.1992084 0.5233612 -0.3241528 -0.03056953 -0.025175062
           oe         te
1  0.07102644 -0.2810431
2  0.00000000 -0.3187584
3 -0.07615402 -0.3493279

[[1]]$ipw.p$se
  delta          mu        mu_1       mu_0         de       se_1       se_0
1   0.5 0.041855589 0.024461091 0.05698288 0.04046239 0.02366010 0.05083731
2   1.0 0.009076587 0.009168844 0.01582450 0.01704906 0.00000000 0.00000000
3   2.0 0.017920244 0.017827416 0.02633699 0.02252300 0.01540838 0.02954826
          oe         te
1 0.03945367 0.02338723
2 0.00000000 0.01704906
3 0.01849612 0.02642671


[[1]]$ipw.np
[[1]]$ipw.np$est
  delta        mu      mu_1      mu_0         de        se_1         se_0
1   0.5 0.4282622 0.2741228 0.5384146 -0.2642918  0.03861556  0.004785263
2   1.0 0.3597659 0.2355072 0.5336294 -0.2981221  0.00000000  0.000000000
3   2.0 0.2834828 0.2029274 0.5051707 -0.3022433 -0.03257980 -0.028458691
           oe         te
1  0.06849625 -0.2595066
2  0.00000000 -0.2981221
3 -0.07628313 -0.3307019

[[1]]$ipw.np$se
  delta          mu        mu_1       mu_0         de       se_1       se_0
1   0.5 0.041670352 0.025366031 0.05614180 0.03909700 0.02458726 0.05025911
2   1.0 0.009076587 0.009417195 0.01536874 0.01674916 0.00000000 0.00000000
3   2.0 0.017841496 0.018531908 0.02489073 0.02201315 0.01590159 0.02789894
          oe         te
1 0.03937147 0.02405205
2 0.00000000 0.01674916
3 0.01827022 0.02656763



[1] "Total run time was 338.706 seconds"
