WARNING: ignoring environment value of R_HOME

Attaching package: ‘dplyr’

The following objects are masked from ‘package:stats’:

    filter, lag

The following objects are masked from ‘package:base’:

    intersect, setdiff, setequal, union

Loading required package: splines
Loading required package: foreach
Loaded gam 1.20.2

Super Learner
Version: 2.0-28
Package created on 2021-05-04

Loading required package: lattice
Loading required package: ggplot2
Loading required package: Matrix
Loaded glmnet 4.1-7
Loading required package: Formula
Loading required package: plotmo
Loading required package: plotrix
Loading required package: TeachingDemos
Loaded gbm 2.1.8.1

Attaching package: ‘xgboost’

The following object is masked from ‘package:dplyr’:

    slice

[1] "[Simulation setting]"
[1] "m: 500"
[1] "deltas: 0.5, 1, 2"
[1] "Sim.id 1"
[1] "Data generated"
[1] "Proposed & IPW estimators"
[1] "   Split: 1"
[1] "   Split: 2"
[1] "Estimates and SE estimates computed"
[1] ""
[[1]]
[[1]]$pro.p
[[1]]$pro.p$est
  delta        mu      mu_1      mu_0         de        se_1        se_0
1   0.5 0.4296399 0.2388287 0.5889667 -0.3501381  0.02010268  0.04556260
2   1.0 0.3415357 0.2187260 0.5434041 -0.3246781  0.00000000  0.00000000
3   2.0 0.2527580 0.1797077 0.5006509 -0.3209432 -0.03901833 -0.04275327
           oe         te
1  0.08810425 -0.3045755
2  0.00000000 -0.3246781
3 -0.08877763 -0.3636965

[[1]]$pro.p$se
  delta         mu       mu_1       mu_0         de       se_1       se_0
1   0.5 0.01502911 0.01386155 0.01966180 0.02036614 0.01108977 0.01533054
2   1.0 0.01218064 0.01124569 0.01598196 0.01403755 0.00000000 0.00000000
3   2.0 0.02036875 0.02006755 0.02520983 0.02178337 0.01460927 0.01914956
          oe         te
1 0.01160047 0.01681432
2 0.00000000 0.01403755
3 0.01543925 0.02207723


[[1]]$pro.np
[[1]]$pro.np$est
  delta        mu      mu_1      mu_0         de        se_1        se_0
1   0.5 0.4292315 0.2557775 0.5696489 -0.3138714  0.02247987  0.05073531
2   1.0 0.3448692 0.2332977 0.5189136 -0.2856160  0.00000000  0.00000000
3   2.0 0.2631723 0.1980680 0.4725625 -0.2744945 -0.03522968 -0.04635115
           oe         te
1  0.08436236 -0.2631361
2  0.00000000 -0.2856160
3 -0.08169685 -0.3208457

[[1]]$pro.np$se
  delta         mu       mu_1       mu_0         de       se_1       se_0
1   0.5 0.01476548 0.01384917 0.01877396 0.01942685 0.01042373 0.01425799
2   1.0 0.01260782 0.01143670 0.01561854 0.01250192 0.00000000 0.00000000
3   2.0 0.02067839 0.01996902 0.02472842 0.02065051 0.01467877 0.01770064
          oe         te
1 0.01074761 0.01570124
2 0.00000000 0.01250192
3 0.01525877 0.02057464


[[1]]$ipw.p
[[1]]$ipw.p$est
  delta        mu      mu_1      mu_0         de         se_1        se_0
1   0.5 0.3931195 0.2387332 0.5193275 -0.2805943  0.008469961 -0.03834279
2   1.0 0.3559309 0.2302633 0.5576703 -0.3274070  0.000000000  0.00000000
3   2.0 0.2760792 0.1975770 0.5250771 -0.3275001 -0.032686247 -0.03259316
           oe         te
1  0.03718860 -0.3189371
2  0.00000000 -0.3274070
3 -0.07985171 -0.3600933

[[1]]$ipw.p$se
  delta          mu       mu_1       mu_0         de       se_1       se_0
1   0.5 0.028245162 0.01596533 0.04416493 0.03962297 0.01546356 0.03778327
2   1.0 0.009407771 0.01028188 0.01536026 0.01688490 0.00000000 0.00000000
3   2.0 0.019954086 0.02069011 0.02868083 0.02625855 0.01638703 0.02940989
          oe         te
1 0.02641783 0.01708179
2 0.00000000 0.01688490
3 0.01845201 0.02753371


[[1]]$ipw.np
[[1]]$ipw.np$est
  delta        mu      mu_1      mu_0         de        se_1        se_0
1   0.5 0.3907640 0.2491619 0.5008579 -0.2516960  0.01146964 -0.03659051
2   1.0 0.3560920 0.2376922 0.5374484 -0.2997561  0.00000000  0.00000000
3   2.0 0.2764089 0.2016210 0.5036964 -0.3020754 -0.03607122 -0.03375196
           oe         te
1  0.03467201 -0.2882865
2  0.00000000 -0.2997561
3 -0.07968311 -0.3358274

[[1]]$ipw.np$se
  delta          mu       mu_1       mu_0         de       se_1       se_0
1   0.5 0.027708655 0.01669421 0.04207001 0.03769260 0.01619921 0.03589815
2   1.0 0.009434414 0.01061655 0.01495440 0.01660558 0.00000000 0.00000000
3   2.0 0.020075605 0.02096393 0.02817759 0.02493635 0.01645430 0.02884548
          oe         te
1 0.02588627 0.01738122
2 0.00000000 0.01660558
3 0.01854400 0.02734543



[1] "Total run time was 453.804 seconds"
