WARNING: ignoring environment value of R_HOME

Attaching package: ‘dplyr’

The following objects are masked from ‘package:stats’:

    filter, lag

The following objects are masked from ‘package:base’:

    intersect, setdiff, setequal, union

Loading required package: splines
Loading required package: foreach
Loaded gam 1.20.2

Super Learner
Version: 2.0-28
Package created on 2021-05-04

Loading required package: lattice
Loading required package: ggplot2
Loading required package: Matrix
Loaded glmnet 4.1-7
Loading required package: Formula
Loading required package: plotmo
Loading required package: plotrix
Loading required package: TeachingDemos
Loaded gbm 2.1.8.1

Attaching package: ‘xgboost’

The following object is masked from ‘package:dplyr’:

    slice

[1] "[Simulation setting]"
[1] "m: 500"
[1] "deltas: 0.5, 1, 2"
[1] "Sim.id 1"
[1] "Data generated"
[1] "Proposed & IPW estimators"
[1] "   Split: 1"
[1] "   Split: 2"
[1] "Estimates and SE estimates computed"
[1] ""
[[1]]
[[1]]$pro.p
[[1]]$pro.p$est
  delta        mu      mu_1      mu_0         de        se_1        se_0
1   0.5 0.4627326 0.2544562 0.6260729 -0.3716166  0.01156375  0.05673859
2   1.0 0.3707524 0.2428925 0.5693343 -0.3264418  0.00000000  0.00000000
3   2.0 0.3059501 0.2214477 0.5554196 -0.3339719 -0.02144483 -0.01391471
           oe         te
1  0.09198017 -0.3148781
2  0.00000000 -0.3264418
3 -0.06480231 -0.3478866

[[1]]$pro.p$se
  delta         mu       mu_1       mu_0         de       se_1       se_0
1   0.5 0.01488665 0.01317097 0.02115720 0.02328141 0.01117086 0.01871623
2   1.0 0.01165439 0.01072644 0.01556527 0.01411555 0.00000000 0.00000000
3   2.0 0.02203558 0.02381271 0.02797106 0.03056328 0.01932891 0.02087785
          oe         te
1 0.01249373 0.01682098
2 0.00000000 0.01411555
3 0.01744267 0.02584950


[[1]]$pro.np
[[1]]$pro.np$est
  delta        mu      mu_1      mu_0         de         se_1         se_0
1   0.5 0.4533999 0.2649789 0.5965811 -0.3316022  0.005255001  0.046238189
2   1.0 0.3769881 0.2597238 0.5503429 -0.2906190  0.000000000  0.000000000
3   2.0 0.3277425 0.2495605 0.5411172 -0.2915567 -0.010163327 -0.009225677
           oe         te
1  0.07641186 -0.2853640
2  0.00000000 -0.2906190
3 -0.04924556 -0.3007823

[[1]]$pro.np$se
  delta         mu       mu_1       mu_0         de       se_1       se_0
1   0.5 0.01347535 0.01257346 0.01864848 0.02071955 0.01045148 0.01625679
2   1.0 0.01193696 0.01113789 0.01500672 0.01290699 0.00000000 0.00000000
3   2.0 0.02365259 0.02614701 0.02568903 0.02998271 0.02162872 0.01850876
          oe         te
1 0.01119745 0.01564123
2 0.00000000 0.01290699
3 0.01877646 0.02699541


[[1]]$ipw.p
[[1]]$ipw.p$est
  delta        mu      mu_1      mu_0         de       se_1        se_0
1   0.5 0.4504767 0.2529426 0.6082831 -0.3553405 0.01831980  0.04049029
2   1.0 0.3629598 0.2346228 0.5677928 -0.3331700 0.00000000  0.00000000
3   2.0 0.3178977 0.2471014 0.5423726 -0.2952712 0.01247864 -0.02542026
           oe         te
1  0.08751695 -0.3148502
2  0.00000000 -0.3331700
3 -0.04506209 -0.3206914

[[1]]$ipw.p$se
  delta          mu        mu_1       mu_0         de       se_1       se_0
1   0.5 0.043790252 0.016529853 0.06841408 0.05912581 0.01700948 0.06352613
2   1.0 0.008364929 0.009567745 0.01489395 0.01755578 0.00000000 0.00000000
3   2.0 0.037732583 0.040360495 0.03831786 0.02990684 0.03716534 0.04026098
          oe         te
1 0.04251647 0.01732250
2 0.00000000 0.01755578
3 0.03686033 0.04533048


[[1]]$ipw.np
[[1]]$ipw.np$est
  delta        mu      mu_1      mu_0         de        se_1        se_0
1   0.5 0.4412471 0.2575453 0.5822990 -0.3247538 0.015719565  0.03145989
2   1.0 0.3636623 0.2418257 0.5508392 -0.3090134 0.000000000  0.00000000
3   2.0 0.3171796 0.2491914 0.5238568 -0.2746654 0.007365677 -0.02698234
           oe         te
1  0.07758475 -0.2932939
2  0.00000000 -0.3090134
3 -0.04648275 -0.3016478

[[1]]$ipw.np$se
  delta          mu       mu_1       mu_0         de       se_1       se_0
1   0.5 0.041413165 0.01636531 0.06338859 0.05455577 0.01694908 0.05863382
2   1.0 0.008428296 0.00989561 0.01451622 0.01738258 0.00000000 0.00000000
3   2.0 0.034980898 0.03784665 0.03535479 0.02987622 0.03437034 0.03715189
          oe         te
1 0.04019103 0.01713278
2 0.00000000 0.01738258
3 0.03401180 0.04287309



[1] "Total run time was 385.3 seconds"
