WARNING: ignoring environment value of R_HOME

Attaching package: ‘dplyr’

The following objects are masked from ‘package:stats’:

    filter, lag

The following objects are masked from ‘package:base’:

    intersect, setdiff, setequal, union

Loading required package: splines
Loading required package: foreach
Loaded gam 1.20.2

Super Learner
Version: 2.0-28
Package created on 2021-05-04

Loading required package: lattice
Loading required package: ggplot2
Loading required package: Matrix
Loaded glmnet 4.1-7
Loading required package: Formula
Loading required package: plotmo
Loading required package: plotrix
Loading required package: TeachingDemos
Loaded gbm 2.1.8.1

Attaching package: ‘xgboost’

The following object is masked from ‘package:dplyr’:

    slice

[1] "[Simulation setting]"
[1] "m: 500"
[1] "deltas: 0.5, 1, 2"
[1] "Sim.id 1"
[1] "Data generated"
[1] "Proposed & IPW estimators"
[1] "   Split: 1"
[1] "   Split: 2"
[1] "Estimates and SE estimates computed"
[1] ""
[[1]]
[[1]]$pro.p
[[1]]$pro.p$est
  delta        mu      mu_1      mu_0         de        se_1        se_0
1   0.5 0.4363904 0.2510982 0.5847829 -0.3336847  0.01542193  0.04865938
2   1.0 0.3519828 0.2356763 0.5361235 -0.3004472  0.00000000  0.00000000
3   2.0 0.2778273 0.2080744 0.4965245 -0.2884501 -0.02760186 -0.03959903
           oe         te
1  0.08440766 -0.2850253
2  0.00000000 -0.3004472
3 -0.07415548 -0.3280491

[[1]]$pro.p$se
  delta         mu       mu_1       mu_0         de       se_1       se_0
1   0.5 0.01541621 0.01428135 0.01907685 0.01846701 0.01178444 0.01562711
2   1.0 0.01146853 0.01078555 0.01466465 0.01330275 0.00000000 0.00000000
3   2.0 0.01939345 0.01914354 0.02529629 0.02269625 0.01416200 0.01982674
          oe         te
1 0.01248422 0.01626684
2 0.00000000 0.01330275
3 0.01492936 0.02132302


[[1]]$pro.np
[[1]]$pro.np$est
  delta        mu      mu_1      mu_0         de        se_1        se_0
1   0.5 0.4321746 0.2569234 0.5654884 -0.3085650  0.01914668  0.03926664
2   1.0 0.3532361 0.2377768 0.5262218 -0.2884450  0.00000000  0.00000000
3   2.0 0.2701732 0.1985114 0.4815959 -0.2830845 -0.03926531 -0.04462584
           oe         te
1  0.07893843 -0.2692983
2  0.00000000 -0.2884450
3 -0.08306290 -0.3277103

[[1]]$pro.np$se
  delta         mu       mu_1       mu_0         de       se_1       se_0
1   0.5 0.01474543 0.01372619 0.01774739 0.01654139 0.01106303 0.01411761
2   1.0 0.01173625 0.01089982 0.01465457 0.01237496 0.00000000 0.00000000
3   2.0 0.02110872 0.02275651 0.02332039 0.02423092 0.01774234 0.01732553
          oe         te
1 0.01156071 0.01524465
2 0.00000000 0.01237496
3 0.01635860 0.02398465


[[1]]$ipw.p
[[1]]$ipw.p$est
  delta        mu      mu_1      mu_0         de        se_1        se_0
1   0.5 0.4209497 0.2491613 0.5581822 -0.3090209  0.01117759  0.02543062
2   1.0 0.3526133 0.2379837 0.5327516 -0.2947679  0.00000000  0.00000000
3   2.0 0.2924415 0.2250444 0.4980950 -0.2730506 -0.01293934 -0.03465660
           oe         te
1  0.06833643 -0.2835903
2  0.00000000 -0.2947679
3 -0.06017177 -0.3077072

[[1]]$ipw.p$se
  delta          mu        mu_1       mu_0         de       se_1       se_0
1   0.5 0.031750005 0.018487218 0.04611951 0.03667602 0.01862898 0.04011686
2   1.0 0.008405159 0.009689649 0.01450581 0.01714978 0.00000000 0.00000000
3   2.0 0.021702008 0.021352866 0.03030997 0.02443601 0.01740903 0.03209780
          oe         te
1 0.03022264 0.01833537
2 0.00000000 0.01714978
3 0.02075206 0.02855977


[[1]]$ipw.np
[[1]]$ipw.np$est
  delta        mu      mu_1      mu_0         de        se_1        se_0
1   0.5 0.4223446 0.2563697 0.5523929 -0.2960232  0.01438936  0.02914688
2   1.0 0.3528980 0.2419804 0.5232460 -0.2812657  0.00000000  0.00000000
3   2.0 0.2951553 0.2291834 0.4901335 -0.2609501 -0.01279693 -0.03311251
           oe         te
1  0.06944658 -0.2668763
2  0.00000000 -0.2812657
3 -0.05774275 -0.2940626

[[1]]$ipw.np$se
  delta         mu        mu_1       mu_0         de       se_1       se_0
1   0.5 0.03255241 0.019492146 0.04645220 0.03607801 0.01963679 0.04068929
2   1.0 0.00842200 0.009813154 0.01429135 0.01697971 0.00000000 0.00000000
3   2.0 0.02175665 0.021727967 0.02928990 0.02379044 0.01778380 0.03104413
          oe         te
1 0.03108177 0.01910062
2 0.00000000 0.01697971
3 0.02082283 0.02871898



[1] "Total run time was 319.824 seconds"
