WARNING: ignoring environment value of R_HOME

Attaching package: ‘dplyr’

The following objects are masked from ‘package:stats’:

    filter, lag

The following objects are masked from ‘package:base’:

    intersect, setdiff, setequal, union

Loading required package: splines
Loading required package: foreach
Loaded gam 1.20.2

Super Learner
Version: 2.0-28
Package created on 2021-05-04

Loading required package: lattice
Loading required package: ggplot2
Loading required package: Matrix
Loaded glmnet 4.1-7
Loading required package: Formula
Loading required package: plotmo
Loading required package: plotrix
Loading required package: TeachingDemos
Loaded gbm 2.1.8.1

Attaching package: ‘xgboost’

The following object is masked from ‘package:dplyr’:

    slice

[1] "[Simulation setting]"
[1] "m: 500"
[1] "deltas: 0.5, 1, 2"
[1] "Sim.id 1"
[1] "Data generated"
[1] "Proposed & IPW estimators"
[1] "   Split: 1"
[1] "   Split: 2"
[1] "Estimates and SE estimates computed"
[1] ""
[[1]]
[[1]]$pro.p
[[1]]$pro.p$est
  delta        mu      mu_1      mu_0         de        se_1        se_0
1   0.5 0.4367139 0.2375047 0.5889173 -0.3514126  0.02662744  0.03666296
2   1.0 0.3454464 0.2108773 0.5522544 -0.3413771  0.00000000  0.00000000
3   2.0 0.2628752 0.1853591 0.5066556 -0.3212965 -0.02551823 -0.04559879
           oe         te
1  0.09126750 -0.3147496
2  0.00000000 -0.3413771
3 -0.08257119 -0.3668953

[[1]]$pro.p$se
  delta         mu       mu_1       mu_0         de       se_1       se_0
1   0.5 0.01794516 0.01592195 0.02399424 0.02343698 0.01326658 0.01945698
2   1.0 0.01140609 0.00992591 0.01566521 0.01353373 0.00000000 0.00000000
3   2.0 0.01874880 0.01918459 0.02541780 0.02550834 0.01538114 0.01888464
          oe         te
1 0.01448843 0.01822574
2 0.00000000 0.01353373
3 0.01487745 0.02198135


[[1]]$pro.np
[[1]]$pro.np$est
  delta        mu      mu_1      mu_0         de        se_1        se_0
1   0.5 0.4267434 0.2415530 0.5618870 -0.3203340  0.01854144  0.02958316
2   1.0 0.3488851 0.2230116 0.5323038 -0.3092922  0.00000000  0.00000000
3   2.0 0.2724733 0.1998424 0.4846532 -0.2848108 -0.02316919 -0.04765062
           oe         te
1  0.07785835 -0.2907508
2  0.00000000 -0.3092922
3 -0.07641179 -0.3324614

[[1]]$pro.np$se
  delta         mu       mu_1       mu_0         de       se_1       se_0
1   0.5 0.01649464 0.01450107 0.02181697 0.02096763 0.01150341 0.01697627
2   1.0 0.01167804 0.01035517 0.01524779 0.01270497 0.00000000 0.00000000
3   2.0 0.01856946 0.01927348 0.02301463 0.02347007 0.01488174 0.01686268
          oe         te
1 0.01263028 0.01628493
2 0.00000000 0.01270497
3 0.01412200 0.02121266


[[1]]$ipw.p
[[1]]$ipw.p$est
  delta        mu      mu_1      mu_0         de        se_1        se_0
1   0.5 0.4431153 0.2357969 0.6044632 -0.3686663  0.02396375  0.05888168
2   1.0 0.3424890 0.2118332 0.5455816 -0.3337484  0.00000000  0.00000000
3   2.0 0.2755858 0.1981114 0.5160703 -0.3179589 -0.01372183 -0.02951128
           oe         te
1  0.10062630 -0.3097846
2  0.00000000 -0.3337484
3 -0.06690323 -0.3474702

[[1]]$ipw.p$se
  delta          mu        mu_1       mu_0         de       se_1       se_0
1   0.5 0.037418633 0.020615368 0.05501718 0.04511821 0.02050415 0.04972984
2   1.0 0.008749357 0.009476921 0.01447449 0.01605312 0.00000000 0.00000000
3   2.0 0.022784830 0.023320653 0.02826917 0.02196225 0.01952907 0.02960569
          oe         te
1 0.03595283 0.02042895
2 0.00000000 0.01605312
3 0.02144975 0.02914721


[[1]]$ipw.np
[[1]]$ipw.np$est
  delta        mu      mu_1      mu_0         de        se_1        se_0
1   0.5 0.4318437 0.2390478 0.5750155 -0.3359677  0.02107935  0.04592161
2   1.0 0.3434454 0.2179685 0.5290939 -0.3111254  0.00000000  0.00000000
3   2.0 0.2805868 0.2047279 0.5032893 -0.2985614 -0.01324054 -0.02580453
           oe         te
1  0.08839838 -0.2900461
2  0.00000000 -0.3111254
3 -0.06285858 -0.3243659

[[1]]$ipw.np$se
  delta          mu       mu_1       mu_0         de       se_1       se_0
1   0.5 0.035600598 0.02057697 0.05092223 0.04117594 0.02053164 0.04588968
2   1.0 0.008825441 0.00972581 0.01407620 0.01577256 0.00000000 0.00000000
3   2.0 0.023561191 0.02469872 0.02740433 0.02184745 0.02083527 0.02854487
          oe         te
1 0.03423406 0.02033499
2 0.00000000 0.01577256
3 0.02212676 0.03000724



[1] "Total run time was 294.339 seconds"
