WARNING: ignoring environment value of R_HOME

Attaching package: ‘dplyr’

The following objects are masked from ‘package:stats’:

    filter, lag

The following objects are masked from ‘package:base’:

    intersect, setdiff, setequal, union

Loading required package: splines
Loading required package: foreach
Loaded gam 1.20.2

Super Learner
Version: 2.0-28
Package created on 2021-05-04

Loading required package: lattice
Loading required package: ggplot2
Loading required package: Matrix
Loaded glmnet 4.1-7
Loading required package: Formula
Loading required package: plotmo
Loading required package: plotrix
Loading required package: TeachingDemos
Loaded gbm 2.1.8.1

Attaching package: ‘xgboost’

The following object is masked from ‘package:dplyr’:

    slice

[1] "[Simulation setting]"
[1] "m: 500"
[1] "deltas: 0.5, 1, 2"
[1] "Sim.id 1"
[1] "Data generated"
[1] "Proposed & IPW estimators"
[1] "   Split: 1"
[1] "   Split: 2"
[1] "Estimates and SE estimates computed"
[1] ""
[[1]]
[[1]]$pro.p
[[1]]$pro.p$est
  delta        mu      mu_1      mu_0         de        se_1        se_0
1   0.5 0.4349564 0.2519760 0.5766231 -0.3246471  0.02998989  0.03655346
2   1.0 0.3461823 0.2219861 0.5400696 -0.3180835  0.00000000  0.00000000
3   2.0 0.2753626 0.1969008 0.5280266 -0.3311258 -0.02508527 -0.01204304
           oe         te
1  0.08877405 -0.2880936
2  0.00000000 -0.3180835
3 -0.07081973 -0.3431688

[[1]]$pro.p$se
  delta         mu       mu_1       mu_0         de        se_1       se_0
1   0.5 0.01641019 0.01262147 0.02173966 0.01911644 0.009892846 0.01727679
2   1.0 0.01150181 0.01060150 0.01545644 0.01365601 0.000000000 0.00000000
3   2.0 0.02049141 0.02130034 0.02459096 0.02376340 0.017023028 0.01880520
          oe         te
1 0.01288804 0.01524856
2 0.00000000 0.01365601
3 0.01677417 0.02354121


[[1]]$pro.np
[[1]]$pro.np$est
  delta        mu      mu_1      mu_0         de        se_1         se_0
1   0.5 0.4266545 0.2535847 0.5554493 -0.3018646  0.02128393  0.031645603
2   1.0 0.3502163 0.2323008 0.5238037 -0.2915029  0.00000000  0.000000000
3   2.0 0.2884182 0.2106057 0.5190814 -0.3084757 -0.02169505 -0.004722272
           oe         te
1  0.07643824 -0.2702190
2  0.00000000 -0.2915029
3 -0.06179801 -0.3131979

[[1]]$pro.np$se
  delta         mu       mu_1       mu_0         de        se_1       se_0
1   0.5 0.01583426 0.01230830 0.02088227 0.01851663 0.009114627 0.01547129
2   1.0 0.01154678 0.01061163 0.01505104 0.01264309 0.000000000 0.00000000
3   2.0 0.02262304 0.02369190 0.02425780 0.02406350 0.019234657 0.01935060
          oe         te
1 0.01170925 0.01432675
2 0.00000000 0.01264309
3 0.01885899 0.02519444


[[1]]$ipw.p
[[1]]$ipw.p$est
  delta        mu      mu_1      mu_0         de        se_1         se_0
1   0.5 0.3897720 0.2408035 0.5077912 -0.2669877  0.02205904 -0.025418678
2   1.0 0.3406719 0.2187445 0.5332099 -0.3144654  0.00000000  0.000000000
3   2.0 0.2844745 0.2058930 0.5333286 -0.3274357 -0.01285151  0.000118755
           oe         te
1  0.04910015 -0.2924063
2  0.00000000 -0.3144654
3 -0.05619735 -0.3273169

[[1]]$ipw.p$se
  delta          mu        mu_1       mu_0         de       se_1       se_0
1   0.5 0.027995638 0.016591739 0.03998794 0.03072245 0.01615835 0.03452548
2   1.0 0.009035777 0.009546175 0.01450634 0.01551539 0.00000000 0.00000000
3   2.0 0.027695561 0.028796612 0.03287963 0.02665697 0.02562403 0.03397629
          oe         te
1 0.02618974 0.01594010
2 0.00000000 0.01551539
3 0.02670775 0.03382482


[[1]]$ipw.np
[[1]]$ipw.np$est
  delta        mu      mu_1      mu_0         de        se_1          se_0
1   0.5 0.3867373 0.2447954 0.4970543 -0.2522589  0.02146502 -0.0242098296
2   1.0 0.3408878 0.2233304 0.5212641 -0.2979338  0.00000000  0.0000000000
3   2.0 0.2875743 0.2114679 0.5206982 -0.3092303 -0.01186248 -0.0005659112
          oe         te
1  0.0458495 -0.2764688
2  0.0000000 -0.2979338
3 -0.0533135 -0.3097963

[[1]]$ipw.np$se
  delta          mu        mu_1       mu_0         de       se_1       se_0
1   0.5 0.027231541 0.016526947 0.03866105 0.02991866 0.01613911 0.03320917
2   1.0 0.009067545 0.009763743 0.01430394 0.01541963 0.00000000 0.00000000
3   2.0 0.028390198 0.029840935 0.03281395 0.02644715 0.02647789 0.03386397
          oe         te
1 0.02547203 0.01577509
2 0.00000000 0.01541963
3 0.02731459 0.03461112



[1] "Total run time was 389.542 seconds"
