WARNING: ignoring environment value of R_HOME

Attaching package: ‘dplyr’

The following objects are masked from ‘package:stats’:

    filter, lag

The following objects are masked from ‘package:base’:

    intersect, setdiff, setequal, union

Loading required package: splines
Loading required package: foreach
Loaded gam 1.20.2

Super Learner
Version: 2.0-28
Package created on 2021-05-04

Loading required package: lattice
Loading required package: ggplot2
Loading required package: Matrix
Loaded glmnet 4.1-7
Loading required package: Formula
Loading required package: plotmo
Loading required package: plotrix
Loading required package: TeachingDemos
Loaded gbm 2.1.8.1

Attaching package: ‘xgboost’

The following object is masked from ‘package:dplyr’:

    slice

[1] "[Simulation setting]"
[1] "m: 500"
[1] "deltas: 0.5, 1, 2"
[1] "Sim.id 1"
[1] "Data generated"
[1] "Proposed & IPW estimators"
[1] "   Split: 1"
[1] "   Split: 2"
[1] "Estimates and SE estimates computed"
[1] ""
[[1]]
[[1]]$pro.p
[[1]]$pro.p$est
  delta        mu      mu_1      mu_0         de        se_1        se_0
1   0.5 0.4558209 0.2748716 0.5974713 -0.3225997  0.02887583  0.02694769
2   1.0 0.3727507 0.2459958 0.5705236 -0.3245278  0.00000000  0.00000000
3   2.0 0.2996659 0.2224947 0.5425655 -0.3200708 -0.02350103 -0.02795809
           oe         te
1  0.08307013 -0.2956520
2  0.00000000 -0.3245278
3 -0.07308486 -0.3480289

[[1]]$pro.p$se
  delta         mu       mu_1       mu_0         de       se_1       se_0
1   0.5 0.01668043 0.01397642 0.02159765 0.01980767 0.01094704 0.01801536
2   1.0 0.01214866 0.01109179 0.01553296 0.01344588 0.00000000 0.00000000
3   2.0 0.02021617 0.01963050 0.02525036 0.02275660 0.01501678 0.01963599
          oe         te
1 0.01350365 0.01584239
2 0.00000000 0.01344588
3 0.01613102 0.02227426


[[1]]$pro.np
[[1]]$pro.np$est
  delta        mu      mu_1      mu_0         de        se_1        se_0
1   0.5 0.4567707 0.2903875 0.5810815 -0.2906940  0.02833132  0.03422065
2   1.0 0.3764043 0.2620562 0.5468609 -0.2848047  0.00000000  0.00000000
3   2.0 0.3090001 0.2396651 0.5188473 -0.2791823 -0.02239115 -0.02801357
           oe         te
1  0.08036640 -0.2564734
2  0.00000000 -0.2848047
3 -0.06740417 -0.3071958

[[1]]$pro.np$se
  delta         mu       mu_1       mu_0         de       se_1       se_0
1   0.5 0.01584655 0.01333475 0.01977509 0.01723230 0.01000966 0.01593616
2   1.0 0.01256642 0.01149253 0.01555012 0.01243738 0.00000000 0.00000000
3   2.0 0.02285040 0.02212665 0.02545521 0.02150501 0.01750566 0.01984634
          oe         te
1 0.01240992 0.01452355
2 0.00000000 0.01243738
3 0.01870361 0.02371610


[[1]]$ipw.p
[[1]]$ipw.p$est
  delta        mu      mu_1      mu_0         de         se_1        se_0
1   0.5 0.4044354 0.2537439 0.5259466 -0.2722027  0.009550482 -0.04586360
2   1.0 0.3727440 0.2441935 0.5718102 -0.3276168  0.000000000  0.00000000
3   2.0 0.2673619 0.1875029 0.5104042 -0.3229013 -0.056690566 -0.06140599
          oe         te
1  0.0316914 -0.3180663
2  0.0000000 -0.3276168
3 -0.1053822 -0.3843073

[[1]]$ipw.p$se
  delta         mu        mu_1       mu_0         de       se_1       se_0
1   0.5 0.02911003 0.016633125 0.04404249 0.03755100 0.01628043 0.03944721
2   1.0 0.00880032 0.009483995 0.01436788 0.01579845 0.00000000 0.00000000
3   2.0 0.01771933 0.017726387 0.02579913 0.02250171 0.01433115 0.02693018
          oe         te
1 0.02800773 0.01730412
2 0.00000000 0.01579845
3 0.01681394 0.02469702


[[1]]$ipw.np
[[1]]$ipw.np$est
  delta        mu      mu_1      mu_0         de         se_1        se_0
1   0.5 0.3999216 0.2601039 0.5076668 -0.2475629  0.009487097 -0.04766227
2   1.0 0.3730233 0.2506168 0.5553291 -0.3047123  0.000000000  0.00000000
3   2.0 0.2684849 0.1914637 0.4943013 -0.3028376 -0.059153109 -0.06102781
           oe         te
1  0.02689831 -0.2952252
2  0.00000000 -0.3047123
3 -0.10453834 -0.3638654

[[1]]$ipw.np$se
  delta          mu        mu_1       mu_0         de       se_1       se_0
1   0.5 0.028439288 0.016751364 0.04202576 0.03575050 0.01640193 0.03762077
2   1.0 0.008829003 0.009723277 0.01406503 0.01557060 0.00000000 0.00000000
3   2.0 0.017822122 0.018092975 0.02505856 0.02180937 0.01458399 0.02597510
          oe         te
1 0.02736444 0.01724186
2 0.00000000 0.01557060
3 0.01682808 0.02467549



[1] "Total run time was 204.562 seconds"
