WARNING: ignoring environment value of R_HOME

Attaching package: ‘dplyr’

The following objects are masked from ‘package:stats’:

    filter, lag

The following objects are masked from ‘package:base’:

    intersect, setdiff, setequal, union

Loading required package: splines
Loading required package: foreach
Loaded gam 1.20.2

Super Learner
Version: 2.0-28
Package created on 2021-05-04

Loading required package: lattice
Loading required package: ggplot2
Loading required package: Matrix
Loaded glmnet 4.1-7
Loading required package: Formula
Loading required package: plotmo
Loading required package: plotrix
Loading required package: TeachingDemos
Loaded gbm 2.1.8.1

Attaching package: ‘xgboost’

The following object is masked from ‘package:dplyr’:

    slice

[1] "[Simulation setting]"
[1] "m: 500"
[1] "deltas: 0.5, 1, 2"
[1] "Sim.id 1"
[1] "Data generated"
[1] "Proposed & IPW estimators"
[1] "   Split: 1"
[1] "   Split: 2"
[1] "Estimates and SE estimates computed"
[1] ""
[[1]]
[[1]]$pro.p
[[1]]$pro.p$est
  delta        mu      mu_1      mu_0         de        se_1        se_0
1   0.5 0.4590771 0.2484889 0.6233214 -0.3748326  0.03131976  0.07302092
2   1.0 0.3481257 0.2171691 0.5503005 -0.3331314  0.00000000  0.00000000
3   2.0 0.2631840 0.1910446 0.4839082 -0.2928636 -0.02612449 -0.06639236
           oe         te
1  0.11095140 -0.3018117
2  0.00000000 -0.3331314
3 -0.08494172 -0.3592559

[[1]]$pro.p$se
  delta         mu       mu_1       mu_0         de       se_1       se_0
1   0.5 0.01564096 0.01538124 0.02048503 0.02242204 0.01329724 0.01671197
2   1.0 0.01200382 0.01044939 0.01637356 0.01440391 0.00000000 0.00000000
3   2.0 0.01944776 0.01844955 0.02758409 0.02389936 0.01386245 0.02138885
          oe         te
1 0.01274114 0.01880684
2 0.00000000 0.01440391
3 0.01505112 0.02116846


[[1]]$pro.np
[[1]]$pro.np$est
  delta        mu      mu_1      mu_0         de        se_1        se_0
1   0.5 0.4334738 0.2516998 0.5725922 -0.3208924  0.01954835  0.04718932
2   1.0 0.3504474 0.2321514 0.5254029 -0.2932514  0.00000000  0.00000000
3   2.0 0.2880641 0.2211722 0.4838231 -0.2626509 -0.01097921 -0.04157973
           oe         te
1  0.08302647 -0.2737031
2  0.00000000 -0.2932514
3 -0.06238331 -0.3042306

[[1]]$pro.np$se
  delta         mu       mu_1       mu_0         de       se_1      se_0
1   0.5 0.01440988 0.01307170 0.01815413 0.01805644 0.01008611 0.0145938
2   1.0 0.01250120 0.01106451 0.01592987 0.01295274 0.00000000 0.0000000
3   2.0 0.02083232 0.02068938 0.02587426 0.02283699 0.01560686 0.0189954
          oe         te
1 0.01121273 0.01567554
2 0.00000000 0.01295274
3 0.01570172 0.02161599


[[1]]$ipw.p
[[1]]$ipw.p$est
  delta        mu      mu_1      mu_0         de        se_1        se_0
1   0.5 0.4340540 0.2399590 0.5907005 -0.3507415  0.02069221  0.03801090
2   1.0 0.3496242 0.2192668 0.5526896 -0.3334228  0.00000000  0.00000000
3   2.0 0.2649429 0.1909397 0.4896997 -0.2987601 -0.02832710 -0.06298988
           oe         te
1  0.08442977 -0.3127306
2  0.00000000 -0.3334228
3 -0.08468129 -0.3617499

[[1]]$ipw.p$se
  delta          mu        mu_1       mu_0         de       se_1       se_0
1   0.5 0.036159200 0.018334854 0.05630213 0.04920155 0.01794862 0.05130240
2   1.0 0.009077086 0.009451503 0.01576332 0.01732675 0.00000000 0.00000000
3   2.0 0.017773839 0.017884342 0.02687979 0.02454364 0.01436634 0.02831554
          oe         te
1 0.03466272 0.01921054
2 0.00000000 0.01732675
3 0.01719491 0.02622111


[[1]]$ipw.np
[[1]]$ipw.np$est
  delta        mu      mu_1      mu_0         de        se_1        se_0
1   0.5 0.4209831 0.2412842 0.5624652 -0.3211810  0.01456374  0.02566952
2   1.0 0.3508408 0.2267205 0.5367957 -0.3100752  0.00000000  0.00000000
3   2.0 0.2653598 0.1931454 0.4751986 -0.2820533 -0.03357508 -0.06159704
           oe         te
1  0.07014228 -0.2955115
2  0.00000000 -0.3100752
3 -0.08548101 -0.3436503

[[1]]$ipw.np$se
  delta          mu        mu_1       mu_0         de       se_1       se_0
1   0.5 0.035199329 0.017853543 0.05557354 0.05005325 0.01750692 0.05112015
2   1.0 0.009166746 0.009780753 0.01536448 0.01706428 0.00000000 0.00000000
3   2.0 0.016979679 0.017255319 0.02571605 0.02404054 0.01357133 0.02684211
          oe         te
1 0.03390356 0.01881938
2 0.00000000 0.01706428
3 0.01631630 0.02540678



[1] "Total run time was 347.254 seconds"
