WARNING: ignoring environment value of R_HOME

Attaching package: ‘dplyr’

The following objects are masked from ‘package:stats’:

    filter, lag

The following objects are masked from ‘package:base’:

    intersect, setdiff, setequal, union

Loading required package: splines
Loading required package: foreach
Loaded gam 1.20.2

Super Learner
Version: 2.0-28
Package created on 2021-05-04

Loading required package: lattice
Loading required package: ggplot2
Loading required package: Matrix
Loaded glmnet 4.1-7
Loading required package: Formula
Loading required package: plotmo
Loading required package: plotrix
Loading required package: TeachingDemos
Loaded gbm 2.1.8.1

Attaching package: ‘xgboost’

The following object is masked from ‘package:dplyr’:

    slice

[1] "[Simulation setting]"
[1] "m: 500"
[1] "deltas: 0.5, 1, 2"
[1] "Sim.id 1"
[1] "Data generated"
[1] "Proposed & IPW estimators"
[1] "   Split: 1"
[1] "   Split: 2"
[1] "Estimates and SE estimates computed"
[1] ""
[[1]]
[[1]]$pro.p
[[1]]$pro.p$est
  delta        mu      mu_1      mu_0         de        se_1        se_0
1   0.5 0.4668329 0.2741963 0.6218356 -0.3476393  0.03941321  0.04764606
2   1.0 0.3657333 0.2347831 0.5741895 -0.3394064  0.00000000  0.00000000
3   2.0 0.2921752 0.2124352 0.5394947 -0.3270595 -0.02234783 -0.03469479
           oe         te
1  0.10109962 -0.2999932
2  0.00000000 -0.3394064
3 -0.07355813 -0.3617543

[[1]]$pro.p$se
  delta         mu       mu_1       mu_0         de       se_1       se_0
1   0.5 0.01936603 0.01976444 0.02138680 0.01908997 0.01731931 0.01738413
2   1.0 0.01187139 0.01095788 0.01621544 0.01524661 0.00000000 0.00000000
3   2.0 0.01917248 0.01929310 0.02578398 0.02441977 0.01400837 0.01870807
          oe         te
1 0.01616932 0.02184663
2 0.00000000 0.01524661
3 0.01450057 0.02253686


[[1]]$pro.np
[[1]]$pro.np$est
  delta        mu      mu_1      mu_0         de        se_1        se_0
1   0.5 0.4588935 0.2851641 0.5918239 -0.3066597  0.03816689  0.04279456
2   1.0 0.3676604 0.2469972 0.5490293 -0.3020321  0.00000000  0.00000000
3   2.0 0.2992625 0.2241874 0.5196103 -0.2954229 -0.02280983 -0.02941900
           oe         te
1  0.09123308 -0.2638652
2  0.00000000 -0.3020321
3 -0.06839791 -0.3248419

[[1]]$pro.np$se
  delta         mu       mu_1       mu_0         de       se_1       se_0
1   0.5 0.01743217 0.01686239 0.01949897 0.01675385 0.01328531 0.01583087
2   1.0 0.01210436 0.01120599 0.01537469 0.01346246 0.00000000 0.00000000
3   2.0 0.01885802 0.01890369 0.02428487 0.02300876 0.01377250 0.01689548
          oe         te
1 0.01359982 0.01798147
2 0.00000000 0.01346246
3 0.01402496 0.02114122


[[1]]$ipw.p
[[1]]$ipw.p$est
  delta        mu      mu_1      mu_0         de        se_1        se_0
1   0.5 0.4428194 0.2650711 0.5854266 -0.3203554  0.03948666  0.02854814
2   1.0 0.3524494 0.2255845 0.5568784 -0.3312940  0.00000000  0.00000000
3   2.0 0.2839831 0.2057369 0.5366202 -0.3308833 -0.01984755 -0.02025826
           oe         te
1  0.09037004 -0.2918073
2  0.00000000 -0.3312940
3 -0.06846631 -0.3511415

[[1]]$ipw.p$se
  delta          mu       mu_1       mu_0         de       se_1       se_0
1   0.5 0.045459172 0.02516819 0.06367691 0.04505819 0.02500929 0.05913270
2   1.0 0.009067709 0.01045411 0.01512125 0.01776277 0.00000000 0.00000000
3   2.0 0.021634485 0.02271823 0.02792626 0.02460857 0.01777657 0.03000772
          oe         te
1 0.04407995 0.02500672
2 0.00000000 0.01776277
3 0.02008151 0.02950278


[[1]]$ipw.np
[[1]]$ipw.np$est
  delta        mu      mu_1      mu_0         de        se_1        se_0
1   0.5 0.4394162 0.2700224 0.5706847 -0.3006623  0.03854974  0.02903660
2   1.0 0.3531660 0.2314726 0.5416481 -0.3101755  0.00000000  0.00000000
3   2.0 0.2888372 0.2132088 0.5222708 -0.3090620 -0.01826383 -0.01937733
           oe         te
1  0.08625025 -0.2716257
2  0.00000000 -0.3101755
3 -0.06432875 -0.3284393

[[1]]$ipw.np$se
  delta          mu       mu_1       mu_0         de       se_1       se_0
1   0.5 0.044998550 0.02560827 0.06202602 0.04347616 0.02552087 0.05764069
2   1.0 0.009125451 0.01076031 0.01479376 0.01763323 0.00000000 0.00000000
3   2.0 0.022274585 0.02382943 0.02726453 0.02467956 0.01858629 0.02912215
          oe         te
1 0.04368935 0.02533856
2 0.00000000 0.01763323
3 0.02054241 0.03018452



[1] "Total run time was 345.101 seconds"
