WARNING: ignoring environment value of R_HOME

Attaching package: ‘dplyr’

The following objects are masked from ‘package:stats’:

    filter, lag

The following objects are masked from ‘package:base’:

    intersect, setdiff, setequal, union

Loading required package: splines
Loading required package: foreach
Loaded gam 1.20.2

Super Learner
Version: 2.0-28
Package created on 2021-05-04

Loading required package: lattice
Loading required package: ggplot2
Loading required package: Matrix
Loaded glmnet 4.1-7
Loading required package: Formula
Loading required package: plotmo
Loading required package: plotrix
Loading required package: TeachingDemos
Loaded gbm 2.1.8.1

Attaching package: ‘xgboost’

The following object is masked from ‘package:dplyr’:

    slice

[1] "[Simulation setting]"
[1] "m: 500"
[1] "deltas: 0.5, 1, 2"
[1] "Sim.id 1"
[1] "Data generated"
[1] "Proposed & IPW estimators"
[1] "   Split: 1"
[1] "   Split: 2"
[1] "Estimates and SE estimates computed"
[1] ""
[[1]]
[[1]]$pro.p
[[1]]$pro.p$est
  delta        mu      mu_1      mu_0         de        se_1       se_0
1   0.5 0.4369149 0.2492932 0.5844091 -0.3351160  0.02450560  0.0434825
2   1.0 0.3495938 0.2247876 0.5409266 -0.3161391  0.00000000  0.0000000
3   2.0 0.2700591 0.1857835 0.5250273 -0.3392438 -0.03900403 -0.0158993
           oe         te
1  0.08732107 -0.2916335
2  0.00000000 -0.3161391
3 -0.07953476 -0.3551431

[[1]]$pro.p$se
  delta         mu        mu_1       mu_0         de       se_1       se_0
1   0.5 0.01487602 0.012177682 0.02095903 0.02121508 0.00908328 0.01659040
2   1.0 0.01130976 0.009965199 0.01559329 0.01390138 0.00000000 0.00000000
3   2.0 0.01613988 0.015920183 0.02421090 0.02429134 0.01248079 0.01762728
          oe         te
1 0.01115648 0.01609384
2 0.00000000 0.01390138
3 0.01242647 0.02004199


[[1]]$pro.np
[[1]]$pro.np$est
  delta        mu      mu_1      mu_0         de        se_1        se_0
1   0.5 0.4327398 0.2644102 0.5623842 -0.2979740  0.02307774  0.04474912
2   1.0 0.3527501 0.2413324 0.5176350 -0.2763026  0.00000000  0.00000000
3   2.0 0.2765428 0.2006001 0.4978408 -0.2972407 -0.04073233 -0.01979419
           oe         te
1  0.07998977 -0.2532249
2  0.00000000 -0.2763026
3 -0.07620729 -0.3170349

[[1]]$pro.np$se
  delta         mu       mu_1       mu_0         de       se_1       se_0
1   0.5 0.01429076 0.01254131 0.01949340 0.02004313 0.00901306 0.01505001
2   1.0 0.01174621 0.01030118 0.01527124 0.01255081 0.00000000 0.00000000
3   2.0 0.01658946 0.01607906 0.02379491 0.02322459 0.01215633 0.01661381
          oe         te
1 0.01016413 0.01553242
2 0.00000000 0.01255081
3 0.01218698 0.01886129


[[1]]$ipw.p
[[1]]$ipw.p$est
  delta        mu      mu_1      mu_0         de        se_1        se_0
1   0.5 0.4214493 0.2405316 0.5700318 -0.3295002  0.02850281  0.03414393
2   1.0 0.3361038 0.2120288 0.5358879 -0.3238591  0.00000000  0.00000000
3   2.0 0.2491830 0.1697078 0.5022814 -0.3325737 -0.04232104 -0.03360645
           oe         te
1  0.08534553 -0.2953563
2  0.00000000 -0.3238591
3 -0.08692078 -0.3661801

[[1]]$ipw.p$se
  delta          mu        mu_1       mu_0         de       se_1       se_0
1   0.5 0.032969619 0.016185110 0.05109397 0.04331440 0.01586691 0.04576136
2   1.0 0.008418755 0.008949815 0.01436288 0.01584072 0.00000000 0.00000000
3   2.0 0.016047943 0.015011103 0.02798813 0.02388768 0.01206452 0.02931387
          oe         te
1 0.03149089 0.01687988
2 0.00000000 0.01584072
3 0.01562273 0.02268469


[[1]]$ipw.np
[[1]]$ipw.np$est
  delta        mu      mu_1      mu_0         de        se_1        se_0
1   0.5 0.4198228 0.2484376 0.5555241 -0.3070865  0.02939451  0.03754713
2   1.0 0.3364729 0.2190431 0.5179769 -0.2989339  0.00000000  0.00000000
3   2.0 0.2537501 0.1768593 0.4862537 -0.3093943 -0.04218373 -0.03172329
           oe         te
1  0.08334992 -0.2695394
2  0.00000000 -0.2989339
3 -0.08272272 -0.3411176

[[1]]$ipw.np$se
  delta          mu        mu_1       mu_0         de       se_1       se_0
1   0.5 0.032866564 0.016696765 0.05028711 0.04258009 0.01642040 0.04508110
2   1.0 0.008454887 0.009277907 0.01400736 0.01569035 0.00000000 0.00000000
3   2.0 0.016691751 0.015848505 0.02779377 0.02344123 0.01266807 0.02903798
          oe         te
1 0.03143474 0.01711306
2 0.00000000 0.01569035
3 0.01613642 0.02300844



[1] "Total run time was 335.329 seconds"
