WARNING: ignoring environment value of R_HOME

Attaching package: ‘dplyr’

The following objects are masked from ‘package:stats’:

    filter, lag

The following objects are masked from ‘package:base’:

    intersect, setdiff, setequal, union

Loading required package: splines
Loading required package: foreach
Loaded gam 1.20.2

Super Learner
Version: 2.0-28
Package created on 2021-05-04

Loading required package: lattice
Loading required package: ggplot2
Loading required package: Matrix
Loaded glmnet 4.1-7
Loading required package: Formula
Loading required package: plotmo
Loading required package: plotrix
Loading required package: TeachingDemos
Loaded gbm 2.1.8.1

Attaching package: ‘xgboost’

The following object is masked from ‘package:dplyr’:

    slice

[1] "[Simulation setting]"
[1] "m: 500"
[1] "deltas: 0.5, 1, 2"
[1] "Sim.id 1"
[1] "Data generated"
[1] "Proposed & IPW estimators"
[1] "   Split: 1"
[1] "   Split: 2"
[1] "Estimates and SE estimates computed"
[1] ""
[[1]]
[[1]]$pro.p
[[1]]$pro.p$est
  delta        mu      mu_1      mu_0         de         se_1         se_0
1   0.5 0.4033710 0.2348430 0.5427311 -0.3078881 0.0224104225  0.004283737
2   1.0 0.3346059 0.2124326 0.5384474 -0.3260148 0.0000000000  0.000000000
3   2.0 0.2872814 0.2133176 0.5383398 -0.3250222 0.0008850278 -0.000107542
           oe         te
1  0.06876507 -0.3036044
2  0.00000000 -0.3260148
3 -0.04732454 -0.3251298

[[1]]$pro.p$se
  delta         mu       mu_1       mu_0         de       se_1       se_0
1   0.5 0.01524343 0.01311507 0.02058667 0.01941772 0.01075030 0.01644413
2   1.0 0.01091164 0.01009381 0.01531478 0.01460466 0.00000000 0.00000000
3   2.0 0.01985545 0.01997024 0.02633337 0.02452757 0.01556652 0.02046077
          oe         te
1 0.01242783 0.01692199
2 0.00000000 0.01460466
3 0.01603480 0.02302954


[[1]]$pro.np
[[1]]$pro.np$est
  delta        mu      mu_1      mu_0         de        se_1         se_0
1   0.5 0.4025033 0.2460037 0.5236779 -0.2776742  0.02520009  0.012922555
2   1.0 0.3333566 0.2208036 0.5107554 -0.2899518  0.00000000  0.000000000
3   2.0 0.2749462 0.2027890 0.5049161 -0.3021271 -0.01801459 -0.005839253
           oe         te
1  0.06914679 -0.2647517
2  0.00000000 -0.2899518
3 -0.05841041 -0.3079664

[[1]]$pro.np$se
  delta         mu       mu_1       mu_0         de        se_1       se_0
1   0.5 0.01518925 0.01208736 0.02121561 0.02030861 0.009660579 0.01719719
2   1.0 0.01126675 0.01047588 0.01467997 0.01315998 0.000000000 0.00000000
3   2.0 0.02042165 0.02137587 0.02448767 0.02492835 0.016842594 0.01860752
          oe         te
1 0.01218449 0.01505093
2 0.00000000 0.01315998
3 0.01607723 0.02331741


[[1]]$ipw.p
[[1]]$ipw.p$est
  delta        mu      mu_1      mu_0         de        se_1          se_0
1   0.5 0.4369003 0.2396066 0.6015420 -0.3619355 0.025589187  0.0617644651
2   1.0 0.3361781 0.2140174 0.5397776 -0.3257602 0.000000000  0.0000000000
3   2.0 0.2924701 0.2174512 0.5389569 -0.3215057 0.003433784 -0.0008207163
           oe         te
1  0.10072220 -0.3001710
2  0.00000000 -0.3257602
3 -0.04370804 -0.3223264

[[1]]$ipw.p$se
  delta          mu        mu_1       mu_0         de       se_1       se_0
1   0.5 0.042390270 0.017513796 0.06673641 0.05804149 0.01757215 0.06239985
2   1.0 0.008273082 0.009301486 0.01430655 0.01654760 0.00000000 0.00000000
3   2.0 0.029740433 0.031865818 0.03169655 0.02654120 0.02854944 0.03238644
          oe         te
1 0.04133234 0.01865565
2 0.00000000 0.01654760
3 0.02851332 0.03687890


[[1]]$ipw.np
[[1]]$ipw.np$est
  delta        mu      mu_1      mu_0         de       se_1        se_0
1   0.5 0.4363974 0.2475736 0.5888299 -0.3412563 0.02783093 0.065161343
2   1.0 0.3365097 0.2197427 0.5236686 -0.3039259 0.00000000 0.000000000
3   2.0 0.3000306 0.2293485 0.5251002 -0.2957517 0.00960579 0.001431627
           oe         te
1  0.09988767 -0.2760950
2  0.00000000 -0.3039259
3 -0.03647919 -0.2943201

[[1]]$ipw.np$se
  delta          mu        mu_1       mu_0         de       se_1       se_0
1   0.5 0.043329768 0.018268742 0.06725992 0.05804213 0.01841047 0.06320073
2   1.0 0.008314619 0.009592955 0.01394584 0.01634475 0.00000000 0.00000000
3   2.0 0.032004225 0.035555993 0.03104650 0.02797757 0.03201954 0.03173589
          oe         te
1 0.04236509 0.01918044
2 0.00000000 0.01634475
3 0.03070772 0.04004880



[1] "Total run time was 199.901 seconds"
