WARNING: ignoring environment value of R_HOME

Attaching package: ‘dplyr’

The following objects are masked from ‘package:stats’:

    filter, lag

The following objects are masked from ‘package:base’:

    intersect, setdiff, setequal, union

Loading required package: splines
Loading required package: foreach
Loaded gam 1.20.2

Super Learner
Version: 2.0-28
Package created on 2021-05-04

Loading required package: lattice
Loading required package: ggplot2
Loading required package: Matrix
Loaded glmnet 4.1-7
Loading required package: Formula
Loading required package: plotmo
Loading required package: plotrix
Loading required package: TeachingDemos
Loaded gbm 2.1.8.1

Attaching package: ‘xgboost’

The following object is masked from ‘package:dplyr’:

    slice

[1] "[Simulation setting]"
[1] "m: 500"
[1] "deltas: 0.5, 1, 2"
[1] "Sim.id 1"
[1] "Data generated"
[1] "Proposed & IPW estimators"
[1] "   Split: 1"
[1] "   Split: 2"
[1] "Estimates and SE estimates computed"
[1] ""
[[1]]
[[1]]$pro.p
[[1]]$pro.p$est
  delta        mu      mu_1      mu_0         de        se_1        se_0
1   0.5 0.4261518 0.2385312 0.5818707 -0.3433395  0.02824843  0.05326756
2   1.0 0.3296498 0.2102827 0.5286031 -0.3183204  0.00000000  0.00000000
3   2.0 0.2445736 0.1720110 0.4916193 -0.3196083 -0.03827174 -0.03698382
           oe         te
1  0.09650202 -0.2900719
2  0.00000000 -0.3183204
3 -0.08507613 -0.3565921

[[1]]$pro.p$se
  delta         mu       mu_1       mu_0         de       se_1       se_0
1   0.5 0.01810497 0.01641350 0.02216889 0.01964988 0.01337454 0.01728710
2   1.0 0.01161150 0.01063410 0.01544291 0.01368262 0.00000000 0.00000000
3   2.0 0.01732091 0.01556678 0.02580598 0.02140578 0.01083532 0.01984469
          oe         te
1 0.01412973 0.01787359
2 0.00000000 0.01368262
3 0.01261717 0.01830803


[[1]]$pro.np
[[1]]$pro.np$est
  delta        mu      mu_1      mu_0         de        se_1        se_0
1   0.5 0.4101396 0.2425991 0.5429115 -0.3003124  0.02024482  0.03858481
2   1.0 0.3320791 0.2223543 0.5043267 -0.2819724  0.00000000  0.00000000
3   2.0 0.2580562 0.1899037 0.4730229 -0.2831193 -0.03245063 -0.03130374
          oe         te
1  0.0780605 -0.2617276
2  0.0000000 -0.2819724
3 -0.0740229 -0.3144230

[[1]]$pro.np$se
  delta         mu       mu_1       mu_0         de       se_1       se_0
1   0.5 0.01558096 0.01485653 0.01933046 0.01817940 0.01158817 0.01483092
2   1.0 0.01208139 0.01119998 0.01504352 0.01222389 0.00000000 0.00000000
3   2.0 0.01852115 0.01725281 0.02481469 0.02024990 0.01208199 0.01852882
          oe         te
1 0.01170252 0.01622309
2 0.00000000 0.01222389
3 0.01316808 0.01825490


[[1]]$ipw.p
[[1]]$ipw.p$est
  delta        mu      mu_1      mu_0         de        se_1        se_0
1   0.5 0.4591807 0.2432601 0.6393417 -0.3960816  0.02981249  0.10403809
2   1.0 0.3338975 0.2134476 0.5353036 -0.3218560  0.00000000  0.00000000
3   2.0 0.2397223 0.1634528 0.4961022 -0.3326495 -0.04999481 -0.03920135
           oe         te
1  0.12528324 -0.2920435
2  0.00000000 -0.3218560
3 -0.09417512 -0.3718508

[[1]]$ipw.p$se
  delta          mu        mu_1       mu_0         de       se_1       se_0
1   0.5 0.050859937 0.020570768 0.07925133 0.06623485 0.02014497 0.07472360
2   1.0 0.008866462 0.009530562 0.01483999 0.01621322 0.00000000 0.00000000
3   2.0 0.014649022 0.014660127 0.02430480 0.02233325 0.01110795 0.02579879
          oe         te
1 0.04952417 0.01953217
2 0.00000000 0.01621322
3 0.01390202 0.02252952


[[1]]$ipw.np
[[1]]$ipw.np$est
  delta        mu      mu_1      mu_0         de        se_1        se_0
1   0.5 0.4419525 0.2440471 0.5984386 -0.3543916  0.02292087  0.08131753
2   1.0 0.3349709 0.2211262 0.5171211 -0.2959949  0.00000000  0.00000000
3   2.0 0.2458442 0.1725749 0.4795872 -0.3070123 -0.04855128 -0.03753386
           oe         te
1  0.10698162 -0.2730740
2  0.00000000 -0.2959949
3 -0.08912667 -0.3445462

[[1]]$ipw.np$se
  delta         mu        mu_1       mu_0         de       se_1       se_0
1   0.5 0.04536445 0.019484724 0.06899278 0.05779346 0.01915239 0.06452818
2   1.0 0.00895656 0.009951248 0.01443611 0.01607725 0.00000000 0.00000000
3   2.0 0.01552503 0.016167513 0.02353013 0.02226554 0.01220028 0.02485459
          oe         te
1 0.04405947 0.01852486
2 0.00000000 0.01607725
3 0.01448647 0.02331861



[1] "Total run time was 267.48 seconds"
