WARNING: ignoring environment value of R_HOME

Attaching package: ‘dplyr’

The following objects are masked from ‘package:stats’:

    filter, lag

The following objects are masked from ‘package:base’:

    intersect, setdiff, setequal, union

Loading required package: splines
Loading required package: foreach
Loaded gam 1.20.2

Super Learner
Version: 2.0-28
Package created on 2021-05-04

Loading required package: lattice
Loading required package: ggplot2
Loading required package: Matrix
Loaded glmnet 4.1-7
Loading required package: Formula
Loading required package: plotmo
Loading required package: plotrix
Loading required package: TeachingDemos
Loaded gbm 2.1.8.1

Attaching package: ‘xgboost’

The following object is masked from ‘package:dplyr’:

    slice

[1] "[Simulation setting]"
[1] "m: 500"
[1] "deltas: 0.5, 1, 2"
[1] "Sim.id 1"
[1] "Data generated"
[1] "Proposed & IPW estimators"
[1] "   Split: 1"
[1] "   Split: 2"
[1] "Estimates and SE estimates computed"
[1] ""
[[1]]
[[1]]$pro.p
[[1]]$pro.p$est
  delta        mu      mu_1      mu_0         de        se_1        se_0
1   0.5 0.4433669 0.2591880 0.5892373 -0.3300492  0.03190505  0.03138073
2   1.0 0.3553181 0.2272830 0.5578565 -0.3305736  0.00000000  0.00000000
3   2.0 0.2650405 0.1969616 0.4875324 -0.2905708 -0.03032137 -0.07032410
           oe         te
1  0.08804870 -0.2986685
2  0.00000000 -0.3305736
3 -0.09027768 -0.3608949

[[1]]$pro.p$se
  delta         mu       mu_1       mu_0         de       se_1       se_0
1   0.5 0.01452881 0.01314282 0.02133047 0.02357809 0.01047743 0.01765350
2   1.0 0.01174665 0.01056912 0.01577621 0.01392360 0.00000000 0.00000000
3   2.0 0.02007305 0.01976472 0.02592005 0.02279267 0.01523113 0.01964523
          oe         te
1 0.01177498 0.01709142
2 0.00000000 0.01392360
3 0.01569327 0.02227783


[[1]]$pro.np
[[1]]$pro.np$est
  delta        mu      mu_1      mu_0         de        se_1        se_0
1   0.5 0.4319805 0.2644066 0.5571480 -0.2927414  0.02844925  0.02477154
2   1.0 0.3552359 0.2359573 0.5323764 -0.2964191  0.00000000  0.00000000
3   2.0 0.2660509 0.2030062 0.4618302 -0.2588239 -0.03295110 -0.07054626
           oe         te
1  0.07674458 -0.2679699
2  0.00000000 -0.2964191
3 -0.08918496 -0.3293702

[[1]]$pro.np$se
  delta         mu       mu_1       mu_0         de        se_1       se_0
1   0.5 0.01368246 0.01258189 0.01964932 0.02164583 0.009506569 0.01590778
2   1.0 0.01194069 0.01068628 0.01527821 0.01258049 0.000000000 0.00000000
3   2.0 0.01855445 0.01847490 0.02315406 0.02074395 0.013728345 0.01663516
          oe         te
1 0.01060477 0.01580048
2 0.00000000 0.01258049
3 0.01362834 0.02000747


[[1]]$ipw.p
[[1]]$ipw.p$est
  delta        mu      mu_1      mu_0         de        se_1        se_0
1   0.5 0.4157715 0.2537800 0.5468867 -0.2931067  0.02467720 -0.02077609
2   1.0 0.3585333 0.2291028 0.5676628 -0.3385600  0.00000000  0.00000000
3   2.0 0.2714842 0.1960199 0.5182956 -0.3222757 -0.03308289 -0.04936719
           oe         te
1  0.05723812 -0.3138828
2  0.00000000 -0.3385600
3 -0.08704916 -0.3716429

[[1]]$ipw.p$se
  delta          mu        mu_1       mu_0         de       se_1       se_0
1   0.5 0.028669345 0.017755467 0.04138679 0.03303917 0.01782456 0.03560993
2   1.0 0.008660913 0.009617337 0.01470041 0.01663119 0.00000000 0.00000000
3   2.0 0.020140092 0.020892404 0.02705269 0.02337751 0.01690270 0.02880296
          oe         te
1 0.02722606 0.01871871
2 0.00000000 0.01663119
3 0.01894429 0.02760057


[[1]]$ipw.np
[[1]]$ipw.np$est
  delta        mu      mu_1      mu_0         de        se_1        se_0
1   0.5 0.4089215 0.2574552 0.5282404 -0.2707853  0.02136028 -0.02311709
2   1.0 0.3593568 0.2360949 0.5513575 -0.3152626  0.00000000  0.00000000
3   2.0 0.2784920 0.2061285 0.5043720 -0.2982434 -0.02996633 -0.04698553
           oe         te
1  0.04956467 -0.2939024
2  0.00000000 -0.3152626
3 -0.08086482 -0.3452290

[[1]]$ipw.np$se
  delta          mu        mu_1       mu_0         de       se_1      se_0
1   0.5 0.027972839 0.017850745 0.03996939 0.03216285 0.01804365 0.0343716
2   1.0 0.008736003 0.009963913 0.01437441 0.01651366 0.00000000 0.0000000
3   2.0 0.021129499 0.022374703 0.02635994 0.02324454 0.01816721 0.0279604
          oe         te
1 0.02664528 0.01872404
2 0.00000000 0.01651366
3 0.01977784 0.02860743



[1] "Total run time was 387.359 seconds"
