WARNING: ignoring environment value of R_HOME

Attaching package: ‘dplyr’

The following objects are masked from ‘package:stats’:

    filter, lag

The following objects are masked from ‘package:base’:

    intersect, setdiff, setequal, union

Loading required package: splines
Loading required package: foreach
Loaded gam 1.20.2

Super Learner
Version: 2.0-28
Package created on 2021-05-04

Loading required package: lattice
Loading required package: ggplot2
Loading required package: Matrix
Loaded glmnet 4.1-7
Loading required package: Formula
Loading required package: plotmo
Loading required package: plotrix
Loading required package: TeachingDemos
Loaded gbm 2.1.8.1

Attaching package: ‘xgboost’

The following object is masked from ‘package:dplyr’:

    slice

[1] "[Simulation setting]"
[1] "m: 500"
[1] "deltas: 0.5, 1, 2"
[1] "Sim.id 1"
[1] "Data generated"
[1] "Proposed & IPW estimators"
[1] "   Split: 1"
[1] "   Split: 2"
[1] "Estimates and SE estimates computed"
[1] ""
[[1]]
[[1]]$pro.p
[[1]]$pro.p$est
  delta        mu      mu_1      mu_0         de         se_1        se_0
1   0.5 0.4264877 0.2492106 0.5656008 -0.3163902  0.004085648 -0.01112796
2   1.0 0.3747807 0.2451250 0.5767288 -0.3316038  0.000000000  0.00000000
3   2.0 0.2769467 0.1991377 0.5251775 -0.3260398 -0.045987336 -0.05155129
           oe         te
1  0.05170698 -0.3275181
2  0.00000000 -0.3316038
3 -0.09783406 -0.3775911

[[1]]$pro.p$se
  delta         mu       mu_1       mu_0         de       se_1       se_0
1   0.5 0.02310078 0.02318618 0.02671730 0.01803730 0.02223643 0.02424094
2   1.0 0.01291371 0.01106786 0.01694516 0.01422672 0.00000000 0.00000000
3   2.0 0.02369412 0.02306145 0.02930725 0.02514361 0.01850996 0.02350494
          oe         te
1 0.02156952 0.02534053
2 0.00000000 0.01422672
3 0.01960027 0.02564654


[[1]]$pro.np
[[1]]$pro.np$est
  delta        mu      mu_1      mu_0         de         se_1         se_0
1   0.5 0.4228441 0.2623798 0.5455330 -0.2831533  0.008352712 -0.007186383
2   1.0 0.3739954 0.2540271 0.5527194 -0.2986923  0.000000000  0.000000000
3   2.0 0.2914867 0.2204998 0.5037713 -0.2832715 -0.033527255 -0.048948064
           oe         te
1  0.04884862 -0.2903396
2  0.00000000 -0.2986923
3 -0.08250877 -0.3322196

[[1]]$pro.np$se
  delta         mu       mu_1       mu_0         de       se_1       se_0
1   0.5 0.01694695 0.01595343 0.02018535 0.01680186 0.01384240 0.01698372
2   1.0 0.01321877 0.01152758 0.01663702 0.01322008 0.00000000 0.00000000
3   2.0 0.02394863 0.02323760 0.02848645 0.02316114 0.01815586 0.02169662
          oe         te
1 0.01438870 0.01820474
2 0.00000000 0.01322008
3 0.01885611 0.02421338


[[1]]$ipw.p
[[1]]$ipw.p$est
  delta        mu      mu_1      mu_0         de        se_1        se_0
1   0.5 0.5381803 0.2752660 0.7378442 -0.4625782  0.03099300  0.17757299
2   1.0 0.3684773 0.2442730 0.5602712 -0.3159982  0.00000000  0.00000000
3   2.0 0.2922755 0.2191174 0.5170350 -0.2979176 -0.02515555 -0.04323616
           oe         te
1  0.16970300 -0.2850052
2  0.00000000 -0.3159982
3 -0.07620178 -0.3411538

[[1]]$ipw.p$se
  delta          mu        mu_1       mu_0         de       se_1       se_0
1   0.5 0.093485788 0.019045436 0.15894151 0.15642848 0.01894122 0.15655943
2   1.0 0.009024355 0.009572159 0.01516903 0.01665875 0.00000000 0.00000000
3   2.0 0.020505407 0.020884667 0.02942508 0.02622141 0.01671921 0.03109287
          oe         te
1 0.09285522 0.01831100
2 0.00000000 0.01665875
3 0.01976491 0.02853654


[[1]]$ipw.np
[[1]]$ipw.np$est
  delta        mu      mu_1      mu_0         de        se_1        se_0
1   0.5 0.5284760 0.2781059 0.7120264 -0.4339206  0.02820464  0.16387694
2   1.0 0.3691764 0.2499012 0.5481495 -0.2982483  0.00000000  0.00000000
3   2.0 0.2953332 0.2233613 0.5073753 -0.2840141 -0.02653992 -0.04077413
          oe         te
1  0.1592995 -0.2700436
2  0.0000000 -0.2982483
3 -0.0738432 -0.3247882

[[1]]$ipw.np$se
  delta          mu        mu_1       mu_0         de       se_1       se_0
1   0.5 0.089603225 0.019037784 0.14911786 0.14655863 0.01903589 0.14677039
2   1.0 0.009079163 0.009814424 0.01493075 0.01651711 0.00000000 0.00000000
3   2.0 0.020485630 0.020719964 0.02912462 0.02556652 0.01636098 0.03060529
          oe         te
1 0.08899477 0.01822500
2 0.00000000 0.01651711
3 0.01963153 0.02817734



[1] "Total run time was 226.104 seconds"
