WARNING: ignoring environment value of R_HOME

Attaching package: ‘dplyr’

The following objects are masked from ‘package:stats’:

    filter, lag

The following objects are masked from ‘package:base’:

    intersect, setdiff, setequal, union

Loading required package: splines
Loading required package: foreach
Loaded gam 1.20.2

Super Learner
Version: 2.0-28
Package created on 2021-05-04

Loading required package: lattice
Loading required package: ggplot2
Loading required package: Matrix
Loaded glmnet 4.1-7
Loading required package: Formula
Loading required package: plotmo
Loading required package: plotrix
Loading required package: TeachingDemos
Loaded gbm 2.1.8.1

Attaching package: ‘xgboost’

The following object is masked from ‘package:dplyr’:

    slice

[1] "[Simulation setting]"
[1] "m: 500"
[1] "deltas: 0.5, 1, 2"
[1] "Sim.id 1"
[1] "Data generated"
[1] "Proposed & IPW estimators"
[1] "   Split: 1"
[1] "   Split: 2"
[1] "Estimates and SE estimates computed"
[1] ""
[[1]]
[[1]]$pro.p
[[1]]$pro.p$est
  delta        mu      mu_1      mu_0         de        se_1        se_0
1   0.5 0.4328993 0.2438243 0.5823177 -0.3384934  0.02065653  0.04675548
2   1.0 0.3446399 0.2231678 0.5355622 -0.3123944  0.00000000  0.00000000
3   2.0 0.2537503 0.1838991 0.4788150 -0.2949159 -0.03926865 -0.05674715
           oe         te
1  0.08825939 -0.2917379
2  0.00000000 -0.3123944
3 -0.09088957 -0.3516631

[[1]]$pro.p$se
  delta         mu       mu_1       mu_0         de       se_1       se_0
1   0.5 0.01482934 0.01388323 0.01871650 0.01827699 0.01127572 0.01414953
2   1.0 0.01197867 0.01146028 0.01555580 0.01446575 0.00000000 0.00000000
3   2.0 0.01863015 0.01813735 0.02591118 0.02290433 0.01305962 0.01961434
          oe         te
1 0.01147273 0.01673742
2 0.00000000 0.01446575
3 0.01390237 0.02057965


[[1]]$pro.np
[[1]]$pro.np$est
  delta        mu      mu_1      mu_0         de        se_1        se_0
1   0.5 0.4163953 0.2480987 0.5447925 -0.2966938  0.01396522  0.02864801
2   1.0 0.3471121 0.2341335 0.5161445 -0.2820111  0.00000000  0.00000000
3   2.0 0.2652835 0.1986338 0.4682769 -0.2696431 -0.03549964 -0.04786763
           oe         te
1  0.06928324 -0.2680458
2  0.00000000 -0.2820111
3 -0.08182853 -0.3175107

[[1]]$pro.np$se
  delta         mu       mu_1       mu_0         de        se_1       se_0
1   0.5 0.01438333 0.01266858 0.01805390 0.01610755 0.009607179 0.01275979
2   1.0 0.01209829 0.01157565 0.01511766 0.01313906 0.000000000 0.00000000
3   2.0 0.01928156 0.01938852 0.02413003 0.02123536 0.014111671 0.01800795
          oe         te
1 0.01039054 0.01425856
2 0.00000000 0.01313906
3 0.01445473 0.02093702


[[1]]$ipw.p
[[1]]$ipw.p$est
  delta        mu      mu_1      mu_0         de        se_1        se_0
1   0.5 0.4296025 0.2458555 0.5761467 -0.3302912  0.01671089  0.02159599
2   1.0 0.3553952 0.2291446 0.5545507 -0.3254061  0.00000000  0.00000000
3   2.0 0.2775998 0.1988560 0.5231053 -0.3242493 -0.03028856 -0.03144538
           oe         te
1  0.07420733 -0.3086952
2  0.00000000 -0.3254061
3 -0.07779539 -0.3556947

[[1]]$ipw.p$se
  delta          mu       mu_1       mu_0         de       se_1       se_0
1   0.5 0.036703998 0.01748049 0.05626114 0.04743086 0.01751030 0.05103242
2   1.0 0.008755326 0.01010928 0.01524300 0.01791619 0.00000000 0.00000000
3   2.0 0.023489622 0.02286508 0.03163652 0.02280691 0.01900354 0.03322220
          oe         te
1 0.03537884 0.01878781
2 0.00000000 0.01791619
3 0.02217343 0.02924478


[[1]]$ipw.np
[[1]]$ipw.np$est
  delta        mu      mu_1      mu_0         de        se_1        se_0
1   0.5 0.4241364 0.2501901 0.5599554 -0.3097653  0.01474491  0.01869388
2   1.0 0.3560855 0.2354452 0.5412615 -0.3058163  0.00000000  0.00000000
3   2.0 0.2807748 0.2043650 0.5118062 -0.3074413 -0.03108020 -0.02945528
           oe         te
1  0.06805088 -0.2910714
2  0.00000000 -0.3058163
3 -0.07531075 -0.3368965

[[1]]$ipw.np$se
  delta          mu       mu_1       mu_0         de       se_1       se_0
1   0.5 0.035562787 0.01774582 0.05326248 0.04439643 0.01786727 0.04811312
2   1.0 0.008817515 0.01044035 0.01494608 0.01780388 0.00000000 0.00000000
3   2.0 0.023147322 0.02285911 0.03097941 0.02219602 0.01868104 0.03241209
          oe         te
1 0.03430178 0.01882295
2 0.00000000 0.01780388
3 0.02169464 0.02900466



[1] "Total run time was 338.429 seconds"
