WARNING: ignoring environment value of R_HOME

Attaching package: ‘dplyr’

The following objects are masked from ‘package:stats’:

    filter, lag

The following objects are masked from ‘package:base’:

    intersect, setdiff, setequal, union

Loading required package: splines
Loading required package: foreach
Loaded gam 1.20.2

Super Learner
Version: 2.0-28
Package created on 2021-05-04

Loading required package: lattice
Loading required package: ggplot2
Loading required package: Matrix
Loaded glmnet 4.1-7
Loading required package: Formula
Loading required package: plotmo
Loading required package: plotrix
Loading required package: TeachingDemos
Loaded gbm 2.1.8.1

Attaching package: ‘xgboost’

The following object is masked from ‘package:dplyr’:

    slice

[1] "[Simulation setting]"
[1] "m: 500"
[1] "deltas: 0.5, 1, 2"
[1] "Sim.id 1"
[1] "Data generated"
[1] "Proposed & IPW estimators"
[1] "   Split: 1"
[1] "   Split: 2"
[1] "Estimates and SE estimates computed"
[1] ""
[[1]]
[[1]]$pro.p
[[1]]$pro.p$est
  delta        mu      mu_1      mu_0         de       se_1        se_0
1   0.5 0.4145494 0.2354147 0.5676424 -0.3322277 0.01403891  0.03570566
2   1.0 0.3357106 0.2213758 0.5319367 -0.3105610 0.00000000  0.00000000
3   2.0 0.3023783 0.2377326 0.5121373 -0.2744047 0.01635689 -0.01979941
           oe         te
1  0.07883883 -0.2965221
2  0.00000000 -0.3105610
3 -0.03333221 -0.2942041

[[1]]$pro.p$se
  delta         mu       mu_1       mu_0         de       se_1       se_0
1   0.5 0.01463114 0.01381081 0.02237536 0.02540375 0.01317087 0.01850532
2   1.0 0.01248924 0.01175893 0.01629029 0.01450146 0.00000000 0.00000000
3   2.0 0.04116328 0.04312180 0.03243251 0.03488170 0.03857443 0.02569425
          oe         te
1 0.01298781 0.01840195
2 0.00000000 0.01450146
3 0.03700437 0.04390894


[[1]]$pro.np
[[1]]$pro.np$est
  delta        mu      mu_1      mu_0         de       se_1        se_0
1   0.5 0.4126420 0.2406877 0.5509879 -0.3103002 0.01207764  0.04297372
2   1.0 0.3345385 0.2286100 0.5080142 -0.2794041 0.00000000  0.00000000
3   2.0 0.3132302 0.2607406 0.4766952 -0.2159545 0.03213058 -0.03131902
           oe         te
1  0.07810345 -0.2673265
2  0.00000000 -0.2794041
3 -0.02130829 -0.2472736

[[1]]$pro.np$se
  delta         mu       mu_1       mu_0         de       se_1       se_0
1   0.5 0.01379290 0.01343380 0.02090300 0.02469837 0.01283785 0.01712427
2   1.0 0.01266425 0.01217322 0.01565097 0.01362509 0.00000000 0.00000000
3   2.0 0.04880855 0.05275067 0.03167781 0.03982978 0.04783481 0.02538386
          oe         te
1 0.01209330 0.01764118
2 0.00000000 0.01362509
3 0.04446423 0.05287392


[[1]]$ipw.p
[[1]]$ipw.p$est
  delta        mu      mu_1      mu_0         de       se_1          se_0
1   0.5 0.4509481 0.2527366 0.6239239 -0.3711873 0.02346454  0.0808681873
2   1.0 0.3445909 0.2292721 0.5430558 -0.3137837 0.00000000  0.0000000000
3   2.0 0.3127513 0.2456741 0.5428680 -0.2971939 0.01640201 -0.0001877587
           oe         te
1  0.10635726 -0.2903191
2  0.00000000 -0.3137837
3 -0.03183952 -0.2973817

[[1]]$ipw.p$se
  delta          mu        mu_1       mu_0         de       se_1       se_0
1   0.5 0.035056276 0.016285118 0.05827235 0.05212053 0.01659769 0.05237029
2   1.0 0.008578121 0.009747021 0.01540215 0.01776819 0.00000000 0.00000000
3   2.0 0.024416377 0.025678801 0.03018608 0.02671543 0.02123971 0.03201592
          oe         te
1 0.03378519 0.01724317
2 0.00000000 0.01776819
3 0.02299041 0.03272784


[[1]]$ipw.np
[[1]]$ipw.np$est
  delta        mu      mu_1      mu_0         de       se_1         se_0
1   0.5 0.4513690 0.2600566 0.6134351 -0.3533785 0.02570870  0.085453797
2   1.0 0.3449048 0.2343479 0.5279813 -0.2936334 0.00000000  0.000000000
3   2.0 0.3124885 0.2484740 0.5210793 -0.2726053 0.01412611 -0.006901978
           oe         te
1  0.10646424 -0.2679247
2  0.00000000 -0.2936334
3 -0.03241627 -0.2795073

[[1]]$ipw.np$se
  delta          mu       mu_1       mu_0         de       se_1       se_0
1   0.5 0.035051285 0.01674944 0.05731748 0.05109784 0.01713066 0.05158157
2   1.0 0.008619689 0.00996952 0.01515051 0.01763686 0.00000000 0.00000000
3   2.0 0.024177793 0.02592074 0.02855849 0.02623965 0.02132115 0.03035233
          oe         te
1 0.03386772 0.01757075
2 0.00000000 0.01763686
3 0.02268472 0.03274932



[1] "Total run time was 281.241 seconds"
