WARNING: ignoring environment value of R_HOME

Attaching package: ‘dplyr’

The following objects are masked from ‘package:stats’:

    filter, lag

The following objects are masked from ‘package:base’:

    intersect, setdiff, setequal, union

Loading required package: splines
Loading required package: foreach
Loaded gam 1.20.2

Super Learner
Version: 2.0-28
Package created on 2021-05-04

Loading required package: lattice
Loading required package: ggplot2
Loading required package: Matrix
Loaded glmnet 4.1-7
Loading required package: Formula
Loading required package: plotmo
Loading required package: plotrix
Loading required package: TeachingDemos
Loaded gbm 2.1.8.1

Attaching package: ‘xgboost’

The following object is masked from ‘package:dplyr’:

    slice

[1] "[Simulation setting]"
[1] "m: 500"
[1] "deltas: 0.5, 1, 2"
[1] "Sim.id 1"
[1] "Data generated"
[1] "Proposed & IPW estimators"
[1] "   Split: 1"
[1] "   Split: 2"
[1] "Estimates and SE estimates computed"
[1] ""
[[1]]
[[1]]$pro.p
[[1]]$pro.p$est
  delta        mu      mu_1      mu_0         de         se_1        se_0
1   0.5 0.4216917 0.2417162 0.5673214 -0.3256052  0.007985362  0.01287596
2   1.0 0.3580634 0.2337308 0.5544454 -0.3207146  0.000000000  0.00000000
3   2.0 0.2989262 0.2210635 0.5376365 -0.3165730 -0.012667304 -0.01680887
           oe         te
1  0.06362831 -0.3127292
2  0.00000000 -0.3207146
3 -0.05913714 -0.3333819

[[1]]$pro.p$se
  delta         mu       mu_1       mu_0         de       se_1       se_0
1   0.5 0.01777660 0.01322476 0.02640882 0.02570272 0.01116265 0.02282676
2   1.0 0.01173926 0.01095032 0.01569904 0.01397164 0.00000000 0.00000000
3   2.0 0.02211020 0.02161386 0.02705317 0.02262040 0.01629871 0.02076313
          oe         te
1 0.01534808 0.01652679
2 0.00000000 0.01397164
3 0.01735796 0.02339474


[[1]]$pro.np
[[1]]$pro.np$est
  delta        mu      mu_1      mu_0         de        se_1        se_0
1   0.5 0.4172889 0.2540756 0.5404222 -0.2863466  0.01185211  0.01634143
2   1.0 0.3568295 0.2422235 0.5240808 -0.2818573  0.00000000  0.00000000
3   2.0 0.3003106 0.2319115 0.4923711 -0.2604596 -0.01031204 -0.03170973
           oe         te
1  0.06045932 -0.2700052
2  0.00000000 -0.2818573
3 -0.05651900 -0.2921693

[[1]]$pro.np$se
  delta         mu       mu_1       mu_0         de       se_1       se_0
1   0.5 0.01547081 0.01331824 0.02142341 0.02175257 0.01118950 0.01757205
2   1.0 0.01212374 0.01141251 0.01549980 0.01330590 0.00000000 0.00000000
3   2.0 0.02356270 0.02364940 0.02599708 0.02214984 0.01764288 0.01951833
          oe         te
1 0.01248892 0.01602202
2 0.00000000 0.01330590
3 0.01824406 0.02417578


[[1]]$ipw.p
[[1]]$ipw.p$est
  delta        mu      mu_1      mu_0         de        se_1        se_0
1   0.5 0.4304824 0.2468691 0.5744250 -0.3275560  0.01737714  0.03257287
2   1.0 0.3515897 0.2294919 0.5418522 -0.3123603  0.00000000  0.00000000
3   2.0 0.2709703 0.1920520 0.5188309 -0.3267789 -0.03743992 -0.02302128
           oe         te
1  0.07889268 -0.2949831
2  0.00000000 -0.3123603
3 -0.08061944 -0.3498002

[[1]]$ipw.p$se
  delta         mu       mu_1       mu_0         de       se_1       se_0
1   0.5 0.03706186 0.01705990 0.05763113 0.04903045 0.01722911 0.05293290
2   1.0 0.00938497 0.01011898 0.01506191 0.01650170 0.00000000 0.00000000
3   2.0 0.01860878 0.01763407 0.02853060 0.02202411 0.01276592 0.02911511
          oe         te
1 0.03581912 0.01741931
2 0.00000000 0.01650170
3 0.01668174 0.02427534


[[1]]$ipw.np
[[1]]$ipw.np$est
  delta        mu      mu_1      mu_0         de        se_1        se_0
1   0.5 0.4245478 0.2533574 0.5542997 -0.3009423  0.01870704  0.02700419
2   1.0 0.3515682 0.2346504 0.5272955 -0.2926451  0.00000000  0.00000000
3   2.0 0.2724834 0.1958681 0.5026154 -0.3067474 -0.03878229 -0.02468006
           oe         te
1  0.07297957 -0.2739381
2  0.00000000 -0.2926451
3 -0.07908475 -0.3314274

[[1]]$ipw.np$se
  delta          mu       mu_1       mu_0         de       se_1       se_0
1   0.5 0.034155465 0.01704272 0.05114166 0.04274442 0.01718947 0.04617315
2   1.0 0.009379207 0.01028251 0.01482358 0.01635320 0.00000000 0.00000000
3   2.0 0.018577394 0.01782114 0.02758479 0.02146485 0.01289741 0.02825871
          oe         te
1 0.03283253 0.01714635
2 0.00000000 0.01635320
3 0.01671361 0.02430430



[1] "Total run time was 350.677 seconds"
