WARNING: ignoring environment value of R_HOME

Attaching package: ‘dplyr’

The following objects are masked from ‘package:stats’:

    filter, lag

The following objects are masked from ‘package:base’:

    intersect, setdiff, setequal, union

Loading required package: splines
Loading required package: foreach
Loaded gam 1.20.2

Super Learner
Version: 2.0-28
Package created on 2021-05-04

Loading required package: lattice
Loading required package: ggplot2
Loading required package: Matrix
Loaded glmnet 4.1-7
Loading required package: Formula
Loading required package: plotmo
Loading required package: plotrix
Loading required package: TeachingDemos
Loaded gbm 2.1.8.1

Attaching package: ‘xgboost’

The following object is masked from ‘package:dplyr’:

    slice

[1] "[Simulation setting]"
[1] "m: 500"
[1] "deltas: 0.5, 1, 2"
[1] "Sim.id 1"
[1] "Data generated"
[1] "Proposed & IPW estimators"
[1] "   Split: 1"
[1] "   Split: 2"
[1] "Estimates and SE estimates computed"
[1] ""
[[1]]
[[1]]$pro.p
[[1]]$pro.p$est
  delta        mu      mu_1      mu_0         de        se_1        se_0
1   0.5 0.4909393 0.2820901 0.6586480 -0.3765580  0.05001447  0.09543833
2   1.0 0.3588798 0.2320756 0.5632097 -0.3311341  0.00000000  0.00000000
3   2.0 0.2615914 0.1832887 0.5220863 -0.3387977 -0.04878693 -0.04112338
           oe         te
1  0.13205951 -0.2811196
2  0.00000000 -0.3311341
3 -0.09728837 -0.3799210

[[1]]$pro.p$se
  delta         mu       mu_1       mu_0         de       se_1       se_0
1   0.5 0.02078773 0.01551428 0.02713997 0.02153030 0.01304460 0.02311591
2   1.0 0.01147091 0.01046818 0.01570886 0.01445604 0.00000000 0.00000000
3   2.0 0.01852394 0.01819018 0.02542919 0.02382290 0.01391524 0.02033960
          oe         te
1 0.01782641 0.01796185
2 0.00000000 0.01445604
3 0.01453644 0.02124536


[[1]]$pro.np
[[1]]$pro.np$est
  delta        mu      mu_1      mu_0         de        se_1        se_0
1   0.5 0.4650942 0.2880165 0.6021219 -0.3141055  0.04369724  0.07177319
2   1.0 0.3563834 0.2443192 0.5303487 -0.2860295  0.00000000  0.00000000
3   2.0 0.2692997 0.2021494 0.4945442 -0.2923948 -0.04216981 -0.03580449
           oe         te
1  0.10871084 -0.2423323
2  0.00000000 -0.2860295
3 -0.08708369 -0.3281993

[[1]]$pro.np$se
  delta         mu       mu_1       mu_0         de       se_1       se_0
1   0.5 0.01896784 0.01349825 0.02505386 0.02017370 0.01101727 0.02075083
2   1.0 0.01153365 0.01080904 0.01472570 0.01288808 0.00000000 0.00000000
3   2.0 0.02082660 0.02084608 0.02356199 0.02154934 0.01568835 0.01863991
          oe         te
1 0.01592451 0.01518758
2 0.00000000 0.01288808
3 0.01608294 0.02191013


[[1]]$ipw.p
[[1]]$ipw.p$est
  delta        mu      mu_1      mu_0         de        se_1        se_0
1   0.5 0.4182590 0.2612865 0.5503274 -0.2890409  0.02611573 -0.01651897
2   1.0 0.3613928 0.2351708 0.5668464 -0.3316756  0.00000000  0.00000000
3   2.0 0.2814249 0.2010674 0.5436925 -0.3426251 -0.03410340 -0.02315389
           oe         te
1  0.05686623 -0.3055599
2  0.00000000 -0.3316756
3 -0.07996788 -0.3657790

[[1]]$ipw.p$se
  delta          mu        mu_1       mu_0         de       se_1       se_0
1   0.5 0.039403848 0.018777186 0.06074924 0.04803860 0.01878898 0.05661944
2   1.0 0.008517794 0.009412014 0.01476468 0.01687978 0.00000000 0.00000000
3   2.0 0.022169520 0.021301946 0.03364537 0.02595381 0.01790047 0.03564318
          oe         te
1 0.03830397 0.01951017
2 0.00000000 0.01687978
3 0.02155354 0.02815034


[[1]]$ipw.np
[[1]]$ipw.np$est
  delta        mu      mu_1      mu_0         de        se_1        se_0
1   0.5 0.4137052 0.2698461 0.5307772 -0.2609311  0.02784881 -0.01711874
2   1.0 0.3614971 0.2419973 0.5478960 -0.3058986  0.00000000  0.00000000
3   2.0 0.2746836 0.1996219 0.5120455 -0.3124236 -0.04237546 -0.03585044
           oe         te
1  0.05220805 -0.2780498
2  0.00000000 -0.3058986
3 -0.08681356 -0.3482741

[[1]]$ipw.np$se
  delta          mu        mu_1       mu_0         de       se_1       se_0
1   0.5 0.038362901 0.018989062 0.05773465 0.04515140 0.01901287 0.05372805
2   1.0 0.008557706 0.009688435 0.01441774 0.01662574 0.00000000 0.00000000
3   2.0 0.020624881 0.020595761 0.03021474 0.02377257 0.01695556 0.03213847
          oe         te
1 0.03729774 0.01950029
2 0.00000000 0.01662574
3 0.01994025 0.02723351



[1] "Total run time was 335.726 seconds"
