WARNING: ignoring environment value of R_HOME

Attaching package: ‘dplyr’

The following objects are masked from ‘package:stats’:

    filter, lag

The following objects are masked from ‘package:base’:

    intersect, setdiff, setequal, union

Loading required package: splines
Loading required package: foreach
Loaded gam 1.20.2

Super Learner
Version: 2.0-28
Package created on 2021-05-04

Loading required package: lattice
Loading required package: ggplot2
Loading required package: Matrix
Loaded glmnet 4.1-7
Loading required package: Formula
Loading required package: plotmo
Loading required package: plotrix
Loading required package: TeachingDemos
Loaded gbm 2.1.8.1

Attaching package: ‘xgboost’

The following object is masked from ‘package:dplyr’:

    slice

[1] "[Simulation setting]"
[1] "m: 500"
[1] "deltas: 0.5, 1, 2"
[1] "Sim.id 1"
[1] "Data generated"
[1] "Proposed & IPW estimators"
[1] "   Split: 1"
[1] "   Split: 2"
[1] "Estimates and SE estimates computed"
[1] ""
[[1]]
[[1]]$pro.p
[[1]]$pro.p$est
  delta        mu      mu_1      mu_0         de        se_1        se_0
1   0.5 0.4526578 0.2702193 0.5965171 -0.3262978  0.05348963  0.04193456
2   1.0 0.3474350 0.2167297 0.5545825 -0.3378528  0.00000000  0.00000000
3   2.0 0.2619974 0.1830872 0.5123057 -0.3292185 -0.03364254 -0.04227686
           oe         te
1  0.10522281 -0.2843632
2  0.00000000 -0.3378528
3 -0.08543759 -0.3714954

[[1]]$pro.p$se
  delta         mu        mu_1       mu_0         de       se_1       se_0
1   0.5 0.01891739 0.018675401 0.02238401 0.02057954 0.01697971 0.01932212
2   1.0 0.01113732 0.009975961 0.01516200 0.01385026 0.00000000 0.00000000
3   2.0 0.01874799 0.018302323 0.02544036 0.02306313 0.01401470 0.01974771
          oe         te
1 0.01660505 0.02121670
2 0.00000000 0.01385026
3 0.01453443 0.02111468


[[1]]$pro.np
[[1]]$pro.np$est
  delta        mu      mu_1      mu_0         de        se_1        se_0
1   0.5 0.4427648 0.2837301 0.5625957 -0.2788655  0.05001694  0.04256262
2   1.0 0.3477476 0.2337132 0.5200330 -0.2863199  0.00000000  0.00000000
3   2.0 0.2888423 0.2201944 0.4885225 -0.2683281 -0.01351876 -0.03151053
           oe         te
1  0.09501714 -0.2363029
2  0.00000000 -0.2863199
3 -0.05890535 -0.2998386

[[1]]$pro.np$se
  delta         mu       mu_1       mu_0         de      se_1       se_0
1   0.5 0.01698505 0.01659370 0.01974370 0.01776199 0.0147515 0.01639392
2   1.0 0.01177002 0.01055786 0.01511952 0.01269859 0.0000000 0.00000000
3   2.0 0.02095106 0.02019610 0.02559914 0.02154072 0.0155008 0.01933446
          oe         te
1 0.01450337 0.01856987
2 0.00000000 0.01269859
3 0.01615272 0.02131353


[[1]]$ipw.p
[[1]]$ipw.p$est
  delta        mu      mu_1      mu_0         de        se_1        se_0
1   0.5 0.4578082 0.2667622 0.6109706 -0.3442084  0.04574485  0.05766744
2   1.0 0.3491368 0.2210174 0.5533032 -0.3322858  0.00000000  0.00000000
3   2.0 0.2816640 0.1989949 0.5425260 -0.3435311 -0.02202247 -0.01077718
           oe         te
1  0.10867136 -0.2865410
2  0.00000000 -0.3322858
3 -0.06747277 -0.3543083

[[1]]$ipw.p$se
  delta          mu        mu_1       mu_0         de       se_1       se_0
1   0.5 0.048438649 0.024141854 0.07036654 0.05223146 0.02417548 0.06620632
2   1.0 0.008508759 0.008977494 0.01448246 0.01582999 0.00000000 0.00000000
3   2.0 0.027832026 0.027970504 0.03260258 0.02160282 0.02462328 0.03389358
          oe         te
1 0.04725302 0.02369486
2 0.00000000 0.01582999
3 0.02658160 0.03276962


[[1]]$ipw.np
[[1]]$ipw.np$est
  delta        mu      mu_1      mu_0         de        se_1        se_0
1   0.5 0.4537431 0.2762667 0.5900352 -0.3137685  0.04757251  0.05447850
2   1.0 0.3495440 0.2286942 0.5355567 -0.3068625  0.00000000  0.00000000
3   2.0 0.2823904 0.2018133 0.5244848 -0.3226716 -0.02688094 -0.01107185
           oe         te
1  0.10419911 -0.2592900
2  0.00000000 -0.3068625
3 -0.06715353 -0.3337434

[[1]]$ipw.np$se
  delta          mu        mu_1       mu_0         de       se_1       se_0
1   0.5 0.045925372 0.023470017 0.06524961 0.04864467 0.02352563 0.06114411
2   1.0 0.008534248 0.009269712 0.01421995 0.01566398 0.00000000 0.00000000
3   2.0 0.026345407 0.026344152 0.03089538 0.02061468 0.02291340 0.03207164
          oe         te
1 0.04473809 0.02293777
2 0.00000000 0.01566398
3 0.02507087 0.03119136



[1] "Total run time was 263.508 seconds"
