WARNING: ignoring environment value of R_HOME

Attaching package: ‘dplyr’

The following objects are masked from ‘package:stats’:

    filter, lag

The following objects are masked from ‘package:base’:

    intersect, setdiff, setequal, union

Loading required package: splines
Loading required package: foreach
Loaded gam 1.20.2

Super Learner
Version: 2.0-28
Package created on 2021-05-04

Loading required package: lattice
Loading required package: ggplot2
Loading required package: Matrix
Loaded glmnet 4.1-7
Loading required package: Formula
Loading required package: plotmo
Loading required package: plotrix
Loading required package: TeachingDemos
Loaded gbm 2.1.8.1

Attaching package: ‘xgboost’

The following object is masked from ‘package:dplyr’:

    slice

[1] "[Simulation setting]"
[1] "m: 500"
[1] "deltas: 0.5, 1, 2"
[1] "Sim.id 1"
[1] "Data generated"
[1] "Proposed & IPW estimators"
[1] "   Split: 1"
[1] "   Split: 2"
[1] "Estimates and SE estimates computed"
[1] ""
[[1]]
[[1]]$pro.p
[[1]]$pro.p$est
  delta        mu      mu_1      mu_0         de        se_1        se_0
1   0.5 0.4257068 0.2477696 0.5671549 -0.3193853  0.03126091  0.03941832
2   1.0 0.3366480 0.2165087 0.5277366 -0.3112279  0.00000000  0.00000000
3   2.0 0.2721777 0.2018772 0.4878815 -0.2860042 -0.01463144 -0.03985512
           oe         te
1  0.08905877 -0.2799670
2  0.00000000 -0.3112279
3 -0.06447031 -0.3258594

[[1]]$pro.p$se
  delta         mu       mu_1       mu_0         de       se_1       se_0
1   0.5 0.01552168 0.01330128 0.02081174 0.01972026 0.01068667 0.01740117
2   1.0 0.01114429 0.01021028 0.01525895 0.01426577 0.00000000 0.00000000
3   2.0 0.01606102 0.01534256 0.02331175 0.02239063 0.01107368 0.01666799
          oe         te
1 0.01295683 0.01683616
2 0.00000000 0.01426577
3 0.01158457 0.01873859


[[1]]$pro.np
[[1]]$pro.np$est
  delta        mu      mu_1      mu_0         de        se_1        se_0
1   0.5 0.4177450 0.2608746 0.5384117 -0.2775372  0.03454766  0.03246490
2   1.0 0.3366906 0.2263269 0.5059468 -0.2796199  0.00000000  0.00000000
3   2.0 0.2751250 0.2119261 0.4658198 -0.2538937 -0.01440082 -0.04012704
           oe         te
1  0.08105447 -0.2450723
2  0.00000000 -0.2796199
3 -0.06156551 -0.2940207

[[1]]$pro.np$se
  delta         mu       mu_1       mu_0         de        se_1       se_0
1   0.5 0.01451585 0.01280646 0.01958463 0.01865686 0.009703977 0.01567546
2   1.0 0.01124118 0.01043734 0.01481125 0.01316470 0.000000000 0.00000000
3   2.0 0.01673984 0.01643998 0.02217127 0.02080645 0.011976066 0.01571239
          oe         te
1 0.01145994 0.01548567
2 0.00000000 0.01316470
3 0.01215263 0.01858371


[[1]]$ipw.p
[[1]]$ipw.p$est
  delta        mu      mu_1      mu_0         de        se_1        se_0
1   0.5 0.4130893 0.2420414 0.5512321 -0.3091907  0.02537639  0.01693522
2   1.0 0.3384712 0.2166650 0.5342969 -0.3176319  0.00000000  0.00000000
3   2.0 0.2693472 0.1952139 0.5068429 -0.3116290 -0.02145119 -0.02745405
           oe         te
1  0.07461811 -0.2922555
2  0.00000000 -0.3176319
3 -0.06912401 -0.3390830

[[1]]$ipw.p$se
  delta          mu        mu_1       mu_0         de       se_1       se_0
1   0.5 0.031617077 0.016597622 0.04799058 0.04054540 0.01622550 0.04264003
2   1.0 0.008365437 0.009376991 0.01447275 0.01662914 0.00000000 0.00000000
3   2.0 0.019965534 0.020245533 0.02757729 0.02313224 0.01669542 0.02905165
          oe         te
1 0.03007148 0.01730795
2 0.00000000 0.01662914
3 0.01915047 0.02720532


[[1]]$ipw.np
[[1]]$ipw.np$est
  delta        mu      mu_1      mu_0         de        se_1        se_0
1   0.5 0.4111726 0.2508446 0.5373354 -0.2864908  0.02805994  0.01729863
2   1.0 0.3385132 0.2227846 0.5200367 -0.2972521  0.00000000  0.00000000
3   2.0 0.2705656 0.2001022 0.4907658 -0.2906637 -0.02268249 -0.02927090
           oe         te
1  0.07265940 -0.2691922
2  0.00000000 -0.2972521
3 -0.06794765 -0.3199346

[[1]]$ipw.np$se
  delta          mu        mu_1       mu_0         de       se_1       se_0
1   0.5 0.031177491 0.017057537 0.04650674 0.03916751 0.01669499 0.04115118
2   1.0 0.008382951 0.009656277 0.01428759 0.01660413 0.00000000 0.00000000
3   2.0 0.019977817 0.020683705 0.02675175 0.02307788 0.01697915 0.02820059
          oe         te
1 0.02962510 0.01755224
2 0.00000000 0.01660413
3 0.01914264 0.02745822



[1] "Total run time was 328.383 seconds"
