WARNING: ignoring environment value of R_HOME

Attaching package: ‘dplyr’

The following objects are masked from ‘package:stats’:

    filter, lag

The following objects are masked from ‘package:base’:

    intersect, setdiff, setequal, union

Loading required package: splines
Loading required package: foreach
Loaded gam 1.20.2

Super Learner
Version: 2.0-28
Package created on 2021-05-04

Loading required package: lattice
Loading required package: ggplot2
Loading required package: Matrix
Loaded glmnet 4.1-7
Loading required package: Formula
Loading required package: plotmo
Loading required package: plotrix
Loading required package: TeachingDemos
Loaded gbm 2.1.8.1

Attaching package: ‘xgboost’

The following object is masked from ‘package:dplyr’:

    slice

[1] "[Simulation setting]"
[1] "m: 500"
[1] "deltas: 0.5, 1, 2"
[1] "Sim.id 1"
[1] "Data generated"
[1] "Proposed & IPW estimators"
[1] "   Split: 1"
[1] "   Split: 2"
[1] "Estimates and SE estimates computed"
[1] ""
[[1]]
[[1]]$pro.p
[[1]]$pro.p$est
  delta        mu      mu_1      mu_0         de        se_1        se_0
1   0.5 0.4600519 0.2520242 0.6204988 -0.3684745  0.03843776  0.04863113
2   1.0 0.3535361 0.2135865 0.5718677 -0.3582812  0.00000000  0.00000000
3   2.0 0.2720152 0.1908547 0.5338287 -0.3429740 -0.02273181 -0.03803894
           oe         te
1  0.10651587 -0.3198434
2  0.00000000 -0.3582812
3 -0.08152083 -0.3810130

[[1]]$pro.p$se
  delta         mu       mu_1       mu_0         de       se_1       se_0
1   0.5 0.01586995 0.01389467 0.02127852 0.02118700 0.01038465 0.01579053
2   1.0 0.01199287 0.01042795 0.01690249 0.01464965 0.00000000 0.00000000
3   2.0 0.02081205 0.01978009 0.02730946 0.02271032 0.01555964 0.02041388
          oe         te
1 0.01155634 0.01742705
2 0.00000000 0.01464965
3 0.01651593 0.02208869


[[1]]$pro.np
[[1]]$pro.np$est
  delta        mu      mu_1      mu_0         de        se_1        se_0
1   0.5 0.4537461 0.2712854 0.5881213 -0.3168359  0.04128557  0.04502518
2   1.0 0.3563367 0.2299998 0.5430961 -0.3130963  0.00000000  0.00000000
3   2.0 0.2818543 0.2075189 0.5104631 -0.3029443 -0.02248092 -0.03263295
           oe         te
1  0.09740944 -0.2718107
2  0.00000000 -0.3130963
3 -0.07448245 -0.3355772

[[1]]$pro.np$se
  delta         mu       mu_1       mu_0         de       se_1       se_0
1   0.5 0.01573335 0.01407809 0.02108666 0.02076600 0.01028174 0.01512790
2   1.0 0.01227674 0.01097631 0.01654886 0.01375600 0.00000000 0.00000000
3   2.0 0.02349478 0.02442765 0.02602006 0.02564213 0.02000900 0.01959517
          oe         te
1 0.01107908 0.01648182
2 0.00000000 0.01375600
3 0.01923850 0.02570996


[[1]]$ipw.p
[[1]]$ipw.p$est
  delta        mu      mu_1      mu_0         de        se_1        se_0
1   0.5 0.3906486 0.2285907 0.5205181 -0.2919273  0.01297203 -0.04458938
2   1.0 0.3518157 0.2156187 0.5651074 -0.3494887  0.00000000  0.00000000
3   2.0 0.2681773 0.1830010 0.5342101 -0.3512090 -0.03261765 -0.03089736
           oe         te
1  0.03883288 -0.3365167
2  0.00000000 -0.3494887
3 -0.08363840 -0.3821064

[[1]]$ipw.p$se
  delta          mu        mu_1       mu_0         de       se_1       se_0
1   0.5 0.026973205 0.017485759 0.03943712 0.03304116 0.01694274 0.03359567
2   1.0 0.008857096 0.009856018 0.01502044 0.01701876 0.00000000 0.00000000
3   2.0 0.020165879 0.019034695 0.03068826 0.02303473 0.01492928 0.03167854
          oe         te
1 0.02536081 0.01903231
2 0.00000000 0.01701876
3 0.01874640 0.02579648


[[1]]$ipw.np
[[1]]$ipw.np$est
  delta        mu      mu_1      mu_0         de        se_1        se_0
1   0.5 0.3892988 0.2336509 0.5089046 -0.2752537  0.01229818 -0.03932981
2   1.0 0.3522746 0.2213527 0.5482344 -0.3268817  0.00000000  0.00000000
3   2.0 0.2727148 0.1895133 0.5222258 -0.3327125 -0.03183942 -0.02600858
           oe         te
1  0.03702417 -0.3145835
2  0.00000000 -0.3268817
3 -0.07955984 -0.3587211

[[1]]$ipw.np$se
  delta          mu       mu_1       mu_0         de       se_1       se_0
1   0.5 0.026671463 0.01748455 0.03877274 0.03290211 0.01700834 0.03309289
2   1.0 0.008902786 0.01013332 0.01465822 0.01680969 0.00000000 0.00000000
3   2.0 0.020773248 0.02008515 0.03053665 0.02306529 0.01579429 0.03138980
          oe         te
1 0.02514080 0.01884627
2 0.00000000 0.01680969
3 0.01925636 0.02633785



[1] "Total run time was 368.046 seconds"
