WARNING: ignoring environment value of R_HOME

Attaching package: ‘dplyr’

The following objects are masked from ‘package:stats’:

    filter, lag

The following objects are masked from ‘package:base’:

    intersect, setdiff, setequal, union

Loading required package: splines
Loading required package: foreach
Loaded gam 1.20.2

Super Learner
Version: 2.0-28
Package created on 2021-05-04

Loading required package: lattice
Loading required package: ggplot2
Loading required package: Matrix
Loaded glmnet 4.1-7
Loading required package: Formula
Loading required package: plotmo
Loading required package: plotrix
Loading required package: TeachingDemos
Loaded gbm 2.1.8.1

Attaching package: ‘xgboost’

The following object is masked from ‘package:dplyr’:

    slice

[1] "[Simulation setting]"
[1] "m: 500"
[1] "deltas: 0.5, 1, 2"
[1] "Sim.id 1"
[1] "Data generated"
[1] "Proposed & IPW estimators"
[1] "   Split: 1"
[1] "   Split: 2"
[1] "Estimates and SE estimates computed"
[1] ""
[[1]]
[[1]]$pro.p
[[1]]$pro.p$est
  delta        mu      mu_1      mu_0         de        se_1        se_0
1   0.5 0.4340063 0.2558668 0.5833768 -0.3275100  0.04481530  0.04214616
2   1.0 0.3336660 0.2110515 0.5412307 -0.3301791  0.00000000  0.00000000
3   2.0 0.2596460 0.1854881 0.5153264 -0.3298384 -0.02556347 -0.02590423
           oe         te
1  0.10034028 -0.2853638
2  0.00000000 -0.3301791
3 -0.07402001 -0.3557426

[[1]]$pro.p$se
  delta         mu       mu_1       mu_0         de       se_1       se_0
1   0.5 0.01576334 0.01558747 0.02122762 0.02303961 0.01295452 0.01684920
2   1.0 0.01165360 0.01079708 0.01552481 0.01425786 0.00000000 0.00000000
3   2.0 0.02233407 0.02150655 0.02903322 0.02569333 0.01550747 0.02311547
          oe         te
1 0.01235514 0.01790334
2 0.00000000 0.01425786
3 0.01702193 0.02344222


[[1]]$pro.np
[[1]]$pro.np$est
  delta        mu      mu_1      mu_0         de         se_1        se_0
1   0.5 0.4286299 0.2620431 0.5587466 -0.2967034  0.040684524  0.05230099
2   1.0 0.3308378 0.2213586 0.5064456 -0.2850870  0.000000000  0.00000000
3   2.0 0.2758727 0.2126415 0.4844051 -0.2717637 -0.008717135 -0.02204045
           oe         te
1  0.09779210 -0.2444025
2  0.00000000 -0.2850870
3 -0.05496514 -0.2938041

[[1]]$pro.np$se
  delta         mu       mu_1       mu_0         de       se_1       se_0
1   0.5 0.01510893 0.01416073 0.01906375 0.01864082 0.01110605 0.01478513
2   1.0 0.01227770 0.01134277 0.01537729 0.01301739 0.00000000 0.00000000
3   2.0 0.02522672 0.02493206 0.02801237 0.02425834 0.01879713 0.02110909
          oe         te
1 0.01144498 0.01553563
2 0.00000000 0.01301739
3 0.01927942 0.02497939


[[1]]$ipw.p
[[1]]$ipw.p$est
  delta        mu      mu_1      mu_0         de        se_1         se_0
1   0.5 0.4491671 0.2687237 0.6014202 -0.3326964  0.05139871  0.044614810
2   1.0 0.3434294 0.2173250 0.5568053 -0.3394803  0.00000000  0.000000000
3   2.0 0.2746422 0.1934293 0.5476269 -0.3541976 -0.02389568 -0.009178397
           oe         te
1  0.10573775 -0.2880816
2  0.00000000 -0.3394803
3 -0.06878719 -0.3633760

[[1]]$ipw.p$se
  delta         mu       mu_1       mu_0         de       se_1       se_0
1   0.5 0.04073286 0.02316337 0.05790303 0.04138613 0.02317926 0.05273116
2   1.0 0.00850623 0.00938178 0.01471278 0.01660757 0.00000000 0.00000000
3   2.0 0.01982157 0.01960336 0.03025821 0.02593311 0.01531206 0.03191092
          oe         te
1 0.03921584 0.02258497
2 0.00000000 0.01660757
3 0.01860769 0.02665280


[[1]]$ipw.np
[[1]]$ipw.np$est
  delta        mu      mu_1      mu_0         de        se_1        se_0
1   0.5 0.4496268 0.2790576 0.5894635 -0.3104060  0.05529509  0.05046893
2   1.0 0.3436446 0.2237625 0.5389946 -0.3152321  0.00000000  0.00000000
3   2.0 0.2741190 0.1963655 0.5243151 -0.3279496 -0.02739701 -0.01467954
           oe         te
1  0.10598223 -0.2599370
2  0.00000000 -0.3152321
3 -0.06952557 -0.3426291

[[1]]$ipw.np$se
  delta          mu        mu_1       mu_0         de       se_1       se_0
1   0.5 0.040883269 0.023953424 0.05707446 0.04019377 0.02400730 0.05211616
2   1.0 0.008551581 0.009658573 0.01437860 0.01638139 0.00000000 0.00000000
3   2.0 0.019774645 0.019948763 0.02870369 0.02459395 0.01545359 0.03020411
          oe         te
1 0.03943359 0.02313626
2 0.00000000 0.01638139
3 0.01844309 0.02660350



[1] "Total run time was 251.461 seconds"
