WARNING: ignoring environment value of R_HOME

Attaching package: ‘dplyr’

The following objects are masked from ‘package:stats’:

    filter, lag

The following objects are masked from ‘package:base’:

    intersect, setdiff, setequal, union

Loading required package: splines
Loading required package: foreach
Loaded gam 1.20.2

Super Learner
Version: 2.0-28
Package created on 2021-05-04

Loading required package: lattice
Loading required package: ggplot2
Loading required package: Matrix
Loaded glmnet 4.1-7
Loading required package: Formula
Loading required package: plotmo
Loading required package: plotrix
Loading required package: TeachingDemos
Loaded gbm 2.1.8.1

Attaching package: ‘xgboost’

The following object is masked from ‘package:dplyr’:

    slice

[1] "[Simulation setting]"
[1] "m: 500"
[1] "deltas: 0.5, 1, 2"
[1] "Sim.id 1"
[1] "Data generated"
[1] "Proposed & IPW estimators"
[1] "   Split: 1"
[1] "   Split: 2"
[1] "Estimates and SE estimates computed"
[1] ""
[[1]]
[[1]]$pro.p
[[1]]$pro.p$est
  delta        mu      mu_1      mu_0         de        se_1        se_0
1   0.5 0.4194487 0.2217238 0.5771302 -0.3554064  0.01273027  0.04850029
2   1.0 0.3324046 0.2089935 0.5286299 -0.3196364  0.00000000  0.00000000
3   2.0 0.2577135 0.1925867 0.4617209 -0.2691342 -0.01640681 -0.06690897
           oe         te
1  0.08704418 -0.3069061
2  0.00000000 -0.3196364
3 -0.07469108 -0.3360432

[[1]]$pro.p$se
  delta         mu        mu_1       mu_0         de        se_1       se_0
1   0.5 0.01385695 0.011857447 0.01972335 0.02090250 0.009658016 0.01545342
2   1.0 0.01096927 0.009958673 0.01494774 0.01342698 0.000000000 0.00000000
3   2.0 0.01776646 0.016532015 0.02366834 0.01919063 0.012243724 0.01785449
          oe         te
1 0.01073836 0.01622592
2 0.00000000 0.01342698
3 0.01351289 0.01891133


[[1]]$pro.np
[[1]]$pro.np$est
  delta        mu      mu_1      mu_0         de        se_1        se_0
1   0.5 0.4053549 0.2278654 0.5407352 -0.3128698  0.01181053  0.02926872
2   1.0 0.3322963 0.2160549 0.5114664 -0.2954116  0.00000000  0.00000000
3   2.0 0.2642038 0.2005613 0.4629658 -0.2624045 -0.01549359 -0.04850067
           oe         te
1  0.07305863 -0.2836011
2  0.00000000 -0.2954116
3 -0.06809251 -0.3109052

[[1]]$pro.np$se
  delta         mu       mu_1       mu_0         de        se_1       se_0
1   0.5 0.01318339 0.01084236 0.01798500 0.01758163 0.008253806 0.01352718
2   1.0 0.01126253 0.01025640 0.01480090 0.01247034 0.000000000 0.00000000
3   2.0 0.01886265 0.01823877 0.02242695 0.01808366 0.013633735 0.01631867
           oe         te
1 0.009610036 0.01453424
2 0.000000000 0.01247034
3 0.014260516 0.01958411


[[1]]$ipw.p
[[1]]$ipw.p$est
  delta        mu      mu_1      mu_0         de        se_1         se_0
1   0.5 0.3967516 0.2229648 0.5341636 -0.3111988  0.00785321 -0.001121054
2   1.0 0.3392530 0.2151116 0.5352846 -0.3201731  0.00000000  0.000000000
3   2.0 0.2457219 0.1771338 0.4613440 -0.2842102 -0.03797775 -0.073940672
           oe         te
1  0.05749864 -0.3123199
2  0.00000000 -0.3201731
3 -0.09353110 -0.3581508

[[1]]$ipw.p$se
  delta         mu       mu_1       mu_0         de       se_1       se_0
1   0.5 0.03093523 0.01405361 0.04885129 0.04384064 0.01383131 0.04363904
2   1.0 0.00833955 0.00926416 0.01450591 0.01652619 0.00000000 0.00000000
3   2.0 0.01514440 0.01545576 0.02236748 0.02017785 0.01178706 0.02403833
          oe         te
1 0.02949857 0.01562105
2 0.00000000 0.01652619
3 0.01450665 0.02363216


[[1]]$ipw.np
[[1]]$ipw.np$est
  delta        mu      mu_1      mu_0         de         se_1        se_0
1   0.5 0.3868726 0.2233770 0.5128625 -0.2894856  0.002360005 -0.01158910
2   1.0 0.3400199 0.2210170 0.5244516 -0.3034347  0.000000000  0.00000000
3   2.0 0.2532401 0.1875237 0.4566938 -0.2691701 -0.033493252 -0.06775787
           oe         te
1  0.04685271 -0.3010747
2  0.00000000 -0.3034347
3 -0.08677981 -0.3369279

[[1]]$ipw.np$se
  delta          mu        mu_1       mu_0         de       se_1       se_0
1   0.5 0.029607138 0.013708588 0.04617101 0.04158124 0.01365570 0.04128182
2   1.0 0.008417376 0.009569245 0.01429419 0.01648718 0.00000000 0.00000000
3   2.0 0.016409365 0.016992008 0.02261892 0.01993944 0.01304088 0.02401359
          oe         te
1 0.02830778 0.01546423
2 0.00000000 0.01648718
3 0.01553989 0.02456952



[1] "Total run time was 274.597 seconds"
