WARNING: ignoring environment value of R_HOME

Attaching package: ‘dplyr’

The following objects are masked from ‘package:stats’:

    filter, lag

The following objects are masked from ‘package:base’:

    intersect, setdiff, setequal, union

Loading required package: splines
Loading required package: foreach
Loaded gam 1.20.2

Super Learner
Version: 2.0-28
Package created on 2021-05-04

Loading required package: lattice
Loading required package: ggplot2
Loading required package: Matrix
Loaded glmnet 4.1-7
Loading required package: Formula
Loading required package: plotmo
Loading required package: plotrix
Loading required package: TeachingDemos
Loaded gbm 2.1.8.1

Attaching package: ‘xgboost’

The following object is masked from ‘package:dplyr’:

    slice

[1] "[Simulation setting]"
[1] "m: 500"
[1] "deltas: 0.5, 1, 2"
[1] "Sim.id 1"
[1] "Data generated"
[1] "Proposed & IPW estimators"
[1] "   Split: 1"
[1] "   Split: 2"
[1] "Estimates and SE estimates computed"
[1] ""
[[1]]
[[1]]$pro.p
[[1]]$pro.p$est
  delta        mu      mu_1      mu_0         de        se_1        se_0
1   0.5 0.4251863 0.2465877 0.5688940 -0.3223064  0.02047057 0.015667453
2   1.0 0.3503119 0.2261171 0.5532266 -0.3271095  0.00000000 0.000000000
3   2.0 0.2950353 0.2136280 0.5538928 -0.3402648 -0.01248911 0.000666248
           oe         te
1  0.07487436 -0.3066389
2  0.00000000 -0.3271095
3 -0.05527658 -0.3395986

[[1]]$pro.p$se
  delta         mu       mu_1       mu_0         de       se_1       se_0
1   0.5 0.01706186 0.01381912 0.02555461 0.02593329 0.01146082 0.02208924
2   1.0 0.01216460 0.01160723 0.01575172 0.01433124 0.00000000 0.00000000
3   2.0 0.02564087 0.02540980 0.02885814 0.02638145 0.02074714 0.02288688
          oe         te
1 0.01544131 0.01698784
2 0.00000000 0.01433124
3 0.02116469 0.02661183


[[1]]$pro.np
[[1]]$pro.np$est
  delta        mu      mu_1      mu_0         de         se_1        se_0
1   0.5 0.4235159 0.2580542 0.5503723 -0.2923181  0.023906722  0.02158726
2   1.0 0.3503727 0.2341474 0.5287850 -0.2946376  0.000000000  0.00000000
3   2.0 0.2942812 0.2256028 0.5138857 -0.2882830 -0.008544691 -0.01489928
           oe         te
1  0.07314318 -0.2707308
2  0.00000000 -0.2946376
3 -0.05609148 -0.3031823

[[1]]$pro.np$se
  delta         mu       mu_1       mu_0         de       se_1       se_0
1   0.5 0.01560679 0.01367383 0.02168558 0.02203979 0.01110648 0.01803307
2   1.0 0.01243880 0.01189114 0.01532319 0.01321401 0.00000000 0.00000000
3   2.0 0.02708374 0.02890344 0.02676985 0.02892225 0.02399745 0.02041428
          oe         te
1 0.01350577 0.01559961
2 0.00000000 0.01321401
3 0.02247803 0.02965131


[[1]]$ipw.p
[[1]]$ipw.p$est
  delta        mu      mu_1      mu_0         de        se_1         se_0
1   0.5 0.4361813 0.2509446 0.5880621 -0.3371175  0.01881323  0.017797021
2   1.0 0.3616214 0.2321314 0.5702651 -0.3381338  0.00000000  0.000000000
3   2.0 0.2958199 0.2094969 0.5665808 -0.3570839 -0.02263443 -0.003684339
           oe         te
1  0.07455995 -0.3193205
2  0.00000000 -0.3381338
3 -0.06580153 -0.3607682

[[1]]$ipw.p$se
  delta          mu       mu_1       mu_0         de       se_1       se_0
1   0.5 0.035084468 0.01604873 0.05842398 0.05456414 0.01570323 0.05331004
2   1.0 0.008972245 0.01040895 0.01469757 0.01714890 0.00000000 0.00000000
3   2.0 0.020473815 0.01967174 0.03100411 0.02609240 0.01526937 0.03324991
          oe         te
1 0.03377383 0.01678081
2 0.00000000 0.01714890
3 0.01946716 0.02702597


[[1]]$ipw.np
[[1]]$ipw.np$est
  delta        mu      mu_1      mu_0         de        se_1         se_0
1   0.5 0.4388614 0.2613788 0.5809376 -0.3195589  0.02149954  0.030219846
2   1.0 0.3619567 0.2398792 0.5507178 -0.3108386  0.00000000  0.000000000
3   2.0 0.2992688 0.2177018 0.5425806 -0.3248788 -0.02217741 -0.008137151
           oe         te
1  0.07690463 -0.2893390
2  0.00000000 -0.3108386
3 -0.06268797 -0.3330160

[[1]]$ipw.np$se
  delta          mu       mu_1       mu_0         de       se_1       se_0
1   0.5 0.034907745 0.01654971 0.05728099 0.05334999 0.01633765 0.05214689
2   1.0 0.009020346 0.01081822 0.01435226 0.01708800 0.00000000 0.00000000
3   2.0 0.020573549 0.02059967 0.02963002 0.02561109 0.01575365 0.03182799
          oe         te
1 0.03366225 0.01692256
2 0.00000000 0.01708800
3 0.01935810 0.02753455



[1] "Total run time was 329.43 seconds"
