WARNING: ignoring environment value of R_HOME

Attaching package: ‘dplyr’

The following objects are masked from ‘package:stats’:

    filter, lag

The following objects are masked from ‘package:base’:

    intersect, setdiff, setequal, union

Loading required package: splines
Loading required package: foreach
Loaded gam 1.20.2

Super Learner
Version: 2.0-28
Package created on 2021-05-04

Loading required package: lattice
Loading required package: ggplot2
Loading required package: Matrix
Loaded glmnet 4.1-7
Loading required package: Formula
Loading required package: plotmo
Loading required package: plotrix
Loading required package: TeachingDemos
Loaded gbm 2.1.8.1

Attaching package: ‘xgboost’

The following object is masked from ‘package:dplyr’:

    slice

[1] "[Simulation setting]"
[1] "m: 500"
[1] "deltas: 0.5, 1, 2"
[1] "Sim.id 1"
[1] "Data generated"
[1] "Proposed & IPW estimators"
[1] "   Split: 1"
[1] "   Split: 2"
[1] "Estimates and SE estimates computed"
[1] ""
[[1]]
[[1]]$pro.p
[[1]]$pro.p$est
  delta        mu      mu_1      mu_0         de        se_1         se_0
1   0.5 0.4225219 0.2528295 0.5601849 -0.3073553  0.01443631  0.002004631
2   1.0 0.3622496 0.2383932 0.5581802 -0.3197870  0.00000000  0.000000000
3   2.0 0.2948127 0.2167434 0.5325152 -0.3157717 -0.02164976 -0.025665086
           oe         te
1  0.06027228 -0.3053507
2  0.00000000 -0.3197870
3 -0.06743691 -0.3414368

[[1]]$pro.p$se
  delta         mu       mu_1       mu_0         de       se_1       se_0
1   0.5 0.01526636 0.01361073 0.02042542 0.01990655 0.01077551 0.01646529
2   1.0 0.01199803 0.01134983 0.01547794 0.01430724 0.00000000 0.00000000
3   2.0 0.02404687 0.02499433 0.02761509 0.02681162 0.01961113 0.02138687
          oe         te
1 0.01251987 0.01674812
2 0.00000000 0.01430724
3 0.01877324 0.02601102


[[1]]$pro.np
[[1]]$pro.np$est
  delta        mu      mu_1      mu_0         de         se_1         se_0
1   0.5 0.4218390 0.2676855 0.5399013 -0.2722158  0.017301903 -0.001179705
2   1.0 0.3672822 0.2503836 0.5410810 -0.2906974  0.000000000  0.000000000
3   2.0 0.3152124 0.2409328 0.5241715 -0.2832387 -0.009450748 -0.016909477
           oe         te
1  0.05455673 -0.2733955
2  0.00000000 -0.2906974
3 -0.05206983 -0.3001482

[[1]]$pro.np$se
  delta         mu       mu_1       mu_0         de        se_1       se_0
1   0.5 0.01429218 0.01289988 0.01816753 0.01712121 0.009692789 0.01403337
2   1.0 0.01218604 0.01154866 0.01495384 0.01298905 0.000000000 0.00000000
3   2.0 0.02245162 0.02309712 0.02618472 0.02612466 0.017243442 0.02028636
          oe         te
1 0.01121739 0.01499509
2 0.00000000 0.01298905
3 0.01677042 0.02350107


[[1]]$ipw.p
[[1]]$ipw.p$est
  delta        mu      mu_1      mu_0         de         se_1        se_0
1   0.5 0.4071667 0.2474160 0.5395788 -0.2921628  0.015444008 -0.01729216
2   1.0 0.3552965 0.2319720 0.5568710 -0.3248989  0.000000000  0.00000000
3   2.0 0.3035590 0.2299413 0.5445055 -0.3145642 -0.002030756 -0.01236545
           oe         te
1  0.05187021 -0.3094549
2  0.00000000 -0.3248989
3 -0.05173751 -0.3269297

[[1]]$ipw.p$se
  delta          mu        mu_1       mu_0         de       se_1       se_0
1   0.5 0.027471366 0.015716374 0.04218084 0.03676917 0.01532825 0.03690655
2   1.0 0.008590452 0.009837739 0.01490176 0.01737784 0.00000000 0.00000000
3   2.0 0.024406542 0.025544128 0.03136361 0.02692855 0.02130777 0.03307710
          oe         te
1 0.02608641 0.01693505
2 0.00000000 0.01737784
3 0.02335409 0.03241425


[[1]]$ipw.np
[[1]]$ipw.np$est
  delta        mu      mu_1      mu_0         de         se_1        se_0
1   0.5 0.4065398 0.2562228 0.5279288 -0.2717060  0.017707936 -0.01231211
2   1.0 0.3554481 0.2385149 0.5402410 -0.3017261  0.000000000  0.00000000
3   2.0 0.3038344 0.2342907 0.5246631 -0.2903725 -0.004224246 -0.01557781
           oe         te
1  0.05109174 -0.2840181
2  0.00000000 -0.3017261
3 -0.05161363 -0.3059503

[[1]]$ipw.np$se
  delta          mu       mu_1       mu_0         de       se_1       se_0
1   0.5 0.027097722 0.01608322 0.04083698 0.03544953 0.01576698 0.03558097
2   1.0 0.008630362 0.01013953 0.01454206 0.01722056 0.00000000 0.00000000
3   2.0 0.024092761 0.02581366 0.02992964 0.02699762 0.02128567 0.03149000
          oe         te
1 0.02575475 0.01704311
2 0.00000000 0.01722056
3 0.02290608 0.03238890



[1] "Total run time was 370.739 seconds"
