WARNING: ignoring environment value of R_HOME

Attaching package: ‘dplyr’

The following objects are masked from ‘package:stats’:

    filter, lag

The following objects are masked from ‘package:base’:

    intersect, setdiff, setequal, union

Loading required package: splines
Loading required package: foreach
Loaded gam 1.20.2

Super Learner
Version: 2.0-28
Package created on 2021-05-04

Loading required package: lattice
Loading required package: ggplot2
Loading required package: Matrix
Loaded glmnet 4.1-7
Loading required package: Formula
Loading required package: plotmo
Loading required package: plotrix
Loading required package: TeachingDemos
Loaded gbm 2.1.8.1

Attaching package: ‘xgboost’

The following object is masked from ‘package:dplyr’:

    slice

[1] "[Simulation setting]"
[1] "m: 500"
[1] "deltas: 0.5, 1, 2"
[1] "Sim.id 1"
[1] "Data generated"
[1] "Proposed & IPW estimators"
[1] "   Split: 1"
[1] "   Split: 2"
[1] "Estimates and SE estimates computed"
[1] ""
[[1]]
[[1]]$pro.p
[[1]]$pro.p$est
  delta        mu      mu_1      mu_0         de        se_1        se_0
1   0.5 0.4518779 0.2476206 0.6075348 -0.3599142  0.01907355  0.04850179
2   1.0 0.3598035 0.2285471 0.5590330 -0.3304860  0.00000000  0.00000000
3   2.0 0.2901182 0.2069542 0.5390670 -0.3321128 -0.02159285 -0.01996604
           oe         te
1  0.09207442 -0.3114124
2  0.00000000 -0.3304860
3 -0.06968526 -0.3520788

[[1]]$pro.p$se
  delta         mu       mu_1       mu_0         de       se_1       se_0
1   0.5 0.01785952 0.01778513 0.02857339 0.03557028 0.01527471 0.02499961
2   1.0 0.01159338 0.01048930 0.01573366 0.01454258 0.00000000 0.00000000
3   2.0 0.01755746 0.01743902 0.02384269 0.02256916 0.01289562 0.01785184
          oe         te
1 0.01459512 0.02071562
2 0.00000000 0.01454258
3 0.01372159 0.02096622


[[1]]$pro.np
[[1]]$pro.np$est
  delta        mu      mu_1      mu_0         de        se_1        se_0
1   0.5 0.4370773 0.2599978 0.5705490 -0.3105512  0.01817416  0.04233284
2   1.0 0.3590019 0.2418237 0.5282161 -0.2863925  0.00000000  0.00000000
3   2.0 0.2924964 0.2154008 0.5065148 -0.2911139 -0.02642283 -0.02170137
           oe         te
1  0.07807544 -0.2682183
2  0.00000000 -0.2863925
3 -0.06650549 -0.3128153

[[1]]$pro.np$se
  delta         mu       mu_1       mu_0         de       se_1       se_0
1   0.5 0.01715200 0.01622682 0.02790756 0.03325055 0.01325804 0.02436444
2   1.0 0.01184997 0.01078962 0.01522112 0.01325912 0.00000000 0.00000000
3   2.0 0.01822600 0.01823038 0.02243781 0.02054322 0.01356771 0.01714940
          oe         te
1 0.01372321 0.01831001
2 0.00000000 0.01325912
3 0.01417694 0.02051778


[[1]]$ipw.p
[[1]]$ipw.p$est
  delta        mu      mu_1      mu_0         de        se_1        se_0
1   0.5 0.5220469 0.2649789 0.7228238 -0.4578449  0.03482275  0.16629712
2   1.0 0.3594102 0.2301562 0.5565267 -0.3263705  0.00000000  0.00000000
3   2.0 0.2933593 0.2154204 0.5249384 -0.3095180 -0.01473578 -0.03158829
           oe         te
1  0.16263667 -0.2915477
2  0.00000000 -0.3263705
3 -0.06605086 -0.3411063

[[1]]$ipw.p$se
  delta          mu       mu_1       mu_0         de       se_1       se_0
1   0.5 0.061133884 0.02211083 0.09912640 0.09044739 0.02232010 0.09473777
2   1.0 0.008792522 0.01022911 0.01521930 0.01806485 0.00000000 0.00000000
3   2.0 0.020119494 0.02185758 0.02662063 0.02685909 0.01673559 0.02807361
          oe         te
1 0.06001234 0.02228716
2 0.00000000 0.01806485
3 0.01861838 0.02931321


[[1]]$ipw.np
[[1]]$ipw.np$est
  delta        mu      mu_1      mu_0         de        se_1        se_0
1   0.5 0.5152098 0.2718169 0.7015624 -0.4297455  0.03326187  0.16355620
2   1.0 0.3600969 0.2385551 0.5380062 -0.2994511  0.00000000  0.00000000
3   2.0 0.2998420 0.2250643 0.5092811 -0.2842168 -0.01349079 -0.02872509
           oe         te
1  0.15511299 -0.2661893
2  0.00000000 -0.2994511
3 -0.06025481 -0.3129419

[[1]]$ipw.np$se
  delta          mu       mu_1      mu_0         de       se_1       se_0
1   0.5 0.061513582 0.02263883 0.1009055 0.09252317 0.02293721 0.09664274
2   1.0 0.008845652 0.01061521 0.0148446 0.01795312 0.00000000 0.00000000
3   2.0 0.020941553 0.02283219 0.0263698 0.02625908 0.01733856 0.02776175
          oe         te
1 0.06044084 0.02255813
2 0.00000000 0.01795312
3 0.01926892 0.02981160



[1] "Total run time was 262.997 seconds"
