WARNING: ignoring environment value of R_HOME

Attaching package: ‘dplyr’

The following objects are masked from ‘package:stats’:

    filter, lag

The following objects are masked from ‘package:base’:

    intersect, setdiff, setequal, union

Loading required package: splines
Loading required package: foreach
Loaded gam 1.20.2

Super Learner
Version: 2.0-28
Package created on 2021-05-04

Loading required package: lattice
Loading required package: ggplot2
Loading required package: Matrix
Loaded glmnet 4.1-7
Loading required package: Formula
Loading required package: plotmo
Loading required package: plotrix
Loading required package: TeachingDemos
Loaded gbm 2.1.8.1

Attaching package: ‘xgboost’

The following object is masked from ‘package:dplyr’:

    slice

[1] "[Simulation setting]"
[1] "m: 500"
[1] "deltas: 0.5, 1, 2"
[1] "Sim.id 1"
[1] "Data generated"
[1] "Proposed & IPW estimators"
[1] "   Split: 1"
[1] "   Split: 2"
[1] "Estimates and SE estimates computed"
[1] ""
[[1]]
[[1]]$pro.p
[[1]]$pro.p$est
  delta        mu      mu_1      mu_0         de        se_1        se_0
1   0.5 0.4569390 0.2613320 0.6113779 -0.3500459  0.02469622  0.04167177
2   1.0 0.3649927 0.2366358 0.5697062 -0.3330704  0.00000000  0.00000000
3   2.0 0.2953052 0.2243638 0.5201865 -0.2958227 -0.01227197 -0.04951963
           oe         te
1  0.09194628 -0.3083742
2  0.00000000 -0.3330704
3 -0.06968756 -0.3453424

[[1]]$pro.p$se
  delta         mu       mu_1       mu_0         de       se_1       se_0
1   0.5 0.01564589 0.01579038 0.01989003 0.02112687 0.01326128 0.01538333
2   1.0 0.01142341 0.01065785 0.01489678 0.01389364 0.00000000 0.00000000
3   2.0 0.02352807 0.02372105 0.02706912 0.02339138 0.01992962 0.02235796
          oe         te
1 0.01241404 0.01795699
2 0.00000000 0.01389364
3 0.02030710 0.02648352


[[1]]$pro.np
[[1]]$pro.np$est
  delta        mu      mu_1      mu_0         de        se_1        se_0
1   0.5 0.4496431 0.2659623 0.5908760 -0.3249137  0.01997739  0.04557330
2   1.0 0.3638048 0.2459849 0.5453027 -0.2993178  0.00000000  0.00000000
3   2.0 0.2994888 0.2293607 0.5137112 -0.2843505 -0.01662421 -0.03159153
          oe         te
1  0.0858383 -0.2793404
2  0.0000000 -0.2993178
3 -0.0643160 -0.3159420

[[1]]$pro.np$se
  delta         mu       mu_1       mu_0         de       se_1       se_0
1   0.5 0.01674922 0.01552725 0.02021014 0.01731902 0.01311195 0.01539458
2   1.0 0.01149072 0.01086686 0.01436713 0.01274438 0.00000000 0.00000000
3   2.0 0.02697097 0.02836115 0.02619373 0.02479024 0.02404059 0.02166458
          oe         te
1 0.01322645 0.01664683
2 0.00000000 0.01274438
3 0.02333033 0.02984378


[[1]]$ipw.p
[[1]]$ipw.p$est
  delta        mu      mu_1      mu_0         de       se_1        se_0
1   0.5 0.4545820 0.2698208 0.6058762 -0.3360554 0.02879696  0.02727200
2   1.0 0.3704194 0.2410239 0.5786042 -0.3375804 0.00000000  0.00000000
3   2.0 0.3202507 0.2510556 0.5404126 -0.2893570 0.01003174 -0.03819167
           oe         te
1  0.08416263 -0.3087834
2  0.00000000 -0.3375804
3 -0.05016871 -0.3275486

[[1]]$ipw.p$se
  delta         mu        mu_1       mu_0         de       se_1       se_0
1   0.5 0.04310680 0.024064625 0.06202557 0.04598618 0.02420281 0.05749321
2   1.0 0.00855614 0.009895149 0.01461826 0.01721156 0.00000000 0.00000000
3   2.0 0.02837591 0.032564843 0.02929920 0.03329525 0.02951537 0.03181493
          oe         te
1 0.04196753 0.02375985
2 0.00000000 0.01721156
3 0.02773011 0.03856199


[[1]]$ipw.np
[[1]]$ipw.np$est
  delta        mu      mu_1      mu_0         de       se_1        se_0
1   0.5 0.4539926 0.2788791 0.5970877 -0.3182086 0.03154922  0.02981326
2   1.0 0.3709738 0.2473299 0.5672745 -0.3199446 0.00000000  0.00000000
3   2.0 0.3244972 0.2581463 0.5339788 -0.2758325 0.01081647 -0.03329568
           oe         te
1  0.08301877 -0.2883954
2  0.00000000 -0.3199446
3 -0.04647664 -0.3091281

[[1]]$ipw.np$se
  delta          mu       mu_1       mu_0         de       se_1       se_0
1   0.5 0.043610727 0.02547021 0.06190210 0.04493691 0.02563668 0.05750891
2   1.0 0.008597107 0.01016302 0.01441546 0.01712540 0.00000000 0.00000000
3   2.0 0.028475291 0.03258932 0.02954046 0.03178171 0.02923099 0.03186375
          oe         te
1 0.04252635 0.02489023
2 0.00000000 0.01712540
3 0.02766433 0.03841771



[1] "Total run time was 281.052 seconds"
