WARNING: ignoring environment value of R_HOME

Attaching package: ‘dplyr’

The following objects are masked from ‘package:stats’:

    filter, lag

The following objects are masked from ‘package:base’:

    intersect, setdiff, setequal, union

Loading required package: splines
Loading required package: foreach
Loaded gam 1.20.2

Super Learner
Version: 2.0-28
Package created on 2021-05-04

Loading required package: lattice
Loading required package: ggplot2
Loading required package: Matrix
Loaded glmnet 4.1-7
Loading required package: Formula
Loading required package: plotmo
Loading required package: plotrix
Loading required package: TeachingDemos
Loaded gbm 2.1.8.1

Attaching package: ‘xgboost’

The following object is masked from ‘package:dplyr’:

    slice

[1] "[Simulation setting]"
[1] "m: 500"
[1] "deltas: 0.5, 1, 2"
[1] "Sim.id 1"
[1] "Data generated"
[1] "Proposed & IPW estimators"
[1] "   Split: 1"
[1] "   Split: 2"
[1] "Estimates and SE estimates computed"
[1] ""
[[1]]
[[1]]$pro.p
[[1]]$pro.p$est
  delta        mu      mu_1      mu_0         de        se_1         se_0
1   0.5 0.3911204 0.2393508 0.5140042 -0.2746533  0.02215222 -0.010414746
2   1.0 0.3333312 0.2171986 0.5244189 -0.3072203  0.00000000  0.000000000
3   2.0 0.2768189 0.1998127 0.5297048 -0.3298921 -0.01738587  0.005285887
           oe         te
1  0.05778920 -0.2850681
2  0.00000000 -0.3072203
3 -0.05651226 -0.3246062

[[1]]$pro.p$se
  delta         mu       mu_1       mu_0         de       se_1       se_0
1   0.5 0.02054759 0.01356096 0.03098225 0.02697248 0.01146836 0.02739002
2   1.0 0.01117038 0.01060019 0.01512575 0.01408851 0.00000000 0.00000000
3   2.0 0.02061237 0.02130083 0.02649341 0.02653908 0.01640231 0.02046395
          oe         te
1 0.01863476 0.01660259
2 0.00000000 0.01408851
3 0.01637532 0.02357823


[[1]]$pro.np
[[1]]$pro.np$est
  delta        mu      mu_1      mu_0         de        se_1        se_0
1   0.5 0.3933889 0.2458214 0.5069786 -0.2611572  0.02200078 -0.00150176
2   1.0 0.3348074 0.2238206 0.5084804 -0.2846597  0.00000000  0.00000000
3   2.0 0.2780162 0.1990004 0.5278184 -0.3288180 -0.02482019  0.01933804
           oe         te
1  0.05858156 -0.2626589
2  0.00000000 -0.2846597
3 -0.05679117 -0.3094799

[[1]]$pro.np$se
  delta         mu       mu_1       mu_0         de        se_1       se_0
1   0.5 0.01487073 0.01222167 0.02090789 0.01886836 0.009838734 0.01642967
2   1.0 0.01149810 0.01067439 0.01493049 0.01283975 0.000000000 0.00000000
3   2.0 0.02052504 0.02042509 0.02540472 0.02307846 0.015343747 0.01887293
          oe         te
1 0.01209486 0.01496720
2 0.00000000 0.01283975
3 0.01572124 0.02177716


[[1]]$ipw.p
[[1]]$ipw.p$est
  delta        mu      mu_1      mu_0         de        se_1        se_0
1   0.5 0.4045151 0.2406909 0.5397511 -0.2990602  0.01565743 0.004128908
2   1.0 0.3429107 0.2250335 0.5356222 -0.3105887  0.00000000 0.000000000
3   2.0 0.2969010 0.2209688 0.5442039 -0.3232351 -0.00406467 0.008581632
           oe         te
1  0.06160445 -0.2949313
2  0.00000000 -0.3105887
3 -0.04600964 -0.3146534

[[1]]$ipw.p$se
  delta          mu       mu_1       mu_0         de       se_1       se_0
1   0.5 0.032090940 0.01493577 0.05191371 0.04759893 0.01492148 0.04817505
2   1.0 0.008738463 0.01000392 0.01426609 0.01655377 0.00000000 0.00000000
3   2.0 0.025389918 0.02642924 0.03348861 0.02929672 0.02186373 0.03510119
          oe         te
1 0.03129779 0.01623557
2 0.00000000 0.01655377
3 0.02379989 0.03206756


[[1]]$ipw.np
[[1]]$ipw.np$est
  delta        mu      mu_1      mu_0         de         se_1        se_0
1   0.5 0.4105334 0.2490796 0.5408108 -0.2917312  0.019486071 0.017053997
2   1.0 0.3431870 0.2295935 0.5237568 -0.2941633  0.000000000 0.000000000
3   2.0 0.3005888 0.2272688 0.5335066 -0.3062378 -0.002324659 0.009749804
           oe         te
1  0.06734637 -0.2746772
2  0.00000000 -0.2941633
3 -0.04259824 -0.2964879

[[1]]$ipw.np$se
  delta          mu       mu_1       mu_0         de       se_1       se_0
1   0.5 0.033954410 0.01579362 0.05465449 0.05029009 0.01588720 0.05116764
2   1.0 0.008773424 0.01027676 0.01403970 0.01646349 0.00000000 0.00000000
3   2.0 0.025564626 0.02766732 0.03259963 0.03063281 0.02282394 0.03413727
          oe         te
1 0.03326132 0.01675344
2 0.00000000 0.01646349
3 0.02386103 0.03300547



[1] "Total run time was 320.228 seconds"
