WARNING: ignoring environment value of R_HOME

Attaching package: ‘dplyr’

The following objects are masked from ‘package:stats’:

    filter, lag

The following objects are masked from ‘package:base’:

    intersect, setdiff, setequal, union

Loading required package: splines
Loading required package: foreach
Loaded gam 1.20.2

Super Learner
Version: 2.0-28
Package created on 2021-05-04

Loading required package: lattice
Loading required package: ggplot2
Loading required package: Matrix
Loaded glmnet 4.1-7
Loading required package: Formula
Loading required package: plotmo
Loading required package: plotrix
Loading required package: TeachingDemos
Loaded gbm 2.1.8.1

Attaching package: ‘xgboost’

The following object is masked from ‘package:dplyr’:

    slice

[1] "[Simulation setting]"
[1] "m: 500"
[1] "deltas: 0.5, 1, 2"
[1] "Sim.id 1"
[1] "Data generated"
[1] "Proposed & IPW estimators"
[1] "   Split: 1"
[1] "   Split: 2"
[1] "Estimates and SE estimates computed"
[1] ""
[[1]]
[[1]]$pro.p
[[1]]$pro.p$est
  delta        mu      mu_1      mu_0         de        se_1        se_0
1   0.5 0.4447151 0.2430268 0.6071941 -0.3641673  0.03345627  0.03964039
2   1.0 0.3461939 0.2095705 0.5675537 -0.3579832  0.00000000  0.00000000
3   2.0 0.2791802 0.1956007 0.5534706 -0.3578699 -0.01396982 -0.01408314
           oe         te
1  0.09852117 -0.3245270
2  0.00000000 -0.3579832
3 -0.06701374 -0.3719531

[[1]]$pro.p$se
  delta         mu       mu_1       mu_0         de       se_1       se_0
1   0.5 0.01791642 0.01592143 0.02498249 0.02543943 0.01414639 0.02083860
2   1.0 0.01182973 0.01058622 0.01625014 0.01438079 0.00000000 0.00000000
3   2.0 0.02269447 0.02192396 0.02867948 0.02481088 0.01757267 0.02200349
          oe         te
1 0.01499902 0.01938871
2 0.00000000 0.01438079
3 0.01849120 0.02413134


[[1]]$pro.np
[[1]]$pro.np$est
  delta        mu      mu_1      mu_0         de        se_1         se_0
1   0.5 0.4407988 0.2531654 0.5875824 -0.3344170  0.03024931  0.047915537
2   1.0 0.3476488 0.2229161 0.5396669 -0.3167507  0.00000000  0.000000000
3   2.0 0.2704616 0.1870315 0.5331177 -0.3460862 -0.03588461 -0.006549177
           oe         te
1  0.09314998 -0.2865014
2  0.00000000 -0.3167507
3 -0.07718718 -0.3526354

[[1]]$pro.np$se
  delta         mu       mu_1       mu_0         de       se_1       se_0
1   0.5 0.01877642 0.01464072 0.03027273 0.03387408 0.01236047 0.02706687
2   1.0 0.01215375 0.01109270 0.01541451 0.01271741 0.00000000 0.00000000
3   2.0 0.02210204 0.02167245 0.02678877 0.02487699 0.01707877 0.02022566
          oe         te
1 0.01599677 0.01737080
2 0.00000000 0.01271741
3 0.01735188 0.02271440


[[1]]$ipw.p
[[1]]$ipw.p$est
  delta        mu      mu_1      mu_0         de        se_1          se_0
1   0.5 0.4733092 0.2401619 0.6668231 -0.4266613 0.030634714  0.0955696257
2   1.0 0.3450814 0.2095272 0.5712535 -0.3617263 0.000000000  0.0000000000
3   2.0 0.2983702 0.2153036 0.5706195 -0.3553159 0.005776411 -0.0006340477
           oe         te
1  0.12822784 -0.3310916
2  0.00000000 -0.3617263
3 -0.04671123 -0.3559499

[[1]]$ipw.p$se
  delta          mu        mu_1       mu_0         de       se_1       se_0
1   0.5 0.057344715 0.019879292 0.09387605 0.08575772 0.01979310 0.08987552
2   1.0 0.008659811 0.009659651 0.01483254 0.01683736 0.00000000 0.00000000
3   2.0 0.027459059 0.028887360 0.03290475 0.02919360 0.02439947 0.03435770
          oe         te
1 0.05625789 0.02026668
2 0.00000000 0.01683736
3 0.02579968 0.03462262


[[1]]$ipw.np
[[1]]$ipw.np$est
  delta        mu      mu_1      mu_0         de       se_1        se_0
1   0.5 0.4685128 0.2455927 0.6487493 -0.4031566 0.02864979 0.099736353
2   1.0 0.3457964 0.2169429 0.5490129 -0.3320700 0.00000000 0.000000000
3   2.0 0.3033895 0.2234164 0.5512969 -0.3278804 0.00647354 0.002283978
           oe         te
1  0.12271640 -0.3034202
2  0.00000000 -0.3320700
3 -0.04240692 -0.3255965

[[1]]$ipw.np$se
  delta          mu       mu_1       mu_0         de       se_1       se_0
1   0.5 0.059176641 0.01948711 0.09776977 0.08972757 0.01953423 0.09407678
2   1.0 0.008722559 0.01002637 0.01436926 0.01661844 0.00000000 0.00000000
3   2.0 0.027660921 0.02983884 0.03229305 0.02939085 0.02503142 0.03362356
          oe         te
1 0.05822535 0.01974358
2 0.00000000 0.01661844
3 0.02587127 0.03516941



[1] "Total run time was 302.568 seconds"
