WARNING: ignoring environment value of R_HOME

Attaching package: ‘dplyr’

The following objects are masked from ‘package:stats’:

    filter, lag

The following objects are masked from ‘package:base’:

    intersect, setdiff, setequal, union

Loading required package: splines
Loading required package: foreach
Loaded gam 1.20.2

Super Learner
Version: 2.0-28
Package created on 2021-05-04

Loading required package: lattice
Loading required package: ggplot2
Loading required package: Matrix
Loaded glmnet 4.1-7
Loading required package: Formula
Loading required package: plotmo
Loading required package: plotrix
Loading required package: TeachingDemos
Loaded gbm 2.1.8.1

Attaching package: ‘xgboost’

The following object is masked from ‘package:dplyr’:

    slice

[1] "[Simulation setting]"
[1] "m: 500"
[1] "deltas: 0.5, 1, 2"
[1] "Sim.id 1"
[1] "Data generated"
[1] "Proposed & IPW estimators"
[1] "   Split: 1"
[1] "   Split: 2"
[1] "Estimates and SE estimates computed"
[1] ""
[[1]]
[[1]]$pro.p
[[1]]$pro.p$est
  delta        mu      mu_1      mu_0         de       se_1        se_0
1   0.5 0.4399840 0.2544937 0.5926134 -0.3381197 0.00659893  0.03999539
2   1.0 0.3630697 0.2478948 0.5526180 -0.3047232 0.00000000  0.00000000
3   2.0 0.3322138 0.2733485 0.5142165 -0.2408681 0.02545368 -0.03840146
           oe         te
1  0.07691426 -0.2981243
2  0.00000000 -0.3047232
3 -0.03085595 -0.2792695

[[1]]$pro.p$se
  delta         mu       mu_1       mu_0         de       se_1       se_0
1   0.5 0.02182037 0.01864313 0.02981429 0.02612159 0.01644401 0.02630262
2   1.0 0.01195676 0.01099798 0.01590661 0.01404094 0.00000000 0.00000000
3   2.0 0.02928977 0.02949379 0.02913995 0.02601855 0.02554120 0.02369665
          oe         te
1 0.01952458 0.02086838
2 0.00000000 0.01404094
3 0.02577913 0.03133832


[[1]]$pro.np
[[1]]$pro.np$est
  delta        mu      mu_1      mu_0         de        se_1        se_0
1   0.5 0.4276502 0.2664981 0.5547782 -0.2882802 0.008820327  0.01923826
2   1.0 0.3646991 0.2576777 0.5355400 -0.2778622 0.000000000  0.00000000
3   2.0 0.3299251 0.2735436 0.5039521 -0.2304085 0.015865889 -0.03158787
           oe         te
1  0.06295107 -0.2690419
2  0.00000000 -0.2778622
3 -0.03477395 -0.2619964

[[1]]$pro.np$se
  delta         mu       mu_1       mu_0         de       se_1       se_0
1   0.5 0.01788274 0.01539710 0.02568073 0.02495420 0.01303740 0.02209665
2   1.0 0.01228344 0.01165058 0.01525648 0.01296012 0.00000000 0.00000000
3   2.0 0.02668134 0.02674642 0.02786070 0.02522824 0.02203155 0.02227029
          oe         te
1 0.01548692 0.01758036
2 0.00000000 0.01296012
3 0.02257860 0.02795036


[[1]]$ipw.p
[[1]]$ipw.p$est
  delta        mu      mu_1      mu_0         de         se_1       se_0
1   0.5 0.4939352 0.2796587 0.6896848 -0.4100260  0.033015030  0.1216158
2   1.0 0.3650640 0.2466437 0.5680689 -0.3214252  0.000000000  0.0000000
3   2.0 0.3096021 0.2418921 0.5354795 -0.2935874 -0.004751586 -0.0325894
          oe         te
1  0.1288712 -0.2884102
2  0.0000000 -0.3214252
3 -0.0554619 -0.3261768

[[1]]$ipw.p$se
  delta          mu       mu_1       mu_0         de       se_1       se_0
1   0.5 0.046901880 0.02217198 0.07683825 0.06567414 0.02232774 0.07279535
2   1.0 0.008892369 0.01026343 0.01468616 0.01721000 0.00000000 0.00000000
3   2.0 0.026392360 0.02783966 0.03062963 0.02477097 0.02340101 0.03234760
          oe         te
1 0.04613230 0.02159123
2 0.00000000 0.01721000
3 0.02478258 0.03391938


[[1]]$ipw.np
[[1]]$ipw.np$est
  delta        mu      mu_1      mu_0         de         se_1        se_0
1   0.5 0.4850138 0.2835339 0.6615205 -0.3779866  0.030605424  0.11038352
2   1.0 0.3657274 0.2529284 0.5511370 -0.2982085  0.000000000  0.00000000
3   2.0 0.3154288 0.2504981 0.5243821 -0.2738840 -0.002430322 -0.02675486
           oe         te
1  0.11928640 -0.2676031
2  0.00000000 -0.2982085
3 -0.05029856 -0.3006388

[[1]]$ipw.np$se
  delta          mu       mu_1       mu_0         de       se_1       se_0
1   0.5 0.045554203 0.02225664 0.07292103 0.06232999 0.02246843 0.06902223
2   1.0 0.008953943 0.01054639 0.01432587 0.01701219 0.00000000 0.00000000
3   2.0 0.027847635 0.02953656 0.03175368 0.02397795 0.02499537 0.03325251
          oe         te
1 0.04485353 0.02162916
2 0.00000000 0.01701219
3 0.02615725 0.03507186



[1] "Total run time was 331.712 seconds"
