WARNING: ignoring environment value of R_HOME

Attaching package: ‘dplyr’

The following objects are masked from ‘package:stats’:

    filter, lag

The following objects are masked from ‘package:base’:

    intersect, setdiff, setequal, union

Loading required package: splines
Loading required package: foreach
Loaded gam 1.20.2

Super Learner
Version: 2.0-28
Package created on 2021-05-04

Loading required package: lattice
Loading required package: ggplot2
Loading required package: Matrix
Loaded glmnet 4.1-7
Loading required package: Formula
Loading required package: plotmo
Loading required package: plotrix
Loading required package: TeachingDemos
Loaded gbm 2.1.8.1

Attaching package: ‘xgboost’

The following object is masked from ‘package:dplyr’:

    slice

[1] "[Simulation setting]"
[1] "m: 500"
[1] "deltas: 0.5, 1, 2"
[1] "Sim.id 1"
[1] "Data generated"
[1] "Proposed & IPW estimators"
[1] "   Split: 1"
[1] "   Split: 2"
[1] "Estimates and SE estimates computed"
[1] ""
[[1]]
[[1]]$pro.p
[[1]]$pro.p$est
  delta        mu      mu_1      mu_0         de        se_1        se_0
1   0.5 0.3852950 0.2455116 0.4987147 -0.2532031  0.01179925 -0.07603010
2   1.0 0.3647083 0.2337124 0.5747448 -0.3410324  0.00000000  0.00000000
3   2.0 0.2907934 0.2144982 0.5391764 -0.3246781 -0.01921411 -0.03556842
           oe         te
1  0.02058672 -0.3292332
2  0.00000000 -0.3410324
3 -0.07391488 -0.3602465

[[1]]$pro.p$se
  delta         mu       mu_1       mu_0         de       se_1       se_0
1   0.5 0.07337802 0.02558261 0.11538146 0.09417570 0.02456856 0.11474205
2   1.0 0.01285602 0.01136259 0.01680759 0.01398827 0.00000000 0.00000000
3   2.0 0.02120981 0.02000473 0.02681728 0.02040503 0.01498396 0.02004116
          oe         te
1 0.07333570 0.02705896
2 0.00000000 0.01398827
3 0.01657356 0.02249373


[[1]]$pro.np
[[1]]$pro.np$est
  delta        mu      mu_1      mu_0         de         se_1         se_0
1   0.5 0.4187560 0.2552360 0.5362005 -0.2809645  0.007379039 -0.006684855
2   1.0 0.3641413 0.2478570 0.5428854 -0.2950284  0.000000000  0.000000000
3   2.0 0.2947409 0.2261535 0.5082921 -0.2821385 -0.021703442 -0.034593339
           oe         te
1  0.05461470 -0.2876494
2  0.00000000 -0.2950284
3 -0.06940042 -0.3167319

[[1]]$pro.np$se
  delta         mu       mu_1       mu_0         de       se_1       se_0
1   0.5 0.02666281 0.02186280 0.04274178 0.02757894 0.01993491 0.04084641
2   1.0 0.01300162 0.01142179 0.01641674 0.01263451 0.00000000 0.00000000
3   2.0 0.02020847 0.01892133 0.02471831 0.01841349 0.01354357 0.01742137
          oe         te
1 0.02467048 0.02251954
2 0.00000000 0.01263451
3 0.01498225 0.02041202


[[1]]$ipw.p
[[1]]$ipw.p$est
  delta        mu      mu_1      mu_0         de        se_1         se_0
1   0.5 0.6796325 0.2664558 1.0053442 -0.7388883  0.03383396  0.440559422
2   1.0 0.3595417 0.2326219 0.5647848 -0.3321629  0.00000000  0.000000000
3   2.0 0.2977933 0.2174839 0.5572978 -0.3398139 -0.01513799 -0.007486956
           oe         te
1  0.32009086 -0.2983289
2  0.00000000 -0.3321629
3 -0.06174838 -0.3473009

[[1]]$ipw.p$se
  delta          mu        mu_1       mu_0         de       se_1      se_0
1   0.5 0.240915556 0.018582398 0.42459088 0.42409631 0.01860459 0.4233091
2   1.0 0.009077602 0.009871386 0.01513608 0.01674991 0.00000000 0.0000000
3   2.0 0.025903108 0.026881902 0.03008543 0.02291107 0.02326343 0.0317986
          oe         te
1 0.24069531 0.01779435
2 0.00000000 0.01674991
3 0.02464637 0.03259511


[[1]]$ipw.np
[[1]]$ipw.np$est
  delta        mu      mu_1      mu_0         de        se_1        se_0
1   0.5 0.6991372 0.2715851 1.0215453 -0.7499602  0.03280299  0.47308007
2   1.0 0.3598929 0.2387821 0.5484652 -0.3096831  0.00000000  0.00000000
3   2.0 0.2978569 0.2207716 0.5375358 -0.3167641 -0.01801045 -0.01092941
           oe         te
1  0.33924430 -0.2768801
2  0.00000000 -0.3096831
3 -0.06203604 -0.3276935

[[1]]$ipw.np$se
  delta         mu       mu_1       mu_0         de       se_1       se_0
1   0.5 0.26606921 0.01864571 0.45998525 0.45965038 0.01873728 0.45881243
2   1.0 0.00912004 0.01015751 0.01478641 0.01654409 0.00000000 0.00000000
3   2.0 0.02514711 0.02638585 0.02902256 0.02248962 0.02245678 0.03059482
          oe         te
1 0.26588399 0.01763148
2 0.00000000 0.01654409
3 0.02375112 0.03190503



[1] "Total run time was 246.705 seconds"
