WARNING: ignoring environment value of R_HOME

Attaching package: ‘dplyr’

The following objects are masked from ‘package:stats’:

    filter, lag

The following objects are masked from ‘package:base’:

    intersect, setdiff, setequal, union

Loading required package: splines
Loading required package: foreach
Loaded gam 1.20.2

Super Learner
Version: 2.0-28
Package created on 2021-05-04

Loading required package: lattice
Loading required package: ggplot2
Loading required package: Matrix
Loaded glmnet 4.1-7
Loading required package: Formula
Loading required package: plotmo
Loading required package: plotrix
Loading required package: TeachingDemos
Loaded gbm 2.1.8.1

Attaching package: ‘xgboost’

The following object is masked from ‘package:dplyr’:

    slice

[1] "[Simulation setting]"
[1] "m: 500"
[1] "deltas: 0.5, 1, 2"
[1] "Sim.id 1"
[1] "Data generated"
[1] "Proposed & IPW estimators"
[1] "   Split: 1"
[1] "   Split: 2"
[1] "Estimates and SE estimates computed"
[1] ""
[[1]]
[[1]]$pro.p
[[1]]$pro.p$est
  delta        mu      mu_1      mu_0         de        se_1         se_0
1   0.5 0.4240893 0.2562600 0.5567209 -0.3004609  0.01896883 -0.004684283
2   1.0 0.3629952 0.2372911 0.5614051 -0.3241140  0.00000000  0.000000000
3   2.0 0.2748843 0.2018658 0.5152173 -0.3133515 -0.03542533 -0.046187853
           oe         te
1  0.06109411 -0.3051452
2  0.00000000 -0.3241140
3 -0.08811088 -0.3595393

[[1]]$pro.p$se
  delta         mu       mu_1       mu_0         de       se_1       se_0
1   0.5 0.01842582 0.01280158 0.02816878 0.02748497 0.01023842 0.02514574
2   1.0 0.01185844 0.01089193 0.01552058 0.01356036 0.00000000 0.00000000
3   2.0 0.02052105 0.01990534 0.02601726 0.02240080 0.01470986 0.01900421
          oe         te
1 0.01615925 0.01621208
2 0.00000000 0.01356036
3 0.01555505 0.02113839


[[1]]$pro.np
[[1]]$pro.np$est
  delta        mu      mu_1      mu_0         de        se_1         se_0
1   0.5 0.4236471 0.2681134 0.5410369 -0.2729235  0.02186285 -0.001344181
2   1.0 0.3648257 0.2462505 0.5423810 -0.2961305  0.00000000  0.000000000
3   2.0 0.2742871 0.2032038 0.4941034 -0.2908996 -0.04304670 -0.048277650
           oe         te
1  0.05882147 -0.2742677
2  0.00000000 -0.2961305
3 -0.09053861 -0.3391772

[[1]]$pro.np$se
  delta         mu       mu_1       mu_0         de        se_1       se_0
1   0.5 0.01681755 0.01284245 0.02408963 0.02314539 0.009656779 0.02065325
2   1.0 0.01215934 0.01123706 0.01509315 0.01227075 0.000000000 0.00000000
3   2.0 0.02109265 0.02068274 0.02418669 0.02037991 0.015307249 0.01730760
          oe         te
1 0.01397416 0.01504252
2 0.00000000 0.01227075
3 0.01585289 0.02088184


[[1]]$ipw.p
[[1]]$ipw.p$est
  delta        mu      mu_1      mu_0         de         se_1        se_0
1   0.5 0.4076009 0.2472917 0.5346768 -0.2873851  0.008806274 -0.01235831
2   1.0 0.3586005 0.2384854 0.5470351 -0.3085497  0.000000000  0.00000000
3   2.0 0.2875361 0.2175031 0.5070166 -0.2895135 -0.020982240 -0.04001847
           oe         te
1  0.04900041 -0.2997434
2  0.00000000 -0.3085497
3 -0.07106442 -0.3295319

[[1]]$ipw.p$se
  delta          mu       mu_1       mu_0         de       se_1       se_0
1   0.5 0.030774369 0.01527141 0.04762107 0.04223703 0.01518176 0.04299519
2   1.0 0.008867759 0.01023488 0.01437784 0.01678349 0.00000000 0.00000000
3   2.0 0.022302659 0.02412932 0.02718691 0.02636342 0.01943101 0.02854440
          oe         te
1 0.02953909 0.01567858
2 0.00000000 0.01678349
3 0.02089295 0.03061302


[[1]]$ipw.np
[[1]]$ipw.np$est
  delta        mu      mu_1      mu_0         de        se_1        se_0
1   0.5 0.4065345 0.2545734 0.5223128 -0.2677394  0.01109133 -0.01097910
2   1.0 0.3587148 0.2434820 0.5332919 -0.2898099  0.00000000  0.00000000
3   2.0 0.2871801 0.2188308 0.4927753 -0.2739445 -0.02465123 -0.04051665
           oe         te
1  0.04781971 -0.2787186
2  0.00000000 -0.2898099
3 -0.07153468 -0.3144611

[[1]]$ipw.np$se
  delta         mu       mu_1       mu_0         de       se_1       se_0
1   0.5 0.03022476 0.01553379 0.04576038 0.04036192 0.01549512 0.04123982
2   1.0 0.00889430 0.01043594 0.01411235 0.01660083 0.00000000 0.00000000
3   2.0 0.02203569 0.02398191 0.02643246 0.02574396 0.01918606 0.02773116
          oe         te
1 0.02903941 0.01578164
2 0.00000000 0.01660083
3 0.02059273 0.03025320



[1] "Total run time was 345.483 seconds"
