WARNING: ignoring environment value of R_HOME

Attaching package: ‘dplyr’

The following objects are masked from ‘package:stats’:

    filter, lag

The following objects are masked from ‘package:base’:

    intersect, setdiff, setequal, union

Loading required package: splines
Loading required package: foreach
Loaded gam 1.20.2

Super Learner
Version: 2.0-28
Package created on 2021-05-04

Loading required package: lattice
Loading required package: ggplot2
Loading required package: Matrix
Loaded glmnet 4.1-7
Loading required package: Formula
Loading required package: plotmo
Loading required package: plotrix
Loading required package: TeachingDemos
Loaded gbm 2.1.8.1

Attaching package: ‘xgboost’

The following object is masked from ‘package:dplyr’:

    slice

[1] "[Simulation setting]"
[1] "m: 500"
[1] "deltas: 0.5, 1, 2"
[1] "Sim.id 1"
[1] "Data generated"
[1] "Proposed & IPW estimators"
[1] "   Split: 1"
[1] "   Split: 2"
[1] "Estimates and SE estimates computed"
[1] ""
[[1]]
[[1]]$pro.p
[[1]]$pro.p$est
  delta        mu      mu_1      mu_0         de       se_1        se_0
1   0.5 0.4360346 0.2518826 0.5809126 -0.3290300 0.02888776  0.02556557
2   1.0 0.3514558 0.2229948 0.5553470 -0.3323522 0.00000000  0.00000000
3   2.0 0.3173094 0.2523849 0.5211539 -0.2687690 0.02939000 -0.03419315
           oe         te
1  0.08457876 -0.3034644
2  0.00000000 -0.3323522
3 -0.03414639 -0.3029622

[[1]]$pro.p$se
  delta         mu       mu_1       mu_0         de       se_1       se_0
1   0.5 0.01798053 0.01573257 0.02460579 0.02376949 0.01351548 0.02027125
2   1.0 0.01163213 0.01080780 0.01563525 0.01404533 0.00000000 0.00000000
3   2.0 0.03486141 0.03882340 0.02999439 0.03369710 0.03561661 0.02500595
          oe         te
1 0.01496734 0.01829031
2 0.00000000 0.01404533
3 0.03235880 0.04061392


[[1]]$pro.np
[[1]]$pro.np$est
  delta        mu      mu_1      mu_0         de       se_1        se_0
1   0.5 0.4314165 0.2598316 0.5614750 -0.3016434 0.02468429  0.02633882
2   1.0 0.3542557 0.2351473 0.5351362 -0.2999889 0.00000000  0.00000000
3   2.0 0.3218491 0.2595321 0.5104132 -0.2508811 0.02438482 -0.02472296
           oe         te
1  0.07716080 -0.2753046
2  0.00000000 -0.2999889
3 -0.03240655 -0.2756041

[[1]]$pro.np$se
  delta         mu       mu_1       mu_0         de       se_1       se_0
1   0.5 0.01574485 0.01417991 0.02018461 0.01854075 0.01136850 0.01606566
2   1.0 0.01209201 0.01124754 0.01515435 0.01252870 0.00000000 0.00000000
3   2.0 0.03392092 0.03634746 0.03060068 0.02921161 0.03267008 0.02591720
          oe         te
1 0.01217203 0.01585262
2 0.00000000 0.01252870
3 0.03096230 0.03725461


[[1]]$ipw.p
[[1]]$ipw.p$est
  delta        mu      mu_1      mu_0         de       se_1       se_0
1   0.5 0.4423918 0.2549443 0.5912901 -0.3363459 0.02643736  0.0346236
2   1.0 0.3554255 0.2285069 0.5566665 -0.3281596 0.00000000  0.0000000
3   2.0 0.3482684 0.2915989 0.5291746 -0.2375757 0.06309200 -0.0274919
            oe         te
1  0.086966308 -0.3017223
2  0.000000000 -0.3281596
3 -0.007157029 -0.2650676

[[1]]$ipw.p$se
  delta          mu        mu_1       mu_0         de       se_1       se_0
1   0.5 0.038545813 0.022886988 0.05425105 0.04098847 0.02291203 0.04887898
2   1.0 0.008575454 0.009920391 0.01471853 0.01736718 0.00000000 0.00000000
3   2.0 0.048692921 0.057254828 0.03419293 0.04389138 0.05382561 0.03584663
          oe         te
1 0.03710909 0.02286944
2 0.00000000 0.01736718
3 0.04758084 0.06150429


[[1]]$ipw.np
[[1]]$ipw.np$est
  delta        mu      mu_1     mu_0         de       se_1        se_0
1   0.5 0.4336183 0.2542149 0.576668 -0.3224532 0.01944795  0.03310405
2   1.0 0.3555798 0.2347669 0.543564 -0.3087971 0.00000000  0.00000000
3   2.0 0.3552948 0.3027479 0.519479 -0.2167312 0.06798096 -0.02408493
             oe         te
1  0.0780385200 -0.2893491
2  0.0000000000 -0.3087971
3 -0.0002849719 -0.2408161

[[1]]$ipw.np$se
  delta          mu       mu_1       mu_0         de       se_1       se_0
1   0.5 0.034598100 0.02014245 0.05031684 0.04065313 0.02034369 0.04486518
2   1.0 0.008635612 0.01028145 0.01450758 0.01739029 0.00000000 0.00000000
3   2.0 0.050531607 0.05980152 0.03507900 0.04469428 0.05621801 0.03666737
          oe         te
1 0.03329782 0.02051397
2 0.00000000 0.01739029
3 0.04932956 0.06380540



[1] "Total run time was 407.836 seconds"
