WARNING: ignoring environment value of R_HOME

Attaching package: ‘dplyr’

The following objects are masked from ‘package:stats’:

    filter, lag

The following objects are masked from ‘package:base’:

    intersect, setdiff, setequal, union

Loading required package: splines
Loading required package: foreach
Loaded gam 1.20.2

Super Learner
Version: 2.0-28
Package created on 2021-05-04

Loading required package: lattice
Loading required package: ggplot2
Loading required package: Matrix
Loaded glmnet 4.1-7
Loading required package: Formula
Loading required package: plotmo
Loading required package: plotrix
Loading required package: TeachingDemos
Loaded gbm 2.1.8.1

Attaching package: ‘xgboost’

The following object is masked from ‘package:dplyr’:

    slice

[1] "[Simulation setting]"
[1] "m: 500"
[1] "deltas: 0.5, 1, 2"
[1] "Sim.id 1"
[1] "Data generated"
[1] "Proposed & IPW estimators"
[1] "   Split: 1"
[1] "   Split: 2"
[1] "Estimates and SE estimates computed"
[1] ""
[[1]]
[[1]]$pro.p
[[1]]$pro.p$est
  delta        mu      mu_1      mu_0         de         se_1        se_0
1   0.5 0.4560531 0.2642886 0.6065649 -0.3422763  0.030791881  0.05132230
2   1.0 0.3597471 0.2334967 0.5552426 -0.3217458  0.000000000  0.00000000
3   2.0 0.3016082 0.2244884 0.5281159 -0.3036276 -0.009008341 -0.02712663
           oe         te
1  0.09630598 -0.2909540
2  0.00000000 -0.3217458
3 -0.05813889 -0.3307542

[[1]]$pro.p$se
  delta         mu       mu_1       mu_0         de       se_1       se_0
1   0.5 0.01761112 0.01483608 0.02339025 0.02190807 0.01212352 0.01922877
2   1.0 0.01140791 0.01055528 0.01492333 0.01327101 0.00000000 0.00000000
3   2.0 0.02009826 0.01986408 0.02435277 0.02082710 0.01590550 0.01886888
          oe         te
1 0.01467735 0.01701810
2 0.00000000 0.01327101
3 0.01633597 0.02206967


[[1]]$pro.np
[[1]]$pro.np$est
  delta        mu      mu_1      mu_0         de        se_1        se_0
1   0.5 0.4427017 0.2692996 0.5710930 -0.3017934 0.021550305  0.04092231
2   1.0 0.3640509 0.2477493 0.5301707 -0.2824214 0.000000000  0.00000000
3   2.0 0.3214223 0.2491166 0.5165114 -0.2673948 0.001367246 -0.01365935
           oe         te
1  0.07865080 -0.2608711
2  0.00000000 -0.2824214
3 -0.04262869 -0.2810542

[[1]]$pro.np$se
  delta         mu       mu_1       mu_0         de       se_1      se_0
1   0.5 0.01613380 0.01529721 0.02039127 0.01999773 0.01231152 0.0156670
2   1.0 0.01182124 0.01104700 0.01475122 0.01234796 0.00000000 0.0000000
3   2.0 0.02192243 0.02211399 0.02336094 0.01987873 0.01775393 0.0175744
          oe         te
1 0.01257170 0.01680963
2 0.00000000 0.01234796
3 0.01773915 0.02312941


[[1]]$ipw.p
[[1]]$ipw.p$est
  delta        mu      mu_1      mu_0         de        se_1        se_0
1   0.5 0.4712198 0.2637317 0.6385664 -0.3748347  0.03328630  0.08609935
2   1.0 0.3557123 0.2304455 0.5524671 -0.3220216  0.00000000  0.00000000
3   2.0 0.2675218 0.1940225 0.4932705 -0.2992480 -0.03642298 -0.05919657
           oe         te
1  0.11550757 -0.2887353
2  0.00000000 -0.3220216
3 -0.08819041 -0.3584446

[[1]]$ipw.p$se
  delta          mu       mu_1       mu_0         de       se_1       se_0
1   0.5 0.048160696 0.02157474 0.07352958 0.06008419 0.02148500 0.06870451
2   1.0 0.009145325 0.01008299 0.01480401 0.01646470 0.00000000 0.00000000
3   2.0 0.021264125 0.02418690 0.02461387 0.02750333 0.02068385 0.02649788
          oe         te
1 0.04698198 0.02155659
2 0.00000000 0.01646470
3 0.02021674 0.03021094


[[1]]$ipw.np
[[1]]$ipw.np$est
  delta        mu      mu_1      mu_0         de        se_1        se_0
1   0.5 0.4695255 0.2743189 0.6200017 -0.3456827  0.03493149  0.08671145
2   1.0 0.3562648 0.2393874 0.5332902 -0.2939028  0.00000000  0.00000000
3   2.0 0.2708795 0.2025154 0.4728108 -0.2702954 -0.03687197 -0.06047941
          oe         te
1  0.1132607 -0.2589713
2  0.0000000 -0.2939028
3 -0.0853853 -0.3307748

[[1]]$ipw.np$se
  delta          mu       mu_1       mu_0         de       se_1       se_0
1   0.5 0.048691723 0.02225250 0.07259406 0.05863167 0.02227343 0.06809120
2   1.0 0.009203235 0.01053732 0.01444106 0.01637373 0.00000000 0.00000000
3   2.0 0.021779501 0.02582172 0.02352075 0.02818451 0.02212493 0.02516227
          oe         te
1 0.04759377 0.02207342
2 0.00000000 0.01637373
3 0.02059576 0.03135693



[1] "Total run time was 336.49 seconds"
