WARNING: ignoring environment value of R_HOME

Attaching package: ‘dplyr’

The following objects are masked from ‘package:stats’:

    filter, lag

The following objects are masked from ‘package:base’:

    intersect, setdiff, setequal, union

Loading required package: splines
Loading required package: foreach
Loaded gam 1.20.2

Super Learner
Version: 2.0-28
Package created on 2021-05-04

Loading required package: lattice
Loading required package: ggplot2
Loading required package: Matrix
Loaded glmnet 4.1-7
Loading required package: Formula
Loading required package: plotmo
Loading required package: plotrix
Loading required package: TeachingDemos
Loaded gbm 2.1.8.1

Attaching package: ‘xgboost’

The following object is masked from ‘package:dplyr’:

    slice

[1] "[Simulation setting]"
[1] "m: 500"
[1] "deltas: 0.5, 1, 2"
[1] "Sim.id 1"
[1] "Data generated"
[1] "Proposed & IPW estimators"
[1] "   Split: 1"
[1] "   Split: 2"
[1] "Estimates and SE estimates computed"
[1] ""
[[1]]
[[1]]$pro.p
[[1]]$pro.p$est
  delta        mu      mu_1      mu_0         de        se_1        se_0
1   0.5 0.4363289 0.2472921 0.5876674 -0.3403752  0.01782589  0.01411568
2   1.0 0.3618376 0.2294663 0.5735517 -0.3440854  0.00000000  0.00000000
3   2.0 0.2736980 0.1931378 0.5294586 -0.3363209 -0.03632850 -0.04409306
           oe         te
1  0.07449128 -0.3262596
2  0.00000000 -0.3440854
3 -0.08813953 -0.3804139

[[1]]$pro.p$se
  delta         mu       mu_1       mu_0         de        se_1       se_0
1   0.5 0.01473528 0.01171887 0.02038266 0.01903366 0.009933713 0.01597302
2   1.0 0.01178584 0.01046711 0.01574848 0.01354240 0.000000000 0.00000000
3   2.0 0.02115373 0.02109788 0.02506613 0.02301354 0.016591119 0.01908174
          oe         te
1 0.01220247 0.01563449
2 0.00000000 0.01354240
3 0.01672343 0.02324007


[[1]]$pro.np
[[1]]$pro.np$est
  delta        mu      mu_1      mu_0         de        se_1        se_0
1   0.5 0.4279060 0.2602676 0.5571679 -0.2969003  0.02031454  0.01527643
2   1.0 0.3603716 0.2399531 0.5418915 -0.3019384  0.00000000  0.00000000
3   2.0 0.2777173 0.2055247 0.4938845 -0.2883598 -0.03442841 -0.04800704
           oe         te
1  0.06753442 -0.2816239
2  0.00000000 -0.3019384
3 -0.08265435 -0.3363668

[[1]]$pro.np$se
  delta         mu       mu_1       mu_0         de        se_1       se_0
1   0.5 0.01421996 0.01152642 0.01924976 0.01756083 0.009591602 0.01496802
2   1.0 0.01208299 0.01114273 0.01531877 0.01288294 0.000000000 0.00000000
3   2.0 0.02106718 0.02065699 0.02530946 0.02250807 0.015313664 0.01939149
          oe         te
1 0.01181422 0.01455688
2 0.00000000 0.01288294
3 0.01593153 0.02207619


[[1]]$ipw.p
[[1]]$ipw.p$est
  delta        mu      mu_1      mu_0         de         se_1        se_0
1   0.5 0.3786146 0.2320640 0.4972799 -0.2652159  0.007089463 -0.07213839
2   1.0 0.3564666 0.2249745 0.5694183 -0.3444438  0.000000000  0.00000000
3   2.0 0.2729178 0.2001468 0.5092563 -0.3091096 -0.024827765 -0.06016195
           oe         te
1  0.02214792 -0.3373543
2  0.00000000 -0.3444438
3 -0.08354881 -0.3692715

[[1]]$ipw.p$se
  delta          mu        mu_1       mu_0         de       se_1       se_0
1   0.5 0.024615493 0.013523931 0.03691430 0.03037019 0.01347730 0.03123400
2   1.0 0.008676048 0.008974469 0.01544651 0.01659852 0.00000000 0.00000000
3   2.0 0.020170354 0.022022642 0.02503613 0.02494207 0.01882058 0.02679963
          oe         te
1 0.02297640 0.01539675
2 0.00000000 0.01659852
3 0.01979263 0.02956981


[[1]]$ipw.np
[[1]]$ipw.np$est
  delta        mu      mu_1      mu_0         de         se_1        se_0
1   0.5 0.3745856 0.2383177 0.4818265 -0.2435088  0.006931582 -0.07002029
2   1.0 0.3568900 0.2313861 0.5518468 -0.3204607  0.000000000  0.00000000
3   2.0 0.2765981 0.2073087 0.4915080 -0.2841993 -0.024077390 -0.06033876
           oe         te
1  0.01769556 -0.3135291
2  0.00000000 -0.3204607
3 -0.08029191 -0.3445381

[[1]]$ipw.np$se
  delta          mu        mu_1       mu_0         de       se_1       se_0
1   0.5 0.023861757 0.013600873 0.03520614 0.02884539 0.01359307 0.02949205
2   1.0 0.008707305 0.009232527 0.01509610 0.01638730 0.00000000 0.00000000
3   2.0 0.020387882 0.023051364 0.02391724 0.02556385 0.01973943 0.02558498
          oe         te
1 0.02224541 0.01512526
2 0.00000000 0.01638730
3 0.01996541 0.03020324



[1] "Total run time was 374.341 seconds"
