WARNING: ignoring environment value of R_HOME

Attaching package: ‘dplyr’

The following objects are masked from ‘package:stats’:

    filter, lag

The following objects are masked from ‘package:base’:

    intersect, setdiff, setequal, union

Loading required package: splines
Loading required package: foreach
Loaded gam 1.20.2

Super Learner
Version: 2.0-28
Package created on 2021-05-04

Loading required package: lattice
Loading required package: ggplot2
Loading required package: Matrix
Loaded glmnet 4.1-7
Loading required package: Formula
Loading required package: plotmo
Loading required package: plotrix
Loading required package: TeachingDemos
Loaded gbm 2.1.8.1

Attaching package: ‘xgboost’

The following object is masked from ‘package:dplyr’:

    slice

[1] "[Simulation setting]"
[1] "m: 500"
[1] "deltas: 0.5, 1, 2"
[1] "Sim.id 1"
[1] "Data generated"
[1] "Proposed & IPW estimators"
[1] "   Split: 1"
[1] "   Split: 2"
[1] "Estimates and SE estimates computed"
[1] ""
[[1]]
[[1]]$pro.p
[[1]]$pro.p$est
  delta        mu      mu_1      mu_0         de         se_1        se_0
1   0.5 0.4556839 0.2702697 0.6018337 -0.3315641  0.041207850  0.03541049
2   1.0 0.3598884 0.2290618 0.5664232 -0.3373614  0.000000000  0.00000000
3   2.0 0.2998781 0.2200985 0.5462951 -0.3261965 -0.008963267 -0.02012816
           oe         te
1  0.09579546 -0.2961536
2  0.00000000 -0.3373614
3 -0.06001028 -0.3463247

[[1]]$pro.p$se
  delta         mu       mu_1       mu_0         de       se_1       se_0
1   0.5 0.01748849 0.01674943 0.02263023 0.02240999 0.01425017 0.01856614
2   1.0 0.01203726 0.01085709 0.01587943 0.01395713 0.00000000 0.00000000
3   2.0 0.02179328 0.02213781 0.02662374 0.02600464 0.01775733 0.02056781
          oe         te
1 0.01425222 0.01911149
2 0.00000000 0.01395713
3 0.01771189 0.02442057


[[1]]$pro.np
[[1]]$pro.np$est
  delta        mu      mu_1      mu_0         de        se_1        se_0
1   0.5 0.4411471 0.2774628 0.5624887 -0.2850259  0.03661617  0.02771110
2   1.0 0.3594382 0.2408467 0.5347776 -0.2939309  0.00000000  0.00000000
3   2.0 0.3048737 0.2296448 0.5245277 -0.2948829 -0.01120184 -0.01024992
           oe         te
1  0.08170889 -0.2573148
2  0.00000000 -0.2939309
3 -0.05456445 -0.3051328

[[1]]$pro.np$se
  delta         mu       mu_1       mu_0         de       se_1       se_0
1   0.5 0.01600120 0.01452481 0.02044192 0.01925807 0.01116595 0.01615840
2   1.0 0.01234925 0.01101734 0.01554606 0.01243222 0.00000000 0.00000000
3   2.0 0.02369534 0.02363759 0.02671202 0.02444362 0.01942696 0.02049749
          oe         te
1 0.01205260 0.01582642
2 0.00000000 0.01243222
3 0.01948648 0.02491326


[[1]]$ipw.p
[[1]]$ipw.p$est
  delta        mu      mu_1      mu_0         de        se_1        se_0
1   0.5 0.4365247 0.2658689 0.5741936 -0.3083248  0.04247004  0.01593679
2   1.0 0.3521404 0.2233989 0.5582569 -0.3348580  0.00000000  0.00000000
3   2.0 0.2777154 0.2027939 0.5160074 -0.3132135 -0.02060498 -0.04224946
           oe        te
1  0.08438428 -0.292388
2  0.00000000 -0.334858
3 -0.07442503 -0.355463

[[1]]$ipw.p$se
  delta          mu        mu_1       mu_0         de       se_1       se_0
1   0.5 0.034481315 0.020496449 0.05088099 0.04282760 0.01979760 0.04571639
2   1.0 0.009018061 0.009648685 0.01515003 0.01669406 0.00000000 0.00000000
3   2.0 0.021913452 0.023511737 0.02888975 0.02844001 0.01960883 0.03049814
          oe         te
1 0.03270019 0.02006315
2 0.00000000 0.01669406
3 0.02114827 0.03058965


[[1]]$ipw.np
[[1]]$ipw.np$est
  delta        mu      mu_1      mu_0         de        se_1        se_0
1   0.5 0.4324301 0.2715466 0.5576282 -0.2860816  0.04071723  0.01877641
2   1.0 0.3527165 0.2308294 0.5388518 -0.3080224  0.00000000  0.00000000
3   2.0 0.2844457 0.2128016 0.5019868 -0.2891852 -0.01802786 -0.03686502
           oe         te
1  0.07971358 -0.2673051
2  0.00000000 -0.3080224
3 -0.06827087 -0.3260502

[[1]]$ipw.np$se
  delta          mu        mu_1       mu_0         de       se_1       se_0
1   0.5 0.035162186 0.021078659 0.05204556 0.04486667 0.02043432 0.04724419
2   1.0 0.009078063 0.009956889 0.01474219 0.01644512 0.00000000 0.00000000
3   2.0 0.023258548 0.024966198 0.02986115 0.02807019 0.02091644 0.03122246
          oe         te
1 0.03352309 0.02042892
2 0.00000000 0.01644512
3 0.02238658 0.03147314



[1] "Total run time was 303.602 seconds"
