WARNING: ignoring environment value of R_HOME

Attaching package: ‘dplyr’

The following objects are masked from ‘package:stats’:

    filter, lag

The following objects are masked from ‘package:base’:

    intersect, setdiff, setequal, union

Loading required package: splines
Loading required package: foreach
Loaded gam 1.20.2

Super Learner
Version: 2.0-28
Package created on 2021-05-04

Loading required package: lattice
Loading required package: ggplot2
Loading required package: Matrix
Loaded glmnet 4.1-7
Loading required package: Formula
Loading required package: plotmo
Loading required package: plotrix
Loading required package: TeachingDemos
Loaded gbm 2.1.8.1

Attaching package: ‘xgboost’

The following object is masked from ‘package:dplyr’:

    slice

[1] "[Simulation setting]"
[1] "m: 500"
[1] "deltas: 0.5, 1, 2"
[1] "Sim.id 1"
[1] "Data generated"
[1] "Proposed & IPW estimators"
[1] "   Split: 1"
[1] "   Split: 2"
[1] "Estimates and SE estimates computed"
[1] ""
[[1]]
[[1]]$pro.p
[[1]]$pro.p$est
  delta        mu      mu_1      mu_0         de        se_1        se_0
1   0.5 0.4292763 0.2557640 0.5675678 -0.3118038  0.03426618  0.02535739
2   1.0 0.3437618 0.2214979 0.5422105 -0.3207126  0.00000000  0.00000000
3   2.0 0.2721947 0.1955913 0.5277835 -0.3321923 -0.02590659 -0.01442693
           oe         te
1  0.08551449 -0.2864464
2  0.00000000 -0.3207126
3 -0.07156709 -0.3466192

[[1]]$pro.p$se
  delta         mu       mu_1       mu_0         de        se_1       se_0
1   0.5 0.01528463 0.01242177 0.02053058 0.01893956 0.009103554 0.01564970
2   1.0 0.01183711 0.01068765 0.01614229 0.01434126 0.000000000 0.00000000
3   2.0 0.01914695 0.01748325 0.02858554 0.02251112 0.013310346 0.02281609
          oe         te
1 0.01164655 0.01570578
2 0.00000000 0.01434126
3 0.01515604 0.02035799


[[1]]$pro.np
[[1]]$pro.np$est
  delta        mu      mu_1      mu_0         de        se_1        se_0
1   0.5 0.4188838 0.2655973 0.5368448 -0.2712475  0.03429938  0.01698419
2   1.0 0.3439175 0.2312979 0.5198606 -0.2885627  0.00000000  0.00000000
3   2.0 0.2637689 0.1896397 0.5032246 -0.3135849 -0.04165821 -0.01663602
           oe         te
1  0.07496631 -0.2542633
2  0.00000000 -0.2885627
3 -0.08014853 -0.3302209

[[1]]$pro.np$se
  delta         mu       mu_1       mu_0         de        se_1       se_0
1   0.5 0.01563045 0.01246039 0.02074796 0.01944978 0.008794353 0.01644320
2   1.0 0.01148523 0.01045337 0.01500591 0.01256077 0.000000000 0.00000000
3   2.0 0.02007881 0.02055676 0.02474913 0.02393113 0.016715108 0.01918269
          oe         te
1 0.01179897 0.01457453
2 0.00000000 0.01256077
3 0.01628028 0.02211821


[[1]]$ipw.p
[[1]]$ipw.p$est
  delta        mu      mu_1      mu_0         de        se_1         se_0
1   0.5 0.3982337 0.2502347 0.5154528 -0.2652181  0.02296379 -0.035860622
2   1.0 0.3523961 0.2272709 0.5513134 -0.3240426  0.00000000  0.000000000
3   2.0 0.2875758 0.2087513 0.5424666 -0.3337152 -0.01851956 -0.008846888
           oe         te
1  0.04583761 -0.3010788
2  0.00000000 -0.3240426
3 -0.06482033 -0.3425621

[[1]]$ipw.p$se
  delta          mu        mu_1       mu_0         de       se_1       se_0
1   0.5 0.029300744 0.015345622 0.04521399 0.03997717 0.01474655 0.04055415
2   1.0 0.009092965 0.009666322 0.01502163 0.01641420 0.00000000 0.00000000
3   2.0 0.033206038 0.035666894 0.03616353 0.02932150 0.03330837 0.03719006
          oe         te
1 0.02776387 0.01641179
2 0.00000000 0.01641420
3 0.03256645 0.04021921


[[1]]$ipw.np
[[1]]$ipw.np$est
  delta        mu      mu_1      mu_0         de        se_1         se_0
1   0.5 0.3967511 0.2569149 0.5040294 -0.2471145  0.02426965 -0.033790572
2   1.0 0.3529383 0.2326452 0.5378199 -0.3051747  0.00000000  0.000000000
3   2.0 0.2929950 0.2157591 0.5316451 -0.3158861 -0.01688619 -0.006174806
           oe         te
1  0.04381278 -0.2809050
2  0.00000000 -0.3051747
3 -0.05994335 -0.3220609

[[1]]$ipw.np$se
  delta          mu        mu_1       mu_0         de       se_1       se_0
1   0.5 0.029006118 0.015875328 0.04368535 0.03843674 0.01532338 0.03905609
2   1.0 0.009128116 0.009926144 0.01475572 0.01631671 0.00000000 0.00000000
3   2.0 0.033024230 0.035762209 0.03499579 0.02861604 0.03317922 0.03600910
          oe         te
1 0.02749006 0.01664369
2 0.00000000 0.01631671
3 0.03227516 0.04017728



[1] "Total run time was 331.066 seconds"
