WARNING: ignoring environment value of R_HOME

Attaching package: ‘dplyr’

The following objects are masked from ‘package:stats’:

    filter, lag

The following objects are masked from ‘package:base’:

    intersect, setdiff, setequal, union

Loading required package: splines
Loading required package: foreach
Loaded gam 1.20.2

Super Learner
Version: 2.0-28
Package created on 2021-05-04

Loading required package: lattice
Loading required package: ggplot2
Loading required package: Matrix
Loaded glmnet 4.1-7
Loading required package: Formula
Loading required package: plotmo
Loading required package: plotrix
Loading required package: TeachingDemos
Loaded gbm 2.1.8.1

Attaching package: ‘xgboost’

The following object is masked from ‘package:dplyr’:

    slice

[1] "[Simulation setting]"
[1] "m: 500"
[1] "deltas: 0.5, 1, 2"
[1] "Sim.id 1"
[1] "Data generated"
[1] "Proposed & IPW estimators"
[1] "   Split: 1"
[1] "   Split: 2"
[1] "Estimates and SE estimates computed"
[1] ""
[[1]]
[[1]]$pro.p
[[1]]$pro.p$est
  delta        mu      mu_1      mu_0         de        se_1        se_0
1   0.5 0.4440565 0.2592503 0.5901814 -0.3309311  0.04004087  0.03609195
2   1.0 0.3476228 0.2192094 0.5540895 -0.3348801  0.00000000  0.00000000
3   2.0 0.2486264 0.1727072 0.5027389 -0.3300317 -0.04650219 -0.05135057
           oe         te
1  0.09643368 -0.2948392
2  0.00000000 -0.3348801
3 -0.09899639 -0.3813823

[[1]]$pro.p$se
  delta         mu       mu_1       mu_0         de       se_1       se_0
1   0.5 0.01385797 0.01318711 0.01715360 0.01644956 0.01045399 0.01360999
2   1.0 0.01167037 0.01064688 0.01532531 0.01332813 0.00000000 0.00000000
3   2.0 0.01671217 0.01570356 0.02369079 0.02105724 0.01141061 0.01751821
          oe         te
1 0.01099311 0.01556045
2 0.00000000 0.01332813
3 0.01245170 0.01890831


[[1]]$pro.np
[[1]]$pro.np$est
  delta        mu      mu_1      mu_0         de        se_1        se_0
1   0.5 0.4395117 0.2697993 0.5693268 -0.2995275  0.04329333  0.03903118
2   1.0 0.3467935 0.2265060 0.5302956 -0.3037896  0.00000000  0.00000000
3   2.0 0.2556322 0.1801318 0.4897735 -0.3096416 -0.04637412 -0.04052209
           oe         te
1  0.09271824 -0.2604963
2  0.00000000 -0.3037896
3 -0.09116125 -0.3501637

[[1]]$pro.np$se
  delta         mu       mu_1       mu_0         de       se_1       se_0
1   0.5 0.01422957 0.01370436 0.01707463 0.01554613 0.01084428 0.01357485
2   1.0 0.01192517 0.01103016 0.01507206 0.01257824 0.00000000 0.00000000
3   2.0 0.01809096 0.01741632 0.02280020 0.02001846 0.01272712 0.01616843
          oe         te
1 0.01110459 0.01501189
2 0.00000000 0.01257824
3 0.01347371 0.01964045


[[1]]$ipw.p
[[1]]$ipw.p$est
  delta        mu      mu_1      mu_0         de       se_1        se_0
1   0.5 0.3799281 0.2451169 0.4877249 -0.2426080  0.0174888 -0.07465434
2   1.0 0.3565767 0.2276281 0.5623793 -0.3347512  0.0000000  0.00000000
3   2.0 0.2549513 0.1721074 0.5184946 -0.3463872 -0.0555207 -0.04388467
           oe         te
1  0.02335133 -0.3172624
2  0.00000000 -0.3347512
3 -0.10162540 -0.3902719

[[1]]$ipw.p$se
  delta          mu        mu_1       mu_0         de       se_1       se_0
1   0.5 0.028795149 0.016993777 0.04162695 0.03169741 0.01619054 0.03726751
2   1.0 0.008936669 0.009642336 0.01434562 0.01543427 0.00000000 0.00000000
3   2.0 0.016675576 0.015798125 0.02663277 0.02146552 0.01240380 0.02796261
          oe         te
1 0.02735453 0.01699617
2 0.00000000 0.01543427
3 0.01592197 0.02288430


[[1]]$ipw.np
[[1]]$ipw.np$est
  delta        mu      mu_1      mu_0         de        se_1        se_0
1   0.5 0.3772009 0.2508848 0.4753441 -0.2244593  0.01746045 -0.07118454
2   1.0 0.3568557 0.2334244 0.5465286 -0.3131043  0.00000000  0.00000000
3   2.0 0.2547920 0.1745981 0.4989337 -0.3243356 -0.05882630 -0.04759495
           oe         te
1  0.02034513 -0.2956438
2  0.00000000 -0.3131043
3 -0.10206371 -0.3719306

[[1]]$ipw.np$se
  delta          mu        mu_1       mu_0         de       se_1       se_0
1   0.5 0.028057579 0.016988780 0.04011350 0.03079592 0.01619731 0.03578297
2   1.0 0.008972872 0.009871548 0.01419794 0.01528245 0.00000000 0.00000000
3   2.0 0.016334025 0.015695050 0.02503423 0.02014565 0.01214579 0.02623917
          oe         te
1 0.02665139 0.01676473
2 0.00000000 0.01528245
3 0.01551310 0.02262058



[1] "Total run time was 352.217 seconds"
