WARNING: ignoring environment value of R_HOME

Attaching package: ‘dplyr’

The following objects are masked from ‘package:stats’:

    filter, lag

The following objects are masked from ‘package:base’:

    intersect, setdiff, setequal, union

Loading required package: splines
Loading required package: foreach
Loaded gam 1.20.2

Super Learner
Version: 2.0-28
Package created on 2021-05-04

Loading required package: lattice
Loading required package: ggplot2
Loading required package: Matrix
Loaded glmnet 4.1-7
Loading required package: Formula
Loading required package: plotmo
Loading required package: plotrix
Loading required package: TeachingDemos
Loaded gbm 2.1.8.1

Attaching package: ‘xgboost’

The following object is masked from ‘package:dplyr’:

    slice

[1] "[Simulation setting]"
[1] "m: 500"
[1] "deltas: 0.5, 1, 2"
[1] "Sim.id 1"
[1] "Data generated"
[1] "Proposed & IPW estimators"
[1] "   Split: 1"
[1] "   Split: 2"
[1] "Estimates and SE estimates computed"
[1] ""
[[1]]
[[1]]$pro.p
[[1]]$pro.p$est
  delta        mu      mu_1      mu_0         de        se_1        se_0
1   0.5 0.4474247 0.2489043 0.6131536 -0.3642492  0.02847953  0.03347618
2   1.0 0.3564951 0.2204248 0.5796774 -0.3592526  0.00000000  0.00000000
3   2.0 0.2635373 0.1902589 0.5041082 -0.3138493 -0.03016591 -0.07556918
           oe         te
1  0.09092958 -0.3307731
2  0.00000000 -0.3592526
3 -0.09295776 -0.3894185

[[1]]$pro.p$se
  delta         mu       mu_1       mu_0         de       se_1       se_0
1   0.5 0.01532852 0.01397782 0.02029509 0.02096331 0.01173505 0.01590632
2   1.0 0.01209709 0.01092216 0.01594560 0.01422617 0.00000000 0.00000000
3   2.0 0.02033136 0.01991720 0.02472346 0.02115611 0.01452148 0.01861047
          oe         te
1 0.01205905 0.01745107
2 0.00000000 0.01422617
3 0.01552084 0.02219863


[[1]]$pro.np
[[1]]$pro.np$est
  delta        mu      mu_1      mu_0         de        se_1        se_0
1   0.5 0.4323204 0.2563073 0.5715391 -0.3152318  0.02323889  0.02423470
2   1.0 0.3578373 0.2330684 0.5473044 -0.3142360  0.00000000  0.00000000
3   2.0 0.2716929 0.2002254 0.4841775 -0.2839520 -0.03284301 -0.06312692
           oe         te
1  0.07448317 -0.2909971
2  0.00000000 -0.3142360
3 -0.08614437 -0.3470790

[[1]]$pro.np$se
  delta         mu       mu_1       mu_0         de       se_1       se_0
1   0.5 0.01471143 0.01333972 0.01872728 0.01876333 0.01065033 0.01450015
2   1.0 0.01265747 0.01164393 0.01585703 0.01338053 0.00000000 0.00000000
3   2.0 0.02213898 0.02204554 0.02470386 0.02195696 0.01622508 0.01801005
          oe         te
1 0.01109685 0.01585336
2 0.00000000 0.01338053
3 0.01689783 0.02333869


[[1]]$ipw.p
[[1]]$ipw.p$est
  delta        mu      mu_1      mu_0         de        se_1        se_0
1   0.5 0.4250153 0.2425796 0.5771032 -0.3345236  0.02914595  0.01012500
2   1.0 0.3462214 0.2134336 0.5669782 -0.3535446  0.00000000  0.00000000
3   2.0 0.2636624 0.1926015 0.4962550 -0.3036535 -0.02083207 -0.07072319
           oe         te
1  0.07879393 -0.3243986
2  0.00000000 -0.3535446
3 -0.08255894 -0.3743766

[[1]]$ipw.p$se
  delta          mu       mu_1       mu_0         de       se_1       se_0
1   0.5 0.031722301 0.01859572 0.04586184 0.03557792 0.01845302 0.03962885
2   1.0 0.008888446 0.00963043 0.01567614 0.01763686 0.00000000 0.00000000
3   2.0 0.020295976 0.02151157 0.02648184 0.02527314 0.01707082 0.02820091
          oe         te
1 0.02986875 0.01939824
2 0.00000000 0.01763686
3 0.01916459 0.02919762


[[1]]$ipw.np
[[1]]$ipw.np$est
  delta        mu      mu_1      mu_0         de        se_1        se_0
1   0.5 0.4226860 0.2509406 0.5610853 -0.3101447  0.03204794  0.01120469
2   1.0 0.3465482 0.2188927 0.5498806 -0.3309879  0.00000000  0.00000000
3   2.0 0.2611709 0.1914925 0.4796761 -0.2881836 -0.02740021 -0.07020451
           oe         te
1  0.07613787 -0.2989400
2  0.00000000 -0.3309879
3 -0.08537724 -0.3583881

[[1]]$ipw.np$se
  delta          mu        mu_1       mu_0         de       se_1       se_0
1   0.5 0.031673879 0.019010408 0.04493886 0.03440062 0.01888760 0.03895141
2   1.0 0.008923743 0.009829754 0.01535719 0.01735416 0.00000000 0.00000000
3   2.0 0.019301159 0.020453205 0.02592453 0.02447526 0.01583039 0.02737771
          oe         te
1 0.02987464 0.01952925
2 0.00000000 0.01735416
3 0.01807535 0.02796458



[1] "Total run time was 400.495 seconds"
