WARNING: ignoring environment value of R_HOME

Attaching package: ‘dplyr’

The following objects are masked from ‘package:stats’:

    filter, lag

The following objects are masked from ‘package:base’:

    intersect, setdiff, setequal, union

Loading required package: splines
Loading required package: foreach
Loaded gam 1.20.2

Super Learner
Version: 2.0-28
Package created on 2021-05-04

Loading required package: lattice
Loading required package: ggplot2
Loading required package: Matrix
Loaded glmnet 4.1-7
Loading required package: Formula
Loading required package: plotmo
Loading required package: plotrix
Loading required package: TeachingDemos
Loaded gbm 2.1.8.1

Attaching package: ‘xgboost’

The following object is masked from ‘package:dplyr’:

    slice

[1] "[Simulation setting]"
[1] "m: 500"
[1] "deltas: 0.5, 1, 2"
[1] "Sim.id 1"
[1] "Data generated"
[1] "Proposed & IPW estimators"
[1] "   Split: 1"
[1] "   Split: 2"
[1] "Estimates and SE estimates computed"
[1] ""
[[1]]
[[1]]$pro.p
[[1]]$pro.p$est
  delta        mu      mu_1      mu_0         de        se_1         se_0
1   0.5 0.4340451 0.2530596 0.5786917 -0.3256321  0.01002077  0.006124753
2   1.0 0.3699730 0.2430388 0.5725670 -0.3295282  0.00000000  0.000000000
3   2.0 0.2873240 0.2107911 0.5336512 -0.3228601 -0.03224772 -0.038915756
           oe         te
1  0.06407212 -0.3195074
2  0.00000000 -0.3295282
3 -0.08264901 -0.3617759

[[1]]$pro.p$se
  delta         mu       mu_1       mu_0         de       se_1       se_0
1   0.5 0.01606221 0.01409695 0.02012389 0.01725239 0.01220813 0.01618223
2   1.0 0.01194267 0.01147016 0.01567861 0.01474536 0.00000000 0.00000000
3   2.0 0.02425254 0.02574105 0.02559345 0.02657731 0.02073223 0.01965162
          oe         te
1 0.01344612 0.01695625
2 0.00000000 0.01474536
3 0.01997186 0.02784712


[[1]]$pro.np
[[1]]$pro.np$est
  delta        mu      mu_1      mu_0         de        se_1        se_0
1   0.5 0.4331439 0.2697654 0.5546470 -0.2848816  0.01646473  0.01058088
2   1.0 0.3701266 0.2533007 0.5440662 -0.2907655  0.00000000  0.00000000
3   2.0 0.2917946 0.2187370 0.5078647 -0.2891277 -0.03456371 -0.03620150
           oe         te
1  0.06301735 -0.2743007
2  0.00000000 -0.2907655
3 -0.07833204 -0.3253292

[[1]]$pro.np$se
  delta         mu       mu_1       mu_0         de       se_1       se_0
1   0.5 0.01433174 0.01301097 0.01795153 0.01583423 0.01012663 0.01328275
2   1.0 0.01218478 0.01168766 0.01519565 0.01317448 0.00000000 0.00000000
3   2.0 0.02500528 0.02613699 0.02321258 0.02203419 0.02072072 0.01741513
          oe         te
1 0.01082009 0.01472096
2 0.00000000 0.01317448
3 0.02023618 0.02692591


[[1]]$ipw.p
[[1]]$ipw.p$est
  delta        mu      mu_1      mu_0         de          se_1        se_0
1   0.5 0.3908866 0.2415007 0.5119198 -0.2704191  0.0009376167 -0.04720652
2   1.0 0.3632985 0.2405631 0.5591263 -0.3185633  0.0000000000  0.00000000
3   2.0 0.2961143 0.2244154 0.5234322 -0.2990168 -0.0161476479 -0.03569415
           oe         te
1  0.02758807 -0.3176256
2  0.00000000 -0.3185633
3 -0.06718424 -0.3347109

[[1]]$ipw.p$se
  delta          mu       mu_1       mu_0         de       se_1       se_0
1   0.5 0.026225412 0.01538848 0.03893187 0.03263899 0.01540914 0.03412152
2   1.0 0.008793001 0.01048444 0.01427344 0.01724314 0.00000000 0.00000000
3   2.0 0.022926052 0.02660822 0.02604515 0.03108376 0.02214433 0.02712460
          oe         te
1 0.02510099 0.01625399
2 0.00000000 0.01724314
3 0.02133270 0.03275810


[[1]]$ipw.np
[[1]]$ipw.np$est
  delta        mu      mu_1      mu_0         de         se_1       se_0
1   0.5 0.3865290 0.2494965 0.4924645 -0.2429680  0.003152712 -0.0491383
2   1.0 0.3633124 0.2463438 0.5416028 -0.2952590  0.000000000  0.0000000
3   2.0 0.2933996 0.2252919 0.4982875 -0.2729956 -0.021051850 -0.0433153
           oe         te
1  0.02321661 -0.2921063
2  0.00000000 -0.2952590
3 -0.06991278 -0.3163109

[[1]]$ipw.np$se
  delta          mu       mu_1       mu_0         de       se_1       se_0
1   0.5 0.025069162 0.01557782 0.03599747 0.02968740 0.01563929 0.03108459
2   1.0 0.008814327 0.01069760 0.01400931 0.01705270 0.00000000 0.00000000
3   2.0 0.022664021 0.02659508 0.02427503 0.02956892 0.02207575 0.02534444
          oe         te
1 0.02392301 0.01621069
2 0.00000000 0.01705270
3 0.02104350 0.03248796



[1] "Total run time was 184.903 seconds"
