WARNING: ignoring environment value of R_HOME

Attaching package: ‘dplyr’

The following objects are masked from ‘package:stats’:

    filter, lag

The following objects are masked from ‘package:base’:

    intersect, setdiff, setequal, union

Loading required package: splines
Loading required package: foreach
Loaded gam 1.20.2

Super Learner
Version: 2.0-28
Package created on 2021-05-04

Loading required package: lattice
Loading required package: ggplot2
Loading required package: Matrix
Loaded glmnet 4.1-7
Loading required package: Formula
Loading required package: plotmo
Loading required package: plotrix
Loading required package: TeachingDemos
Loaded gbm 2.1.8.1

Attaching package: ‘xgboost’

The following object is masked from ‘package:dplyr’:

    slice

[1] "[Simulation setting]"
[1] "m: 500"
[1] "deltas: 0.5, 1, 2"
[1] "Sim.id 1"
[1] "Data generated"
[1] "Proposed & IPW estimators"
[1] "   Split: 1"
[1] "   Split: 2"
[1] "Estimates and SE estimates computed"
[1] ""
[[1]]
[[1]]$pro.p
[[1]]$pro.p$est
  delta        mu      mu_1      mu_0         de         se_1        se_0
1   0.5 0.4443553 0.2545636 0.5952844 -0.3407208  0.032721470  0.04286562
2   1.0 0.3480839 0.2218422 0.5524188 -0.3305766  0.000000000  0.00000000
3   2.0 0.2875376 0.2125738 0.5269912 -0.3144173 -0.009268339 -0.02542765
           oe         te
1  0.09627144 -0.2978552
2  0.00000000 -0.3305766
3 -0.06054629 -0.3398450

[[1]]$pro.p$se
  delta         mu       mu_1       mu_0         de       se_1       se_0
1   0.5 0.01805204 0.01352680 0.02515440 0.02368436 0.01080812 0.02165974
2   1.0 0.01172854 0.01078198 0.01613430 0.01502303 0.00000000 0.00000000
3   2.0 0.02082324 0.02227553 0.02443093 0.02716718 0.01766441 0.01836531
          oe         te
1 0.01543048 0.01762049
2 0.00000000 0.01502303
3 0.01666022 0.02509324


[[1]]$pro.np
[[1]]$pro.np$est
  delta        mu      mu_1      mu_0         de        se_1        se_0
1   0.5 0.4337496 0.2628385 0.5646855 -0.3018470 0.030703842  0.03967006
2   1.0 0.3473291 0.2321346 0.5250155 -0.2928808 0.000000000  0.00000000
3   2.0 0.3054561 0.2410035 0.5010231 -0.2600195 0.008868866 -0.02399240
           oe         te
1  0.08642049 -0.2621770
2  0.00000000 -0.2928808
3 -0.04187305 -0.2840119

[[1]]$pro.np$se
  delta         mu       mu_1       mu_0         de       se_1       se_0
1   0.5 0.01650516 0.01361018 0.02300676 0.02352796 0.01059469 0.01907653
2   1.0 0.01195852 0.01113824 0.01542618 0.01364995 0.00000000 0.00000000
3   2.0 0.02357557 0.02657648 0.02278125 0.02950762 0.02181216 0.01655836
          oe         te
1 0.01333612 0.01680123
2 0.00000000 0.01364995
3 0.01925312 0.02796103


[[1]]$ipw.p
[[1]]$ipw.p$est
  delta        mu      mu_1      mu_0         de        se_1        se_0
1   0.5 0.4092529 0.2527783 0.5308315 -0.2780532  0.02574753 -0.01568404
2   1.0 0.3514620 0.2270308 0.5465155 -0.3194847  0.00000000  0.00000000
3   2.0 0.2674306 0.1836467 0.5269002 -0.3432535 -0.04338409 -0.01961532
           oe         te
1  0.05779089 -0.2937372
2  0.00000000 -0.3194847
3 -0.08403145 -0.3628688

[[1]]$ipw.p$se
  delta          mu        mu_1       mu_0         de       se_1       se_0
1   0.5 0.036062372 0.018303121 0.05270380 0.04207831 0.01803363 0.04805886
2   1.0 0.008852455 0.009727432 0.01491784 0.01678169 0.00000000 0.00000000
3   2.0 0.017586550 0.016917862 0.02787740 0.02376476 0.01286038 0.02905434
          oe         te
1 0.03467380 0.01925706
2 0.00000000 0.01678169
3 0.01655361 0.02436695


[[1]]$ipw.np
[[1]]$ipw.np$est
  delta        mu      mu_1      mu_0         de        se_1         se_0
1   0.5 0.4088098 0.2600732 0.5208085 -0.2607353  0.02650806 -0.009952154
2   1.0 0.3520931 0.2335651 0.5307606 -0.2971955  0.00000000  0.000000000
3   2.0 0.2714603 0.1898789 0.5114703 -0.3215914 -0.04368621 -0.019290359
           oe         te
1  0.05671677 -0.2706875
2  0.00000000 -0.2971955
3 -0.08063280 -0.3408817

[[1]]$ipw.np$se
  delta          mu       mu_1       mu_0         de       se_1       se_0
1   0.5 0.037235313 0.01879323 0.05423849 0.04370063 0.01861031 0.04988616
2   1.0 0.008916432 0.01005560 0.01461341 0.01664787 0.00000000 0.00000000
3   2.0 0.017685463 0.01732181 0.02693531 0.02316566 0.01287003 0.02792429
          oe         te
1 0.03595039 0.01949487
2 0.00000000 0.01664787
3 0.01641458 0.02439008



[1] "Total run time was 303.47 seconds"
