WARNING: ignoring environment value of R_HOME

Attaching package: ‘dplyr’

The following objects are masked from ‘package:stats’:

    filter, lag

The following objects are masked from ‘package:base’:

    intersect, setdiff, setequal, union

Loading required package: splines
Loading required package: foreach
Loaded gam 1.20.2

Super Learner
Version: 2.0-28
Package created on 2021-05-04

Loading required package: lattice
Loading required package: ggplot2
Loading required package: Matrix
Loaded glmnet 4.1-7
Loading required package: Formula
Loading required package: plotmo
Loading required package: plotrix
Loading required package: TeachingDemos
Loaded gbm 2.1.8.1

Attaching package: ‘xgboost’

The following object is masked from ‘package:dplyr’:

    slice

[1] "[Simulation setting]"
[1] "m: 500"
[1] "deltas: 0.5, 1, 2"
[1] "Sim.id 1"
[1] "Data generated"
[1] "Proposed & IPW estimators"
[1] "   Split: 1"
[1] "   Split: 2"
[1] "Estimates and SE estimates computed"
[1] ""
[[1]]
[[1]]$pro.p
[[1]]$pro.p$est
  delta        mu      mu_1      mu_0         de        se_1        se_0
1   0.5 0.4489784 0.2557395 0.6007365 -0.3449970  0.02919372  0.05949688
2   1.0 0.3486904 0.2265458 0.5412396 -0.3146938  0.00000000  0.00000000
3   2.0 0.2607724 0.1996967 0.4588121 -0.2591154 -0.02684911 -0.08242753
           oe         te
1  0.10028802 -0.2855001
2  0.00000000 -0.3146938
3 -0.08791799 -0.3415430

[[1]]$pro.p$se
  delta         mu       mu_1       mu_0         de       se_1       se_0
1   0.5 0.01688239 0.01533431 0.02243587 0.02238281 0.01351096 0.01953357
2   1.0 0.01167475 0.01074988 0.01539060 0.01376351 0.00000000 0.00000000
3   2.0 0.01974987 0.01917740 0.02637316 0.02333237 0.01407234 0.01986277
          oe         te
1 0.01482123 0.01850557
2 0.00000000 0.01376351
3 0.01486939 0.02111768


[[1]]$pro.np
[[1]]$pro.np$est
  delta        mu      mu_1      mu_0         de        se_1        se_0
1   0.5 0.4362517 0.2616060 0.5695613 -0.3079553  0.02072650  0.05046460
2   1.0 0.3516759 0.2408795 0.5190967 -0.2782172  0.00000000  0.00000000
3   2.0 0.2853476 0.2279873 0.4607164 -0.2327292 -0.01289222 -0.05838026
           oe         te
1  0.08457580 -0.2574907
2  0.00000000 -0.2782172
3 -0.06632835 -0.2911094

[[1]]$pro.np$se
  delta         mu       mu_1       mu_0         de       se_1       se_0
1   0.5 0.01478262 0.01360052 0.01977172 0.02057790 0.01166720 0.01693302
2   1.0 0.01202637 0.01088821 0.01541072 0.01258442 0.00000000 0.00000000
3   2.0 0.02095186 0.02152898 0.02393396 0.02254314 0.01619154 0.01684921
          oe         te
1 0.01248715 0.01665456
2 0.00000000 0.01258442
3 0.01573015 0.02213329


[[1]]$ipw.p
[[1]]$ipw.p$est
  delta        mu      mu_1      mu_0         de        se_1        se_0
1   0.5 0.4623503 0.2609431 0.6178796 -0.3569365  0.02360998  0.06595285
2   1.0 0.3605800 0.2373331 0.5519268 -0.3145937  0.00000000  0.00000000
3   2.0 0.2772726 0.2074012 0.4934151 -0.2860139 -0.02993195 -0.05851166
           oe         te
1  0.10177028 -0.2909837
2  0.00000000 -0.3145937
3 -0.08330742 -0.3445256

[[1]]$ipw.p$se
  delta          mu       mu_1       mu_0         de       se_1       se_0
1   0.5 0.043715213 0.02250061 0.06497102 0.05513591 0.02272588 0.06031407
2   1.0 0.008826625 0.01009965 0.01473775 0.01727517 0.00000000 0.00000000
3   2.0 0.018437502 0.01900404 0.02600711 0.02309137 0.01417880 0.02728369
          oe         te
1 0.04256119 0.02279727
2 0.00000000 0.01727517
3 0.01690731 0.02636054


[[1]]$ipw.np
[[1]]$ipw.np$est
  delta        mu      mu_1      mu_0         de        se_1        se_0
1   0.5 0.4562870 0.2662355 0.6012939 -0.3350584  0.02097836  0.06432663
2   1.0 0.3610820 0.2452572 0.5369673 -0.2917101  0.00000000  0.00000000
3   2.0 0.2819838 0.2161990 0.4786368 -0.2624378 -0.02905822 -0.05833053
           oe         te
1  0.09520502 -0.2707318
2  0.00000000 -0.2917101
3 -0.07909817 -0.3207683

[[1]]$ipw.np$se
  delta          mu       mu_1       mu_0         de       se_1       se_0
1   0.5 0.041230873 0.02107769 0.06165331 0.05355590 0.02142576 0.05696616
2   1.0 0.008879716 0.01049072 0.01447773 0.01724334 0.00000000 0.00000000
3   2.0 0.018976943 0.02001390 0.02528567 0.02273052 0.01488961 0.02650142
          oe         te
1 0.04013008 0.02137000
2 0.00000000 0.01724334
3 0.01730890 0.02697886



[1] "Total run time was 274.416 seconds"
