WARNING: ignoring environment value of R_HOME

Attaching package: ‘dplyr’

The following objects are masked from ‘package:stats’:

    filter, lag

The following objects are masked from ‘package:base’:

    intersect, setdiff, setequal, union

Loading required package: splines
Loading required package: foreach
Loaded gam 1.20.2

Super Learner
Version: 2.0-28
Package created on 2021-05-04

Loading required package: lattice
Loading required package: ggplot2
Loading required package: Matrix
Loaded glmnet 4.1-7
Loading required package: Formula
Loading required package: plotmo
Loading required package: plotrix
Loading required package: TeachingDemos
Loaded gbm 2.1.8.1

Attaching package: ‘xgboost’

The following object is masked from ‘package:dplyr’:

    slice

[1] "[Simulation setting]"
[1] "m: 500"
[1] "deltas: 0.5, 1, 2"
[1] "Sim.id 1"
[1] "Data generated"
[1] "Proposed & IPW estimators"
[1] "   Split: 1"
[1] "   Split: 2"
[1] "Estimates and SE estimates computed"
[1] ""
[[1]]
[[1]]$pro.p
[[1]]$pro.p$est
  delta        mu      mu_1      mu_0         de        se_1        se_0
1   0.5 0.4455375 0.2455446 0.5956497 -0.3501051  0.03450251  0.04723234
2   1.0 0.3448162 0.2110421 0.5484174 -0.3373753  0.00000000  0.00000000
3   2.0 0.2780984 0.1986887 0.5186908 -0.3200021 -0.01235337 -0.02972656
           oe         te
1  0.10072132 -0.3028727
2  0.00000000 -0.3373753
3 -0.06671777 -0.3497286

[[1]]$pro.p$se
  delta         mu       mu_1       mu_0         de       se_1       se_0
1   0.5 0.01682890 0.01648014 0.02142937 0.02213670 0.01413262 0.01765400
2   1.0 0.01118936 0.01013954 0.01512295 0.01399324 0.00000000 0.00000000
3   2.0 0.02184833 0.02229188 0.02619267 0.02493343 0.01781037 0.02040412
          oe         te
1 0.01412114 0.01963193
2 0.00000000 0.01399324
3 0.01763472 0.02392561


[[1]]$pro.np
[[1]]$pro.np$est
  delta        mu      mu_1      mu_0         de         se_1         se_0
1   0.5 0.4390005 0.2515264 0.5737855 -0.3222591  0.027293048  0.051891534
2   1.0 0.3462712 0.2242334 0.5218940 -0.2976606  0.000000000  0.000000000
3   2.0 0.2956327 0.2184869 0.5142283 -0.2957413 -0.005746484 -0.007665707
           oe         te
1  0.09272925 -0.2703675
2  0.00000000 -0.2976606
3 -0.05063851 -0.3034071

[[1]]$pro.np$se
  delta         mu       mu_1       mu_0         de       se_1       se_0
1   0.5 0.01464207 0.01406292 0.01927079 0.02045315 0.01091717 0.01476951
2   1.0 0.01154534 0.01054443 0.01475030 0.01273394 0.00000000 0.00000000
3   2.0 0.02449049 0.02501672 0.02717076 0.02481802 0.02017797 0.02094514
          oe         te
1 0.01100685 0.01652658
2 0.00000000 0.01273394
3 0.01969042 0.02514484


[[1]]$ipw.p
[[1]]$ipw.p$est
  delta        mu      mu_1      mu_0         de        se_1        se_0
1   0.5 0.4432334 0.2460947 0.6040943 -0.3579996  0.03619378  0.06115069
2   1.0 0.3401385 0.2099010 0.5429436 -0.3330427  0.00000000  0.00000000
3   2.0 0.2738111 0.1975101 0.5035143 -0.3060041 -0.01239083 -0.03942936
           oe         te
1  0.10309498 -0.2968489
2  0.00000000 -0.3330427
3 -0.06632734 -0.3454335

[[1]]$ipw.p$se
  delta          mu        mu_1       mu_0         de       se_1       se_0
1   0.5 0.045969151 0.019140018 0.07916740 0.07550945 0.01867886 0.07603295
2   1.0 0.008799166 0.009348451 0.01500715 0.01668852 0.00000000 0.00000000
3   2.0 0.025263006 0.026275164 0.03184532 0.02762459 0.02229383 0.03310924
          oe         te
1 0.04499530 0.02012972
2 0.00000000 0.01668852
3 0.02414716 0.03234676


[[1]]$ipw.np
[[1]]$ipw.np$est
  delta        mu      mu_1      mu_0         de        se_1        se_0
1   0.5 0.4467556 0.2515114 0.6037529 -0.3522415  0.03598735  0.07558394
2   1.0 0.3405566 0.2155241 0.5281690 -0.3126449  0.00000000  0.00000000
3   2.0 0.2787901 0.2037244 0.4962741 -0.2925497 -0.01179970 -0.03189488
           oe         te
1  0.10619903 -0.2766576
2  0.00000000 -0.3126449
3 -0.06176652 -0.3244446

[[1]]$ipw.np$se
  delta          mu        mu_1       mu_0         de       se_1       se_0
1   0.5 0.050889404 0.019303392 0.08956247 0.08673988 0.01882960 0.08682009
2   1.0 0.008841274 0.009579472 0.01467643 0.01642300 0.00000000 0.00000000
3   2.0 0.026009815 0.027042355 0.03304664 0.02736160 0.02301422 0.03413254
          oe         te
1 0.05006976 0.02000157
2 0.00000000 0.01642300
3 0.02484971 0.03268784



[1] "Total run time was 313.633 seconds"
