WARNING: ignoring environment value of R_HOME

Attaching package: ‘dplyr’

The following objects are masked from ‘package:stats’:

    filter, lag

The following objects are masked from ‘package:base’:

    intersect, setdiff, setequal, union

Loading required package: splines
Loading required package: foreach
Loaded gam 1.20.2

Super Learner
Version: 2.0-28
Package created on 2021-05-04

Loading required package: lattice
Loading required package: ggplot2
Loading required package: Matrix
Loaded glmnet 4.1-7
Loading required package: Formula
Loading required package: plotmo
Loading required package: plotrix
Loading required package: TeachingDemos
Loaded gbm 2.1.8.1

Attaching package: ‘xgboost’

The following object is masked from ‘package:dplyr’:

    slice

[1] "[Simulation setting]"
[1] "m: 500"
[1] "deltas: 0.5, 1, 2"
[1] "Sim.id 1"
[1] "Data generated"
[1] "Proposed & IPW estimators"
[1] "   Split: 1"
[1] "   Split: 2"
[1] "Estimates and SE estimates computed"
[1] ""
[[1]]
[[1]]$pro.p
[[1]]$pro.p$est
  delta        mu      mu_1      mu_0         de         se_1        se_0
1   0.5 0.4285940 0.2587040 0.5617009 -0.3029970  0.018411166 -0.00861514
2   1.0 0.3690206 0.2402928 0.5703161 -0.3300233  0.000000000  0.00000000
3   2.0 0.3092577 0.2329345 0.5450790 -0.3121445 -0.007358281 -0.02523705
           oe         te
1  0.05957332 -0.3116121
2  0.00000000 -0.3300233
3 -0.05976296 -0.3373816

[[1]]$pro.p$se
  delta         mu       mu_1       mu_0         de       se_1       se_0
1   0.5 0.01621371 0.01420165 0.02191596 0.02114068 0.01166122 0.01725932
2   1.0 0.01198125 0.01091962 0.01621174 0.01453831 0.00000000 0.00000000
3   2.0 0.02375913 0.02405760 0.02792965 0.02599273 0.01985955 0.02184559
          oe         te
1 0.01281979 0.01748872
2 0.00000000 0.01453831
3 0.01969469 0.02592520


[[1]]$pro.np
[[1]]$pro.np$est
  delta        mu      mu_1      mu_0         de        se_1          se_0
1   0.5 0.4323230 0.2734698 0.5479121 -0.2744423  0.02032468 -0.0008656439
2   1.0 0.3736686 0.2531451 0.5487777 -0.2956326  0.00000000  0.0000000000
3   2.0 0.3150952 0.2370625 0.5259425 -0.2888800 -0.01608263 -0.0228352138
           oe         te
1  0.05865441 -0.2753079
2  0.00000000 -0.2956326
3 -0.05857340 -0.3117152

[[1]]$pro.np$se
  delta         mu       mu_1       mu_0         de       se_1       se_0
1   0.5 0.01539877 0.01371092 0.02186604 0.02216524 0.01145941 0.01723024
2   1.0 0.01256048 0.01177534 0.01601719 0.01356234 0.00000000 0.00000000
3   2.0 0.02737396 0.02736302 0.03030767 0.02654369 0.02212564 0.02486382
          oe         te
1 0.01174741 0.01632898
2 0.00000000 0.01356234
3 0.02270651 0.02770907


[[1]]$ipw.p
[[1]]$ipw.p$est
  delta        mu      mu_1      mu_0         de         se_1        se_0
1   0.5 0.4597164 0.2696827 0.6087139 -0.3390312  0.030872480  0.03019871
2   1.0 0.3704466 0.2388102 0.5785152 -0.3397050  0.000000000  0.00000000
3   2.0 0.3089488 0.2319289 0.5527006 -0.3207717 -0.006881276 -0.02581462
           oe         te
1  0.08926973 -0.3088325
2  0.00000000 -0.3397050
3 -0.06149785 -0.3465863

[[1]]$ipw.p$se
  delta          mu       mu_1       mu_0         de       se_1       se_0
1   0.5 0.044223846 0.02201271 0.06441266 0.04956861 0.02226749 0.06031983
2   1.0 0.008966651 0.01019945 0.01518927 0.01747792 0.00000000 0.00000000
3   2.0 0.025141868 0.02887882 0.02829820 0.03258193 0.02491849 0.03016397
          oe         te
1 0.04316312 0.02204962
2 0.00000000 0.01747792
3 0.02398932 0.03514633


[[1]]$ipw.np
[[1]]$ipw.np$est
  delta        mu      mu_1      mu_0         de         se_1        se_0
1   0.5 0.4642898 0.2827381 0.6054657 -0.3227275  0.036511577  0.04339123
2   1.0 0.3704785 0.2462266 0.5620744 -0.3158479  0.000000000  0.00000000
3   2.0 0.3154927 0.2399598 0.5410209 -0.3010612 -0.006266758 -0.02105348
           oe         te
1  0.09381132 -0.2793363
2  0.00000000 -0.3158479
3 -0.05498581 -0.3221146

[[1]]$ipw.np$se
  delta          mu       mu_1       mu_0         de       se_1       se_0
1   0.5 0.041870788 0.02235074 0.05968050 0.04557485 0.02266499 0.05546345
2   1.0 0.009006997 0.01049746 0.01502351 0.01740463 0.00000000 0.00000000
3   2.0 0.025784320 0.02930249 0.02954833 0.03268151 0.02521900 0.03140504
          oe         te
1 0.04088881 0.02227388
2 0.00000000 0.01740463
3 0.02465704 0.03539947



[1] "Total run time was 335.089 seconds"
