WARNING: ignoring environment value of R_HOME

Attaching package: ‘dplyr’

The following objects are masked from ‘package:stats’:

    filter, lag

The following objects are masked from ‘package:base’:

    intersect, setdiff, setequal, union

Loading required package: splines
Loading required package: foreach
Loaded gam 1.20.2

Super Learner
Version: 2.0-28
Package created on 2021-05-04

Loading required package: lattice
Loading required package: ggplot2
Loading required package: Matrix
Loaded glmnet 4.1-7
Loading required package: Formula
Loading required package: plotmo
Loading required package: plotrix
Loading required package: TeachingDemos
Loaded gbm 2.1.8.1

Attaching package: ‘xgboost’

The following object is masked from ‘package:dplyr’:

    slice

[1] "[Simulation setting]"
[1] "m: 500"
[1] "deltas: 0.5, 1, 2"
[1] "Sim.id 1"
[1] "Data generated"
[1] "Proposed & IPW estimators"
[1] "   Split: 1"
[1] "   Split: 2"
[1] "Estimates and SE estimates computed"
[1] ""
[[1]]
[[1]]$pro.p
[[1]]$pro.p$est
  delta        mu      mu_1      mu_0         de        se_1        se_0
1   0.5 0.4640668 0.2694982 0.6103681 -0.3408700  0.05018314  0.05129642
2   1.0 0.3526631 0.2193150 0.5590717 -0.3397567  0.00000000  0.00000000
3   2.0 0.2655274 0.1917408 0.5027413 -0.3110004 -0.02757418 -0.05633047
           oe         te
1  0.11140378 -0.2895736
2  0.00000000 -0.3397567
3 -0.08713565 -0.3673309

[[1]]$pro.p$se
  delta         mu       mu_1       mu_0         de       se_1       se_0
1   0.5 0.02525335 0.01726474 0.04629176 0.05323445 0.01531173 0.04469203
2   1.0 0.01150678 0.01079372 0.01539758 0.01438403 0.00000000 0.00000000
3   2.0 0.02409824 0.02485610 0.02893642 0.02833880 0.01916809 0.02378157
          oe         te
1 0.02443052 0.02018780
2 0.00000000 0.01438403
3 0.01948927 0.02666430


[[1]]$pro.np
[[1]]$pro.np$est
  delta        mu      mu_1      mu_0         de        se_1        se_0
1   0.5 0.4554361 0.2735701 0.5838875 -0.3103174  0.04235957  0.04905786
2   1.0 0.3547548 0.2312106 0.5348297 -0.3036191  0.00000000  0.00000000
3   2.0 0.2785222 0.2084641 0.4860628 -0.2775988 -0.02274647 -0.04876683
           oe         te
1  0.10068130 -0.2612595
2  0.00000000 -0.3036191
3 -0.07623259 -0.3263656

[[1]]$pro.np$se
  delta         mu       mu_1       mu_0         de       se_1       se_0
1   0.5 0.01934481 0.01599264 0.03476547 0.04000052 0.01363338 0.03305630
2   1.0 0.01176598 0.01121639 0.01465165 0.01308577 0.00000000 0.00000000
3   2.0 0.02470159 0.02578482 0.02667391 0.02712981 0.01979190 0.02096745
          oe         te
1 0.01767402 0.01801085
2 0.00000000 0.01308577
3 0.01939580 0.02617713


[[1]]$ipw.p
[[1]]$ipw.p$est
  delta        mu      mu_1      mu_0         de         se_1        se_0
1   0.5 0.5135228 0.2661664 0.7111479 -0.4449815  0.041847222  0.14299482
2   1.0 0.3571221 0.2243192 0.5681530 -0.3438339  0.000000000  0.00000000
3   2.0 0.2963472 0.2187788 0.5402903 -0.3215115 -0.005540348 -0.02786276
          oe         te
1  0.1564006 -0.3019867
2  0.0000000 -0.3438339
3 -0.0607750 -0.3493742

[[1]]$ipw.p$se
  delta          mu        mu_1       mu_0         de       se_1       se_0
1   0.5 0.060566732 0.023292664 0.09232929 0.07471768 0.02363287 0.08878259
2   1.0 0.008661089 0.009631852 0.01508607 0.01720309 0.00000000 0.00000000
3   2.0 0.024936149 0.026582460 0.03279372 0.03095407 0.02289083 0.03478137
          oe         te
1 0.05976481 0.02318936
2 0.00000000 0.01720309
3 0.02423767 0.03333904


[[1]]$ipw.np
[[1]]$ipw.np$est
  delta        mu      mu_1      mu_0         de         se_1        se_0
1   0.5 0.5284488 0.2773959 0.7315288 -0.4541329  0.046634928  0.17976668
2   1.0 0.3574964 0.2307609 0.5517621 -0.3210012  0.000000000  0.00000000
3   2.0 0.3009213 0.2275162 0.5235388 -0.2960226 -0.003244784 -0.02822333
           oe         te
1  0.17095242 -0.2743663
2  0.00000000 -0.3210012
3 -0.05657507 -0.3242460

[[1]]$ipw.np$se
  delta         mu        mu_1       mu_0         de       se_1       se_0
1   0.5 0.06906960 0.025342474 0.11083378 0.09184060 0.02574565 0.10775984
2   1.0 0.00870398 0.009884496 0.01475275 0.01699361 0.00000000 0.00000000
3   2.0 0.02719373 0.029768707 0.03192717 0.03131417 0.02626596 0.03380435
          oe         te
1 0.06845211 0.02509493
2 0.00000000 0.01699361
3 0.02653566 0.03585817



[1] "Total run time was 442.003 seconds"
