WARNING: ignoring environment value of R_HOME

Attaching package: ‘dplyr’

The following objects are masked from ‘package:stats’:

    filter, lag

The following objects are masked from ‘package:base’:

    intersect, setdiff, setequal, union

Loading required package: splines
Loading required package: foreach
Loaded gam 1.20.2

Super Learner
Version: 2.0-28
Package created on 2021-05-04

Loading required package: lattice
Loading required package: ggplot2
Loading required package: Matrix
Loaded glmnet 4.1-7
Loading required package: Formula
Loading required package: plotmo
Loading required package: plotrix
Loading required package: TeachingDemos
Loaded gbm 2.1.8.1

Attaching package: ‘xgboost’

The following object is masked from ‘package:dplyr’:

    slice

[1] "[Simulation setting]"
[1] "m: 500"
[1] "deltas: 0.5, 1, 2"
[1] "Sim.id 1"
[1] "Data generated"
[1] "Proposed & IPW estimators"
[1] "   Split: 1"
[1] "   Split: 2"
[1] "Estimates and SE estimates computed"
[1] ""
[[1]]
[[1]]$pro.p
[[1]]$pro.p$est
  delta        mu      mu_1      mu_0         de       se_1          se_0
1   0.5 0.4267010 0.2360026 0.5819148 -0.3459122 0.02521923  0.0157977155
2   1.0 0.3456111 0.2107834 0.5661171 -0.3553337 0.00000000  0.0000000000
3   2.0 0.3073118 0.2266614 0.5652129 -0.3385515 0.01587795 -0.0009041852
           oe         te
1  0.08108988 -0.3301145
2  0.00000000 -0.3553337
3 -0.03829929 -0.3394557

[[1]]$pro.p$se
  delta         mu       mu_1       mu_0         de       se_1       se_0
1   0.5 0.01558280 0.01432009 0.02091645 0.02130191 0.01213907 0.01660332
2   1.0 0.01191847 0.01065195 0.01609398 0.01439772 0.00000000 0.00000000
3   2.0 0.03955929 0.04106192 0.03551074 0.03375064 0.03686823 0.03082752
          oe         te
1 0.01252951 0.01787847
2 0.00000000 0.01439772
3 0.03639074 0.04274892


[[1]]$pro.np
[[1]]$pro.np$est
  delta        mu      mu_1      mu_0         de       se_1        se_0
1   0.5 0.4177809 0.2486835 0.5489728 -0.3002894 0.02559561 0.013805253
2   1.0 0.3461226 0.2230879 0.5351676 -0.3120797 0.00000000 0.000000000
3   2.0 0.3259969 0.2502635 0.5413622 -0.2910987 0.02717565 0.006194645
           oe         te
1  0.07165834 -0.2864841
2  0.00000000 -0.3120797
3 -0.02012561 -0.2849041

[[1]]$pro.np$se
  delta         mu       mu_1       mu_0         de       se_1       se_0
1   0.5 0.01398778 0.01301835 0.01798154 0.01776632 0.01057779 0.01472330
2   1.0 0.01279375 0.01158712 0.01609889 0.01344412 0.00000000 0.00000000
3   2.0 0.04952579 0.05344191 0.03476999 0.04104910 0.04876187 0.02945522
          oe         te
1 0.01116499 0.01618660
2 0.00000000 0.01344412
3 0.04594474 0.05417566


[[1]]$ipw.p
[[1]]$ipw.p$est
  delta        mu      mu_1      mu_0         de       se_1        se_0
1   0.5 0.4507900 0.2482115 0.6163809 -0.3681694 0.03917215  0.04779915
2   1.0 0.3448530 0.2090394 0.5685818 -0.3595424 0.00000000  0.00000000
3   2.0 0.3056503 0.2283001 0.5577829 -0.3294828 0.01926073 -0.01079890
           oe         te
1  0.10593696 -0.3203703
2  0.00000000 -0.3595424
3 -0.03920271 -0.3402817

[[1]]$ipw.p$se
  delta          mu        mu_1       mu_0         de       se_1       se_0
1   0.5 0.033017243 0.017890227 0.04915593 0.03998130 0.01789808 0.04323733
2   1.0 0.008747857 0.009272973 0.01575280 0.01750913 0.00000000 0.00000000
3   2.0 0.028006033 0.029340969 0.03503842 0.03118243 0.02532109 0.03688634
          oe         te
1 0.03129498 0.01877196
2 0.00000000 0.01750913
3 0.02709278 0.03612687


[[1]]$ipw.np
[[1]]$ipw.np$est
  delta        mu      mu_1      mu_0         de       se_1         se_0
1   0.5 0.4461535 0.2597003 0.5938945 -0.3341942 0.04243188  0.047632327
2   1.0 0.3453702 0.2172685 0.5462622 -0.3289937 0.00000000  0.000000000
3   2.0 0.3143349 0.2397778 0.5402450 -0.3004672 0.02250931 -0.006017154
           oe         te
1  0.10078331 -0.2865618
2  0.00000000 -0.3289937
3 -0.03103527 -0.3064844

[[1]]$ipw.np$se
  delta          mu        mu_1       mu_0         de       se_1       se_0
1   0.5 0.032722153 0.018376248 0.04796680 0.03878092 0.01832755 0.04217615
2   1.0 0.008764136 0.009574644 0.01539148 0.01728777 0.00000000 0.00000000
3   2.0 0.030941250 0.032293117 0.03536637 0.02951334 0.02844485 0.03717465
          oe         te
1 0.03100753 0.01869769
2 0.00000000 0.01728777
3 0.03008516 0.03840774



[1] "Total run time was 321.69 seconds"
