WARNING: ignoring environment value of R_HOME

Attaching package: ‘dplyr’

The following objects are masked from ‘package:stats’:

    filter, lag

The following objects are masked from ‘package:base’:

    intersect, setdiff, setequal, union

Loading required package: splines
Loading required package: foreach
Loaded gam 1.20.2

Super Learner
Version: 2.0-28
Package created on 2021-05-04

Loading required package: lattice
Loading required package: ggplot2
Loading required package: Matrix
Loaded glmnet 4.1-7
Loading required package: Formula
Loading required package: plotmo
Loading required package: plotrix
Loading required package: TeachingDemos
Loaded gbm 2.1.8.1

Attaching package: ‘xgboost’

The following object is masked from ‘package:dplyr’:

    slice

[1] "[Simulation setting]"
[1] "m: 500"
[1] "deltas: 0.5, 1, 2"
[1] "Sim.id 1"
[1] "Data generated"
[1] "Proposed & IPW estimators"
[1] "   Split: 1"
[1] "   Split: 2"
[1] "Estimates and SE estimates computed"
[1] ""
[[1]]
[[1]]$pro.p
[[1]]$pro.p$est
  delta        mu      mu_1      mu_0         de        se_1        se_0
1   0.5 0.4502510 0.2606202 0.6031971 -0.3425768  0.02653214  0.04117258
2   1.0 0.3600839 0.2340881 0.5620245 -0.3279364  0.00000000  0.00000000
3   2.0 0.2879335 0.2076780 0.5454043 -0.3377263 -0.02641010 -0.01662019
           oe         te
1  0.09016702 -0.3014043
2  0.00000000 -0.3279364
3 -0.07215046 -0.3543465

[[1]]$pro.p$se
  delta         mu       mu_1       mu_0         de       se_1       se_0
1   0.5 0.01478580 0.01322341 0.02022345 0.02142307 0.01105307 0.01604866
2   1.0 0.01187470 0.01032083 0.01626996 0.01420802 0.00000000 0.00000000
3   2.0 0.01932131 0.01852604 0.02614948 0.02348486 0.01410553 0.01991829
          oe         te
1 0.01168305 0.01723939
2 0.00000000 0.01420802
3 0.01515084 0.02158574


[[1]]$pro.np
[[1]]$pro.np$est
  delta        mu      mu_1      mu_0         de        se_1        se_0
1   0.5 0.4509138 0.2731386 0.5861165 -0.3129779  0.02897284  0.04447286
2   1.0 0.3616209 0.2441657 0.5416436 -0.2974779  0.00000000  0.00000000
3   2.0 0.2824198 0.2072197 0.5165403 -0.3093206 -0.03694603 -0.02510336
           oe         te
1  0.08929285 -0.2685050
2  0.00000000 -0.2974779
3 -0.07920116 -0.3344239

[[1]]$pro.np$se
  delta         mu       mu_1       mu_0         de       se_1       se_0
1   0.5 0.01468260 0.01340706 0.01893032 0.01976924 0.01090462 0.01534525
2   1.0 0.01218544 0.01076290 0.01542237 0.01240889 0.00000000 0.00000000
3   2.0 0.02145245 0.02122690 0.02490647 0.02255025 0.01637484 0.01815392
          oe         te
1 0.01133506 0.01579543
2 0.00000000 0.01240889
3 0.01667842 0.02243086


[[1]]$ipw.p
[[1]]$ipw.p$est
  delta        mu      mu_1      mu_0         de        se_1        se_0
1   0.5 0.4396511 0.2516297 0.5929336 -0.3413039  0.01815020  0.02017167
2   1.0 0.3633596 0.2334795 0.5727619 -0.3392824  0.00000000  0.00000000
3   2.0 0.2912932 0.2142662 0.5370527 -0.3227864 -0.01921325 -0.03570920
           oe         te
1  0.07629147 -0.3211322
2  0.00000000 -0.3392824
3 -0.07206639 -0.3584956

[[1]]$ipw.p$se
  delta          mu        mu_1       mu_0         de       se_1       se_0
1   0.5 0.044016658 0.018053695 0.07007852 0.06157027 0.01827747 0.06559197
2   1.0 0.008395756 0.009377305 0.01485252 0.01708865 0.00000000 0.00000000
3   2.0 0.022835360 0.022854230 0.03130068 0.02478208 0.01907904 0.03324237
          oe         te
1 0.04287625 0.01898949
2 0.00000000 0.01708865
3 0.02194872 0.02986265


[[1]]$ipw.np
[[1]]$ipw.np$est
  delta        mu      mu_1      mu_0         de        se_1        se_0
1   0.5 0.4331113 0.2549019 0.5734764 -0.3185745  0.01379212  0.01752176
2   1.0 0.3644453 0.2411098 0.5559546 -0.3148449  0.00000000  0.00000000
3   2.0 0.3009288 0.2256757 0.5305509 -0.3048752 -0.01543408 -0.02540377
           oe         te
1  0.06866602 -0.3010528
2  0.00000000 -0.3148449
3 -0.06351648 -0.3302789

[[1]]$ipw.np$se
  delta          mu        mu_1       mu_0         de       se_1       se_0
1   0.5 0.043982556 0.018349494 0.06907063 0.06059457 0.01868002 0.06485324
2   1.0 0.008465179 0.009722161 0.01448239 0.01694471 0.00000000 0.00000000
3   2.0 0.023877468 0.024211182 0.03149285 0.02491650 0.02021650 0.03317006
          oe         te
1 0.04294693 0.01915474
2 0.00000000 0.01694471
3 0.02285722 0.03072654



[1] "Total run time was 312.66 seconds"
