WARNING: ignoring environment value of R_HOME

Attaching package: ‘dplyr’

The following objects are masked from ‘package:stats’:

    filter, lag

The following objects are masked from ‘package:base’:

    intersect, setdiff, setequal, union

Loading required package: splines
Loading required package: foreach
Loaded gam 1.20.2

Super Learner
Version: 2.0-28
Package created on 2021-05-04

Loading required package: lattice
Loading required package: ggplot2
Loading required package: Matrix
Loaded glmnet 4.1-7
Loading required package: Formula
Loading required package: plotmo
Loading required package: plotrix
Loading required package: TeachingDemos
Loaded gbm 2.1.8.1

Attaching package: ‘xgboost’

The following object is masked from ‘package:dplyr’:

    slice

[1] "[Simulation setting]"
[1] "m: 500"
[1] "deltas: 0.5, 1, 2"
[1] "Sim.id 1"
[1] "Data generated"
[1] "Proposed & IPW estimators"
[1] "   Split: 1"
[1] "   Split: 2"
[1] "Estimates and SE estimates computed"
[1] ""
[[1]]
[[1]]$pro.p
[[1]]$pro.p$est
  delta        mu      mu_1      mu_0         de        se_1        se_0
1   0.5 0.4173277 0.2351523 0.5642015 -0.3290492  0.02641960  0.03027914
2   1.0 0.3325692 0.2087327 0.5339224 -0.3251897  0.00000000  0.00000000
3   2.0 0.2551862 0.1775137 0.5054081 -0.3278944 -0.03121901 -0.02851425
           oe         te
1  0.08475847 -0.2987701
2  0.00000000 -0.3251897
3 -0.07738301 -0.3564087

[[1]]$pro.p$se
  delta         mu       mu_1       mu_0         de      se_1       se_0
1   0.5 0.01475568 0.01253569 0.02121009 0.02206216 0.0105316 0.01716280
2   1.0 0.01118258 0.01023758 0.01537126 0.01398467 0.0000000 0.00000000
3   2.0 0.01849976 0.01714645 0.02676867 0.02309651 0.0118743 0.02014079
          oe         te
1 0.01207344 0.01650983
2 0.00000000 0.01398467
3 0.01319086 0.01928145


[[1]]$pro.np
[[1]]$pro.np$est
  delta        mu      mu_1      mu_0         de        se_1        se_0
1   0.5 0.4001733 0.2401192 0.5238749 -0.2837557  0.01709719  0.01866345
2   1.0 0.3345839 0.2230220 0.5052115 -0.2821895  0.00000000  0.00000000
3   2.0 0.2715469 0.2009492 0.4850268 -0.2840777 -0.02207281 -0.02018461
           oe         te
1  0.06558942 -0.2650923
2  0.00000000 -0.2821895
3 -0.06303702 -0.3042623

[[1]]$pro.np$se
  delta         mu       mu_1       mu_0         de        se_1       se_0
1   0.5 0.01413650 0.01181398 0.01938031 0.01928573 0.009213066 0.01542018
2   1.0 0.01168898 0.01086677 0.01499891 0.01271088 0.000000000 0.00000000
3   2.0 0.01902915 0.01799831 0.02453038 0.02090418 0.012398615 0.01807816
          oe         te
1 0.01118648 0.01455201
2 0.00000000 0.01271088
3 0.01355444 0.01917095


[[1]]$ipw.p
[[1]]$ipw.p$est
  delta        mu      mu_1      mu_0         de        se_1        se_0
1   0.5 0.4016680 0.2377036 0.5315152 -0.2938116  0.01835293 -0.02110415
2   1.0 0.3477853 0.2193507 0.5526194 -0.3332687  0.00000000  0.00000000
3   2.0 0.2646054 0.1833078 0.5237538 -0.3404460 -0.03604290 -0.02886563
           oe         te
1  0.05388275 -0.3149158
2  0.00000000 -0.3332687
3 -0.08317991 -0.3693116

[[1]]$ipw.p$se
  delta          mu        mu_1       mu_0         de       se_1       se_0
1   0.5 0.031013959 0.015462477 0.04654476 0.03892189 0.01564486 0.04148724
2   1.0 0.008575564 0.009379126 0.01409482 0.01571195 0.00000000 0.00000000
3   2.0 0.019479954 0.019307311 0.02822491 0.02339433 0.01575486 0.02922799
          oe         te
1 0.02959254 0.01600788
2 0.00000000 0.01571195
3 0.01828642 0.02548499


[[1]]$ipw.np
[[1]]$ipw.np$est
  delta        mu      mu_1      mu_0         de        se_1        se_0
1   0.5 0.3958159 0.2478437 0.5094547 -0.2616110  0.01954054 -0.02120443
2   1.0 0.3482289 0.2283032 0.5306591 -0.3023560  0.00000000  0.00000000
3   2.0 0.2701361 0.1933709 0.5014424 -0.3080715 -0.03493224 -0.02921670
           oe         te
1  0.04758710 -0.2828154
2  0.00000000 -0.3023560
3 -0.07809279 -0.3372882

[[1]]$ipw.np$se
  delta          mu        mu_1       mu_0         de       se_1       se_0
1   0.5 0.030311566 0.015988734 0.04442760 0.03648157 0.01619565 0.03951398
2   1.0 0.008626613 0.009755094 0.01371095 0.01549322 0.00000000 0.00000000
3   2.0 0.020928911 0.021391330 0.02766639 0.02310530 0.01779161 0.02849421
          oe         te
1 0.02894192 0.01613292
2 0.00000000 0.01549322
3 0.01965300 0.02688901



[1] "Total run time was 274.226 seconds"
