WARNING: ignoring environment value of R_HOME

Attaching package: ‘dplyr’

The following objects are masked from ‘package:stats’:

    filter, lag

The following objects are masked from ‘package:base’:

    intersect, setdiff, setequal, union

Loading required package: splines
Loading required package: foreach
Loaded gam 1.20.2

Super Learner
Version: 2.0-28
Package created on 2021-05-04

Loading required package: lattice
Loading required package: ggplot2
Loading required package: Matrix
Loaded glmnet 4.1-7
Loading required package: Formula
Loading required package: plotmo
Loading required package: plotrix
Loading required package: TeachingDemos
Loaded gbm 2.1.8.1

Attaching package: ‘xgboost’

The following object is masked from ‘package:dplyr’:

    slice

[1] "[Simulation setting]"
[1] "m: 500"
[1] "deltas: 0.5, 1, 2"
[1] "Sim.id 1"
[1] "Data generated"
[1] "Proposed & IPW estimators"
[1] "   Split: 1"
[1] "   Split: 2"
[1] "Estimates and SE estimates computed"
[1] ""
[[1]]
[[1]]$pro.p
[[1]]$pro.p$est
  delta        mu      mu_1      mu_0         de        se_1        se_0
1   0.5 0.4379389 0.2391954 0.5912377 -0.3520423  0.03019114  0.06400599
2   1.0 0.3341680 0.2090043 0.5272317 -0.3182275  0.00000000  0.00000000
3   2.0 0.2585293 0.1900535 0.4724142 -0.2823606 -0.01895071 -0.05481755
           oe         te
1  0.10377090 -0.2880363
2  0.00000000 -0.3182275
3 -0.07563867 -0.3371782

[[1]]$pro.p$se
  delta         mu       mu_1       mu_0         de       se_1       se_0
1   0.5 0.01512266 0.01311516 0.02080616 0.02096557 0.01065603 0.01651819
2   1.0 0.01127587 0.01008519 0.01580648 0.01447412 0.00000000 0.00000000
3   2.0 0.02159051 0.02386246 0.02597226 0.02993008 0.01970826 0.01906787
          oe         te
1 0.01217026 0.01710332
2 0.00000000 0.01447412
3 0.01721040 0.02558091


[[1]]$pro.np
[[1]]$pro.np$est
  delta        mu      mu_1      mu_0         de        se_1        se_0
1   0.5 0.4267934 0.2465155 0.5575350 -0.3110195 0.026773635  0.05571111
2   1.0 0.3343882 0.2197418 0.5018239 -0.2820820 0.000000000  0.00000000
3   2.0 0.2875478 0.2280697 0.4577254 -0.2296557 0.008327899 -0.04409845
           oe         te
1  0.09240525 -0.2553084
2  0.00000000 -0.2820820
3 -0.04684035 -0.2737541

[[1]]$pro.np$se
  delta         mu       mu_1       mu_0         de       se_1       se_0
1   0.5 0.01465916 0.01305876 0.01888798 0.01855911 0.01003893 0.01415408
2   1.0 0.01161967 0.01034613 0.01519008 0.01283591 0.00000000 0.00000000
3   2.0 0.03053114 0.03509719 0.02463550 0.03732271 0.03123863 0.01825844
          oe         te
1 0.01076818 0.01525678
2 0.00000000 0.01283591
3 0.02636268 0.03484254


[[1]]$ipw.p
[[1]]$ipw.p$est
  delta        mu      mu_1      mu_0         de        se_1        se_0
1   0.5 0.4177204 0.2321838 0.5662793 -0.3340956  0.02268525  0.02685290
2   1.0 0.3377881 0.2094985 0.5394264 -0.3299279  0.00000000  0.00000000
3   2.0 0.2558193 0.1771689 0.4995594 -0.3223906 -0.03232966 -0.03986701
           oe         te
1  0.07993223 -0.3072427
2  0.00000000 -0.3299279
3 -0.08196880 -0.3622576

[[1]]$ipw.p$se
  delta         mu        mu_1       mu_0         de       se_1       se_0
1   0.5 0.03361041 0.016419637 0.05148486 0.04391578 0.01617102 0.04585775
2   1.0 0.00841411 0.009065813 0.01515832 0.01706179 0.00000000 0.00000000
3   2.0 0.01978906 0.018890573 0.03084936 0.02531457 0.01536582 0.03213789
          oe         te
1 0.03198638 0.01762699
2 0.00000000 0.01706179
3 0.01902609 0.02628344


[[1]]$ipw.np
[[1]]$ipw.np$est
  delta        mu      mu_1      mu_0         de        se_1        se_0
1   0.5 0.4154505 0.2384058 0.5515883 -0.3131825  0.02373247  0.02639548
2   1.0 0.3382997 0.2146733 0.5251928 -0.3105195  0.00000000  0.00000000
3   2.0 0.2616114 0.1844607 0.4897285 -0.3052678 -0.03021259 -0.03546427
           oe         te
1  0.07715079 -0.2867870
2  0.00000000 -0.3105195
3 -0.07668836 -0.3407321

[[1]]$ipw.np$se
  delta          mu        mu_1       mu_0         de       se_1       se_0
1   0.5 0.033270239 0.016745435 0.04992094 0.04223727 0.01655441 0.04444451
2   1.0 0.008459335 0.009358953 0.01480632 0.01689748 0.00000000 0.00000000
3   2.0 0.021005786 0.020252275 0.03102068 0.02479194 0.01649504 0.03221284
          oe         te
1 0.03168682 0.01771563
2 0.00000000 0.01689748
3 0.02008062 0.02704719



[1] "Total run time was 426.063 seconds"
