WARNING: ignoring environment value of R_HOME

Attaching package: ‘dplyr’

The following objects are masked from ‘package:stats’:

    filter, lag

The following objects are masked from ‘package:base’:

    intersect, setdiff, setequal, union

Loading required package: splines
Loading required package: foreach
Loaded gam 1.20.2

Super Learner
Version: 2.0-28
Package created on 2021-05-04

Loading required package: lattice
Loading required package: ggplot2
Loading required package: Matrix
Loaded glmnet 4.1-7
Loading required package: Formula
Loading required package: plotmo
Loading required package: plotrix
Loading required package: TeachingDemos
Loaded gbm 2.1.8.1

Attaching package: ‘xgboost’

The following object is masked from ‘package:dplyr’:

    slice

[1] "[Simulation setting]"
[1] "m: 500"
[1] "deltas: 0.5, 1, 2"
[1] "Sim.id 1"
[1] "Data generated"
[1] "Proposed & IPW estimators"
[1] "   Split: 1"
[1] "   Split: 2"
[1] "Estimates and SE estimates computed"
[1] ""
[[1]]
[[1]]$pro.p
[[1]]$pro.p$est
  delta        mu      mu_1      mu_0         de        se_1         se_0
1   0.5 0.4292098 0.2603749 0.5620027 -0.3016278  0.03710770  0.019492218
2   1.0 0.3468892 0.2232672 0.5425105 -0.3192433  0.00000000  0.000000000
3   2.0 0.2727701 0.1877994 0.5410102 -0.3532108 -0.03546781 -0.001500278
           oe         te
1  0.08232064 -0.2821356
2  0.00000000 -0.3192433
3 -0.07411903 -0.3547111

[[1]]$pro.p$se
  delta         mu       mu_1       mu_0         de       se_1       se_0
1   0.5 0.01525035 0.01280078 0.02066878 0.02020432 0.01102450 0.01655139
2   1.0 0.01141281 0.01084415 0.01531402 0.01433073 0.00000000 0.00000000
3   2.0 0.02912525 0.03389273 0.02518148 0.03684618 0.02955132 0.01903385
          oe         te
1 0.01241724 0.01645232
2 0.00000000 0.01433073
3 0.02534538 0.03573940


[[1]]$pro.np
[[1]]$pro.np$est
  delta        mu      mu_1      mu_0         de        se_1          se_0
1   0.5 0.4250000 0.2724712 0.5415253 -0.2690541  0.04047435  2.569279e-02
2   1.0 0.3436754 0.2319968 0.5158325 -0.2838357  0.00000000  0.000000e+00
3   2.0 0.2787565 0.2007148 0.5157328 -0.3150180 -0.03128206 -9.973051e-05
           oe         te
1  0.08132457 -0.2433613
2  0.00000000 -0.2838357
3 -0.06491889 -0.3151178

[[1]]$pro.np$se
  delta         mu       mu_1       mu_0         de       se_1       se_0
1   0.5 0.01413186 0.01237693 0.01831324 0.01726826 0.01006589 0.01437700
2   1.0 0.01161970 0.01104237 0.01471307 0.01269308 0.00000000 0.00000000
3   2.0 0.03044226 0.03448165 0.02445760 0.03344677 0.03027998 0.01785242
          oe         te
1 0.01112859 0.01499879
2 0.00000000 0.01269308
3 0.02653739 0.03526957


[[1]]$ipw.p
[[1]]$ipw.p$est
  delta        mu      mu_1      mu_0         de        se_1         se_0
1   0.5 0.4075055 0.2659587 0.5176640 -0.2517053  0.03299287 -0.040340769
2   1.0 0.3597757 0.2329659 0.5580048 -0.3250389  0.00000000  0.000000000
3   2.0 0.3017427 0.2185354 0.5609865 -0.3424511 -0.01443045  0.002981748
           oe         te
1  0.04772973 -0.2920460
2  0.00000000 -0.3250389
3 -0.05803298 -0.3394693

[[1]]$ipw.p$se
  delta          mu        mu_1       mu_0         de       se_1       se_0
1   0.5 0.029939953 0.017756525 0.04195093 0.03125597 0.01766294 0.03716353
2   1.0 0.008808078 0.009608386 0.01460354 0.01621615 0.00000000 0.00000000
3   2.0 0.022799335 0.023648325 0.03172424 0.02867174 0.01994908 0.03287821
          oe         te
1 0.02848012 0.01808693
2 0.00000000 0.01621615
3 0.02169433 0.02985725


[[1]]$ipw.np
[[1]]$ipw.np$est
  delta        mu      mu_1      mu_0         de        se_1          se_0
1   0.5 0.4049275 0.2749304 0.5026004 -0.2276700  0.03565433 -0.0386317757
2   1.0 0.3600416 0.2392761 0.5412321 -0.3019561  0.00000000  0.0000000000
3   2.0 0.3046615 0.2254151 0.5421088 -0.3166936 -0.01386094  0.0008766439
           oe         te
1  0.04488592 -0.2663017
2  0.00000000 -0.3019561
3 -0.05538014 -0.3158170

[[1]]$ipw.np$se
  delta          mu        mu_1       mu_0         de       se_1       se_0
1   0.5 0.029306084 0.018357747 0.04020608 0.02946183 0.01826755 0.03550441
2   1.0 0.008828365 0.009849543 0.01429774 0.01601345 0.00000000 0.00000000
3   2.0 0.023106464 0.024460978 0.03065057 0.02775921 0.02064845 0.03179002
          oe         te
1 0.02786843 0.01840146
2 0.00000000 0.01601345
3 0.02198346 0.03034299



[1] "Total run time was 253.065 seconds"
