WARNING: ignoring environment value of R_HOME

Attaching package: ‘dplyr’

The following objects are masked from ‘package:stats’:

    filter, lag

The following objects are masked from ‘package:base’:

    intersect, setdiff, setequal, union

Loading required package: splines
Loading required package: foreach
Loaded gam 1.20.2

Super Learner
Version: 2.0-28
Package created on 2021-05-04

Loading required package: lattice
Loading required package: ggplot2
Loading required package: Matrix
Loaded glmnet 4.1-7
Loading required package: Formula
Loading required package: plotmo
Loading required package: plotrix
Loading required package: TeachingDemos
Loaded gbm 2.1.8.1

Attaching package: ‘xgboost’

The following object is masked from ‘package:dplyr’:

    slice

[1] "[Simulation setting]"
[1] "m: 500"
[1] "deltas: 0.5, 1, 2"
[1] "Sim.id 1"
[1] "Data generated"
[1] "Proposed & IPW estimators"
[1] "   Split: 1"
[1] "   Split: 2"
[1] "Estimates and SE estimates computed"
[1] ""
[[1]]
[[1]]$pro.p
[[1]]$pro.p$est
  delta        mu      mu_1      mu_0         de        se_1        se_0
1   0.5 0.4420926 0.2484300 0.6012346 -0.3528046  0.04182131  0.04957871
2   1.0 0.3365868 0.2066087 0.5516559 -0.3450472  0.00000000  0.00000000
3   2.0 0.2308923 0.1473847 0.5257451 -0.3783604 -0.05922399 -0.02591075
          oe         te
1  0.1055058 -0.3032259
2  0.0000000 -0.3450472
3 -0.1056945 -0.4042712

[[1]]$pro.p$se
  delta         mu        mu_1       mu_0         de        se_1       se_0
1   0.5 0.01493803 0.012845277 0.01903145 0.01721124 0.009561136 0.01460611
2   1.0 0.01157120 0.009723757 0.01641715 0.01444036 0.000000000 0.00000000
3   2.0 0.02200132 0.022127154 0.02689726 0.02755356 0.019863811 0.02004939
          oe         te
1 0.01084992 0.01602648
2 0.00000000 0.01444036
3 0.01981375 0.02607361


[[1]]$pro.np
[[1]]$pro.np$est
  delta        mu      mu_1      mu_0         de        se_1        se_0
1   0.5 0.4270983 0.2531192 0.5651316 -0.3120124  0.04226203  0.04428997
2   1.0 0.3298993 0.2108572 0.5208416 -0.3099844  0.00000000  0.00000000
3   2.0 0.2051982 0.1263561 0.4786728 -0.3523167 -0.08450103 -0.04216879
           oe         te
1  0.09719905 -0.2677224
2  0.00000000 -0.3099844
3 -0.12470108 -0.3944855

[[1]]$pro.np$se
  delta         mu       mu_1       mu_0         de        se_1       se_0
1   0.5 0.01447884 0.01269298 0.01802707 0.01583630 0.009617068 0.01290063
2   1.0 0.01178606 0.01011984 0.01602378 0.01341051 0.000000000 0.00000000
3   2.0 0.03032346 0.03249100 0.02480287 0.03222557 0.030118425 0.01839029
          oe         te
1 0.01007902 0.01508132
2 0.00000000 0.01341051
3 0.02834279 0.03515960


[[1]]$ipw.p
[[1]]$ipw.p$est
  delta        mu      mu_1      mu_0         de        se_1         se_0
1   0.5 0.4079391 0.2383877 0.5497646 -0.3113769  0.02998446 -0.002518159
2   1.0 0.3379955 0.2084033 0.5522828 -0.3438795  0.00000000  0.000000000
3   2.0 0.2556772 0.1717077 0.5286291 -0.3569214 -0.03669556 -0.023653675
           oe         te
1  0.06994356 -0.3138951
2  0.00000000 -0.3438795
3 -0.08231828 -0.3805751

[[1]]$ipw.p$se
  delta          mu        mu_1       mu_0         de       se_1       se_0
1   0.5 0.031562034 0.016650407 0.04689913 0.03755446 0.01596202 0.04122235
2   1.0 0.008669093 0.008854028 0.01532790 0.01638064 0.00000000 0.00000000
3   2.0 0.018013102 0.016751193 0.03080055 0.02547308 0.01376385 0.03165187
          oe         te
1 0.02956663 0.01647619
2 0.00000000 0.01638064
3 0.01744940 0.02448475


[[1]]$ipw.np
[[1]]$ipw.np$est
  delta        mu      mu_1      mu_0         de        se_1         se_0
1   0.5 0.3998137 0.2402521 0.5283984 -0.2881463  0.02591189 -0.009745293
2   1.0 0.3389930 0.2143402 0.5381437 -0.3238035  0.00000000  0.000000000
3   2.0 0.2619185 0.1793361 0.5182252 -0.3388891 -0.03500411 -0.019918526
           oe         te
1  0.06082062 -0.2978916
2  0.00000000 -0.3238035
3 -0.07707453 -0.3588076

[[1]]$ipw.np$se
  delta          mu       mu_1       mu_0         de       se_1       se_0
1   0.5 0.030175556 0.01645884 0.04348641 0.03438955 0.01587652 0.03788371
2   1.0 0.008749348 0.00914807 0.01500048 0.01619107 0.00000000 0.00000000
3   2.0 0.019079328 0.01768099 0.03095406 0.02467959 0.01452491 0.03163424
          oe         te
1 0.02824462 0.01617481
2 0.00000000 0.01619107
3 0.01831509 0.02486598



[1] "Total run time was 142.787 seconds"
