WARNING: ignoring environment value of R_HOME

Attaching package: ‘dplyr’

The following objects are masked from ‘package:stats’:

    filter, lag

The following objects are masked from ‘package:base’:

    intersect, setdiff, setequal, union

Loading required package: splines
Loading required package: foreach
Loaded gam 1.20.2

Super Learner
Version: 2.0-28
Package created on 2021-05-04

Loading required package: lattice
Loading required package: ggplot2
Loading required package: Matrix
Loaded glmnet 4.1-7
Loading required package: Formula
Loading required package: plotmo
Loading required package: plotrix
Loading required package: TeachingDemos
Loaded gbm 2.1.8.1

Attaching package: ‘xgboost’

The following object is masked from ‘package:dplyr’:

    slice

[1] "[Simulation setting]"
[1] "m: 500"
[1] "deltas: 0.5, 1, 2"
[1] "Sim.id 1"
[1] "Data generated"
[1] "Proposed & IPW estimators"
[1] "   Split: 1"
[1] "   Split: 2"
[1] "Estimates and SE estimates computed"
[1] ""
[[1]]
[[1]]$pro.p
[[1]]$pro.p$est
  delta        mu      mu_1      mu_0         de        se_1         se_0
1   0.5 0.4637410 0.2525873 0.6405830 -0.3879957 0.003931018  0.055054124
2   1.0 0.3755171 0.2486563 0.5855289 -0.3368726 0.000000000  0.000000000
3   2.0 0.3488114 0.2725415 0.5838638 -0.3113223 0.023885175 -0.001665168
           oe         te
1  0.08822393 -0.3329416
2  0.00000000 -0.3368726
3 -0.02670568 -0.3129874

[[1]]$pro.p$se
  delta         mu       mu_1       mu_0         de        se_1       se_0
1   0.5 0.01597937 0.01206068 0.02312037 0.02264935 0.009968022 0.01952341
2   1.0 0.01137718 0.01069712 0.01530795 0.01450019 0.000000000 0.00000000
3   2.0 0.04916423 0.05290657 0.03097690 0.03879325 0.049188137 0.02622701
          oe         te
1 0.01328470 0.01615095
2 0.00000000 0.01450019
3 0.04620051 0.05389674


[[1]]$pro.np
[[1]]$pro.np$est
  delta        mu      mu_1      mu_0         de        se_1         se_0
1   0.5 0.4488090 0.2665350 0.5953070 -0.3287720 0.004381711  0.037013373
2   1.0 0.3779192 0.2621533 0.5582937 -0.2961404 0.000000000  0.000000000
3   2.0 0.3592734 0.2905518 0.5561276 -0.2655759 0.028398454 -0.002166036
           oe         te
1  0.07088978 -0.2917586
2  0.00000000 -0.2961404
3 -0.01864586 -0.2677419

[[1]]$pro.np$se
  delta         mu       mu_1       mu_0         de        se_1       se_0
1   0.5 0.01435848 0.01132627 0.01914740 0.01717184 0.009305409 0.01525153
2   1.0 0.01189945 0.01122320 0.01467646 0.01296510 0.000000000 0.00000000
3   2.0 0.05111949 0.05543053 0.03051954 0.03956099 0.051489424 0.02560259
          oe         te
1 0.01130856 0.01411937
2 0.00000000 0.01296510
3 0.04788087 0.05579281


[[1]]$ipw.p
[[1]]$ipw.p$est
  delta        mu      mu_1      mu_0         de         se_1        se_0
1   0.5 0.4425776 0.2426979 0.6182110 -0.3755131  0.008704072  0.04344227
2   1.0 0.3594138 0.2339938 0.5747687 -0.3407749  0.000000000  0.00000000
3   2.0 0.2815263 0.2051630 0.5417498 -0.3365868 -0.028830814 -0.03301893
           oe         te
1  0.08316388 -0.3320708
2  0.00000000 -0.3407749
3 -0.07788744 -0.3696057

[[1]]$ipw.p$se
  delta          mu        mu_1       mu_0         de       se_1       se_0
1   0.5 0.039353936 0.015034159 0.06603661 0.06006674 0.01509938 0.06104138
2   1.0 0.008516185 0.009541025 0.01506199 0.01736518 0.00000000 0.00000000
3   2.0 0.018400146 0.019260204 0.02736979 0.02565296 0.01563056 0.02914224
          oe         te
1 0.03823543 0.01629066
2 0.00000000 0.01736518
3 0.01765217 0.02718922


[[1]]$ipw.np
[[1]]$ipw.np$est
  delta        mu      mu_1      mu_0         de        se_1        se_0
1   0.5 0.4424826 0.2509320 0.6051242 -0.3541922  0.01018427  0.04835773
2   1.0 0.3597635 0.2407477 0.5567665 -0.3160187  0.00000000  0.00000000
3   2.0 0.2806089 0.2078534 0.5185889 -0.3107355 -0.03289430 -0.03817756
           oe         te
1  0.08271913 -0.3058345
2  0.00000000 -0.3160187
3 -0.07915454 -0.3489130

[[1]]$ipw.np$se
  delta          mu        mu_1       mu_0         de       se_1       se_0
1   0.5 0.040132761 0.015687685 0.06610004 0.05959577 0.01581994 0.06126485
2   1.0 0.008551966 0.009828065 0.01468697 0.01711779 0.00000000 0.00000000
3   2.0 0.017795170 0.018828673 0.02561234 0.02423075 0.01486852 0.02724751
          oe         te
1 0.03905981 0.01648655
2 0.00000000 0.01711779
3 0.01693641 0.02656244



[1] "Total run time was 345.545 seconds"
