WARNING: ignoring environment value of R_HOME

Attaching package: ‘dplyr’

The following objects are masked from ‘package:stats’:

    filter, lag

The following objects are masked from ‘package:base’:

    intersect, setdiff, setequal, union

Loading required package: splines
Loading required package: foreach
Loaded gam 1.20.2

Super Learner
Version: 2.0-28
Package created on 2021-05-04

Loading required package: lattice
Loading required package: ggplot2
Loading required package: Matrix
Loaded glmnet 4.1-7
Loading required package: Formula
Loading required package: plotmo
Loading required package: plotrix
Loading required package: TeachingDemos
Loaded gbm 2.1.8.1

Attaching package: ‘xgboost’

The following object is masked from ‘package:dplyr’:

    slice

[1] "[Simulation setting]"
[1] "m: 500"
[1] "deltas: 0.5, 1, 2"
[1] "Sim.id 1"
[1] "Data generated"
[1] "Proposed & IPW estimators"
[1] "   Split: 1"
[1] "   Split: 2"
[1] "Estimates and SE estimates computed"
[1] ""
[[1]]
[[1]]$pro.p
[[1]]$pro.p$est
  delta        mu      mu_1      mu_0         de        se_1         se_0
1   0.5 0.4174493 0.2506469 0.5582639 -0.3076169  0.01081974  0.008729513
2   1.0 0.3574400 0.2398272 0.5495344 -0.3097072  0.00000000  0.000000000
3   2.0 0.2847982 0.2092584 0.5265223 -0.3172639 -0.03056881 -0.023012082
           oe         te
1  0.06000937 -0.2988874
2  0.00000000 -0.3097072
3 -0.07264176 -0.3402760

[[1]]$pro.p$se
  delta         mu       mu_1       mu_0         de       se_1       se_0
1   0.5 0.01672364 0.01565706 0.02321315 0.02473074 0.01382966 0.02081108
2   1.0 0.01194859 0.01101604 0.01567900 0.01404895 0.00000000 0.00000000
3   2.0 0.01787762 0.01651661 0.02562377 0.02167850 0.01170024 0.01968530
          oe         te
1 0.01505757 0.01913183
2 0.00000000 0.01404895
3 0.01323940 0.01938141


[[1]]$pro.np
[[1]]$pro.np$est
  delta        mu      mu_1      mu_0         de        se_1        se_0
1   0.5 0.4196793 0.2694090 0.5417220 -0.2723130  0.02168009  0.02067304
2   1.0 0.3542548 0.2477289 0.5210489 -0.2733200  0.00000000  0.00000000
3   2.0 0.2971877 0.2270077 0.5085708 -0.2815631 -0.02072124 -0.01247819
           oe         te
1  0.06542452 -0.2516399
2  0.00000000 -0.2733200
3 -0.05706706 -0.2940413

[[1]]$pro.np$se
  delta         mu       mu_1       mu_0         de       se_1       se_0
1   0.5 0.01448260 0.01531923 0.01944942 0.02259487 0.01264688 0.01625011
2   1.0 0.01226262 0.01113715 0.01552166 0.01281243 0.00000000 0.00000000
3   2.0 0.01937232 0.01839100 0.02475160 0.02035001 0.01327059 0.01856071
          oe         te
1 0.01126907 0.01745884
2 0.00000000 0.01281243
3 0.01432220 0.01982058


[[1]]$ipw.p
[[1]]$ipw.p$est
  delta        mu      mu_1      mu_0         de        se_1        se_0
1   0.5 0.4667382 0.2628316 0.6333657 -0.3705341  0.02299199  0.07557071
2   1.0 0.3604760 0.2398396 0.5577950 -0.3179554  0.00000000  0.00000000
3   2.0 0.2784648 0.2049914 0.5147965 -0.3098051 -0.03484822 -0.04299847
           oe         te
1  0.10626226 -0.2949634
2  0.00000000 -0.3179554
3 -0.08201114 -0.3528036

[[1]]$ipw.p$se
  delta          mu       mu_1       mu_0         de       se_1       se_0
1   0.5 0.042725301 0.02204346 0.06349467 0.05211039 0.02238292 0.05838524
2   1.0 0.009195252 0.01046118 0.01565012 0.01823893 0.00000000 0.00000000
3   2.0 0.018311193 0.01821307 0.02742683 0.02355442 0.01312471 0.02909978
          oe         te
1 0.04152397 0.02258565
2 0.00000000 0.01823893
3 0.01674224 0.02619913


[[1]]$ipw.np
[[1]]$ipw.np$est
  delta        mu      mu_1      mu_0         de        se_1        se_0
1   0.5 0.4940740 0.2823315 0.6638507 -0.3815192  0.03622716  0.12279903
2   1.0 0.3604746 0.2461044 0.5410517 -0.2949473  0.00000000  0.00000000
3   2.0 0.2844724 0.2144638 0.5006990 -0.2862352 -0.03164061 -0.04035266
          oe         te
1  0.1335995 -0.2587201
2  0.0000000 -0.2949473
3 -0.0760022 -0.3265879

[[1]]$ipw.np$se
  delta          mu       mu_1       mu_0         de       se_1       se_0
1   0.5 0.054149655 0.02697712 0.08028148 0.06349867 0.02735031 0.07584226
2   1.0 0.009208142 0.01074490 0.01535703 0.01809661 0.00000000 0.00000000
3   2.0 0.019407770 0.01989795 0.02699002 0.02298494 0.01460265 0.02865815
          oe         te
1 0.05312973 0.02680252
2 0.00000000 0.01809661
3 0.01774111 0.02724648



[1] "Total run time was 326.324 seconds"
