WARNING: ignoring environment value of R_HOME

Attaching package: ‘dplyr’

The following objects are masked from ‘package:stats’:

    filter, lag

The following objects are masked from ‘package:base’:

    intersect, setdiff, setequal, union

Loading required package: splines
Loading required package: foreach
Loaded gam 1.20.2

Super Learner
Version: 2.0-28
Package created on 2021-05-04

Loading required package: lattice
Loading required package: ggplot2
Loading required package: Matrix
Loaded glmnet 4.1-7
Loading required package: Formula
Loading required package: plotmo
Loading required package: plotrix
Loading required package: TeachingDemos
Loaded gbm 2.1.8.1

Attaching package: ‘xgboost’

The following object is masked from ‘package:dplyr’:

    slice

[1] "[Simulation setting]"
[1] "m: 500"
[1] "deltas: 0.5, 1, 2"
[1] "Sim.id 1"
[1] "Data generated"
[1] "Proposed & IPW estimators"
[1] "   Split: 1"
[1] "   Split: 2"
[1] "Estimates and SE estimates computed"
[1] ""
[[1]]
[[1]]$pro.p
[[1]]$pro.p$est
  delta        mu      mu_1      mu_0         de        se_1        se_0
1   0.5 0.4291106 0.2448762 0.5782275 -0.3333513  0.02232818  0.03440752
2   1.0 0.3455283 0.2225481 0.5438200 -0.3212719  0.00000000  0.00000000
3   2.0 0.2487382 0.1732088 0.4989995 -0.3257907 -0.04933930 -0.04482054
           oe         te
1  0.08358222 -0.2989438
2  0.00000000 -0.3212719
3 -0.09679015 -0.3706113

[[1]]$pro.p$se
  delta         mu       mu_1       mu_0         de       se_1       se_0
1   0.5 0.01958883 0.01366198 0.02780424 0.02552325 0.01185283 0.02533992
2   1.0 0.01147345 0.01034781 0.01571464 0.01420858 0.00000000 0.00000000
3   2.0 0.02262828 0.02340998 0.02865427 0.02868891 0.01934750 0.02266215
          oe         te
1 0.01776526 0.01763241
2 0.00000000 0.01420858
3 0.01851651 0.02546492


[[1]]$pro.np
[[1]]$pro.np$est
  delta        mu      mu_1      mu_0         de        se_1        se_0
1   0.5 0.4203358 0.2543778 0.5499017 -0.2955239  0.01897094  0.02884283
2   1.0 0.3478781 0.2354069 0.5210589 -0.2856520  0.00000000  0.00000000
3   2.0 0.2597067 0.1877138 0.4847875 -0.2970737 -0.04769305 -0.03627137
           oe        te
1  0.07245769 -0.266681
2  0.00000000 -0.285652
3 -0.08817137 -0.333345

[[1]]$pro.np$se
  delta         mu       mu_1       mu_0         de       se_1       se_0
1   0.5 0.01517458 0.01335349 0.02061507 0.02127754 0.01119753 0.01799643
2   1.0 0.01178604 0.01070538 0.01507669 0.01270199 0.00000000 0.00000000
3   2.0 0.02441778 0.02541679 0.02678566 0.02574390 0.02116450 0.02045159
          oe         te
1 0.01284081 0.01646781
2 0.00000000 0.01270199
3 0.01997285 0.02589344


[[1]]$ipw.p
[[1]]$ipw.p$est
  delta        mu      mu_1      mu_0         de        se_1        se_0
1   0.5 0.4900337 0.2662879 0.6667313 -0.4004433  0.04062308  0.11724579
2   1.0 0.3501101 0.2256649 0.5494855 -0.3238206  0.00000000  0.00000000
3   2.0 0.2855170 0.2151481 0.5105108 -0.2953627 -0.01051680 -0.03897471
           oe         te
1  0.13992362 -0.2831976
2  0.00000000 -0.3238206
3 -0.06459313 -0.3343374

[[1]]$ipw.p$se
  delta          mu        mu_1       mu_0         de       se_1       se_0
1   0.5 0.058471739 0.019449532 0.09184838 0.07794843 0.02012250 0.08794176
2   1.0 0.008728199 0.009743992 0.01497125 0.01720130 0.00000000 0.00000000
3   2.0 0.020693336 0.023205585 0.02549990 0.02780720 0.01866839 0.02711068
          oe        te
1 0.05740104 0.0193165
2 0.00000000 0.0172013
3 0.01941409 0.0302751


[[1]]$ipw.np
[[1]]$ipw.np$est
  delta        mu      mu_1      mu_0         de         se_1        se_0
1   0.5 0.4766838 0.2694199 0.6355038 -0.3660839  0.037833252  0.10016040
2   1.0 0.3507208 0.2315867 0.5353434 -0.3037568  0.000000000  0.00000000
3   2.0 0.2894317 0.2222061 0.4979298 -0.2757237 -0.009380533 -0.03741358
           oe         te
1  0.12596298 -0.2659235
2  0.00000000 -0.3037568
3 -0.06128913 -0.3131373

[[1]]$ipw.np$se
  delta         mu       mu_1       mu_0         de       se_1       se_0
1   0.5 0.05416678 0.01920290 0.08349972 0.07004781 0.01994691 0.07959978
2   1.0 0.00877768 0.01004298 0.01468735 0.01708687 0.00000000 0.00000000
3   2.0 0.02141210 0.02421128 0.02524501 0.02734459 0.01930674 0.02672377
          oe         te
1 0.05310175 0.01894526
2 0.00000000 0.01708687
3 0.01993306 0.03085268



[1] "Total run time was 279.028 seconds"
