WARNING: ignoring environment value of R_HOME

Attaching package: ‘dplyr’

The following objects are masked from ‘package:stats’:

    filter, lag

The following objects are masked from ‘package:base’:

    intersect, setdiff, setequal, union

Loading required package: splines
Loading required package: foreach
Loaded gam 1.20.2

Super Learner
Version: 2.0-28
Package created on 2021-05-04

Loading required package: lattice
Loading required package: ggplot2
Loading required package: Matrix
Loaded glmnet 4.1-7
Loading required package: Formula
Loading required package: plotmo
Loading required package: plotrix
Loading required package: TeachingDemos
Loaded gbm 2.1.8.1

Attaching package: ‘xgboost’

The following object is masked from ‘package:dplyr’:

    slice

[1] "[Simulation setting]"
[1] "m: 500"
[1] "deltas: 0.5, 1, 2"
[1] "Sim.id 1"
[1] "Data generated"
[1] "Proposed & IPW estimators"
[1] "   Split: 1"
[1] "   Split: 2"
[1] "Estimates and SE estimates computed"
[1] ""
[[1]]
[[1]]$pro.p
[[1]]$pro.p$est
  delta        mu      mu_1      mu_0         de         se_1        se_0
1   0.5 0.4001514 0.2196037 0.5510434 -0.3314397  0.004218329  0.01187513
2   1.0 0.3375665 0.2153854 0.5391682 -0.3237829  0.000000000  0.00000000
3   2.0 0.2553066 0.1738715 0.5241848 -0.3503133 -0.041513877 -0.01498341
           oe         te
1  0.06258497 -0.3195645
2  0.00000000 -0.3237829
3 -0.08225989 -0.3652967

[[1]]$pro.p$se
  delta         mu       mu_1       mu_0         de       se_1       se_0
1   0.5 0.01462458 0.01389045 0.02103239 0.02263475 0.01139039 0.01669253
2   1.0 0.01152552 0.01087649 0.01611808 0.01472855 0.00000000 0.00000000
3   2.0 0.02634086 0.02627942 0.02873294 0.02361455 0.02181204 0.02293478
          oe         te
1 0.01184117 0.01767597
2 0.00000000 0.01472855
3 0.02203943 0.02813181


[[1]]$pro.np
[[1]]$pro.np$est
  delta        mu      mu_1      mu_0         de         se_1        se_0
1   0.5 0.3963123 0.2320882 0.5282229 -0.2961347  0.004488457  0.01308257
2   1.0 0.3394006 0.2275997 0.5151403 -0.2875406  0.000000000  0.00000000
3   2.0 0.2688076 0.1938600 0.5041628 -0.3103028 -0.033739722 -0.01097753
           oe         te
1  0.05691171 -0.2830522
2  0.00000000 -0.2875406
3 -0.07059295 -0.3212803

[[1]]$pro.np$se
  delta         mu       mu_1       mu_0         de       se_1       se_0
1   0.5 0.01396432 0.01263182 0.02022696 0.02135062 0.01019298 0.01604022
2   1.0 0.01183928 0.01115483 0.01608211 0.01381572 0.00000000 0.00000000
3   2.0 0.02634486 0.02679277 0.02731376 0.02354325 0.02196721 0.02118528
          oe         te
1 0.01124751 0.01644952
2 0.00000000 0.01381572
3 0.02175477 0.02793417


[[1]]$ipw.p
[[1]]$ipw.p$est
  delta        mu      mu_1      mu_0         de         se_1         se_0
1   0.5 0.3940958 0.2199857 0.5406427 -0.3206570  0.006579945  0.011590657
2   1.0 0.3320340 0.2134057 0.5290521 -0.3156463  0.000000000  0.000000000
3   2.0 0.2716947 0.1959096 0.5234852 -0.3275757 -0.017496150 -0.005566811
           oe         te
1  0.06206180 -0.3090664
2  0.00000000 -0.3156463
3 -0.06033929 -0.3331425

[[1]]$ipw.p$se
  delta          mu        mu_1       mu_0         de       se_1       se_0
1   0.5 0.030829538 0.014159582 0.05018411 0.04550772 0.01426623 0.04540648
2   1.0 0.008640015 0.009898609 0.01479158 0.01717625 0.00000000 0.00000000
3   2.0 0.019093146 0.018939286 0.02930303 0.02471152 0.01475221 0.03032358
          oe         te
1 0.02983515 0.01646460
2 0.00000000 0.01717625
3 0.01777208 0.02619593


[[1]]$ipw.np
[[1]]$ipw.np$est
  delta        mu      mu_1      mu_0         de         se_1         se_0
1   0.5 0.3905428 0.2278628 0.5215322 -0.2936694  0.007845895  0.010768814
2   1.0 0.3323566 0.2200169 0.5107634 -0.2907464  0.000000000  0.000000000
3   2.0 0.2754067 0.2031017 0.5038677 -0.3007660 -0.016915224 -0.006895651
           oe         te
1  0.05818620 -0.2829006
2  0.00000000 -0.2907464
3 -0.05694984 -0.3076617

[[1]]$ipw.np$se
  delta          mu       mu_1       mu_0         de       se_1       se_0
1   0.5 0.030098009 0.01458415 0.04762689 0.04253110 0.01474751 0.04295709
2   1.0 0.008669081 0.01018101 0.01441716 0.01695943 0.00000000 0.00000000
3   2.0 0.020506112 0.02087763 0.02856037 0.02331265 0.01695380 0.02957860
          oe         te
1 0.02913653 0.01654204
2 0.00000000 0.01695943
3 0.01929268 0.02743755



[1] "Total run time was 199.176 seconds"
