WARNING: ignoring environment value of R_HOME

Attaching package: ‘dplyr’

The following objects are masked from ‘package:stats’:

    filter, lag

The following objects are masked from ‘package:base’:

    intersect, setdiff, setequal, union

Loading required package: splines
Loading required package: foreach
Loaded gam 1.20.2

Super Learner
Version: 2.0-28
Package created on 2021-05-04

Loading required package: lattice
Loading required package: ggplot2
Loading required package: Matrix
Loaded glmnet 4.1-7
Loading required package: Formula
Loading required package: plotmo
Loading required package: plotrix
Loading required package: TeachingDemos
Loaded gbm 2.1.8.1

Attaching package: ‘xgboost’

The following object is masked from ‘package:dplyr’:

    slice

[1] "[Simulation setting]"
[1] "m: 500"
[1] "deltas: 0.5, 1, 2"
[1] "Sim.id 1"
[1] "Data generated"
[1] "Proposed & IPW estimators"
[1] "   Split: 1"
[1] "   Split: 2"
[1] "Estimates and SE estimates computed"
[1] ""
[[1]]
[[1]]$pro.p
[[1]]$pro.p$est
  delta        mu      mu_1      mu_0         de        se_1        se_0
1   0.5 0.4171446 0.2449525 0.5559147 -0.3109622  0.02704886  0.01669414
2   1.0 0.3407983 0.2179036 0.5392206 -0.3213169  0.00000000  0.00000000
3   2.0 0.2583852 0.1818795 0.5082571 -0.3263776 -0.03602412 -0.03096348
           oe         te
1  0.07634628 -0.2942681
2  0.00000000 -0.3213169
3 -0.08241310 -0.3573410

[[1]]$pro.p$se
  delta         mu       mu_1       mu_0         de       se_1       se_0
1   0.5 0.01582917 0.01356574 0.02119649 0.02037641 0.01129897 0.01642454
2   1.0 0.01108545 0.01002399 0.01559602 0.01426833 0.00000000 0.00000000
3   2.0 0.01827423 0.01769846 0.02446386 0.02253414 0.01351261 0.01849024
          oe         te
1 0.01256920 0.01715384
2 0.00000000 0.01426833
3 0.01440382 0.02109611


[[1]]$pro.np
[[1]]$pro.np$est
  delta        mu      mu_1      mu_0         de       se_1         se_0
1   0.5 0.4017986 0.2476667 0.5214264 -0.2737597  0.0187555  0.006647761
2   1.0 0.3413871 0.2289112 0.5147786 -0.2858674  0.0000000  0.000000000
3   2.0 0.2717980 0.2011418 0.4930292 -0.2918874 -0.0277694 -0.021749416
           oe         te
1  0.06041144 -0.2671119
2  0.00000000 -0.2858674
3 -0.06958915 -0.3136368

[[1]]$pro.np$se
  delta         mu       mu_1       mu_0         de       se_1       se_0
1   0.5 0.01413846 0.01305344 0.01782756 0.01722279 0.01032213 0.01344659
2   1.0 0.01117078 0.01009240 0.01483576 0.01281946 0.00000000 0.00000000
3   2.0 0.01748477 0.01670648 0.02289561 0.01983009 0.01218721 0.01628283
          oe         te
1 0.01043807 0.01596096
2 0.00000000 0.01281946
3 0.01288823 0.01856603


[[1]]$ipw.p
[[1]]$ipw.p$est
  delta        mu      mu_1      mu_0         de        se_1        se_0
1   0.5 0.3872080 0.2338440 0.5103770 -0.2765330  0.01758870 -0.02599595
2   1.0 0.3378910 0.2162553 0.5363730 -0.3201177  0.00000000  0.00000000
3   2.0 0.2435066 0.1684321 0.4914252 -0.3229930 -0.04782319 -0.04494781
           oe         te
1  0.04931708 -0.3025290
2  0.00000000 -0.3201177
3 -0.09438437 -0.3679408

[[1]]$ipw.p$se
  delta          mu        mu_1       mu_0         de       se_1       se_0
1   0.5 0.030953759 0.016522494 0.04571940 0.03680691 0.01632022 0.04035229
2   1.0 0.008658687 0.009156045 0.01518894 0.01667751 0.00000000 0.00000000
3   2.0 0.015451851 0.015956403 0.02449721 0.02331880 0.01209195 0.02492791
          oe         te
1 0.02932887 0.01790545
2 0.00000000 0.01667751
3 0.01444698 0.02382073


[[1]]$ipw.np
[[1]]$ipw.np$est
  delta        mu      mu_1      mu_0         de        se_1        se_0
1   0.5 0.3790453 0.2366541 0.4895719 -0.2529178  0.01529817 -0.03367762
2   1.0 0.3384544 0.2213559 0.5232495 -0.3018936  0.00000000  0.00000000
3   2.0 0.2454819 0.1716720 0.4802543 -0.3085822 -0.04968386 -0.04299519
           oe         te
1  0.04059089 -0.2865954
2  0.00000000 -0.3018936
3 -0.09297250 -0.3515774

[[1]]$ipw.np$se
  delta          mu        mu_1       mu_0         de       se_1       se_0
1   0.5 0.029526176 0.016359676 0.04278698 0.03434861 0.01619522 0.03753818
2   1.0 0.008701834 0.009389793 0.01488598 0.01652608 0.00000000 0.00000000
3   2.0 0.015353882 0.015907987 0.02394241 0.02277745 0.01184961 0.02429373
          oe         te
1 0.02793543 0.01768996
2 0.00000000 0.01652608
3 0.01426043 0.02353164



[1] "Total run time was 340.82 seconds"
