WARNING: ignoring environment value of R_HOME

Attaching package: ‘dplyr’

The following objects are masked from ‘package:stats’:

    filter, lag

The following objects are masked from ‘package:base’:

    intersect, setdiff, setequal, union

Loading required package: splines
Loading required package: foreach
Loaded gam 1.20.2

Super Learner
Version: 2.0-28
Package created on 2021-05-04

Loading required package: lattice
Loading required package: ggplot2
Loading required package: Matrix
Loaded glmnet 4.1-7
Loading required package: Formula
Loading required package: plotmo
Loading required package: plotrix
Loading required package: TeachingDemos
Loaded gbm 2.1.8.1

Attaching package: ‘xgboost’

The following object is masked from ‘package:dplyr’:

    slice

[1] "[Simulation setting]"
[1] "m: 500"
[1] "deltas: 0.5, 1, 2"
[1] "Sim.id 1"
[1] "Data generated"
[1] "Proposed & IPW estimators"
[1] "   Split: 1"
[1] "   Split: 2"
[1] "Estimates and SE estimates computed"
[1] ""
[[1]]
[[1]]$pro.p
[[1]]$pro.p$est
  delta        mu      mu_1      mu_0         de        se_1        se_0
1   0.5 0.4554463 0.2646884 0.6140999 -0.3494115  0.04542672  0.06259597
2   1.0 0.3428954 0.2192617 0.5515040 -0.3322423  0.00000000  0.00000000
3   2.0 0.2334791 0.1616090 0.4875341 -0.3259251 -0.05765265 -0.06396985
          oe         te
1  0.1125509 -0.2868156
2  0.0000000 -0.3322423
3 -0.1094162 -0.3898949

[[1]]$pro.p$se
  delta         mu       mu_1       mu_0         de       se_1       se_0
1   0.5 0.01570694 0.01318194 0.02023807 0.01835800 0.01051995 0.01668579
2   1.0 0.01176832 0.01040522 0.01634324 0.01390582 0.00000000 0.00000000
3   2.0 0.02211859 0.02077222 0.02774874 0.02224674 0.01712418 0.02107456
          oe         te
1 0.01250807 0.01659452
2 0.00000000 0.01390582
3 0.01848477 0.02330609


[[1]]$pro.np
[[1]]$pro.np$est
  delta        mu      mu_1      mu_0         de        se_1        se_0
1   0.5 0.4479803 0.2792219 0.5850063 -0.3057844  0.04642156  0.05686128
2   1.0 0.3447678 0.2328003 0.5281450 -0.2953447  0.00000000  0.00000000
3   2.0 0.2417766 0.1751168 0.4711341 -0.2960174 -0.05768357 -0.05701091
          oe         te
1  0.1032125 -0.2489231
2  0.0000000 -0.2953447
3 -0.1029912 -0.3530283

[[1]]$pro.np$se
  delta         mu       mu_1       mu_0         de       se_1       se_0
1   0.5 0.01837005 0.01543741 0.02256308 0.01697155 0.01250407 0.01905836
2   1.0 0.01180862 0.01062462 0.01531103 0.01261435 0.00000000 0.00000000
3   2.0 0.02663637 0.02635852 0.02787565 0.02317148 0.02255259 0.02186823
          oe         te
1 0.01505769 0.01651121
2 0.00000000 0.01261435
3 0.02295833 0.02769075


[[1]]$ipw.p
[[1]]$ipw.p$est
  delta        mu      mu_1      mu_0         de       se_1       se_0
1   0.5 0.4852364 0.2791876 0.6554091 -0.3762215  0.0437075  0.0816821
2   1.0 0.3625612 0.2354801 0.5737270 -0.3382469  0.0000000  0.0000000
3   2.0 0.2822704 0.2011125 0.5488856 -0.3477731 -0.0343676 -0.0248414
           oe         te
1  0.12267523 -0.2945394
2  0.00000000 -0.3382469
3 -0.08029084 -0.3726145

[[1]]$ipw.p$se
  delta          mu        mu_1       mu_0         de       se_1       se_0
1   0.5 0.067981175 0.026431482 0.10399166 0.08187236 0.02637389 0.10033140
2   1.0 0.008744987 0.009244268 0.01500693 0.01615961 0.00000000 0.00000000
3   2.0 0.019891723 0.019665271 0.02842901 0.02297930 0.01647809 0.02961834
          oe         te
1 0.06690313 0.02531341
2 0.00000000 0.01615961
3 0.01903723 0.02675548


[[1]]$ipw.np
[[1]]$ipw.np$est
  delta        mu      mu_1      mu_0         de        se_1        se_0
1   0.5 0.4903582 0.2842399 0.6561448 -0.3719048  0.04399053  0.09548549
2   1.0 0.3629538 0.2402494 0.5606593 -0.3204099  0.00000000  0.00000000
3   2.0 0.2844443 0.2046695 0.5386819 -0.3340124 -0.03557989 -0.02197735
           oe         te
1  0.12740439 -0.2764194
2  0.00000000 -0.3204099
3 -0.07850942 -0.3559898

[[1]]$ipw.np$se
  delta          mu        mu_1       mu_0         de       se_1      se_0
1   0.5 0.076027366 0.028282562 0.11694182 0.09276141 0.02829731 0.1136810
2   1.0 0.008796658 0.009457288 0.01469265 0.01592216 0.00000000 0.0000000
3   2.0 0.020078171 0.019768467 0.02838224 0.02244503 0.01643483 0.0293989
          oe         te
1 0.07508172 0.02708227
2 0.00000000 0.01592216
3 0.01910317 0.02651243



[1] "Total run time was 367.725 seconds"
