WARNING: ignoring environment value of R_HOME

Attaching package: ‘dplyr’

The following objects are masked from ‘package:stats’:

    filter, lag

The following objects are masked from ‘package:base’:

    intersect, setdiff, setequal, union

Loading required package: splines
Loading required package: foreach
Loaded gam 1.20.2

Super Learner
Version: 2.0-28
Package created on 2021-05-04

Loading required package: lattice
Loading required package: ggplot2
Loading required package: Matrix
Loaded glmnet 4.1-7
Loading required package: Formula
Loading required package: plotmo
Loading required package: plotrix
Loading required package: TeachingDemos
Loaded gbm 2.1.8.1

Attaching package: ‘xgboost’

The following object is masked from ‘package:dplyr’:

    slice

[1] "[Simulation setting]"
[1] "m: 500"
[1] "deltas: 0.5, 1, 2"
[1] "Sim.id 1"
[1] "Data generated"
[1] "Proposed & IPW estimators"
[1] "   Split: 1"
[1] "   Split: 2"
[1] "Estimates and SE estimates computed"
[1] ""
[[1]]
[[1]]$pro.p
[[1]]$pro.p$est
  delta        mu      mu_1      mu_0         de        se_1        se_0
1   0.5 0.4507575 0.2593590 0.6085188 -0.3491599  0.03429552  0.04365908
2   1.0 0.3525906 0.2250634 0.5648598 -0.3397963  0.00000000  0.00000000
3   2.0 0.2799446 0.2066765 0.5257916 -0.3191151 -0.01838691 -0.03906813
           oe         te
1  0.09816683 -0.3055008
2  0.00000000 -0.3397963
3 -0.07264600 -0.3581832

[[1]]$pro.p$se
  delta         mu       mu_1       mu_0         de       se_1       se_0
1   0.5 0.01461368 0.01287211 0.01885843 0.01808923 0.01014295 0.01507102
2   1.0 0.01137428 0.01046709 0.01563435 0.01452775 0.00000000 0.00000000
3   2.0 0.01933307 0.01976607 0.02468444 0.02480792 0.01555982 0.01838140
          oe         te
1 0.01114266 0.01599396
2 0.00000000 0.01452775
3 0.01595357 0.02352419


[[1]]$pro.np
[[1]]$pro.np$est
  delta        mu      mu_1      mu_0         de         se_1        se_0
1   0.5 0.4438997 0.2711143 0.5774919 -0.3063776  0.033726524  0.04340681
2   1.0 0.3538528 0.2373878 0.5340851 -0.2966973  0.000000000  0.00000000
3   2.0 0.2972885 0.2348178 0.4879246 -0.2531068 -0.002569984 -0.04616049
           oe         te
1  0.09004690 -0.2629708
2  0.00000000 -0.2966973
3 -0.05656433 -0.2992673

[[1]]$pro.np$se
  delta         mu       mu_1       mu_0         de      se_1       se_0
1   0.5 0.01397946 0.01253878 0.01790586 0.01703518 0.0092305 0.01388907
2   1.0 0.01173565 0.01083192 0.01528709 0.01312282 0.0000000 0.00000000
3   2.0 0.02538319 0.02657387 0.02458850 0.02477490 0.0219854 0.01885259
          oe         te
1 0.01039867 0.01441293
2 0.00000000 0.01312282
3 0.02167994 0.02847132


[[1]]$ipw.p
[[1]]$ipw.p$est
  delta        mu      mu_1      mu_0         de        se_1        se_0
1   0.5 0.4029928 0.2469616 0.5313570 -0.2843954  0.01697775 -0.03319133
2   1.0 0.3567043 0.2299838 0.5645483 -0.3345645  0.00000000  0.00000000
3   2.0 0.2725040 0.1915455 0.5388118 -0.3472663 -0.03843832 -0.02573650
           oe         te
1  0.04628848 -0.3175867
2  0.00000000 -0.3345645
3 -0.08420038 -0.3730028

[[1]]$ipw.p$se
  delta          mu        mu_1       mu_0         de       se_1       se_0
1   0.5 0.028113574 0.016535384 0.04157778 0.03364350 0.01652117 0.03586369
2   1.0 0.008445435 0.009676957 0.01489459 0.01735791 0.00000000 0.00000000
3   2.0 0.017170402 0.016823951 0.02856510 0.02526082 0.01217371 0.02978918
          oe         te
1 0.02651555 0.01734739
2 0.00000000 0.01735791
3 0.01595747 0.02483456


[[1]]$ipw.np
[[1]]$ipw.np$est
  delta        mu      mu_1      mu_0         de        se_1        se_0
1   0.5 0.4101638 0.2590613 0.5322849 -0.2732236  0.02362468 -0.01652747
2   1.0 0.3564907 0.2354366 0.5488123 -0.3133757  0.00000000  0.00000000
3   2.0 0.2729903 0.1956179 0.5176919 -0.3220740 -0.03981871 -0.03112043
           oe         te
1  0.05367313 -0.2897510
2  0.00000000 -0.3133757
3 -0.08350043 -0.3531944

[[1]]$ipw.np$se
  delta          mu        mu_1       mu_0         de       se_1       se_0
1   0.5 0.028208215 0.017131065 0.04120239 0.03322273 0.01716161 0.03543037
2   1.0 0.008466878 0.009929141 0.01467200 0.01726065 0.00000000 0.00000000
3   2.0 0.017345374 0.017476680 0.02718694 0.02420746 0.01262308 0.02844571
          oe         te
1 0.02663724 0.01759240
2 0.00000000 0.01726065
3 0.01603922 0.02511994



[1] "Total run time was 334.385 seconds"
