WARNING: ignoring environment value of R_HOME

Attaching package: ‘dplyr’

The following objects are masked from ‘package:stats’:

    filter, lag

The following objects are masked from ‘package:base’:

    intersect, setdiff, setequal, union

Loading required package: splines
Loading required package: foreach
Loaded gam 1.20.2

Super Learner
Version: 2.0-28
Package created on 2021-05-04

Loading required package: lattice
Loading required package: ggplot2
Loading required package: Matrix
Loaded glmnet 4.1-7
Loading required package: Formula
Loading required package: plotmo
Loading required package: plotrix
Loading required package: TeachingDemos
Loaded gbm 2.1.8.1

Attaching package: ‘xgboost’

The following object is masked from ‘package:dplyr’:

    slice

[1] "[Simulation setting]"
[1] "m: 500"
[1] "deltas: 0.5, 1, 2"
[1] "Sim.id 1"
[1] "Data generated"
[1] "Proposed & IPW estimators"
[1] "   Split: 1"
[1] "   Split: 2"
[1] "Estimates and SE estimates computed"
[1] ""
[[1]]
[[1]]$pro.p
[[1]]$pro.p$est
  delta        mu      mu_1      mu_0         de       se_1        se_0
1   0.5 0.4294004 0.2409825 0.5880014 -0.3470188 0.01569116  0.04858251
2   1.0 0.3428251 0.2252914 0.5394189 -0.3141275 0.00000000  0.00000000
3   2.0 0.3190686 0.2545267 0.5258543 -0.2713275 0.02923539 -0.01356460
           oe         te
1  0.08657529 -0.2984363
2  0.00000000 -0.3141275
3 -0.02375652 -0.2848921

[[1]]$pro.p$se
  delta         mu       mu_1       mu_0         de       se_1      se_0
1   0.5 0.01790034 0.01436432 0.02360024 0.02037925 0.01249577 0.0192486
2   1.0 0.01202564 0.01103548 0.01608597 0.01404411 0.00000000 0.0000000
3   2.0 0.02785565 0.02907347 0.03090126 0.02811957 0.02359997 0.0240862
          oe         te
1 0.01492746 0.01685904
2 0.00000000 0.01404411
3 0.02267378 0.02935649


[[1]]$pro.np
[[1]]$pro.np$est
  delta        mu      mu_1      mu_0         de       se_1         se_0
1   0.5 0.4174627 0.2472810 0.5544446 -0.3071636 0.01419080  0.035732284
2   1.0 0.3446499 0.2330902 0.5187123 -0.2856221 0.00000000  0.000000000
3   2.0 0.3328571 0.2685445 0.5168343 -0.2482898 0.03545432 -0.001878066
           oe         te
1  0.07281287 -0.2714313
2  0.00000000 -0.2856221
3 -0.01179278 -0.2501678

[[1]]$pro.np$se
  delta         mu       mu_1       mu_0         de       se_1       se_0
1   0.5 0.01557238 0.01266157 0.02089153 0.01883606 0.01021811 0.01699957
2   1.0 0.01235670 0.01156611 0.01540872 0.01245255 0.00000000 0.00000000
3   2.0 0.03234537 0.03416985 0.03077182 0.02700022 0.02813604 0.02379583
          oe         te
1 0.01264685 0.01467566
2 0.00000000 0.01245255
3 0.02654580 0.03268596


[[1]]$ipw.p
[[1]]$ipw.p$est
  delta        mu      mu_1      mu_0         de       se_1         se_0
1   0.5 0.4614854 0.2534190 0.6376949 -0.3842759 0.02850419  0.099992321
2   1.0 0.3416602 0.2249148 0.5377026 -0.3127877 0.00000000  0.000000000
3   2.0 0.3099545 0.2444432 0.5283584 -0.2839152 0.01952838 -0.009344205
           oe         te
1  0.11982523 -0.2842836
2  0.00000000 -0.3127877
3 -0.03170567 -0.2932594

[[1]]$ipw.p$se
  delta          mu       mu_1       mu_0         de       se_1       se_0
1   0.5 0.040757330 0.01898893 0.06287235 0.05113554 0.01965931 0.05717569
2   1.0 0.009208018 0.01055832 0.01523751 0.01759638 0.00000000 0.00000000
3   2.0 0.028700351 0.03221544 0.03023931 0.03134865 0.02708868 0.03140802
          oe         te
1 0.03937671 0.01842467
2 0.00000000 0.01759638
3 0.02641815 0.03761539


[[1]]$ipw.np
[[1]]$ipw.np$est
  delta        mu      mu_1      mu_0         de       se_1         se_0
1   0.5 0.4545508 0.2586775 0.6150191 -0.3563416 0.02678085  0.093943672
2   1.0 0.3424906 0.2318967 0.5210754 -0.2891787 0.00000000  0.000000000
3   2.0 0.3181644 0.2565809 0.5141987 -0.2576178 0.02468423 -0.006876709
           oe         te
1  0.11206021 -0.2623979
2  0.00000000 -0.2891787
3 -0.02432622 -0.2644945

[[1]]$ipw.np$se
  delta          mu       mu_1       mu_0         de       se_1       se_0
1   0.5 0.039909065 0.01902209 0.06060798 0.04921059 0.01982138 0.05507009
2   1.0 0.009262261 0.01092778 0.01488321 0.01747451 0.00000000 0.00000000
3   2.0 0.030352112 0.03470569 0.02982352 0.03215162 0.02942230 0.03091061
          oe         te
1 0.03859496 0.01830461
2 0.00000000 0.01747451
3 0.02802562 0.03966253



[1] "Total run time was 278.184 seconds"
