WARNING: ignoring environment value of R_HOME

Attaching package: ‘dplyr’

The following objects are masked from ‘package:stats’:

    filter, lag

The following objects are masked from ‘package:base’:

    intersect, setdiff, setequal, union

Loading required package: splines
Loading required package: foreach
Loaded gam 1.20.2

Super Learner
Version: 2.0-28
Package created on 2021-05-04

Loading required package: lattice
Loading required package: ggplot2
Loading required package: Matrix
Loaded glmnet 4.1-7
Loading required package: Formula
Loading required package: plotmo
Loading required package: plotrix
Loading required package: TeachingDemos
Loaded gbm 2.1.8.1

Attaching package: ‘xgboost’

The following object is masked from ‘package:dplyr’:

    slice

[1] "[Simulation setting]"
[1] "m: 500"
[1] "deltas: 0.5, 1, 2"
[1] "Sim.id 1"
[1] "Data generated"
[1] "Proposed & IPW estimators"
[1] "   Split: 1"
[1] "   Split: 2"
[1] "Estimates and SE estimates computed"
[1] ""
[[1]]
[[1]]$pro.p
[[1]]$pro.p$est
  delta        mu      mu_1      mu_0         de        se_1        se_0
1   0.5 0.4375597 0.2502901 0.5842070 -0.3339168  0.02673157  0.02169632
2   1.0 0.3545070 0.2235586 0.5625106 -0.3389521  0.00000000  0.00000000
3   2.0 0.2749552 0.1899338 0.5404058 -0.3504720 -0.03362474 -0.02210483
           oe         te
1  0.08305273 -0.3122205
2  0.00000000 -0.3389521
3 -0.07955179 -0.3725768

[[1]]$pro.p$se
  delta         mu       mu_1       mu_0         de       se_1       se_0
1   0.5 0.01569137 0.01475830 0.02119919 0.02151047 0.01187801 0.01820767
2   1.0 0.01214287 0.01107479 0.01603764 0.01411109 0.00000000 0.00000000
3   2.0 0.03127818 0.03635303 0.02647124 0.03657137 0.03279934 0.01940715
          oe         te
1 0.01329694 0.01773573
2 0.00000000 0.01411109
3 0.02713338 0.03686782


[[1]]$pro.np
[[1]]$pro.np$est
  delta        mu      mu_1      mu_0         de        se_1        se_0
1   0.5 0.4341524 0.2607165 0.5634371 -0.3027206  0.01901845  0.02760752
2   1.0 0.3594228 0.2416981 0.5358296 -0.2941315  0.00000000  0.00000000
3   2.0 0.2975776 0.2241508 0.5107252 -0.2865744 -0.01754727 -0.02510437
           oe         te
1  0.07472957 -0.2751131
2  0.00000000 -0.2941315
3 -0.06184521 -0.3116788

[[1]]$pro.np$se
  delta         mu       mu_1       mu_0         de       se_1       se_0
1   0.5 0.01425853 0.01353525 0.01851231 0.01852323 0.01008085 0.01513061
2   1.0 0.01235609 0.01123860 0.01568078 0.01264178 0.00000000 0.00000000
3   2.0 0.02895082 0.03291982 0.02602586 0.03267539 0.02946827 0.01896189
          oe         te
1 0.01095891 0.01553661
2 0.00000000 0.01264178
3 0.02476397 0.03295087


[[1]]$ipw.p
[[1]]$ipw.p$est
  delta        mu      mu_1      mu_0         de        se_1         se_0
1   0.5 0.4238238 0.2404242 0.5731303 -0.3327061  0.02009390  0.009188462
2   1.0 0.3513031 0.2203303 0.5639418 -0.3436115  0.00000000  0.000000000
3   2.0 0.2627274 0.1826545 0.5240839 -0.3414294 -0.03767579 -0.039857915
           oe         te
1  0.07252072 -0.3235176
2  0.00000000 -0.3436115
3 -0.08857575 -0.3812873

[[1]]$ipw.p$se
  delta          mu       mu_1       mu_0         de       se_1      se_0
1   0.5 0.033597861 0.01804066 0.05215681 0.04551976 0.01752143 0.0470627
2   1.0 0.008524043 0.00958437 0.01430307 0.01620665 0.00000000 0.0000000
3   2.0 0.018732101 0.01943772 0.02618929 0.02327976 0.01568995 0.0279928
          oe         te
1 0.03229014 0.01873085
2 0.00000000 0.01620665
3 0.01767009 0.02602623


[[1]]$ipw.np
[[1]]$ipw.np$est
  delta        mu     mu_1      mu_0         de        se_1        se_0
1   0.5 0.4204941 0.247242 0.5549331 -0.3076911  0.01915493  0.01211234
2   1.0 0.3520247 0.228087 0.5428207 -0.3147337  0.00000000  0.00000000
3   2.0 0.2681697 0.189983 0.5073427 -0.3173597 -0.03810409 -0.03547803
           oe         te
1  0.06846939 -0.2955787
2  0.00000000 -0.3147337
3 -0.08385494 -0.3528378

[[1]]$ipw.np$se
  delta          mu        mu_1       mu_0         de       se_1       se_0
1   0.5 0.033011800 0.018120855 0.05071256 0.04462768 0.01766131 0.04588579
2   1.0 0.008582013 0.009952043 0.01390927 0.01600502 0.00000000 0.00000000
3   2.0 0.019097476 0.019974673 0.02546720 0.02229562 0.01603203 0.02712898
          oe         te
1 0.03180420 0.01857214
2 0.00000000 0.01600502
3 0.01790474 0.02612274



[1] "Total run time was 353.829 seconds"
