WARNING: ignoring environment value of R_HOME

Attaching package: ‘dplyr’

The following objects are masked from ‘package:stats’:

    filter, lag

The following objects are masked from ‘package:base’:

    intersect, setdiff, setequal, union

Loading required package: splines
Loading required package: foreach
Loaded gam 1.20.2

Super Learner
Version: 2.0-28
Package created on 2021-05-04

Loading required package: lattice
Loading required package: ggplot2
Loading required package: Matrix
Loaded glmnet 4.1-7
Loading required package: Formula
Loading required package: plotmo
Loading required package: plotrix
Loading required package: TeachingDemos
Loaded gbm 2.1.8.1

Attaching package: ‘xgboost’

The following object is masked from ‘package:dplyr’:

    slice

[1] "[Simulation setting]"
[1] "m: 500"
[1] "deltas: 0.5, 1, 2"
[1] "Sim.id 1"
[1] "Data generated"
[1] "Proposed & IPW estimators"
[1] "   Split: 1"
[1] "   Split: 2"
[1] "Estimates and SE estimates computed"
[1] ""
[[1]]
[[1]]$pro.p
[[1]]$pro.p$est
  delta        mu      mu_1      mu_0         de        se_1        se_0
1   0.5 0.4480473 0.2490310 0.6000514 -0.3510204  0.03166343  0.04230285
2   1.0 0.3519591 0.2173676 0.5577485 -0.3403810  0.00000000  0.00000000
3   2.0 0.2679448 0.1915371 0.5082811 -0.3167439 -0.02583045 -0.04946748
           oe         te
1  0.09608821 -0.3087175
2  0.00000000 -0.3403810
3 -0.08401425 -0.3662114

[[1]]$pro.p$se
  delta         mu       mu_1       mu_0         de       se_1       se_0
1   0.5 0.01402145 0.01300829 0.01784362 0.01806744 0.01023228 0.01397976
2   1.0 0.01104597 0.01033989 0.01457264 0.01363802 0.00000000 0.00000000
3   2.0 0.01698455 0.01681787 0.02521305 0.02443633 0.01232642 0.02020178
          oe         te
1 0.01089791 0.01606292
2 0.00000000 0.01363802
3 0.01297517 0.01955887


[[1]]$pro.np
[[1]]$pro.np$est
  delta        mu      mu_1      mu_0         de        se_1        se_0
1   0.5 0.4353518 0.2645623 0.5600829 -0.2955206  0.03558000  0.03014203
2   1.0 0.3517644 0.2289823 0.5299409 -0.3009586  0.00000000  0.00000000
3   2.0 0.2708732 0.2001086 0.4820330 -0.2819244 -0.02887375 -0.04790790
           oe         te
1  0.08358735 -0.2653786
2  0.00000000 -0.3009586
3 -0.08089124 -0.3298323

[[1]]$pro.np$se
  delta         mu       mu_1       mu_0         de        se_1       se_0
1   0.5 0.01374331 0.01257971 0.01701820 0.01598149 0.009325779 0.01333524
2   1.0 0.01135472 0.01054036 0.01413181 0.01205678 0.000000000 0.00000000
3   2.0 0.01786188 0.01810484 0.02289652 0.02267655 0.013649186 0.01797699
          oe         te
1 0.01034526 0.01414890
2 0.00000000 0.01205678
3 0.01374023 0.01983736


[[1]]$ipw.p
[[1]]$ipw.p$est
  delta        mu      mu_1      mu_0         de        se_1        se_0
1   0.5 0.4247890 0.2421263 0.5670593 -0.3249330 0.025124383  0.01220738
2   1.0 0.3491185 0.2170019 0.5548519 -0.3378500 0.000000000  0.00000000
3   2.0 0.2914567 0.2201168 0.5138032 -0.2936864 0.003114874 -0.04104875
           oe         te
1  0.07567057 -0.3127256
2  0.00000000 -0.3378500
3 -0.05766174 -0.3347351

[[1]]$ipw.p$se
  delta          mu        mu_1       mu_0         de       se_1       se_0
1   0.5 0.039477080 0.016967166 0.05964350 0.05051239 0.01665231 0.05513908
2   1.0 0.008468881 0.009709226 0.01434894 0.01664388 0.00000000 0.00000000
3   2.0 0.029705310 0.034594315 0.03168907 0.03690055 0.03119629 0.03341362
          oe         te
1 0.03808805 0.01689074
2 0.00000000 0.01664388
3 0.02882077 0.03983943


[[1]]$ipw.np
[[1]]$ipw.np$est
  delta        mu      mu_1      mu_0         de        se_1        se_0
1   0.5 0.4197662 0.2480481 0.5502474 -0.3021993 0.023847787  0.01178686
2   1.0 0.3498367 0.2242003 0.5384605 -0.3142602 0.000000000  0.00000000
3   2.0 0.2995275 0.2297286 0.5074453 -0.2777167 0.005528299 -0.03101525
           oe         te
1  0.06992954 -0.2904125
2  0.00000000 -0.3142602
3 -0.05030924 -0.3087319

[[1]]$ipw.np$se
  delta          mu       mu_1       mu_0         de       se_1       se_0
1   0.5 0.038817678 0.01736410 0.05802278 0.04896662 0.01712614 0.05367882
2   1.0 0.008532631 0.01002810 0.01403236 0.01648192 0.00000000 0.00000000
3   2.0 0.029969953 0.03454159 0.03233557 0.03580603 0.03093702 0.03385348
          oe         te
1 0.03751371 0.01702350
2 0.00000000 0.01648192
3 0.02895707 0.03958959



[1] "Total run time was 245.986 seconds"
