WARNING: ignoring environment value of R_HOME

Attaching package: ‘dplyr’

The following objects are masked from ‘package:stats’:

    filter, lag

The following objects are masked from ‘package:base’:

    intersect, setdiff, setequal, union

Loading required package: splines
Loading required package: foreach
Loaded gam 1.20.2

Super Learner
Version: 2.0-28
Package created on 2021-05-04

Loading required package: lattice
Loading required package: ggplot2
Loading required package: Matrix
Loaded glmnet 4.1-7
Loading required package: Formula
Loading required package: plotmo
Loading required package: plotrix
Loading required package: TeachingDemos
Loaded gbm 2.1.8.1

Attaching package: ‘xgboost’

The following object is masked from ‘package:dplyr’:

    slice

[1] "[Simulation setting]"
[1] "m: 500"
[1] "deltas: 0.5, 1, 2"
[1] "Sim.id 1"
[1] "Data generated"
[1] "Proposed & IPW estimators"
[1] "   Split: 1"
[1] "   Split: 2"
[1] "Estimates and SE estimates computed"
[1] ""
[[1]]
[[1]]$pro.p
[[1]]$pro.p$est
  delta        mu      mu_1      mu_0         de        se_1        se_0
1   0.5 0.4350962 0.2515291 0.5785453 -0.3270162  0.02401867  0.01464967
2   1.0 0.3591692 0.2275105 0.5638957 -0.3363852  0.00000000  0.00000000
3   2.0 0.2833301 0.1969330 0.5501151 -0.3531821 -0.03057746 -0.01378059
           oe         te
1  0.07592704 -0.3123665
2  0.00000000 -0.3363852
3 -0.07583908 -0.3669627

[[1]]$pro.p$se
  delta         mu       mu_1       mu_0         de       se_1       se_0
1   0.5 0.01575766 0.01388938 0.02005015 0.01833137 0.01119622 0.01621108
2   1.0 0.01212700 0.01099198 0.01576785 0.01379196 0.00000000 0.00000000
3   2.0 0.01989838 0.01971072 0.02812615 0.02800913 0.01568233 0.02260359
          oe         te
1 0.01259524 0.01620537
2 0.00000000 0.01379196
3 0.01576182 0.02201801


[[1]]$pro.np
[[1]]$pro.np$est
  delta        mu      mu_1      mu_0         de        se_1        se_0
1   0.5 0.4288820 0.2597674 0.5555550 -0.2957876  0.01788109  0.01848591
2   1.0 0.3606463 0.2418863 0.5370691 -0.2951828  0.00000000  0.00000000
3   2.0 0.2938211 0.2168850 0.5255319 -0.3086469 -0.02500126 -0.01153717
           oe         te
1  0.06823575 -0.2773017
2  0.00000000 -0.2951828
3 -0.06682515 -0.3201840

[[1]]$pro.np$se
  delta         mu       mu_1       mu_0         de        se_1       se_0
1   0.5 0.01417854 0.01322608 0.01777181 0.01709655 0.009748085 0.01428101
2   1.0 0.01234921 0.01135563 0.01508764 0.01213439 0.000000000 0.00000000
3   2.0 0.02040692 0.02085948 0.02597949 0.02575841 0.016591542 0.02026973
          oe         te
1 0.01078529 0.01449159
2 0.00000000 0.01213439
3 0.01597261 0.02207520


[[1]]$ipw.p
[[1]]$ipw.p$est
  delta        mu      mu_1      mu_0         de        se_1         se_0
1   0.5 0.4449285 0.2539071 0.5935811 -0.3396740  0.02623395  0.031612049
2   1.0 0.3587306 0.2276731 0.5619691 -0.3342959  0.00000000  0.000000000
3   2.0 0.2763017 0.1864820 0.5533779 -0.3668959 -0.04119114 -0.008591191
           oe         te
1  0.08619787 -0.3080620
2  0.00000000 -0.3342959
3 -0.08242891 -0.3754871

[[1]]$ipw.p$se
  delta          mu        mu_1       mu_0         de       se_1       se_0
1   0.5 0.035399816 0.017283817 0.05420438 0.04662876 0.01724001 0.04931410
2   1.0 0.008593172 0.009532703 0.01430405 0.01610566 0.00000000 0.00000000
3   2.0 0.021335964 0.018811297 0.03646012 0.02846542 0.01557310 0.03756626
          oe         te
1 0.03407745 0.01711932
2 0.00000000 0.01610566
3 0.02059726 0.02538198


[[1]]$ipw.np
[[1]]$ipw.np$est
  delta        mu      mu_1      mu_0         de        se_1        se_0
1   0.5 0.4342560 0.2560143 0.5673979 -0.3113835  0.02042777  0.02477616
2   1.0 0.3593095 0.2355866 0.5426217 -0.3070351  0.00000000  0.00000000
3   2.0 0.2801283 0.1943413 0.5321721 -0.3378307 -0.04124523 -0.01044962
           oe         te
1  0.07494652 -0.2866074
2  0.00000000 -0.3070351
3 -0.07918122 -0.3482804

[[1]]$ipw.np$se
  delta          mu        mu_1       mu_0         de       se_1       se_0
1   0.5 0.034581302 0.016632889 0.05340513 0.04747896 0.01666453 0.04891719
2   1.0 0.008659894 0.009875872 0.01390022 0.01588131 0.00000000 0.00000000
3   2.0 0.022524086 0.020393578 0.03574367 0.02708235 0.01705055 0.03673319
          oe         te
1 0.03340897 0.01655428
2 0.00000000 0.01588131
3 0.02169950 0.02631237



[1] "Total run time was 211.951 seconds"
