WARNING: ignoring environment value of R_HOME

Attaching package: ‘dplyr’

The following objects are masked from ‘package:stats’:

    filter, lag

The following objects are masked from ‘package:base’:

    intersect, setdiff, setequal, union

Loading required package: splines
Loading required package: foreach
Loaded gam 1.20.2

Super Learner
Version: 2.0-28
Package created on 2021-05-04

Loading required package: lattice
Loading required package: ggplot2
Loading required package: Matrix
Loaded glmnet 4.1-7
Loading required package: Formula
Loading required package: plotmo
Loading required package: plotrix
Loading required package: TeachingDemos
Loaded gbm 2.1.8.1

Attaching package: ‘xgboost’

The following object is masked from ‘package:dplyr’:

    slice

[1] "[Simulation setting]"
[1] "m: 500"
[1] "deltas: 0.5, 1, 2"
[1] "Sim.id 1"
[1] "Data generated"
[1] "Proposed & IPW estimators"
[1] "   Split: 1"
[1] "   Split: 2"
[1] "Estimates and SE estimates computed"
[1] ""
[[1]]
[[1]]$pro.p
[[1]]$pro.p$est
  delta        mu      mu_1      mu_0         de        se_1        se_0
1   0.5 0.4403625 0.2469309 0.5925570 -0.3456261  0.04180012  0.04484659
2   1.0 0.3373520 0.2051307 0.5477104 -0.3425797  0.00000000  0.00000000
3   2.0 0.2525429 0.1735405 0.5061701 -0.3326295 -0.03159019 -0.04154034
           oe         te
1  0.10301049 -0.3007795
2  0.00000000 -0.3425797
3 -0.08480916 -0.3741698

[[1]]$pro.p$se
  delta         mu       mu_1       mu_0         de       se_1       se_0
1   0.5 0.01620595 0.01377755 0.02098969 0.01882280 0.01060221 0.01720216
2   1.0 0.01170700 0.01006378 0.01645035 0.01414043 0.00000000 0.00000000
3   2.0 0.01721201 0.01726961 0.02389599 0.02328489 0.01446047 0.01768519
          oe         te
1 0.01281189 0.01658414
2 0.00000000 0.01414043
3 0.01433305 0.02184721


[[1]]$pro.np
[[1]]$pro.np$est
  delta        mu      mu_1      mu_0         de        se_1        se_0
1   0.5 0.4344368 0.2549210 0.5672660 -0.3123450  0.03780440  0.04748368
2   1.0 0.3392375 0.2171166 0.5197823 -0.3026657  0.00000000  0.00000000
3   2.0 0.2680949 0.1930401 0.4888447 -0.2958046 -0.02407648 -0.03093759
           oe         te
1  0.09519922 -0.2648613
2  0.00000000 -0.3026657
3 -0.07114262 -0.3267422

[[1]]$pro.np$se
  delta         mu       mu_1       mu_0         de       se_1       se_0
1   0.5 0.01621985 0.01411681 0.01982502 0.01627663 0.01096583 0.01618779
2   1.0 0.01217269 0.01054944 0.01608471 0.01283324 0.00000000 0.00000000
3   2.0 0.02114282 0.02031536 0.02566002 0.02048806 0.01697412 0.02016649
          oe         te
1 0.01286501 0.01599352
2 0.00000000 0.01283324
3 0.01782512 0.02309352


[[1]]$ipw.p
[[1]]$ipw.p$est
  delta        mu      mu_1      mu_0         de        se_1         se_0
1   0.5 0.4064988 0.2374997 0.5407726 -0.3032729  0.03367732  0.003054774
2   1.0 0.3324340 0.2038224 0.5377179 -0.3338954  0.00000000  0.000000000
3   2.0 0.2416951 0.1604448 0.5013398 -0.3408950 -0.04337761 -0.036378019
           oe         te
1  0.07406481 -0.3002181
2  0.00000000 -0.3338954
3 -0.09073886 -0.3772731

[[1]]$ipw.p$se
  delta          mu       mu_1       mu_0         de       se_1       se_0
1   0.5 0.038722708 0.02064117 0.05496334 0.04131332 0.01987657 0.05020759
2   1.0 0.008569716 0.00902668 0.01443208 0.01550821 0.00000000 0.00000000
3   2.0 0.015401844 0.01477248 0.02603831 0.02244739 0.01185933 0.02735513
          oe         te
1 0.03703239 0.02014587
2 0.00000000 0.01550821
3 0.01498063 0.02229631


[[1]]$ipw.np
[[1]]$ipw.np$est
  delta        mu      mu_1      mu_0         de        se_1        se_0
1   0.5 0.4093665 0.2444196 0.5371144 -0.2926947  0.03486893  0.01510624
2   1.0 0.3330122 0.2095507 0.5220081 -0.3124574  0.00000000  0.00000000
3   2.0 0.2452591 0.1658611 0.4865940 -0.3207329 -0.04368955 -0.03541409
           oe         te
1  0.07635430 -0.2775885
2  0.00000000 -0.3124574
3 -0.08775305 -0.3561470

[[1]]$ipw.np$se
  delta          mu       mu_1       mu_0         de       se_1       se_0
1   0.5 0.041089147 0.02211640 0.05806710 0.04304340 0.02142755 0.05360176
2   1.0 0.008620894 0.00929421 0.01414766 0.01534443 0.00000000 0.00000000
3   2.0 0.015445828 0.01534797 0.02496923 0.02228086 0.01226130 0.02616855
          oe         te
1 0.03954776 0.02137047
2 0.00000000 0.01534443
3 0.01490076 0.02249239



[1] "Total run time was 329.571 seconds"
