WARNING: ignoring environment value of R_HOME

Attaching package: ‘dplyr’

The following objects are masked from ‘package:stats’:

    filter, lag

The following objects are masked from ‘package:base’:

    intersect, setdiff, setequal, union

Loading required package: splines
Loading required package: foreach
Loaded gam 1.20.2

Super Learner
Version: 2.0-28
Package created on 2021-05-04

Loading required package: lattice
Loading required package: ggplot2
Loading required package: Matrix
Loaded glmnet 4.1-7
Loading required package: Formula
Loading required package: plotmo
Loading required package: plotrix
Loading required package: TeachingDemos
Loaded gbm 2.1.8.1

Attaching package: ‘xgboost’

The following object is masked from ‘package:dplyr’:

    slice

[1] "[Simulation setting]"
[1] "m: 500"
[1] "deltas: 0.5, 1, 2"
[1] "Sim.id 1"
[1] "Data generated"
[1] "Proposed & IPW estimators"
[1] "   Split: 1"
[1] "   Split: 2"
[1] "Estimates and SE estimates computed"
[1] ""
[[1]]
[[1]]$pro.p
[[1]]$pro.p$est
  delta        mu      mu_1      mu_0         de        se_1         se_0
1   0.5 0.4406934 0.2562930 0.5872785 -0.3309855  0.02044009  0.020721411
2   1.0 0.3656040 0.2358529 0.5665571 -0.3307042  0.00000000  0.000000000
3   2.0 0.3004648 0.2141687 0.5635974 -0.3494286 -0.02168412 -0.002959703
           oe         te
1  0.07508935 -0.3102641
2  0.00000000 -0.3307042
3 -0.06513926 -0.3523883

[[1]]$pro.p$se
  delta         mu       mu_1       mu_0         de       se_1       se_0
1   0.5 0.01729506 0.01477747 0.02385076 0.02402836 0.01282204 0.01951582
2   1.0 0.01128847 0.01039000 0.01547179 0.01437471 0.00000000 0.00000000
3   2.0 0.02121120 0.02096021 0.03154655 0.03022322 0.01742356 0.02547498
          oe         te
1 0.01432474 0.01831260
2 0.00000000 0.01437471
3 0.01784918 0.02421808


[[1]]$pro.np
[[1]]$pro.np$est
  delta        mu      mu_1      mu_0         de         se_1       se_0
1   0.5 0.4327260 0.2611845 0.5634105 -0.3022260  0.007020756 0.01999414
2   1.0 0.3709484 0.2541638 0.5434164 -0.2892526  0.000000000 0.00000000
3   2.0 0.3224413 0.2421841 0.5491947 -0.3070106 -0.011979692 0.00577831
           oe         te
1  0.06177753 -0.2822318
2  0.00000000 -0.2892526
3 -0.04850713 -0.3012323

[[1]]$pro.np$se
  delta         mu       mu_1       mu_0         de       se_1       se_0
1   0.5 0.01536423 0.01395115 0.02094315 0.02225612 0.01188680 0.01739726
2   1.0 0.01198625 0.01103065 0.01504073 0.01258654 0.00000000 0.00000000
3   2.0 0.02521947 0.02583930 0.02954420 0.03200857 0.02238074 0.02274708
          oe         te
1 0.01247766 0.01676735
2 0.00000000 0.01258654
3 0.02176423 0.02784253


[[1]]$ipw.p
[[1]]$ipw.p$est
  delta        mu      mu_1      mu_0         de        se_1        se_0
1   0.5 0.4525104 0.2599635 0.6098432 -0.3498797  0.04242158 0.070482299
2   1.0 0.3408386 0.2175419 0.5393609 -0.3218190  0.00000000 0.000000000
3   2.0 0.2797353 0.1964361 0.5439533 -0.3475172 -0.02110579 0.004592385
           oe         te
1  0.11167187 -0.2793974
2  0.00000000 -0.3218190
3 -0.06110323 -0.3429248

[[1]]$ipw.p$se
  delta          mu        mu_1       mu_0         de       se_1       se_0
1   0.5 0.039162173 0.019018107 0.06047121 0.05146908 0.01866780 0.05503987
2   1.0 0.008286772 0.009233894 0.01469558 0.01684424 0.00000000 0.00000000
3   2.0 0.026048218 0.024878527 0.03529924 0.02276273 0.02261486 0.03725545
          oe         te
1 0.03752550 0.01900494
2 0.00000000 0.01684424
3 0.02576789 0.03092024


[[1]]$ipw.np
[[1]]$ipw.np$est
  delta        mu      mu_1      mu_0         de        se_1        se_0
1   0.5 0.4469116 0.2637969 0.5917441 -0.3279472  0.04089317 0.065849351
2   1.0 0.3415159 0.2229037 0.5258948 -0.3029910  0.00000000 0.000000000
3   2.0 0.2817976 0.2005418 0.5308586 -0.3303168 -0.02236193 0.004963862
           oe         te
1  0.10539570 -0.2620979
2  0.00000000 -0.3029910
3 -0.05971823 -0.3253530

[[1]]$ipw.np$se
  delta         mu        mu_1       mu_0         de       se_1       se_0
1   0.5 0.03856228 0.019006604 0.05890486 0.05031010 0.01871046 0.05381236
2   1.0 0.00833554 0.009465226 0.01438484 0.01667571 0.00000000 0.00000000
3   2.0 0.02594809 0.025186144 0.03424746 0.02223733 0.02281924 0.03606764
          oe         te
1 0.03703396 0.01896938
2 0.00000000 0.01667571
3 0.02562368 0.03098811



[1] "Total run time was 331.557 seconds"
