WARNING: ignoring environment value of R_HOME

Attaching package: ‘dplyr’

The following objects are masked from ‘package:stats’:

    filter, lag

The following objects are masked from ‘package:base’:

    intersect, setdiff, setequal, union

Loading required package: splines
Loading required package: foreach
Loaded gam 1.20.2

Super Learner
Version: 2.0-28
Package created on 2021-05-04

Loading required package: lattice
Loading required package: ggplot2
Loading required package: Matrix
Loaded glmnet 4.1-7
Loading required package: Formula
Loading required package: plotmo
Loading required package: plotrix
Loading required package: TeachingDemos
Loaded gbm 2.1.8.1

Attaching package: ‘xgboost’

The following object is masked from ‘package:dplyr’:

    slice

[1] "[Simulation setting]"
[1] "m: 500"
[1] "deltas: 0.5, 1, 2"
[1] "Sim.id 1"
[1] "Data generated"
[1] "Proposed & IPW estimators"
[1] "   Split: 1"
[1] "   Split: 2"
[1] "Estimates and SE estimates computed"
[1] ""
[[1]]
[[1]]$pro.p
[[1]]$pro.p$est
  delta        mu      mu_1      mu_0         de        se_1        se_0
1   0.5 0.4392543 0.2574839 0.5888743 -0.3313905  0.04042900  0.06987383
2   1.0 0.3315794 0.2170549 0.5190005 -0.3019456  0.00000000  0.00000000
3   2.0 0.2411101 0.1748591 0.4579226 -0.2830635 -0.04219574 -0.06107785
           oe         te
1  0.10767486 -0.2615166
2  0.00000000 -0.3019456
3 -0.09046935 -0.3441414

[[1]]$pro.p$se
  delta         mu        mu_1       mu_0         de       se_1       se_0
1   0.5 0.01506480 0.012844953 0.01896754 0.01730787 0.01003256 0.01566087
2   1.0 0.01112086 0.009758339 0.01578014 0.01413267 0.00000000 0.00000000
3   2.0 0.02237251 0.024761253 0.02386180 0.02661372 0.02185663 0.01767942
          oe         te
1 0.01186020 0.01643950
2 0.00000000 0.01413267
3 0.01956219 0.02773165


[[1]]$pro.np
[[1]]$pro.np$est
  delta        mu      mu_1      mu_0         de        se_1        se_0
1   0.5 0.4307433 0.2685953 0.5642001 -0.2956048  0.04103967  0.06302863
2   1.0 0.3324353 0.2275556 0.5011715 -0.2736158  0.00000000  0.00000000
3   2.0 0.2437958 0.1788422 0.4485590 -0.2697168 -0.04871345 -0.05261246
           oe         te
1  0.09830799 -0.2325762
2  0.00000000 -0.2736158
3 -0.08863951 -0.3223293

[[1]]$pro.np$se
  delta         mu       mu_1       mu_0         de        se_1       se_0
1   0.5 0.01455260 0.01261493 0.01870333 0.01733565 0.009445963 0.01526684
2   1.0 0.01148117 0.01021171 0.01533252 0.01304312 0.000000000 0.00000000
3   2.0 0.02264710 0.02644003 0.02220787 0.03002339 0.023163125 0.01681136
          oe         te
1 0.01123673 0.01526625
2 0.00000000 0.01304312
3 0.01957545 0.02886751


[[1]]$ipw.p
[[1]]$ipw.p$est
  delta        mu      mu_1      mu_0         de        se_1        se_0
1   0.5 0.4242469 0.2567414 0.5624364 -0.3056950  0.03187337  0.02790733
2   1.0 0.3430919 0.2248680 0.5345291 -0.3096611  0.00000000  0.00000000
3   2.0 0.2688549 0.1973575 0.4964455 -0.2990880 -0.02751048 -0.03808352
           oe         te
1  0.08115496 -0.2777877
2  0.00000000 -0.3096611
3 -0.07423704 -0.3371715

[[1]]$ipw.p$se
  delta          mu        mu_1       mu_0         de       se_1       se_0
1   0.5 0.034467507 0.017151529 0.05245158 0.04287604 0.01679212 0.04681252
2   1.0 0.008464564 0.008970671 0.01524484 0.01686578 0.00000000 0.00000000
3   2.0 0.019234506 0.018607999 0.02854689 0.02292990 0.01582073 0.02993947
          oe         te
1 0.03278060 0.01756073
2 0.00000000 0.01686578
3 0.01899385 0.02660444


[[1]]$ipw.np
[[1]]$ipw.np$est
  delta        mu      mu_1      mu_0         de        se_1        se_0
1   0.5 0.4224602 0.2621295 0.5528490 -0.2907194  0.03162507  0.03107009
2   1.0 0.3435283 0.2305045 0.5217789 -0.2912744  0.00000000  0.00000000
3   2.0 0.2746371 0.2058189 0.4865056 -0.2806867 -0.02468557 -0.03527327
           oe         te
1  0.07893188 -0.2596494
2  0.00000000 -0.2912744
3 -0.06889120 -0.3159600

[[1]]$ipw.np$se
  delta          mu        mu_1       mu_0         de       se_1       se_0
1   0.5 0.033705578 0.017198248 0.05095026 0.04189986 0.01688052 0.04542769
2   1.0 0.008507415 0.009241894 0.01493500 0.01673161 0.00000000 0.00000000
3   2.0 0.020308793 0.020164764 0.02855464 0.02288689 0.01716844 0.02985611
          oe         te
1 0.03208499 0.01742357
2 0.00000000 0.01673161
3 0.01991975 0.02759499



[1] "Total run time was 232.116 seconds"
