WARNING: ignoring environment value of R_HOME

Attaching package: ‘dplyr’

The following objects are masked from ‘package:stats’:

    filter, lag

The following objects are masked from ‘package:base’:

    intersect, setdiff, setequal, union

Loading required package: splines
Loading required package: foreach
Loaded gam 1.20.2

Super Learner
Version: 2.0-28
Package created on 2021-05-04

Loading required package: lattice
Loading required package: ggplot2
Loading required package: Matrix
Loaded glmnet 4.1-7
Loading required package: Formula
Loading required package: plotmo
Loading required package: plotrix
Loading required package: TeachingDemos
Loaded gbm 2.1.8.1

Attaching package: ‘xgboost’

The following object is masked from ‘package:dplyr’:

    slice

[1] "[Simulation setting]"
[1] "m: 500"
[1] "deltas: 0.5, 1, 2"
[1] "Sim.id 1"
[1] "Data generated"
[1] "Proposed & IPW estimators"
[1] "   Split: 1"
[1] "   Split: 2"
[1] "Estimates and SE estimates computed"
[1] ""
[[1]]
[[1]]$pro.p
[[1]]$pro.p$est
  delta        mu      mu_1      mu_0         de         se_1       se_0
1   0.5 0.4540166 0.2631146 0.6042187 -0.3411041  0.033481140 0.04090788
2   1.0 0.3587435 0.2296335 0.5633108 -0.3336774  0.000000000 0.00000000
3   2.0 0.3106390 0.2216573 0.5796335 -0.3579762 -0.007976161 0.01632268
           oe         te
1  0.09527319 -0.3001962
2  0.00000000 -0.3336774
3 -0.04810444 -0.3416535

[[1]]$pro.p$se
  delta         mu       mu_1       mu_0         de       se_1       se_0
1   0.5 0.01651850 0.01507079 0.02465460 0.02800797 0.01272367 0.02024424
2   1.0 0.01162559 0.01092467 0.01519423 0.01411335 0.00000000 0.00000000
3   2.0 0.02107240 0.02160947 0.02660425 0.02709726 0.01635272 0.02072832
          oe         te
1 0.01352697 0.01817520
2 0.00000000 0.01411335
3 0.01621230 0.02375255


[[1]]$pro.np
[[1]]$pro.np$est
  delta        mu      mu_1      mu_0         de         se_1       se_0
1   0.5 0.4417372 0.2697693 0.5729198 -0.3031505  0.032005348 0.03846578
2   1.0 0.3549331 0.2377639 0.5344540 -0.2966901  0.000000000 0.00000000
3   2.0 0.3102904 0.2282660 0.5513023 -0.3230363 -0.009497929 0.01684827
           oe         te
1  0.08680411 -0.2646847
2  0.00000000 -0.2966901
3 -0.04464274 -0.3061880

[[1]]$pro.np$se
  delta         mu       mu_1       mu_0         de       se_1       se_0
1   0.5 0.01604726 0.01344152 0.02279053 0.02387280 0.01070376 0.01856797
2   1.0 0.01170240 0.01121859 0.01426672 0.01276747 0.00000000 0.00000000
3   2.0 0.02142775 0.02253699 0.02489231 0.02646282 0.01686951 0.01934326
          oe         te
1 0.01280485 0.01549396
2 0.00000000 0.01276747
3 0.01621391 0.02333966


[[1]]$ipw.p
[[1]]$ipw.p$est
  delta        mu      mu_1      mu_0         de        se_1        se_0
1   0.5 0.4590757 0.2729944 0.6078264 -0.3348320  0.03644289 0.038045124
2   1.0 0.3660623 0.2365515 0.5697813 -0.3332298  0.00000000 0.000000000
3   2.0 0.3076641 0.2226835 0.5724171 -0.3497336 -0.01386802 0.002635791
           oe         te
1  0.09301334 -0.2967869
2  0.00000000 -0.3332298
3 -0.05839826 -0.3470978

[[1]]$ipw.p$se
  delta          mu       mu_1       mu_0         de       se_1       se_0
1   0.5 0.036402448 0.02078746 0.05269939 0.04131432 0.02122601 0.04727516
2   1.0 0.008738548 0.01021631 0.01443146 0.01718804 0.00000000 0.00000000
3   2.0 0.021294395 0.02253232 0.03059737 0.02960026 0.01752287 0.03277633
          oe         te
1 0.03503652 0.02057051
2 0.00000000 0.01718804
3 0.02001624 0.02949431


[[1]]$ipw.np
[[1]]$ipw.np$est
  delta        mu      mu_1      mu_0         de        se_1         se_0
1   0.5 0.4618099 0.2831340 0.6028405 -0.3197065  0.03996791  0.047277690
2   1.0 0.3663866 0.2431661 0.5555628 -0.3123967  0.00000000  0.000000000
3   2.0 0.3101455 0.2286915 0.5543479 -0.3256564 -0.01447457 -0.001214868
           oe         te
1  0.09542332 -0.2724288
2  0.00000000 -0.3123967
3 -0.05624114 -0.3268713

[[1]]$ipw.np$se
  delta          mu       mu_1       mu_0         de       se_1       se_0
1   0.5 0.037227381 0.02167811 0.05328569 0.04096605 0.02222248 0.04798605
2   1.0 0.008785093 0.01052192 0.01422299 0.01719253 0.00000000 0.00000000
3   2.0 0.021466311 0.02291425 0.02944598 0.02853470 0.01762892 0.03153235
          oe         te
1 0.03593084 0.02114149
2 0.00000000 0.01719253
3 0.02003404 0.02965905



[1] "Total run time was 232.637 seconds"
