WARNING: ignoring environment value of R_HOME

Attaching package: ‘dplyr’

The following objects are masked from ‘package:stats’:

    filter, lag

The following objects are masked from ‘package:base’:

    intersect, setdiff, setequal, union

Loading required package: splines
Loading required package: foreach
Loaded gam 1.20.2

Super Learner
Version: 2.0-28
Package created on 2021-05-04

Loading required package: lattice
Loading required package: ggplot2
Loading required package: Matrix
Loaded glmnet 4.1-7
Loading required package: Formula
Loading required package: plotmo
Loading required package: plotrix
Loading required package: TeachingDemos
Loaded gbm 2.1.8.1

Attaching package: ‘xgboost’

The following object is masked from ‘package:dplyr’:

    slice

[1] "[Simulation setting]"
[1] "m: 500"
[1] "deltas: 0.5, 1, 2"
[1] "Sim.id 1"
[1] "Data generated"
[1] "Proposed & IPW estimators"
[1] "   Split: 1"
[1] "   Split: 2"
[1] "Estimates and SE estimates computed"
[1] ""
[[1]]
[[1]]$pro.p
[[1]]$pro.p$est
  delta        mu      mu_1      mu_0         de        se_1        se_0
1   0.5 0.4431845 0.2410101 0.5987680 -0.3577579  0.00608056  0.02848258
2   1.0 0.3675929 0.2349295 0.5702854 -0.3353559  0.00000000  0.00000000
3   2.0 0.2993605 0.2131768 0.5593283 -0.3461515 -0.02175277 -0.01095711
           oe         te
1  0.07559159 -0.3292753
2  0.00000000 -0.3353559
3 -0.06823237 -0.3571086

[[1]]$pro.p$se
  delta         mu       mu_1       mu_0         de       se_1       se_0
1   0.5 0.01743276 0.01341341 0.02414284 0.02245300 0.01074313 0.01921159
2   1.0 0.01204600 0.01085609 0.01599718 0.01392901 0.00000000 0.00000000
3   2.0 0.01813952 0.01729850 0.02489259 0.02192954 0.01239112 0.01984069
          oe         te
1 0.01364862 0.01593154
2 0.00000000 0.01392901
3 0.01389706 0.02053560


[[1]]$pro.np
[[1]]$pro.np$est
  delta        mu      mu_1      mu_0         de         se_1         se_0
1   0.5 0.4402994 0.2526307 0.5782240 -0.3255933  0.003062803  0.025103149
2   1.0 0.3740201 0.2495679 0.5531209 -0.3035530  0.000000000  0.000000000
3   2.0 0.3173527 0.2367736 0.5439386 -0.3071650 -0.012794316 -0.009182311
           oe         te
1  0.06627931 -0.3004902
2  0.00000000 -0.3035530
3 -0.05666734 -0.3163473

[[1]]$pro.np$se
  delta         mu       mu_1       mu_0         de       se_1       se_0
1   0.5 0.01604685 0.01289852 0.02128851 0.01902093 0.00974164 0.01593906
2   1.0 0.01241914 0.01127760 0.01571858 0.01300141 0.00000000 0.00000000
3   2.0 0.01840799 0.01820984 0.02256887 0.02059732 0.01263908 0.01658192
          oe         te
1 0.01165345 0.01458229
2 0.00000000 0.01300141
3 0.01342241 0.02024617


[[1]]$ipw.p
[[1]]$ipw.p$est
  delta        mu      mu_1      mu_0         de        se_1        se_0
1   0.5 0.4360222 0.2352254 0.6009655 -0.3657401  0.01076244  0.03517016
2   1.0 0.3549282 0.2244630 0.5657954 -0.3413324  0.00000000  0.00000000
3   2.0 0.2851708 0.2028757 0.5469335 -0.3440578 -0.02158731 -0.01886189
           oe         te
1  0.08109402 -0.3305700
2  0.00000000 -0.3413324
3 -0.06975737 -0.3629197

[[1]]$ipw.p$se
  delta         mu        mu_1       mu_0         de       se_1       se_0
1   0.5 0.03302432 0.014531733 0.05462428 0.05105102 0.01449117 0.04921713
2   1.0 0.00864933 0.009487802 0.01468139 0.01647568 0.00000000 0.00000000
3   2.0 0.02225732 0.020991701 0.03294507 0.02370828 0.01754425 0.03453480
          oe         te
1 0.03167676 0.01533682
2 0.00000000 0.01647568
3 0.02138370 0.02770205


[[1]]$ipw.np
[[1]]$ipw.np$est
  delta        mu      mu_1      mu_0         de        se_1        se_0
1   0.5 0.4332729 0.2404824 0.5863693 -0.3458869  0.00928178  0.03819605
2   1.0 0.3556967 0.2312006 0.5481733 -0.3169727  0.00000000  0.00000000
3   2.0 0.2850460 0.2046777 0.5292429 -0.3245652 -0.02652291 -0.01893037
           oe         te
1  0.07757615 -0.3076909
2  0.00000000 -0.3169727
3 -0.07065073 -0.3434956

[[1]]$ipw.np$se
  delta          mu        mu_1       mu_0         de       se_1       se_0
1   0.5 0.033077754 0.014957023 0.05398079 0.05061407 0.01495509 0.04885682
2   1.0 0.008703208 0.009779496 0.01432057 0.01624510 0.00000000 0.00000000
3   2.0 0.021337981 0.020407467 0.03084218 0.02244255 0.01665037 0.03229575
          oe         te
1 0.03185204 0.01552163
2 0.00000000 0.01624510
3 0.02032593 0.02687659



[1] "Total run time was 397.244 seconds"
