WARNING: ignoring environment value of R_HOME

Attaching package: ‘dplyr’

The following objects are masked from ‘package:stats’:

    filter, lag

The following objects are masked from ‘package:base’:

    intersect, setdiff, setequal, union

Loading required package: splines
Loading required package: foreach
Loaded gam 1.20.2

Super Learner
Version: 2.0-28
Package created on 2021-05-04

Loading required package: lattice
Loading required package: ggplot2
Loading required package: Matrix
Loaded glmnet 4.1-7
Loading required package: Formula
Loading required package: plotmo
Loading required package: plotrix
Loading required package: TeachingDemos
Loaded gbm 2.1.8.1

Attaching package: ‘xgboost’

The following object is masked from ‘package:dplyr’:

    slice

[1] "[Simulation setting]"
[1] "m: 500"
[1] "deltas: 0.5, 1, 2"
[1] "Sim.id 1"
[1] "Data generated"
[1] "Proposed & IPW estimators"
[1] "   Split: 1"
[1] "   Split: 2"
[1] "Estimates and SE estimates computed"
[1] ""
[[1]]
[[1]]$pro.p
[[1]]$pro.p$est
  delta        mu      mu_1      mu_0         de         se_1          se_0
1   0.5 0.4288243 0.2444302 0.5777609 -0.3333308  0.003813538  0.0106501487
2   1.0 0.3675243 0.2406166 0.5671108 -0.3264942  0.000000000  0.0000000000
3   2.0 0.3070875 0.2254772 0.5665029 -0.3410257 -0.015139451 -0.0006079227
           oe         te
1  0.06129996 -0.3226806
2  0.00000000 -0.3264942
3 -0.06043680 -0.3416336

[[1]]$pro.p$se
  delta         mu       mu_1       mu_0         de       se_1       se_0
1   0.5 0.01746786 0.01481984 0.02253453 0.01921196 0.01222679 0.01953778
2   1.0 0.01195963 0.01100529 0.01517119 0.01335083 0.00000000 0.00000000
3   2.0 0.01870450 0.01849920 0.02593706 0.02372622 0.01472362 0.01972963
          oe         te
1 0.01488185 0.01716629
2 0.00000000 0.01335083
3 0.01500878 0.02098613


[[1]]$pro.np
[[1]]$pro.np$est
  delta        mu      mu_1      mu_0         de         se_1         se_0
1   0.5 0.4126433 0.2441077 0.5421631 -0.2980554 -0.007164426 -0.003362106
2   1.0 0.3691608 0.2512721 0.5455252 -0.2942530  0.000000000  0.000000000
3   2.0 0.3202297 0.2487267 0.5342942 -0.2855675 -0.002545439 -0.011230986
           oe         te
1  0.04348258 -0.3014175
2  0.00000000 -0.2942530
3 -0.04893103 -0.2967985

[[1]]$pro.np$se
  delta         mu       mu_1       mu_0         de       se_1       se_0
1   0.5 0.01714390 0.01475292 0.02147356 0.01666764 0.01204890 0.01839878
2   1.0 0.01231468 0.01140506 0.01474402 0.01211850 0.00000000 0.00000000
3   2.0 0.01877904 0.01888501 0.02274974 0.02115728 0.01431587 0.01646743
          oe         te
1 0.01447600 0.01624933
2 0.00000000 0.01211850
3 0.01431022 0.02014654


[[1]]$ipw.p
[[1]]$ipw.p$est
  delta        mu      mu_1      mu_0         de         se_1         se_0
1   0.5 0.4284261 0.2453902 0.5752462 -0.3298560  0.012694516  0.032756415
2   1.0 0.3536327 0.2326957 0.5424898 -0.3097941  0.000000000  0.000000000
3   2.0 0.2989148 0.2245986 0.5325074 -0.3079089 -0.008097097 -0.009982354
           oe         te
1  0.07479339 -0.2970996
2  0.00000000 -0.3097941
3 -0.05471792 -0.3178912

[[1]]$ipw.p$se
  delta          mu       mu_1       mu_0         de       se_1       se_0
1   0.5 0.029733985 0.01615850 0.04621275 0.04115087 0.01589029 0.04126401
2   1.0 0.008612189 0.01000577 0.01453391 0.01719452 0.00000000 0.00000000
3   2.0 0.023882697 0.02410090 0.03348234 0.02641628 0.02059156 0.03531408
          oe         te
1 0.02863572 0.01692545
2 0.00000000 0.01719452
3 0.02306974 0.03059422


[[1]]$ipw.np
[[1]]$ipw.np$est
  delta        mu      mu_1      mu_0         de         se_1        se_0
1   0.5 0.4226936 0.2483243 0.5591075 -0.3107831  0.010143420  0.02896936
2   1.0 0.3541197 0.2381809 0.5301381 -0.2919572  0.000000000  0.00000000
3   2.0 0.3014464 0.2301461 0.5174410 -0.2872949 -0.008034836 -0.01269711
           oe         te
1  0.06857387 -0.2818138
2  0.00000000 -0.2919572
3 -0.05267325 -0.2999920

[[1]]$ipw.np$se
  delta          mu       mu_1       mu_0         de       se_1       se_0
1   0.5 0.029291146 0.01616465 0.04508062 0.04035392 0.01599125 0.04031461
2   1.0 0.008656466 0.01026741 0.01428563 0.01711964 0.00000000 0.00000000
3   2.0 0.024196234 0.02481254 0.03245248 0.02580064 0.02113574 0.03422826
          oe         te
1 0.02828102 0.01685826
2 0.00000000 0.01711964
3 0.02328714 0.03103287



[1] "Total run time was 386.722 seconds"
