WARNING: ignoring environment value of R_HOME

Attaching package: ‘dplyr’

The following objects are masked from ‘package:stats’:

    filter, lag

The following objects are masked from ‘package:base’:

    intersect, setdiff, setequal, union

Loading required package: splines
Loading required package: foreach
Loaded gam 1.20.2

Super Learner
Version: 2.0-28
Package created on 2021-05-04

Loading required package: lattice
Loading required package: ggplot2
Loading required package: Matrix
Loaded glmnet 4.1-7
Loading required package: Formula
Loading required package: plotmo
Loading required package: plotrix
Loading required package: TeachingDemos
Loaded gbm 2.1.8.1

Attaching package: ‘xgboost’

The following object is masked from ‘package:dplyr’:

    slice

[1] "[Simulation setting]"
[1] "m: 500"
[1] "deltas: 0.5, 1, 2"
[1] "Sim.id 1"
[1] "Data generated"
[1] "Proposed & IPW estimators"
[1] "   Split: 1"
[1] "   Split: 2"
[1] "Estimates and SE estimates computed"
[1] ""
[[1]]
[[1]]$pro.p
[[1]]$pro.p$est
  delta        mu      mu_1      mu_0         de        se_1        se_0
1   0.5 0.4271138 0.2439959 0.5794727 -0.3354768  0.01784022  0.03399982
2   1.0 0.3463586 0.2261557 0.5454729 -0.3193172  0.00000000  0.00000000
3   2.0 0.2859474 0.2099100 0.5290254 -0.3191154 -0.01624572 -0.01644757
           oe         te
1  0.08075518 -0.3014770
2  0.00000000 -0.3193172
3 -0.06041122 -0.3355629

[[1]]$pro.p$se
  delta         mu       mu_1       mu_0         de        se_1       se_0
1   0.5 0.01448946 0.01180865 0.01918737 0.01742403 0.009284068 0.01409246
2   1.0 0.01190342 0.01078108 0.01619374 0.01457994 0.000000000 0.00000000
3   2.0 0.02136652 0.02086237 0.02784753 0.02540745 0.016395804 0.02187038
          oe         te
1 0.01077745 0.01544617
2 0.00000000 0.01457994
3 0.01736032 0.02388179


[[1]]$pro.np
[[1]]$pro.np$est
  delta        mu      mu_1      mu_0         de         se_1        se_0
1   0.5 0.4168001 0.2578948 0.5405587 -0.2826639  0.022769908  0.02505337
2   1.0 0.3448382 0.2351249 0.5155053 -0.2803804  0.000000000  0.00000000
3   2.0 0.2945559 0.2252005 0.5042168 -0.2790162 -0.009924362 -0.01128856
           oe         te
1  0.07196182 -0.2576105
2  0.00000000 -0.2803804
3 -0.05028230 -0.2903048

[[1]]$pro.np$se
  delta         mu       mu_1       mu_0         de       se_1       se_0
1   0.5 0.01449523 0.01159456 0.01860221 0.01548635 0.00882733 0.01387167
2   1.0 0.01230891 0.01111678 0.01589767 0.01311116 0.00000000 0.00000000
3   2.0 0.02133004 0.02127688 0.02640373 0.02508507 0.01662781 0.02006429
          oe         te
1 0.01077917 0.01389507
2 0.00000000 0.01311116
3 0.01704391 0.02349016


[[1]]$ipw.p
[[1]]$ipw.p$est
  delta        mu      mu_1      mu_0         de        se_1        se_0
1   0.5 0.3833317 0.2335210 0.5100844 -0.2765634  0.01065926 -0.04261138
2   1.0 0.3464951 0.2228618 0.5526958 -0.3298340  0.00000000  0.00000000
3   2.0 0.2702437 0.1922041 0.5268402 -0.3346361 -0.03065766 -0.02585560
           oe         te
1  0.03683657 -0.3191747
2  0.00000000 -0.3298340
3 -0.07625144 -0.3604917

[[1]]$ipw.p$se
  delta          mu        mu_1       mu_0         de       se_1       se_0
1   0.5 0.027278877 0.014099821 0.04310921 0.03860332 0.01369323 0.03841279
2   1.0 0.008819086 0.009494473 0.01505930 0.01663920 0.00000000 0.00000000
3   2.0 0.019209249 0.019891015 0.02831194 0.02648555 0.01606839 0.02945678
          oe         te
1 0.02581766 0.01502843
2 0.00000000 0.01663920
3 0.01823329 0.02718223


[[1]]$ipw.np
[[1]]$ipw.np$est
  delta        mu      mu_1      mu_0         de         se_1        se_0
1   0.5 0.3756807 0.2375628 0.4874554 -0.2498926  0.008439009 -0.05084231
2   1.0 0.3471882 0.2291238 0.5382977 -0.3091739  0.000000000  0.00000000
3   2.0 0.2750313 0.1998085 0.5139920 -0.3141834 -0.029315220 -0.02430571
           oe         te
1  0.02849253 -0.3007349
2  0.00000000 -0.3091739
3 -0.07215689 -0.3384891

[[1]]$ipw.np$se
  delta          mu        mu_1       mu_0         de       se_1       se_0
1   0.5 0.025885654 0.014007628 0.03932056 0.03465195 0.01375439 0.03457979
2   1.0 0.008879151 0.009817723 0.01470353 0.01644626 0.00000000 0.00000000
3   2.0 0.019952163 0.021098138 0.02709835 0.02571075 0.01699126 0.02815280
          oe         te
1 0.02442708 0.01473454
2 0.00000000 0.01644626
3 0.01878953 0.02784513



[1] "Total run time was 235.507 seconds"
