WARNING: ignoring environment value of R_HOME

Attaching package: ‘dplyr’

The following objects are masked from ‘package:stats’:

    filter, lag

The following objects are masked from ‘package:base’:

    intersect, setdiff, setequal, union

Loading required package: splines
Loading required package: foreach
Loaded gam 1.20.2

Super Learner
Version: 2.0-28
Package created on 2021-05-04

Loading required package: lattice
Loading required package: ggplot2
Loading required package: Matrix
Loaded glmnet 4.1-7
Loading required package: Formula
Loading required package: plotmo
Loading required package: plotrix
Loading required package: TeachingDemos
Loaded gbm 2.1.8.1

Attaching package: ‘xgboost’

The following object is masked from ‘package:dplyr’:

    slice

[1] "[Simulation setting]"
[1] "m: 500"
[1] "deltas: 0.5, 1, 2"
[1] "Sim.id 1"
[1] "Data generated"
[1] "Proposed & IPW estimators"
[1] "   Split: 1"
[1] "   Split: 2"
[1] "Estimates and SE estimates computed"
[1] ""
[[1]]
[[1]]$pro.p
[[1]]$pro.p$est
  delta        mu      mu_1      mu_0         de        se_1         se_0
1   0.5 0.4103837 0.2337227 0.5557780 -0.3220553  0.01710464  0.004101892
2   1.0 0.3441440 0.2166181 0.5516762 -0.3350581  0.00000000  0.000000000
3   2.0 0.2710522 0.1927636 0.5331995 -0.3404359 -0.02385447 -0.018476685
           oe         te
1  0.06623976 -0.3179535
2  0.00000000 -0.3350581
3 -0.07309175 -0.3589126

[[1]]$pro.p$se
  delta         mu       mu_1       mu_0         de       se_1       se_0
1   0.5 0.01692096 0.01632444 0.02382317 0.02582403 0.01388217 0.01985252
2   1.0 0.01124012 0.01051528 0.01515052 0.01449124 0.00000000 0.00000000
3   2.0 0.01898387 0.01850403 0.02586337 0.02398601 0.01366450 0.01952827
          oe         te
1 0.01397929 0.01912516
2 0.00000000 0.01449124
3 0.01442469 0.02125647


[[1]]$pro.np
[[1]]$pro.np$est
  delta        mu      mu_1      mu_0         de        se_1        se_0
1   0.5 0.4088353 0.2443613 0.5382580 -0.2938967  0.01779016  0.01622661
2   1.0 0.3414061 0.2265712 0.5220314 -0.2954603  0.00000000  0.00000000
3   2.0 0.2754363 0.2056494 0.5019762 -0.2963268 -0.02092180 -0.02005526
           oe         te
1  0.06742922 -0.2776701
2  0.00000000 -0.2954603
3 -0.06596978 -0.3163821

[[1]]$pro.np$se
  delta         mu       mu_1       mu_0         de       se_1       se_0
1   0.5 0.01560290 0.01533845 0.02137599 0.02290888 0.01240496 0.01696397
2   1.0 0.01153939 0.01060008 0.01458721 0.01260065 0.00000000 0.00000000
3   2.0 0.01890170 0.01816837 0.02367997 0.02075773 0.01328580 0.01736700
          oe         te
1 0.01205149 0.01717068
2 0.00000000 0.01260065
3 0.01399336 0.01946921


[[1]]$ipw.p
[[1]]$ipw.p$est
  delta        mu      mu_1      mu_0         de        se_1        se_0
1   0.5 0.4432785 0.2400435 0.6055540 -0.3655105  0.01635858  0.06545125
2   1.0 0.3458046 0.2236849 0.5401027 -0.3164178  0.00000000  0.00000000
3   2.0 0.2877993 0.2126088 0.5291590 -0.3165501 -0.01107606 -0.01094377
           oe         te
1  0.09747384 -0.3000592
2  0.00000000 -0.3164178
3 -0.05800530 -0.3274939

[[1]]$ipw.p$se
  delta          mu       mu_1       mu_0         de       se_1       se_0
1   0.5 0.039532525 0.02139144 0.05907642 0.04984433 0.02127083 0.05419708
2   1.0 0.008670192 0.01031290 0.01452179 0.01754039 0.00000000 0.00000000
3   2.0 0.019373870 0.02028938 0.02716129 0.02514535 0.01491593 0.02851190
          oe         te
1 0.03831446 0.02174104
2 0.00000000 0.01754039
3 0.01767621 0.02749362


[[1]]$ipw.np
[[1]]$ipw.np$est
  delta        mu      mu_1      mu_0         de        se_1         se_0
1   0.5 0.4397168 0.2423202 0.5921456 -0.3498254  0.01355841  0.065562423
2   1.0 0.3462738 0.2287617 0.5265832 -0.2978214  0.00000000  0.000000000
3   2.0 0.2909857 0.2180943 0.5167650 -0.2986707 -0.01066748 -0.009818192
           oe         te
1  0.09344305 -0.2842630
2  0.00000000 -0.2978214
3 -0.05528806 -0.3084889

[[1]]$ipw.np$se
  delta          mu       mu_1       mu_0         de      se_1       se_0
1   0.5 0.038838703 0.02129054 0.05774928 0.04913786 0.0212372 0.05295733
2   1.0 0.008717507 0.01056644 0.01421863 0.01738264 0.0000000 0.00000000
3   2.0 0.019747588 0.02088593 0.02664571 0.02461087 0.0152922 0.02785611
          oe         te
1 0.03768003 0.02154782
2 0.00000000 0.01738264
3 0.01790766 0.02768576



[1] "Total run time was 292.808 seconds"
