WARNING: ignoring environment value of R_HOME

Attaching package: ‘dplyr’

The following objects are masked from ‘package:stats’:

    filter, lag

The following objects are masked from ‘package:base’:

    intersect, setdiff, setequal, union

Loading required package: splines
Loading required package: foreach
Loaded gam 1.20.2

Super Learner
Version: 2.0-28
Package created on 2021-05-04

Loading required package: lattice
Loading required package: ggplot2
Loading required package: Matrix
Loaded glmnet 4.1-7
Loading required package: Formula
Loading required package: plotmo
Loading required package: plotrix
Loading required package: TeachingDemos
Loaded gbm 2.1.8.1

Attaching package: ‘xgboost’

The following object is masked from ‘package:dplyr’:

    slice

[1] "[Simulation setting]"
[1] "m: 500"
[1] "deltas: 0.5, 1, 2"
[1] "Sim.id 1"
[1] "Data generated"
[1] "Proposed & IPW estimators"
[1] "   Split: 1"
[1] "   Split: 2"
[1] "Estimates and SE estimates computed"
[1] ""
[[1]]
[[1]]$pro.p
[[1]]$pro.p$est
  delta        mu      mu_1      mu_0         de       se_1        se_0
1   0.5 0.4687958 0.2644805 0.6287086 -0.3642281  0.0307692  0.05166439
2   1.0 0.3662263 0.2337113 0.5770442 -0.3433330  0.0000000  0.00000000
3   2.0 0.3000850 0.2230377 0.5510487 -0.3280110 -0.0106736 -0.02599550
           oe         te
1  0.10256952 -0.3125638
2  0.00000000 -0.3433330
3 -0.06614136 -0.3540065

[[1]]$pro.p$se
  delta         mu       mu_1       mu_0         de       se_1       se_0
1   0.5 0.02239404 0.01745218 0.03166098 0.03114024 0.01588518 0.02855808
2   1.0 0.01149587 0.01077494 0.01558808 0.01456416 0.00000000 0.00000000
3   2.0 0.01985402 0.02085966 0.02680911 0.02827616 0.01584903 0.02045871
          oe         te
1 0.01995596 0.02023500
2 0.00000000 0.01456416
3 0.01560547 0.02387569


[[1]]$pro.np
[[1]]$pro.np$est
  delta        mu      mu_1      mu_0         de         se_1        se_0
1   0.5 0.4519998 0.2680181 0.5895939 -0.3215758  0.026663208  0.03413979
2   1.0 0.3666993 0.2413548 0.5554541 -0.3140992  0.000000000  0.00000000
3   2.0 0.3066336 0.2331931 0.5305262 -0.2973331 -0.008161773 -0.02492790
           oe         te
1  0.08530053 -0.2874360
2  0.00000000 -0.3140992
3 -0.06006567 -0.3222610

[[1]]$pro.np$se
  delta         mu       mu_1       mu_0         de       se_1       se_0
1   0.5 0.01711944 0.01495658 0.02282182 0.02304774 0.01278640 0.01971319
2   1.0 0.01170670 0.01064893 0.01533823 0.01307899 0.00000000 0.00000000
3   2.0 0.02085002 0.02066470 0.02559361 0.02299882 0.01557912 0.01928486
          oe         te
1 0.01432783 0.01726440
2 0.00000000 0.01307899
3 0.01631754 0.02228509


[[1]]$ipw.p
[[1]]$ipw.p$est
  delta        mu      mu_1      mu_0         de         se_1         se_0
1   0.5 0.5313868 0.2823538 0.7285323 -0.4461785  0.048454966  0.152557593
2   1.0 0.3649293 0.2338989 0.5759747 -0.3420758  0.000000000  0.000000000
3   2.0 0.3120715 0.2319076 0.5741738 -0.3422662 -0.001991252 -0.001800905
           oe         te
1  0.16645746 -0.2936209
2  0.00000000 -0.3420758
3 -0.05285776 -0.3440671

[[1]]$ipw.p$se
  delta          mu       mu_1       mu_0         de       se_1       se_0
1   0.5 0.071016806 0.02833697 0.10661667 0.08498281 0.02897526 0.10274355
2   1.0 0.008780084 0.01042605 0.01411766 0.01717272 0.00000000 0.00000000
3   2.0 0.025517118 0.02820603 0.02832725 0.02728237 0.02326139 0.03038855
          oe         te
1 0.07007212 0.02758324
2 0.00000000 0.01717272
3 0.02372788 0.03392159


[[1]]$ipw.np
[[1]]$ipw.np$est
  delta        mu      mu_1      mu_0         de        se_1        se_0
1   0.5 0.5243374 0.2848763 0.7093266 -0.4244503 0.045812855 0.143962936
2   1.0 0.3655565 0.2390635 0.5653637 -0.3263002 0.000000000 0.000000000
3   2.0 0.3185645 0.2408412 0.5673170 -0.3264759 0.001777727 0.001953348
           oe         te
1  0.15878090 -0.2804874
2  0.00000000 -0.3263002
3 -0.04699204 -0.3245225

[[1]]$ipw.np$se
  delta         mu       mu_1       mu_0         de       se_1       se_0
1   0.5 0.06883074 0.02810662 0.10183225 0.08115832 0.02879879 0.09799786
2   1.0 0.00881349 0.01066896 0.01397403 0.01716054 0.00000000 0.00000000
3   2.0 0.02620194 0.02948377 0.02792966 0.02759167 0.02437399 0.02993533
          oe         te
1 0.06789643 0.02735494
2 0.00000000 0.01716054
3 0.02434471 0.03496306



[1] "Total run time was 438.156 seconds"
