WARNING: ignoring environment value of R_HOME

Attaching package: ‘dplyr’

The following objects are masked from ‘package:stats’:

    filter, lag

The following objects are masked from ‘package:base’:

    intersect, setdiff, setequal, union

Loading required package: splines
Loading required package: foreach
Loaded gam 1.20.2

Super Learner
Version: 2.0-28
Package created on 2021-05-04

Loading required package: lattice
Loading required package: ggplot2
Loading required package: Matrix
Loaded glmnet 4.1-7
Loading required package: Formula
Loading required package: plotmo
Loading required package: plotrix
Loading required package: TeachingDemos
Loaded gbm 2.1.8.1

Attaching package: ‘xgboost’

The following object is masked from ‘package:dplyr’:

    slice

[1] "[Simulation setting]"
[1] "m: 500"
[1] "deltas: 0.5, 1, 2"
[1] "Sim.id 1"
[1] "Data generated"
[1] "Proposed & IPW estimators"
[1] "   Split: 1"
[1] "   Split: 2"
[1] "Estimates and SE estimates computed"
[1] ""
[[1]]
[[1]]$pro.p
[[1]]$pro.p$est
  delta        mu      mu_1      mu_0         de       se_1        se_0
1   0.5 0.4444068 0.2612469 0.5893787 -0.3281317  0.0293257 0.017896635
2   1.0 0.3653329 0.2319212 0.5714820 -0.3395608  0.0000000 0.000000000
3   2.0 0.3044664 0.2152244 0.5790794 -0.3638550 -0.0166968 0.007597431
           oe         te
1  0.07907393 -0.3102351
2  0.00000000 -0.3395608
3 -0.06086645 -0.3562576

[[1]]$pro.p$se
  delta         mu       mu_1       mu_0         de       se_1       se_0
1   0.5 0.01539623 0.01399339 0.02032431 0.01979100 0.01109967 0.01742413
2   1.0 0.01205492 0.01070044 0.01577993 0.01354810 0.00000000 0.00000000
3   2.0 0.02005146 0.01955547 0.02637038 0.02372657 0.01520020 0.02020478
          oe         te
1 0.01251426 0.01683226
2 0.00000000 0.01354810
3 0.01605492 0.02230564


[[1]]$pro.np
[[1]]$pro.np$est
  delta        mu      mu_1      mu_0         de          se_1        se_0
1   0.5 0.4288957 0.2542506 0.5620688 -0.3078181  0.0096591765 0.012729195
2   1.0 0.3679124 0.2445915 0.5493396 -0.3047481  0.0000000000 0.000000000
3   2.0 0.3254586 0.2437159 0.5577464 -0.3140305 -0.0008755572 0.008406801
           oe         te
1  0.06098329 -0.2950889
2  0.00000000 -0.3047481
3 -0.04245385 -0.3056237

[[1]]$pro.np$se
  delta         mu       mu_1       mu_0         de       se_1       se_0
1   0.5 0.01421704 0.01366955 0.01743759 0.01684710 0.01120059 0.01465376
2   1.0 0.01241889 0.01109570 0.01543146 0.01210520 0.00000000 0.00000000
3   2.0 0.02546600 0.02640442 0.02527192 0.02428994 0.02197572 0.01879292
          oe         te
1 0.01148301 0.01555211
2 0.00000000 0.01210520
3 0.02130756 0.02752041


[[1]]$ipw.p
[[1]]$ipw.p$est
  delta        mu      mu_1      mu_0         de        se_1         se_0
1   0.5 0.4783616 0.2675014 0.6480461 -0.3805446  0.03946432  0.069104970
2   1.0 0.3641876 0.2280371 0.5789411 -0.3509040  0.00000000  0.000000000
3   2.0 0.2874850 0.1973720 0.5730994 -0.3757275 -0.03066517 -0.005841669
          oe         te
1  0.1141740 -0.3114397
2  0.0000000 -0.3509040
3 -0.0767026 -0.3815691

[[1]]$ipw.p$se
  delta          mu        mu_1       mu_0         de       se_1       se_0
1   0.5 0.063036325 0.020580874 0.10279413 0.08941945 0.02030431 0.09996398
2   1.0 0.008761635 0.009512604 0.01453114 0.01605538 0.00000000 0.00000000
3   2.0 0.020328084 0.019046513 0.03232978 0.02485928 0.01521682 0.03418788
          oe         te
1 0.06222167 0.01989532
2 0.00000000 0.01605538
3 0.01945736 0.02593459


[[1]]$ipw.np
[[1]]$ipw.np$est
  delta        mu      mu_1      mu_0         de        se_1        se_0
1   0.5 0.4713630 0.2715936 0.6288482 -0.3572545  0.03671472  0.06408274
2   1.0 0.3649346 0.2348789 0.5647654 -0.3298865  0.00000000  0.00000000
3   2.0 0.2952697 0.2070597 0.5610036 -0.3539439 -0.02781925 -0.00376182
           oe         te
1  0.10642840 -0.2931718
2  0.00000000 -0.3298865
3 -0.06966486 -0.3577058

[[1]]$ipw.np$se
  delta          mu        mu_1       mu_0         de       se_1       se_0
1   0.5 0.060295253 0.020443991 0.09513443 0.08216089 0.02029727 0.09232125
2   1.0 0.008836236 0.009880095 0.01429411 0.01597155 0.00000000 0.00000000
3   2.0 0.021231521 0.020182473 0.03183142 0.02423327 0.01590316 0.03359407
          oe         te
1 0.05952787 0.01960724
2 0.00000000 0.01597155
3 0.02009194 0.02661498



[1] "Total run time was 451.484 seconds"
