WARNING: ignoring environment value of R_HOME

Attaching package: ‘dplyr’

The following objects are masked from ‘package:stats’:

    filter, lag

The following objects are masked from ‘package:base’:

    intersect, setdiff, setequal, union

Loading required package: splines
Loading required package: foreach
Loaded gam 1.20.2

Super Learner
Version: 2.0-28
Package created on 2021-05-04

Loading required package: lattice
Loading required package: ggplot2
Loading required package: Matrix
Loaded glmnet 4.1-7
Loading required package: Formula
Loading required package: plotmo
Loading required package: plotrix
Loading required package: TeachingDemos
Loaded gbm 2.1.8.1

Attaching package: ‘xgboost’

The following object is masked from ‘package:dplyr’:

    slice

[1] "[Simulation setting]"
[1] "m: 500"
[1] "deltas: 0.5, 1, 2"
[1] "Sim.id 1"
[1] "Data generated"
[1] "Proposed & IPW estimators"
[1] "   Split: 1"
[1] "   Split: 2"
[1] "Estimates and SE estimates computed"
[1] ""
[[1]]
[[1]]$pro.p
[[1]]$pro.p$est
  delta        mu      mu_1      mu_0         de        se_1        se_0
1   0.5 0.4359459 0.2507543 0.5852918 -0.3345375  0.02374191  0.03279592
2   1.0 0.3516594 0.2270124 0.5524959 -0.3254835  0.00000000  0.00000000
3   2.0 0.2661461 0.1854284 0.5282385 -0.3428101 -0.04158399 -0.02425736
           oe         te
1  0.08428647 -0.3017415
2  0.00000000 -0.3254835
3 -0.08551332 -0.3670674

[[1]]$pro.p$se
  delta         mu       mu_1       mu_0         de       se_1       se_0
1   0.5 0.01684723 0.01475067 0.02259878 0.02149148 0.01271453 0.01922581
2   1.0 0.01166964 0.01032074 0.01593646 0.01396551 0.00000000 0.00000000
3   2.0 0.01826104 0.01691401 0.02672140 0.02320066 0.01241628 0.02059612
          oe         te
1 0.01454608 0.01855660
2 0.00000000 0.01396551
3 0.01377019 0.01983987


[[1]]$pro.np
[[1]]$pro.np$est
  delta        mu      mu_1      mu_0         de        se_1        se_0
1   0.5 0.4246945 0.2543470 0.5550419 -0.3006950  0.02031609  0.04090235
2   1.0 0.3448272 0.2340309 0.5141396 -0.2801087  0.00000000  0.00000000
3   2.0 0.2735970 0.2059025 0.4882403 -0.2823378 -0.02812840 -0.02589929
           oe         te
1  0.07986731 -0.2597926
2  0.00000000 -0.2801087
3 -0.07123016 -0.3082371

[[1]]$pro.np$se
  delta         mu       mu_1       mu_0         de       se_1       se_0
1   0.5 0.01476861 0.01269279 0.01976712 0.01909462 0.01044957 0.01653299
2   1.0 0.01229129 0.01100792 0.01552103 0.01238628 0.00000000 0.00000000
3   2.0 0.02140996 0.02038393 0.02672852 0.02166688 0.01529037 0.01997028
          oe         te
1 0.01219120 0.01565359
2 0.00000000 0.01238628
3 0.01623129 0.02079356


[[1]]$ipw.p
[[1]]$ipw.p$est
  delta        mu      mu_1      mu_0         de        se_1        se_0
1   0.5 0.4491862 0.2547490 0.6108253 -0.3560763  0.02637233  0.04895288
2   1.0 0.3547399 0.2283766 0.5618724 -0.3334958  0.00000000  0.00000000
3   2.0 0.2665072 0.1827780 0.5369080 -0.3541299 -0.04559860 -0.02496442
           oe         te
1  0.09444630 -0.3071234
2  0.00000000 -0.3334958
3 -0.08823275 -0.3790944

[[1]]$ipw.p$se
  delta          mu        mu_1       mu_0         de       se_1       se_0
1   0.5 0.042322055 0.017437662 0.06929279 0.06264583 0.01709666 0.06478918
2   1.0 0.008601063 0.009130875 0.01502771 0.01643700 0.00000000 0.00000000
3   2.0 0.019400629 0.017784959 0.03031499 0.02275329 0.01435982 0.03232599
          oe         te
1 0.04112901 0.01796583
2 0.00000000 0.01643700
3 0.01870254 0.02506307


[[1]]$ipw.np
[[1]]$ipw.np$est
  delta        mu      mu_1      mu_0         de        se_1        se_0
1   0.5 0.4396852 0.2624400 0.5795093 -0.3170693  0.02787849  0.03656056
2   1.0 0.3547556 0.2345615 0.5429487 -0.3083872  0.00000000  0.00000000
3   2.0 0.2621119 0.1818993 0.5108130 -0.3289137 -0.05266214 -0.03213572
           oe         te
1  0.08492955 -0.2805088
2  0.00000000 -0.3083872
3 -0.09264376 -0.3610494

[[1]]$ipw.np$se
  delta         mu       mu_1       mu_0         de       se_1       se_0
1   0.5 0.03924589 0.01732684 0.06174973 0.05520636 0.01695058 0.05711689
2   1.0 0.00860643 0.00930083 0.01473933 0.01611515 0.00000000 0.00000000
3   2.0 0.01830326 0.01726735 0.02836856 0.02168419 0.01374246 0.03021101
          oe         te
1 0.03796134 0.01756375
2 0.00000000 0.01611515
3 0.01763037 0.02433518



[1] "Total run time was 257.862 seconds"
