WARNING: ignoring environment value of R_HOME

Attaching package: ‘dplyr’

The following objects are masked from ‘package:stats’:

    filter, lag

The following objects are masked from ‘package:base’:

    intersect, setdiff, setequal, union

Loading required package: splines
Loading required package: foreach
Loaded gam 1.20.2

Super Learner
Version: 2.0-28
Package created on 2021-05-04

Loading required package: lattice
Loading required package: ggplot2
Loading required package: Matrix
Loaded glmnet 4.1-7
Loading required package: Formula
Loading required package: plotmo
Loading required package: plotrix
Loading required package: TeachingDemos
Loaded gbm 2.1.8.1

Attaching package: ‘xgboost’

The following object is masked from ‘package:dplyr’:

    slice

[1] "[Simulation setting]"
[1] "m: 500"
[1] "deltas: 0.5, 1, 2"
[1] "Sim.id 1"
[1] "Data generated"
[1] "Proposed & IPW estimators"
[1] "   Split: 1"
[1] "   Split: 2"
[1] "Estimates and SE estimates computed"
[1] ""
[[1]]
[[1]]$pro.p
[[1]]$pro.p$est
  delta        mu      mu_1      mu_0         de        se_1        se_0
1   0.5 0.4269277 0.2353005 0.5767674 -0.3414669  0.01650900  0.02663633
2   1.0 0.3488746 0.2187915 0.5501311 -0.3313396  0.00000000  0.00000000
3   2.0 0.2620575 0.1877604 0.4961658 -0.3084053 -0.03103101 -0.05396532
           oe         te
1  0.07805302 -0.3148306
2  0.00000000 -0.3313396
3 -0.08681717 -0.3623706

[[1]]$pro.p$se
  delta         mu       mu_1       mu_0         de       se_1       se_0
1   0.5 0.01626646 0.01444018 0.02142698 0.02077638 0.01241851 0.01679856
2   1.0 0.01187053 0.01036260 0.01603982 0.01370194 0.00000000 0.00000000
3   2.0 0.01845600 0.01700860 0.02578365 0.02213396 0.01208775 0.01957874
          oe         te
1 0.01296916 0.01771933
2 0.00000000 0.01370194
3 0.01336613 0.01927279


[[1]]$pro.np
[[1]]$pro.np$est
  delta        mu      mu_1      mu_0         de        se_1        se_0
1   0.5 0.4216341 0.2514524 0.5470039 -0.2955515  0.02387948  0.02231905
2   1.0 0.3490462 0.2275729 0.5246848 -0.2971119  0.00000000  0.00000000
3   2.0 0.2584916 0.1899107 0.4669324 -0.2770218 -0.03766225 -0.05775240
           oe         te
1  0.07258787 -0.2732324
2  0.00000000 -0.2971119
3 -0.09055458 -0.3347742

[[1]]$pro.np$se
  delta         mu       mu_1       mu_0         de       se_1       se_0
1   0.5 0.01602808 0.01387938 0.02172634 0.02185863 0.01115091 0.01652875
2   1.0 0.01227039 0.01087616 0.01552389 0.01254306 0.00000000 0.00000000
3   2.0 0.01907485 0.01770314 0.02484656 0.02048458 0.01255327 0.01888132
          oe         te
1 0.01197504 0.01598765
2 0.00000000 0.01254306
3 0.01383487 0.01915666


[[1]]$ipw.p
[[1]]$ipw.p$est
  delta        mu      mu_1      mu_0         de         se_1        se_0
1   0.5 0.4553439 0.2444543 0.6227126 -0.3782583  0.023409883  0.06937431
2   1.0 0.3501954 0.2210444 0.5533383 -0.3322939  0.000000000  0.00000000
3   2.0 0.2906788 0.2143184 0.5293641 -0.3150456 -0.006726028 -0.02397427
          oe         te
1  0.1051485 -0.3088840
2  0.0000000 -0.3322939
3 -0.0595166 -0.3390199

[[1]]$ipw.p$se
  delta         mu        mu_1       mu_0         de       se_1       se_0
1   0.5 0.03711601 0.018133432 0.05720215 0.04928299 0.01801242 0.05143992
2   1.0 0.00875018 0.009362176 0.01518404 0.01676976 0.00000000 0.00000000
3   2.0 0.02342216 0.025225829 0.02695991 0.02443675 0.02192936 0.02871096
          oe         te
1 0.03562251 0.01859095
2 0.00000000 0.01676976
3 0.02264727 0.03177858


[[1]]$ipw.np
[[1]]$ipw.np$est
  delta        mu      mu_1      mu_0         de         se_1        se_0
1   0.5 0.4570081 0.2544771 0.6139333 -0.3594561 0.0276315395  0.07562972
2   1.0 0.3503750 0.2268456 0.5383036 -0.3114580 0.0000000000  0.00000000
3   2.0 0.2994129 0.2273330 0.5162273 -0.2888943 0.0004873823 -0.02207627
           oe         te
1  0.10663307 -0.2838264
2  0.00000000 -0.3114580
3 -0.05096216 -0.3109706

[[1]]$ipw.np$se
  delta          mu        mu_1       mu_0         de       se_1       se_0
1   0.5 0.036827657 0.018784994 0.05573574 0.04766573 0.01870980 0.04996961
2   1.0 0.008788037 0.009634286 0.01495717 0.01668860 0.00000000 0.00000000
3   2.0 0.025827084 0.028637576 0.02702612 0.02504665 0.02528663 0.02871990
          oe         te
1 0.03535753 0.01897403
2 0.00000000 0.01668860
3 0.02495590 0.03453649



[1] "Total run time was 257.385 seconds"
