WARNING: ignoring environment value of R_HOME

Attaching package: ‘dplyr’

The following objects are masked from ‘package:stats’:

    filter, lag

The following objects are masked from ‘package:base’:

    intersect, setdiff, setequal, union

Loading required package: splines
Loading required package: foreach
Loaded gam 1.20.2

Super Learner
Version: 2.0-28
Package created on 2021-05-04

Loading required package: lattice
Loading required package: ggplot2
Loading required package: Matrix
Loaded glmnet 4.1-7
Loading required package: Formula
Loading required package: plotmo
Loading required package: plotrix
Loading required package: TeachingDemos
Loaded gbm 2.1.8.1

Attaching package: ‘xgboost’

The following object is masked from ‘package:dplyr’:

    slice

[1] "[Simulation setting]"
[1] "m: 500"
[1] "deltas: 0.5, 1, 2"
[1] "Sim.id 1"
[1] "Data generated"
[1] "Proposed & IPW estimators"
[1] "   Split: 1"
[1] "   Split: 2"
[1] "Estimates and SE estimates computed"
[1] ""
[[1]]
[[1]]$pro.p
[[1]]$pro.p$est
  delta        mu      mu_1      mu_0         de        se_1        se_0
1   0.5 0.4375095 0.2463034 0.5941418 -0.3478384  0.02775238  0.04939297
2   1.0 0.3407668 0.2185510 0.5447488 -0.3261978  0.00000000  0.00000000
3   2.0 0.2586519 0.1889675 0.4966614 -0.3076939 -0.02958344 -0.04808740
           oe         te
1  0.09674275 -0.2984454
2  0.00000000 -0.3261978
3 -0.08211489 -0.3557813

[[1]]$pro.p$se
  delta         mu       mu_1       mu_0         de       se_1       se_0
1   0.5 0.01945468 0.01502956 0.02500432 0.01886109 0.01283283 0.02172205
2   1.0 0.01196405 0.01092277 0.01588840 0.01393791 0.00000000 0.00000000
3   2.0 0.02173276 0.02109000 0.02830476 0.02468010 0.01548027 0.02145639
          oe         te
1 0.01692838 0.01731472
2 0.00000000 0.01393791
3 0.01634779 0.02222441


[[1]]$pro.np
[[1]]$pro.np$est
  delta        mu      mu_1      mu_0         de        se_1        se_0
1   0.5 0.4162282 0.2534760 0.5446125 -0.2911365  0.01923755  0.03636584
2   1.0 0.3401010 0.2342385 0.5082467 -0.2740082  0.00000000  0.00000000
3   2.0 0.2762791 0.2170701 0.4676190 -0.2505489 -0.01716835 -0.04062764
           oe         te
1  0.07612725 -0.2547706
2  0.00000000 -0.2740082
3 -0.06382182 -0.2911765

[[1]]$pro.np$se
  delta         mu       mu_1       mu_0         de       se_1       se_0
1   0.5 0.01935011 0.01535257 0.02430999 0.01705324 0.01300729 0.02070321
2   1.0 0.01220513 0.01114949 0.01536569 0.01243675 0.00000000 0.00000000
3   2.0 0.02322873 0.02282227 0.02776160 0.02382153 0.01689912 0.02114300
          oe         te
1 0.01663942 0.01635435
2 0.00000000 0.01243675
3 0.01753301 0.02262716


[[1]]$ipw.p
[[1]]$ipw.p$est
  delta        mu      mu_1      mu_0         de        se_1        se_0
1   0.5 0.4232941 0.2441007 0.5732503 -0.3291497  0.01820147  0.02083362
2   1.0 0.3491122 0.2258992 0.5524167 -0.3265175  0.00000000  0.00000000
3   2.0 0.2652959 0.1903011 0.5150258 -0.3247247 -0.03559807 -0.03739089
           oe         te
1  0.07418186 -0.3083160
2  0.00000000 -0.3265175
3 -0.08381636 -0.3621156

[[1]]$ipw.p$se
  delta          mu        mu_1       mu_0         de       se_1       se_0
1   0.5 0.036277106 0.015395609 0.06076349 0.05586393 0.01542144 0.05692263
2   1.0 0.008683473 0.009666692 0.01516981 0.01734250 0.00000000 0.00000000
3   2.0 0.018664645 0.019723886 0.02796133 0.02703279 0.01503112 0.02917485
          oe         te
1 0.03510382 0.01579659
2 0.00000000 0.01734250
3 0.01746479 0.02728075


[[1]]$ipw.np
[[1]]$ipw.np$est
  delta        mu      mu_1      mu_0         de        se_1        se_0
1   0.5 0.4168594 0.2490015 0.5539295 -0.3049281  0.01714589  0.01629003
2   1.0 0.3497580 0.2318556 0.5376395 -0.3057839  0.00000000  0.00000000
3   2.0 0.2729099 0.1998657 0.5024692 -0.3026035 -0.03198984 -0.03517027
           oe         te
1  0.06710144 -0.2886380
2  0.00000000 -0.3057839
3 -0.07684809 -0.3377738

[[1]]$ipw.np$se
  delta          mu       mu_1       mu_0         de       se_1       se_0
1   0.5 0.034644240 0.01558749 0.05683792 0.05211684 0.01570083 0.05299505
2   1.0 0.008753087 0.01002853 0.01487721 0.01727525 0.00000000 0.00000000
3   2.0 0.019889692 0.02168188 0.02759383 0.02798821 0.01670881 0.02879188
          oe         te
1 0.03352012 0.01586277
2 0.00000000 0.01727525
3 0.01847368 0.02862681



[1] "Total run time was 387.252 seconds"
