WARNING: ignoring environment value of R_HOME

Attaching package: ‘dplyr’

The following objects are masked from ‘package:stats’:

    filter, lag

The following objects are masked from ‘package:base’:

    intersect, setdiff, setequal, union

Loading required package: splines
Loading required package: foreach
Loaded gam 1.20.2

Super Learner
Version: 2.0-28
Package created on 2021-05-04

Loading required package: lattice
Loading required package: ggplot2
Loading required package: Matrix
Loaded glmnet 4.1-7
Loading required package: Formula
Loading required package: plotmo
Loading required package: plotrix
Loading required package: TeachingDemos
Loaded gbm 2.1.8.1

Attaching package: ‘xgboost’

The following object is masked from ‘package:dplyr’:

    slice

[1] "[Simulation setting]"
[1] "m: 500"
[1] "deltas: 0.5, 1, 2"
[1] "Sim.id 1"
[1] "Data generated"
[1] "Proposed & IPW estimators"
[1] "   Split: 1"
[1] "   Split: 2"
[1] "Estimates and SE estimates computed"
[1] ""
[[1]]
[[1]]$pro.p
[[1]]$pro.p$est
  delta        mu      mu_1      mu_0         de        se_1        se_0
1   0.5 0.4269151 0.2413293 0.5748633 -0.3335340  0.03593427  0.02188910
2   1.0 0.3377177 0.2053950 0.5529742 -0.3475792  0.00000000  0.00000000
3   2.0 0.2521007 0.1777644 0.5036363 -0.3258719 -0.02763068 -0.04933796
           oe         te
1  0.08919737 -0.3116449
2  0.00000000 -0.3475792
3 -0.08561709 -0.3752099

[[1]]$pro.p$se
  delta         mu       mu_1       mu_0         de       se_1       se_0
1   0.5 0.01601500 0.01391918 0.02224885 0.02185548 0.01093524 0.01763309
2   1.0 0.01191672 0.01044475 0.01612230 0.01396362 0.00000000 0.00000000
3   2.0 0.01880443 0.01833648 0.02602101 0.02298962 0.01421688 0.01954916
          oe         te
1 0.01247012 0.01669370
2 0.00000000 0.01396362
3 0.01466675 0.02137627


[[1]]$pro.np
[[1]]$pro.np$est
  delta        mu      mu_1      mu_0         de        se_1         se_0
1   0.5 0.4137435 0.2448916 0.5395534 -0.2946618  0.02636356  0.008249837
2   1.0 0.3429307 0.2185280 0.5313036 -0.3127755  0.00000000  0.000000000
3   2.0 0.2630992 0.1953829 0.4770398 -0.2816569 -0.02314509 -0.054263761
           oe         te
1  0.07081276 -0.2864120
2  0.00000000 -0.3127755
3 -0.07983152 -0.3359206

[[1]]$pro.np$se
  delta         mu       mu_1       mu_0         de        se_1       se_0
1   0.5 0.01436277 0.01285451 0.01935403 0.01875144 0.009678101 0.01482448
2   1.0 0.01217828 0.01067574 0.01575611 0.01269023 0.000000000 0.00000000
3   2.0 0.01875699 0.01870166 0.02421199 0.02259223 0.014264380 0.01702133
          oe         te
1 0.01052912 0.01519214
2 0.00000000 0.01269023
3 0.01393425 0.02063445


[[1]]$ipw.p
[[1]]$ipw.p$est
  delta        mu      mu_1      mu_0         de         se_1       se_0
1   0.5 0.4213599 0.2411126 0.5750512 -0.3339386  0.035657958  0.0110080
2   1.0 0.3395746 0.2054547 0.5640432 -0.3585886  0.000000000  0.0000000
3   2.0 0.2778944 0.1982690 0.5391703 -0.3409013 -0.007185655 -0.0248729
           oe         te
1  0.08178539 -0.3229306
2  0.00000000 -0.3585886
3 -0.06168013 -0.3657742

[[1]]$ipw.p$se
  delta          mu        mu_1       mu_0         de       se_1       se_0
1   0.5 0.029250941 0.016889529 0.04438061 0.03673420 0.01645381 0.03816431
2   1.0 0.008564474 0.009045027 0.01532373 0.01669692 0.00000000 0.00000000
3   2.0 0.024314412 0.024009938 0.03261071 0.02428397 0.02037385 0.03416415
          oe         te
1 0.02742264 0.01775623
2 0.00000000 0.01669692
3 0.02323904 0.03049217


[[1]]$ipw.np
[[1]]$ipw.np$est
  delta        mu      mu_1      mu_0         de         se_1        se_0
1   0.5 0.4181892 0.2460350 0.5604462 -0.3144112  0.035908574  0.01079047
2   1.0 0.3400771 0.2101265 0.5496557 -0.3395293  0.000000000  0.00000000
3   2.0 0.2786232 0.2005727 0.5256498 -0.3250771 -0.009553798 -0.02400597
           oe         te
1  0.07811216 -0.3036207
2  0.00000000 -0.3395293
3 -0.06145390 -0.3490831

[[1]]$ipw.np$se
  delta          mu        mu_1       mu_0         de       se_1       se_0
1   0.5 0.029044558 0.017159338 0.04341365 0.03572886 0.01674686 0.03746971
2   1.0 0.008597136 0.009201996 0.01506582 0.01645128 0.00000000 0.00000000
3   2.0 0.023741587 0.023662551 0.03143394 0.02346083 0.02000618 0.03288536
          oe         te
1 0.02730392 0.01784028
2 0.00000000 0.01645128
3 0.02266562 0.02998364



[1] "Total run time was 364.36 seconds"
