WARNING: ignoring environment value of R_HOME

Attaching package: ‘dplyr’

The following objects are masked from ‘package:stats’:

    filter, lag

The following objects are masked from ‘package:base’:

    intersect, setdiff, setequal, union

Loading required package: splines
Loading required package: foreach
Loaded gam 1.20.2

Super Learner
Version: 2.0-28
Package created on 2021-05-04

Loading required package: lattice
Loading required package: ggplot2
Loading required package: Matrix
Loaded glmnet 4.1-7
Loading required package: Formula
Loading required package: plotmo
Loading required package: plotrix
Loading required package: TeachingDemos
Loaded gbm 2.1.8.1

Attaching package: ‘xgboost’

The following object is masked from ‘package:dplyr’:

    slice

[1] "[Simulation setting]"
[1] "m: 500"
[1] "deltas: 0.5, 1, 2"
[1] "Sim.id 1"
[1] "Data generated"
[1] "Proposed & IPW estimators"
[1] "   Split: 1"
[1] "   Split: 2"
[1] "Estimates and SE estimates computed"
[1] ""
[[1]]
[[1]]$pro.p
[[1]]$pro.p$est
  delta        mu      mu_1      mu_0         de         se_1         se_0
1   0.5 0.4619605 0.2670570 0.6109628 -0.3439057  0.032462397  0.044245132
2   1.0 0.3664532 0.2345946 0.5667176 -0.3321230  0.000000000  0.000000000
3   2.0 0.3150789 0.2314688 0.5577685 -0.3262998 -0.003125837 -0.008949097
           oe         te
1  0.09550722 -0.2996606
2  0.00000000 -0.3321230
3 -0.05137435 -0.3352489

[[1]]$pro.p$se
  delta         mu       mu_1       mu_0         de       se_1       se_0
1   0.5 0.01533716 0.01449055 0.01924769 0.01902044 0.01157775 0.01447926
2   1.0 0.01192289 0.01029220 0.01628612 0.01400595 0.00000000 0.00000000
3   2.0 0.01947929 0.01824114 0.02631176 0.02205062 0.01340477 0.01964904
          oe         te
1 0.01123538 0.01788014
2 0.00000000 0.01400595
3 0.01471389 0.02069365


[[1]]$pro.np
[[1]]$pro.np$est
  delta        mu      mu_1      mu_0         de        se_1         se_0
1   0.5 0.4570301 0.2776785 0.5893814 -0.3117030 0.034309202  0.049659077
2   1.0 0.3646214 0.2433693 0.5397224 -0.2963531 0.000000000  0.000000000
3   2.0 0.3236267 0.2478833 0.5333222 -0.2854389 0.004513991 -0.006400173
           oe         te
1  0.09240874 -0.2620439
2  0.00000000 -0.2963531
3 -0.04099466 -0.2918391

[[1]]$pro.np$se
  delta         mu       mu_1       mu_0         de       se_1       se_0
1   0.5 0.01518788 0.01445778 0.01855046 0.01770728 0.01125809 0.01299996
2   1.0 0.01241091 0.01095157 0.01590265 0.01285344 0.00000000 0.00000000
3   2.0 0.02085610 0.02003664 0.02553823 0.02034772 0.01455540 0.01949540
          oe         te
1 0.01059638 0.01660416
2 0.00000000 0.01285344
3 0.01574539 0.02117523


[[1]]$ipw.p
[[1]]$ipw.p$est
  delta        mu      mu_1      mu_0         de        se_1         se_0
1   0.5 0.4244020 0.2466882 0.5700040 -0.3233159  0.01788511 -0.004200337
2   1.0 0.3614528 0.2288031 0.5742044 -0.3454013  0.00000000  0.000000000
3   2.0 0.2757916 0.1917663 0.5432445 -0.3514782 -0.03703679 -0.030959907
           oe         te
1  0.06294922 -0.3275162
2  0.00000000 -0.3454013
3 -0.08566120 -0.3824381

[[1]]$ipw.p$se
  delta          mu        mu_1       mu_0         de       se_1       se_0
1   0.5 0.029722937 0.016628516 0.04554633 0.03926591 0.01658627 0.03909831
2   1.0 0.008527078 0.009437302 0.01491459 0.01702716 0.00000000 0.00000000
3   2.0 0.018951563 0.018901538 0.02763694 0.02342548 0.01426254 0.02981671
          oe         te
1 0.02806403 0.01771913
2 0.00000000 0.01702716
3 0.01760437 0.02606996


[[1]]$ipw.np
[[1]]$ipw.np$est
  delta        mu      mu_1      mu_0         de        se_1        se_0
1   0.5 0.4330982 0.2592976 0.5758299 -0.3165323  0.02545491  0.01428165
2   1.0 0.3612386 0.2338426 0.5615482 -0.3277056  0.00000000  0.00000000
3   2.0 0.2775240 0.1958957 0.5272379 -0.3313422 -0.03794699 -0.03431036
           oe         te
1  0.07185961 -0.3022507
2  0.00000000 -0.3277056
3 -0.08371459 -0.3656526

[[1]]$ipw.np$se
  delta          mu        mu_1       mu_0         de       se_1       se_0
1   0.5 0.029942426 0.017336842 0.04543230 0.03873141 0.01728910 0.03867545
2   1.0 0.008536103 0.009656287 0.01479107 0.01699378 0.00000000 0.00000000
3   2.0 0.019115879 0.019367271 0.02668179 0.02257646 0.01452902 0.02880791
          oe         te
1 0.02825722 0.01794679
2 0.00000000 0.01699378
3 0.01762317 0.02626130



[1] "Total run time was 231.574 seconds"
