WARNING: ignoring environment value of R_HOME

Attaching package: ‘dplyr’

The following objects are masked from ‘package:stats’:

    filter, lag

The following objects are masked from ‘package:base’:

    intersect, setdiff, setequal, union

Loading required package: splines
Loading required package: foreach
Loaded gam 1.20.2

Super Learner
Version: 2.0-28
Package created on 2021-05-04

Loading required package: lattice
Loading required package: ggplot2
Loading required package: Matrix
Loaded glmnet 4.1-7
Loading required package: Formula
Loading required package: plotmo
Loading required package: plotrix
Loading required package: TeachingDemos
Loaded gbm 2.1.8.1

Attaching package: ‘xgboost’

The following object is masked from ‘package:dplyr’:

    slice

[1] "[Simulation setting]"
[1] "m: 500"
[1] "deltas: 0.5, 1, 2"
[1] "Sim.id 1"
[1] "Data generated"
[1] "Proposed & IPW estimators"
[1] "   Split: 1"
[1] "   Split: 2"
[1] "Estimates and SE estimates computed"
[1] ""
[[1]]
[[1]]$pro.p
[[1]]$pro.p$est
  delta        mu      mu_1      mu_0         de        se_1        se_0
1   0.5 0.4485515 0.2348772 0.6163919 -0.3815147  0.01673447  0.03527154
2   1.0 0.3604903 0.2181428 0.5811204 -0.3629776  0.00000000  0.00000000
3   2.0 0.2896310 0.2044928 0.5468310 -0.3423382 -0.01365001 -0.03428942
           oe         te
1  0.08806121 -0.3462431
2  0.00000000 -0.3629776
3 -0.07085929 -0.3766276

[[1]]$pro.p$se
  delta         mu       mu_1       mu_0         de       se_1       se_0
1   0.5 0.01477706 0.01297306 0.02001174 0.02107160 0.01021438 0.01694794
2   1.0 0.01155985 0.01024200 0.01554966 0.01387051 0.00000000 0.00000000
3   2.0 0.02042534 0.02413983 0.02898232 0.03736886 0.02076526 0.02333829
          oe         te
1 0.01167687 0.01680391
2 0.00000000 0.01387051
3 0.01723868 0.02706299


[[1]]$pro.np
[[1]]$pro.np$est
  delta        mu      mu_1      mu_0         de        se_1        se_0
1   0.5 0.4436009 0.2475700 0.5917304 -0.3441603  0.01753123  0.04273334
2   1.0 0.3590703 0.2300388 0.5489970 -0.3189582  0.00000000  0.00000000
3   2.0 0.2818770 0.2086070 0.4957009 -0.2870939 -0.02143180 -0.05329607
           oe         te
1  0.08453064 -0.3014270
2  0.00000000 -0.3189582
3 -0.07719330 -0.3403900

[[1]]$pro.np$se
  delta         mu       mu_1       mu_0         de        se_1       se_0
1   0.5 0.01465367 0.01291825 0.01941536 0.01999192 0.009832435 0.01577592
2   1.0 0.01153191 0.01038245 0.01493958 0.01260594 0.000000000 0.00000000
3   2.0 0.01819842 0.02088352 0.02724844 0.03259023 0.017463728 0.02215564
          oe         te
1 0.01121890 0.01569078
2 0.00000000 0.01260594
3 0.01479659 0.02334894


[[1]]$ipw.p
[[1]]$ipw.p$est
  delta        mu      mu_1      mu_0         de        se_1        se_0
1   0.5 0.4156456 0.2327444 0.5590399 -0.3262955 0.016661114 -0.01798917
2   1.0 0.3577752 0.2160833 0.5770291 -0.3609458 0.000000000  0.00000000
3   2.0 0.3029744 0.2177035 0.5627592 -0.3450557 0.001620175 -0.01426989
           oe         te
1  0.05787032 -0.3442847
2  0.00000000 -0.3609458
3 -0.05480088 -0.3593256

[[1]]$ipw.p$se
  delta          mu        mu_1       mu_0         de       se_1       se_0
1   0.5 0.028850432 0.015087811 0.04475753 0.04059000 0.01470819 0.03944984
2   1.0 0.008737962 0.009533922 0.01463650 0.01646202 0.00000000 0.00000000
3   2.0 0.027888255 0.030280916 0.03991705 0.04149502 0.02677184 0.04107269
          oe         te
1 0.02730121 0.01639892
2 0.00000000 0.01646202
3 0.02714513 0.03617890


[[1]]$ipw.np
[[1]]$ipw.np$est
  delta        mu      mu_1      mu_0         de        se_1        se_0
1   0.5 0.4161382 0.2437916 0.5480515 -0.3042599 0.019922053 -0.01101351
2   1.0 0.3583535 0.2238695 0.5590650 -0.3351955 0.000000000  0.00000000
3   2.0 0.3100381 0.2325333 0.5386676 -0.3061343 0.008663771 -0.02039737
           oe         te
1  0.05778471 -0.3152734
2  0.00000000 -0.3351955
3 -0.04831538 -0.3265317

[[1]]$ipw.np$se
  delta          mu        mu_1       mu_0         de       se_1       se_0
1   0.5 0.029109983 0.015845294 0.04437594 0.03972918 0.01562372 0.03906183
2   1.0 0.008781252 0.009966661 0.01438051 0.01640018 0.00000000 0.00000000
3   2.0 0.030698750 0.037715487 0.03423008 0.04437340 0.03408599 0.03534099
          oe         te
1 0.02758614 0.01657759
2 0.00000000 0.01640018
3 0.02976420 0.04267192



[1] "Total run time was 300.497 seconds"
