WARNING: ignoring environment value of R_HOME

Attaching package: ‘dplyr’

The following objects are masked from ‘package:stats’:

    filter, lag

The following objects are masked from ‘package:base’:

    intersect, setdiff, setequal, union

Loading required package: splines
Loading required package: foreach
Loaded gam 1.20.2

Super Learner
Version: 2.0-28
Package created on 2021-05-04

Loading required package: lattice
Loading required package: ggplot2
Loading required package: Matrix
Loaded glmnet 4.1-7
Loading required package: Formula
Loading required package: plotmo
Loading required package: plotrix
Loading required package: TeachingDemos
Loaded gbm 2.1.8.1

Attaching package: ‘xgboost’

The following object is masked from ‘package:dplyr’:

    slice

[1] "[Simulation setting]"
[1] "m: 500"
[1] "deltas: 0.5, 1, 2"
[1] "Sim.id 1"
[1] "Data generated"
[1] "Proposed & IPW estimators"
[1] "   Split: 1"
[1] "   Split: 2"
[1] "Estimates and SE estimates computed"
[1] ""
[[1]]
[[1]]$pro.p
[[1]]$pro.p$est
  delta        mu      mu_1      mu_0         de        se_1         se_0
1   0.5 0.4326658 0.2508053 0.5841964 -0.3333911  0.02557452 0.0060056335
2   1.0 0.3570415 0.2252308 0.5781908 -0.3529600  0.00000000 0.0000000000
3   2.0 0.2746403 0.1850952 0.5788034 -0.3937082 -0.04013563 0.0006126343
           oe         te
1  0.07562434 -0.3273854
2  0.00000000 -0.3529600
3 -0.08240123 -0.3930956

[[1]]$pro.p$se
  delta         mu       mu_1       mu_0         de       se_1       se_0
1   0.5 0.01600776 0.01575836 0.02134510 0.02246151 0.01336817 0.01726110
2   1.0 0.01195499 0.01131935 0.01581824 0.01478368 0.00000000 0.00000000
3   2.0 0.01973234 0.01869373 0.02599902 0.02220941 0.01377467 0.01951953
          oe         te
1 0.01352644 0.01939767
2 0.00000000 0.01478368
3 0.01486927 0.02134137


[[1]]$pro.np
[[1]]$pro.np$est
  delta        mu      mu_1      mu_0         de        se_1          se_0
1   0.5 0.4316980 0.2666819 0.5601343 -0.2934523  0.02215503  0.0064100312
2   1.0 0.3657166 0.2445269 0.5537242 -0.3091973  0.00000000  0.0000000000
3   2.0 0.2902422 0.2063243 0.5530400 -0.3467158 -0.03820264 -0.0006842002
           oe         te
1  0.06598144 -0.2870423
2  0.00000000 -0.3091973
3 -0.07547434 -0.3474000

[[1]]$pro.np$se
  delta         mu       mu_1       mu_0         de       se_1       se_0
1   0.5 0.01395148 0.01511766 0.01819024 0.02064750 0.01244953 0.01435376
2   1.0 0.01250423 0.01175862 0.01585969 0.01353814 0.00000000 0.00000000
3   2.0 0.01939806 0.01812031 0.02529847 0.02049617 0.01235849 0.01769646
          oe         te
1 0.01095191 0.01784960
2 0.00000000 0.01353814
3 0.01360395 0.01954890


[[1]]$ipw.p
[[1]]$ipw.p$est
  delta        mu      mu_1      mu_0         de        se_1       se_0
1   0.5 0.4832022 0.2671664 0.6627066 -0.3955402  0.03553043 0.08284285
2   1.0 0.3623423 0.2316360 0.5798638 -0.3482278  0.00000000 0.00000000
3   2.0 0.3069203 0.2157732 0.6091597 -0.3933866 -0.01586285 0.02929597
           oe         te
1  0.12085997 -0.3126973
2  0.00000000 -0.3482278
3 -0.05542197 -0.3640906

[[1]]$ipw.p$se
  delta          mu       mu_1       mu_0         de       se_1       se_0
1   0.5 0.039986906 0.01955992 0.06348490 0.05623926 0.01952682 0.05862769
2   1.0 0.008372457 0.01012166 0.01396889 0.01702953 0.00000000 0.00000000
3   2.0 0.021697901 0.02150871 0.03066342 0.02382926 0.01740419 0.03250043
         oe         te
1 0.0389780 0.02002170
2 0.0000000 0.01702953
3 0.0202283 0.02774909


[[1]]$ipw.np
[[1]]$ipw.np$est
  delta        mu      mu_1      mu_0         de        se_1       se_0
1   0.5 0.4723299 0.2750262 0.6270858 -0.3520596  0.03578312 0.07021477
2   1.0 0.3626376 0.2392431 0.5568710 -0.3176279  0.00000000 0.00000000
3   2.0 0.3064262 0.2195380 0.5789485 -0.3594105 -0.01970509 0.02207748
           oe         te
1  0.10969230 -0.2818448
2  0.00000000 -0.3176279
3 -0.05621135 -0.3373330

[[1]]$ipw.np$se
  delta          mu       mu_1       mu_0         de       se_1       se_0
1   0.5 0.037985033 0.01953237 0.05832026 0.05141759 0.01952796 0.05353892
2   1.0 0.008412245 0.01043406 0.01355167 0.01675379 0.00000000 0.00000000
3   2.0 0.021414910 0.02157741 0.02897393 0.02255754 0.01721034 0.03070278
          oe         te
1 0.03698096 0.01980282
2 0.00000000 0.01675379
3 0.01984264 0.02744555



[1] "Total run time was 293.735 seconds"
