WARNING: ignoring environment value of R_HOME

Attaching package: ‘dplyr’

The following objects are masked from ‘package:stats’:

    filter, lag

The following objects are masked from ‘package:base’:

    intersect, setdiff, setequal, union

Loading required package: splines
Loading required package: foreach
Loaded gam 1.20.2

Super Learner
Version: 2.0-28
Package created on 2021-05-04

Loading required package: lattice
Loading required package: ggplot2
Loading required package: Matrix
Loaded glmnet 4.1-7
Loading required package: Formula
Loading required package: plotmo
Loading required package: plotrix
Loading required package: TeachingDemos
Loaded gbm 2.1.8.1

Attaching package: ‘xgboost’

The following object is masked from ‘package:dplyr’:

    slice

[1] "[Simulation setting]"
[1] "m: 500"
[1] "deltas: 0.5, 1, 2"
[1] "Sim.id 1"
[1] "Data generated"
[1] "Proposed & IPW estimators"
[1] "   Split: 1"
[1] "   Split: 2"
[1] "Estimates and SE estimates computed"
[1] ""
[[1]]
[[1]]$pro.p
[[1]]$pro.p$est
  delta        mu      mu_1      mu_0         de        se_1       se_0
1   0.5 0.4328101 0.2659227 0.5693729 -0.3034502  0.01966468 0.01517459
2   1.0 0.3643654 0.2462580 0.5541983 -0.3079403  0.00000000 0.00000000
3   2.0 0.3048101 0.2243992 0.5663613 -0.3419620 -0.02185873 0.01216295
           oe         te
1  0.06844468 -0.2882756
2  0.00000000 -0.3079403
3 -0.05955534 -0.3297991

[[1]]$pro.p$se
  delta         mu       mu_1       mu_0         de       se_1       se_0
1   0.5 0.01488254 0.01339942 0.01837111 0.01622944 0.01050456 0.01446530
2   1.0 0.01208430 0.01125980 0.01614892 0.01428024 0.00000000 0.00000000
3   2.0 0.01786499 0.01727689 0.02584833 0.02320020 0.01222192 0.01853379
          oe         te
1 0.01145513 0.01618325
2 0.00000000 0.01428024
3 0.01326065 0.02015488


[[1]]$pro.np
[[1]]$pro.np$est
  delta        mu      mu_1      mu_0         de        se_1        se_0
1   0.5 0.4242261 0.2742729 0.5395162 -0.2652433  0.02047094 0.008377252
2   1.0 0.3640147 0.2538019 0.5311389 -0.2773370  0.00000000 0.000000000
3   2.0 0.3096933 0.2328071 0.5419718 -0.3091647 -0.02099487 0.010832871
           oe         te
1  0.06021138 -0.2568660
2  0.00000000 -0.2773370
3 -0.05432142 -0.2983319

[[1]]$pro.np$se
  delta         mu       mu_1       mu_0         de        se_1       se_0
1   0.5 0.01385416 0.01258591 0.01705148 0.01474441 0.009196144 0.01285102
2   1.0 0.01231777 0.01150367 0.01587625 0.01311608 0.000000000 0.00000000
3   2.0 0.01870730 0.01827220 0.02445008 0.02141396 0.013012215 0.01722497
          oe         te
1 0.01005604 0.01438199
2 0.00000000 0.01311608
3 0.01385380 0.02039400


[[1]]$ipw.p
[[1]]$ipw.p$est
  delta        mu      mu_1      mu_0         de        se_1        se_0
1   0.5 0.3917722 0.2619760 0.4973573 -0.2353813  0.02834017 -0.04137219
2   1.0 0.3504070 0.2336358 0.5387295 -0.3050936  0.00000000  0.00000000
3   2.0 0.2705252 0.1941330 0.5173291 -0.3231961 -0.03950281 -0.02140039
           oe         te
1  0.04136513 -0.2767535
2  0.00000000 -0.3050936
3 -0.07988182 -0.3445965

[[1]]$ipw.p$se
  delta         mu        mu_1       mu_0         de       se_1       se_0
1   0.5 0.03071257 0.018515253 0.04333527 0.03120936 0.01830797 0.03854076
2   1.0 0.00873780 0.009981499 0.01471950 0.01698387 0.00000000 0.00000000
3   2.0 0.01919730 0.020506973 0.02874293 0.02872988 0.01641729 0.02935091
          oe         te
1 0.02924300 0.01874201
2 0.00000000 0.01698387
3 0.01799142 0.02741426


[[1]]$ipw.np
[[1]]$ipw.np$est
  delta        mu      mu_1      mu_0         de        se_1        se_0
1   0.5 0.3866035 0.2675757 0.4802550 -0.2126793  0.02752732 -0.04214257
2   1.0 0.3508261 0.2400484 0.5223976 -0.2823492  0.00000000  0.00000000
3   2.0 0.2735112 0.1999808 0.4997588 -0.2997780 -0.04006758 -0.02263873
           oe         te
1  0.03577738 -0.2548219
2  0.00000000 -0.2823492
3 -0.07731492 -0.3224168

[[1]]$ipw.np$se
  delta          mu       mu_1       mu_0         de       se_1       se_0
1   0.5 0.029438147 0.01844581 0.04068584 0.02907453 0.01828169 0.03603033
2   1.0 0.008782823 0.01026891 0.01437671 0.01680719 0.00000000 0.00000000
3   2.0 0.019761078 0.02151441 0.02795517 0.02857024 0.01731199 0.02848616
          oe         te
1 0.02803578 0.01857446
2 0.00000000 0.01680719
3 0.01847239 0.02796936



[1] "Total run time was 399.353 seconds"
