WARNING: ignoring environment value of R_HOME

Attaching package: ‘dplyr’

The following objects are masked from ‘package:stats’:

    filter, lag

The following objects are masked from ‘package:base’:

    intersect, setdiff, setequal, union

Loading required package: splines
Loading required package: foreach
Loaded gam 1.20.2

Super Learner
Version: 2.0-28
Package created on 2021-05-04

Loading required package: lattice
Loading required package: ggplot2
Loading required package: Matrix
Loaded glmnet 4.1-7
Loading required package: Formula
Loading required package: plotmo
Loading required package: plotrix
Loading required package: TeachingDemos
Loaded gbm 2.1.8.1

Attaching package: ‘xgboost’

The following object is masked from ‘package:dplyr’:

    slice

[1] "[Simulation setting]"
[1] "m: 500"
[1] "deltas: 0.5, 1, 2"
[1] "Sim.id 1"
[1] "Data generated"
[1] "Proposed & IPW estimators"
[1] "   Split: 1"
[1] "   Split: 2"
[1] "Estimates and SE estimates computed"
[1] ""
[[1]]
[[1]]$pro.p
[[1]]$pro.p$est
  delta        mu      mu_1      mu_0         de        se_1         se_0
1   0.5 0.4158699 0.2422090 0.5546627 -0.3124537  0.01574354 -0.009285739
2   1.0 0.3575285 0.2264655 0.5639484 -0.3374829  0.00000000  0.000000000
3   2.0 0.2778456 0.1959695 0.5401755 -0.3442061 -0.03049604 -0.023772890
           oe         te
1  0.05834135 -0.3217394
2  0.00000000 -0.3374829
3 -0.07968290 -0.3679790

[[1]]$pro.p$se
  delta         mu       mu_1       mu_0         de       se_1       se_0
1   0.5 0.01618468 0.01471561 0.02239363 0.02198205 0.01159260 0.01778932
2   1.0 0.01218906 0.01085891 0.01628072 0.01383614 0.00000000 0.00000000
3   2.0 0.02103454 0.02025206 0.02830364 0.02492979 0.01599019 0.02161194
          oe         te
1 0.01295901 0.01723133
2 0.00000000 0.01383614
3 0.01660161 0.02236229


[[1]]$pro.np
[[1]]$pro.np$est
  delta        mu      mu_1      mu_0         de         se_1        se_0
1   0.5 0.3975250 0.2441144 0.5140998 -0.2699854  0.007401339 -0.01831319
2   1.0 0.3564386 0.2367131 0.5324129 -0.2956999  0.000000000  0.00000000
3   2.0 0.2783628 0.1992454 0.5148424 -0.3155969 -0.037467634 -0.01757059
           oe         te
1  0.04108638 -0.2882985
2  0.00000000 -0.2956999
3 -0.07807586 -0.3331675

[[1]]$pro.np$se
  delta         mu       mu_1       mu_0         de       se_1       se_0
1   0.5 0.01543348 0.01522241 0.01980409 0.01920983 0.01191639 0.01500027
2   1.0 0.01251483 0.01141800 0.01565517 0.01261091 0.00000000 0.00000000
3   2.0 0.02281980 0.02252350 0.02590340 0.02354559 0.01825317 0.01944350
          oe         te
1 0.01200018 0.01625232
2 0.00000000 0.01261091
3 0.01839968 0.02367270


[[1]]$ipw.p
[[1]]$ipw.p$est
  delta        mu      mu_1      mu_0         de         se_1          se_0
1   0.5 0.4688769 0.2572535 0.6434655 -0.3862120  0.034692208  0.0831737827
2   1.0 0.3509212 0.2225613 0.5602917 -0.3377304  0.000000000  0.0000000000
3   2.0 0.2963460 0.2144727 0.5593139 -0.3448412 -0.008088592 -0.0009777852
           oe         te
1  0.11795570 -0.3030382
2  0.00000000 -0.3377304
3 -0.05457519 -0.3458190

[[1]]$ipw.p$se
  delta          mu        mu_1       mu_0         de       se_1       se_0
1   0.5 0.036987735 0.018821141 0.05613558 0.04586947 0.01855543 0.05062551
2   1.0 0.008684334 0.009376361 0.01497218 0.01649468 0.00000000 0.00000000
3   2.0 0.022493105 0.021290690 0.03236249 0.02256325 0.01764570 0.03438900
          oe         te
1 0.03551648 0.01811002
2 0.00000000 0.01649468
3 0.02149957 0.02813585


[[1]]$ipw.np
[[1]]$ipw.np$est
  delta        mu      mu_1      mu_0         de         se_1        se_0
1   0.5 0.4555543 0.2603567 0.6099701 -0.3496134  0.031076086 0.067568976
2   1.0 0.3517561 0.2292806 0.5424011 -0.3131205  0.000000000 0.000000000
3   2.0 0.3045522 0.2248822 0.5468371 -0.3219549 -0.004398384 0.004436029
           oe         te
1  0.10379819 -0.2820444
2  0.00000000 -0.3131205
3 -0.04720389 -0.3175189

[[1]]$ipw.np$se
  delta          mu        mu_1       mu_0         de       se_1       se_0
1   0.5 0.034992723 0.018810101 0.05183014 0.04198370 0.01858220 0.04638629
2   1.0 0.008749402 0.009677318 0.01462547 0.01631272 0.00000000 0.00000000
3   2.0 0.023979464 0.023044419 0.03268723 0.02210822 0.01922024 0.03451862
          oe         te
1 0.03354949 0.01796215
2 0.00000000 0.01631272
3 0.02284309 0.02927622



[1] "Total run time was 352.883 seconds"
