WARNING: ignoring environment value of R_HOME

Attaching package: ‘dplyr’

The following objects are masked from ‘package:stats’:

    filter, lag

The following objects are masked from ‘package:base’:

    intersect, setdiff, setequal, union

Loading required package: splines
Loading required package: foreach
Loaded gam 1.20.2

Super Learner
Version: 2.0-28
Package created on 2021-05-04

Loading required package: lattice
Loading required package: ggplot2
Loading required package: Matrix
Loaded glmnet 4.1-7
Loading required package: Formula
Loading required package: plotmo
Loading required package: plotrix
Loading required package: TeachingDemos
Loaded gbm 2.1.8.1

Attaching package: ‘xgboost’

The following object is masked from ‘package:dplyr’:

    slice

[1] "[Simulation setting]"
[1] "m: 100"
[1] "deltas: 0.5, 1, 2"
[1] "Sim.id 1"
[1] "Data generated"
[1] "   Split: 1"
[1] "   Split: 2"
[1] "Estimates and SE estimates computed"
[1] ""
[[1]]
[[1]]$est
  delta        mu      mu_1      mu_0         de        se_1         se_0
1   0.5 0.4143632 0.2277806 0.5513298 -0.3235493  0.01268017  0.002460860
2   1.0 0.3544266 0.2151004 0.5488690 -0.3337686  0.00000000  0.000000000
3   2.0 0.2953088 0.2014615 0.5463406 -0.3448791 -0.01363893 -0.002528374
           oe         te
1  0.05993662 -0.3210884
2  0.00000000 -0.3337686
3 -0.05911782 -0.3474075

[[1]]$se
  delta         mu       mu_1       mu_0         de       se_1       se_0
1   0.5 0.03253551 0.03467602 0.03948237 0.04273013 0.02533554 0.02388446
2   1.0 0.02638108 0.02532470 0.03355799 0.03120328 0.00000000 0.00000000
3   2.0 0.03282846 0.03454056 0.04109899 0.04336526 0.02333586 0.02619671
          oe         te
1 0.02140102 0.03688503
2 0.00000000 0.03120328
3 0.02326859 0.04353279


[1] "Total run time was 50.285 seconds"
