WARNING: ignoring environment value of R_HOME

Attaching package: ‘dplyr’

The following objects are masked from ‘package:stats’:

    filter, lag

The following objects are masked from ‘package:base’:

    intersect, setdiff, setequal, union

Loading required package: splines
Loading required package: foreach
Loaded gam 1.20.2

Super Learner
Version: 2.0-28
Package created on 2021-05-04

Loading required package: lattice
Loading required package: ggplot2
Loading required package: Matrix
Loaded glmnet 4.1-7
Loading required package: Formula
Loading required package: plotmo
Loading required package: plotrix
Loading required package: TeachingDemos
Loaded gbm 2.1.8.1

Attaching package: ‘xgboost’

The following object is masked from ‘package:dplyr’:

    slice

[1] "[Simulation setting]"
[1] "m: 100"
[1] "deltas: 0.5, 1, 2"
[1] "Sim.id 1"
[1] "Data generated"
[1] "   Split: 1"
[1] "   Split: 2"
[1] "Estimates and SE estimates computed"
[1] ""
[[1]]
[[1]]$est
  delta        mu      mu_1      mu_0         de         se_1       se_0
1   0.5 0.4920668 0.2385846 0.6876153 -0.4490307  0.005039701  0.1042186
2   1.0 0.3762160 0.2335449 0.5833967 -0.3498518  0.000000000  0.0000000
3   2.0 0.3132977 0.2321388 0.5374230 -0.3052843 -0.001406127 -0.0459737
           oe         te
1  0.11585088 -0.3448121
2  0.00000000 -0.3498518
3 -0.06291827 -0.3512580

[[1]]$se
  delta         mu       mu_1       mu_0         de       se_1       se_0
1   0.5 0.05761469 0.03402414 0.10806534 0.12154351 0.02692836 0.09957195
2   1.0 0.02310076 0.02207648 0.03030753 0.02921928 0.00000000 0.00000000
3   2.0 0.02763016 0.02988647 0.04325458 0.04833464 0.01850134 0.02827384
          oe         te
1 0.04992947 0.03774638
2 0.00000000 0.02921928
3 0.01760663 0.03781325


[1] "Total run time was 41.511 seconds"
