WARNING: ignoring environment value of R_HOME

Attaching package: ‘dplyr’

The following objects are masked from ‘package:stats’:

    filter, lag

The following objects are masked from ‘package:base’:

    intersect, setdiff, setequal, union

Loading required package: splines
Loading required package: foreach
Loaded gam 1.20.2

Super Learner
Version: 2.0-28
Package created on 2021-05-04

Loading required package: lattice
Loading required package: ggplot2
Loading required package: Matrix
Loaded glmnet 4.1-7
Loading required package: Formula
Loading required package: plotmo
Loading required package: plotrix
Loading required package: TeachingDemos
Loaded gbm 2.1.8.1

Attaching package: ‘xgboost’

The following object is masked from ‘package:dplyr’:

    slice

[1] "[Simulation setting]"
[1] "m: 100"
[1] "deltas: 0.5, 1, 2"
[1] "Sim.id 1"
[1] "Data generated"
[1] "   Split: 1"
[1] "   Split: 2"
[1] "Estimates and SE estimates computed"
[1] ""
[[1]]
[[1]]$est
  delta        mu      mu_1      mu_0         de        se_1       se_0
1   0.5 0.4044889 0.2435662 0.5175586 -0.2739924 0.006057629 0.01267929
2   1.0 0.3486029 0.2375086 0.5048793 -0.2673707 0.000000000 0.00000000
3   2.0 0.3221532 0.2454834 0.5362349 -0.2907515 0.007974843 0.03135559
           oe         te
1  0.05588602 -0.2613131
2  0.00000000 -0.2673707
3 -0.02644969 -0.2593959

[[1]]$se
  delta         mu       mu_1       mu_0         de       se_1       se_0
1   0.5 0.03031830 0.02919272 0.04461210 0.05298015 0.01993026 0.02949743
2   1.0 0.02274771 0.02325400 0.03394596 0.03659847 0.00000000 0.00000000
3   2.0 0.02653793 0.02853160 0.04131478 0.04684279 0.01672718 0.02663984
         oe         te
1 0.0201158 0.04140136
2 0.0000000 0.03659847
3 0.0170459 0.04062712


[1] "Total run time was 53.971 seconds"
