WARNING: ignoring environment value of R_HOME

Attaching package: ‘dplyr’

The following objects are masked from ‘package:stats’:

    filter, lag

The following objects are masked from ‘package:base’:

    intersect, setdiff, setequal, union

Loading required package: splines
Loading required package: foreach
Loaded gam 1.20.2

Super Learner
Version: 2.0-28
Package created on 2021-05-04

Loading required package: lattice
Loading required package: ggplot2
Loading required package: Matrix
Loaded glmnet 4.1-7
Loading required package: Formula
Loading required package: plotmo
Loading required package: plotrix
Loading required package: TeachingDemos
Loaded gbm 2.1.8.1

Attaching package: ‘xgboost’

The following object is masked from ‘package:dplyr’:

    slice

[1] "[Simulation setting]"
[1] "m: 100"
[1] "deltas: 0.5, 1, 2"
[1] "Sim.id 1"
[1] "Data generated"
[1] "   Split: 1"
[1] "   Split: 2"
[1] "Estimates and SE estimates computed"
[1] ""
[[1]]
[[1]]$est
  delta        mu      mu_1      mu_0         de        se_1         se_0
1   0.5 0.4239075 0.2632617 0.5168503 -0.2535885  0.03420305 -0.032262258
2   1.0 0.3637733 0.2290587 0.5491125 -0.3200538  0.00000000  0.000000000
3   2.0 0.2752856 0.1816339 0.5432870 -0.3616532 -0.04742479 -0.005825466
           oe         te
1  0.06013424 -0.2858508
2  0.00000000 -0.3200538
3 -0.08848766 -0.3674786

[[1]]$se
  delta         mu       mu_1       mu_0         de       se_1       se_0
1   0.5 0.04373132 0.03179371 0.07082712 0.06971080 0.02195609 0.05149834
2   1.0 0.02690698 0.02452039 0.03847228 0.03569485 0.00000000 0.00000000
3   2.0 0.03016197 0.03300483 0.04051281 0.04585116 0.01802880 0.02703345
          oe         te
1 0.03286225 0.03992869
2 0.00000000 0.03569485
3 0.01691710 0.04321089


[1] "Total run time was 41.232 seconds"
