WARNING: ignoring environment value of R_HOME

Attaching package: ‘dplyr’

The following objects are masked from ‘package:stats’:

    filter, lag

The following objects are masked from ‘package:base’:

    intersect, setdiff, setequal, union

Loading required package: splines
Loading required package: foreach
Loaded gam 1.20.2

Super Learner
Version: 2.0-28
Package created on 2021-05-04

Loading required package: lattice
Loading required package: ggplot2
Loading required package: Matrix
Loaded glmnet 4.1-7
Loading required package: Formula
Loading required package: plotmo
Loading required package: plotrix
Loading required package: TeachingDemos
Loaded gbm 2.1.8.1

Attaching package: ‘xgboost’

The following object is masked from ‘package:dplyr’:

    slice

[1] "[Simulation setting]"
[1] "m: 100"
[1] "deltas: 0.5, 1, 2"
[1] "Sim.id 1"
[1] "Data generated"
[1] "   Split: 1"
[1] "   Split: 2"
[1] "Estimates and SE estimates computed"
[1] ""
[[1]]
[[1]]$est
  delta        mu      mu_1      mu_0         de         se_1        se_0
1   0.5 0.4431772 0.2788266 0.5819235 -0.3030969  0.023755893  0.01913621
2   1.0 0.3683894 0.2550707 0.5627873 -0.3077166  0.000000000  0.00000000
3   2.0 0.3068226 0.2465687 0.5155465 -0.2689778 -0.008501983 -0.04724077
           oe         te
1  0.07478775 -0.2839607
2  0.00000000 -0.3077166
3 -0.06156681 -0.3162186

[[1]]$se
  delta         mu       mu_1       mu_0         de       se_1       se_0
1   0.5 0.03374746 0.03548205 0.03640033 0.03511459 0.02211609 0.01877309
2   1.0 0.02690557 0.02398437 0.03488820 0.02935780 0.00000000 0.00000000
3   2.0 0.02941895 0.03051684 0.04083594 0.04374635 0.02095732 0.02330344
          oe         te
1 0.01758533 0.03533658
2 0.00000000 0.02935780
3 0.01923146 0.03966134


[1] "Total run time was 44.417 seconds"
