WARNING: ignoring environment value of R_HOME

Attaching package: ‘dplyr’

The following objects are masked from ‘package:stats’:

    filter, lag

The following objects are masked from ‘package:base’:

    intersect, setdiff, setequal, union

Loading required package: splines
Loading required package: foreach
Loaded gam 1.20.2

Super Learner
Version: 2.0-28
Package created on 2021-05-04

Loading required package: lattice
Loading required package: ggplot2
Loading required package: Matrix
Loaded glmnet 4.1-7
Loading required package: Formula
Loading required package: plotmo
Loading required package: plotrix
Loading required package: TeachingDemos
Loaded gbm 2.1.8.1

Attaching package: ‘xgboost’

The following object is masked from ‘package:dplyr’:

    slice

[1] "[Simulation setting]"
[1] "m: 100"
[1] "deltas: 0.5, 1, 2"
[1] "Sim.id 1"
[1] "Data generated"
[1] "   Split: 1"
[1] "   Split: 2"
[1] "Estimates and SE estimates computed"
[1] ""
[[1]]
[[1]]$est
  delta        mu      mu_1      mu_0         de        se_1        se_0
1   0.5 0.4628601 0.3011449 0.5495370 -0.2483922  0.07943131  0.02983483
2   1.0 0.3636355 0.2217136 0.5197022 -0.2979886  0.00000000  0.00000000
3   2.0 0.2228894 0.1185833 0.4597530 -0.3411698 -0.10313031 -0.05994918
           oe         te
1  0.09922457 -0.2185573
2  0.00000000 -0.2979886
3 -0.14074610 -0.4011190

[[1]]$se
  delta         mu       mu_1       mu_0         de       se_1       se_0
1   0.5 0.03831066 0.03773009 0.04422585 0.04691206 0.02597628 0.02398592
2   1.0 0.02743670 0.02807956 0.03506585 0.03689491 0.00000000 0.00000000
3   2.0 0.03895535 0.04495872 0.04168234 0.04795178 0.03121496 0.02959935
          oe         te
1 0.02409366 0.04161964
2 0.00000000 0.03689491
3 0.02918258 0.05373630


[1] "Total run time was 44.133 seconds"
