WARNING: ignoring environment value of R_HOME

Attaching package: ‘dplyr’

The following objects are masked from ‘package:stats’:

    filter, lag

The following objects are masked from ‘package:base’:

    intersect, setdiff, setequal, union

Loading required package: splines
Loading required package: foreach
Loaded gam 1.20.2

Super Learner
Version: 2.0-28
Package created on 2021-05-04

Loading required package: lattice
Loading required package: ggplot2
Loading required package: Matrix
Loaded glmnet 4.1-7
Loading required package: Formula
Loading required package: plotmo
Loading required package: plotrix
Loading required package: TeachingDemos
Loaded gbm 2.1.8.1

Attaching package: ‘xgboost’

The following object is masked from ‘package:dplyr’:

    slice

[1] "[Simulation setting]"
[1] "m: 100"
[1] "deltas: 0.5, 1, 2"
[1] "Sim.id 1"
[1] "Data generated"
[1] "   Split: 1"
[1] "   Split: 2"
[1] "Estimates and SE estimates computed"
[1] ""
[[1]]
[[1]]$est
  delta        mu      mu_1      mu_0         de         se_1        se_0
1   0.5 0.4210925 0.2551737 0.5694930 -0.3143193 -0.010780878  0.07089082
2   1.0 0.3460089 0.2659546 0.4986021 -0.2326476  0.000000000  0.00000000
3   2.0 0.2894966 0.2581006 0.4409187 -0.1828180 -0.007853937 -0.05768347
           oe         te
1  0.07508360 -0.2434285
2  0.00000000 -0.2326476
3 -0.05651234 -0.2405015

[[1]]$se
  delta         mu       mu_1       mu_0         de       se_1       se_0
1   0.5 0.03979160 0.03619476 0.05292716 0.05270817 0.02870168 0.03629777
2   1.0 0.02677797 0.02758363 0.03470453 0.03211524 0.00000000 0.00000000
3   2.0 0.03068161 0.03516726 0.04165789 0.04761350 0.02107967 0.02993775
          oe         te
1 0.02768887 0.04252991
2 0.00000000 0.03211524
3 0.02085746 0.04191813


[1] "Total run time was 42.964 seconds"
