WARNING: ignoring environment value of R_HOME

Attaching package: ‘dplyr’

The following objects are masked from ‘package:stats’:

    filter, lag

The following objects are masked from ‘package:base’:

    intersect, setdiff, setequal, union

Loading required package: splines
Loading required package: foreach
Loaded gam 1.20.2

Super Learner
Version: 2.0-28
Package created on 2021-05-04

Loading required package: lattice
Loading required package: ggplot2
Loading required package: Matrix
Loaded glmnet 4.1-7
Loading required package: Formula
Loading required package: plotmo
Loading required package: plotrix
Loading required package: TeachingDemos
Loaded gbm 2.1.8.1

Attaching package: ‘xgboost’

The following object is masked from ‘package:dplyr’:

    slice

[1] "[Simulation setting]"
[1] "m: 100"
[1] "deltas: 0.5, 1, 2"
[1] "Sim.id 1"
[1] "Data generated"
[1] "   Split: 1"
[1] "   Split: 2"
[1] "Estimates and SE estimates computed"
[1] ""
[[1]]
[[1]]$est
  delta        mu      mu_1      mu_0         de        se_1         se_0
1   0.5 0.4923249 0.2452228 0.6813214 -0.4360987  0.05142173  0.103723515
2   1.0 0.3450459 0.1938010 0.5775979 -0.3837969  0.00000000  0.000000000
3   2.0 0.2619855 0.1620638 0.5685879 -0.4065241 -0.03173727 -0.009010033
           oe         te
1  0.14727893 -0.3323752
2  0.00000000 -0.3837969
3 -0.08306043 -0.4155342

[[1]]$se
  delta         mu       mu_1       mu_0         de       se_1       se_0
1   0.5 0.04448090 0.02893015 0.06219369 0.06064533 0.01899755 0.04547936
2   1.0 0.02544636 0.02293151 0.03745632 0.03547365 0.00000000 0.00000000
3   2.0 0.03068837 0.03189822 0.03971464 0.04308736 0.01908681 0.02393675
          oe         te
1 0.03190984 0.03532200
2 0.00000000 0.03547365
3 0.01992391 0.04402174


[1] "Total run time was 42.762 seconds"
