WARNING: ignoring environment value of R_HOME

Attaching package: ‘dplyr’

The following objects are masked from ‘package:stats’:

    filter, lag

The following objects are masked from ‘package:base’:

    intersect, setdiff, setequal, union

Loading required package: splines
Loading required package: foreach
Loaded gam 1.20.2

Super Learner
Version: 2.0-28
Package created on 2021-05-04

Loading required package: lattice
Loading required package: ggplot2
Loading required package: Matrix
Loaded glmnet 4.1-7
Loading required package: Formula
Loading required package: plotmo
Loading required package: plotrix
Loading required package: TeachingDemos
Loaded gbm 2.1.8.1

Attaching package: ‘xgboost’

The following object is masked from ‘package:dplyr’:

    slice

[1] "[Simulation setting]"
[1] "m: 100"
[1] "deltas: 0.5, 1, 2"
[1] "Sim.id 1"
[1] "Data generated"
[1] "   Split: 1"
[1] "   Split: 2"
[1] "Estimates and SE estimates computed"
[1] ""
[[1]]
[[1]]$est
  delta        mu      mu_1      mu_0         de        se_1        se_0
1   0.5 0.4863149 0.3029419 0.6148702 -0.3119283  0.02457210  0.03955643
2   1.0 0.4012123 0.2783698 0.5753137 -0.2969439  0.00000000  0.00000000
3   2.0 0.3185057 0.2491643 0.5162453 -0.2670809 -0.02920548 -0.05906846
           oe         te
1  0.08510260 -0.2723718
2  0.00000000 -0.2969439
3 -0.08270654 -0.3261494

[[1]]$se
  delta         mu       mu_1       mu_0         de       se_1       se_0
1   0.5 0.03454708 0.03675579 0.03827273 0.04223769 0.02615145 0.02112519
2   1.0 0.02749696 0.02607150 0.03532227 0.03566201 0.00000000 0.00000000
3   2.0 0.03023765 0.03110997 0.04023357 0.04171516 0.01565986 0.02417156
          oe         te
1 0.02103195 0.04121836
2 0.00000000 0.03566201
3 0.01728478 0.04124374


[1] "Total run time was 32.314 seconds"
