WARNING: ignoring environment value of R_HOME

Attaching package: ‘dplyr’

The following objects are masked from ‘package:stats’:

    filter, lag

The following objects are masked from ‘package:base’:

    intersect, setdiff, setequal, union

Loading required package: splines
Loading required package: foreach
Loaded gam 1.20.2

Super Learner
Version: 2.0-28
Package created on 2021-05-04

Loading required package: lattice
Loading required package: ggplot2
Loading required package: Matrix
Loaded glmnet 4.1-7
Loading required package: Formula
Loading required package: plotmo
Loading required package: plotrix
Loading required package: TeachingDemos
Loaded gbm 2.1.8.1

Attaching package: ‘xgboost’

The following object is masked from ‘package:dplyr’:

    slice

[1] "[Simulation setting]"
[1] "m: 100"
[1] "deltas: 0.5, 1, 2"
[1] "Sim.id 1"
[1] "Data generated"
[1] "   Split: 1"
[1] "   Split: 2"
[1] "Estimates and SE estimates computed"
[1] ""
[[1]]
[[1]]$est
  delta        mu      mu_1      mu_0         de         se_1       se_0
1   0.5 0.4457376 0.2805655 0.5719456 -0.2913801  0.029849190 0.02725090
2   1.0 0.3607481 0.2507163 0.5446947 -0.2939784  0.000000000 0.00000000
3   2.0 0.3148622 0.2456764 0.5597050 -0.3140286 -0.005039916 0.01501033
          oe         te
1  0.0849895 -0.2641292
2  0.0000000 -0.2939784
3 -0.0458859 -0.2990183

[[1]]$se
  delta         mu       mu_1       mu_0         de      se_1       se_0
1   0.5 0.03295641 0.03565874 0.04066138 0.05360420 0.0272144 0.02722679
2   1.0 0.02583472 0.02353820 0.03423616 0.03101221 0.0000000 0.00000000
3   2.0 0.02945191 0.02892843 0.04578150 0.04508407 0.0170329 0.02528352
          oe         te
1 0.02097739 0.04374742
2 0.00000000 0.03101221
3 0.01607016 0.03629586


[1] "Total run time was 40.902 seconds"
