WARNING: ignoring environment value of R_HOME

Attaching package: ‘dplyr’

The following objects are masked from ‘package:stats’:

    filter, lag

The following objects are masked from ‘package:base’:

    intersect, setdiff, setequal, union

Loading required package: splines
Loading required package: foreach
Loaded gam 1.20.2

Super Learner
Version: 2.0-28
Package created on 2021-05-04

Loading required package: lattice
Loading required package: ggplot2
Loading required package: Matrix
Loaded glmnet 4.1-7
Loading required package: Formula
Loading required package: plotmo
Loading required package: plotrix
Loading required package: TeachingDemos
Loaded gbm 2.1.8.1

Attaching package: ‘xgboost’

The following object is masked from ‘package:dplyr’:

    slice

[1] "[Simulation setting]"
[1] "m: 100"
[1] "deltas: 0.5, 1, 2"
[1] "Sim.id 1"
[1] "Data generated"
[1] "   Split: 1"
[1] "   Split: 2"
[1] "Estimates and SE estimates computed"
[1] ""
[[1]]
[[1]]$est
  delta        mu      mu_1      mu_0         de        se_1       se_0
1   0.5 0.5898406 0.3216467 0.7897174 -0.4680707  0.06722537  0.2103259
2   1.0 0.3820211 0.2544214 0.5793915 -0.3249701  0.00000000  0.0000000
3   2.0 0.2845246 0.2262118 0.4751921 -0.2489802 -0.02820952 -0.1041994
           oe         te
1  0.20781950 -0.2577447
2  0.00000000 -0.3249701
3 -0.09749643 -0.3531796

[[1]]$se
  delta         mu       mu_1       mu_0         de       se_1       se_0
1   0.5 0.07722113 0.04508035 0.10293854 0.07303927 0.03789168 0.09263840
2   1.0 0.02971360 0.02580886 0.03696638 0.03030905 0.00000000 0.00000000
3   2.0 0.03182282 0.03247914 0.04289587 0.04527094 0.01808262 0.02427993
          oe         te
1 0.06709257 0.04563848
2 0.00000000 0.03030905
3 0.01725132 0.03855589


[1] "Total run time was 39.973 seconds"
