WARNING: ignoring environment value of R_HOME

Attaching package: ‘dplyr’

The following objects are masked from ‘package:stats’:

    filter, lag

The following objects are masked from ‘package:base’:

    intersect, setdiff, setequal, union

Loading required package: splines
Loading required package: foreach
Loaded gam 1.20.2

Super Learner
Version: 2.0-28
Package created on 2021-05-04

Loading required package: lattice
Loading required package: ggplot2
Loading required package: Matrix
Loaded glmnet 4.1-7
Loading required package: Formula
Loading required package: plotmo
Loading required package: plotrix
Loading required package: TeachingDemos
Loaded gbm 2.1.8.1

Attaching package: ‘xgboost’

The following object is masked from ‘package:dplyr’:

    slice

[1] "[Simulation setting]"
[1] "m: 100"
[1] "deltas: 0.5, 1, 2"
[1] "Sim.id 1"
[1] "Data generated"
[1] "   Split: 1"
[1] "   Split: 2"
[1] "Estimates and SE estimates computed"
[1] ""
[[1]]
[[1]]$est
  delta        mu      mu_1      mu_0         de        se_1        se_0
1   0.5 0.4601425 0.2925181 0.5561323 -0.2636143  0.06033150  0.02259961
2   1.0 0.3664719 0.2321866 0.5335327 -0.3013462  0.00000000  0.00000000
3   2.0 0.2700440 0.1780048 0.5069497 -0.3289449 -0.05418178 -0.02658303
           oe         te
1  0.09367052 -0.2410147
2  0.00000000 -0.3013462
3 -0.09642788 -0.3555279

[[1]]$se
  delta         mu       mu_1       mu_0         de      se_1       se_0
1   0.5 0.04106919 0.03661322 0.04924506 0.04410517 0.0255399 0.03339712
2   1.0 0.02743973 0.02491109 0.03536799 0.03227461 0.0000000 0.00000000
3   2.0 0.03005278 0.02973270 0.04375652 0.04543002 0.0166224 0.02555589
          oe         te
1 0.02853739 0.03917352
2 0.00000000 0.03227461
3 0.01606801 0.03843122


[1] "Total run time was 38.698 seconds"
