WARNING: ignoring environment value of R_HOME

Attaching package: ‘dplyr’

The following objects are masked from ‘package:stats’:

    filter, lag

The following objects are masked from ‘package:base’:

    intersect, setdiff, setequal, union

Loading required package: splines
Loading required package: foreach
Loaded gam 1.20.2

Super Learner
Version: 2.0-28
Package created on 2021-05-04

Loading required package: lattice
Loading required package: ggplot2
Loading required package: Matrix
Loaded glmnet 4.1-7
Loading required package: Formula
Loading required package: plotmo
Loading required package: plotrix
Loading required package: TeachingDemos
Loaded gbm 2.1.8.1

Attaching package: ‘xgboost’

The following object is masked from ‘package:dplyr’:

    slice

[1] "[Simulation setting]"
[1] "m: 100"
[1] "deltas: 0.5, 1, 2"
[1] "Sim.id 1"
[1] "Data generated"
[1] "   Split: 1"
[1] "   Split: 2"
[1] "Estimates and SE estimates computed"
[1] ""
[[1]]
[[1]]$est
  delta        mu      mu_1      mu_0         de        se_1        se_0
1   0.5 0.4909478 0.2966825 0.5989632 -0.3022806  0.04808024  0.05141890
2   1.0 0.3901165 0.2486023 0.5475443 -0.2989420  0.00000000  0.00000000
3   2.0 0.3069862 0.2146395 0.5105969 -0.2959574 -0.03396282 -0.03694733
           oe         te
1  0.10083136 -0.2508617
2  0.00000000 -0.2989420
3 -0.08313028 -0.3329048

[[1]]$se
  delta         mu       mu_1       mu_0         de       se_1       se_0
1   0.5 0.03741734 0.03912844 0.04433756 0.04506474 0.02614345 0.02341017
2   1.0 0.02770956 0.02728099 0.03645057 0.03650866 0.00000000 0.00000000
3   2.0 0.03461011 0.04289246 0.03876110 0.04668393 0.03083267 0.02507320
          oe         te
1 0.02191823 0.04230160
2 0.00000000 0.03650866
3 0.02499089 0.05052878


[1] "Total run time was 51.471 seconds"
