WARNING: ignoring environment value of R_HOME

Attaching package: ‘dplyr’

The following objects are masked from ‘package:stats’:

    filter, lag

The following objects are masked from ‘package:base’:

    intersect, setdiff, setequal, union

Loading required package: splines
Loading required package: foreach
Loaded gam 1.20.2

Super Learner
Version: 2.0-28
Package created on 2021-05-04

Loading required package: lattice
Loading required package: ggplot2
Loading required package: Matrix
Loaded glmnet 4.1-7
Loading required package: Formula
Loading required package: plotmo
Loading required package: plotrix
Loading required package: TeachingDemos
Loaded gbm 2.1.8.1

Attaching package: ‘xgboost’

The following object is masked from ‘package:dplyr’:

    slice

[1] "[Simulation setting]"
[1] "m: 100"
[1] "deltas: 0.5, 1, 2"
[1] "Sim.id 1"
[1] "Data generated"
[1] "   Split: 1"
[1] "   Split: 2"
[1] "Estimates and SE estimates computed"
[1] ""
[[1]]
[[1]]$est
  delta        mu      mu_1      mu_0         de        se_1         se_0
1   0.5 0.4657679 0.3093959 0.5726888 -0.2632929  0.04676384 -0.005512007
2   1.0 0.3970942 0.2626320 0.5782008 -0.3155688  0.00000000  0.000000000
3   2.0 0.3144621 0.2240309 0.5477791 -0.3237482 -0.03860107 -0.030421642
           oe         te
1  0.06867363 -0.2688049
2  0.00000000 -0.3155688
3 -0.08263210 -0.3541698

[[1]]$se
  delta         mu       mu_1       mu_0         de       se_1       se_0
1   0.5 0.03472550 0.03690340 0.03986266 0.04242425 0.02418121 0.02458480
2   1.0 0.02754966 0.02591612 0.03294303 0.03114619 0.00000000 0.00000000
3   2.0 0.03025137 0.03044623 0.04100133 0.04316298 0.01734033 0.02396599
          oe         te
1 0.02113821 0.03795172
2 0.00000000 0.03114619
3 0.01648307 0.03739073


[1] "Total run time was 42.524 seconds"
