WARNING: ignoring environment value of R_HOME

Attaching package: ‘dplyr’

The following objects are masked from ‘package:stats’:

    filter, lag

The following objects are masked from ‘package:base’:

    intersect, setdiff, setequal, union

Loading required package: splines
Loading required package: foreach
Loaded gam 1.20.2

Super Learner
Version: 2.0-28
Package created on 2021-05-04

Loading required package: lattice
Loading required package: ggplot2
Loading required package: Matrix
Loaded glmnet 4.1-7
Loading required package: Formula
Loading required package: plotmo
Loading required package: plotrix
Loading required package: TeachingDemos
Loaded gbm 2.1.8.1

Attaching package: ‘xgboost’

The following object is masked from ‘package:dplyr’:

    slice

[1] "[Simulation setting]"
[1] "m: 100"
[1] "deltas: 0.5, 1, 2"
[1] "Sim.id 1"
[1] "Data generated"
[1] "   Split: 1"
[1] "   Split: 2"
[1] "Estimates and SE estimates computed"
[1] ""
[[1]]
[[1]]$est
  delta        mu      mu_1      mu_0         de        se_1        se_0
1   0.5 0.4432607 0.2842172 0.5649671 -0.2807498  0.00582986  0.04583005
2   1.0 0.3781618 0.2783874 0.5191370 -0.2407496  0.00000000  0.00000000
3   2.0 0.3004448 0.2367352 0.4828422 -0.2461069 -0.04165212 -0.03629484
           oe         te
1  0.06509892 -0.2349198
2  0.00000000 -0.2407496
3 -0.07771698 -0.2824018

[[1]]$se
  delta         mu       mu_1       mu_0         de       se_1       se_0
1   0.5 0.03221564 0.03983641 0.04799533 0.06311684 0.02847284 0.03460088
2   1.0 0.02811349 0.02832105 0.03224035 0.03086632 0.00000000 0.00000000
3   2.0 0.03252060 0.03216914 0.04365828 0.04023960 0.01558768 0.02848954
          oe         te
1 0.02111984 0.04288320
2 0.00000000 0.03086632
3 0.01588125 0.03536620


[1] "Total run time was 49.316 seconds"
