WARNING: ignoring environment value of R_HOME

Attaching package: ‘dplyr’

The following objects are masked from ‘package:stats’:

    filter, lag

The following objects are masked from ‘package:base’:

    intersect, setdiff, setequal, union

Loading required package: splines
Loading required package: foreach
Loaded gam 1.20.2

Super Learner
Version: 2.0-28
Package created on 2021-05-04

Loading required package: lattice
Loading required package: ggplot2
Loading required package: Matrix
Loaded glmnet 4.1-7
Loading required package: Formula
Loading required package: plotmo
Loading required package: plotrix
Loading required package: TeachingDemos
Loaded gbm 2.1.8.1

Attaching package: ‘xgboost’

The following object is masked from ‘package:dplyr’:

    slice

[1] "[Simulation setting]"
[1] "m: 100"
[1] "deltas: 0.5, 1, 2"
[1] "Sim.id 1"
[1] "Data generated"
[1] "   Split: 1"
[1] "   Split: 2"
[1] "Estimates and SE estimates computed"
[1] ""
[[1]]
[[1]]$est
  delta        mu      mu_1      mu_0         de       se_1        se_0
1   0.5 0.5544955 0.2445818 0.7796402 -0.5350584 0.02570396  0.28902013
2   1.0 0.3384080 0.2188779 0.4906201 -0.2717423 0.00000000  0.00000000
3   2.0 0.3005676 0.2314544 0.4657337 -0.2342793 0.01257651 -0.02488642
           oe         te
1  0.21608750 -0.2460383
2  0.00000000 -0.2717423
3 -0.03784039 -0.2591658

[[1]]$se
  delta         mu       mu_1       mu_0         de       se_1       se_0
1   0.5 0.10985649 0.02739246 0.19020200 0.18908910 0.01782400 0.17908383
2   1.0 0.02510475 0.02325810 0.03463305 0.03300019 0.00000000 0.00000000
3   2.0 0.03056782 0.03706352 0.03471266 0.04399515 0.02362512 0.02474138
          oe         te
1 0.10091345 0.03191644
2 0.00000000 0.03300019
3 0.02172402 0.04480350


[1] "Total run time was 39.717 seconds"
