WARNING: ignoring environment value of R_HOME

Attaching package: ‘dplyr’

The following objects are masked from ‘package:stats’:

    filter, lag

The following objects are masked from ‘package:base’:

    intersect, setdiff, setequal, union

Loading required package: splines
Loading required package: foreach
Loaded gam 1.20.2

Super Learner
Version: 2.0-28
Package created on 2021-05-04

Loading required package: lattice
Loading required package: ggplot2
Loading required package: Matrix
Loaded glmnet 4.1-7
Loading required package: Formula
Loading required package: plotmo
Loading required package: plotrix
Loading required package: TeachingDemos
Loaded gbm 2.1.8.1

Attaching package: ‘xgboost’

The following object is masked from ‘package:dplyr’:

    slice

[1] "[Simulation setting]"
[1] "m: 100"
[1] "deltas: 0.5, 1, 2"
[1] "Sim.id 1"
[1] "Data generated"
[1] "   Split: 1"
[1] "   Split: 2"
[1] "Estimates and SE estimates computed"
[1] ""
[[1]]
[[1]]$est
  delta        mu      mu_1      mu_0         de         se_1        se_0
1   0.5 0.4493717 0.2970881 0.5568362 -0.2597481  0.019731555  0.02380140
2   1.0 0.3828388 0.2773565 0.5330348 -0.2556783  0.000000000  0.00000000
3   2.0 0.3255338 0.2696504 0.4916047 -0.2219543 -0.007706113 -0.04143006
           oe         te
1  0.06653289 -0.2359467
2  0.00000000 -0.2556783
3 -0.05730493 -0.2633844

[[1]]$se
  delta         mu       mu_1       mu_0         de       se_1       se_0
1   0.5 0.03484540 0.03436468 0.04222512 0.03724581 0.02233588 0.02300063
2   1.0 0.02718635 0.02658541 0.03535685 0.03200937 0.00000000 0.00000000
3   2.0 0.02875403 0.02969336 0.03930286 0.03986749 0.01540587 0.02312317
          oe         te
1 0.02149431 0.03418397
2 0.00000000 0.03200937
3 0.01493617 0.03593573


[1] "Total run time was 37.031 seconds"
