WARNING: ignoring environment value of R_HOME

Attaching package: ‘dplyr’

The following objects are masked from ‘package:stats’:

    filter, lag

The following objects are masked from ‘package:base’:

    intersect, setdiff, setequal, union

Loading required package: splines
Loading required package: foreach
Loaded gam 1.20.2

Super Learner
Version: 2.0-28
Package created on 2021-05-04

Loading required package: lattice
Loading required package: ggplot2
Loading required package: Matrix
Loaded glmnet 4.1-7
Loading required package: Formula
Loading required package: plotmo
Loading required package: plotrix
Loading required package: TeachingDemos
Loaded gbm 2.1.8.1

Attaching package: ‘xgboost’

The following object is masked from ‘package:dplyr’:

    slice

[1] "[Simulation setting]"
[1] "m: 100"
[1] "deltas: 0.5, 1, 2"
[1] "Sim.id 1"
[1] "Data generated"
[1] "   Split: 1"
[1] "   Split: 2"
[1] "Estimates and SE estimates computed"
[1] ""
[[1]]
[[1]]$est
  delta        mu      mu_1      mu_0         de        se_1        se_0
1   0.5 0.4119849 0.2525255 0.5365418 -0.2840163  0.03642878 0.023536925
2   1.0 0.3300172 0.2160967 0.5130048 -0.2969081  0.00000000 0.000000000
3   2.0 0.2550959 0.1720812 0.5145245 -0.3424433 -0.04401548 0.001519653
           oe         te
1  0.08196769 -0.2604793
2  0.00000000 -0.2969081
3 -0.07492129 -0.3409236

[[1]]$se
  delta         mu       mu_1       mu_0         de       se_1       se_0
1   0.5 0.03501179 0.03099998 0.04696823 0.04644359 0.02343453 0.03366106
2   1.0 0.02776825 0.02863599 0.03651227 0.03694839 0.00000000 0.00000000
3   2.0 0.03634519 0.04313823 0.05017952 0.06575052 0.02668621 0.02979404
          oe         te
1 0.02663874 0.03697821
2 0.00000000 0.03694839
3 0.02088593 0.05058760


[1] "Total run time was 31.191 seconds"
