WARNING: ignoring environment value of R_HOME

Attaching package: ‘dplyr’

The following objects are masked from ‘package:stats’:

    filter, lag

The following objects are masked from ‘package:base’:

    intersect, setdiff, setequal, union

Loading required package: splines
Loading required package: foreach
Loaded gam 1.20.2

Super Learner
Version: 2.0-28
Package created on 2021-05-04

Loading required package: lattice
Loading required package: ggplot2
Loading required package: Matrix
Loaded glmnet 4.1-7
Loading required package: Formula
Loading required package: plotmo
Loading required package: plotrix
Loading required package: TeachingDemos
Loaded gbm 2.1.8.1

Attaching package: ‘xgboost’

The following object is masked from ‘package:dplyr’:

    slice

[1] "[Simulation setting]"
[1] "m: 100"
[1] "deltas: 0.5, 1, 2"
[1] "Sim.id 1"
[1] "Data generated"
[1] "   Split: 1"
[1] "   Split: 2"
[1] "Estimates and SE estimates computed"
[1] ""
[[1]]
[[1]]$est
  delta        mu      mu_1      mu_0         de         se_1        se_0
1   0.5 0.4031635 0.2507782 0.5150180 -0.2642398 -0.008261899  0.04384681
2   1.0 0.3430528 0.2590401 0.4711712 -0.2121311  0.000000000  0.00000000
3   2.0 0.3180648 0.2768129 0.4359986 -0.1591857  0.017772795 -0.03517255
           oe         te
1  0.06011066 -0.2203930
2  0.00000000 -0.2121311
3 -0.02498802 -0.1943583

[[1]]$se
  delta         mu       mu_1       mu_0         de       se_1       se_0
1   0.5 0.02940865 0.03082291 0.03895031 0.04125283 0.01921751 0.02337593
2   1.0 0.02454685 0.02271097 0.03604895 0.03342976 0.00000000 0.00000000
3   2.0 0.02963914 0.03120350 0.04282524 0.04303780 0.02174315 0.02516146
          oe         te
1 0.01702636 0.03824753
2 0.00000000 0.03342976
3 0.01927807 0.03927927


[1] "Total run time was 48.746 seconds"
