WARNING: ignoring environment value of R_HOME

Attaching package: ‘dplyr’

The following objects are masked from ‘package:stats’:

    filter, lag

The following objects are masked from ‘package:base’:

    intersect, setdiff, setequal, union

Loading required package: splines
Loading required package: foreach
Loaded gam 1.20.2

Super Learner
Version: 2.0-28
Package created on 2021-05-04

Loading required package: lattice
Loading required package: ggplot2
Loading required package: Matrix
Loaded glmnet 4.1-7
Loading required package: Formula
Loading required package: plotmo
Loading required package: plotrix
Loading required package: TeachingDemos
Loaded gbm 2.1.8.1

Attaching package: ‘xgboost’

The following object is masked from ‘package:dplyr’:

    slice

[1] "[Simulation setting]"
[1] "m: 100"
[1] "deltas: 0.5, 1, 2"
[1] "Sim.id 1"
[1] "Data generated"
[1] "   Split: 1"
[1] "   Split: 2"
[1] "Estimates and SE estimates computed"
[1] ""
[[1]]
[[1]]$est
  delta        mu      mu_1      mu_0         de        se_1         se_0
1   0.5 0.4372771 0.2785912 0.5308243 -0.2522330  0.04562276  0.005343804
2   1.0 0.3637880 0.2329685 0.5254805 -0.2925120  0.00000000  0.000000000
3   2.0 0.2950260 0.2082415 0.5119811 -0.3037396 -0.02472701 -0.013499340
           oe         te
1  0.07348910 -0.2468892
2  0.00000000 -0.2925120
3 -0.06876205 -0.3172390

[[1]]$se
  delta         mu       mu_1       mu_0         de       se_1       se_0
1   0.5 0.02987371 0.03389670 0.05150345 0.07041968 0.02516483 0.03874183
2   1.0 0.02590239 0.02512658 0.03364987 0.03091303 0.00000000 0.00000000
3   2.0 0.02842240 0.02683589 0.04257153 0.03622933 0.01389119 0.02400238
          oe         te
1 0.02008103 0.04271366
2 0.00000000 0.03091303
3 0.01494119 0.03318716


[1] "Total run time was 39.902 seconds"
