WARNING: ignoring environment value of R_HOME

Attaching package: ‘dplyr’

The following objects are masked from ‘package:stats’:

    filter, lag

The following objects are masked from ‘package:base’:

    intersect, setdiff, setequal, union

Loading required package: splines
Loading required package: foreach
Loaded gam 1.20.2

Super Learner
Version: 2.0-28
Package created on 2021-05-04

Loading required package: lattice
Loading required package: ggplot2
Loading required package: Matrix
Loaded glmnet 4.1-7
Loading required package: Formula
Loading required package: plotmo
Loading required package: plotrix
Loading required package: TeachingDemos
Loaded gbm 2.1.8.1

Attaching package: ‘xgboost’

The following object is masked from ‘package:dplyr’:

    slice

[1] "[Simulation setting]"
[1] "m: 100"
[1] "deltas: 0.5, 1, 2"
[1] "Sim.id 1"
[1] "Data generated"
[1] "   Split: 1"
[1] "   Split: 2"
[1] "Estimates and SE estimates computed"
[1] ""
[[1]]
[[1]]$est
  delta        mu      mu_1      mu_0         de        se_1        se_0
1   0.5 0.4836026 0.3133083 0.5759020 -0.2625937  0.05358174 0.036270565
2   1.0 0.3833885 0.2597266 0.5396315 -0.2799049  0.00000000 0.000000000
3   2.0 0.3062143 0.2114564 0.5435126 -0.3320562 -0.04827020 0.003881144
           oe         te
1  0.10021406 -0.2263231
2  0.00000000 -0.2799049
3 -0.07717421 -0.3281751

[[1]]$se
  delta         mu       mu_1       mu_0         de       se_1       se_0
1   0.5 0.05361403 0.04181509 0.06336105 0.05147864 0.03257536 0.04591054
2   1.0 0.02606990 0.02506533 0.03456082 0.03392173 0.00000000 0.00000000
3   2.0 0.02931372 0.03218880 0.04348524 0.05234362 0.02252123 0.02878005
          oe         te
1 0.04163937 0.04201024
2 0.00000000 0.03392173
3 0.02010926 0.04375984


[1] "Total run time was 42.913 seconds"
