WARNING: ignoring environment value of R_HOME

Attaching package: ‘dplyr’

The following objects are masked from ‘package:stats’:

    filter, lag

The following objects are masked from ‘package:base’:

    intersect, setdiff, setequal, union

Loading required package: splines
Loading required package: foreach
Loaded gam 1.20.2

Super Learner
Version: 2.0-28
Package created on 2021-05-04

Loading required package: lattice
Loading required package: ggplot2
Loading required package: Matrix
Loaded glmnet 4.1-7
Loading required package: Formula
Loading required package: plotmo
Loading required package: plotrix
Loading required package: TeachingDemos
Loaded gbm 2.1.8.1

Attaching package: ‘xgboost’

The following object is masked from ‘package:dplyr’:

    slice

[1] "[Simulation setting]"
[1] "m: 100"
[1] "deltas: 0.5, 1, 2"
[1] "Sim.id 1"
[1] "Data generated"
[1] "   Split: 1"
[1] "   Split: 2"
[1] "Estimates and SE estimates computed"
[1] ""
[[1]]
[[1]]$est
  delta        mu      mu_1      mu_0         de         se_1        se_0
1   0.5 0.4731770 0.2686778 0.6114799 -0.3428020 -0.014428524  0.02445611
2   1.0 0.4129283 0.2831064 0.5870237 -0.3039174  0.000000000  0.00000000
3   2.0 0.3686285 0.2923662 0.5681018 -0.2757357  0.009259834 -0.01892190
           oe         te
1  0.06024865 -0.3183459
2  0.00000000 -0.3039174
3 -0.04429980 -0.2946576

[[1]]$se
  delta         mu       mu_1       mu_0         de       se_1       se_0
1   0.5 0.02968954 0.02549650 0.03792224 0.04075340 0.01451796 0.02603307
2   1.0 0.02409148 0.02554999 0.02976397 0.03183569 0.00000000 0.00000000
3   2.0 0.02702002 0.02873290 0.03457669 0.03742746 0.01316646 0.02004531
          oe         te
1 0.01939679 0.03264044
2 0.00000000 0.03183569
3 0.01379048 0.03463496


[1] "Total run time was 47.281 seconds"
