WARNING: ignoring environment value of R_HOME

Attaching package: ‘dplyr’

The following objects are masked from ‘package:stats’:

    filter, lag

The following objects are masked from ‘package:base’:

    intersect, setdiff, setequal, union

Loading required package: splines
Loading required package: foreach
Loaded gam 1.20.2

Super Learner
Version: 2.0-28
Package created on 2021-05-04

Loading required package: lattice
Loading required package: ggplot2
Loading required package: Matrix
Loaded glmnet 4.1-7
Loading required package: Formula
Loading required package: plotmo
Loading required package: plotrix
Loading required package: TeachingDemos
Loaded gbm 2.1.8.1

Attaching package: ‘xgboost’

The following object is masked from ‘package:dplyr’:

    slice

[1] "[Simulation setting]"
[1] "m: 100"
[1] "deltas: 0.5, 1, 2"
[1] "Sim.id 1"
[1] "Data generated"
[1] "   Split: 1"
[1] "   Split: 2"
[1] "Estimates and SE estimates computed"
[1] ""
[[1]]
[[1]]$est
  delta        mu      mu_1      mu_0         de        se_1         se_0
1   0.5 0.4326911 0.2620694 0.5358475 -0.2737781  0.01596452 -0.015927713
2   1.0 0.3861015 0.2461049 0.5517752 -0.3056704  0.00000000  0.000000000
3   2.0 0.3187268 0.2094209 0.5540064 -0.3445856 -0.03668400  0.002231188
           oe         te
1  0.04658965 -0.2897059
2  0.00000000 -0.3056704
3 -0.06737471 -0.3423544

[[1]]$se
  delta         mu       mu_1       mu_0         de       se_1       se_0
1   0.5 0.03241716 0.03289770 0.04008318 0.04087640 0.01997594 0.02210046
2   1.0 0.02801027 0.03015575 0.03592511 0.03697710 0.00000000 0.00000000
3   2.0 0.04052289 0.05726049 0.04355375 0.06733963 0.04420052 0.02659102
          oe         te
1 0.01664299 0.03665354
2 0.00000000 0.03697710
3 0.03008414 0.06356475


[1] "Total run time was 47.612 seconds"
