WARNING: ignoring environment value of R_HOME

Attaching package: ‘dplyr’

The following objects are masked from ‘package:stats’:

    filter, lag

The following objects are masked from ‘package:base’:

    intersect, setdiff, setequal, union

Loading required package: splines
Loading required package: foreach
Loaded gam 1.20.2

Super Learner
Version: 2.0-28
Package created on 2021-05-04

Loading required package: lattice
Loading required package: ggplot2
Loading required package: Matrix
Loaded glmnet 4.1-7
Loading required package: Formula
Loading required package: plotmo
Loading required package: plotrix
Loading required package: TeachingDemos
Loaded gbm 2.1.8.1

Attaching package: ‘xgboost’

The following object is masked from ‘package:dplyr’:

    slice

[1] "[Simulation setting]"
[1] "m: 100"
[1] "deltas: 0.5, 1, 2"
[1] "Sim.id 1"
[1] "Data generated"
[1] "   Split: 1"
[1] "   Split: 2"
[1] "Estimates and SE estimates computed"
[1] ""
[[1]]
[[1]]$est
  delta        mu      mu_1      mu_0         de        se_1        se_0
1   0.5 0.4495085 0.2887749 0.5570409 -0.2682660  0.04417441  0.03532464
2   1.0 0.3622762 0.2446005 0.5217163 -0.2771158  0.00000000  0.00000000
3   2.0 0.2954298 0.2161284 0.4961266 -0.2799982 -0.02847215 -0.02558972
           oe         te
1  0.08723230 -0.2329414
2  0.00000000 -0.2771158
3 -0.06684637 -0.3055879

[[1]]$se
  delta         mu       mu_1       mu_0         de       se_1       se_0
1   0.5 0.04110393 0.03703907 0.04817131 0.03550865 0.02373043 0.02464116
2   1.0 0.02737670 0.02627493 0.03507823 0.03178051 0.00000000 0.00000000
3   2.0 0.02884887 0.02968134 0.04101327 0.04190278 0.01674736 0.02372763
          oe         te
1 0.02363476 0.03374206
2 0.00000000 0.03178051
3 0.01731242 0.03822002


[1] "Total run time was 39.689 seconds"
