WARNING: ignoring environment value of R_HOME

Attaching package: ‘dplyr’

The following objects are masked from ‘package:stats’:

    filter, lag

The following objects are masked from ‘package:base’:

    intersect, setdiff, setequal, union

Loading required package: splines
Loading required package: foreach
Loaded gam 1.20.2

Super Learner
Version: 2.0-28
Package created on 2021-05-04

Loading required package: lattice
Loading required package: ggplot2
Loading required package: Matrix
Loaded glmnet 4.1-7
Loading required package: Formula
Loading required package: plotmo
Loading required package: plotrix
Loading required package: TeachingDemos
Loaded gbm 2.1.8.1

Attaching package: ‘xgboost’

The following object is masked from ‘package:dplyr’:

    slice

[1] "[Simulation setting]"
[1] "m: 100"
[1] "deltas: 0.5, 1, 2"
[1] "Sim.id 1"
[1] "Data generated"
[1] "   Split: 1"
[1] "   Split: 2"
[1] "Estimates and SE estimates computed"
[1] ""
[[1]]
[[1]]$est
  delta        mu      mu_1      mu_0         de        se_1        se_0
1   0.5 0.4208138 0.2524113 0.5473927 -0.2949814  0.01533089  0.02227948
2   1.0 0.3482973 0.2370804 0.5251132 -0.2880328  0.00000000  0.00000000
3   2.0 0.2785708 0.2176526 0.4725418 -0.2548892 -0.01942777 -0.05257141
           oe         te
1  0.07251650 -0.2727019
2  0.00000000 -0.2880328
3 -0.06972647 -0.3074606

[[1]]$se
  delta         mu       mu_1       mu_0         de       se_1       se_0
1   0.5 0.04131742 0.03330210 0.06058085 0.05974807 0.02406120 0.04027212
2   1.0 0.02496430 0.02536656 0.03553760 0.03748956 0.00000000 0.00000000
3   2.0 0.03216287 0.03829903 0.03810432 0.05072465 0.02174951 0.02481262
          oe         te
1 0.02799674 0.04021816
2 0.00000000 0.03748956
3 0.02051639 0.04707198


[1] "Total run time was 25.873 seconds"
