WARNING: ignoring environment value of R_HOME

Attaching package: ‘dplyr’

The following objects are masked from ‘package:stats’:

    filter, lag

The following objects are masked from ‘package:base’:

    intersect, setdiff, setequal, union

Loading required package: splines
Loading required package: foreach
Loaded gam 1.20.2

Super Learner
Version: 2.0-28
Package created on 2021-05-04

Loading required package: lattice
Loading required package: ggplot2
Loading required package: Matrix
Loaded glmnet 4.1-7
Loading required package: Formula
Loading required package: plotmo
Loading required package: plotrix
Loading required package: TeachingDemos
Loaded gbm 2.1.8.1

Attaching package: ‘xgboost’

The following object is masked from ‘package:dplyr’:

    slice

[1] "[Simulation setting]"
[1] "m: 100"
[1] "deltas: 0.5, 1, 2"
[1] "Sim.id 1"
[1] "Data generated"
[1] "   Split: 1"
[1] "   Split: 2"
[1] "Estimates and SE estimates computed"
[1] ""
[[1]]
[[1]]$est
  delta        mu      mu_1      mu_0         de        se_1         se_0
1   0.5 0.4090293 0.2998069 0.5026692 -0.2028623  0.07423953 -0.007080320
2   1.0 0.3308157 0.2255674 0.5097496 -0.2841822  0.00000000  0.000000000
3   2.0 0.2431228 0.1613762 0.5067776 -0.3454014 -0.06419118 -0.002971922
           oe         te
1  0.07821358 -0.2099427
2  0.00000000 -0.2841822
3 -0.08769285 -0.3483734

[[1]]$se
  delta         mu       mu_1       mu_0         de       se_1       se_0
1   0.5 0.03681012 0.03766278 0.04567049 0.04498602 0.02491432 0.02698514
2   1.0 0.02623212 0.02686838 0.03673242 0.03816647 0.00000000 0.00000000
3   2.0 0.03340016 0.03643438 0.04258105 0.05164676 0.02248263 0.02148544
          oe         te
1 0.02400495 0.03950571
2 0.00000000 0.03816647
3 0.01967271 0.04672483


[1] "Total run time was 44.118 seconds"
