WARNING: ignoring environment value of R_HOME

Attaching package: ‘dplyr’

The following objects are masked from ‘package:stats’:

    filter, lag

The following objects are masked from ‘package:base’:

    intersect, setdiff, setequal, union

Loading required package: splines
Loading required package: foreach
Loaded gam 1.20.2

Super Learner
Version: 2.0-28
Package created on 2021-05-04

Loading required package: lattice
Loading required package: ggplot2
Loading required package: Matrix
Loaded glmnet 4.1-7
Loading required package: Formula
Loading required package: plotmo
Loading required package: plotrix
Loading required package: TeachingDemos
Loaded gbm 2.1.8.1

Attaching package: ‘xgboost’

The following object is masked from ‘package:dplyr’:

    slice

[1] "[Simulation setting]"
[1] "m: 100"
[1] "deltas: 0.5, 1, 2"
[1] "Sim.id 1"
[1] "Data generated"
[1] "   Split: 1"
[1] "   Split: 2"
[1] "Estimates and SE estimates computed"
[1] ""
[[1]]
[[1]]$est
  delta        mu      mu_1      mu_0         de        se_1        se_0
1   0.5 0.5093524 0.2884986 0.6547786 -0.3662800 0.016055179  0.06277473
2   1.0 0.4044555 0.2724434 0.5920038 -0.3195604 0.000000000  0.00000000
3   2.0 0.3424221 0.2752612 0.5467110 -0.2714499 0.002817717 -0.04529283
           oe         te
1  0.10489699 -0.3035052
2  0.00000000 -0.3195604
3 -0.06203338 -0.3167427

[[1]]$se
  delta         mu       mu_1       mu_0         de       se_1       se_0
1   0.5 0.03831151 0.03343272 0.04876990 0.04856156 0.02338082 0.03333889
2   1.0 0.02738478 0.02535901 0.03644569 0.03294949 0.00000000 0.00000000
3   2.0 0.02871018 0.02774593 0.04103968 0.03612735 0.01513863 0.02250097
          oe         te
1 0.02602356 0.03950838
2 0.00000000 0.03294949
3 0.01617627 0.03614516


[1] "Total run time was 26.319 seconds"
