WARNING: ignoring environment value of R_HOME

Attaching package: ‘dplyr’

The following objects are masked from ‘package:stats’:

    filter, lag

The following objects are masked from ‘package:base’:

    intersect, setdiff, setequal, union

Loading required package: splines
Loading required package: foreach
Loaded gam 1.20.2

Super Learner
Version: 2.0-28
Package created on 2021-05-04

Loading required package: lattice
Loading required package: ggplot2
Loading required package: Matrix
Loaded glmnet 4.1-7
Loading required package: Formula
Loading required package: plotmo
Loading required package: plotrix
Loading required package: TeachingDemos
Loaded gbm 2.1.8.1

Attaching package: ‘xgboost’

The following object is masked from ‘package:dplyr’:

    slice

[1] "[Simulation setting]"
[1] "m: 100"
[1] "deltas: 0.5, 1, 2"
[1] "Sim.id 1"
[1] "Data generated"
[1] "   Split: 1"
[1] "   Split: 2"
[1] "Estimates and SE estimates computed"
[1] ""
[[1]]
[[1]]$est
  delta        mu      mu_1      mu_0         de        se_1        se_0
1   0.5 0.4247176 0.2423176 0.5447457 -0.3024281  0.04125504  0.04034662
2   1.0 0.3268260 0.2010626 0.5043991 -0.3033365  0.00000000  0.00000000
3   2.0 0.2257528 0.1540612 0.4502677 -0.2962065 -0.04700137 -0.05413135
           oe         te
1  0.09789166 -0.2620815
2  0.00000000 -0.3033365
3 -0.10107318 -0.3503379

[[1]]$se
  delta         mu       mu_1       mu_0         de       se_1       se_0
1   0.5 0.03676134 0.03465732 0.04379374 0.04213691 0.02294141 0.02506958
2   1.0 0.02782374 0.02504621 0.03534359 0.03205471 0.00000000 0.00000000
3   2.0 0.03006281 0.02987708 0.04418151 0.04463202 0.01792586 0.02871828
          oe         te
1 0.02086193 0.03658698
2 0.00000000 0.03205471
3 0.01916963 0.04004275


[1] "Total run time was 41.445 seconds"
