WARNING: ignoring environment value of R_HOME

Attaching package: ‘dplyr’

The following objects are masked from ‘package:stats’:

    filter, lag

The following objects are masked from ‘package:base’:

    intersect, setdiff, setequal, union

Loading required package: splines
Loading required package: foreach
Loaded gam 1.20.2

Super Learner
Version: 2.0-28
Package created on 2021-05-04

Loading required package: lattice
Loading required package: ggplot2
Loading required package: Matrix
Loaded glmnet 4.1-7
Loading required package: Formula
Loading required package: plotmo
Loading required package: plotrix
Loading required package: TeachingDemos
Loaded gbm 2.1.8.1

Attaching package: ‘xgboost’

The following object is masked from ‘package:dplyr’:

    slice

[1] "[Simulation setting]"
[1] "m: 100"
[1] "deltas: 0.5, 1, 2"
[1] "Sim.id 1"
[1] "Data generated"
[1] "   Split: 1"
[1] "   Split: 2"
[1] "Estimates and SE estimates computed"
[1] ""
[[1]]
[[1]]$est
  delta        mu      mu_1      mu_0         de         se_1         se_0
1   0.5 0.3858573 0.2336599 0.5016476 -0.2679876  0.028954905  0.009327010
2   1.0 0.3194791 0.2047050 0.4923206 -0.2876155  0.000000000  0.000000000
3   2.0 0.2692945 0.1972751 0.4830951 -0.2858201 -0.007429954 -0.009225425
           oe         te
1  0.06637823 -0.2586606
2  0.00000000 -0.2876155
3 -0.05018458 -0.2950455

[[1]]$se
  delta         mu       mu_1       mu_0         de       se_1       se_0
1   0.5 0.03362520 0.02653916 0.04946365 0.05008140 0.01808915 0.02759036
2   1.0 0.02485866 0.02382945 0.03804615 0.03944910 0.00000000 0.00000000
3   2.0 0.02857078 0.03150645 0.04299131 0.04995705 0.01889317 0.02848698
          oe         te
1 0.02152698 0.04019928
2 0.00000000 0.03944910
3 0.01944184 0.04655129


[1] "Total run time was 47.374 seconds"
