WARNING: ignoring environment value of R_HOME

Attaching package: ‘dplyr’

The following objects are masked from ‘package:stats’:

    filter, lag

The following objects are masked from ‘package:base’:

    intersect, setdiff, setequal, union

Loading required package: splines
Loading required package: foreach
Loaded gam 1.20.2

Super Learner
Version: 2.0-28
Package created on 2021-05-04

Loading required package: lattice
Loading required package: ggplot2
Loading required package: Matrix
Loaded glmnet 4.1-7
Loading required package: Formula
Loading required package: plotmo
Loading required package: plotrix
Loading required package: TeachingDemos
Loaded gbm 2.1.8.1

Attaching package: ‘xgboost’

The following object is masked from ‘package:dplyr’:

    slice

[1] "[Simulation setting]"
[1] "m: 100"
[1] "deltas: 0.5, 1, 2"
[1] "Sim.id 1"
[1] "Data generated"
[1] "   Split: 1"
[1] "   Split: 2"
[1] "Estimates and SE estimates computed"
[1] ""
[[1]]
[[1]]$est
  delta        mu      mu_1      mu_0         de       se_1         se_0
1   0.5 0.4205867 0.2494596 0.5385363 -0.2890767  0.0268090  0.001195826
2   1.0 0.3516483 0.2226506 0.5373404 -0.3146898  0.0000000  0.000000000
3   2.0 0.2744017 0.1887995 0.5257034 -0.3369039 -0.0338511 -0.011636997
           oe         te
1  0.06893842 -0.2878808
2  0.00000000 -0.3146898
3 -0.07724658 -0.3485409

[[1]]$se
  delta         mu       mu_1       mu_0         de       se_1       se_0
1   0.5 0.02758112 0.03065843 0.03771526 0.04489763 0.01829352 0.02264610
2   1.0 0.02576538 0.02449425 0.03547782 0.03509648 0.00000000 0.00000000
3   2.0 0.02905930 0.02579012 0.04625419 0.04111190 0.01390603 0.02828179
          oe         te
1 0.01619783 0.04077799
2 0.00000000 0.03509648
3 0.01586347 0.03770730


[1] "Total run time was 45.988 seconds"
