WARNING: ignoring environment value of R_HOME

Attaching package: ‘dplyr’

The following objects are masked from ‘package:stats’:

    filter, lag

The following objects are masked from ‘package:base’:

    intersect, setdiff, setequal, union

Loading required package: splines
Loading required package: foreach
Loaded gam 1.20.2

Super Learner
Version: 2.0-28
Package created on 2021-05-04

Loading required package: lattice
Loading required package: ggplot2
Loading required package: Matrix
Loaded glmnet 4.1-7
Loading required package: Formula
Loading required package: plotmo
Loading required package: plotrix
Loading required package: TeachingDemos
Loaded gbm 2.1.8.1

Attaching package: ‘xgboost’

The following object is masked from ‘package:dplyr’:

    slice

[1] "[Simulation setting]"
[1] "m: 100"
[1] "deltas: 0.5, 1, 2"
[1] "Sim.id 1"
[1] "Data generated"
[1] "   Split: 1"
[1] "   Split: 2"
[1] "Estimates and SE estimates computed"
[1] ""
[[1]]
[[1]]$est
  delta        mu      mu_1      mu_0         de         se_1        se_0
1   0.5 0.3851398 0.1809424 0.5450537 -0.3641114 -0.003748108  0.04915337
2   1.0 0.3068463 0.1846905 0.4959004 -0.3112099  0.000000000  0.00000000
3   2.0 0.2467609 0.1768347 0.4677882 -0.2909535 -0.007855798 -0.02811215
           oe         te
1  0.07829357 -0.3149580
2  0.00000000 -0.3112099
3 -0.06008535 -0.3190657

[[1]]$se
  delta         mu       mu_1       mu_0         de       se_1       se_0
1   0.5 0.03115846 0.02236227 0.04319615 0.04036854 0.01148969 0.02388419
2   1.0 0.02489332 0.02144773 0.03765387 0.03506934 0.00000000 0.00000000
3   2.0 0.02687142 0.02801961 0.04031952 0.04315792 0.01669281 0.02227992
          oe         te
1 0.01663543 0.03441688
2 0.00000000 0.03506934
3 0.01604268 0.04031045


[1] "Total run time was 26.959 seconds"
