WARNING: ignoring environment value of R_HOME

Attaching package: ‘dplyr’

The following objects are masked from ‘package:stats’:

    filter, lag

The following objects are masked from ‘package:base’:

    intersect, setdiff, setequal, union

Loading required package: splines
Loading required package: foreach
Loaded gam 1.20.2

Super Learner
Version: 2.0-28
Package created on 2021-05-04

Loading required package: lattice
Loading required package: ggplot2
Loading required package: Matrix
Loaded glmnet 4.1-7
Loading required package: Formula
Loading required package: plotmo
Loading required package: plotrix
Loading required package: TeachingDemos
Loaded gbm 2.1.8.1

Attaching package: ‘xgboost’

The following object is masked from ‘package:dplyr’:

    slice

[1] "[Simulation setting]"
[1] "m: 100"
[1] "deltas: 0.5, 1, 2"
[1] "Sim.id 1"
[1] "Data generated"
[1] "   Split: 1"
[1] "   Split: 2"
[1] "Estimates and SE estimates computed"
[1] ""
[[1]]
[[1]]$est
  delta        mu      mu_1      mu_0         de        se_1        se_0
1   0.5 0.4870053 0.3054823 0.6075965 -0.3021142  0.02535306 0.009105532
2   1.0 0.4178172 0.2801293 0.5984910 -0.3183617  0.00000000 0.000000000
3   2.0 0.3545315 0.2552897 0.6049935 -0.3497037 -0.02483953 0.006502522
           oe         te
1  0.06918811 -0.2930086
2  0.00000000 -0.3183617
3 -0.06328569 -0.3432012

[[1]]$se
  delta         mu       mu_1       mu_0         de       se_1       se_0
1   0.5 0.02747103 0.03217845 0.03432816 0.04350644 0.01616393 0.01842733
2   1.0 0.02493639 0.02717903 0.03146353 0.03649764 0.00000000 0.00000000
3   2.0 0.02813145 0.03128182 0.03693016 0.04576346 0.01753361 0.02483903
          oe         te
1 0.01405842 0.03930833
2 0.00000000 0.03649764
3 0.01540833 0.04013977


[1] "Total run time was 50.597 seconds"
