WARNING: ignoring environment value of R_HOME

Attaching package: ‘dplyr’

The following objects are masked from ‘package:stats’:

    filter, lag

The following objects are masked from ‘package:base’:

    intersect, setdiff, setequal, union

Loading required package: splines
Loading required package: foreach
Loaded gam 1.20.2

Super Learner
Version: 2.0-28
Package created on 2021-05-04

Loading required package: lattice
Loading required package: ggplot2
Loading required package: Matrix
Loaded glmnet 4.1-7
Loading required package: Formula
Loading required package: plotmo
Loading required package: plotrix
Loading required package: TeachingDemos
Loaded gbm 2.1.8.1

Attaching package: ‘xgboost’

The following object is masked from ‘package:dplyr’:

    slice

[1] "[Simulation setting]"
[1] "m: 100"
[1] "deltas: 0.5, 1, 2"
[1] "Sim.id 1"
[1] "Data generated"
[1] "   Split: 1"
[1] "   Split: 2"
[1] "Estimates and SE estimates computed"
[1] ""
[[1]]
[[1]]$est
  delta        mu      mu_1      mu_0         de         se_1         se_0
1   0.5 0.4637695 0.2702110 0.5793565 -0.3091456  0.021637213  0.017896858
2   1.0 0.3907235 0.2485737 0.5614597 -0.3128859  0.000000000  0.000000000
3   2.0 0.3357143 0.2461331 0.5521177 -0.3059845 -0.002440611 -0.009342007
           oe         te
1  0.07304608 -0.2912487
2  0.00000000 -0.3128859
3 -0.05500914 -0.3153265

[[1]]$se
  delta         mu       mu_1       mu_0         de       se_1       se_0
1   0.5 0.03631797 0.03572908 0.04830232 0.05462225 0.02450013 0.03205755
2   1.0 0.02548100 0.02531650 0.03537687 0.03585300 0.00000000 0.00000000
3   2.0 0.03158551 0.03394693 0.04232689 0.04582284 0.02032765 0.02405291
          oe         te
1 0.02273422 0.04114584
2 0.00000000 0.03585300
3 0.02009826 0.04309469


[1] "Total run time was 48.505 seconds"
