WARNING: ignoring environment value of R_HOME

Attaching package: ‘dplyr’

The following objects are masked from ‘package:stats’:

    filter, lag

The following objects are masked from ‘package:base’:

    intersect, setdiff, setequal, union

Loading required package: splines
Loading required package: foreach
Loaded gam 1.20.2

Super Learner
Version: 2.0-28
Package created on 2021-05-04

Loading required package: lattice
Loading required package: ggplot2
Loading required package: Matrix
Loaded glmnet 4.1-7
Loading required package: Formula
Loading required package: plotmo
Loading required package: plotrix
Loading required package: TeachingDemos
Loaded gbm 2.1.8.1

Attaching package: ‘xgboost’

The following object is masked from ‘package:dplyr’:

    slice

[1] "[Simulation setting]"
[1] "m: 100"
[1] "deltas: 0.5, 1, 2"
[1] "Sim.id 1"
[1] "Data generated"
[1] "   Split: 1"
[1] "   Split: 2"
[1] "Estimates and SE estimates computed"
[1] ""
[[1]]
[[1]]$est
  delta        mu      mu_1      mu_0         de        se_1         se_0
1   0.5 0.4677899 0.2751901 0.5769044 -0.3017143  0.01918740 -0.009444469
2   1.0 0.4041385 0.2560027 0.5863489 -0.3303462  0.00000000  0.000000000
3   2.0 0.3163305 0.2205250 0.5443865 -0.3238615 -0.03547768 -0.041962376
           oe         te
1  0.06365146 -0.3111588
2  0.00000000 -0.3303462
3 -0.08780795 -0.3658238

[[1]]$se
  delta         mu       mu_1       mu_0         de       se_1       se_0
1   0.5 0.03628174 0.03863906 0.04420945 0.05087792 0.02720217 0.02678866
2   1.0 0.02888871 0.02651901 0.03733934 0.03680880 0.00000000 0.00000000
3   2.0 0.03326954 0.03284736 0.05156629 0.05270471 0.02194877 0.03177265
          oe         te
1 0.02169011 0.04358074
2 0.00000000 0.03680880
3 0.02149291 0.04545160


[1] "Total run time was 40.542 seconds"
