WARNING: ignoring environment value of R_HOME

Attaching package: ‘dplyr’

The following objects are masked from ‘package:stats’:

    filter, lag

The following objects are masked from ‘package:base’:

    intersect, setdiff, setequal, union

Loading required package: splines
Loading required package: foreach
Loaded gam 1.20.2

Super Learner
Version: 2.0-28
Package created on 2021-05-04

Loading required package: lattice
Loading required package: ggplot2
Loading required package: Matrix
Loaded glmnet 4.1-7
Loading required package: Formula
Loading required package: plotmo
Loading required package: plotrix
Loading required package: TeachingDemos
Loaded gbm 2.1.8.1

Attaching package: ‘xgboost’

The following object is masked from ‘package:dplyr’:

    slice

[1] "[Simulation setting]"
[1] "m: 100"
[1] "deltas: 0.5, 1, 2"
[1] "Sim.id 1"
[1] "Data generated"
[1] "   Split: 1"
[1] "   Split: 2"
[1] "Estimates and SE estimates computed"
[1] ""
[[1]]
[[1]]$est
  delta        mu      mu_1      mu_0         de        se_1         se_0
1   0.5 0.3976173 0.2378431 0.5234233 -0.2855802  0.00847251 -0.004843605
2   1.0 0.3437446 0.2293706 0.5282669 -0.2988963  0.00000000  0.000000000
3   2.0 0.2772710 0.2039578 0.5337426 -0.3297848 -0.02541275  0.005475778
           oe         te
1  0.05387277 -0.2904238
2  0.00000000 -0.2988963
3 -0.06647354 -0.3243090

[[1]]$se
  delta         mu       mu_1       mu_0         de       se_1       se_0
1   0.5 0.02761638 0.02582278 0.03086050 0.02579326 0.01489640 0.01937499
2   1.0 0.02468242 0.02341997 0.03100046 0.02533057 0.00000000 0.00000000
3   2.0 0.02679161 0.02581559 0.03894508 0.03404844 0.01398647 0.02268010
          oe         te
1 0.01599495 0.02680848
2 0.00000000 0.02533057
3 0.01464943 0.02977223


[1] "Total run time was 38.103 seconds"
