WARNING: ignoring environment value of R_HOME

Attaching package: ‘dplyr’

The following objects are masked from ‘package:stats’:

    filter, lag

The following objects are masked from ‘package:base’:

    intersect, setdiff, setequal, union

Loading required package: splines
Loading required package: foreach
Loaded gam 1.20.2

Super Learner
Version: 2.0-28
Package created on 2021-05-04

Loading required package: lattice
Loading required package: ggplot2
Loading required package: Matrix
Loaded glmnet 4.1-7
Loading required package: Formula
Loading required package: plotmo
Loading required package: plotrix
Loading required package: TeachingDemos
Loaded gbm 2.1.8.1

Attaching package: ‘xgboost’

The following object is masked from ‘package:dplyr’:

    slice

[1] "[Simulation setting]"
[1] "m: 100"
[1] "deltas: 0.5, 1, 2"
[1] "Sim.id 1"
[1] "Data generated"
[1] "   Split: 1"
[1] "   Split: 2"
[1] "Estimates and SE estimates computed"
[1] ""
[[1]]
[[1]]$est
  delta        mu      mu_1      mu_0         de        se_1         se_0
1   0.5 0.3493461 0.2327563 0.4282213 -0.1954649  0.02017164 -0.061355282
2   1.0 0.3297233 0.2125847 0.4895765 -0.2769919  0.00000000  0.000000000
3   2.0 0.2676567 0.1886850 0.4811430 -0.2924580 -0.02389972 -0.008433536
           oe         te
1  0.01962289 -0.2568202
2  0.00000000 -0.2769919
3 -0.06206653 -0.3008916

[[1]]$se
  delta         mu       mu_1       mu_0         de       se_1       se_0
1   0.5 0.05114634 0.02835640 0.07474422 0.07026649 0.01645797 0.06230765
2   1.0 0.02240504 0.02305678 0.03390217 0.03561047 0.00000000 0.00000000
3   2.0 0.02287701 0.02412827 0.03980671 0.04541387 0.01488800 0.02495540
          oe         te
1 0.04501520 0.03573798
2 0.00000000 0.03561047
3 0.01449771 0.03902968


[1] "Total run time was 25.426 seconds"
