WARNING: ignoring environment value of R_HOME

Attaching package: ‘dplyr’

The following objects are masked from ‘package:stats’:

    filter, lag

The following objects are masked from ‘package:base’:

    intersect, setdiff, setequal, union

Loading required package: splines
Loading required package: foreach
Loaded gam 1.20.2

Super Learner
Version: 2.0-28
Package created on 2021-05-04

Loading required package: lattice
Loading required package: ggplot2
Loading required package: Matrix
Loaded glmnet 4.1-7
Loading required package: Formula
Loading required package: plotmo
Loading required package: plotrix
Loading required package: TeachingDemos
Loaded gbm 2.1.8.1

Attaching package: ‘xgboost’

The following object is masked from ‘package:dplyr’:

    slice

[1] "[Simulation setting]"
[1] "m: 100"
[1] "deltas: 0.5, 1, 2"
[1] "Sim.id 1"
[1] "Data generated"
[1] "   Split: 1"
[1] "   Split: 2"
[1] "Estimates and SE estimates computed"
[1] ""
[[1]]
[[1]]$est
  delta        mu      mu_1      mu_0         de        se_1        se_0
1   0.5 0.4461751 0.2484089 0.5795199 -0.3311110  0.03183928  0.06710892
2   1.0 0.3397977 0.2165696 0.5124110 -0.2958414  0.00000000  0.00000000
3   2.0 0.2694827 0.2009130 0.4768797 -0.2759668 -0.01565663 -0.03553126
          oe         te
1  0.1063774 -0.2640021
2  0.0000000 -0.2958414
3 -0.0703150 -0.3114980

[[1]]$se
  delta         mu       mu_1       mu_0         de       se_1       se_0
1   0.5 0.03987083 0.03550482 0.05791898 0.06516604 0.02230889 0.03242354
2   1.0 0.02821495 0.02484295 0.03899424 0.03736532 0.00000000 0.00000000
3   2.0 0.03519566 0.03832260 0.04001755 0.04120745 0.02495204 0.02678479
          oe         te
1 0.02257707 0.04754173
2 0.00000000 0.03736532
3 0.02196199 0.04471368


[1] "Total run time was 36.132 seconds"
