WARNING: ignoring environment value of R_HOME

Attaching package: ‘dplyr’

The following objects are masked from ‘package:stats’:

    filter, lag

The following objects are masked from ‘package:base’:

    intersect, setdiff, setequal, union

Loading required package: splines
Loading required package: foreach
Loaded gam 1.20.2

Super Learner
Version: 2.0-28
Package created on 2021-05-04

Loading required package: lattice
Loading required package: ggplot2
Loading required package: Matrix
Loaded glmnet 4.1-7
Loading required package: Formula
Loading required package: plotmo
Loading required package: plotrix
Loading required package: TeachingDemos
Loaded gbm 2.1.8.1

Attaching package: ‘xgboost’

The following object is masked from ‘package:dplyr’:

    slice

[1] "[Simulation setting]"
[1] "m: 100"
[1] "deltas: 0.5, 1, 2"
[1] "Sim.id 1"
[1] "Data generated"
[1] "   Split: 1"
[1] "   Split: 2"
[1] "Estimates and SE estimates computed"
[1] ""
[[1]]
[[1]]$est
  delta        mu      mu_1      mu_0         de        se_1        se_0
1   0.5 0.4642235 0.3002813 0.5925650 -0.2922837  0.05920907  0.06053141
2   1.0 0.3599593 0.2410722 0.5320336 -0.2909614  0.00000000  0.00000000
3   2.0 0.2679695 0.1893716 0.4949868 -0.3056151 -0.05170055 -0.03704679
           oe         te
1  0.10426425 -0.2317523
2  0.00000000 -0.2909614
3 -0.09198973 -0.3426619

[[1]]$se
  delta         mu       mu_1       mu_0         de       se_1       se_0
1   0.5 0.05160676 0.03518574 0.07272384 0.06280229 0.02376419 0.05157186
2   1.0 0.02677544 0.02464471 0.03787032 0.03705013 0.00000000 0.00000000
3   2.0 0.03489035 0.04053296 0.04582504 0.05534698 0.03212040 0.02992605
          oe         te
1 0.03837584 0.04027721
2 0.00000000 0.03705013
3 0.02596480 0.05221235


[1] "Total run time was 42.055 seconds"
