WARNING: ignoring environment value of R_HOME

Attaching package: ‘dplyr’

The following objects are masked from ‘package:stats’:

    filter, lag

The following objects are masked from ‘package:base’:

    intersect, setdiff, setequal, union

Loading required package: splines
Loading required package: foreach
Loaded gam 1.20.2

Super Learner
Version: 2.0-28
Package created on 2021-05-04

Loading required package: lattice
Loading required package: ggplot2
Loading required package: Matrix
Loaded glmnet 4.1-7
Loading required package: Formula
Loading required package: plotmo
Loading required package: plotrix
Loading required package: TeachingDemos
Loaded gbm 2.1.8.1

Attaching package: ‘xgboost’

The following object is masked from ‘package:dplyr’:

    slice

[1] "[Simulation setting]"
[1] "m: 100"
[1] "deltas: 0.5, 1, 2"
[1] "Sim.id 1"
[1] "Data generated"
[1] "   Split: 1"
[1] "   Split: 2"
[1] "Estimates and SE estimates computed"
[1] ""
[[1]]
[[1]]$est
  delta        mu      mu_1      mu_0         de        se_1        se_0
1   0.5 0.4319568 0.2695078 0.5723495 -0.3028417  0.03966011  0.05422393
2   1.0 0.3350600 0.2298477 0.5181255 -0.2882779  0.00000000  0.00000000
3   2.0 0.2538971 0.1932594 0.4590530 -0.2657936 -0.03658821 -0.05907252
           oe         te
1  0.09689674 -0.2486178
2  0.00000000 -0.2882779
3 -0.08116298 -0.3248661

[[1]]$se
  delta         mu       mu_1       mu_0         de       se_1       se_0
1   0.5 0.03449578 0.03878620 0.04469083 0.05151590 0.02718578 0.02778079
2   1.0 0.02603837 0.02509403 0.03607904 0.03350397 0.00000000 0.00000000
3   2.0 0.02658016 0.02656047 0.04264695 0.04038942 0.01779013 0.02250231
          oe         te
1 0.02167053 0.04418290
2 0.00000000 0.03350397
3 0.01698979 0.03771703


[1] "Total run time was 37.834 seconds"
