WARNING: ignoring environment value of R_HOME

Attaching package: ‘dplyr’

The following objects are masked from ‘package:stats’:

    filter, lag

The following objects are masked from ‘package:base’:

    intersect, setdiff, setequal, union

Loading required package: splines
Loading required package: foreach
Loaded gam 1.20.2

Super Learner
Version: 2.0-28
Package created on 2021-05-04

Loading required package: lattice
Loading required package: ggplot2
Loading required package: Matrix
Loaded glmnet 4.1-7
Loading required package: Formula
Loading required package: plotmo
Loading required package: plotrix
Loading required package: TeachingDemos
Loaded gbm 2.1.8.1

Attaching package: ‘xgboost’

The following object is masked from ‘package:dplyr’:

    slice

[1] "[Simulation setting]"
[1] "m: 100"
[1] "deltas: 0.5, 1, 2"
[1] "Sim.id 1"
[1] "Data generated"
[1] "   Split: 1"
[1] "   Split: 2"
[1] "Estimates and SE estimates computed"
[1] ""
[[1]]
[[1]]$est
  delta        mu      mu_1      mu_0         de       se_1        se_0
1   0.5 0.4428264 0.2701696 0.5886853 -0.3185157  0.0416016  0.07077604
2   1.0 0.3370545 0.2285680 0.5179092 -0.2893413  0.0000000  0.00000000
3   2.0 0.2795976 0.2141912 0.4977986 -0.2836074 -0.0143768 -0.02011069
           oe         te
1  0.10577192 -0.2477397
2  0.00000000 -0.2893413
3 -0.05745685 -0.3037181

[[1]]$se
  delta         mu       mu_1       mu_0         de       se_1       se_0
1   0.5 0.03583859 0.03412276 0.05261191 0.05686473 0.02435737 0.03097440
2   1.0 0.02584333 0.02580545 0.03403155 0.03366639 0.00000000 0.00000000
3   2.0 0.02803994 0.03171429 0.03369577 0.03892334 0.01783935 0.02359399
          oe         te
1 0.02188043 0.04061460
2 0.00000000 0.03366639
3 0.01754784 0.04066100


[1] "Total run time was 38.381 seconds"
