WARNING: ignoring environment value of R_HOME

Attaching package: ‘dplyr’

The following objects are masked from ‘package:stats’:

    filter, lag

The following objects are masked from ‘package:base’:

    intersect, setdiff, setequal, union

Loading required package: splines
Loading required package: foreach
Loaded gam 1.20.2

Super Learner
Version: 2.0-28
Package created on 2021-05-04

Loading required package: lattice
Loading required package: ggplot2
Loading required package: Matrix
Loaded glmnet 4.1-7
Loading required package: Formula
Loading required package: plotmo
Loading required package: plotrix
Loading required package: TeachingDemos
Loaded gbm 2.1.8.1

Attaching package: ‘xgboost’

The following object is masked from ‘package:dplyr’:

    slice

[1] "[Simulation setting]"
[1] "m: 100"
[1] "deltas: 0.5, 1, 2"
[1] "Sim.id 1"
[1] "Data generated"
[1] "   Split: 1"
[1] "   Split: 2"
[1] "Estimates and SE estimates computed"
[1] ""
[[1]]
[[1]]$est
  delta        mu      mu_1      mu_0         de        se_1        se_0
1   0.5 0.4923050 0.2847198 0.6341952 -0.3494755  0.04594204  0.06842032
2   1.0 0.3733010 0.2387777 0.5657749 -0.3269972  0.00000000  0.00000000
3   2.0 0.2894134 0.2094344 0.5218136 -0.3123792 -0.02934330 -0.04396128
           oe         te
1  0.11900402 -0.2810552
2  0.00000000 -0.3269972
3 -0.08388759 -0.3563405

[[1]]$se
  delta         mu       mu_1       mu_0         de       se_1       se_0
1   0.5 0.03311195 0.03167122 0.04432865 0.05067915 0.01933366 0.02902222
2   1.0 0.02678434 0.02405430 0.03281122 0.03101340 0.00000000 0.00000000
3   2.0 0.03006243 0.02740272 0.04147606 0.03734037 0.01507710 0.02438939
          oe         te
1 0.02121624 0.03639812
2 0.00000000 0.03101340
3 0.01618560 0.03540293


[1] "Total run time was 37.825 seconds"
