WARNING: ignoring environment value of R_HOME

Attaching package: ‘dplyr’

The following objects are masked from ‘package:stats’:

    filter, lag

The following objects are masked from ‘package:base’:

    intersect, setdiff, setequal, union

Loading required package: splines
Loading required package: foreach
Loaded gam 1.20.2

Super Learner
Version: 2.0-28
Package created on 2021-05-04

Loading required package: lattice
Loading required package: ggplot2
Loading required package: Matrix
Loaded glmnet 4.1-7
Loading required package: Formula
Loading required package: plotmo
Loading required package: plotrix
Loading required package: TeachingDemos
Loaded gbm 2.1.8.1

Attaching package: ‘xgboost’

The following object is masked from ‘package:dplyr’:

    slice

[1] "[Simulation setting]"
[1] "m: 100"
[1] "deltas: 0.5, 1, 2"
[1] "Sim.id 1"
[1] "Data generated"
[1] "   Split: 1"
[1] "   Split: 2"
[1] "Estimates and SE estimates computed"
[1] ""
[[1]]
[[1]]$est
  delta        mu      mu_1      mu_0         de         se_1        se_0
1   0.5 0.4082403 0.1958992 0.5442671 -0.3483679  0.001256607  0.04120627
2   1.0 0.3308382 0.1946426 0.5030609 -0.3084182  0.000000000  0.00000000
3   2.0 0.2750473 0.1906888 0.4721623 -0.2814735 -0.003953776 -0.03089855
           oe         te
1  0.07740215 -0.3071616
2  0.00000000 -0.3084182
3 -0.05579086 -0.3123720

[[1]]$se
  delta         mu       mu_1       mu_0         de       se_1       se_0
1   0.5 0.04226966 0.03708058 0.04887519 0.04349639 0.02822136 0.02841869
2   1.0 0.02809805 0.02494962 0.03595239 0.03216341 0.00000000 0.00000000
3   2.0 0.03086314 0.03151151 0.03908770 0.04016379 0.01633860 0.02251131
          oe         te
1 0.02702349 0.03907311
2 0.00000000 0.03216341
3 0.01659201 0.03811254


[1] "Total run time was 37.395 seconds"
