WARNING: ignoring environment value of R_HOME

Attaching package: ‘dplyr’

The following objects are masked from ‘package:stats’:

    filter, lag

The following objects are masked from ‘package:base’:

    intersect, setdiff, setequal, union

Loading required package: splines
Loading required package: foreach
Loaded gam 1.20.2

Super Learner
Version: 2.0-28
Package created on 2021-05-04

Loading required package: lattice
Loading required package: ggplot2
Loading required package: Matrix
Loaded glmnet 4.1-7
Loading required package: Formula
Loading required package: plotmo
Loading required package: plotrix
Loading required package: TeachingDemos
Loaded gbm 2.1.8.1

Attaching package: ‘xgboost’

The following object is masked from ‘package:dplyr’:

    slice

[1] "[Simulation setting]"
[1] "m: 100"
[1] "deltas: 0.5, 1, 2"
[1] "Sim.id 1"
[1] "Data generated"
[1] "   Split: 1"
[1] "   Split: 2"
[1] "Estimates and SE estimates computed"
[1] ""
[[1]]
[[1]]$est
  delta        mu      mu_1      mu_0         de        se_1        se_0
1   0.5 0.4957480 0.2929457 0.6224088 -0.3294631  0.03387962  0.02792504
2   1.0 0.4102249 0.2590661 0.5944838 -0.3354177  0.00000000  0.00000000
3   2.0 0.3039559 0.2044775 0.5479502 -0.3434727 -0.05458852 -0.04653354
           oe         te
1  0.08552311 -0.3015381
2  0.00000000 -0.3354177
3 -0.10626904 -0.3900062

[[1]]$se
  delta         mu       mu_1       mu_0         de       se_1       se_0
1   0.5 0.03253415 0.03445539 0.03955830 0.04396893 0.02012743 0.02743930
2   1.0 0.02679756 0.02941895 0.03038131 0.03348505 0.00000000 0.00000000
3   2.0 0.03176584 0.03235332 0.03888463 0.03825669 0.01810197 0.02294532
          oe         te
1 0.02182975 0.03802222
2 0.00000000 0.03348505
3 0.01734626 0.03570766


[1] "Total run time was 41.42 seconds"
