WARNING: ignoring environment value of R_HOME

Attaching package: ‘dplyr’

The following objects are masked from ‘package:stats’:

    filter, lag

The following objects are masked from ‘package:base’:

    intersect, setdiff, setequal, union

Loading required package: splines
Loading required package: foreach
Loaded gam 1.20.2

Super Learner
Version: 2.0-28
Package created on 2021-05-04

Loading required package: lattice
Loading required package: ggplot2
Loading required package: Matrix
Loaded glmnet 4.1-7
Loading required package: Formula
Loading required package: plotmo
Loading required package: plotrix
Loading required package: TeachingDemos
Loaded gbm 2.1.8.1

Attaching package: ‘xgboost’

The following object is masked from ‘package:dplyr’:

    slice

[1] "[Simulation setting]"
[1] "m: 100"
[1] "deltas: 0.5, 1, 2"
[1] "Sim.id 1"
[1] "Data generated"
[1] "   Split: 1"
[1] "   Split: 2"
[1] "Estimates and SE estimates computed"
[1] ""
[[1]]
[[1]]$est
  delta        mu      mu_1      mu_0         de        se_1        se_0
1   0.5 0.4116370 0.1917244 0.5707449 -0.3790206 -0.02235062  0.01670342
2   1.0 0.3524121 0.2140750 0.5540415 -0.3399665  0.00000000  0.00000000
3   2.0 0.2994887 0.2244397 0.5256298 -0.3011901  0.01036468 -0.02841174
           oe         te
1  0.05922490 -0.3623171
2  0.00000000 -0.3399665
3 -0.05292344 -0.3296019

[[1]]$se
  delta         mu       mu_1       mu_0         de       se_1       se_0
1   0.5 0.02810439 0.02369860 0.03966849 0.04043233 0.01678791 0.02697395
2   1.0 0.02278302 0.02206189 0.03223582 0.03275286 0.00000000 0.00000000
3   2.0 0.03182096 0.03634344 0.04217373 0.04874052 0.02349594 0.02601416
          oe         te
1 0.01993257 0.03301320
2 0.00000000 0.03275286
3 0.02222383 0.04559838


[1] "Total run time was 37.362 seconds"
