WARNING: ignoring environment value of R_HOME

Attaching package: ‘dplyr’

The following objects are masked from ‘package:stats’:

    filter, lag

The following objects are masked from ‘package:base’:

    intersect, setdiff, setequal, union

Loading required package: splines
Loading required package: foreach
Loaded gam 1.20.2

Super Learner
Version: 2.0-28
Package created on 2021-05-04

Loading required package: lattice
Loading required package: ggplot2
Loading required package: Matrix
Loaded glmnet 4.1-7
Loading required package: Formula
Loading required package: plotmo
Loading required package: plotrix
Loading required package: TeachingDemos
Loaded gbm 2.1.8.1

Attaching package: ‘xgboost’

The following object is masked from ‘package:dplyr’:

    slice

[1] "[Simulation setting]"
[1] "m: 100"
[1] "deltas: 0.5, 1, 2"
[1] "Sim.id 1"
[1] "Data generated"
[1] "   Split: 1"
[1] "   Split: 2"
[1] "Estimates and SE estimates computed"
[1] ""
[[1]]
[[1]]$est
  delta        mu      mu_1      mu_0         de        se_1        se_0
1   0.5 0.4443660 0.2436996 0.5767759 -0.3330763  0.02587809 0.029862604
2   1.0 0.3624976 0.2178215 0.5469133 -0.3290918  0.00000000 0.000000000
3   2.0 0.2987190 0.1986024 0.5490853 -0.3504828 -0.01921906 0.002172015
           oe         te
1  0.08186839 -0.3032137
2  0.00000000 -0.3290918
3 -0.06377864 -0.3483108

[[1]]$se
  delta         mu       mu_1       mu_0         de       se_1       se_0
1   0.5 0.03544022 0.02543535 0.04867409 0.04543419 0.01644117 0.03355828
2   1.0 0.02562225 0.02399796 0.03357266 0.03254163 0.00000000 0.00000000
3   2.0 0.02791434 0.02742412 0.04289728 0.04299852 0.01294100 0.02699666
          oe         te
1 0.02374799 0.03366536
2 0.00000000 0.03254163
3 0.01426495 0.03570199


[1] "Total run time was 42.618 seconds"
