WARNING: ignoring environment value of R_HOME

Attaching package: ‘dplyr’

The following objects are masked from ‘package:stats’:

    filter, lag

The following objects are masked from ‘package:base’:

    intersect, setdiff, setequal, union

Loading required package: splines
Loading required package: foreach
Loaded gam 1.20.2

Super Learner
Version: 2.0-28
Package created on 2021-05-04

Loading required package: lattice
Loading required package: ggplot2
Loading required package: Matrix
Loaded glmnet 4.1-7
Loading required package: Formula
Loading required package: plotmo
Loading required package: plotrix
Loading required package: TeachingDemos
Loaded gbm 2.1.8.1

Attaching package: ‘xgboost’

The following object is masked from ‘package:dplyr’:

    slice

[1] "[Simulation setting]"
[1] "m: 100"
[1] "deltas: 0.5, 1, 2"
[1] "Sim.id 1"
[1] "Data generated"
[1] "   Split: 1"
[1] "   Split: 2"
[1] "Estimates and SE estimates computed"
[1] ""
[[1]]
[[1]]$est
  delta        mu      mu_1      mu_0         de        se_1        se_0
1   0.5 0.3425718 0.1995194 0.4384095 -0.2388901 -0.01715400 -0.03904908
2   1.0 0.3239236 0.2166734 0.4774586 -0.2607852  0.00000000  0.00000000
3   2.0 0.3101267 0.2330309 0.5216600 -0.2886291  0.01635748  0.04420140
           oe         te
1  0.01864814 -0.2779392
2  0.00000000 -0.2607852
3 -0.01379693 -0.2444277

[[1]]$se
  delta         mu       mu_1       mu_0         de       se_1       se_0
1   0.5 0.02911917 0.02854153 0.04303954 0.04663338 0.01867498 0.02749948
2   1.0 0.02373106 0.02607917 0.03182221 0.03234573 0.00000000 0.00000000
3   2.0 0.02738315 0.03139313 0.03848133 0.04220316 0.01783443 0.02281224
          oe         te
1 0.01979040 0.03450077
2 0.00000000 0.03234573
3 0.01527221 0.03726571


[1] "Total run time was 37.076 seconds"
