WARNING: ignoring environment value of R_HOME

Attaching package: ‘dplyr’

The following objects are masked from ‘package:stats’:

    filter, lag

The following objects are masked from ‘package:base’:

    intersect, setdiff, setequal, union

Loading required package: splines
Loading required package: foreach
Loaded gam 1.20.2

Super Learner
Version: 2.0-28
Package created on 2021-05-04

Loading required package: lattice
Loading required package: ggplot2
Loading required package: Matrix
Loaded glmnet 4.1-7
Loading required package: Formula
Loading required package: plotmo
Loading required package: plotrix
Loading required package: TeachingDemos
Loaded gbm 2.1.8.1

Attaching package: ‘xgboost’

The following object is masked from ‘package:dplyr’:

    slice

[1] "[Simulation setting]"
[1] "m: 100"
[1] "deltas: 0.5, 1, 2"
[1] "Sim.id 1"
[1] "Data generated"
[1] "   Split: 1"
[1] "   Split: 2"
[1] "Estimates and SE estimates computed"
[1] ""
[[1]]
[[1]]$est
  delta        mu      mu_1      mu_0         de        se_1        se_0
1   0.5 0.4225122 0.2530803 0.5513827 -0.2983024 0.023209500  0.02442143
2   1.0 0.3514637 0.2298708 0.5269613 -0.2970904 0.000000000  0.00000000
3   2.0 0.3012844 0.2314762 0.4929865 -0.2615103 0.001605421 -0.03397473
           oe         te
1  0.07104852 -0.2738809
2  0.00000000 -0.2970904
3 -0.05017931 -0.2954850

[[1]]$se
  delta         mu       mu_1       mu_0         de       se_1       se_0
1   0.5 0.03491723 0.03610510 0.04754769 0.05493394 0.02257183 0.02723229
2   1.0 0.02645918 0.02544674 0.03745924 0.03864199 0.00000000 0.00000000
3   2.0 0.02727102 0.03111063 0.04016356 0.04553484 0.01767282 0.02315678
          oe         te
1 0.01994458 0.04535085
2 0.00000000 0.03864199
3 0.01588479 0.04352283


[1] "Total run time was 40.586 seconds"
