WARNING: ignoring environment value of R_HOME

Attaching package: ‘dplyr’

The following objects are masked from ‘package:stats’:

    filter, lag

The following objects are masked from ‘package:base’:

    intersect, setdiff, setequal, union

Loading required package: splines
Loading required package: foreach
Loaded gam 1.20.2

Super Learner
Version: 2.0-28
Package created on 2021-05-04

Loading required package: lattice
Loading required package: ggplot2
Loading required package: Matrix
Loaded glmnet 4.1-7
Loading required package: Formula
Loading required package: plotmo
Loading required package: plotrix
Loading required package: TeachingDemos
Loaded gbm 2.1.8.1

Attaching package: ‘xgboost’

The following object is masked from ‘package:dplyr’:

    slice

[1] "[Simulation setting]"
[1] "m: 100"
[1] "deltas: 0.5, 1, 2"
[1] "Sim.id 1"
[1] "Data generated"
[1] "   Split: 1"
[1] "   Split: 2"
[1] "Estimates and SE estimates computed"
[1] ""
[[1]]
[[1]]$est
  delta        mu      mu_1      mu_0         de         se_1        se_0
1   0.5 0.4278809 0.2424571 0.5716543 -0.3291972  0.007075034  0.04042594
2   1.0 0.3503117 0.2353820 0.5312284 -0.2958463  0.000000000  0.00000000
3   2.0 0.2990151 0.2268852 0.5178874 -0.2910022 -0.008496791 -0.01334093
           oe         te
1  0.07756916 -0.2887713
2  0.00000000 -0.2958463
3 -0.05129656 -0.3043431

[[1]]$se
  delta         mu       mu_1       mu_0         de       se_1       se_0
1   0.5 0.03640031 0.02864127 0.04989790 0.05136751 0.01721646 0.03002658
2   1.0 0.02509449 0.02437742 0.03501918 0.03643229 0.00000000 0.00000000
3   2.0 0.02857909 0.02811574 0.03884554 0.03788274 0.01643540 0.02822318
          oe         te
1 0.02438616 0.04041738
2 0.00000000 0.03643229
3 0.01798319 0.04003728


[1] "Total run time was 27.671 seconds"
