WARNING: ignoring environment value of R_HOME

Attaching package: ‘dplyr’

The following objects are masked from ‘package:stats’:

    filter, lag

The following objects are masked from ‘package:base’:

    intersect, setdiff, setequal, union

Loading required package: splines
Loading required package: foreach
Loaded gam 1.20.2

Super Learner
Version: 2.0-28
Package created on 2021-05-04

Loading required package: lattice
Loading required package: ggplot2
Loading required package: Matrix
Loaded glmnet 4.1-7
Loading required package: Formula
Loading required package: plotmo
Loading required package: plotrix
Loading required package: TeachingDemos
Loaded gbm 2.1.8.1

Attaching package: ‘xgboost’

The following object is masked from ‘package:dplyr’:

    slice

[1] "[Simulation setting]"
[1] "m: 100"
[1] "deltas: 0.5, 1, 2"
[1] "Sim.id 1"
[1] "Data generated"
[1] "   Split: 1"
[1] "   Split: 2"
[1] "Estimates and SE estimates computed"
[1] ""
[[1]]
[[1]]$est
  delta        mu      mu_1      mu_0         de        se_1         se_0
1   0.5 0.3988157 0.2261940 0.5197112 -0.2935172 -0.01479383 -0.001237844
2   1.0 0.3570332 0.2409878 0.5209490 -0.2799612  0.00000000  0.000000000
3   2.0 0.2951869 0.2194543 0.5051136 -0.2856593 -0.02153354 -0.015835448
           oe         te
1  0.04178245 -0.2947550
2  0.00000000 -0.2799612
3 -0.06184631 -0.3014948

[[1]]$se
  delta         mu       mu_1       mu_0         de       se_1       se_0
1   0.5 0.03212807 0.03181970 0.03838803 0.03776586 0.02104966 0.01920411
2   1.0 0.02697748 0.02601486 0.03247112 0.03027864 0.00000000 0.00000000
3   2.0 0.03806334 0.04159277 0.03632435 0.04322173 0.02663571 0.02224836
          oe         te
1 0.01721578 0.03310791
2 0.00000000 0.03027864
3 0.02411009 0.04425526


[1] "Total run time was 60.776 seconds"
