WARNING: ignoring environment value of R_HOME

Attaching package: ‘dplyr’

The following objects are masked from ‘package:stats’:

    filter, lag

The following objects are masked from ‘package:base’:

    intersect, setdiff, setequal, union

Loading required package: splines
Loading required package: foreach
Loaded gam 1.20.2

Super Learner
Version: 2.0-28
Package created on 2021-05-04

Loading required package: lattice
Loading required package: ggplot2
Loading required package: Matrix
Loaded glmnet 4.1-7
Loading required package: Formula
Loading required package: plotmo
Loading required package: plotrix
Loading required package: TeachingDemos
Loaded gbm 2.1.8.1

Attaching package: ‘xgboost’

The following object is masked from ‘package:dplyr’:

    slice

[1] "[Simulation setting]"
[1] "m: 100"
[1] "deltas: 0.5, 1, 2"
[1] "Sim.id 1"
[1] "Data generated"
[1] "   Split: 1"
[1] "   Split: 2"
[1] "Estimates and SE estimates computed"
[1] ""
[[1]]
[[1]]$est
  delta        mu      mu_1      mu_0         de         se_1        se_0
1   0.5 0.4798490 0.2808813 0.6179511 -0.3370698  0.050527917  0.05801765
2   1.0 0.3679458 0.2303534 0.5599334 -0.3295800  0.000000000  0.00000000
3   2.0 0.2953617 0.2236340 0.5146443 -0.2910103 -0.006719407 -0.04528913
           oe         te
1  0.11190323 -0.2790521
2  0.00000000 -0.3295800
3 -0.07258407 -0.3362994

[[1]]$se
  delta         mu       mu_1       mu_0         de       se_1       se_0
1   0.5 0.03725943 0.03595905 0.04577571 0.04866313 0.02530464 0.02386017
2   1.0 0.02786890 0.02551371 0.03812106 0.03773128 0.00000000 0.00000000
3   2.0 0.03060148 0.03644671 0.04350470 0.05265564 0.02172384 0.02721722
          oe         te
1 0.01962357 0.04305654
2 0.00000000 0.03773128
3 0.02055901 0.04800968


[1] "Total run time was 72.807 seconds"
