WARNING: ignoring environment value of R_HOME

Attaching package: ‘dplyr’

The following objects are masked from ‘package:stats’:

    filter, lag

The following objects are masked from ‘package:base’:

    intersect, setdiff, setequal, union

Loading required package: splines
Loading required package: foreach
Loaded gam 1.20.2

Super Learner
Version: 2.0-28
Package created on 2021-05-04

Loading required package: lattice
Loading required package: ggplot2
Loading required package: Matrix
Loaded glmnet 4.1-7
Loading required package: Formula
Loading required package: plotmo
Loading required package: plotrix
Loading required package: TeachingDemos
Loaded gbm 2.1.8.1

Attaching package: ‘xgboost’

The following object is masked from ‘package:dplyr’:

    slice

[1] "[Simulation setting]"
[1] "m: 100"
[1] "deltas: 0.5, 1, 2"
[1] "Sim.id 1"
[1] "Data generated"
[1] "   Split: 1"
[1] "   Split: 2"
[1] "Estimates and SE estimates computed"
[1] ""
[[1]]
[[1]]$est
  delta        mu      mu_1      mu_0         de         se_1        se_0
1   0.5 0.5308086 0.2629743 0.7874466 -0.5244723  0.019833277  0.20072427
2   1.0 0.3729918 0.2431410 0.5867223 -0.3435813  0.000000000  0.00000000
3   2.0 0.3033902 0.2357684 0.5301031 -0.2943347 -0.007372593 -0.05661915
          oe         te
1  0.1578169 -0.3237480
2  0.0000000 -0.3435813
3 -0.0696016 -0.3509539

[[1]]$se
  delta         mu       mu_1       mu_0         de       se_1       se_0
1   0.5 0.05541712 0.03054334 0.12096473 0.12892035 0.02040304 0.10551029
2   1.0 0.02507379 0.02346281 0.03892483 0.03952184 0.00000000 0.00000000
3   2.0 0.03011396 0.03316222 0.04658223 0.04991183 0.02017737 0.03029226
          oe         te
1 0.04709080 0.04742094
2 0.00000000 0.03952184
3 0.01911001 0.04600361


[1] "Total run time was 33.707 seconds"
