WARNING: ignoring environment value of R_HOME

Attaching package: ‘dplyr’

The following objects are masked from ‘package:stats’:

    filter, lag

The following objects are masked from ‘package:base’:

    intersect, setdiff, setequal, union

Loading required package: splines
Loading required package: foreach
Loaded gam 1.20.2

Super Learner
Version: 2.0-28
Package created on 2021-05-04

Loading required package: lattice
Loading required package: ggplot2
Loading required package: Matrix
Loaded glmnet 4.1-7
Loading required package: Formula
Loading required package: plotmo
Loading required package: plotrix
Loading required package: TeachingDemos
Loaded gbm 2.1.8.1

Attaching package: ‘xgboost’

The following object is masked from ‘package:dplyr’:

    slice

[1] "[Simulation setting]"
[1] "m: 100"
[1] "deltas: 0.5, 1, 2"
[1] "Sim.id 1"
[1] "Data generated"
[1] "   Split: 1"
[1] "   Split: 2"
[1] "Estimates and SE estimates computed"
[1] ""
[[1]]
[[1]]$est
  delta        mu      mu_1      mu_0         de         se_1        se_0
1   0.5 0.5260011 0.2926044 0.6716370 -0.3790326  0.026024045  0.09461724
2   1.0 0.4037839 0.2665803 0.5770197 -0.3104394  0.000000000  0.00000000
3   2.0 0.3438825 0.2600869 0.5470973 -0.2870104 -0.006493467 -0.02992243
           oe         te
1  0.12221716 -0.2844153
2  0.00000000 -0.3104394
3 -0.05990138 -0.3169329

[[1]]$se
  delta         mu       mu_1       mu_0         de       se_1       se_0
1   0.5 0.04163564 0.03438191 0.04843257 0.04496782 0.02064286 0.03001185
2   1.0 0.02835293 0.02665843 0.03257964 0.02879827 0.00000000 0.00000000
3   2.0 0.02942060 0.03108875 0.03626430 0.03856525 0.02022504 0.02568026
          oe         te
1 0.02395075 0.03473023
2 0.00000000 0.02879827
3 0.01973473 0.03695786


[1] "Total run time was 34.285 seconds"
