WARNING: ignoring environment value of R_HOME

Attaching package: ‘dplyr’

The following objects are masked from ‘package:stats’:

    filter, lag

The following objects are masked from ‘package:base’:

    intersect, setdiff, setequal, union

Loading required package: splines
Loading required package: foreach
Loaded gam 1.20.2

Super Learner
Version: 2.0-28
Package created on 2021-05-04

Loading required package: lattice
Loading required package: ggplot2
Loading required package: Matrix
Loaded glmnet 4.1-7
Loading required package: Formula
Loading required package: plotmo
Loading required package: plotrix
Loading required package: TeachingDemos
Loaded gbm 2.1.8.1

Attaching package: ‘xgboost’

The following object is masked from ‘package:dplyr’:

    slice

[1] "[Simulation setting]"
[1] "m: 100"
[1] "deltas: 0.5, 1, 2"
[1] "Sim.id 1"
[1] "Data generated"
[1] "   Split: 1"
[1] "   Split: 2"
[1] "Estimates and SE estimates computed"
[1] ""
[[1]]
[[1]]$est
  delta        mu      mu_1      mu_0         de         se_1        se_0
1   0.5 0.4347077 0.2568810 0.5685027 -0.3116218  0.042249184  0.03138990
2   1.0 0.3443203 0.2146318 0.5371128 -0.3224811  0.000000000  0.00000000
3   2.0 0.2777057 0.2063606 0.5024218 -0.2960612 -0.008271153 -0.03469106
           oe         te
1  0.09038737 -0.2802319
2  0.00000000 -0.3224811
3 -0.06661460 -0.3307522

[[1]]$se
  delta         mu       mu_1       mu_0         de       se_1       se_0
1   0.5 0.03713773 0.03441016 0.05420281 0.06031146 0.02625828 0.03638577
2   1.0 0.02393275 0.02417727 0.03353852 0.03473741 0.00000000 0.00000000
3   2.0 0.03766935 0.04561485 0.04034877 0.05275369 0.03408095 0.02698890
          oe         te
1 0.02554102 0.04196540
2 0.00000000 0.03473741
3 0.02944030 0.05387023


[1] "Total run time was 43.347 seconds"
