WARNING: ignoring environment value of R_HOME

Attaching package: ‘dplyr’

The following objects are masked from ‘package:stats’:

    filter, lag

The following objects are masked from ‘package:base’:

    intersect, setdiff, setequal, union

Loading required package: splines
Loading required package: foreach
Loaded gam 1.20.2

Super Learner
Version: 2.0-28
Package created on 2021-05-04

Loading required package: lattice
Loading required package: ggplot2
Loading required package: Matrix
Loaded glmnet 4.1-7
Loading required package: Formula
Loading required package: plotmo
Loading required package: plotrix
Loading required package: TeachingDemos
Loaded gbm 2.1.8.1

Attaching package: ‘xgboost’

The following object is masked from ‘package:dplyr’:

    slice

[1] "[Simulation setting]"
[1] "m: 100"
[1] "deltas: 0.5, 1, 2"
[1] "Sim.id 1"
[1] "Data generated"
[1] "   Split: 1"
[1] "   Split: 2"
[1] "Estimates and SE estimates computed"
[1] ""
[[1]]
[[1]]$est
  delta        mu      mu_1      mu_0         de         se_1         se_0
1   0.5 0.4364226 0.2570107 0.5573590 -0.3003483  0.035184567  0.007455676
2   1.0 0.3685128 0.2218261 0.5499033 -0.3280772  0.000000000  0.000000000
3   2.0 0.3138446 0.2191001 0.5392672 -0.3201672 -0.002726049 -0.010636122
           oe         te
1  0.06790978 -0.2928927
2  0.00000000 -0.3280772
3 -0.05466820 -0.3308033

[[1]]$se
  delta         mu       mu_1       mu_0         de       se_1       se_0
1   0.5 0.02999092 0.03356183 0.03759652 0.04862134 0.01835708 0.02217159
2   1.0 0.02547556 0.02444372 0.03373993 0.03440113 0.00000000 0.00000000
3   2.0 0.02602842 0.02524576 0.04040652 0.03945247 0.01570759 0.02313939
          oe         te
1 0.01570193 0.04017927
2 0.00000000 0.03440113
3 0.01591906 0.03669355


[1] "Total run time was 63.792 seconds"
