WARNING: ignoring environment value of R_HOME

Attaching package: ‘dplyr’

The following objects are masked from ‘package:stats’:

    filter, lag

The following objects are masked from ‘package:base’:

    intersect, setdiff, setequal, union

Loading required package: splines
Loading required package: foreach
Loaded gam 1.20.2

Super Learner
Version: 2.0-28
Package created on 2021-05-04

Loading required package: lattice
Loading required package: ggplot2
Loading required package: Matrix
Loaded glmnet 4.1-7
Loading required package: Formula
Loading required package: plotmo
Loading required package: plotrix
Loading required package: TeachingDemos
Loaded gbm 2.1.8.1

Attaching package: ‘xgboost’

The following object is masked from ‘package:dplyr’:

    slice

[1] "[Simulation setting]"
[1] "m: 100"
[1] "deltas: 0.5, 1, 2"
[1] "Sim.id 1"
[1] "Data generated"
[1] "   Split: 1"
[1] "   Split: 2"
[1] "Estimates and SE estimates computed"
[1] ""
[[1]]
[[1]]$est
  delta        mu      mu_1      mu_0         de        se_1        se_0
1   0.5 0.4753600 0.2444969 0.6236342 -0.3791373 0.012334357  0.07122963
2   1.0 0.3717935 0.2321625 0.5524046 -0.3202420 0.000000000  0.00000000
3   2.0 0.3165586 0.2417918 0.5126600 -0.2708682 0.009629233 -0.03974459
           oe         te
1  0.10356645 -0.3079077
2  0.00000000 -0.3202420
3 -0.05523498 -0.3106128

[[1]]$se
  delta         mu       mu_1       mu_0         de       se_1       se_0
1   0.5 0.03508050 0.03482385 0.04632415 0.05251864 0.02700269 0.02695611
2   1.0 0.02709256 0.02426509 0.03368152 0.02784976 0.00000000 0.00000000
3   2.0 0.03284805 0.03539238 0.03884026 0.03457774 0.02419041 0.02563185
          oe         te
1 0.01995724 0.03859446
2 0.00000000 0.02784976
3 0.02363829 0.04034249


[1] "Total run time was 39.972 seconds"
