WARNING: ignoring environment value of R_HOME

Attaching package: ‘dplyr’

The following objects are masked from ‘package:stats’:

    filter, lag

The following objects are masked from ‘package:base’:

    intersect, setdiff, setequal, union

Loading required package: splines
Loading required package: foreach
Loaded gam 1.20.2

Super Learner
Version: 2.0-28
Package created on 2021-05-04

Loading required package: lattice
Loading required package: ggplot2
Loading required package: Matrix
Loaded glmnet 4.1-7
Loading required package: Formula
Loading required package: plotmo
Loading required package: plotrix
Loading required package: TeachingDemos
Loaded gbm 2.1.8.1

Attaching package: ‘xgboost’

The following object is masked from ‘package:dplyr’:

    slice

[1] "[Simulation setting]"
[1] "m: 100"
[1] "deltas: 0.5, 1, 2"
[1] "Sim.id 1"
[1] "Data generated"
[1] "   Split: 1"
[1] "   Split: 2"
[1] "Estimates and SE estimates computed"
[1] ""
[[1]]
[[1]]$est
  delta        mu      mu_1      mu_0         de       se_1        se_0
1   0.5 0.4412876 0.2672554 0.5691285 -0.3018731 0.01037768  0.05444872
2   1.0 0.3573136 0.2568777 0.5146798 -0.2578021 0.00000000  0.00000000
3   2.0 0.3184658 0.2675826 0.4868333 -0.2192508 0.01070487 -0.02784647
           oe         te
1  0.08397396 -0.2474244
2  0.00000000 -0.2578021
3 -0.03884783 -0.2470972

[[1]]$se
  delta         mu       mu_1       mu_0         de       se_1       se_0
1   0.5 0.02748225 0.03451559 0.03620504 0.04960059 0.02352762 0.02357603
2   1.0 0.02509157 0.02816237 0.03207448 0.03494078 0.00000000 0.00000000
3   2.0 0.03264720 0.03955858 0.04255699 0.05052083 0.02298729 0.02702318
          oe         te
1 0.01556935 0.04043364
2 0.00000000 0.03494078
3 0.02032582 0.04485309


[1] "Total run time was 39.876 seconds"
