WARNING: ignoring environment value of R_HOME

Attaching package: ‘dplyr’

The following objects are masked from ‘package:stats’:

    filter, lag

The following objects are masked from ‘package:base’:

    intersect, setdiff, setequal, union

Loading required package: splines
Loading required package: foreach
Loaded gam 1.20.2

Super Learner
Version: 2.0-28
Package created on 2021-05-04

Loading required package: lattice
Loading required package: ggplot2
Loading required package: Matrix
Loaded glmnet 4.1-7
Loading required package: Formula
Loading required package: plotmo
Loading required package: plotrix
Loading required package: TeachingDemos
Loaded gbm 2.1.8.1

Attaching package: ‘xgboost’

The following object is masked from ‘package:dplyr’:

    slice

[1] "[Simulation setting]"
[1] "m: 100"
[1] "deltas: 0.5, 1, 2"
[1] "Sim.id 1"
[1] "Data generated"
[1] "   Split: 1"
[1] "   Split: 2"
[1] "Estimates and SE estimates computed"
[1] ""
[[1]]
[[1]]$est
  delta        mu      mu_1      mu_0         de         se_1         se_0
1   0.5 0.4876171 0.3047647 0.6076162 -0.3028516  0.025909115  0.029277898
2   1.0 0.4131915 0.2788556 0.5783383 -0.2994828  0.000000000  0.000000000
3   2.0 0.3597718 0.2711959 0.5704897 -0.2992938 -0.007659697 -0.007848692
           oe         te
1  0.07442557 -0.2735737
2  0.00000000 -0.2994828
3 -0.05341975 -0.3071425

[[1]]$se
  delta         mu       mu_1       mu_0         de       se_1       se_0
1   0.5 0.03391088 0.03451095 0.03806299 0.03800532 0.02026228 0.02200151
2   1.0 0.03000820 0.02927458 0.03547127 0.03112653 0.00000000 0.00000000
3   2.0 0.03794611 0.04163110 0.04084955 0.04979004 0.02499491 0.02172598
          oe         te
1 0.01857272 0.03356286
2 0.00000000 0.03112653
3 0.02324588 0.04607870


[1] "Total run time was 37.804 seconds"
