WARNING: ignoring environment value of R_HOME

Attaching package: ‘dplyr’

The following objects are masked from ‘package:stats’:

    filter, lag

The following objects are masked from ‘package:base’:

    intersect, setdiff, setequal, union

Loading required package: splines
Loading required package: foreach
Loaded gam 1.20.2

Super Learner
Version: 2.0-28
Package created on 2021-05-04

Loading required package: lattice
Loading required package: ggplot2
Loading required package: Matrix
Loaded glmnet 4.1-7
Loading required package: Formula
Loading required package: plotmo
Loading required package: plotrix
Loading required package: TeachingDemos
Loaded gbm 2.1.8.1

Attaching package: ‘xgboost’

The following object is masked from ‘package:dplyr’:

    slice

[1] "[Simulation setting]"
[1] "m: 100"
[1] "deltas: 0.5, 1, 2"
[1] "Sim.id 1"
[1] "Data generated"
[1] "   Split: 1"
[1] "   Split: 2"
[1] "Estimates and SE estimates computed"
[1] ""
[[1]]
[[1]]$est
  delta        mu      mu_1      mu_0         de         se_1        se_0
1   0.5 0.4132328 0.2299046 0.5339590 -0.3040544 -0.027453260  0.02463036
2   1.0 0.3675130 0.2573579 0.5093286 -0.2519707  0.000000000  0.00000000
3   2.0 0.3261213 0.2584340 0.4912681 -0.2328340  0.001076139 -0.01806056
           oe         te
1  0.04571985 -0.2794240
2  0.00000000 -0.2519707
3 -0.04139168 -0.2508946

[[1]]$se
  delta         mu       mu_1       mu_0         de       se_1       se_0
1   0.5 0.03693484 0.02585719 0.04945285 0.04928437 0.01600015 0.03346410
2   1.0 0.02478569 0.02475169 0.03309210 0.03357079 0.00000000 0.00000000
3   2.0 0.03015865 0.03502023 0.03981636 0.04968565 0.02260078 0.02422513
          oe         te
1 0.02419059 0.03250422
2 0.00000000 0.03357079
3 0.02019003 0.04426702


[1] "Total run time was 47.781 seconds"
