WARNING: ignoring environment value of R_HOME

Attaching package: ‘dplyr’

The following objects are masked from ‘package:stats’:

    filter, lag

The following objects are masked from ‘package:base’:

    intersect, setdiff, setequal, union

Loading required package: splines
Loading required package: foreach
Loaded gam 1.20.2

Super Learner
Version: 2.0-28
Package created on 2021-05-04

Loading required package: lattice
Loading required package: ggplot2
Loading required package: Matrix
Loaded glmnet 4.1-7
Loading required package: Formula
Loading required package: plotmo
Loading required package: plotrix
Loading required package: TeachingDemos
Loaded gbm 2.1.8.1

Attaching package: ‘xgboost’

The following object is masked from ‘package:dplyr’:

    slice

[1] "[Simulation setting]"
[1] "m: 100"
[1] "deltas: 0.5, 1, 2"
[1] "Sim.id 1"
[1] "Data generated"
[1] "   Split: 1"
[1] "   Split: 2"
[1] "Estimates and SE estimates computed"
[1] ""
[[1]]
[[1]]$est
  delta        mu      mu_1      mu_0         de        se_1        se_0
1   0.5 0.4401058 0.2681534 0.5724998 -0.3043464  0.04920150  0.02518396
2   1.0 0.3496498 0.2189519 0.5473159 -0.3283640  0.00000000  0.00000000
3   2.0 0.2477041 0.1617274 0.4961153 -0.3343879 -0.05722449 -0.05120052
           oe         te
1  0.09045597 -0.2791625
2  0.00000000 -0.3283640
3 -0.10194571 -0.3855885

[[1]]$se
  delta         mu       mu_1       mu_0         de       se_1       se_0
1   0.5 0.03583421 0.03835552 0.04361207 0.04922730 0.02595605 0.02675719
2   1.0 0.02778730 0.02778603 0.03316260 0.03222698 0.00000000 0.00000000
3   2.0 0.03916173 0.04972987 0.03956329 0.05774838 0.03682665 0.02478796
          oe         te
1 0.02068511 0.03997220
2 0.00000000 0.03222698
3 0.02704491 0.05172329


[1] "Total run time was 37.271 seconds"
