WARNING: ignoring environment value of R_HOME

Attaching package: ‘dplyr’

The following objects are masked from ‘package:stats’:

    filter, lag

The following objects are masked from ‘package:base’:

    intersect, setdiff, setequal, union

Loading required package: splines
Loading required package: foreach
Loaded gam 1.20.2

Super Learner
Version: 2.0-28
Package created on 2021-05-04

Loading required package: lattice
Loading required package: ggplot2
Loading required package: Matrix
Loaded glmnet 4.1-7
Loading required package: Formula
Loading required package: plotmo
Loading required package: plotrix
Loading required package: TeachingDemos
Loaded gbm 2.1.8.1

Attaching package: ‘xgboost’

The following object is masked from ‘package:dplyr’:

    slice

[1] "[Simulation setting]"
[1] "m: 100"
[1] "deltas: 0.5, 1, 2"
[1] "Sim.id 1"
[1] "Data generated"
[1] "   Split: 1"
[1] "   Split: 2"
[1] "Estimates and SE estimates computed"
[1] ""
[[1]]
[[1]]$est
  delta        mu      mu_1      mu_0         de        se_1         se_0
1   0.5 0.4443922 0.2945591 0.5486652 -0.2541061 0.033736336  0.008057207
2   1.0 0.3810022 0.2608228 0.5406080 -0.2797852 0.000000000  0.000000000
3   2.0 0.3399108 0.2672568 0.5276984 -0.2604416 0.006434046 -0.012909570
           oe         te
1  0.06339007 -0.2460489
2  0.00000000 -0.2797852
3 -0.04109141 -0.2733512

[[1]]$se
  delta         mu       mu_1       mu_0         de       se_1       se_0
1   0.5 0.03209325 0.03516219 0.03660722 0.03660360 0.02006178 0.02571976
2   1.0 0.02597711 0.02552823 0.03218879 0.02885368 0.00000000 0.00000000
3   2.0 0.02886062 0.02940706 0.04288721 0.04304525 0.01602735 0.02282596
          oe         te
1 0.01934870 0.03343074
2 0.00000000 0.02885368
3 0.01528205 0.03384581


[1] "Total run time was 43.59 seconds"
