WARNING: ignoring environment value of R_HOME

Attaching package: ‘dplyr’

The following objects are masked from ‘package:stats’:

    filter, lag

The following objects are masked from ‘package:base’:

    intersect, setdiff, setequal, union

Loading required package: splines
Loading required package: foreach
Loaded gam 1.20.2

Super Learner
Version: 2.0-28
Package created on 2021-05-04

Loading required package: lattice
Loading required package: ggplot2
Loading required package: Matrix
Loaded glmnet 4.1-7
Loading required package: Formula
Loading required package: plotmo
Loading required package: plotrix
Loading required package: TeachingDemos
Loaded gbm 2.1.8.1

Attaching package: ‘xgboost’

The following object is masked from ‘package:dplyr’:

    slice

[1] "[Simulation setting]"
[1] "m: 100"
[1] "deltas: 0.5, 1, 2"
[1] "Sim.id 1"
[1] "Data generated"
[1] "   Split: 1"
[1] "   Split: 2"
[1] "Estimates and SE estimates computed"
[1] ""
[[1]]
[[1]]$est
  delta        mu      mu_1      mu_0         de        se_1        se_0
1   0.5 0.4620754 0.2648179 0.5963292 -0.3315113 0.016741414 0.021885144
2   1.0 0.3834055 0.2480765 0.5744441 -0.3263676 0.000000000 0.000000000
3   2.0 0.3389742 0.2529992 0.5790386 -0.3260394 0.004922704 0.004594492
           oe         te
1  0.07866990 -0.3096262
2  0.00000000 -0.3263676
3 -0.04443133 -0.3214449

[[1]]$se
  delta         mu       mu_1       mu_0         de       se_1       se_0
1   0.5 0.03119322 0.03323368 0.03727910 0.04047152 0.02235046 0.02210167
2   1.0 0.02657242 0.02705817 0.03139885 0.02858673 0.00000000 0.00000000
3   2.0 0.03172163 0.03304783 0.03658962 0.03496926 0.01724094 0.02190322
          oe         te
1 0.01908549 0.03371370
2 0.00000000 0.02858673
3 0.01816845 0.03615763


[1] "Total run time was 37.393 seconds"
