WARNING: ignoring environment value of R_HOME

Attaching package: ‘dplyr’

The following objects are masked from ‘package:stats’:

    filter, lag

The following objects are masked from ‘package:base’:

    intersect, setdiff, setequal, union

Loading required package: splines
Loading required package: foreach
Loaded gam 1.20.2

Super Learner
Version: 2.0-28
Package created on 2021-05-04

Loading required package: lattice
Loading required package: ggplot2
Loading required package: Matrix
Loaded glmnet 4.1-7
Loading required package: Formula
Loading required package: plotmo
Loading required package: plotrix
Loading required package: TeachingDemos
Loaded gbm 2.1.8.1

Attaching package: ‘xgboost’

The following object is masked from ‘package:dplyr’:

    slice

[1] "[Simulation setting]"
[1] "m: 100"
[1] "deltas: 0.5, 1, 2"
[1] "Sim.id 1"
[1] "Data generated"
[1] "   Split: 1"
[1] "   Split: 2"
[1] "Estimates and SE estimates computed"
[1] ""
[[1]]
[[1]]$est
  delta        mu      mu_1      mu_0         de        se_1        se_0
1   0.5 0.4143454 0.2946696 0.4859969 -0.1913273  0.02520484 -0.04808226
2   1.0 0.3865803 0.2694647 0.5340791 -0.2646144  0.00000000  0.00000000
3   2.0 0.2995476 0.2212774 0.5061813 -0.2849038 -0.04818731 -0.02789786
           oe         te
1  0.02776509 -0.2394095
2  0.00000000 -0.2646144
3 -0.08703264 -0.3128017

[[1]]$se
  delta         mu       mu_1       mu_0         de       se_1       se_0
1   0.5 0.04366014 0.03380540 0.06581733 0.06471404 0.02113933 0.04816637
2   1.0 0.02799208 0.02464945 0.03790665 0.03344210 0.00000000 0.00000000
3   2.0 0.03095204 0.03139285 0.04129923 0.04114266 0.02139392 0.02698716
          oe         te
1 0.03019888 0.03921434
2 0.00000000 0.03344210
3 0.01913977 0.03967806


[1] "Total run time was 38.948 seconds"
