WARNING: ignoring environment value of R_HOME

Attaching package: ‘dplyr’

The following objects are masked from ‘package:stats’:

    filter, lag

The following objects are masked from ‘package:base’:

    intersect, setdiff, setequal, union

Loading required package: splines
Loading required package: foreach
Loaded gam 1.20.2

Super Learner
Version: 2.0-28
Package created on 2021-05-04

Loading required package: lattice
Loading required package: ggplot2
Loading required package: Matrix
Loaded glmnet 4.1-7
Loading required package: Formula
Loading required package: plotmo
Loading required package: plotrix
Loading required package: TeachingDemos
Loaded gbm 2.1.8.1

Attaching package: ‘xgboost’

The following object is masked from ‘package:dplyr’:

    slice

[1] "[Simulation setting]"
[1] "m: 100"
[1] "deltas: 0.5, 1, 2"
[1] "Sim.id 1"
[1] "Data generated"
[1] "   Split: 1"
[1] "   Split: 2"
[1] "Estimates and SE estimates computed"
[1] ""
[[1]]
[[1]]$est
  delta        mu      mu_1      mu_0         de         se_1        se_0
1   0.5 0.4284442 0.2178974 0.5817847 -0.3638874  0.002720929  0.08661617
2   1.0 0.3265462 0.2151764 0.4951686 -0.2799921  0.000000000  0.00000000
3   2.0 0.2715182 0.2124804 0.4564870 -0.2440066 -0.002696016 -0.03868159
           oe         te
1  0.10189801 -0.2772712
2  0.00000000 -0.2799921
3 -0.05502798 -0.2826882

[[1]]$se
  delta         mu       mu_1       mu_0         de       se_1       se_0
1   0.5 0.02971439 0.03349684 0.04019720 0.05287575 0.02589452 0.02552419
2   1.0 0.02622807 0.02492833 0.03380793 0.03071440 0.00000000 0.00000000
3   2.0 0.03104774 0.03177451 0.04258608 0.04208170 0.01644485 0.02390658
          oe         te
1 0.01706454 0.04213039
2 0.00000000 0.03071440
3 0.01535862 0.03532020


[1] "Total run time was 39.893 seconds"
