WARNING: ignoring environment value of R_HOME

Attaching package: ‘dplyr’

The following objects are masked from ‘package:stats’:

    filter, lag

The following objects are masked from ‘package:base’:

    intersect, setdiff, setequal, union

Loading required package: splines
Loading required package: foreach
Loaded gam 1.20.2

Super Learner
Version: 2.0-28
Package created on 2021-05-04

Loading required package: lattice
Loading required package: ggplot2
Loading required package: Matrix
Loaded glmnet 4.1-7
Loading required package: Formula
Loading required package: plotmo
Loading required package: plotrix
Loading required package: TeachingDemos
Loaded gbm 2.1.8.1

Attaching package: ‘xgboost’

The following object is masked from ‘package:dplyr’:

    slice

[1] "[Simulation setting]"
[1] "m: 100"
[1] "deltas: 0.5, 1, 2"
[1] "Sim.id 1"
[1] "Data generated"
[1] "   Split: 1"
[1] "   Split: 2"
[1] "Estimates and SE estimates computed"
[1] ""
[[1]]
[[1]]$est
  delta        mu      mu_1      mu_0         de        se_1       se_0
1   0.5 0.4143404 0.2030306 0.5389593 -0.3359286  0.01879157 0.01686575
2   1.0 0.3410732 0.1842391 0.5220935 -0.3378544  0.00000000 0.00000000
3   2.0 0.2832004 0.1680195 0.5418094 -0.3737899 -0.01621952 0.01971592
           oe         te
1  0.07326717 -0.3190629
2  0.00000000 -0.3378544
3 -0.05787285 -0.3540740

[[1]]$se
  delta         mu       mu_1       mu_0         de       se_1       se_0
1   0.5 0.02545067 0.03236699 0.03357449 0.04625895 0.02071780 0.02213067
2   1.0 0.02208086 0.02317900 0.02918287 0.03034508 0.00000000 0.00000000
3   2.0 0.02447218 0.02687416 0.03565902 0.04054716 0.01556576 0.02159537
          oe         te
1 0.01438053 0.03831484
2 0.00000000 0.03034508
3 0.01393688 0.03462914


[1] "Total run time was 38.761 seconds"
