WARNING: ignoring environment value of R_HOME

Attaching package: ‘dplyr’

The following objects are masked from ‘package:stats’:

    filter, lag

The following objects are masked from ‘package:base’:

    intersect, setdiff, setequal, union

Loading required package: splines
Loading required package: foreach
Loaded gam 1.20.2

Super Learner
Version: 2.0-28
Package created on 2021-05-04

Loading required package: lattice
Loading required package: ggplot2
Loading required package: Matrix
Loaded glmnet 4.1-7
Loading required package: Formula
Loading required package: plotmo
Loading required package: plotrix
Loading required package: TeachingDemos
Loaded gbm 2.1.8.1

Attaching package: ‘xgboost’

The following object is masked from ‘package:dplyr’:

    slice

[1] "[Simulation setting]"
[1] "m: 100"
[1] "deltas: 0.5, 1, 2"
[1] "Sim.id 1"
[1] "Data generated"
[1] "   Split: 1"
[1] "   Split: 2"
[1] "Estimates and SE estimates computed"
[1] ""
[[1]]
[[1]]$est
  delta        mu      mu_1      mu_0         de         se_1         se_0
1   0.5 0.4259533 0.2760651 0.5298421 -0.2537771  0.050993355  0.001789627
2   1.0 0.3463772 0.2250717 0.5280525 -0.3029808  0.000000000  0.000000000
3   2.0 0.2914975 0.2232526 0.5048582 -0.2816056 -0.001819069 -0.023194323
           oe         te
1  0.07957603 -0.2519875
2  0.00000000 -0.3029808
3 -0.05487976 -0.3047999

[[1]]$se
  delta         mu       mu_1       mu_0         de       se_1       se_0
1   0.5 0.04017581 0.03978771 0.05753135 0.05744070 0.02715465 0.03825643
2   1.0 0.02912108 0.02693560 0.03977491 0.03879553 0.00000000 0.00000000
3   2.0 0.03286159 0.04035861 0.04268322 0.05674266 0.02555218 0.02863007
          oe         te
1 0.02157766 0.04627859
2 0.00000000 0.03879553
3 0.02134549 0.05059822


[1] "Total run time was 44.716 seconds"
