WARNING: ignoring environment value of R_HOME

Attaching package: ‘dplyr’

The following objects are masked from ‘package:stats’:

    filter, lag

The following objects are masked from ‘package:base’:

    intersect, setdiff, setequal, union

Loading required package: splines
Loading required package: foreach
Loaded gam 1.20.2

Super Learner
Version: 2.0-28
Package created on 2021-05-04

Loading required package: lattice
Loading required package: ggplot2
Loading required package: Matrix
Loaded glmnet 4.1-7
Loading required package: Formula
Loading required package: plotmo
Loading required package: plotrix
Loading required package: TeachingDemos
Loaded gbm 2.1.8.1

Attaching package: ‘xgboost’

The following object is masked from ‘package:dplyr’:

    slice

[1] "[Simulation setting]"
[1] "m: 100"
[1] "deltas: 0.5, 1, 2"
[1] "r: 500"
[1] "Sim.id 1"
[1] "Data generated"
[1] "   Split: 1"
[1] "   Split: 2"
[1] "Estimates and SE estimates computed"
[1] ""
[[1]]
[[1]]$est
  delta        mu      mu_1      mu_0         de        se_1        se_0
1   0.5 0.4254157 0.3131157 0.4957903 -0.1826746  0.09096543 -0.01027887
2   1.0 0.3360313 0.2221503 0.5060692 -0.2839189  0.00000000  0.00000000
3   2.0 0.2628033 0.1890044 0.4863628 -0.2973584 -0.03314593 -0.01970640
           oe         te
1  0.08938438 -0.1929534
2  0.00000000 -0.2839189
3 -0.07322801 -0.3170648

[[1]]$se
  delta         mu       mu_1       mu_0         de       se_1       se_0
1   0.5 0.02367186 0.05769528 0.06244875 0.11172085 0.05492788 0.05476183
2   1.0 0.02226927 0.02177185 0.02884601 0.02717571 0.00000000 0.00000000
3   2.0 0.02732984 0.02596626 0.04228403 0.03645028 0.01612513 0.02866916
          oe         te
1 0.01405117 0.06457538
2 0.00000000 0.02717571
3 0.01820039 0.03138817


[1] "Total run time was 89.102 seconds"
