WARNING: ignoring environment value of R_HOME

Attaching package: ‘dplyr’

The following objects are masked from ‘package:stats’:

    filter, lag

The following objects are masked from ‘package:base’:

    intersect, setdiff, setequal, union

Loading required package: splines
Loading required package: foreach
Loaded gam 1.20.2

Super Learner
Version: 2.0-28
Package created on 2021-05-04

Loading required package: lattice
Loading required package: ggplot2
Loading required package: Matrix
Loaded glmnet 4.1-7
Loading required package: Formula
Loading required package: plotmo
Loading required package: plotrix
Loading required package: TeachingDemos
Loaded gbm 2.1.8.1

Attaching package: ‘xgboost’

The following object is masked from ‘package:dplyr’:

    slice

[1] "[Simulation setting]"
[1] "m: 100"
[1] "deltas: 0.5, 1, 2"
[1] "r: 500"
[1] "Sim.id 1"
[1] "Data generated"
[1] "   Split: 1"
[1] "   Split: 2"
[1] "Estimates and SE estimates computed"
[1] ""
[[1]]
[[1]]$est
  delta        mu      mu_1      mu_0         de        se_1        se_0
1   0.5 0.4376842 0.2984716 0.5397811 -0.2413095  0.02956206 -0.01562130
2   1.0 0.3855325 0.2689095 0.5554024 -0.2864928  0.00000000  0.00000000
3   2.0 0.2930426 0.2167099 0.5148807 -0.2981708 -0.05219964 -0.04052169
           oe         te
1  0.05215171 -0.2569308
2  0.00000000 -0.2864928
3 -0.09248986 -0.3386925

[[1]]$se
  delta         mu       mu_1       mu_0         de       se_1       se_0
1   0.5 0.02865816 0.03117670 0.03512646 0.03675113 0.02127394 0.02803821
2   1.0 0.02428334 0.02346831 0.02749287 0.02409931 0.00000000 0.00000000
3   2.0 0.03589779 0.03401198 0.04169798 0.03300221 0.02237942 0.02416124
          oe         te
1 0.02099902 0.03157370
2 0.00000000 0.02409931
3 0.02272678 0.03267350


[1] "Total run time was 216.741 seconds"
