WARNING: ignoring environment value of R_HOME

Attaching package: ‘dplyr’

The following objects are masked from ‘package:stats’:

    filter, lag

The following objects are masked from ‘package:base’:

    intersect, setdiff, setequal, union

Loading required package: splines
Loading required package: foreach
Loaded gam 1.20.2

Super Learner
Version: 2.0-28
Package created on 2021-05-04

Loading required package: lattice
Loading required package: ggplot2
Loading required package: Matrix
Loaded glmnet 4.1-7
Loading required package: Formula
Loading required package: plotmo
Loading required package: plotrix
Loading required package: TeachingDemos
Loaded gbm 2.1.8.1

Attaching package: ‘xgboost’

The following object is masked from ‘package:dplyr’:

    slice

[1] "[Simulation setting]"
[1] "m: 100"
[1] "deltas: 0.5, 1, 2"
[1] "r: 500"
[1] "Sim.id 1"
[1] "Data generated"
[1] "   Split: 1"
[1] "   Split: 2"
[1] "Estimates and SE estimates computed"
[1] ""
[[1]]
[[1]]$est
  delta        mu      mu_1      mu_0         de          se_1         se_0
1   0.5 0.4460744 0.2741567 0.5598555 -0.2856988  0.0430921275  0.053189787
2   1.0 0.3489734 0.2310645 0.5066657 -0.2756011  0.0000000000  0.000000000
3   2.0 0.3078086 0.2303055 0.5006045 -0.2702989 -0.0007589919 -0.006061191
           oe         te
1  0.09710105 -0.2325090
2  0.00000000 -0.2756011
3 -0.04116477 -0.2763601

[[1]]$se
  delta         mu       mu_1       mu_0         de       se_1       se_0
1   0.5 0.03201502 0.03830106 0.03741686 0.04801646 0.03172671 0.02516367
2   1.0 0.02187191 0.01927365 0.02970299 0.02555243 0.00000000 0.00000000
3   2.0 0.03113845 0.03272694 0.04710361 0.04917099 0.02569307 0.03405750
          oe         te
1 0.02175720 0.04373891
2 0.00000000 0.02555243
3 0.02248607 0.03721982


[1] "Total run time was 111.839 seconds"
