WARNING: ignoring environment value of R_HOME

Attaching package: ‘dplyr’

The following objects are masked from ‘package:stats’:

    filter, lag

The following objects are masked from ‘package:base’:

    intersect, setdiff, setequal, union

Loading required package: splines
Loading required package: foreach
Loaded gam 1.20.2

Super Learner
Version: 2.0-28
Package created on 2021-05-04

Loading required package: lattice
Loading required package: ggplot2
Loading required package: Matrix
Loaded glmnet 4.1-7
Loading required package: Formula
Loading required package: plotmo
Loading required package: plotrix
Loading required package: TeachingDemos
Loaded gbm 2.1.8.1

Attaching package: ‘xgboost’

The following object is masked from ‘package:dplyr’:

    slice

[1] "[Simulation setting]"
[1] "m: 100"
[1] "deltas: 0.5, 1, 2"
[1] "r: 500"
[1] "Sim.id 1"
[1] "Data generated"
[1] "   Split: 1"
[1] "   Split: 2"
[1] "Estimates and SE estimates computed"
[1] ""
[[1]]
[[1]]$est
  delta        mu      mu_1      mu_0         de        se_1        se_0
1   0.5 0.4886765 0.3143288 0.6094508 -0.2951220  0.05252494  0.06921817
2   1.0 0.3804870 0.2618039 0.5402327 -0.2784288  0.00000000  0.00000000
3   2.0 0.3032564 0.2269121 0.5072470 -0.2803349 -0.03489179 -0.03298563
           oe         te
1  0.10818949 -0.2259038
2  0.00000000 -0.2784288
3 -0.07723057 -0.3133206

[[1]]$se
  delta         mu       mu_1       mu_0         de       se_1       se_0
1   0.5 0.03094904 0.02682844 0.04128352 0.04061420 0.01756399 0.02612880
2   1.0 0.02149786 0.02017663 0.02941874 0.02681976 0.00000000 0.00000000
3   2.0 0.02493238 0.02371784 0.03926631 0.03628059 0.01673035 0.02884428
          oe         te
1 0.01910582 0.03085539
2 0.00000000 0.02681976
3 0.01826576 0.03118176


[1] "Total run time was 137.359 seconds"
