WARNING: ignoring environment value of R_HOME

Attaching package: ‘dplyr’

The following objects are masked from ‘package:stats’:

    filter, lag

The following objects are masked from ‘package:base’:

    intersect, setdiff, setequal, union

Loading required package: splines
Loading required package: foreach
Loaded gam 1.20.2

Super Learner
Version: 2.0-28
Package created on 2021-05-04

Loading required package: lattice
Loading required package: ggplot2
Loading required package: Matrix
Loaded glmnet 4.1-7
Loading required package: Formula
Loading required package: plotmo
Loading required package: plotrix
Loading required package: TeachingDemos
Loaded gbm 2.1.8.1

Attaching package: ‘xgboost’

The following object is masked from ‘package:dplyr’:

    slice

[1] "[Simulation setting]"
[1] "m: 100"
[1] "deltas: 0.5, 1, 2"
[1] "r: 500"
[1] "Sim.id 1"
[1] "Data generated"
[1] "   Split: 1"
[1] "   Split: 2"
[1] "Estimates and SE estimates computed"
[1] ""
[[1]]
[[1]]$est
  delta        mu      mu_1      mu_0         de        se_1        se_0
1   0.5 0.4494561 0.2485139 0.5812618 -0.3327479 0.031661544  0.08439342
2   1.0 0.3361961 0.2168524 0.4968684 -0.2800160 0.000000000  0.00000000
3   2.0 0.2853551 0.2217565 0.4718488 -0.2500922 0.004904155 -0.02501958
           oe         te
1  0.11326007 -0.2483544
2  0.00000000 -0.2800160
3 -0.05084102 -0.2751118

[[1]]$se
  delta         mu       mu_1       mu_0         de       se_1       se_0
1   0.5 0.03132895 0.02605973 0.04031287 0.03621172 0.01942010 0.02650446
2   1.0 0.02246939 0.01906991 0.03167642 0.02847989 0.00000000 0.00000000
3   2.0 0.04388970 0.05254218 0.05163993 0.05824546 0.04479908 0.03997405
          oe         te
1 0.01932612 0.03193455
2 0.00000000 0.02847989
3 0.03652706 0.05584507


[1] "Total run time was 126.914 seconds"
