WARNING: ignoring environment value of R_HOME

Attaching package: ‘dplyr’

The following objects are masked from ‘package:stats’:

    filter, lag

The following objects are masked from ‘package:base’:

    intersect, setdiff, setequal, union

Loading required package: splines
Loading required package: foreach
Loaded gam 1.20.2

Super Learner
Version: 2.0-28
Package created on 2021-05-04

Loading required package: lattice
Loading required package: ggplot2
Loading required package: Matrix
Loaded glmnet 4.1-7
Loading required package: Formula
Loading required package: plotmo
Loading required package: plotrix
Loading required package: TeachingDemos
Loaded gbm 2.1.8.1

Attaching package: ‘xgboost’

The following object is masked from ‘package:dplyr’:

    slice

[1] "[Simulation setting]"
[1] "m: 100"
[1] "deltas: 0.5, 1, 2"
[1] "r: 500"
[1] "Sim.id 1"
[1] "Data generated"
[1] "   Split: 1"
[1] "   Split: 2"
[1] "Estimates and SE estimates computed"
[1] ""
[[1]]
[[1]]$est
  delta        mu      mu_1      mu_0         de        se_1        se_0
1   0.5 0.4518879 0.2602860 0.6015197 -0.3412337 -0.01399954  0.01637792
2   1.0 0.3994784 0.2742856 0.5851418 -0.3108562  0.00000000  0.00000000
3   2.0 0.3261275 0.2539522 0.5405843 -0.2866320 -0.02033334 -0.04455752
           oe         te
1  0.05240944 -0.3248558
2  0.00000000 -0.3108562
3 -0.07335091 -0.3311896

[[1]]$se
  delta         mu       mu_1       mu_0         de       se_1       se_0
1   0.5 0.03014070 0.03955860 0.04879424 0.06781160 0.03353767 0.03771724
2   1.0 0.02356866 0.02347846 0.03187327 0.02948094 0.00000000 0.00000000
3   2.0 0.02857848 0.02832994 0.04006071 0.03455688 0.01821675 0.02427578
          oe         te
1 0.01985360 0.04428352
2 0.00000000 0.02948094
3 0.01815797 0.03377005


[1] "Total run time was 181.433 seconds"
