WARNING: ignoring environment value of R_HOME

Attaching package: ‘dplyr’

The following objects are masked from ‘package:stats’:

    filter, lag

The following objects are masked from ‘package:base’:

    intersect, setdiff, setequal, union

Loading required package: splines
Loading required package: foreach
Loaded gam 1.20.2

Super Learner
Version: 2.0-28
Package created on 2021-05-04

Loading required package: lattice
Loading required package: ggplot2
Loading required package: Matrix
Loaded glmnet 4.1-7
Loading required package: Formula
Loading required package: plotmo
Loading required package: plotrix
Loading required package: TeachingDemos
Loaded gbm 2.1.8.1

Attaching package: ‘xgboost’

The following object is masked from ‘package:dplyr’:

    slice

[1] "[Simulation setting]"
[1] "m: 100"
[1] "deltas: 0.5, 1, 2"
[1] "r: 500"
[1] "Sim.id 1"
[1] "Data generated"
[1] "   Split: 1"
[1] "   Split: 2"
[1] "Estimates and SE estimates computed"
[1] ""
[[1]]
[[1]]$est
  delta        mu      mu_1      mu_0         de        se_1        se_0
1   0.5 0.4320135 0.2720296 0.5487062 -0.2766767  0.02761169  0.01804669
2   1.0 0.3599023 0.2444179 0.5306595 -0.2862417  0.00000000  0.00000000
3   2.0 0.2773509 0.2035979 0.4836362 -0.2800383 -0.04081996 -0.04702335
           oe         te
1  0.07211117 -0.2586300
2  0.00000000 -0.2862417
3 -0.08255141 -0.3270616

[[1]]$se
  delta         mu       mu_1       mu_0         de       se_1       se_0
1   0.5 0.02352739 0.02786179 0.02630035 0.02986505 0.01897805 0.01833238
2   1.0 0.02290429 0.02262785 0.02877622 0.02742152 0.00000000 0.00000000
3   2.0 0.02911415 0.02964777 0.04260310 0.04338700 0.01986393 0.02859779
          oe         te
1 0.01502914 0.03165432
2 0.00000000 0.02742152
3 0.01907460 0.03604150


[1] "Total run time was 96.368 seconds"
