WARNING: ignoring environment value of R_HOME

Attaching package: ‘dplyr’

The following objects are masked from ‘package:stats’:

    filter, lag

The following objects are masked from ‘package:base’:

    intersect, setdiff, setequal, union

Loading required package: splines
Loading required package: foreach
Loaded gam 1.20.2

Super Learner
Version: 2.0-28
Package created on 2021-05-04

Loading required package: lattice
Loading required package: ggplot2
Loading required package: Matrix
Loaded glmnet 4.1-7
Loading required package: Formula
Loading required package: plotmo
Loading required package: plotrix
Loading required package: TeachingDemos
Loaded gbm 2.1.8.1

Attaching package: ‘xgboost’

The following object is masked from ‘package:dplyr’:

    slice

[1] "[Simulation setting]"
[1] "m: 100"
[1] "deltas: 0.5, 1, 2"
[1] "r: 500"
[1] "Sim.id 1"
[1] "Data generated"
[1] "   Split: 1"
[1] "   Split: 2"
[1] "Estimates and SE estimates computed"
[1] ""
[[1]]
[[1]]$est
  delta        mu      mu_1      mu_0         de         se_1        se_0
1   0.5 0.4748152 0.2795802 0.6094733 -0.3298931  0.046481122  0.04627199
2   1.0 0.3725563 0.2330991 0.5632013 -0.3301022  0.000000000  0.00000000
3   2.0 0.2837009 0.2249625 0.4483931 -0.2234307 -0.008136618 -0.11480819
           oe         te
1  0.10225892 -0.2836211
2  0.00000000 -0.3301022
3 -0.08885543 -0.3382388

[[1]]$se
  delta         mu       mu_1       mu_0         de       se_1       se_0
1   0.5 0.03488539 0.03727041 0.03795258 0.03349498 0.02731164 0.02473557
2   1.0 0.02553676 0.02228145 0.03532914 0.02992269 0.00000000 0.00000000
3   2.0 0.04287188 0.06252425 0.05821088 0.09763817 0.05696280 0.04409627
          oe         te
1 0.02291304 0.03886292
2 0.00000000 0.02992269
3 0.03863615 0.07074578


[1] "Total run time was 187.307 seconds"
