WARNING: ignoring environment value of R_HOME

Attaching package: ‘dplyr’

The following objects are masked from ‘package:stats’:

    filter, lag

The following objects are masked from ‘package:base’:

    intersect, setdiff, setequal, union

Loading required package: splines
Loading required package: foreach
Loaded gam 1.20.2

Super Learner
Version: 2.0-28
Package created on 2021-05-04

Loading required package: lattice
Loading required package: ggplot2
Loading required package: Matrix
Loaded glmnet 4.1-7
Loading required package: Formula
Loading required package: plotmo
Loading required package: plotrix
Loading required package: TeachingDemos
Loaded gbm 2.1.8.1

Attaching package: ‘xgboost’

The following object is masked from ‘package:dplyr’:

    slice

[1] "[Simulation setting]"
[1] "m: 100"
[1] "deltas: 0.5, 1, 2"
[1] "r: 500"
[1] "Sim.id 1"
[1] "Data generated"
[1] "   Split: 1"
[1] "   Split: 2"
[1] "Estimates and SE estimates computed"
[1] ""
[[1]]
[[1]]$est
  delta        mu      mu_1      mu_0         de         se_1       se_0
1   0.5 0.4345897 0.2154869 0.5764172 -0.3609303 -0.017146284 0.02683890
2   1.0 0.3725852 0.2326332 0.5495783 -0.3169451  0.000000000 0.00000000
3   2.0 0.3315858 0.2330749 0.5774571 -0.3443822  0.000441731 0.02787882
           oe         te
1  0.06200456 -0.3340914
2  0.00000000 -0.3169451
3 -0.04099934 -0.3165034

[[1]]$se
  delta         mu       mu_1       mu_0         de       se_1       se_0
1   0.5 0.02322696 0.03039261 0.03386772 0.04610518 0.02637913 0.02584159
2   1.0 0.02035680 0.02080409 0.02565274 0.02375964 0.00000000 0.00000000
3   2.0 0.03564439 0.03920255 0.03755695 0.03382871 0.02830243 0.02590162
          oe         te
1 0.01618375 0.03436717
2 0.00000000 0.02375964
3 0.02589309 0.03976877


[1] "Total run time was 156.274 seconds"
