WARNING: ignoring environment value of R_HOME

Attaching package: ‘dplyr’

The following objects are masked from ‘package:stats’:

    filter, lag

The following objects are masked from ‘package:base’:

    intersect, setdiff, setequal, union

Loading required package: splines
Loading required package: foreach
Loaded gam 1.20.2

Super Learner
Version: 2.0-28
Package created on 2021-05-04

Loading required package: lattice
Loading required package: ggplot2
Loading required package: Matrix
Loaded glmnet 4.1-7
Loading required package: Formula
Loading required package: plotmo
Loading required package: plotrix
Loading required package: TeachingDemos
Loaded gbm 2.1.8.1

Attaching package: ‘xgboost’

The following object is masked from ‘package:dplyr’:

    slice

[1] "[Simulation setting]"
[1] "m: 100"
[1] "deltas: 0.5, 1, 2"
[1] "r: 500"
[1] "Sim.id 1"
[1] "Data generated"
[1] "   Split: 1"
[1] "   Split: 2"
[1] "Estimates and SE estimates computed"
[1] ""
[[1]]
[[1]]$est
  delta        mu      mu_1      mu_0         de        se_1         se_0
1   0.5 0.4313079 0.2577039 0.5438686 -0.2861647  0.04633494  0.009627965
2   1.0 0.3491279 0.2113689 0.5342406 -0.3228717  0.00000000  0.000000000
3   2.0 0.2705278 0.1838338 0.5031466 -0.3193129 -0.02753515 -0.031093983
           oe         te
1  0.08217998 -0.2765368
2  0.00000000 -0.3228717
3 -0.07860009 -0.3504069

[[1]]$se
  delta         mu       mu_1       mu_0         de       se_1       se_0
1   0.5 0.03088444 0.03513853 0.03699480 0.04050698 0.02725292 0.02513970
2   1.0 0.02280075 0.02210470 0.03094834 0.02744546 0.00000000 0.00000000
3   2.0 0.03961915 0.04798587 0.03754648 0.05758173 0.04262107 0.02494929
          oe         te
1 0.02168351 0.03710812
2 0.00000000 0.02744546
3 0.03507788 0.05480414


[1] "Total run time was 81.921 seconds"
