WARNING: ignoring environment value of R_HOME

Attaching package: ‘dplyr’

The following objects are masked from ‘package:stats’:

    filter, lag

The following objects are masked from ‘package:base’:

    intersect, setdiff, setequal, union

Loading required package: splines
Loading required package: foreach
Loaded gam 1.20.2

Super Learner
Version: 2.0-28
Package created on 2021-05-04

Loading required package: lattice
Loading required package: ggplot2
Loading required package: Matrix
Loaded glmnet 4.1-7
Loading required package: Formula
Loading required package: plotmo
Loading required package: plotrix
Loading required package: TeachingDemos
Loaded gbm 2.1.8.1

Attaching package: ‘xgboost’

The following object is masked from ‘package:dplyr’:

    slice

[1] "[Simulation setting]"
[1] "m: 100"
[1] "deltas: 0.5, 1, 2"
[1] "r: 500"
[1] "Sim.id 1"
[1] "Data generated"
[1] "   Split: 1"
[1] "   Split: 2"
[1] "Estimates and SE estimates computed"
[1] ""
[[1]]
[[1]]$est
  delta        mu      mu_1      mu_0         de        se_1         se_0
1   0.5 0.3874411 0.2268825 0.5107118 -0.2838293  0.02360287 -0.016883182
2   1.0 0.3339184 0.2032796 0.5275950 -0.3243154  0.00000000  0.000000000
3   2.0 0.2606028 0.1692691 0.5294693 -0.3602002 -0.03401053  0.001874252
           oe         te
1  0.05352273 -0.3007125
2  0.00000000 -0.3243154
3 -0.07331562 -0.3583259

[[1]]$se
  delta         mu       mu_1       mu_0         de       se_1       se_0
1   0.5 0.03477701 0.02862414 0.05471523 0.05907470 0.01867124 0.04639701
2   1.0 0.02108992 0.01889599 0.02786196 0.02460515 0.00000000 0.00000000
3   2.0 0.02276746 0.02225694 0.04416181 0.04676254 0.01555891 0.03666768
          oe         te
1 0.02737077 0.02919592
2 0.00000000 0.02460515
3 0.01677944 0.03128287


[1] "Total run time was 168.107 seconds"
