WARNING: ignoring environment value of R_HOME

Attaching package: ‘dplyr’

The following objects are masked from ‘package:stats’:

    filter, lag

The following objects are masked from ‘package:base’:

    intersect, setdiff, setequal, union

Loading required package: splines
Loading required package: foreach
Loaded gam 1.20.2

Super Learner
Version: 2.0-28
Package created on 2021-05-04

Loading required package: lattice
Loading required package: ggplot2
Loading required package: Matrix
Loaded glmnet 4.1-7
Loading required package: Formula
Loading required package: plotmo
Loading required package: plotrix
Loading required package: TeachingDemos
Loaded gbm 2.1.8.1

Attaching package: ‘xgboost’

The following object is masked from ‘package:dplyr’:

    slice

[1] "[Simulation setting]"
[1] "m: 100"
[1] "deltas: 0.5, 1, 2"
[1] "r: 500"
[1] "Sim.id 1"
[1] "Data generated"
[1] "   Split: 1"
[1] "   Split: 2"
[1] "Estimates and SE estimates computed"
[1] ""
[[1]]
[[1]]$est
  delta        mu      mu_1      mu_0         de        se_1        se_0
1   0.5 0.4434415 0.2401765 0.5768022 -0.3366257  0.02106314  0.06019913
2   1.0 0.3420358 0.2191134 0.5166031 -0.2974897  0.00000000  0.00000000
3   2.0 0.1996752 0.1234384 0.4407236 -0.3172851 -0.09567492 -0.07587952
          oe         te
1  0.1014057 -0.2764266
2  0.0000000 -0.2974897
3 -0.1423605 -0.3931646

[[1]]$se
  delta         mu       mu_1       mu_0         de       se_1       se_0
1   0.5 0.03449259 0.03179756 0.04661572 0.05226451 0.02359981 0.03702300
2   1.0 0.02202149 0.02073203 0.03039332 0.02695832 0.00000000 0.00000000
3   2.0 0.07344961 0.07733595 0.06148926 0.04157117 0.07070993 0.05419526
          oe         te
1 0.02503640 0.03419119
2 0.00000000 0.02695832
3 0.06725075 0.07976797


[1] "Total run time was 116.173 seconds"
