WARNING: ignoring environment value of R_HOME

Attaching package: ‘dplyr’

The following objects are masked from ‘package:stats’:

    filter, lag

The following objects are masked from ‘package:base’:

    intersect, setdiff, setequal, union

Loading required package: splines
Loading required package: foreach
Loaded gam 1.20.2

Super Learner
Version: 2.0-28
Package created on 2021-05-04

Loading required package: lattice
Loading required package: ggplot2
Loading required package: Matrix
Loaded glmnet 4.1-7
Loading required package: Formula
Loading required package: plotmo
Loading required package: plotrix
Loading required package: TeachingDemos
Loaded gbm 2.1.8.1

Attaching package: ‘xgboost’

The following object is masked from ‘package:dplyr’:

    slice

[1] "[Simulation setting]"
[1] "m: 100"
[1] "deltas: 0.5, 1, 2"
[1] "r: 500"
[1] "Sim.id 1"
[1] "Data generated"
[1] "   Split: 1"
[1] "   Split: 2"
[1] "Estimates and SE estimates computed"
[1] ""
[[1]]
[[1]]$est
  delta        mu      mu_1      mu_0         de         se_1        se_0
1   0.5 0.4544581 0.2942745 0.5687616 -0.2744870  0.064134217  0.01323464
2   1.0 0.3611609 0.2301403 0.5555269 -0.3253866  0.000000000  0.00000000
3   2.0 0.3018606 0.2237432 0.5251906 -0.3014474 -0.006397103 -0.03033631
           oe         te
1  0.09329717 -0.2612524
2  0.00000000 -0.3253866
3 -0.05930027 -0.3317837

[[1]]$se
  delta         mu       mu_1       mu_0         de       se_1       se_0
1   0.5 0.03042372 0.03720029 0.03977502 0.05168310 0.02807674 0.02332875
2   1.0 0.02114814 0.02029045 0.03038296 0.03050984 0.00000000 0.00000000
3   2.0 0.03588498 0.04062637 0.03778468 0.04438587 0.03287621 0.02870970
          oe         te
1 0.01789722 0.04309188
2 0.00000000 0.03050984
3 0.02871515 0.04564924


[1] "Total run time was 133.445 seconds"
