WARNING: ignoring environment value of R_HOME

Attaching package: ‘dplyr’

The following objects are masked from ‘package:stats’:

    filter, lag

The following objects are masked from ‘package:base’:

    intersect, setdiff, setequal, union

Loading required package: splines
Loading required package: foreach
Loaded gam 1.20.2

Super Learner
Version: 2.0-28
Package created on 2021-05-04

Loading required package: lattice
Loading required package: ggplot2
Loading required package: Matrix
Loaded glmnet 4.1-7
Loading required package: Formula
Loading required package: plotmo
Loading required package: plotrix
Loading required package: TeachingDemos
Loaded gbm 2.1.8.1

Attaching package: ‘xgboost’

The following object is masked from ‘package:dplyr’:

    slice

[1] "[Simulation setting]"
[1] "m: 100"
[1] "deltas: 0.5, 1, 2"
[1] "r: 500"
[1] "Sim.id 1"
[1] "Data generated"
[1] "   Split: 1"
[1] "   Split: 2"
[1] "Estimates and SE estimates computed"
[1] ""
[[1]]
[[1]]$est
  delta        mu      mu_1      mu_0         de        se_1        se_0
1   0.5 0.4642308 0.3271999 0.5433304 -0.2161305  0.11773501 0.006245289
2   1.0 0.3551025 0.2094649 0.5370851 -0.3276203  0.00000000 0.000000000
3   2.0 0.2620486 0.1505406 0.5516239 -0.4010832 -0.05892425 0.014538743
           oe         te
1  0.10912832 -0.2098852
2  0.00000000 -0.3276203
3 -0.09305392 -0.3865445

[[1]]$se
  delta         mu       mu_1       mu_0         de       se_1       se_0
1   0.5 0.03233567 0.05620700 0.05679806 0.09063996 0.04941584 0.04934382
2   1.0 0.02230118 0.02121795 0.03055320 0.02954252 0.00000000 0.00000000
3   2.0 0.02950759 0.02891564 0.04344309 0.04242037 0.02094290 0.03164014
          oe         te
1 0.02463946 0.05813484
2 0.00000000 0.02954252
3 0.02058739 0.03740097


[1] "Total run time was 114.157 seconds"
