WARNING: ignoring environment value of R_HOME

Attaching package: ‘dplyr’

The following objects are masked from ‘package:stats’:

    filter, lag

The following objects are masked from ‘package:base’:

    intersect, setdiff, setequal, union

Loading required package: splines
Loading required package: foreach
Loaded gam 1.20.2

Super Learner
Version: 2.0-28
Package created on 2021-05-04

Loading required package: lattice
Loading required package: ggplot2
Loading required package: Matrix
Loaded glmnet 4.1-7
Loading required package: Formula
Loading required package: plotmo
Loading required package: plotrix
Loading required package: TeachingDemos
Loaded gbm 2.1.8.1

Attaching package: ‘xgboost’

The following object is masked from ‘package:dplyr’:

    slice

[1] "[Simulation setting]"
[1] "m: 100"
[1] "deltas: 0.5, 1, 2"
[1] "r: 500"
[1] "Sim.id 1"
[1] "Data generated"
[1] "   Split: 1"
[1] "   Split: 2"
[1] "Estimates and SE estimates computed"
[1] ""
[[1]]
[[1]]$est
  delta        mu      mu_1      mu_0         de        se_1        se_0
1   0.5 0.4925781 0.2920274 0.6290651 -0.3370376  0.07891231  0.09474285
2   1.0 0.3489510 0.2131151 0.5343222 -0.3212071  0.00000000  0.00000000
3   2.0 0.2743211 0.1976579 0.4888133 -0.2911554 -0.01545723 -0.04550898
           oe         te
1  0.14362717 -0.2422948
2  0.00000000 -0.3212071
3 -0.07462986 -0.3366643

[[1]]$se
  delta         mu       mu_1       mu_0         de       se_1       se_0
1   0.5 0.04433332 0.02934388 0.05620481 0.04248526 0.02033831 0.04336751
2   1.0 0.02230705 0.02022872 0.02747556 0.02454192 0.00000000 0.00000000
3   2.0 0.03234476 0.04290755 0.04486393 0.06678231 0.03447737 0.03644000
          oe         te
1 0.03223798 0.02965592
2 0.00000000 0.02454192
3 0.02422761 0.04625115


[1] "Total run time was 142.46 seconds"
