WARNING: ignoring environment value of R_HOME

Attaching package: ‘dplyr’

The following objects are masked from ‘package:stats’:

    filter, lag

The following objects are masked from ‘package:base’:

    intersect, setdiff, setequal, union

Loading required package: splines
Loading required package: foreach
Loaded gam 1.20.2

Super Learner
Version: 2.0-28
Package created on 2021-05-04

Loading required package: lattice
Loading required package: ggplot2
Loading required package: Matrix
Loaded glmnet 4.1-7
Loading required package: Formula
Loading required package: plotmo
Loading required package: plotrix
Loading required package: TeachingDemos
Loaded gbm 2.1.8.1

Attaching package: ‘xgboost’

The following object is masked from ‘package:dplyr’:

    slice

[1] "[Simulation setting]"
[1] "m: 100"
[1] "deltas: 0.5, 1, 2"
[1] "r: 500"
[1] "Sim.id 1"
[1] "Data generated"
[1] "   Split: 1"
[1] "   Split: 2"
[1] "Estimates and SE estimates computed"
[1] ""
[[1]]
[[1]]$est
  delta        mu      mu_1      mu_0         de        se_1        se_0
1   0.5 0.4084029 0.2480237 0.4985847 -0.2505610  0.03689862 -0.02432800
2   1.0 0.3529561 0.2111251 0.5229127 -0.3117876  0.00000000  0.00000000
3   2.0 0.2631829 0.1856372 0.4456490 -0.2600118 -0.02548794 -0.07726375
           oe         te
1  0.05544677 -0.2748890
2  0.00000000 -0.3117876
3 -0.08977323 -0.3372756

[[1]]$se
  delta         mu       mu_1       mu_0         de       se_1       se_0
1   0.5 0.03043126 0.03393062 0.03705251 0.03918900 0.02628008 0.02686796
2   1.0 0.02168577 0.01902708 0.02933897 0.02704390 0.00000000 0.00000000
3   2.0 0.03217931 0.03010959 0.04627035 0.04210999 0.02148279 0.03595906
          oe         te
1 0.02060813 0.03473085
2 0.00000000 0.02704390
3 0.02274207 0.03637533


[1] "Total run time was 152.478 seconds"
