WARNING: ignoring environment value of R_HOME

Attaching package: ‘dplyr’

The following objects are masked from ‘package:stats’:

    filter, lag

The following objects are masked from ‘package:base’:

    intersect, setdiff, setequal, union

Loading required package: splines
Loading required package: foreach
Loaded gam 1.20.2

Super Learner
Version: 2.0-28
Package created on 2021-05-04

Loading required package: lattice
Loading required package: ggplot2
Loading required package: Matrix
Loaded glmnet 4.1-7
Loading required package: Formula
Loading required package: plotmo
Loading required package: plotrix
Loading required package: TeachingDemos
Loaded gbm 2.1.8.1

Attaching package: ‘xgboost’

The following object is masked from ‘package:dplyr’:

    slice

[1] "[Simulation setting]"
[1] "m: 100"
[1] "deltas: 0.5, 1, 2"
[1] "r: 500"
[1] "Sim.id 1"
[1] "Data generated"
[1] "   Split: 1"
[1] "   Split: 2"
[1] "Estimates and SE estimates computed"
[1] ""
[[1]]
[[1]]$est
  delta        mu      mu_1      mu_0         de         se_1        se_0
1   0.5 0.3786686 0.2289844 0.4928551 -0.2638708 -0.007597798 -0.03002953
2   1.0 0.3455202 0.2365822 0.5228847 -0.2863025  0.000000000  0.00000000
3   2.0 0.2749378 0.1937564 0.5350993 -0.3413430 -0.042825841  0.01221467
           oe         te
1  0.03314841 -0.2939003
2  0.00000000 -0.2863025
3 -0.07058239 -0.3291283

[[1]]$se
  delta         mu       mu_1       mu_0         de       se_1       se_0
1   0.5 0.03289096 0.02840171 0.04500854 0.03610548 0.02046747 0.03570293
2   1.0 0.02181329 0.02237915 0.02627315 0.02229128 0.00000000 0.00000000
3   2.0 0.03315577 0.03720270 0.03845018 0.04491213 0.02775348 0.02527884
          oe         te
1 0.02527352 0.02694029
2 0.00000000 0.02229128
3 0.02369721 0.03964112


[1] "Total run time was 201.164 seconds"
