WARNING: ignoring environment value of R_HOME

Attaching package: ‘dplyr’

The following objects are masked from ‘package:stats’:

    filter, lag

The following objects are masked from ‘package:base’:

    intersect, setdiff, setequal, union

Loading required package: splines
Loading required package: foreach
Loaded gam 1.20.2

Super Learner
Version: 2.0-28
Package created on 2021-05-04

Loading required package: lattice
Loading required package: ggplot2
Loading required package: Matrix
Loaded glmnet 4.1-7
Loading required package: Formula
Loading required package: plotmo
Loading required package: plotrix
Loading required package: TeachingDemos
Loaded gbm 2.1.8.1

Attaching package: ‘xgboost’

The following object is masked from ‘package:dplyr’:

    slice

[1] "[Simulation setting]"
[1] "m: 100"
[1] "deltas: 0.5, 1, 2"
[1] "r: 500"
[1] "Sim.id 1"
[1] "Data generated"
[1] "   Split: 1"
[1] "   Split: 2"
[1] "Estimates and SE estimates computed"
[1] ""
[[1]]
[[1]]$est
  delta        mu      mu_1      mu_0         de       se_1         se_0
1   0.5 0.4792829 0.3261741 0.5714548 -0.2452807 0.10776807  0.066579351
2   1.0 0.3418587 0.2184061 0.5048755 -0.2864694 0.00000000  0.000000000
3   2.0 0.3099766 0.2338941 0.4988530 -0.2649589 0.01548802 -0.006022459
          oe         te
1  0.1374242 -0.1787013
2  0.0000000 -0.2864694
3 -0.0318821 -0.2709814

[[1]]$se
  delta         mu       mu_1       mu_0         de      se_1       se_0
1   0.5 0.07332101 0.11880081 0.12095620 0.18902448 0.1126713 0.11583996
2   1.0 0.02218737 0.02156062 0.02891256 0.02873548 0.0000000 0.00000000
3   2.0 0.03113427 0.02937338 0.04550406 0.04100968 0.0170920 0.03137946
          oe         te
1 0.06658365 0.11835494
2 0.00000000 0.02873548
3 0.01779103 0.03115597


[1] "Total run time was 213.096 seconds"
