WARNING: ignoring environment value of R_HOME

Attaching package: ‘dplyr’

The following objects are masked from ‘package:stats’:

    filter, lag

The following objects are masked from ‘package:base’:

    intersect, setdiff, setequal, union

Loading required package: splines
Loading required package: foreach
Loaded gam 1.20.2

Super Learner
Version: 2.0-28
Package created on 2021-05-04

Loading required package: lattice
Loading required package: ggplot2
Loading required package: Matrix
Loaded glmnet 4.1-7
Loading required package: Formula
Loading required package: plotmo
Loading required package: plotrix
Loading required package: TeachingDemos
Loaded gbm 2.1.8.1

Attaching package: ‘xgboost’

The following object is masked from ‘package:dplyr’:

    slice

[1] "[Simulation setting]"
[1] "m: 100"
[1] "deltas: 0.5, 1, 2"
[1] "r: 500"
[1] "Sim.id 1"
[1] "Data generated"
[1] "   Split: 1"
[1] "   Split: 2"
[1] "Estimates and SE estimates computed"
[1] ""
[[1]]
[[1]]$est
  delta        mu      mu_1      mu_0         de         se_1         se_0
1   0.5 0.4034757 0.3084744 0.4670555 -0.1585811  0.043380986 -0.009954294
2   1.0 0.3572359 0.2650934 0.4770098 -0.2119163  0.000000000  0.000000000
3   2.0 0.3293592 0.2592488 0.5070370 -0.2477882 -0.005844587  0.030027249
           oe         te
1  0.04623974 -0.1685353
2  0.00000000 -0.2119163
3 -0.02787672 -0.2177609

[[1]]$se
  delta         mu       mu_1       mu_0         de       se_1       se_0
1   0.5 0.02444613 0.03045710 0.02764971 0.03246393 0.01723082 0.01898103
2   1.0 0.02279657 0.02528610 0.02711214 0.02740307 0.00000000 0.00000000
3   2.0 0.02382640 0.02506039 0.03182783 0.03073473 0.01788418 0.02271900
          oe         te
1 0.01483640 0.03161319
2 0.00000000 0.02740307
3 0.01780351 0.03136518


[1] "Total run time was 165.144 seconds"
