WARNING: ignoring environment value of R_HOME

Attaching package: ‘dplyr’

The following objects are masked from ‘package:stats’:

    filter, lag

The following objects are masked from ‘package:base’:

    intersect, setdiff, setequal, union

Loading required package: splines
Loading required package: foreach
Loaded gam 1.20.2

Super Learner
Version: 2.0-28
Package created on 2021-05-04

Loading required package: lattice
Loading required package: ggplot2
Loading required package: Matrix
Loaded glmnet 4.1-7
Loading required package: Formula
Loading required package: plotmo
Loading required package: plotrix
Loading required package: TeachingDemos
Loaded gbm 2.1.8.1

Attaching package: ‘xgboost’

The following object is masked from ‘package:dplyr’:

    slice

[1] "[Simulation setting]"
[1] "m: 100"
[1] "deltas: 0.5, 1, 2"
[1] "r: 500"
[1] "Sim.id 1"
[1] "Data generated"
[1] "   Split: 1"
[1] "   Split: 2"
[1] "Estimates and SE estimates computed"
[1] ""
[[1]]
[[1]]$est
  delta        mu      mu_1      mu_0         de        se_1         se_0
1   0.5 0.4137821 0.3172707 0.4503082 -0.1330375  0.07663216 -0.056186040
2   1.0 0.3561610 0.2406385 0.5064943 -0.2658557  0.00000000  0.000000000
3   2.0 0.2513257 0.1624994 0.5054583 -0.3429590 -0.07813916 -0.001035902
           oe         te
1  0.05762105 -0.1892236
2  0.00000000 -0.2658557
3 -0.10483531 -0.3439949

[[1]]$se
  delta         mu       mu_1       mu_0         de       se_1       se_0
1   0.5 0.04573120 0.04976953 0.09209168 0.11305620 0.04342847 0.07786583
2   1.0 0.02306224 0.02396173 0.03074413 0.03119763 0.00000000 0.00000000
3   2.0 0.02663801 0.03676487 0.05350394 0.07281142 0.02917063 0.04851223
          oe         te
1 0.03792289 0.05619236
2 0.00000000 0.03119763
3 0.02013110 0.04277354


[1] "Total run time was 143.75 seconds"
