WARNING: ignoring environment value of R_HOME

Attaching package: ‘dplyr’

The following objects are masked from ‘package:stats’:

    filter, lag

The following objects are masked from ‘package:base’:

    intersect, setdiff, setequal, union

Loading required package: splines
Loading required package: foreach
Loaded gam 1.20.2

Super Learner
Version: 2.0-28
Package created on 2021-05-04

Loading required package: lattice
Loading required package: ggplot2
Loading required package: Matrix
Loaded glmnet 4.1-7
Loading required package: Formula
Loading required package: plotmo
Loading required package: plotrix
Loading required package: TeachingDemos
Loaded gbm 2.1.8.1

Attaching package: ‘xgboost’

The following object is masked from ‘package:dplyr’:

    slice

[1] "[Simulation setting]"
[1] "m: 100"
[1] "deltas: 0.5, 1, 2"
[1] "r: 500"
[1] "Sim.id 1"
[1] "Data generated"
[1] "   Split: 1"
[1] "   Split: 2"
[1] "Estimates and SE estimates computed"
[1] ""
[[1]]
[[1]]$est
  delta        mu      mu_1      mu_0         de        se_1        se_0
1   0.5 0.3392150 0.2090500 0.4257558 -0.2167058  0.03524295 -0.02751481
2   1.0 0.2867622 0.1738071 0.4532706 -0.2794636  0.00000000  0.00000000
3   2.0 0.1872510 0.1166499 0.4087488 -0.2920990 -0.05715718 -0.04452178
           oe         te
1  0.05245282 -0.2442206
2  0.00000000 -0.2794636
3 -0.09951122 -0.3366207

[[1]]$se
  delta         mu       mu_1       mu_0         de       se_1       se_0
1   0.5 0.02418446 0.02536737 0.03344777 0.03254881 0.01994640 0.02488477
2   1.0 0.02131390 0.02018090 0.02822317 0.02577277 0.00000000 0.00000000
3   2.0 0.02774235 0.02508548 0.04253976 0.03421106 0.01751916 0.02897633
          oe         te
1 0.02067454 0.03145184
2 0.00000000 0.02577277
3 0.01835109 0.03136446


[1] "Total run time was 100.782 seconds"
