WARNING: ignoring environment value of R_HOME

Attaching package: ‘dplyr’

The following objects are masked from ‘package:stats’:

    filter, lag

The following objects are masked from ‘package:base’:

    intersect, setdiff, setequal, union

Loading required package: splines
Loading required package: foreach
Loaded gam 1.20.2

Super Learner
Version: 2.0-28
Package created on 2021-05-04

Loading required package: lattice
Loading required package: ggplot2
Loading required package: Matrix
Loaded glmnet 4.1-7
Loading required package: Formula
Loading required package: plotmo
Loading required package: plotrix
Loading required package: TeachingDemos
Loaded gbm 2.1.8.1

Attaching package: ‘xgboost’

The following object is masked from ‘package:dplyr’:

    slice

[1] "[Simulation setting]"
[1] "m: 100"
[1] "deltas: 0.5, 1, 2"
[1] "r: 500"
[1] "Sim.id 1"
[1] "Data generated"
[1] "   Split: 1"
[1] "   Split: 2"
[1] "Estimates and SE estimates computed"
[1] ""
[[1]]
[[1]]$est
  delta        mu      mu_1      mu_0         de        se_1        se_0
1   0.5 0.4287724 0.2816708 0.5162607 -0.2345899  0.05666443  0.03135528
2   1.0 0.3341827 0.2250063 0.4849054 -0.2598991  0.00000000  0.00000000
3   2.0 0.2473001 0.1918047 0.4110611 -0.2192564 -0.03320161 -0.07384435
           oe         te
1  0.09458972 -0.2032347
2  0.00000000 -0.2598991
3 -0.08688262 -0.2931007

[[1]]$se
  delta         mu      mu_1       mu_0         de       se_1       se_0
1   0.5 0.03744635 0.0437956 0.03759656 0.04452114 0.03720686 0.02720234
2   1.0 0.02070721 0.0197392 0.02728360 0.02390086 0.00000000 0.00000000
3   2.0 0.02427906 0.0252264 0.03657514 0.03831334 0.01872623 0.02522195
          oe         te
1 0.02823964 0.04449172
2 0.00000000 0.02390086
3 0.01752082 0.03091278


[1] "Total run time was 150.855 seconds"
