WARNING: ignoring environment value of R_HOME

Attaching package: ‘dplyr’

The following objects are masked from ‘package:stats’:

    filter, lag

The following objects are masked from ‘package:base’:

    intersect, setdiff, setequal, union

Loading required package: splines
Loading required package: foreach
Loaded gam 1.20.2

Super Learner
Version: 2.0-28
Package created on 2021-05-04

Loading required package: lattice
Loading required package: ggplot2
Loading required package: Matrix
Loaded glmnet 4.1-7
Loading required package: Formula
Loading required package: plotmo
Loading required package: plotrix
Loading required package: TeachingDemos
Loaded gbm 2.1.8.1

Attaching package: ‘xgboost’

The following object is masked from ‘package:dplyr’:

    slice

[1] "[Simulation setting]"
[1] "m: 100"
[1] "deltas: 0.5, 1, 2"
[1] "r: 500"
[1] "Sim.id 1"
[1] "Data generated"
[1] "   Split: 1"
[1] "   Split: 2"
[1] "Estimates and SE estimates computed"
[1] ""
[[1]]
[[1]]$est
  delta        mu      mu_1      mu_0         de        se_1        se_0
1   0.5 0.4205801 0.1556079 0.6062003 -0.4505923 -0.05419806  0.08259004
2   1.0 0.3416201 0.2098060 0.5236102 -0.3138042  0.00000000  0.00000000
3   2.0 0.2698584 0.1982857 0.4722374 -0.2739517 -0.01152032 -0.05137288
           oe         te
1  0.07895998 -0.3680023
2  0.00000000 -0.3138042
3 -0.07176173 -0.3253246

[[1]]$se
  delta         mu       mu_1       mu_0         de       se_1       se_0
1   0.5 0.05297709 0.07444322 0.06011420 0.07581835 0.07204237 0.04981109
2   1.0 0.02151137 0.01879969 0.02854164 0.02527347 0.00000000 0.00000000
3   2.0 0.03699520 0.03745638 0.04408186 0.03202505 0.03032026 0.03734831
          oe         te
1 0.04860295 0.07797247
2 0.00000000 0.02527347
3 0.03048323 0.04028984


[1] "Total run time was 106.567 seconds"
