WARNING: ignoring environment value of R_HOME

Attaching package: ‘dplyr’

The following objects are masked from ‘package:stats’:

    filter, lag

The following objects are masked from ‘package:base’:

    intersect, setdiff, setequal, union

Loading required package: splines
Loading required package: foreach
Loaded gam 1.20.2

Super Learner
Version: 2.0-28
Package created on 2021-05-04

Loading required package: lattice
Loading required package: ggplot2
Loading required package: Matrix
Loaded glmnet 4.1-7
Loading required package: Formula
Loading required package: plotmo
Loading required package: plotrix
Loading required package: TeachingDemos
Loaded gbm 2.1.8.1

Attaching package: ‘xgboost’

The following object is masked from ‘package:dplyr’:

    slice

[1] "[Simulation setting]"
[1] "m: 100"
[1] "deltas: 0.5, 1, 2"
[1] "r: 500"
[1] "Sim.id 1"
[1] "Data generated"
[1] "   Split: 1"
[1] "   Split: 2"
[1] "Estimates and SE estimates computed"
[1] ""
[[1]]
[[1]]$est
  delta        mu      mu_1      mu_0         de        se_1        se_0
1   0.5 0.4345922 0.1983208 0.6188321 -0.4205113 -0.04452770 0.076480068
2   1.0 0.3628642 0.2428485 0.5423520 -0.2995036  0.00000000 0.000000000
3   2.0 0.2909131 0.2029780 0.5462176 -0.3432396 -0.03987044 0.003865534
           oe         te
1  0.07172791 -0.3440313
2  0.00000000 -0.2995036
3 -0.07195110 -0.3393740

[[1]]$se
  delta         mu       mu_1       mu_0         de       se_1       se_0
1   0.5 0.04114655 0.04681646 0.08414151 0.11849009 0.04098170 0.07875429
2   1.0 0.02392996 0.02274723 0.02815887 0.02415058 0.00000000 0.00000000
3   2.0 0.03195820 0.03069583 0.04648442 0.04208147 0.02054959 0.03596307
          oe         te
1 0.03503019 0.05000550
2 0.00000000 0.02415058
3 0.02082533 0.03169031


[1] "Total run time was 131.019 seconds"
