WARNING: ignoring environment value of R_HOME

Attaching package: ‘dplyr’

The following objects are masked from ‘package:stats’:

    filter, lag

The following objects are masked from ‘package:base’:

    intersect, setdiff, setequal, union

Loading required package: splines
Loading required package: foreach
Loaded gam 1.20.2

Super Learner
Version: 2.0-28
Package created on 2021-05-04

Loading required package: lattice
Loading required package: ggplot2
Loading required package: Matrix
Loaded glmnet 4.1-7
Loading required package: Formula
Loading required package: plotmo
Loading required package: plotrix
Loading required package: TeachingDemos
Loaded gbm 2.1.8.1

Attaching package: ‘xgboost’

The following object is masked from ‘package:dplyr’:

    slice

[1] "[Simulation setting]"
[1] "m: 100"
[1] "deltas: 0.5, 1, 2"
[1] "r: 500"
[1] "Sim.id 1"
[1] "Data generated"
[1] "   Split: 1"
[1] "   Split: 2"
[1] "Estimates and SE estimates computed"
[1] ""
[[1]]
[[1]]$est
  delta        mu      mu_1      mu_0         de        se_1        se_0
1   0.5 0.4339783 0.2034565 0.5870773 -0.3836208 -0.01073581  0.01675650
2   1.0 0.3673442 0.2141923 0.5703208 -0.3561285  0.00000000  0.00000000
3   2.0 0.2618064 0.1741381 0.4902306 -0.3160925 -0.04005418 -0.08009026
           oe         te
1  0.06663408 -0.3668644
2  0.00000000 -0.3561285
3 -0.10553789 -0.3961827

[[1]]$se
  delta         mu       mu_1       mu_0         de       se_1       se_0
1   0.5 0.02344429 0.02065238 0.03107074 0.02946487 0.01554910 0.02201837
2   1.0 0.02026764 0.01855530 0.02647322 0.02199677 0.00000000 0.00000000
3   2.0 0.03803322 0.03933675 0.03910652 0.03572378 0.03134911 0.03006908
          oe         te
1 0.01680105 0.02449187
2 0.00000000 0.02199677
3 0.02924529 0.04016567


[1] "Total run time was 100.386 seconds"
