WARNING: ignoring environment value of R_HOME

Attaching package: ‘dplyr’

The following objects are masked from ‘package:stats’:

    filter, lag

The following objects are masked from ‘package:base’:

    intersect, setdiff, setequal, union

Loading required package: splines
Loading required package: foreach
Loaded gam 1.20.2

Super Learner
Version: 2.0-28
Package created on 2021-05-04

Loading required package: lattice
Loading required package: ggplot2
Loading required package: Matrix
Loaded glmnet 4.1-7
Loading required package: Formula
Loading required package: plotmo
Loading required package: plotrix
Loading required package: TeachingDemos
Loaded gbm 2.1.8.1

Attaching package: ‘xgboost’

The following object is masked from ‘package:dplyr’:

    slice

[1] "[Simulation setting]"
[1] "m: 100"
[1] "deltas: 0.5, 1, 2"
[1] "r: 500"
[1] "Sim.id 1"
[1] "Data generated"
[1] "   Split: 1"
[1] "   Split: 2"
[1] "Estimates and SE estimates computed"
[1] ""
[[1]]
[[1]]$est
  delta        mu      mu_1      mu_0         de        se_1       se_0
1   0.5 0.4329812 0.2684502 0.5488934 -0.2804432  0.04860387 0.02888911
2   1.0 0.3461205 0.2198464 0.5200043 -0.3001579  0.00000000 0.00000000
3   2.0 0.2767345 0.1804271 0.5369277 -0.3565006 -0.03941927 0.01692336
           oe         te
1  0.08686069 -0.2515541
2  0.00000000 -0.3001579
3 -0.06938595 -0.3395772

[[1]]$se
  delta         mu       mu_1       mu_0         de       se_1       se_0
1   0.5 0.03111188 0.02886142 0.04132473 0.04241075 0.01975502 0.02928866
2   1.0 0.02405255 0.02266275 0.03026953 0.02832078 0.00000000 0.00000000
3   2.0 0.03207873 0.03385728 0.04631574 0.05000442 0.02436902 0.03334195
          oe         te
1 0.02143092 0.03366473
2 0.00000000 0.02832078
3 0.02158230 0.03833301


[1] "Total run time was 106.532 seconds"
