WARNING: ignoring environment value of R_HOME

Attaching package: ‘dplyr’

The following objects are masked from ‘package:stats’:

    filter, lag

The following objects are masked from ‘package:base’:

    intersect, setdiff, setequal, union

Loading required package: splines
Loading required package: foreach
Loaded gam 1.20.2

Super Learner
Version: 2.0-28
Package created on 2021-05-04

Loading required package: lattice
Loading required package: ggplot2
Loading required package: Matrix
Loaded glmnet 4.1-7
Loading required package: Formula
Loading required package: plotmo
Loading required package: plotrix
Loading required package: TeachingDemos
Loaded gbm 2.1.8.1

Attaching package: ‘xgboost’

The following object is masked from ‘package:dplyr’:

    slice

[1] "[Simulation setting]"
[1] "m: 100"
[1] "deltas: 0.5, 1, 2"
[1] "r: 500"
[1] "Sim.id 1"
[1] "Data generated"
[1] "   Split: 1"
[1] "   Split: 2"
[1] "Estimates and SE estimates computed"
[1] ""
[[1]]
[[1]]$est
  delta        mu      mu_1      mu_0         de        se_1        se_0
1   0.5 0.4119661 0.2432971 0.5230763 -0.2797791 -0.01442523 -0.01968126
2   1.0 0.3834159 0.2577224 0.5427576 -0.2850352  0.00000000  0.00000000
3   2.0 0.3749054 0.3214245 0.5257440 -0.2043196  0.06370210 -0.01701350
            oe         te
1  0.028550208 -0.2994604
2  0.000000000 -0.2850352
3 -0.008510555 -0.2213331

[[1]]$se
  delta         mu       mu_1       mu_0         de       se_1       se_0
1   0.5 0.02823892 0.02492878 0.04170914 0.04648427 0.01684952 0.03020117
2   1.0 0.02155992 0.02157282 0.02891954 0.02886429 0.00000000 0.00000000
3   2.0 0.04029021 0.05440144 0.04682471 0.06957046 0.04587903 0.03607952
          oe         te
1 0.02102945 0.03405887
2 0.00000000 0.02886429
3 0.03309551 0.05720424


[1] "Total run time was 88.779 seconds"
