WARNING: ignoring environment value of R_HOME

Attaching package: ‘dplyr’

The following objects are masked from ‘package:stats’:

    filter, lag

The following objects are masked from ‘package:base’:

    intersect, setdiff, setequal, union

Loading required package: splines
Loading required package: foreach
Loaded gam 1.20.2

Super Learner
Version: 2.0-28
Package created on 2021-05-04

Loading required package: lattice
Loading required package: ggplot2
Loading required package: Matrix
Loaded glmnet 4.1-7
Loading required package: Formula
Loading required package: plotmo
Loading required package: plotrix
Loading required package: TeachingDemos
Loaded gbm 2.1.8.1

Attaching package: ‘xgboost’

The following object is masked from ‘package:dplyr’:

    slice

[1] "[Simulation setting]"
[1] "m: 100"
[1] "deltas: 0.5, 1, 2"
[1] "r: 500"
[1] "Sim.id 1"
[1] "Data generated"
[1] "   Split: 1"
[1] "   Split: 2"
[1] "Estimates and SE estimates computed"
[1] ""
[[1]]
[[1]]$est
  delta        mu      mu_1      mu_0         de         se_1         se_0
1   0.5 0.4043714 0.2094028 0.5232178 -0.3138150 -0.007687027  0.004359076
2   1.0 0.3538300 0.2170898 0.5188587 -0.3017689  0.000000000  0.000000000
3   2.0 0.2871554 0.2132347 0.4665876 -0.2533530 -0.003855164 -0.052271110
           oe         te
1  0.05054145 -0.3094560
2  0.00000000 -0.3017689
3 -0.06667458 -0.3056241

[[1]]$se
  delta         mu       mu_1       mu_0         de       se_1       se_0
1   0.5 0.03888794 0.03088053 0.05035226 0.04537786 0.02164043 0.03504029
2   1.0 0.02178652 0.02083814 0.02751759 0.02431912 0.00000000 0.00000000
3   2.0 0.02564568 0.02510462 0.03292567 0.02922069 0.01832385 0.02545734
          oe         te
1 0.02859636 0.03113581
2 0.00000000 0.02431912
3 0.01937026 0.03170067


[1] "Total run time was 151.248 seconds"
