WARNING: ignoring environment value of R_HOME

Attaching package: ‘dplyr’

The following objects are masked from ‘package:stats’:

    filter, lag

The following objects are masked from ‘package:base’:

    intersect, setdiff, setequal, union

Loading required package: splines
Loading required package: foreach
Loaded gam 1.20.2

Super Learner
Version: 2.0-28
Package created on 2021-05-04

Loading required package: lattice
Loading required package: ggplot2
Loading required package: Matrix
Loaded glmnet 4.1-7
Loading required package: Formula
Loading required package: plotmo
Loading required package: plotrix
Loading required package: TeachingDemos
Loaded gbm 2.1.8.1

Attaching package: ‘xgboost’

The following object is masked from ‘package:dplyr’:

    slice

[1] "[Simulation setting]"
[1] "m: 100"
[1] "deltas: 0.5, 1, 2"
[1] "r: 500"
[1] "Sim.id 1"
[1] "Data generated"
[1] "   Split: 1"
[1] "   Split: 2"
[1] "Estimates and SE estimates computed"
[1] ""
[[1]]
[[1]]$est
  delta        mu      mu_1      mu_0         de        se_1        se_0
1   0.5 0.4057956 0.2145662 0.5353596 -0.3207933 0.007704552 0.011529816
2   1.0 0.3398432 0.2068617 0.5238298 -0.3169681 0.000000000 0.000000000
3   2.0 0.3703280 0.3099703 0.5309996 -0.2210293 0.103108594 0.007169839
          oe         te
1 0.06595246 -0.3092635
2 0.00000000 -0.3169681
3 0.03048483 -0.2138595

[[1]]$se
  delta         mu       mu_1       mu_0         de       se_1       se_0
1   0.5 0.02475718 0.02153338 0.03098382 0.02619252 0.01653206 0.02192029
2   1.0 0.01968455 0.01845228 0.02631190 0.02412853 0.00000000 0.00000000
3   2.0 0.08656906 0.11429315 0.03857484 0.10813723 0.10701268 0.02853747
          oe         te
1 0.01716104 0.02379133
2 0.00000000 0.02412853
3 0.08132031 0.11288632


[1] "Total run time was 169.227 seconds"
