WARNING: ignoring environment value of R_HOME

Attaching package: ‘dplyr’

The following objects are masked from ‘package:stats’:

    filter, lag

The following objects are masked from ‘package:base’:

    intersect, setdiff, setequal, union

Loading required package: splines
Loading required package: foreach
Loaded gam 1.20.2

Super Learner
Version: 2.0-28
Package created on 2021-05-04

Loading required package: lattice
Loading required package: ggplot2
Loading required package: Matrix
Loaded glmnet 4.1-7
Loading required package: Formula
Loading required package: plotmo
Loading required package: plotrix
Loading required package: TeachingDemos
Loaded gbm 2.1.8.1

Attaching package: ‘xgboost’

The following object is masked from ‘package:dplyr’:

    slice

[1] "[Simulation setting]"
[1] "m: 100"
[1] "deltas: 0.5, 1, 2"
[1] "r: 500"
[1] "Sim.id 1"
[1] "Data generated"
[1] "   Split: 1"
[1] "   Split: 2"
[1] "Estimates and SE estimates computed"
[1] ""
[[1]]
[[1]]$est
  delta        mu      mu_1      mu_0         de        se_1        se_0
1   0.5 0.4120481 0.2386886 0.5323788 -0.2936901  0.03416571  0.03743555
2   1.0 0.3259203 0.2045229 0.4949432 -0.2904203  0.00000000  0.00000000
3   2.0 0.2618948 0.1837477 0.4752813 -0.2915336 -0.02077521 -0.01966190
           oe         te
1  0.08612782 -0.2562546
2  0.00000000 -0.2904203
3 -0.06402550 -0.3111955

[[1]]$se
  delta         mu       mu_1       mu_0         de       se_1       se_0
1   0.5 0.02429125 0.02816264 0.02795903 0.03289747 0.01787992 0.01811003
2   1.0 0.02174377 0.02025836 0.02702359 0.02486422 0.00000000 0.00000000
3   2.0 0.02333376 0.02088336 0.03627925 0.03323727 0.01392443 0.02494060
          oe         te
1 0.01423185 0.03250662
2 0.00000000 0.02486422
3 0.01513754 0.02769686


[1] "Total run time was 174.339 seconds"
