WARNING: ignoring environment value of R_HOME

Attaching package: ‘dplyr’

The following objects are masked from ‘package:stats’:

    filter, lag

The following objects are masked from ‘package:base’:

    intersect, setdiff, setequal, union

Loading required package: splines
Loading required package: foreach
Loaded gam 1.20.2

Super Learner
Version: 2.0-28
Package created on 2021-05-04

Loading required package: lattice
Loading required package: ggplot2
Loading required package: Matrix
Loaded glmnet 4.1-7
Loading required package: Formula
Loading required package: plotmo
Loading required package: plotrix
Loading required package: TeachingDemos
Loaded gbm 2.1.8.1

Attaching package: ‘xgboost’

The following object is masked from ‘package:dplyr’:

    slice

[1] "[Simulation setting]"
[1] "m: 100"
[1] "deltas: 0.5, 1, 2"
[1] "r: 500"
[1] "Sim.id 1"
[1] "Data generated"
[1] "   Split: 1"
[1] "   Split: 2"
[1] "Estimates and SE estimates computed"
[1] ""
[[1]]
[[1]]$est
  delta        mu      mu_1      mu_0         de         se_1        se_0
1   0.5 0.4026910 0.2352745 0.5164161 -0.2811416 -0.008643908 -0.01118909
2   1.0 0.3655128 0.2439184 0.5276052 -0.2836868  0.000000000  0.00000000
3   2.0 0.3175945 0.2536983 0.5039058 -0.2502075  0.009779921 -0.02369935
           oe         te
1  0.03717820 -0.2923307
2  0.00000000 -0.2836868
3 -0.04791827 -0.2739069

[[1]]$se
  delta         mu       mu_1       mu_0         de       se_1       se_0
1   0.5 0.02664683 0.02846201 0.03154053 0.03065705 0.01913894 0.01785396
2   1.0 0.02426331 0.02347728 0.02976055 0.02333079 0.00000000 0.00000000
3   2.0 0.03524754 0.04095498 0.04270181 0.05009076 0.02979105 0.03045915
          oe         te
1 0.01534062 0.02869569
2 0.00000000 0.02333079
3 0.02406439 0.03912513


[1] "Total run time was 155.101 seconds"
