WARNING: ignoring environment value of R_HOME

Attaching package: ‘dplyr’

The following objects are masked from ‘package:stats’:

    filter, lag

The following objects are masked from ‘package:base’:

    intersect, setdiff, setequal, union

Loading required package: splines
Loading required package: foreach
Loaded gam 1.20.2

Super Learner
Version: 2.0-28
Package created on 2021-05-04

Loading required package: lattice
Loading required package: ggplot2
Loading required package: Matrix
Loaded glmnet 4.1-7
Loading required package: Formula
Loading required package: plotmo
Loading required package: plotrix
Loading required package: TeachingDemos
Loaded gbm 2.1.8.1

Attaching package: ‘xgboost’

The following object is masked from ‘package:dplyr’:

    slice

[1] "[Simulation setting]"
[1] "m: 100"
[1] "deltas: 0.5, 1, 2"
[1] "r: 500"
[1] "Sim.id 1"
[1] "Data generated"
[1] "   Split: 1"
[1] "   Split: 2"
[1] "Estimates and SE estimates computed"
[1] ""
[[1]]
[[1]]$est
  delta        mu      mu_1      mu_0         de         se_1        se_0
1   0.5 0.3805977 0.1967826 0.4925536 -0.2957710 -0.004389058  0.04295656
2   1.0 0.3151111 0.2011717 0.4495971 -0.2484254  0.000000000  0.00000000
3   2.0 0.2443190 0.1713387 0.4146531 -0.2433143 -0.029832940 -0.03494400
           oe         te
1  0.06548653 -0.2528145
2  0.00000000 -0.2484254
3 -0.07079215 -0.2782583

[[1]]$se
  delta         mu       mu_1       mu_0         de       se_1       se_0
1   0.5 0.02421735 0.02285267 0.02938900 0.03045436 0.01591734 0.01796052
2   1.0 0.02115920 0.01950023 0.02631717 0.02241419 0.00000000 0.00000000
3   2.0 0.03095806 0.03182514 0.03632817 0.03407328 0.02404084 0.02286709
          oe         te
1 0.01540751 0.02764185
2 0.00000000 0.02241419
3 0.02141953 0.03288773


[1] "Total run time was 174.006 seconds"
