WARNING: ignoring environment value of R_HOME

Attaching package: ‘dplyr’

The following objects are masked from ‘package:stats’:

    filter, lag

The following objects are masked from ‘package:base’:

    intersect, setdiff, setequal, union

Loading required package: splines
Loading required package: foreach
Loaded gam 1.20.2

Super Learner
Version: 2.0-28
Package created on 2021-05-04

Loading required package: lattice
Loading required package: ggplot2
Loading required package: Matrix
Loaded glmnet 4.1-7
Loading required package: Formula
Loading required package: plotmo
Loading required package: plotrix
Loading required package: TeachingDemos
Loaded gbm 2.1.8.1

Attaching package: ‘xgboost’

The following object is masked from ‘package:dplyr’:

    slice

[1] "[Simulation setting]"
[1] "m: 100"
[1] "deltas: 0.5, 1, 2"
[1] "r: 500"
[1] "Sim.id 1"
[1] "Data generated"
[1] "   Split: 1"
[1] "   Split: 2"
[1] "Estimates and SE estimates computed"
[1] ""
[[1]]
[[1]]$est
  delta        mu      mu_1      mu_0         de        se_1       se_0
1   0.5 0.4499481 0.2446050 0.5714463 -0.3268413 0.009297142 0.02333922
2   1.0 0.3783544 0.2353079 0.5481071 -0.3127992 0.000000000 0.00000000
3   2.0 0.3510170 0.2577240 0.5724679 -0.3147439 0.022416115 0.02436078
           oe         te
1  0.07159366 -0.3035021
2  0.00000000 -0.3127992
3 -0.02733740 -0.2903831

[[1]]$se
  delta         mu       mu_1       mu_0         de       se_1       se_0
1   0.5 0.02563454 0.02664888 0.02884975 0.02669600 0.02083340 0.01782350
2   1.0 0.02104658 0.02191901 0.02588602 0.02607080 0.00000000 0.00000000
3   2.0 0.04583873 0.05146273 0.04390911 0.03884193 0.04145361 0.03684304
          oe         te
1 0.01723214 0.02697167
2 0.00000000 0.02607080
3 0.03949650 0.05411111


[1] "Total run time was 179.714 seconds"
