WARNING: ignoring environment value of R_HOME

Attaching package: ‘dplyr’

The following objects are masked from ‘package:stats’:

    filter, lag

The following objects are masked from ‘package:base’:

    intersect, setdiff, setequal, union

Loading required package: splines
Loading required package: foreach
Loaded gam 1.20.2

Super Learner
Version: 2.0-28
Package created on 2021-05-04

Loading required package: lattice
Loading required package: ggplot2
Loading required package: Matrix
Loaded glmnet 4.1-7
Loading required package: Formula
Loading required package: plotmo
Loading required package: plotrix
Loading required package: TeachingDemos
Loaded gbm 2.1.8.1

Attaching package: ‘xgboost’

The following object is masked from ‘package:dplyr’:

    slice

[1] "[Simulation setting]"
[1] "m: 100"
[1] "deltas: 0.5, 1, 2"
[1] "r: 500"
[1] "Sim.id 1"
[1] "Data generated"
[1] "   Split: 1"
[1] "   Split: 2"
[1] "Estimates and SE estimates computed"
[1] ""
[[1]]
[[1]]$est
  delta        mu      mu_1      mu_0         de        se_1        se_0
1   0.5 0.4699867 0.2673475 0.6176072 -0.3502597  0.03533859  0.05970679
2   1.0 0.3625353 0.2320089 0.5579004 -0.3258915  0.00000000  0.00000000
3   2.0 0.2699096 0.2081586 0.4829739 -0.2748153 -0.02385027 -0.07492644
           oe         te
1  0.10745138 -0.2905529
2  0.00000000 -0.3258915
3 -0.09262565 -0.3497418

[[1]]$se
  delta         mu       mu_1       mu_0         de       se_1       se_0
1   0.5 0.03043035 0.02687775 0.03874377 0.03363525 0.02091605 0.02805031
2   1.0 0.02104888 0.01965813 0.02757002 0.02591318 0.00000000 0.00000000
3   2.0 0.02832552 0.02938737 0.04711998 0.04925402 0.01879170 0.03633911
          oe         te
1 0.02240347 0.03157055
2 0.00000000 0.02591318
3 0.01720623 0.03199320


[1] "Total run time was 143.711 seconds"
