WARNING: ignoring environment value of R_HOME

Attaching package: ‘dplyr’

The following objects are masked from ‘package:stats’:

    filter, lag

The following objects are masked from ‘package:base’:

    intersect, setdiff, setequal, union

Loading required package: splines
Loading required package: foreach
Loaded gam 1.20.2

Super Learner
Version: 2.0-28
Package created on 2021-05-04

Loading required package: lattice
Loading required package: ggplot2
Loading required package: Matrix
Loaded glmnet 4.1-7
Loading required package: Formula
Loading required package: plotmo
Loading required package: plotrix
Loading required package: TeachingDemos
Loaded gbm 2.1.8.1

Attaching package: ‘xgboost’

The following object is masked from ‘package:dplyr’:

    slice

[1] "[Simulation setting]"
[1] "m: 100"
[1] "deltas: 0.5, 1, 2"
[1] "r: 500"
[1] "Sim.id 1"
[1] "Data generated"
[1] "   Split: 1"
[1] "   Split: 2"
[1] "Estimates and SE estimates computed"
[1] ""
[[1]]
[[1]]$est
  delta        mu      mu_1      mu_0         de        se_1         se_0
1   0.5 0.4113232 0.2315903 0.5413443 -0.3097540 -0.03990571  0.004661659
2   1.0 0.3809127 0.2714960 0.5366826 -0.2651867  0.00000000  0.000000000
3   2.0 0.3168618 0.2464845 0.5008813 -0.2543968 -0.02501148 -0.035801326
           oe         te
1  0.03041054 -0.3050924
2  0.00000000 -0.2651867
3 -0.06405083 -0.2901981

[[1]]$se
  delta         mu       mu_1       mu_0         de       se_1       se_0
1   0.5 0.02464150 0.02527381 0.03116112 0.03195884 0.01845172 0.02029783
2   1.0 0.02231518 0.02063859 0.03060600 0.02581123 0.00000000 0.00000000
3   2.0 0.03125305 0.03261870 0.04259107 0.04179888 0.02324499 0.03140950
          oe         te
1 0.01545959 0.02985109
2 0.00000000 0.02581123
3 0.02257749 0.03802788


[1] "Total run time was 178.9 seconds"
