WARNING: ignoring environment value of R_HOME

Attaching package: ‘dplyr’

The following objects are masked from ‘package:stats’:

    filter, lag

The following objects are masked from ‘package:base’:

    intersect, setdiff, setequal, union

Loading required package: splines
Loading required package: foreach
Loaded gam 1.20.2

Super Learner
Version: 2.0-28
Package created on 2021-05-04

Loading required package: lattice
Loading required package: ggplot2
Loading required package: Matrix
Loaded glmnet 4.1-7
Loading required package: Formula
Loading required package: plotmo
Loading required package: plotrix
Loading required package: TeachingDemos
Loaded gbm 2.1.8.1

Attaching package: ‘xgboost’

The following object is masked from ‘package:dplyr’:

    slice

[1] "[Simulation setting]"
[1] "m: 100"
[1] "deltas: 0.5, 1, 2"
[1] "r: 500"
[1] "Sim.id 1"
[1] "Data generated"
[1] "   Split: 1"
[1] "   Split: 2"
[1] "Estimates and SE estimates computed"
[1] ""
[[1]]
[[1]]$est
  delta        mu      mu_1      mu_0         de         se_1        se_0
1   0.5 0.4305112 0.2421045 0.5445429 -0.3024384  0.014135990 -0.04354823
2   1.0 0.3780151 0.2279685 0.5880911 -0.3601227  0.000000000  0.00000000
3   2.0 0.3202263 0.2233912 0.6001997 -0.3768085 -0.004577256  0.01210858
           oe         te
1  0.05249614 -0.3459867
2  0.00000000 -0.3601227
3 -0.05778881 -0.3646999

[[1]]$se
  delta         mu       mu_1       mu_0         de       se_1       se_0
1   0.5 0.03438157 0.04352102 0.04848721 0.05342500 0.03790537 0.03929932
2   1.0 0.01970667 0.01999905 0.02859258 0.03107883 0.00000000 0.00000000
3   2.0 0.02908774 0.03305317 0.03968815 0.05118537 0.02352282 0.03061821
          oe         te
1 0.02890972 0.04785282
2 0.00000000 0.03107883
3 0.02057468 0.04119113


[1] "Total run time was 103.388 seconds"
