WARNING: ignoring environment value of R_HOME

Attaching package: ‘dplyr’

The following objects are masked from ‘package:stats’:

    filter, lag

The following objects are masked from ‘package:base’:

    intersect, setdiff, setequal, union

Loading required package: splines
Loading required package: foreach
Loaded gam 1.20.2

Super Learner
Version: 2.0-28
Package created on 2021-05-04

Loading required package: lattice
Loading required package: ggplot2
Loading required package: Matrix
Loaded glmnet 4.1-7
Loading required package: Formula
Loading required package: plotmo
Loading required package: plotrix
Loading required package: TeachingDemos
Loaded gbm 2.1.8.1

Attaching package: ‘xgboost’

The following object is masked from ‘package:dplyr’:

    slice

[1] "[Simulation setting]"
[1] "m: 100"
[1] "deltas: 0.5, 1, 2"
[1] "r: 500"
[1] "Sim.id 1"
[1] "Data generated"
[1] "   Split: 1"
[1] "   Split: 2"
[1] "Estimates and SE estimates computed"
[1] ""
[[1]]
[[1]]$est
  delta        mu      mu_1      mu_0         de        se_1        se_0
1   0.5 0.4242326 0.2586460 0.5356558 -0.2770097  0.03149654  0.03027602
2   1.0 0.3448431 0.2271495 0.5053797 -0.2782302  0.00000000  0.00000000
3   2.0 0.2822802 0.2025054 0.4940470 -0.2915417 -0.02464414 -0.01133270
           oe         te
1  0.07938957 -0.2467337
2  0.00000000 -0.2782302
3 -0.06256288 -0.3028744

[[1]]$se
  delta         mu       mu_1       mu_0         de       se_1       se_0
1   0.5 0.02768754 0.02169066 0.03805658 0.03729758 0.01188165 0.02494587
2   1.0 0.02145109 0.02023406 0.02728257 0.02506397 0.00000000 0.00000000
3   2.0 0.02381666 0.02389791 0.03547315 0.03492991 0.01341952 0.02508076
          oe         te
1 0.01701167 0.02492961
2 0.00000000 0.02506397
3 0.01368283 0.02879354


[1] "Total run time was 97.218 seconds"
