WARNING: ignoring environment value of R_HOME

Attaching package: ‘dplyr’

The following objects are masked from ‘package:stats’:

    filter, lag

The following objects are masked from ‘package:base’:

    intersect, setdiff, setequal, union

Loading required package: splines
Loading required package: foreach
Loaded gam 1.20.2

Super Learner
Version: 2.0-28
Package created on 2021-05-04

Loading required package: lattice
Loading required package: ggplot2
Loading required package: Matrix
Loaded glmnet 4.1-7
Loading required package: Formula
Loading required package: plotmo
Loading required package: plotrix
Loading required package: TeachingDemos
Loaded gbm 2.1.8.1

Attaching package: ‘xgboost’

The following object is masked from ‘package:dplyr’:

    slice

[1] "[Simulation setting]"
[1] "m: 100"
[1] "deltas: 0.5, 1, 2"
[1] "r: 500"
[1] "Sim.id 1"
[1] "Data generated"
[1] "   Split: 1"
[1] "   Split: 2"
[1] "Estimates and SE estimates computed"
[1] ""
[[1]]
[[1]]$est
  delta        mu      mu_1      mu_0         de       se_1       se_0
1   0.5 0.4998587 0.3395467 0.6017556 -0.2622089 0.02281875 0.03215104
2   1.0 0.4291896 0.3167279 0.5696046 -0.2528766 0.00000000 0.00000000
3   2.0 0.4325093 0.3614306 0.5977542 -0.2363236 0.04470268 0.02814968
           oe         te
1 0.070669135 -0.2300579
2 0.000000000 -0.2528766
3 0.003319738 -0.2081739

[[1]]$se
  delta         mu       mu_1       mu_0         de       se_1       se_0
1   0.5 0.02867940 0.03118911 0.03321884 0.03555939 0.01910156 0.02025327
2   1.0 0.02310682 0.02322393 0.02700028 0.02292451 0.00000000 0.00000000
3   2.0 0.04268141 0.04653214 0.04067181 0.03676707 0.03994446 0.03610729
          oe         te
1 0.01699615 0.02904490
2 0.00000000 0.02292451
3 0.03887632 0.04972687


[1] "Total run time was 167.972 seconds"
