WARNING: ignoring environment value of R_HOME

Attaching package: ‘dplyr’

The following objects are masked from ‘package:stats’:

    filter, lag

The following objects are masked from ‘package:base’:

    intersect, setdiff, setequal, union

Loading required package: splines
Loading required package: foreach
Loaded gam 1.20.2

Super Learner
Version: 2.0-28
Package created on 2021-05-04

Loading required package: lattice
Loading required package: ggplot2
Loading required package: Matrix
Loaded glmnet 4.1-7
Loading required package: Formula
Loading required package: plotmo
Loading required package: plotrix
Loading required package: TeachingDemos
Loaded gbm 2.1.8.1

Attaching package: ‘xgboost’

The following object is masked from ‘package:dplyr’:

    slice

[1] "[Simulation setting]"
[1] "m: 100"
[1] "deltas: 0.5, 1, 2"
[1] "r: 500"
[1] "Sim.id 1"
[1] "Data generated"
[1] "   Split: 1"
[1] "   Split: 2"
[1] "Estimates and SE estimates computed"
[1] ""
[[1]]
[[1]]$est
  delta        mu      mu_1      mu_0         de         se_1        se_0
1   0.5 0.4388040 0.2686933 0.5547456 -0.2860523 -0.003603947 -0.01610474
2   1.0 0.3965952 0.2722973 0.5708503 -0.2985531  0.000000000  0.00000000
3   2.0 0.3188193 0.2292518 0.5824531 -0.3532013 -0.043045423  0.01160278
           oe         te
1  0.04220876 -0.3021570
2  0.00000000 -0.2985531
3 -0.07777598 -0.3415985

[[1]]$se
  delta         mu       mu_1       mu_0         de       se_1       se_0
1   0.5 0.02200598 0.02605808 0.03135322 0.03791225 0.01810729 0.02385901
2   1.0 0.01940154 0.01987603 0.02460006 0.02352890 0.00000000 0.00000000
3   2.0 0.02727017 0.02895919 0.03471104 0.03718079 0.02213879 0.02644132
          oe         te
1 0.01561872 0.02914545
2 0.00000000 0.02352890
3 0.02079411 0.03429996


[1] "Total run time was 116.088 seconds"
