WARNING: ignoring environment value of R_HOME

Attaching package: ‘dplyr’

The following objects are masked from ‘package:stats’:

    filter, lag

The following objects are masked from ‘package:base’:

    intersect, setdiff, setequal, union

Loading required package: splines
Loading required package: foreach
Loaded gam 1.20.2

Super Learner
Version: 2.0-28
Package created on 2021-05-04

Loading required package: lattice
Loading required package: ggplot2
Loading required package: Matrix
Loaded glmnet 4.1-7
Loading required package: Formula
Loading required package: plotmo
Loading required package: plotrix
Loading required package: TeachingDemos
Loaded gbm 2.1.8.1

Attaching package: ‘xgboost’

The following object is masked from ‘package:dplyr’:

    slice

[1] "[Simulation setting]"
[1] "m: 100"
[1] "deltas: 0.5, 1, 2"
[1] "r: 500"
[1] "Sim.id 1"
[1] "Data generated"
[1] "   Split: 1"
[1] "   Split: 2"
[1] "Estimates and SE estimates computed"
[1] ""
[[1]]
[[1]]$est
  delta        mu      mu_1      mu_0         de         se_1        se_0
1   0.5 0.3753840 0.2313584 0.4870333 -0.2556749 -0.019489121 -0.06717681
2   1.0 0.3750643 0.2508475 0.5542101 -0.3033626  0.000000000  0.00000000
3   2.0 0.3246580 0.2550154 0.5141339 -0.2591185  0.004167924 -0.04007621
             oe         te
1  0.0003196267 -0.3228517
2  0.0000000000 -0.3033626
3 -0.0504062998 -0.2991947

[[1]]$se
  delta         mu       mu_1       mu_0         de       se_1       se_0
1   0.5 0.10370624 0.05795245 0.13400201 0.08381477 0.05353443 0.12949878
2   1.0 0.02252277 0.02082345 0.02910131 0.02441722 0.00000000 0.00000000
3   2.0 0.02804766 0.02869583 0.03514297 0.03075787 0.01970899 0.02441882
          oe         te
1 0.10040122 0.05703276
2 0.00000000 0.02441722
3 0.02023196 0.03340447


[1] "Total run time was 153.57 seconds"
