WARNING: ignoring environment value of R_HOME

Attaching package: ‘dplyr’

The following objects are masked from ‘package:stats’:

    filter, lag

The following objects are masked from ‘package:base’:

    intersect, setdiff, setequal, union

Loading required package: splines
Loading required package: foreach
Loaded gam 1.20.2

Super Learner
Version: 2.0-28
Package created on 2021-05-04

Loading required package: lattice
Loading required package: ggplot2
Loading required package: Matrix
Loaded glmnet 4.1-7
Loading required package: Formula
Loading required package: plotmo
Loading required package: plotrix
Loading required package: TeachingDemos
Loaded gbm 2.1.8.1

Attaching package: ‘xgboost’

The following object is masked from ‘package:dplyr’:

    slice

[1] "[Simulation setting]"
[1] "m: 100"
[1] "deltas: 0.5, 1, 2"
[1] "r: 500"
[1] "Sim.id 1"
[1] "Data generated"
[1] "   Split: 1"
[1] "   Split: 2"
[1] "Estimates and SE estimates computed"
[1] ""
[[1]]
[[1]]$est
  delta        mu      mu_1      mu_0         de       se_1        se_0
1   0.5 0.4332978 0.2816390 0.5259559 -0.2443168  0.0206605  0.02017352
2   1.0 0.3701716 0.2609785 0.5057823 -0.2448038  0.0000000  0.00000000
3   2.0 0.2891308 0.2302053 0.4424235 -0.2122181 -0.0307732 -0.06335889
           oe         te
1  0.06312620 -0.2241433
2  0.00000000 -0.2448038
3 -0.08104074 -0.2755770

[[1]]$se
  delta         mu       mu_1       mu_0         de       se_1       se_0
1   0.5 0.02892402 0.02787780 0.03781287 0.04024836 0.01734637 0.02668259
2   1.0 0.02304620 0.02381477 0.02752063 0.02652923 0.00000000 0.00000000
3   2.0 0.02313086 0.02467491 0.03703556 0.04052639 0.01538026 0.02419295
          oe         te
1 0.02012673 0.02907071
2 0.00000000 0.02652923
3 0.01403796 0.03060100


[1] "Total run time was 129.566 seconds"
