WARNING: ignoring environment value of R_HOME

Attaching package: ‘dplyr’

The following objects are masked from ‘package:stats’:

    filter, lag

The following objects are masked from ‘package:base’:

    intersect, setdiff, setequal, union

Loading required package: splines
Loading required package: foreach
Loaded gam 1.20.2

Super Learner
Version: 2.0-28
Package created on 2021-05-04

Loading required package: lattice
Loading required package: ggplot2
Loading required package: Matrix
Loaded glmnet 4.1-7
Loading required package: Formula
Loading required package: plotmo
Loading required package: plotrix
Loading required package: TeachingDemos
Loaded gbm 2.1.8.1

Attaching package: ‘xgboost’

The following object is masked from ‘package:dplyr’:

    slice

[1] "[Simulation setting]"
[1] "m: 100"
[1] "deltas: 0.5, 1, 2"
[1] "r: 500"
[1] "Sim.id 1"
[1] "Data generated"
[1] "   Split: 1"
[1] "   Split: 2"
[1] "Estimates and SE estimates computed"
[1] ""
[[1]]
[[1]]$est
  delta        mu      mu_1      mu_0         de        se_1         se_0
1   0.5 0.4045937 0.2321852 0.5224449 -0.2902597 -0.01714873 -0.008639283
2   1.0 0.3687207 0.2493340 0.5310842 -0.2817502  0.00000000  0.000000000
3   2.0 0.3330065 0.2769633 0.4795763 -0.2026129  0.02762936 -0.051507949
           oe         te
1  0.03587294 -0.2988990
2  0.00000000 -0.2817502
3 -0.03571424 -0.2541209

[[1]]$se
  delta         mu       mu_1       mu_0         de       se_1       se_0
1   0.5 0.02643479 0.02715234 0.03539731 0.03921139 0.01905815 0.02364723
2   1.0 0.02186976 0.02344866 0.02885549 0.02986872 0.00000000 0.00000000
3   2.0 0.03234594 0.03929737 0.03542419 0.04991452 0.02720856 0.02371711
          oe         te
1 0.01623167 0.03450201
2 0.00000000 0.02986872
3 0.02421391 0.04439934


[1] "Total run time was 165.96 seconds"
