WARNING: ignoring environment value of R_HOME

Attaching package: ‘dplyr’

The following objects are masked from ‘package:stats’:

    filter, lag

The following objects are masked from ‘package:base’:

    intersect, setdiff, setequal, union

Loading required package: splines
Loading required package: foreach
Loaded gam 1.20.2

Super Learner
Version: 2.0-28
Package created on 2021-05-04

Loading required package: lattice
Loading required package: ggplot2
Loading required package: Matrix
Loaded glmnet 4.1-7
Loading required package: Formula
Loading required package: plotmo
Loading required package: plotrix
Loading required package: TeachingDemos
Loaded gbm 2.1.8.1

Attaching package: ‘xgboost’

The following object is masked from ‘package:dplyr’:

    slice

[1] "[Simulation setting]"
[1] "m: 100"
[1] "deltas: 0.5, 1, 2"
[1] "r: 500"
[1] "Sim.id 1"
[1] "Data generated"
[1] "   Split: 1"
[1] "   Split: 2"
[1] "Estimates and SE estimates computed"
[1] ""
[[1]]
[[1]]$est
  delta        mu      mu_1      mu_0         de        se_1        se_0
1   0.5 0.4476208 0.2676311 0.5645916 -0.2969605  0.01140453  0.04121666
2   1.0 0.3733568 0.2562265 0.5233750 -0.2671484  0.00000000  0.00000000
3   2.0 0.3078449 0.2350667 0.5001422 -0.2650755 -0.02115982 -0.02323272
           oe         te
1  0.07426395 -0.2557439
2  0.00000000 -0.2671484
3 -0.06551195 -0.2883082

[[1]]$se
  delta         mu       mu_1       mu_0         de       se_1       se_0
1   0.5 0.02361930 0.02799554 0.03793934 0.04911701 0.02080207 0.02307248
2   1.0 0.02054713 0.02112558 0.03010812 0.02900989 0.00000000 0.00000000
3   2.0 0.02624220 0.02805784 0.03789349 0.03963355 0.01904574 0.02831314
          oe         te
1 0.01576846 0.03789016
2 0.00000000 0.02900989
3 0.01782527 0.03364817


[1] "Total run time was 118.327 seconds"
