WARNING: ignoring environment value of R_HOME

Attaching package: ‘dplyr’

The following objects are masked from ‘package:stats’:

    filter, lag

The following objects are masked from ‘package:base’:

    intersect, setdiff, setequal, union

Loading required package: splines
Loading required package: foreach
Loaded gam 1.20.2

Super Learner
Version: 2.0-28
Package created on 2021-05-04

Loading required package: lattice
Loading required package: ggplot2
Loading required package: Matrix
Loaded glmnet 4.1-7
Loading required package: Formula
Loading required package: plotmo
Loading required package: plotrix
Loading required package: TeachingDemos
Loaded gbm 2.1.8.1

Attaching package: ‘xgboost’

The following object is masked from ‘package:dplyr’:

    slice

[1] "[Simulation setting]"
[1] "m: 100"
[1] "deltas: 0.5, 1, 2"
[1] "r: 500"
[1] "Sim.id 1"
[1] "Data generated"
[1] "   Split: 1"
[1] "   Split: 2"
[1] "Estimates and SE estimates computed"
[1] ""
[[1]]
[[1]]$est
  delta        mu      mu_1      mu_0         de         se_1        se_0
1   0.5 0.4046319 0.2398233 0.5198049 -0.2799817  0.009925576 -0.02797562
2   1.0 0.3614738 0.2298977 0.5477806 -0.3178829  0.000000000  0.00000000
3   2.0 0.3085248 0.2220750 0.5588256 -0.3367506 -0.007822695  0.01104505
           oe         te
1  0.04315813 -0.3079573
2  0.00000000 -0.3178829
3 -0.05294900 -0.3257056

[[1]]$se
  delta         mu       mu_1       mu_0         de       se_1       se_0
1   0.5 0.02398210 0.02473086 0.03174738 0.03410002 0.01696147 0.02155093
2   1.0 0.02044768 0.02075398 0.02678946 0.02707519 0.00000000 0.00000000
3   2.0 0.02914094 0.03119642 0.03791211 0.04150361 0.02296775 0.02444951
          oe         te
1 0.01598690 0.03118965
2 0.00000000 0.02707519
3 0.02103372 0.03590073


[1] "Total run time was 89.205 seconds"
