WARNING: ignoring environment value of R_HOME

Attaching package: ‘dplyr’

The following objects are masked from ‘package:stats’:

    filter, lag

The following objects are masked from ‘package:base’:

    intersect, setdiff, setequal, union

Loading required package: splines
Loading required package: foreach
Loaded gam 1.20.2

Super Learner
Version: 2.0-28
Package created on 2021-05-04

Loading required package: lattice
Loading required package: ggplot2
Loading required package: Matrix
Loaded glmnet 4.1-7
Loading required package: Formula
Loading required package: plotmo
Loading required package: plotrix
Loading required package: TeachingDemos
Loaded gbm 2.1.8.1

Attaching package: ‘xgboost’

The following object is masked from ‘package:dplyr’:

    slice

[1] "[Simulation setting]"
[1] "m: 100"
[1] "deltas: 0.5, 1, 2"
[1] "r: 500"
[1] "Sim.id 1"
[1] "Data generated"
[1] "   Split: 1"
[1] "   Split: 2"
[1] "Estimates and SE estimates computed"
[1] ""
[[1]]
[[1]]$est
  delta        mu      mu_1      mu_0         de       se_1         se_0
1   0.5 0.4087667 0.2387446 0.5368319 -0.2980873 0.01425295  0.002208873
2   1.0 0.3513406 0.2244917 0.5346230 -0.3101313 0.00000000  0.000000000
3   2.0 0.3041832 0.2383714 0.4881461 -0.2497746 0.01387973 -0.046476967
           oe         te
1  0.05742602 -0.2958784
2  0.00000000 -0.3101313
3 -0.04715747 -0.2962516

[[1]]$se
  delta         mu       mu_1       mu_0         de       se_1       se_0
1   0.5 0.02579883 0.02762779 0.03119650 0.03507723 0.01862584 0.02051780
2   1.0 0.01862129 0.01923320 0.02473648 0.02665947 0.00000000 0.00000000
3   2.0 0.02555856 0.02922767 0.04210909 0.04843539 0.02396853 0.03054262
          oe         te
1 0.01646937 0.03150233
2 0.00000000 0.02665947
3 0.02047131 0.03480266


[1] "Total run time was 112.754 seconds"
