WARNING: ignoring environment value of R_HOME

Attaching package: ‘dplyr’

The following objects are masked from ‘package:stats’:

    filter, lag

The following objects are masked from ‘package:base’:

    intersect, setdiff, setequal, union

Loading required package: splines
Loading required package: foreach
Loaded gam 1.20.2

Super Learner
Version: 2.0-28
Package created on 2021-05-04

Loading required package: lattice
Loading required package: ggplot2
Loading required package: Matrix
Loaded glmnet 4.1-7
Loading required package: Formula
Loading required package: plotmo
Loading required package: plotrix
Loading required package: TeachingDemos
Loaded gbm 2.1.8.1

Attaching package: ‘xgboost’

The following object is masked from ‘package:dplyr’:

    slice

[1] "[Simulation setting]"
[1] "m: 100"
[1] "deltas: 0.5, 1, 2"
[1] "r: 500"
[1] "Sim.id 1"
[1] "Data generated"
[1] "   Split: 1"
[1] "   Split: 2"
[1] "Estimates and SE estimates computed"
[1] ""
[[1]]
[[1]]$est
  delta        mu      mu_1      mu_0         de       se_1        se_0
1   0.5 0.4323233 0.2669514 0.5333510 -0.2663996 0.00146374 -0.02157625
2   1.0 0.3958526 0.2654877 0.5549273 -0.2894396 0.00000000  0.00000000
3   2.0 0.3787903 0.2832667 0.5944000 -0.3111333 0.01777907  0.03947276
           oe         te
1  0.03647071 -0.2879758
2  0.00000000 -0.2894396
3 -0.01706231 -0.2716605

[[1]]$se
  delta         mu       mu_1       mu_0         de       se_1       se_0
1   0.5 0.02341835 0.02172411 0.03513257 0.03656182 0.01389860 0.02634459
2   1.0 0.02039631 0.02177632 0.02521932 0.02605784 0.00000000 0.00000000
3   2.0 0.02850506 0.03095848 0.04647903 0.05411210 0.02274435 0.03874291
          oe         te
1 0.01730571 0.02673941
2 0.00000000 0.02605784
3 0.02097075 0.03439379


[1] "Total run time was 150.16 seconds"
