WARNING: ignoring environment value of R_HOME

Attaching package: ‘dplyr’

The following objects are masked from ‘package:stats’:

    filter, lag

The following objects are masked from ‘package:base’:

    intersect, setdiff, setequal, union

Loading required package: splines
Loading required package: foreach
Loaded gam 1.20.2

Super Learner
Version: 2.0-28
Package created on 2021-05-04

Loading required package: lattice
Loading required package: ggplot2
Loading required package: Matrix
Loaded glmnet 4.1-7
Loading required package: Formula
Loading required package: plotmo
Loading required package: plotrix
Loading required package: TeachingDemos
Loaded gbm 2.1.8.1

Attaching package: ‘xgboost’

The following object is masked from ‘package:dplyr’:

    slice

[1] "[Simulation setting]"
[1] "m: 100"
[1] "deltas: 0.5, 1, 2"
[1] "Sim.id 1"
[1] "Data generated"
[1] "   Split: 1"
[1] "   Split: 2"
[1] "Estimates and SE estimates computed"
[1] ""
[[1]]
[[1]]$est
  delta        mu      mu_1      mu_0         de        se_1       se_0
1   0.5 0.4840897 0.2372171 0.7322543 -0.4950371  0.00934309  0.1832528
2   1.0 0.3414789 0.2278741 0.5490015 -0.3211274  0.00000000  0.0000000
3   2.0 0.2644395 0.2136117 0.4475737 -0.2339620 -0.01426231 -0.1014277
           oe         te
1  0.14261083 -0.3117843
2  0.00000000 -0.3211274
3 -0.07703936 -0.3353897

[[1]]$se
  delta         mu       mu_1       mu_0         de       se_1       se_0
1   0.5 0.05199996 0.03149673 0.10527664 0.10693075 0.01471793 0.06745734
2   1.0 0.03009247 0.03039402 0.05053452 0.05228504 0.00000000 0.00000000
3   2.0 0.03185640 0.03474990 0.04626291 0.04859329 0.01440703 0.03197847
          oe         te
1 0.03499112 0.05257927
2 0.00000000 0.05228504
3 0.01592134 0.05547975


[1] "Total run time was 35.554 seconds"
