WARNING: ignoring environment value of R_HOME

Attaching package: ‘dplyr’

The following objects are masked from ‘package:stats’:

    filter, lag

The following objects are masked from ‘package:base’:

    intersect, setdiff, setequal, union

Loading required package: splines
Loading required package: foreach
Loaded gam 1.20.2

Super Learner
Version: 2.0-28
Package created on 2021-05-04

Loading required package: lattice
Loading required package: ggplot2
Loading required package: Matrix
Loaded glmnet 4.1-7
Loading required package: Formula
Loading required package: plotmo
Loading required package: plotrix
Loading required package: TeachingDemos
Loaded gbm 2.1.8.1

Attaching package: ‘xgboost’

The following object is masked from ‘package:dplyr’:

    slice

[1] "[Simulation setting]"
[1] "m: 100"
[1] "deltas: 0.5, 1, 2"
[1] "Sim.id 1"
[1] "Data generated"
[1] "   Split: 1"
[1] "   Split: 2"
[1] "Estimates and SE estimates computed"
[1] ""
[[1]]
[[1]]$est
  delta        mu      mu_1      mu_0         de        se_1        se_0
1   0.5 0.4937435 0.2698514 0.6611484 -0.3912970  0.01919936  0.06678609
2   1.0 0.3910533 0.2506520 0.5943623 -0.3437103  0.00000000  0.00000000
3   2.0 0.3162714 0.2309748 0.5524557 -0.3214809 -0.01967724 -0.04190662
           oe         te
1  0.10269016 -0.3245109
2  0.00000000 -0.3437103
3 -0.07478199 -0.3633875

[[1]]$se
  delta         mu       mu_1       mu_0         de       se_1       se_0
1   0.5 0.04294634 0.03549386 0.06960531 0.07507629 0.01714050 0.04447170
2   1.0 0.03029755 0.03077309 0.04591237 0.04898267 0.00000000 0.00000000
3   2.0 0.03434058 0.03965073 0.04581857 0.05362043 0.02183973 0.02177587
          oe         te
1 0.02787993 0.05098887
2 0.00000000 0.04898267
3 0.01860541 0.05530303


[1] "Total run time was 32.941 seconds"
