WARNING: ignoring environment value of R_HOME

Attaching package: ‘dplyr’

The following objects are masked from ‘package:stats’:

    filter, lag

The following objects are masked from ‘package:base’:

    intersect, setdiff, setequal, union

Loading required package: splines
Loading required package: foreach
Loaded gam 1.20.2

Super Learner
Version: 2.0-28
Package created on 2021-05-04

Loading required package: lattice
Loading required package: ggplot2
Loading required package: Matrix
Loaded glmnet 4.1-7
Loading required package: Formula
Loading required package: plotmo
Loading required package: plotrix
Loading required package: TeachingDemos
Loaded gbm 2.1.8.1

Attaching package: ‘xgboost’

The following object is masked from ‘package:dplyr’:

    slice

[1] "[Simulation setting]"
[1] "m: 100"
[1] "deltas: 0.5, 1, 2"
[1] "Sim.id 1"
[1] "Data generated"
[1] "   Split: 1"
[1] "   Split: 2"
[1] "Estimates and SE estimates computed"
[1] ""
[[1]]
[[1]]$est
  delta        mu      mu_1      mu_0         de         se_1        se_0
1   0.5 0.3980036 0.2011293 0.5234272 -0.3222978 -0.013613871  0.02055937
2   1.0 0.3415830 0.2147432 0.5028678 -0.2881246  0.000000000  0.00000000
3   2.0 0.2856819 0.2122704 0.4719613 -0.2596909 -0.002472784 -0.03090648
           oe         te
1  0.05642062 -0.3017385
2  0.00000000 -0.2881246
3 -0.05590116 -0.2905974

[[1]]$se
  delta         mu       mu_1       mu_0         de       se_1       se_0
1   0.5 0.03763693 0.03214667 0.06143050 0.06246705 0.01737619 0.03258287
2   1.0 0.02869422 0.03183498 0.04319667 0.04786946 0.00000000 0.00000000
3   2.0 0.03502911 0.03944149 0.04777429 0.05414020 0.01737041 0.02696946
          oe         te
1 0.02264056 0.04722701
2 0.00000000 0.04786946
3 0.01784419 0.05253389


[1] "Total run time was 31.681 seconds"
