WARNING: ignoring environment value of R_HOME

Attaching package: ‘dplyr’

The following objects are masked from ‘package:stats’:

    filter, lag

The following objects are masked from ‘package:base’:

    intersect, setdiff, setequal, union

Loading required package: splines
Loading required package: foreach
Loaded gam 1.20.2

Super Learner
Version: 2.0-28
Package created on 2021-05-04

Loading required package: lattice
Loading required package: ggplot2
Loading required package: Matrix
Loaded glmnet 4.1-7
Loading required package: Formula
Loading required package: plotmo
Loading required package: plotrix
Loading required package: TeachingDemos
Loaded gbm 2.1.8.1

Attaching package: ‘xgboost’

The following object is masked from ‘package:dplyr’:

    slice

[1] "[Simulation setting]"
[1] "m: 100"
[1] "deltas: 0.5, 1, 2"
[1] "Sim.id 1"
[1] "Data generated"
[1] "   Split: 1"
[1] "   Split: 2"
[1] "Estimates and SE estimates computed"
[1] ""
[[1]]
[[1]]$est
  delta        mu      mu_1      mu_0         de        se_1        se_0
1   0.5 0.3806859 0.2665541 0.4865084 -0.2199542  0.02156278 -0.00817486
2   1.0 0.3327930 0.2449914 0.4946832 -0.2496919  0.00000000  0.00000000
3   2.0 0.2819912 0.2293225 0.4774641 -0.2481416 -0.01566891 -0.01721914
           oe         te
1  0.04789291 -0.2281291
2  0.00000000 -0.2496919
3 -0.05080178 -0.2653608

[[1]]$se
  delta         mu       mu_1       mu_0         de       se_1       se_0
1   0.5 0.03802289 0.03466478 0.05891495 0.06155076 0.01749990 0.03449035
2   1.0 0.03033875 0.03167696 0.04221159 0.04283706 0.00000000 0.00000000
3   2.0 0.03401286 0.03809367 0.04281785 0.04939205 0.01671756 0.02000855
          oe         te
1 0.02304044 0.04444769
2 0.00000000 0.04283706
3 0.01618426 0.04858985


[1] "Total run time was 23.329 seconds"
