WARNING: ignoring environment value of R_HOME

Attaching package: ‘dplyr’

The following objects are masked from ‘package:stats’:

    filter, lag

The following objects are masked from ‘package:base’:

    intersect, setdiff, setequal, union

Loading required package: splines
Loading required package: foreach
Loaded gam 1.20.2

Super Learner
Version: 2.0-28
Package created on 2021-05-04

Loading required package: lattice
Loading required package: ggplot2
Loading required package: Matrix
Loaded glmnet 4.1-7
Loading required package: Formula
Loading required package: plotmo
Loading required package: plotrix
Loading required package: TeachingDemos
Loaded gbm 2.1.8.1

Attaching package: ‘xgboost’

The following object is masked from ‘package:dplyr’:

    slice

[1] "[Simulation setting]"
[1] "m: 100"
[1] "deltas: 0.5, 1, 2"
[1] "Sim.id 1"
[1] "Data generated"
[1] "   Split: 1"
[1] "   Split: 2"
[1] "Estimates and SE estimates computed"
[1] ""
[[1]]
[[1]]$est
  delta        mu      mu_1      mu_0         de        se_1        se_0
1   0.5 0.4072024 0.2057139 0.4137603 -0.2080464  0.02448359 -0.09099199
2   1.0 0.3282862 0.1812303 0.5047523 -0.3235220  0.00000000  0.00000000
3   2.0 0.2522104 0.1637459 0.5354619 -0.3717161 -0.01748444  0.03070965
           oe         te
1  0.07891620 -0.2990384
2  0.00000000 -0.3235220
3 -0.07607586 -0.3410064

[[1]]$se
  delta         mu       mu_1       mu_0         de       se_1       se_0
1   0.5 0.03847661 0.03592556 0.10562249 0.10575604 0.01907305 0.05643522
2   1.0 0.02801899 0.02728649 0.06381763 0.06489369 0.00000000 0.00000000
3   2.0 0.02715624 0.02631241 0.05389186 0.05463218 0.01098662 0.03087745
          oe         te
1 0.02072811 0.06775032
2 0.00000000 0.06489369
3 0.01154565 0.06424984


[1] "Total run time was 30.303 seconds"
