WARNING: ignoring environment value of R_HOME

Attaching package: ‘dplyr’

The following objects are masked from ‘package:stats’:

    filter, lag

The following objects are masked from ‘package:base’:

    intersect, setdiff, setequal, union

Loading required package: splines
Loading required package: foreach
Loaded gam 1.20.2

Super Learner
Version: 2.0-28
Package created on 2021-05-04

Loading required package: lattice
Loading required package: ggplot2
Loading required package: Matrix
Loaded glmnet 4.1-7
Loading required package: Formula
Loading required package: plotmo
Loading required package: plotrix
Loading required package: TeachingDemos
Loaded gbm 2.1.8.1

Attaching package: ‘xgboost’

The following object is masked from ‘package:dplyr’:

    slice

[1] "[Simulation setting]"
[1] "m: 100"
[1] "deltas: 0.5, 1, 2"
[1] "Sim.id 1"
[1] "Data generated"
[1] "   Split: 1"
[1] "   Split: 2"
[1] "Estimates and SE estimates computed"
[1] ""
[[1]]
[[1]]$est
  delta        mu      mu_1      mu_0         de         se_1        se_0
1   0.5 0.3859592 0.2060333 0.5420942 -0.3360609 -0.004916902  0.01064763
2   1.0 0.3256508 0.2109502 0.5314465 -0.3204963  0.000000000  0.00000000
3   2.0 0.2655308 0.1985779 0.5156508 -0.3170729 -0.012372332 -0.01579574
           oe         te
1  0.06030833 -0.3254132
2  0.00000000 -0.3204963
3 -0.06012005 -0.3328687

[[1]]$se
  delta         mu       mu_1       mu_0         de       se_1       se_0
1   0.5 0.03362591 0.03488925 0.05054438 0.05670931 0.01668957 0.01971437
2   1.0 0.02879228 0.03073045 0.04669610 0.05070884 0.00000000 0.00000000
3   2.0 0.03122126 0.03646067 0.04737297 0.05513595 0.01733632 0.01888389
          oe         te
1 0.01575064 0.05312443
2 0.00000000 0.05070884
3 0.01530195 0.05471695


[1] "Total run time was 19.253 seconds"
