WARNING: ignoring environment value of R_HOME

Attaching package: ‘dplyr’

The following objects are masked from ‘package:stats’:

    filter, lag

The following objects are masked from ‘package:base’:

    intersect, setdiff, setequal, union

Loading required package: splines
Loading required package: foreach
Loaded gam 1.20.2

Super Learner
Version: 2.0-28
Package created on 2021-05-04

Loading required package: lattice
Loading required package: ggplot2
Loading required package: Matrix
Loaded glmnet 4.1-7
Loading required package: Formula
Loading required package: plotmo
Loading required package: plotrix
Loading required package: TeachingDemos
Loaded gbm 2.1.8.1

Attaching package: ‘xgboost’

The following object is masked from ‘package:dplyr’:

    slice

[1] "[Simulation setting]"
[1] "m: 100"
[1] "deltas: 0.5, 1, 2"
[1] "Sim.id 1"
[1] "Data generated"
[1] "   Split: 1"
[1] "   Split: 2"
[1] "Estimates and SE estimates computed"
[1] ""
[[1]]
[[1]]$est
  delta        mu      mu_1      mu_0         de        se_1        se_0
1   0.5 0.4209489 0.2543209 0.5445929 -0.2902720 0.004659264 -0.01163427
2   1.0 0.3726495 0.2496617 0.5562272 -0.3065655 0.000000000  0.00000000
3   2.0 0.3472481 0.2680567 0.5775134 -0.3094567 0.018395023  0.02128619
           oe         te
1  0.04829938 -0.3019063
2  0.00000000 -0.3065655
3 -0.02540140 -0.2881705

[[1]]$se
  delta         mu       mu_1       mu_0         de       se_1       se_0
1   0.5 0.03112811 0.03347438 0.04175668 0.04818946 0.01830596 0.01830815
2   1.0 0.02573282 0.02951467 0.04086847 0.04724278 0.00000000 0.00000000
3   2.0 0.02949882 0.03664888 0.04423050 0.05681545 0.01773019 0.01561588
          oe         te
1 0.01680796 0.04704918
2 0.00000000 0.04724278
3 0.01730728 0.05438989


[1] "Total run time was 18.8 seconds"
