WARNING: ignoring environment value of R_HOME

Attaching package: ‘dplyr’

The following objects are masked from ‘package:stats’:

    filter, lag

The following objects are masked from ‘package:base’:

    intersect, setdiff, setequal, union

Loading required package: splines
Loading required package: foreach
Loaded gam 1.20.2

Super Learner
Version: 2.0-28
Package created on 2021-05-04

Loading required package: lattice
Loading required package: ggplot2
Loading required package: Matrix
Loaded glmnet 4.1-7
Loading required package: Formula
Loading required package: plotmo
Loading required package: plotrix
Loading required package: TeachingDemos
Loaded gbm 2.1.8.1

Attaching package: ‘xgboost’

The following object is masked from ‘package:dplyr’:

    slice

[1] "[Simulation setting]"
[1] "m: 100"
[1] "deltas: 0.5, 1, 2"
[1] "Sim.id 1"
[1] "Data generated"
[1] "   Split: 1"
[1] "   Split: 2"
[1] "Estimates and SE estimates computed"
[1] ""
[[1]]
[[1]]$est
  delta        mu      mu_1      mu_0         de        se_1        se_0
1   0.5 0.4701619 0.2538589 0.6333935 -0.3795346  0.02587402  0.02312855
2   1.0 0.3772755 0.2279849 0.6102650 -0.3822801  0.00000000  0.00000000
3   2.0 0.2985885 0.2098048 0.5866215 -0.3768167 -0.01818004 -0.02364348
           oe         te
1  0.09288635 -0.3564061
2  0.00000000 -0.3822801
3 -0.07868699 -0.4004602

[[1]]$se
  delta         mu       mu_1       mu_0         de       se_1       se_0
1   0.5 0.03840384 0.03196340 0.05460533 0.05863401 0.01762049 0.02804375
2   1.0 0.02988030 0.02805757 0.04214484 0.04316910 0.00000000 0.00000000
3   2.0 0.03149295 0.03522434 0.04319639 0.04993278 0.01674619 0.01956312
          oe         te
1 0.01955120 0.04591580
2 0.00000000 0.04316910
3 0.01701617 0.04962108


[1] "Total run time was 28.362 seconds"
