WARNING: ignoring environment value of R_HOME

Attaching package: ‘dplyr’

The following objects are masked from ‘package:stats’:

    filter, lag

The following objects are masked from ‘package:base’:

    intersect, setdiff, setequal, union

Loading required package: splines
Loading required package: foreach
Loaded gam 1.20.2

Super Learner
Version: 2.0-28
Package created on 2021-05-04

Loading required package: lattice
Loading required package: ggplot2
Loading required package: Matrix
Loaded glmnet 4.1-7
Loading required package: Formula
Loading required package: plotmo
Loading required package: plotrix
Loading required package: TeachingDemos
Loaded gbm 2.1.8.1

Attaching package: ‘xgboost’

The following object is masked from ‘package:dplyr’:

    slice

[1] "[Simulation setting]"
[1] "m: 100"
[1] "deltas: 0.5, 1, 2"
[1] "Sim.id 1"
[1] "Data generated"
[1] "   Split: 1"
[1] "   Split: 2"
[1] "Estimates and SE estimates computed"
[1] ""
[[1]]
[[1]]$est
  delta        mu      mu_1      mu_0         de        se_1         se_0
1   0.5 0.4544472 0.2782082 0.5773390 -0.2991308 0.018023874  0.017284841
2   1.0 0.3806156 0.2601843 0.5600542 -0.2998698 0.000000000  0.000000000
3   2.0 0.3368915 0.2696228 0.5517979 -0.2821751 0.009438439 -0.008256321
           oe         te
1  0.07383160 -0.2818460
2  0.00000000 -0.2998698
3 -0.04372406 -0.2904314

[[1]]$se
  delta         mu       mu_1       mu_0         de       se_1       se_0
1   0.5 0.03637416 0.03994325 0.04764953 0.06028303 0.02360725 0.02293101
2   1.0 0.03034849 0.03537856 0.04384983 0.05536138 0.00000000 0.00000000
3   2.0 0.03597282 0.04831023 0.05198298 0.07371938 0.02453232 0.02576162
          oe         te
1 0.01816920 0.05698163
2 0.00000000 0.05536138
3 0.02159571 0.06649261


[1] "Total run time was 34.807 seconds"
