WARNING: ignoring environment value of R_HOME

Attaching package: ‘dplyr’

The following objects are masked from ‘package:stats’:

    filter, lag

The following objects are masked from ‘package:base’:

    intersect, setdiff, setequal, union

Loading required package: splines
Loading required package: foreach
Loaded gam 1.20.2

Super Learner
Version: 2.0-28
Package created on 2021-05-04

Loading required package: lattice
Loading required package: ggplot2
Loading required package: Matrix
Loaded glmnet 4.1-7
Loading required package: Formula
Loading required package: plotmo
Loading required package: plotrix
Loading required package: TeachingDemos
Loaded gbm 2.1.8.1

Attaching package: ‘xgboost’

The following object is masked from ‘package:dplyr’:

    slice

[1] "[Simulation setting]"
[1] "m: 100"
[1] "deltas: 0.5, 1, 2"
[1] "Sim.id 1"
[1] "Data generated"
[1] "   Split: 1"
[1] "   Split: 2"
[1] "Estimates and SE estimates computed"
[1] ""
[[1]]
[[1]]$est
  delta        mu      mu_1      mu_0         de        se_1        se_0
1   0.5 0.3800698 0.2184040 0.4693851 -0.2509811  0.01792995  0.01675629
2   1.0 0.3124317 0.2004740 0.4526288 -0.2521548  0.00000000  0.00000000
3   2.0 0.2478243 0.1847364 0.4240214 -0.2392850 -0.01573760 -0.02860737
           oe         te
1  0.06763811 -0.2342248
2  0.00000000 -0.2521548
3 -0.06460732 -0.2678924

[[1]]$se
  delta         mu       mu_1       mu_0         de       se_1       se_0
1   0.5 0.03829687 0.03275284 0.05707455 0.05993323 0.01736697 0.02635840
2   1.0 0.02697842 0.02692637 0.04295693 0.04597935 0.00000000 0.00000000
3   2.0 0.02754345 0.03200472 0.04386241 0.05116868 0.01656594 0.02292064
          oe         te
1 0.01970849 0.04857832
2 0.00000000 0.04597935
3 0.01632647 0.05018946


[1] "Total run time was 29.944 seconds"
