WARNING: ignoring environment value of R_HOME

Attaching package: ‘dplyr’

The following objects are masked from ‘package:stats’:

    filter, lag

The following objects are masked from ‘package:base’:

    intersect, setdiff, setequal, union

Loading required package: splines
Loading required package: foreach
Loaded gam 1.20.2

Super Learner
Version: 2.0-28
Package created on 2021-05-04

Loading required package: lattice
Loading required package: ggplot2
Loading required package: Matrix
Loaded glmnet 4.1-7
Loading required package: Formula
Loading required package: plotmo
Loading required package: plotrix
Loading required package: TeachingDemos
Loaded gbm 2.1.8.1

Attaching package: ‘xgboost’

The following object is masked from ‘package:dplyr’:

    slice

[1] "[Simulation setting]"
[1] "m: 100"
[1] "deltas: 0.5, 1, 2"
[1] "Sim.id 1"
[1] "Data generated"
[1] "   Split: 1"
[1] "   Split: 2"
[1] "Estimates and SE estimates computed"
[1] ""
[[1]]
[[1]]$est
  delta        mu      mu_1      mu_0         de        se_1        se_0
1   0.5 0.4771496 0.3004162 0.5665613 -0.2661452  0.04501455  0.01766895
2   1.0 0.4025980 0.2554016 0.5488924 -0.2934908  0.00000000  0.00000000
3   2.0 0.3074988 0.1982959 0.5185341 -0.3202382 -0.05710577 -0.03035833
           oe         te
1  0.07455163 -0.2484762
2  0.00000000 -0.2934908
3 -0.09509923 -0.3505965

[[1]]$se
  delta         mu       mu_1       mu_0         de       se_1       se_0
1   0.5 0.04019853 0.04016017 0.04997383 0.05463389 0.02101501 0.02351206
2   1.0 0.03400703 0.03662582 0.03988255 0.04395782 0.00000000 0.00000000
3   2.0 0.04161481 0.05047045 0.04152443 0.05716889 0.02745295 0.02006603
          oe         te
1 0.02026056 0.04527603
2 0.00000000 0.04395782
3 0.02306220 0.05713346


[1] "Total run time was 26.553 seconds"
