WARNING: ignoring environment value of R_HOME

Attaching package: ‘dplyr’

The following objects are masked from ‘package:stats’:

    filter, lag

The following objects are masked from ‘package:base’:

    intersect, setdiff, setequal, union

Loading required package: splines
Loading required package: foreach
Loaded gam 1.20.2

Super Learner
Version: 2.0-28
Package created on 2021-05-04

Loading required package: lattice
Loading required package: ggplot2
Loading required package: Matrix
Loaded glmnet 4.1-7
Loading required package: Formula
Loading required package: plotmo
Loading required package: plotrix
Loading required package: TeachingDemos
Loaded gbm 2.1.8.1

Attaching package: ‘xgboost’

The following object is masked from ‘package:dplyr’:

    slice

[1] "[Simulation setting]"
[1] "m: 100"
[1] "deltas: 0.5, 1, 2"
[1] "Sim.id 1"
[1] "Data generated"
[1] "   Split: 1"
[1] "   Split: 2"
[1] "Estimates and SE estimates computed"
[1] ""
[[1]]
[[1]]$est
  delta        mu      mu_1      mu_0         de         se_1         se_0
1   0.5 0.4066123 0.2026819 0.5308771 -0.3281952 -0.001283198  0.005057908
2   1.0 0.3434016 0.2039651 0.5258192 -0.3218541  0.000000000  0.000000000
3   2.0 0.2847335 0.1990290 0.5240439 -0.3250149 -0.004936110 -0.001775319
           oe         te
1  0.06321061 -0.3231373
2  0.00000000 -0.3218541
3 -0.05866813 -0.3267902

[[1]]$se
  delta         mu       mu_1       mu_0         de       se_1       se_0
1   0.5 0.04167191 0.03422637 0.06793551 0.07571670 0.01895990 0.03320409
2   1.0 0.02846354 0.02828824 0.05200358 0.05894821 0.00000000 0.00000000
3   2.0 0.02719096 0.03040323 0.05509505 0.06327085 0.01461598 0.02800020
          oe         te
1 0.02313185 0.06251208
2 0.00000000 0.05894821
3 0.01581235 0.06018349


[1] "Total run time was 24.767 seconds"
