WARNING: ignoring environment value of R_HOME

Attaching package: ‘dplyr’

The following objects are masked from ‘package:stats’:

    filter, lag

The following objects are masked from ‘package:base’:

    intersect, setdiff, setequal, union

Loading required package: splines
Loading required package: foreach
Loaded gam 1.20.2

Super Learner
Version: 2.0-28
Package created on 2021-05-04

Loading required package: lattice
Loading required package: ggplot2
Loading required package: Matrix
Loaded glmnet 4.1-7
Loading required package: Formula
Loading required package: plotmo
Loading required package: plotrix
Loading required package: TeachingDemos
Loaded gbm 2.1.8.1

Attaching package: ‘xgboost’

The following object is masked from ‘package:dplyr’:

    slice

[1] "[Simulation setting]"
[1] "m: 100"
[1] "deltas: 0.5, 1, 2"
[1] "Sim.id 1"
[1] "Data generated"
[1] "   Split: 1"
[1] "   Split: 2"
[1] "Estimates and SE estimates computed"
[1] ""
[[1]]
[[1]]$est
  delta        mu      mu_1      mu_0         de        se_1          se_0
1   0.5 0.4186489 0.2966683 0.5166226 -0.2199544  0.05587731 -0.0204026490
2   1.0 0.3473875 0.2407909 0.5370253 -0.2962343  0.00000000  0.0000000000
3   2.0 0.2694949 0.1967684 0.5373219 -0.3405535 -0.04402259  0.0002966038
           oe         te
1  0.07126137 -0.2403570
2  0.00000000 -0.2962343
3 -0.07789261 -0.3402569

[[1]]$se
  delta         mu       mu_1       mu_0         de       se_1       se_0
1   0.5 0.04229177 0.03774421 0.06899033 0.07347458 0.01768606 0.04262290
2   1.0 0.02824000 0.03216022 0.04218816 0.04613926 0.00000000 0.00000000
3   2.0 0.03169526 0.03950571 0.04614235 0.05567545 0.02191208 0.02419966
          oe         te
1 0.02659184 0.04948073
2 0.00000000 0.04613926
3 0.01733529 0.05204818


[1] "Total run time was 32.537 seconds"
