WARNING: ignoring environment value of R_HOME

Attaching package: ‘dplyr’

The following objects are masked from ‘package:stats’:

    filter, lag

The following objects are masked from ‘package:base’:

    intersect, setdiff, setequal, union

Loading required package: splines
Loading required package: foreach
Loaded gam 1.20.2

Super Learner
Version: 2.0-28
Package created on 2021-05-04

Loading required package: lattice
Loading required package: ggplot2
Loading required package: Matrix
Loaded glmnet 4.1-7
Loading required package: Formula
Loading required package: plotmo
Loading required package: plotrix
Loading required package: TeachingDemos
Loaded gbm 2.1.8.1

Attaching package: ‘xgboost’

The following object is masked from ‘package:dplyr’:

    slice

[1] "[Simulation setting]"
[1] "m: 100"
[1] "deltas: 0.5, 1, 2"
[1] "Sim.id 1"
[1] "Data generated"
[1] "   Split: 1"
[1] "   Split: 2"
[1] "Estimates and SE estimates computed"
[1] ""
[[1]]
[[1]]$est
  delta        mu      mu_1      mu_0         de        se_1         se_0
1   0.5 0.4246033 0.2730393 0.5412487 -0.2682094  0.02279844  0.001999775
2   1.0 0.3613865 0.2502409 0.5392490 -0.2890081  0.00000000  0.000000000
3   2.0 0.3006093 0.2309918 0.5287896 -0.2977978 -0.01924911 -0.010459404
           oe         te
1  0.06321672 -0.2662096
2  0.00000000 -0.2890081
3 -0.06077720 -0.3082572

[[1]]$se
  delta         mu       mu_1       mu_0         de       se_1       se_0
1   0.5 0.03203933 0.03235637 0.04388565 0.04690445 0.01321195 0.02258335
2   1.0 0.02856541 0.03089197 0.04066479 0.04487092 0.00000000 0.00000000
3   2.0 0.02941417 0.03230970 0.04758367 0.05238759 0.01111642 0.01937262
          oe         te
1 0.01456732 0.04487882
2 0.00000000 0.04487092
3 0.01161286 0.04637202


[1] "Total run time was 33.359 seconds"
