WARNING: ignoring environment value of R_HOME

Attaching package: ‘dplyr’

The following objects are masked from ‘package:stats’:

    filter, lag

The following objects are masked from ‘package:base’:

    intersect, setdiff, setequal, union

Loading required package: splines
Loading required package: foreach
Loaded gam 1.20.2

Super Learner
Version: 2.0-28
Package created on 2021-05-04

Loading required package: lattice
Loading required package: ggplot2
Loading required package: Matrix
Loaded glmnet 4.1-7
Loading required package: Formula
Loading required package: plotmo
Loading required package: plotrix
Loading required package: TeachingDemos
Loaded gbm 2.1.8.1

Attaching package: ‘xgboost’

The following object is masked from ‘package:dplyr’:

    slice

[1] "[Simulation setting]"
[1] "m: 100"
[1] "deltas: 0.5, 1, 2"
[1] "Sim.id 1"
[1] "Data generated"
[1] "   Split: 1"
[1] "   Split: 2"
[1] "Estimates and SE estimates computed"
[1] ""
[[1]]
[[1]]$est
  delta        mu      mu_1      mu_0         de        se_1         se_0
1   0.5 0.4209121 0.3114498 0.4943447 -0.1828949  0.03512284  0.005793774
2   1.0 0.3752449 0.2763270 0.4885510 -0.2122240  0.00000000  0.000000000
3   2.0 0.3297551 0.2578904 0.4826009 -0.2247105 -0.01843657 -0.005950090
           oe         te
1  0.04566722 -0.1771012
2  0.00000000 -0.2122240
3 -0.04548979 -0.2306606

[[1]]$se
  delta         mu       mu_1       mu_0         de       se_1       se_0
1   0.5 0.03236826 0.03695280 0.05053348 0.06290019 0.02028337 0.02566444
2   1.0 0.02951306 0.03094622 0.04447982 0.04614323 0.00000000 0.00000000
3   2.0 0.03195998 0.03442991 0.05067804 0.05245450 0.01366944 0.02190599
          oe         te
1 0.01549900 0.05482005
2 0.00000000 0.04614323
3 0.01234195 0.04710042


[1] "Total run time was 32.21 seconds"
