WARNING: ignoring environment value of R_HOME

Attaching package: ‘dplyr’

The following objects are masked from ‘package:stats’:

    filter, lag

The following objects are masked from ‘package:base’:

    intersect, setdiff, setequal, union

Loading required package: splines
Loading required package: foreach
Loaded gam 1.20.2

Super Learner
Version: 2.0-28
Package created on 2021-05-04

Loading required package: lattice
Loading required package: ggplot2
Loading required package: Matrix
Loaded glmnet 4.1-7
Loading required package: Formula
Loading required package: plotmo
Loading required package: plotrix
Loading required package: TeachingDemos
Loaded gbm 2.1.8.1

Attaching package: ‘xgboost’

The following object is masked from ‘package:dplyr’:

    slice

[1] "[Simulation setting]"
[1] "m: 100"
[1] "deltas: 0.5, 1, 2"
[1] "Sim.id 1"
[1] "Data generated"
[1] "   Split: 1"
[1] "   Split: 2"
[1] "Estimates and SE estimates computed"
[1] ""
[[1]]
[[1]]$est
  delta        mu      mu_1      mu_0         de        se_1         se_0
1   0.5 0.3951989 0.2848191 0.4668900 -0.1820709  0.04388600 -0.017111704
2   1.0 0.3440300 0.2409331 0.4840017 -0.2430686  0.00000000  0.000000000
3   2.0 0.2765796 0.1976794 0.4907834 -0.2931040 -0.04325365  0.006781723
           oe         te
1  0.05116884 -0.1991826
2  0.00000000 -0.2430686
3 -0.06745042 -0.2863222

[[1]]$se
  delta         mu       mu_1       mu_0         de       se_1       se_0
1   0.5 0.03433519 0.03437525 0.05123789 0.05794953 0.01526039 0.03083217
2   1.0 0.02918351 0.02866917 0.04027126 0.04107898 0.00000000 0.00000000
3   2.0 0.02783335 0.02779606 0.04214218 0.04221448 0.01178381 0.01792798
          oe         te
1 0.01895020 0.04498634
2 0.00000000 0.04107898
3 0.01100209 0.04103337


[1] "Total run time was 41.553 seconds"
