WARNING: ignoring environment value of R_HOME

Attaching package: ‘dplyr’

The following objects are masked from ‘package:stats’:

    filter, lag

The following objects are masked from ‘package:base’:

    intersect, setdiff, setequal, union

Loading required package: splines
Loading required package: foreach
Loaded gam 1.20.2

Super Learner
Version: 2.0-28
Package created on 2021-05-04

Loading required package: lattice
Loading required package: ggplot2
Loading required package: Matrix
Loaded glmnet 4.1-7
Loading required package: Formula
Loading required package: plotmo
Loading required package: plotrix
Loading required package: TeachingDemos
Loaded gbm 2.1.8.1

Attaching package: ‘xgboost’

The following object is masked from ‘package:dplyr’:

    slice

[1] "[Simulation setting]"
[1] "m: 100"
[1] "deltas: 0.5, 1, 2"
[1] "Sim.id 1"
[1] "Data generated"
[1] "   Split: 1"
[1] "   Split: 2"
[1] "Estimates and SE estimates computed"
[1] ""
[[1]]
[[1]]$est
  delta        mu      mu_1      mu_0         de        se_1        se_0
1   0.5 0.3989642 0.2187010 0.5366519 -0.3179508  0.02929662 -0.02509762
2   1.0 0.3388502 0.1894044 0.5617495 -0.3723451  0.00000000  0.00000000
3   2.0 0.2655990 0.1774276 0.5279830 -0.3505554 -0.01197678 -0.03376648
           oe         te
1  0.06011400 -0.3430485
2  0.00000000 -0.3723451
3 -0.07325122 -0.3843219

[[1]]$se
  delta         mu       mu_1       mu_0         de       se_1       se_0
1   0.5 0.04841735 0.03429009 0.07729132 0.08081989 0.01550431 0.05254362
2   1.0 0.02998611 0.02806780 0.04155780 0.04530608 0.00000000 0.00000000
3   2.0 0.03024978 0.03319432 0.04439654 0.05256523 0.01691253 0.02501917
          oe         te
1 0.03304507 0.04779870
2 0.00000000 0.04530608
3 0.01605323 0.04914128


[1] "Total run time was 32.555 seconds"
