WARNING: ignoring environment value of R_HOME

Attaching package: ‘dplyr’

The following objects are masked from ‘package:stats’:

    filter, lag

The following objects are masked from ‘package:base’:

    intersect, setdiff, setequal, union

Loading required package: splines
Loading required package: foreach
Loaded gam 1.20.2

Super Learner
Version: 2.0-28
Package created on 2021-05-04

Loading required package: lattice
Loading required package: ggplot2
Loading required package: Matrix
Loaded glmnet 4.1-7
Loading required package: Formula
Loading required package: plotmo
Loading required package: plotrix
Loading required package: TeachingDemos
Loaded gbm 2.1.8.1

Attaching package: ‘xgboost’

The following object is masked from ‘package:dplyr’:

    slice

[1] "[Simulation setting]"
[1] "m: 100"
[1] "deltas: 0.5, 1, 2"
[1] "Sim.id 1"
[1] "Data generated"
[1] "   Split: 1"
[1] "   Split: 2"
[1] "Estimates and SE estimates computed"
[1] ""
[[1]]
[[1]]$est
  delta        mu      mu_1      mu_0         de        se_1       se_0
1   0.5 0.4288468 0.2139747 0.5663337 -0.3523590  0.04313268  0.0289983
2   1.0 0.3217344 0.1708420 0.5373354 -0.3664934  0.00000000  0.0000000
3   2.0 0.2328394 0.1394039 0.5197640 -0.3803601 -0.03143810 -0.0175714
           oe         te
1  0.10711239 -0.3233607
2  0.00000000 -0.3664934
3 -0.08889499 -0.3979315

[[1]]$se
  delta         mu       mu_1       mu_0         de       se_1       se_0
1   0.5 0.04226385 0.03673850 0.06265125 0.06356316 0.02108965 0.02752426
2   1.0 0.02989925 0.03192833 0.04864023 0.05178943 0.00000000 0.00000000
3   2.0 0.03203790 0.03979898 0.04863622 0.05789018 0.01869516 0.02398165
          oe         te
1 0.02256279 0.05131394
2 0.00000000 0.05178943
3 0.01792590 0.05891600


[1] "Total run time was 27.222 seconds"
