WARNING: ignoring environment value of R_HOME

Attaching package: ‘dplyr’

The following objects are masked from ‘package:stats’:

    filter, lag

The following objects are masked from ‘package:base’:

    intersect, setdiff, setequal, union

Loading required package: splines
Loading required package: foreach
Loaded gam 1.20.2

Super Learner
Version: 2.0-28
Package created on 2021-05-04

Loading required package: lattice
Loading required package: ggplot2
Loading required package: Matrix
Loaded glmnet 4.1-7
Loading required package: Formula
Loading required package: plotmo
Loading required package: plotrix
Loading required package: TeachingDemos
Loaded gbm 2.1.8.1

Attaching package: ‘xgboost’

The following object is masked from ‘package:dplyr’:

    slice

[1] "[Simulation setting]"
[1] "m: 100"
[1] "deltas: 0.5, 1, 2"
[1] "Sim.id 1"
[1] "Data generated"
[1] "   Split: 1"
[1] "   Split: 2"
[1] "Estimates and SE estimates computed"
[1] ""
[[1]]
[[1]]$est
  delta        mu      mu_1      mu_0         de        se_1       se_0
1   0.5 0.4363447 0.2668133 0.6021800 -0.3353668  0.02014624  0.0307673
2   1.0 0.3575621 0.2466670 0.5714127 -0.3247457  0.00000000  0.0000000
3   2.0 0.2955838 0.2269181 0.5563540 -0.3294359 -0.01974889 -0.0150587
           oe         te
1  0.07878261 -0.3045995
2  0.00000000 -0.3247457
3 -0.06197828 -0.3444946

[[1]]$se
  delta         mu       mu_1       mu_0         de       se_1      se_0
1   0.5 0.05447287 0.04086673 0.08964767 0.08570474 0.02047850 0.0494677
2   1.0 0.03191212 0.03037512 0.05543493 0.05580724 0.00000000 0.0000000
3   2.0 0.03002115 0.03342059 0.05116313 0.05643390 0.01743698 0.0279384
          oe         te
1 0.03367453 0.05514520
2 0.00000000 0.05580724
3 0.01769357 0.06056345


[1] "Total run time was 22.384 seconds"
