WARNING: ignoring environment value of R_HOME

Attaching package: ‘dplyr’

The following objects are masked from ‘package:stats’:

    filter, lag

The following objects are masked from ‘package:base’:

    intersect, setdiff, setequal, union

Loading required package: splines
Loading required package: foreach
Loaded gam 1.20.2

Super Learner
Version: 2.0-28
Package created on 2021-05-04

Loading required package: lattice
Loading required package: ggplot2
Loading required package: Matrix
Loaded glmnet 4.1-7
Loading required package: Formula
Loading required package: plotmo
Loading required package: plotrix
Loading required package: TeachingDemos
Loaded gbm 2.1.8.1

Attaching package: ‘xgboost’

The following object is masked from ‘package:dplyr’:

    slice

[1] "[Simulation setting]"
[1] "m: 100"
[1] "deltas: 0.5, 1, 2"
[1] "Sim.id 1"
[1] "Data generated"
[1] "   Split: 1"
[1] "   Split: 2"
[1] "Estimates and SE estimates computed"
[1] ""
[[1]]
[[1]]$est
  delta        mu      mu_1      mu_0         de        se_1         se_0
1   0.5 0.4616505 0.2813726 0.5607786 -0.2794060  0.04370259  0.017665637
2   1.0 0.3815592 0.2376700 0.5431130 -0.3054430  0.00000000  0.000000000
3   2.0 0.3136693 0.2164496 0.5413873 -0.3249377 -0.02122035 -0.001725629
           oe         te
1  0.08009125 -0.2617404
2  0.00000000 -0.3054430
3 -0.06788996 -0.3266633

[[1]]$se
  delta         mu       mu_1       mu_0         de       se_1       se_0
1   0.5 0.03073944 0.03775752 0.04500909 0.05553767 0.02034930 0.01937831
2   1.0 0.02760593 0.03039385 0.04496380 0.05214461 0.00000000 0.00000000
3   2.0 0.02839168 0.03226726 0.05055576 0.05746562 0.01442209 0.02202193
          oe         te
1 0.01432039 0.05712861
2 0.00000000 0.05214461
3 0.01375952 0.05291485


[1] "Total run time was 33.618 seconds"
