WARNING: ignoring environment value of R_HOME

Attaching package: ‘dplyr’

The following objects are masked from ‘package:stats’:

    filter, lag

The following objects are masked from ‘package:base’:

    intersect, setdiff, setequal, union

Loading required package: splines
Loading required package: foreach
Loaded gam 1.20.2

Super Learner
Version: 2.0-28
Package created on 2021-05-04

Loading required package: lattice
Loading required package: ggplot2
Loading required package: Matrix
Loaded glmnet 4.1-7
Loading required package: Formula
Loading required package: plotmo
Loading required package: plotrix
Loading required package: TeachingDemos
Loaded gbm 2.1.8.1

Attaching package: ‘xgboost’

The following object is masked from ‘package:dplyr’:

    slice

[1] "[Simulation setting]"
[1] "m: 100"
[1] "deltas: 0.5, 1, 2"
[1] "Sim.id 1"
[1] "Data generated"
[1] "   Split: 1"
[1] "   Split: 2"
[1] "Estimates and SE estimates computed"
[1] ""
[[1]]
[[1]]$est
  delta        mu      mu_1      mu_0         de        se_1         se_0
1   0.5 0.4206444 0.2621466 0.5209827 -0.2588361  0.03989765  0.002210263
2   1.0 0.3499203 0.2222490 0.5187725 -0.2965235  0.00000000  0.000000000
3   2.0 0.2769374 0.1938759 0.4977231 -0.3038472 -0.02837304 -0.021049388
           oe         te
1  0.07072418 -0.2566259
2  0.00000000 -0.2965235
3 -0.07298285 -0.3248966

[[1]]$se
  delta         mu       mu_1       mu_0         de       se_1       se_0
1   0.5 0.03960500 0.03591147 0.06054386 0.06732627 0.01698500 0.03857778
2   1.0 0.02906465 0.02819684 0.04181191 0.04477581 0.00000000 0.00000000
3   2.0 0.02797591 0.02805856 0.04674086 0.05098762 0.01336523 0.02063693
          oe         te
1 0.02429233 0.04874295
2 0.00000000 0.04477581
3 0.01226588 0.04612828


[1] "Total run time was 28.858 seconds"
