WARNING: ignoring environment value of R_HOME

Attaching package: ‘dplyr’

The following objects are masked from ‘package:stats’:

    filter, lag

The following objects are masked from ‘package:base’:

    intersect, setdiff, setequal, union

Loading required package: splines
Loading required package: foreach
Loaded gam 1.20.2

Super Learner
Version: 2.0-28
Package created on 2021-05-04

Loading required package: lattice
Loading required package: ggplot2
Loading required package: Matrix
Loaded glmnet 4.1-7
Loading required package: Formula
Loading required package: plotmo
Loading required package: plotrix
Loading required package: TeachingDemos
Loaded gbm 2.1.8.1

Attaching package: ‘xgboost’

The following object is masked from ‘package:dplyr’:

    slice

[1] "[Simulation setting]"
[1] "m: 100"
[1] "deltas: 0.5, 1, 2"
[1] "Sim.id 1"
[1] "Data generated"
[1] "   Split: 1"
[1] "   Split: 2"
[1] "Estimates and SE estimates computed"
[1] ""
[[1]]
[[1]]$est
  delta        mu      mu_1      mu_0         de        se_1        se_0
1   0.5 0.4390714 0.2200212 0.5992632 -0.3792420  0.01500789  0.06456697
2   1.0 0.3362113 0.2050133 0.5346962 -0.3296829  0.00000000  0.00000000
3   2.0 0.2638800 0.1938364 0.4803480 -0.2865116 -0.01117694 -0.05434820
           oe         te
1  0.10286013 -0.3146750
2  0.00000000 -0.3296829
3 -0.07233125 -0.3408598

[[1]]$se
  delta         mu       mu_1       mu_0         de       se_1       se_0
1   0.5 0.03469864 0.03119708 0.05144948 0.06057385 0.01536592 0.02550428
2   1.0 0.02791731 0.02923462 0.04433489 0.05079714 0.00000000 0.00000000
3   2.0 0.03336938 0.03845122 0.04574983 0.05465117 0.02033704 0.02021755
          oe         te
1 0.01877387 0.05370544
2 0.00000000 0.05079714
3 0.01812534 0.05511870


[1] "Total run time was 34.453 seconds"
