WARNING: ignoring environment value of R_HOME

Attaching package: ‘dplyr’

The following objects are masked from ‘package:stats’:

    filter, lag

The following objects are masked from ‘package:base’:

    intersect, setdiff, setequal, union

Loading required package: splines
Loading required package: foreach
Loaded gam 1.20.2

Super Learner
Version: 2.0-28
Package created on 2021-05-04

Loading required package: lattice
Loading required package: ggplot2
Loading required package: Matrix
Loaded glmnet 4.1-7
Loading required package: Formula
Loading required package: plotmo
Loading required package: plotrix
Loading required package: TeachingDemos
Loaded gbm 2.1.8.1

Attaching package: ‘xgboost’

The following object is masked from ‘package:dplyr’:

    slice

[1] "[Simulation setting]"
[1] "m: 100"
[1] "deltas: 0.5, 1, 2"
[1] "Sim.id 1"
[1] "Data generated"
[1] "   Split: 1"
[1] "   Split: 2"
[1] "Estimates and SE estimates computed"
[1] ""
[[1]]
[[1]]$est
  delta        mu      mu_1      mu_0         de         se_1         se_0
1   0.5 0.4420941 0.2170350 0.5637544 -0.3467194  0.007178801  0.003635966
2   1.0 0.3716027 0.2098562 0.5601185 -0.3502622  0.000000000  0.000000000
3   2.0 0.3045932 0.2037199 0.5550529 -0.3513330 -0.006136336 -0.005065579
           oe         te
1  0.07049134 -0.3430834
2  0.00000000 -0.3502622
3 -0.06700950 -0.3563986

[[1]]$se
  delta         mu       mu_1       mu_0         de       se_1       se_0
1   0.5 0.03315343 0.03367594 0.05256177 0.06224624 0.02095199 0.02609887
2   1.0 0.02716037 0.03055531 0.04484642 0.05201136 0.00000000 0.00000000
3   2.0 0.03377392 0.04207315 0.05025464 0.06268527 0.02052439 0.02387498
          oe         te
1 0.01955438 0.05500497
2 0.00000000 0.05201136
3 0.01808685 0.05890522


[1] "Total run time was 24.714 seconds"
