WARNING: ignoring environment value of R_HOME

Attaching package: ‘dplyr’

The following objects are masked from ‘package:stats’:

    filter, lag

The following objects are masked from ‘package:base’:

    intersect, setdiff, setequal, union

Loading required package: splines
Loading required package: foreach
Loaded gam 1.20.2

Super Learner
Version: 2.0-28
Package created on 2021-05-04

Loading required package: lattice
Loading required package: ggplot2
Loading required package: Matrix
Loaded glmnet 4.1-7
Loading required package: Formula
Loading required package: plotmo
Loading required package: plotrix
Loading required package: TeachingDemos
Loaded gbm 2.1.8.1

Attaching package: ‘xgboost’

The following object is masked from ‘package:dplyr’:

    slice

[1] "[Simulation setting]"
[1] "m: 100"
[1] "deltas: 0.5, 1, 2"
[1] "Sim.id 1"
[1] "Data generated"
[1] "   Split: 1"
[1] "   Split: 2"
[1] "Estimates and SE estimates computed"
[1] ""
[[1]]
[[1]]$est
  delta        mu      mu_1      mu_0         de        se_1         se_0
1   0.5 0.4635502 0.2584506 0.6091667 -0.3507161  0.03531404  0.019547551
2   1.0 0.3733742 0.2231366 0.5896192 -0.3664826  0.00000000  0.000000000
3   2.0 0.3047718 0.2084203 0.5861845 -0.3777642 -0.01471626 -0.003434701
           oe         te
1  0.09017598 -0.3311686
2  0.00000000 -0.3664826
3 -0.06860244 -0.3811989

[[1]]$se
  delta         mu       mu_1       mu_0         de       se_1       se_0
1   0.5 0.03629536 0.03814769 0.05015581 0.06201869 0.02140454 0.02651490
2   1.0 0.02868000 0.02901782 0.04040311 0.04561159 0.00000000 0.00000000
3   2.0 0.02940168 0.03419081 0.04350458 0.05108242 0.01727397 0.02085208
          oe         te
1 0.01794968 0.05246006
2 0.00000000 0.04561159
3 0.01540389 0.04930637


[1] "Total run time was 28.084 seconds"
