WARNING: ignoring environment value of R_HOME

Attaching package: ‘dplyr’

The following objects are masked from ‘package:stats’:

    filter, lag

The following objects are masked from ‘package:base’:

    intersect, setdiff, setequal, union

Loading required package: splines
Loading required package: foreach
Loaded gam 1.20.2

Super Learner
Version: 2.0-28
Package created on 2021-05-04

Loading required package: lattice
Loading required package: ggplot2
Loading required package: Matrix
Loaded glmnet 4.1-7
Loading required package: Formula
Loading required package: plotmo
Loading required package: plotrix
Loading required package: TeachingDemos
Loaded gbm 2.1.8.1

Attaching package: ‘xgboost’

The following object is masked from ‘package:dplyr’:

    slice

[1] "[Simulation setting]"
[1] "m: 100"
[1] "deltas: 0.5, 1, 2"
[1] "Sim.id 1"
[1] "Data generated"
[1] "   Split: 1"
[1] "   Split: 2"
[1] "Estimates and SE estimates computed"
[1] ""
[[1]]
[[1]]$est
  delta        mu      mu_1      mu_0         de         se_1        se_0
1   0.5 0.4337042 0.2481048 0.5596413 -0.3115365  0.012908204  0.03478500
2   1.0 0.3613970 0.2351966 0.5248563 -0.2896597  0.000000000  0.00000000
3   2.0 0.3059622 0.2313845 0.4912957 -0.2599113 -0.003812143 -0.03356056
           oe         te
1  0.07230717 -0.2767515
2  0.00000000 -0.2896597
3 -0.05543485 -0.2934718

[[1]]$se
  delta         mu       mu_1       mu_0         de       se_1       se_0
1   0.5 0.03231305 0.03600714 0.04745940 0.05980984 0.01896265 0.02195310
2   1.0 0.02635448 0.02732894 0.04249411 0.04681070 0.00000000 0.00000000
3   2.0 0.02631163 0.02800456 0.04668172 0.05036310 0.01430354 0.02329495
          oe         te
1 0.01631029 0.05281569
2 0.00000000 0.04681070
3 0.01436159 0.04802677


[1] "Total run time was 45.027 seconds"
