WARNING: ignoring environment value of R_HOME

Attaching package: ‘dplyr’

The following objects are masked from ‘package:stats’:

    filter, lag

The following objects are masked from ‘package:base’:

    intersect, setdiff, setequal, union

Loading required package: splines
Loading required package: foreach
Loaded gam 1.20.2

Super Learner
Version: 2.0-28
Package created on 2021-05-04

Loading required package: lattice
Loading required package: ggplot2
Loading required package: Matrix
Loaded glmnet 4.1-7
Loading required package: Formula
Loading required package: plotmo
Loading required package: plotrix
Loading required package: TeachingDemos
Loaded gbm 2.1.8.1

Attaching package: ‘xgboost’

The following object is masked from ‘package:dplyr’:

    slice

[1] "[Simulation setting]"
[1] "m: 100"
[1] "deltas: 0.5, 1, 2"
[1] "Sim.id 1"
[1] "Data generated"
[1] "   Split: 1"
[1] "   Split: 2"
[1] "Estimates and SE estimates computed"
[1] ""
[[1]]
[[1]]$est
  delta        mu      mu_1      mu_0         de        se_1        se_0
1   0.5 0.4291307 0.2889859 0.5490881 -0.2601022  0.01718634  0.04435154
2   1.0 0.3586402 0.2717996 0.5047365 -0.2329370  0.00000000  0.00000000
3   2.0 0.3026865 0.2531375 0.4653283 -0.2121908 -0.01866206 -0.03940825
           oe         te
1  0.07049056 -0.2157506
2  0.00000000 -0.2329370
3 -0.05595365 -0.2515990

[[1]]$se
  delta         mu       mu_1       mu_0         de       se_1       se_0
1   0.5 0.04153706 0.03464604 0.06329778 0.06280283 0.01558176 0.02974464
2   1.0 0.03072629 0.02916007 0.04827075 0.04783104 0.00000000 0.00000000
3   2.0 0.02864947 0.02865036 0.04673787 0.04728175 0.01111110 0.02290680
          oe         te
1 0.02235816 0.04736912
2 0.00000000 0.04783104
3 0.01347244 0.05004702


[1] "Total run time was 20.083 seconds"
