WARNING: ignoring environment value of R_HOME

Attaching package: ‘dplyr’

The following objects are masked from ‘package:stats’:

    filter, lag

The following objects are masked from ‘package:base’:

    intersect, setdiff, setequal, union

Loading required package: splines
Loading required package: foreach
Loaded gam 1.20.2

Super Learner
Version: 2.0-28
Package created on 2021-05-04

Loading required package: lattice
Loading required package: ggplot2
Loading required package: Matrix
Loaded glmnet 4.1-7
Loading required package: Formula
Loading required package: plotmo
Loading required package: plotrix
Loading required package: TeachingDemos
Loaded gbm 2.1.8.1

Attaching package: ‘xgboost’

The following object is masked from ‘package:dplyr’:

    slice

[1] "[Simulation setting]"
[1] "m: 100"
[1] "deltas: 0.5, 1, 2"
[1] "Sim.id 1"
[1] "Data generated"
[1] "   Split: 1"
[1] "   Split: 2"
[1] "Estimates and SE estimates computed"
[1] ""
[[1]]
[[1]]$est
  delta        mu      mu_1      mu_0         de        se_1          se_0
1   0.5 0.4884355 0.3355509 0.6122455 -0.2766946  0.03171636  0.0009555114
2   1.0 0.4239399 0.3038345 0.6112900 -0.3074554  0.00000000  0.0000000000
3   2.0 0.3649574 0.2841094 0.6003616 -0.3162522 -0.01972512 -0.0109283122
           oe         te
1  0.06449563 -0.2757391
2  0.00000000 -0.3074554
3 -0.05898241 -0.3271806

[[1]]$se
  delta         mu       mu_1       mu_0         de       se_1       se_0
1   0.5 0.02979601 0.03505786 0.03734434 0.04376970 0.01806324 0.01775276
2   1.0 0.02829253 0.03147623 0.03903579 0.04160810 0.00000000 0.00000000
3   2.0 0.03081527 0.03508420 0.04833378 0.05502627 0.01436916 0.02147090
          oe         te
1 0.01433447 0.04398061
2 0.00000000 0.04160810
3 0.01359387 0.04615425


[1] "Total run time was 29.582 seconds"
