WARNING: ignoring environment value of R_HOME

Attaching package: ‘dplyr’

The following objects are masked from ‘package:stats’:

    filter, lag

The following objects are masked from ‘package:base’:

    intersect, setdiff, setequal, union

Loading required package: splines
Loading required package: foreach
Loaded gam 1.20.2

Super Learner
Version: 2.0-28
Package created on 2021-05-04

Loading required package: lattice
Loading required package: ggplot2
Loading required package: Matrix
Loaded glmnet 4.1-7
Loading required package: Formula
Loading required package: plotmo
Loading required package: plotrix
Loading required package: TeachingDemos
Loaded gbm 2.1.8.1

Attaching package: ‘xgboost’

The following object is masked from ‘package:dplyr’:

    slice

[1] "[Simulation setting]"
[1] "m: 100"
[1] "deltas: 0.5, 1, 2"
[1] "Sim.id 1"
[1] "Data generated"
[1] "   Split: 1"
[1] "   Split: 2"
[1] "Estimates and SE estimates computed"
[1] ""
[[1]]
[[1]]$est
  delta        mu      mu_1      mu_0         de        se_1        se_0
1   0.5 0.3999958 0.2531273 0.5330661 -0.2799388  0.02471448  0.02499510
2   1.0 0.3339389 0.2284128 0.5080710 -0.2796582  0.00000000  0.00000000
3   2.0 0.2761951 0.2062198 0.4912443 -0.2850245 -0.02219296 -0.01682673
           oe         te
1  0.06605693 -0.2549437
2  0.00000000 -0.2796582
3 -0.05774373 -0.3018512

[[1]]$se
  delta         mu       mu_1       mu_0         de       se_1       se_0
1   0.5 0.03588914 0.03604002 0.04512216 0.05035716 0.01773533 0.01901898
2   1.0 0.03011099 0.03086375 0.04240681 0.04645517 0.00000000 0.00000000
3   2.0 0.02949828 0.03232351 0.04953170 0.05821501 0.01279859 0.02373277
          oe         te
1 0.01579339 0.04787073
2 0.00000000 0.04645517
3 0.01298323 0.04868699


[1] "Total run time was 21.683 seconds"
