WARNING: ignoring environment value of R_HOME

Attaching package: ‘dplyr’

The following objects are masked from ‘package:stats’:

    filter, lag

The following objects are masked from ‘package:base’:

    intersect, setdiff, setequal, union

Loading required package: splines
Loading required package: foreach
Loaded gam 1.20.2

Super Learner
Version: 2.0-28
Package created on 2021-05-04

Loading required package: lattice
Loading required package: ggplot2
Loading required package: Matrix
Loaded glmnet 4.1-7
Loading required package: Formula
Loading required package: plotmo
Loading required package: plotrix
Loading required package: TeachingDemos
Loaded gbm 2.1.8.1

Attaching package: ‘xgboost’

The following object is masked from ‘package:dplyr’:

    slice

[1] "[Simulation setting]"
[1] "m: 100"
[1] "deltas: 0.5, 1, 2"
[1] "Sim.id 1"
[1] "Data generated"
[1] "   Split: 1"
[1] "   Split: 2"
[1] "Estimates and SE estimates computed"
[1] ""
[[1]]
[[1]]$est
  delta        mu      mu_1      mu_0         de        se_1        se_0
1   0.5 0.5017945 0.2677476 0.6490676 -0.3813200  0.03077402  0.04918812
2   1.0 0.3968257 0.2369736 0.5998795 -0.3629059  0.00000000  0.00000000
3   2.0 0.3055959 0.2053502 0.5652664 -0.3599161 -0.03162336 -0.03461315
           oe         te
1  0.10496876 -0.3321319
2  0.00000000 -0.3629059
3 -0.09122986 -0.3945293

[[1]]$se
  delta         mu       mu_1       mu_0         de       se_1       se_0
1   0.5 0.03746507 0.03318975 0.04743962 0.05564076 0.01587227 0.02097639
2   1.0 0.03039012 0.02782187 0.04066523 0.04523229 0.00000000 0.00000000
3   2.0 0.02863366 0.02763124 0.04450623 0.04787926 0.01100694 0.02179453
          oe         te
1 0.01685377 0.04942948
2 0.00000000 0.04523229
3 0.01253173 0.04503362


[1] "Total run time was 26.18 seconds"
