WARNING: ignoring environment value of R_HOME

Attaching package: ‘dplyr’

The following objects are masked from ‘package:stats’:

    filter, lag

The following objects are masked from ‘package:base’:

    intersect, setdiff, setequal, union

Loading required package: splines
Loading required package: foreach
Loaded gam 1.20.2

Super Learner
Version: 2.0-28
Package created on 2021-05-04

Loading required package: lattice
Loading required package: ggplot2
Loading required package: Matrix
Loaded glmnet 4.1-7
Loading required package: Formula
Loading required package: plotmo
Loading required package: plotrix
Loading required package: TeachingDemos
Loaded gbm 2.1.8.1

Attaching package: ‘xgboost’

The following object is masked from ‘package:dplyr’:

    slice

[1] "[Simulation setting]"
[1] "m: 100"
[1] "deltas: 0.5, 1, 2"
[1] "Sim.id 1"
[1] "Data generated"
[1] "   Split: 1"
[1] "   Split: 2"
[1] "Estimates and SE estimates computed"
[1] ""
[[1]]
[[1]]$est
  delta        mu      mu_1      mu_0         de         se_1         se_0
1   0.5 0.4734680 0.2523652 0.5975454 -0.3451802  0.008998381 -0.008177774
2   1.0 0.4156156 0.2433668 0.6057232 -0.3623564  0.000000000  0.000000000
3   2.0 0.3470975 0.2305108 0.6041204 -0.3736096 -0.012855997 -0.001602790
           oe         te
1  0.05785244 -0.3533580
2  0.00000000 -0.3623564
3 -0.06851812 -0.3752124

[[1]]$se
  delta         mu       mu_1       mu_0         de       se_1       se_0
1   0.5 0.03239174 0.03639476 0.04360254 0.05263411 0.01775786 0.01974067
2   1.0 0.02828568 0.03233987 0.04005197 0.04759779 0.00000000 0.00000000
3   2.0 0.03216212 0.03878705 0.04496998 0.05725383 0.01799973 0.02063836
          oe         te
1 0.01568090 0.04966256
2 0.00000000 0.04759779
3 0.01651826 0.05296411


[1] "Total run time was 19.187 seconds"
