WARNING: ignoring environment value of R_HOME

Attaching package: ‘dplyr’

The following objects are masked from ‘package:stats’:

    filter, lag

The following objects are masked from ‘package:base’:

    intersect, setdiff, setequal, union

Loading required package: splines
Loading required package: foreach
Loaded gam 1.20.2

Super Learner
Version: 2.0-28
Package created on 2021-05-04

Loading required package: lattice
Loading required package: ggplot2
Loading required package: Matrix
Loaded glmnet 4.1-7
Loading required package: Formula
Loading required package: plotmo
Loading required package: plotrix
Loading required package: TeachingDemos
Loaded gbm 2.1.8.1

Attaching package: ‘xgboost’

The following object is masked from ‘package:dplyr’:

    slice

[1] "[Simulation setting]"
[1] "m: 100"
[1] "deltas: 0.5, 1, 2"
[1] "Sim.id 1"
[1] "Data generated"
[1] "   Split: 1"
[1] "   Split: 2"
[1] "Estimates and SE estimates computed"
[1] ""
[[1]]
[[1]]$est
  delta        mu      mu_1      mu_0         de         se_1        se_0
1   0.5 0.4384017 0.2658499 0.5878837 -0.3220338  0.009973595  0.03598694
2   1.0 0.3690825 0.2558763 0.5518967 -0.2960204  0.000000000  0.00000000
3   2.0 0.3212788 0.2514080 0.5371613 -0.2857532 -0.004468286 -0.01473546
           oe         te
1  0.06931919 -0.2860468
2  0.00000000 -0.2960204
3 -0.04780367 -0.3004887

[[1]]$se
  delta         mu       mu_1       mu_0         de       se_1       se_0
1   0.5 0.03247288 0.03359848 0.05289787 0.06650448 0.01789693 0.02040191
2   1.0 0.02726699 0.02830402 0.04684310 0.05337735 0.00000000 0.00000000
3   2.0 0.02857734 0.03175798 0.04532252 0.05110185 0.01370136 0.01970752
          oe         te
1 0.01398274 0.06061055
2 0.00000000 0.05337735
3 0.01357426 0.05319677


[1] "Total run time was 30.143 seconds"
