WARNING: ignoring environment value of R_HOME

Attaching package: ‘dplyr’

The following objects are masked from ‘package:stats’:

    filter, lag

The following objects are masked from ‘package:base’:

    intersect, setdiff, setequal, union

Loading required package: splines
Loading required package: foreach
Loaded gam 1.20.2

Super Learner
Version: 2.0-28
Package created on 2021-05-04

Loading required package: lattice
Loading required package: ggplot2
Loading required package: Matrix
Loaded glmnet 4.1-7
Loading required package: Formula
Loading required package: plotmo
Loading required package: plotrix
Loading required package: TeachingDemos
Loaded gbm 2.1.8.1

Attaching package: ‘xgboost’

The following object is masked from ‘package:dplyr’:

    slice

[1] "[Simulation setting]"
[1] "m: 100"
[1] "deltas: 0.5, 1, 2"
[1] "Sim.id 1"
[1] "Data generated"
[1] "   Split: 1"
[1] "   Split: 2"
[1] "Estimates and SE estimates computed"
[1] ""
[[1]]
[[1]]$est
  delta        mu      mu_1      mu_0         de         se_1        se_0
1   0.5 0.4490140 0.2165905 0.6232159 -0.4066254 -0.004899265  0.07237403
2   1.0 0.3569815 0.2214898 0.5508419 -0.3293521  0.000000000  0.00000000
3   2.0 0.3027776 0.2261952 0.5136250 -0.2874298  0.004705446 -0.03721689
           oe         te
1  0.09203250 -0.3342514
2  0.00000000 -0.3293521
3 -0.05420396 -0.3246467

[[1]]$se
  delta         mu       mu_1       mu_0         de       se_1       se_0
1   0.5 0.04916079 0.03714598 0.07738922 0.08052249 0.01854456 0.04760578
2   1.0 0.03480668 0.03561787 0.04952466 0.05207676 0.00000000 0.00000000
3   2.0 0.03541889 0.04031725 0.05184184 0.06004675 0.01555447 0.02527510
          oe         te
1 0.03034925 0.05138700
2 0.00000000 0.05207676
3 0.01669600 0.05723407


[1] "Total run time was 25.74 seconds"
