WARNING: ignoring environment value of R_HOME

Attaching package: ‘dplyr’

The following objects are masked from ‘package:stats’:

    filter, lag

The following objects are masked from ‘package:base’:

    intersect, setdiff, setequal, union

Loading required package: splines
Loading required package: foreach
Loaded gam 1.20.2

Super Learner
Version: 2.0-28
Package created on 2021-05-04

Loading required package: lattice
Loading required package: ggplot2
Loading required package: Matrix
Loaded glmnet 4.1-7
Loading required package: Formula
Loading required package: plotmo
Loading required package: plotrix
Loading required package: TeachingDemos
Loaded gbm 2.1.8.1

Attaching package: ‘xgboost’

The following object is masked from ‘package:dplyr’:

    slice

[1] "[Simulation setting]"
[1] "m: 100"
[1] "deltas: 0.5, 1, 2"
[1] "Sim.id 1"
[1] "Data generated"
[1] "   Split: 1"
[1] "   Split: 2"
[1] "Estimates and SE estimates computed"
[1] ""
[[1]]
[[1]]$est
  delta        mu      mu_1      mu_0         de        se_1        se_0
1   0.5 0.4727427 0.3131820 0.5929385 -0.2797565  0.04451417  0.05960736
2   1.0 0.3763207 0.2686678 0.5333311 -0.2646633  0.00000000  0.00000000
3   2.0 0.3092986 0.2514849 0.4757550 -0.2242701 -0.01718286 -0.05757608
           oe         te
1  0.09642205 -0.2201491
2  0.00000000 -0.2646633
3 -0.06702203 -0.2818462

[[1]]$se
  delta         mu       mu_1       mu_0         de       se_1       se_0
1   0.5 0.03844752 0.04168766 0.04779324 0.05542748 0.02241933 0.01873221
2   1.0 0.03198665 0.03307909 0.04334365 0.04328828 0.00000000 0.00000000
3   2.0 0.03357870 0.03851237 0.04668534 0.05090166 0.01952263 0.02052928
          oe         te
1 0.01664029 0.04848729
2 0.00000000 0.04328828
3 0.01834289 0.05012998


[1] "Total run time was 34.513 seconds"
