WARNING: ignoring environment value of R_HOME

Attaching package: ‘dplyr’

The following objects are masked from ‘package:stats’:

    filter, lag

The following objects are masked from ‘package:base’:

    intersect, setdiff, setequal, union

Loading required package: splines
Loading required package: foreach
Loaded gam 1.20.2

Super Learner
Version: 2.0-28
Package created on 2021-05-04

Loading required package: lattice
Loading required package: ggplot2
Loading required package: Matrix
Loaded glmnet 4.1-7
Loading required package: Formula
Loading required package: plotmo
Loading required package: plotrix
Loading required package: TeachingDemos
Loaded gbm 2.1.8.1

Attaching package: ‘xgboost’

The following object is masked from ‘package:dplyr’:

    slice

[1] "[Simulation setting]"
[1] "m: 100"
[1] "deltas: 0.5, 1, 2"
[1] "Sim.id 1"
[1] "Data generated"
[1] "   Split: 1"
[1] "   Split: 2"
[1] "Estimates and SE estimates computed"
[1] ""
[[1]]
[[1]]$est
  delta        mu      mu_1      mu_0         de        se_1         se_0
1   0.5 0.4410070 0.2877782 0.5582084 -0.2704302  0.02689662  0.001581848
2   1.0 0.3805708 0.2608816 0.5566266 -0.2957450  0.00000000  0.000000000
3   2.0 0.3070104 0.2189313 0.5560625 -0.3371312 -0.04195031 -0.000564032
           oe         te
1  0.06043617 -0.2688483
2  0.00000000 -0.2957450
3 -0.07356039 -0.3376953

[[1]]$se
  delta         mu       mu_1       mu_0         de       se_1       se_0
1   0.5 0.02895849 0.03538086 0.03819993 0.04884669 0.01275471 0.02018674
2   1.0 0.02828960 0.03178520 0.03836730 0.04486515 0.00000000 0.00000000
3   2.0 0.02906381 0.03128669 0.04516593 0.05070815 0.01167314 0.01847856
           oe         te
1 0.013091837 0.04824591
2 0.000000000 0.04486515
3 0.009926556 0.04327075


[1] "Total run time was 23.148 seconds"
