WARNING: ignoring environment value of R_HOME

Attaching package: ‘dplyr’

The following objects are masked from ‘package:stats’:

    filter, lag

The following objects are masked from ‘package:base’:

    intersect, setdiff, setequal, union

Loading required package: splines
Loading required package: foreach
Loaded gam 1.20.2

Super Learner
Version: 2.0-28
Package created on 2021-05-04

Loading required package: lattice
Loading required package: ggplot2
Loading required package: Matrix
Loaded glmnet 4.1-7
Loading required package: Formula
Loading required package: plotmo
Loading required package: plotrix
Loading required package: TeachingDemos
Loaded gbm 2.1.8.1

Attaching package: ‘xgboost’

The following object is masked from ‘package:dplyr’:

    slice

[1] "[Simulation setting]"
[1] "m: 100"
[1] "deltas: 0.5, 1, 2"
[1] "Sim.id 1"
[1] "Data generated"
[1] "   Split: 1"
[1] "   Split: 2"
[1] "Estimates and SE estimates computed"
[1] ""
[[1]]
[[1]]$est
  delta        mu      mu_1      mu_0         de         se_1        se_0
1   0.5 0.4042001 0.1904741 0.5183863 -0.3279122  0.014484311  0.02035843
2   1.0 0.3234827 0.1759898 0.4980279 -0.3220381  0.000000000  0.00000000
3   2.0 0.2575427 0.1660490 0.4876930 -0.3216440 -0.009940769 -0.01033488
           oe         te
1  0.08071741 -0.3075538
2  0.00000000 -0.3220381
3 -0.06594000 -0.3319788

[[1]]$se
  delta         mu       mu_1       mu_0         de       se_1       se_0
1   0.5 0.03558087 0.03460909 0.04810347 0.04881146 0.01884380 0.02503001
2   1.0 0.02698001 0.02775516 0.03869121 0.04164426 0.00000000 0.00000000
3   2.0 0.02625309 0.02766822 0.04472611 0.04899141 0.01217374 0.02533476
          oe         te
1 0.01937462 0.04242916
2 0.00000000 0.04164426
3 0.01380265 0.04391474


[1] "Total run time was 32.972 seconds"
