WARNING: ignoring environment value of R_HOME

Attaching package: ‘dplyr’

The following objects are masked from ‘package:stats’:

    filter, lag

The following objects are masked from ‘package:base’:

    intersect, setdiff, setequal, union

Loading required package: splines
Loading required package: foreach
Loaded gam 1.20.2

Super Learner
Version: 2.0-28
Package created on 2021-05-04

Loading required package: lattice
Loading required package: ggplot2
Loading required package: Matrix
Loaded glmnet 4.1-7
Loading required package: Formula
Loading required package: plotmo
Loading required package: plotrix
Loading required package: TeachingDemos
Loaded gbm 2.1.8.1

Attaching package: ‘xgboost’

The following object is masked from ‘package:dplyr’:

    slice

[1] "[Simulation setting]"
[1] "m: 100"
[1] "deltas: 0.5, 1, 2"
[1] "Sim.id 1"
[1] "Data generated"
[1] "   Split: 1"
[1] "   Split: 2"
[1] "Estimates and SE estimates computed"
[1] ""
[[1]]
[[1]]$est
  delta        mu      mu_1      mu_0         de        se_1        se_0
1   0.5 0.3420131 0.1903003 0.4598611 -0.2695608 -0.01263781  0.03515043
2   1.0 0.2898784 0.2029381 0.4247107 -0.2217725  0.00000000  0.00000000
3   2.0 0.2697636 0.2255013 0.4027139 -0.1772126  0.02256320 -0.02199675
           oe         te
1  0.05213468 -0.2344103
2  0.00000000 -0.2217725
3 -0.02011481 -0.1992093

[[1]]$se
  delta         mu       mu_1       mu_0         de       se_1       se_0
1   0.5 0.03572711 0.03068263 0.04564210 0.04276992 0.01496692 0.02195209
2   1.0 0.02697787 0.02792112 0.03915481 0.04101363 0.00000000 0.00000000
3   2.0 0.02955997 0.03343474 0.04355671 0.04902114 0.01361974 0.02057121
          oe         te
1 0.01866521 0.03974368
2 0.00000000 0.04101363
3 0.01536464 0.04596500


[1] "Total run time was 29.945 seconds"
