WARNING: ignoring environment value of R_HOME

Attaching package: ‘dplyr’

The following objects are masked from ‘package:stats’:

    filter, lag

The following objects are masked from ‘package:base’:

    intersect, setdiff, setequal, union

Loading required package: splines
Loading required package: foreach
Loaded gam 1.20.2

Super Learner
Version: 2.0-28
Package created on 2021-05-04

Loading required package: lattice
Loading required package: ggplot2
Loading required package: Matrix
Loaded glmnet 4.1-7
Loading required package: Formula
Loading required package: plotmo
Loading required package: plotrix
Loading required package: TeachingDemos
Loaded gbm 2.1.8.1

Attaching package: ‘xgboost’

The following object is masked from ‘package:dplyr’:

    slice

[1] "[Simulation setting]"
[1] "m: 100"
[1] "deltas: 0.5, 1, 2"
[1] "Sim.id 1"
[1] "Data generated"
[1] "   Split: 1"
[1] "   Split: 2"
[1] "Estimates and SE estimates computed"
[1] ""
[[1]]
[[1]]$est
  delta        mu      mu_1      mu_0         de        se_1        se_0
1   0.5 0.3693048 0.2150768 0.4611762 -0.2460994  0.04957293 -0.04609403
2   1.0 0.3119008 0.1655039 0.5072703 -0.3417664  0.00000000  0.00000000
3   2.0 0.2326309 0.1291046 0.5205760 -0.3914714 -0.03639924  0.01330577
           oe         te
1  0.05740396 -0.2921935
2  0.00000000 -0.3417664
3 -0.07926991 -0.3781656

[[1]]$se
  delta         mu       mu_1       mu_0         de       se_1       se_0
1   0.5 0.03819264 0.03168039 0.05668829 0.05669926 0.01512742 0.03370173
2   1.0 0.02795845 0.02369343 0.04039569 0.04094807 0.00000000 0.00000000
3   2.0 0.02459270 0.02309902 0.04071359 0.04440653 0.01090152 0.02031125
          oe         te
1 0.02168379 0.04165094
2 0.00000000 0.04094807
3 0.01244142 0.04271099


[1] "Total run time was 36.595 seconds"
