WARNING: ignoring environment value of R_HOME

Attaching package: ‘dplyr’

The following objects are masked from ‘package:stats’:

    filter, lag

The following objects are masked from ‘package:base’:

    intersect, setdiff, setequal, union

Loading required package: splines
Loading required package: foreach
Loaded gam 1.20.2

Super Learner
Version: 2.0-28
Package created on 2021-05-04

Loading required package: lattice
Loading required package: ggplot2
Loading required package: Matrix
Loaded glmnet 4.1-7
Loading required package: Formula
Loading required package: plotmo
Loading required package: plotrix
Loading required package: TeachingDemos
Loaded gbm 2.1.8.1

Attaching package: ‘xgboost’

The following object is masked from ‘package:dplyr’:

    slice

[1] "[Simulation setting]"
[1] "m: 100"
[1] "deltas: 0.5, 1, 2"
[1] "Sim.id 1"
[1] "Data generated"
[1] "   Split: 1"
[1] "   Split: 2"
[1] "Estimates and SE estimates computed"
[1] ""
[[1]]
[[1]]$est
  delta        mu      mu_1      mu_0         de        se_1        se_0
1   0.5 0.4343811 0.2247818 0.5634075 -0.3386257  0.01564107  0.03372405
2   1.0 0.3559136 0.2091407 0.5296835 -0.3205427  0.00000000  0.00000000
3   2.0 0.2734591 0.1757902 0.4885757 -0.3127855 -0.03335052 -0.04110774
           oe         te
1  0.07846744 -0.3049016
2  0.00000000 -0.3205427
3 -0.08245454 -0.3538932

[[1]]$se
  delta         mu       mu_1       mu_0         de       se_1       se_0
1   0.5 0.03107176 0.03398208 0.03941168 0.04873323 0.01440853 0.01834257
2   1.0 0.02954020 0.02926687 0.03852903 0.04244896 0.00000000 0.00000000
3   2.0 0.02874109 0.02695214 0.04384980 0.04373195 0.01144322 0.01837019
          oe         te
1 0.01336636 0.04615333
2 0.00000000 0.04244896
3 0.01120249 0.04116693


[1] "Total run time was 22.907 seconds"
