WARNING: ignoring environment value of R_HOME

Attaching package: ‘dplyr’

The following objects are masked from ‘package:stats’:

    filter, lag

The following objects are masked from ‘package:base’:

    intersect, setdiff, setequal, union

Loading required package: splines
Loading required package: foreach
Loaded gam 1.20.2

Super Learner
Version: 2.0-28
Package created on 2021-05-04

Loading required package: lattice
Loading required package: ggplot2
Loading required package: Matrix
Loaded glmnet 4.1-7
Loading required package: Formula
Loading required package: plotmo
Loading required package: plotrix
Loading required package: TeachingDemos
Loaded gbm 2.1.8.1

Attaching package: ‘xgboost’

The following object is masked from ‘package:dplyr’:

    slice

[1] "[Simulation setting]"
[1] "m: 100"
[1] "deltas: 0.5, 1, 2"
[1] "Sim.id 1"
[1] "Data generated"
[1] "   Split: 1"
[1] "   Split: 2"
[1] "Estimates and SE estimates computed"
[1] ""
[[1]]
[[1]]$est
  delta        mu      mu_1      mu_0         de        se_1       se_0
1   0.5 0.4309656 0.2833384 0.5358403 -0.2525019  0.03874772 0.01479752
2   1.0 0.3610304 0.2445907 0.5210428 -0.2764521  0.00000000 0.00000000
3   2.0 0.2920188 0.2023651 0.5395386 -0.3371735 -0.04222554 0.01849586
           oe         te
1  0.06993523 -0.2377044
2  0.00000000 -0.2764521
3 -0.06901160 -0.3186777

[[1]]$se
  delta         mu       mu_1       mu_0         de       se_1       se_0
1   0.5 0.03761187 0.03488115 0.06016449 0.06806765 0.01535114 0.03988464
2   1.0 0.02783357 0.02804367 0.04359019 0.04539158 0.00000000 0.00000000
3   2.0 0.02737271 0.02673556 0.04871848 0.04699983 0.01184348 0.02005457
          oe         te
1 0.02349288 0.05072318
2 0.00000000 0.04539158
3 0.01122728 0.04460854


[1] "Total run time was 29.725 seconds"
