WARNING: ignoring environment value of R_HOME

Attaching package: ‘dplyr’

The following objects are masked from ‘package:stats’:

    filter, lag

The following objects are masked from ‘package:base’:

    intersect, setdiff, setequal, union

Loading required package: splines
Loading required package: foreach
Loaded gam 1.20.2

Super Learner
Version: 2.0-28
Package created on 2021-05-04

Loading required package: lattice
Loading required package: ggplot2
Loading required package: Matrix
Loaded glmnet 4.1-7
Loading required package: Formula
Loading required package: plotmo
Loading required package: plotrix
Loading required package: TeachingDemos
Loaded gbm 2.1.8.1

Attaching package: ‘xgboost’

The following object is masked from ‘package:dplyr’:

    slice

[1] "[Simulation setting]"
[1] "m: 100"
[1] "deltas: 0.5, 1, 2"
[1] "Sim.id 1"
[1] "Data generated"
[1] "   Split: 1"
[1] "   Split: 2"
[1] "Estimates and SE estimates computed"
[1] ""
[[1]]
[[1]]$est
  delta        mu      mu_1      mu_0         de        se_1        se_0
1   0.5 0.4494724 0.2927930 0.5730379 -0.2802449  0.02902554 0.026835531
2   1.0 0.3760759 0.2637675 0.5462024 -0.2824349  0.00000000 0.000000000
3   2.0 0.3218088 0.2442914 0.5537156 -0.3094243 -0.01947611 0.007513234
           oe         te
1  0.07339650 -0.2534094
2  0.00000000 -0.2824349
3 -0.05426708 -0.3019110

[[1]]$se
  delta         mu       mu_1       mu_0         de       se_1       se_0
1   0.5 0.04134837 0.04216977 0.06000428 0.06159364 0.02092646 0.03645987
2   1.0 0.02990163 0.03221174 0.04400102 0.05008665 0.00000000 0.00000000
3   2.0 0.03000249 0.03278850 0.04792083 0.05731585 0.01438306 0.02304762
          oe         te
1 0.02199770 0.05492069
2 0.00000000 0.05008665
3 0.01380489 0.05117583


[1] "Total run time was 24.521 seconds"
