WARNING: ignoring environment value of R_HOME

Attaching package: ‘dplyr’

The following objects are masked from ‘package:stats’:

    filter, lag

The following objects are masked from ‘package:base’:

    intersect, setdiff, setequal, union

Loading required package: splines
Loading required package: foreach
Loaded gam 1.20.2

Super Learner
Version: 2.0-28
Package created on 2021-05-04

Loading required package: lattice
Loading required package: ggplot2
Loading required package: Matrix
Loaded glmnet 4.1-7
Loading required package: Formula
Loading required package: plotmo
Loading required package: plotrix
Loading required package: TeachingDemos
Loaded gbm 2.1.8.1

Attaching package: ‘xgboost’

The following object is masked from ‘package:dplyr’:

    slice

[1] "[Simulation setting]"
[1] "m: 100"
[1] "deltas: 0.5, 1, 2"
[1] "Sim.id 1"
[1] "Data generated"
[1] "   Split: 1"
[1] "   Split: 2"
[1] "Estimates and SE estimates computed"
[1] ""
[[1]]
[[1]]$est
  delta        mu      mu_1      mu_0         de        se_1        se_0
1   0.5 0.4709947 0.2291610 0.6221072 -0.3929462  0.02933462  0.07609584
2   1.0 0.3493845 0.1998264 0.5460114 -0.3461850  0.00000000  0.00000000
3   2.0 0.2557080 0.1706451 0.4909615 -0.3203164 -0.02918125 -0.05504985
          oe         te
1  0.1216103 -0.3168503
2  0.0000000 -0.3461850
3 -0.0936765 -0.3753662

[[1]]$se
  delta         mu       mu_1       mu_0         de       se_1       se_0
1   0.5 0.03941014 0.03333118 0.05222153 0.05539669 0.01898761 0.02483555
2   1.0 0.02895838 0.02536639 0.04642434 0.04852479 0.00000000 0.00000000
3   2.0 0.02601198 0.02703434 0.05042896 0.05587362 0.01261886 0.02174330
          oe         te
1 0.01813368 0.05117073
2 0.00000000 0.04852479
3 0.01349270 0.05042066


[1] "Total run time was 45.43 seconds"
