WARNING: ignoring environment value of R_HOME

Attaching package: ‘dplyr’

The following objects are masked from ‘package:stats’:

    filter, lag

The following objects are masked from ‘package:base’:

    intersect, setdiff, setequal, union

Loading required package: splines
Loading required package: foreach
Loaded gam 1.20.2

Super Learner
Version: 2.0-28
Package created on 2021-05-04

Loading required package: lattice
Loading required package: ggplot2
Loading required package: Matrix
Loaded glmnet 4.1-7
Loading required package: Formula
Loading required package: plotmo
Loading required package: plotrix
Loading required package: TeachingDemos
Loaded gbm 2.1.8.1

Attaching package: ‘xgboost’

The following object is masked from ‘package:dplyr’:

    slice

[1] "[Simulation setting]"
[1] "m: 100"
[1] "deltas: 0.5, 1, 2"
[1] "Sim.id 1"
[1] "Data generated"
[1] "   Split: 1"
[1] "   Split: 2"
[1] "Estimates and SE estimates computed"
[1] ""
[[1]]
[[1]]$est
  delta        mu      mu_1      mu_0         de        se_1        se_0
1   0.5 0.4406538 0.2594136 0.5435249 -0.2841113  0.04093713 -0.03852654
2   1.0 0.3771337 0.2184765 0.5820515 -0.3635750  0.00000000  0.00000000
3   2.0 0.2741066 0.1493619 0.6246199 -0.4752580 -0.06911464  0.04256842
           oe         te
1  0.06352011 -0.3226379
2  0.00000000 -0.3635750
3 -0.10302713 -0.4326896

[[1]]$se
  delta         mu       mu_1       mu_0         de       se_1       se_0
1   0.5 0.03104202 0.03369770 0.04703411 0.05628740 0.01864273 0.02564289
2   1.0 0.02703350 0.02753878 0.04312449 0.05015565 0.00000000 0.00000000
3   2.0 0.03148765 0.03446293 0.05440364 0.06625077 0.02014203 0.02746707
          oe         te
1 0.01752152 0.05302854
2 0.00000000 0.05015565
3 0.01725189 0.05551664


[1] "Total run time was 24.542 seconds"
