WARNING: ignoring environment value of R_HOME

Attaching package: ‘dplyr’

The following objects are masked from ‘package:stats’:

    filter, lag

The following objects are masked from ‘package:base’:

    intersect, setdiff, setequal, union

Loading required package: splines
Loading required package: foreach
Loaded gam 1.20.2

Super Learner
Version: 2.0-28
Package created on 2021-05-04

Loading required package: lattice
Loading required package: ggplot2
Loading required package: Matrix
Loaded glmnet 4.1-7
Loading required package: Formula
Loading required package: plotmo
Loading required package: plotrix
Loading required package: TeachingDemos
Loaded gbm 2.1.8.1

Attaching package: ‘xgboost’

The following object is masked from ‘package:dplyr’:

    slice

[1] "[Simulation setting]"
[1] "m: 100"
[1] "deltas: 0.5, 1, 2"
[1] "Sim.id 1"
[1] "Data generated"
[1] "   Split: 1"
[1] "   Split: 2"
[1] "Estimates and SE estimates computed"
[1] ""
[[1]]
[[1]]$est
  delta        mu      mu_1      mu_0         de         se_1        se_0
1   0.5 0.4562143 0.3151981 0.5534635 -0.2382654  0.004397392  0.03994344
2   1.0 0.3943191 0.3108007 0.5135201 -0.2027193  0.000000000  0.00000000
3   2.0 0.3515998 0.3057081 0.4918846 -0.1861765 -0.005092604 -0.02163549
           oe         te
1  0.06189513 -0.1983220
2  0.00000000 -0.2027193
3 -0.04271932 -0.2078120

[[1]]$se
  delta         mu       mu_1       mu_0         de       se_1       se_0
1   0.5 0.03514659 0.03674225 0.04363708 0.04736668 0.01543955 0.02235810
2   1.0 0.03204776 0.03552104 0.04072207 0.04377515 0.00000000 0.00000000
3   2.0 0.03346770 0.03739204 0.04866851 0.05344431 0.01347917 0.02073307
          oe         te
1 0.01693307 0.04298375
2 0.00000000 0.04377515
3 0.01365330 0.04693293


[1] "Total run time was 41.85 seconds"
