WARNING: ignoring environment value of R_HOME

Attaching package: ‘dplyr’

The following objects are masked from ‘package:stats’:

    filter, lag

The following objects are masked from ‘package:base’:

    intersect, setdiff, setequal, union

Loading required package: splines
Loading required package: foreach
Loaded gam 1.20.2

Super Learner
Version: 2.0-28
Package created on 2021-05-04

Loading required package: lattice
Loading required package: ggplot2
Loading required package: Matrix
Loaded glmnet 4.1-7
Loading required package: Formula
Loading required package: plotmo
Loading required package: plotrix
Loading required package: TeachingDemos
Loaded gbm 2.1.8.1

Attaching package: ‘xgboost’

The following object is masked from ‘package:dplyr’:

    slice

[1] "[Simulation setting]"
[1] "m: 100"
[1] "deltas: 0.5, 1, 2"
[1] "Sim.id 1"
[1] "Data generated"
[1] "   Split: 1"
[1] "   Split: 2"
[1] "Estimates and SE estimates computed"
[1] ""
[[1]]
[[1]]$est
  delta        mu      mu_1      mu_0         de        se_1        se_0
1   0.5 0.3811933 0.2246335 0.4859307 -0.2612972  0.02680609  0.01141258
2   1.0 0.3079279 0.1978274 0.4745181 -0.2766908  0.00000000  0.00000000
3   2.0 0.2281195 0.1679879 0.4273200 -0.2593321 -0.02983947 -0.04719808
           oe         te
1  0.07326540 -0.2498847
2  0.00000000 -0.2766908
3 -0.07980844 -0.3065302

[[1]]$se
  delta         mu       mu_1       mu_0         de       se_1       se_0
1   0.5 0.03415842 0.03822199 0.04723806 0.05391111 0.01926109 0.02190737
2   1.0 0.02997422 0.03474366 0.04078251 0.04697659 0.00000000 0.00000000
3   2.0 0.03339168 0.04177517 0.04344231 0.05606618 0.01806892 0.02022741
          oe         te
1 0.01577302 0.04825766
2 0.00000000 0.04697659
3 0.01624218 0.05362910


[1] "Total run time was 18.702 seconds"
