WARNING: ignoring environment value of R_HOME

Attaching package: ‘dplyr’

The following objects are masked from ‘package:stats’:

    filter, lag

The following objects are masked from ‘package:base’:

    intersect, setdiff, setequal, union

Loading required package: splines
Loading required package: foreach
Loaded gam 1.20.2

Super Learner
Version: 2.0-28
Package created on 2021-05-04

Loading required package: lattice
Loading required package: ggplot2
Loading required package: Matrix
Loaded glmnet 4.1-7
Loading required package: Formula
Loading required package: plotmo
Loading required package: plotrix
Loading required package: TeachingDemos
Loaded gbm 2.1.8.1

Attaching package: ‘xgboost’

The following object is masked from ‘package:dplyr’:

    slice

[1] "[Simulation setting]"
[1] "m: 100"
[1] "deltas: 0.5, 1, 2"
[1] "Sim.id 1"
[1] "Data generated"
[1] "   Split: 1"
[1] "   Split: 2"
[1] "Estimates and SE estimates computed"
[1] ""
[[1]]
[[1]]$est
  delta        mu      mu_1      mu_0         de        se_1        se_0
1   0.5 0.3952136 0.2316540 0.4951904 -0.2635363  0.02497975  0.02685683
2   1.0 0.3245389 0.2066743 0.4683335 -0.2616593  0.00000000  0.00000000
3   2.0 0.2604105 0.1720836 0.4577897 -0.2857061 -0.03459070 -0.01054386
           oe         te
1  0.07067478 -0.2366795
2  0.00000000 -0.2616593
3 -0.06412841 -0.2962500

[[1]]$se
  delta         mu       mu_1       mu_0         de       se_1       se_0
1   0.5 0.03784233 0.03388453 0.05083509 0.05239109 0.01866222 0.02492995
2   1.0 0.03036423 0.03644349 0.03951349 0.04566078 0.00000000 0.00000000
3   2.0 0.03616438 0.05111291 0.04120024 0.05925693 0.02539609 0.01881310
          oe         te
1 0.01946024 0.04245634
2 0.00000000 0.04566078
3 0.01792837 0.05749227


[1] "Total run time was 43.914 seconds"
