WARNING: ignoring environment value of R_HOME

Attaching package: ‘dplyr’

The following objects are masked from ‘package:stats’:

    filter, lag

The following objects are masked from ‘package:base’:

    intersect, setdiff, setequal, union

Loading required package: splines
Loading required package: foreach
Loaded gam 1.20.2

Super Learner
Version: 2.0-28
Package created on 2021-05-04

Loading required package: lattice
Loading required package: ggplot2
Loading required package: Matrix
Loaded glmnet 4.1-7
Loading required package: Formula
Loading required package: plotmo
Loading required package: plotrix
Loading required package: TeachingDemos
Loaded gbm 2.1.8.1

Attaching package: ‘xgboost’

The following object is masked from ‘package:dplyr’:

    slice

[1] "[Simulation setting]"
[1] "m: 100"
[1] "deltas: 0.5, 1, 2"
[1] "Sim.id 1"
[1] "Data generated"
[1] "   Split: 1"
[1] "   Split: 2"
[1] "Estimates and SE estimates computed"
[1] ""
[[1]]
[[1]]$est
  delta        mu      mu_1      mu_0         de        se_1        se_0
1   0.5 0.4707276 0.2972969 0.5859124 -0.2886155  0.01426280  0.02879225
2   1.0 0.3978551 0.2830341 0.5571201 -0.2740860  0.00000000  0.00000000
3   2.0 0.3344499 0.2598064 0.5439392 -0.2841327 -0.02322764 -0.01318097
           oe         te
1  0.07287244 -0.2598232
2  0.00000000 -0.2740860
3 -0.06340521 -0.2973137

[[1]]$se
  delta         mu       mu_1       mu_0         de       se_1       se_0
1   0.5 0.03783105 0.04135269 0.04676531 0.05423082 0.02142348 0.02037081
2   1.0 0.03353552 0.03672555 0.04038208 0.04307881 0.00000000 0.00000000
3   2.0 0.03802581 0.04437899 0.04096206 0.05235160 0.02030415 0.01642323
          oe         te
1 0.01675898 0.04717951
2 0.00000000 0.04307881
3 0.01885021 0.05129048


[1] "Total run time was 29.019 seconds"
