WARNING: ignoring environment value of R_HOME

Attaching package: ‘dplyr’

The following objects are masked from ‘package:stats’:

    filter, lag

The following objects are masked from ‘package:base’:

    intersect, setdiff, setequal, union

Loading required package: splines
Loading required package: foreach
Loaded gam 1.20.2

Super Learner
Version: 2.0-28
Package created on 2021-05-04

Loading required package: lattice
Loading required package: ggplot2
Loading required package: Matrix
Loaded glmnet 4.1-7
Loading required package: Formula
Loading required package: plotmo
Loading required package: plotrix
Loading required package: TeachingDemos
Loaded gbm 2.1.8.1

Attaching package: ‘xgboost’

The following object is masked from ‘package:dplyr’:

    slice

[1] "[Simulation setting]"
[1] "m: 100"
[1] "deltas: 0.5, 1, 2"
[1] "Sim.id 1"
[1] "Data generated"
[1] "   Split: 1"
[1] "   Split: 2"
[1] "Estimates and SE estimates computed"
[1] ""
[[1]]
[[1]]$est
  delta        mu      mu_1      mu_0         de        se_1        se_0
1   0.5 0.4776509 0.3218975 0.5786286 -0.2567311  0.04774453  0.02423136
2   1.0 0.3944989 0.2741530 0.5543973 -0.2802443  0.00000000  0.00000000
3   2.0 0.3258867 0.2480777 0.5427759 -0.2946982 -0.02607531 -0.01162138
           oe         te
1  0.08315202 -0.2324998
2  0.00000000 -0.2802443
3 -0.06861222 -0.3063196

[[1]]$se
  delta         mu       mu_1       mu_0         de       se_1       se_0
1   0.5 0.03860410 0.03435713 0.05492768 0.06097681 0.01690077 0.03005597
2   1.0 0.02997415 0.02681836 0.04362589 0.04510113 0.00000000 0.00000000
3   2.0 0.02786789 0.02764963 0.04498577 0.04566000 0.01335784 0.02155749
         oe         te
1 0.0198256 0.05024195
2 0.0000000 0.04510113
3 0.0136392 0.04542074


[1] "Total run time was 20.609 seconds"
