WARNING: ignoring environment value of R_HOME

Attaching package: ‘dplyr’

The following objects are masked from ‘package:stats’:

    filter, lag

The following objects are masked from ‘package:base’:

    intersect, setdiff, setequal, union

Loading required package: splines
Loading required package: foreach
Loaded gam 1.20.2

Super Learner
Version: 2.0-28
Package created on 2021-05-04

Loading required package: lattice
Loading required package: ggplot2
Loading required package: Matrix
Loaded glmnet 4.1-7
Loading required package: Formula
Loading required package: plotmo
Loading required package: plotrix
Loading required package: TeachingDemos
Loaded gbm 2.1.8.1

Attaching package: ‘xgboost’

The following object is masked from ‘package:dplyr’:

    slice

[1] "[Simulation setting]"
[1] "m: 100"
[1] "deltas: 0.5, 1, 2"
[1] "Sim.id 1"
[1] "Data generated"
[1] "   Split: 1"
[1] "   Split: 2"
[1] "Estimates and SE estimates computed"
[1] ""
[[1]]
[[1]]$est
  delta        mu      mu_1      mu_0         de        se_1       se_0
1   0.5 0.4178290 0.3002648 0.4881978 -0.1879330  0.04452752 0.02029837
2   1.0 0.3514773 0.2557373 0.4678995 -0.2121622  0.00000000 0.00000000
3   2.0 0.2958135 0.2195098 0.4796662 -0.2601564 -0.03622743 0.01176676
           oe         te
1  0.06635168 -0.1676347
2  0.00000000 -0.2121622
3 -0.05566383 -0.2483896

[[1]]$se
  delta         mu       mu_1       mu_0         de       se_1       se_0
1   0.5 0.03052545 0.03906818 0.04193448 0.05557513 0.01827479 0.01942508
2   1.0 0.02822377 0.03152000 0.03999105 0.04723547 0.00000000 0.00000000
3   2.0 0.02947649 0.03173784 0.04586926 0.05222151 0.01364977 0.01970211
          oe         te
1 0.01392642 0.05306370
2 0.00000000 0.04723547
3 0.01216926 0.04745282


[1] "Total run time was 26.487 seconds"
