WARNING: ignoring environment value of R_HOME

Attaching package: ‘dplyr’

The following objects are masked from ‘package:stats’:

    filter, lag

The following objects are masked from ‘package:base’:

    intersect, setdiff, setequal, union

Loading required package: splines
Loading required package: foreach
Loaded gam 1.20.2

Super Learner
Version: 2.0-28
Package created on 2021-05-04

Loading required package: lattice
Loading required package: ggplot2
Loading required package: Matrix
Loaded glmnet 4.1-7
Loading required package: Formula
Loading required package: plotmo
Loading required package: plotrix
Loading required package: TeachingDemos
Loaded gbm 2.1.8.1

Attaching package: ‘xgboost’

The following object is masked from ‘package:dplyr’:

    slice

[1] "[Simulation setting]"
[1] "m: 100"
[1] "deltas: 0.5, 1, 2"
[1] "Sim.id 1"
[1] "Data generated"
[1] "   Split: 1"
[1] "   Split: 2"
[1] "Estimates and SE estimates computed"
[1] ""
[[1]]
[[1]]$est
  delta        mu      mu_1      mu_0         de        se_1         se_0
1   0.5 0.4040158 0.2735705 0.4454592 -0.1718887  0.02545963 -0.003871274
2   1.0 0.3542818 0.2481109 0.4493305 -0.2012196  0.00000000  0.000000000
3   2.0 0.2944805 0.2145173 0.4559798 -0.2414624 -0.03359356  0.006649305
           oe         te
1  0.04973393 -0.1757599
2  0.00000000 -0.2012196
3 -0.05980137 -0.2348131

[[1]]$se
  delta         mu       mu_1       mu_0         de       se_1       se_0
1   0.5 0.03129866 0.03664340 0.04791081 0.05724793 0.01859174 0.02542779
2   1.0 0.02925495 0.03448614 0.03944729 0.04611771 0.00000000 0.00000000
3   2.0 0.03354070 0.03684607 0.04474862 0.04998872 0.01352613 0.02059416
          oe         te
1 0.01821782 0.04833148
2 0.00000000 0.04611771
3 0.01331122 0.04787512


[1] "Total run time was 28.266 seconds"
