WARNING: ignoring environment value of R_HOME

Attaching package: ‘dplyr’

The following objects are masked from ‘package:stats’:

    filter, lag

The following objects are masked from ‘package:base’:

    intersect, setdiff, setequal, union

Loading required package: splines
Loading required package: foreach
Loaded gam 1.20.2

Super Learner
Version: 2.0-28
Package created on 2021-05-04

Loading required package: lattice
Loading required package: ggplot2
Loading required package: Matrix
Loaded glmnet 4.1-7
Loading required package: Formula
Loading required package: plotmo
Loading required package: plotrix
Loading required package: TeachingDemos
Loaded gbm 2.1.8.1

Attaching package: ‘xgboost’

The following object is masked from ‘package:dplyr’:

    slice

[1] "[Simulation setting]"
[1] "m: 100"
[1] "deltas: 0.5, 1, 2"
[1] "Sim.id 1"
[1] "Data generated"
[1] "   Split: 1"
[1] "   Split: 2"
[1] "Estimates and SE estimates computed"
[1] ""
[[1]]
[[1]]$est
  delta        mu      mu_1      mu_0         de        se_1        se_0
1   0.5 0.4559142 0.2293688 0.6191879 -0.3898191  0.03134177  0.08407369
2   1.0 0.3371766 0.1980270 0.5351142 -0.3370871  0.00000000  0.00000000
3   2.0 0.2454710 0.1630632 0.4755530 -0.3124897 -0.03496383 -0.05956122
           oe         te
1  0.11873760 -0.3057454
2  0.00000000 -0.3370871
3 -0.09170556 -0.3720510

[[1]]$se
  delta         mu       mu_1       mu_0         de       se_1       se_0
1   0.5 0.04544150 0.03368497 0.06767428 0.06886255 0.01933096 0.03643735
2   1.0 0.03174616 0.03294992 0.04708914 0.05033545 0.00000000 0.00000000
3   2.0 0.03933209 0.04861337 0.04928485 0.06355529 0.02669172 0.02498900
          oe         te
1 0.02651976 0.05038036
2 0.00000000 0.05033545
3 0.02231445 0.06205476


[1] "Total run time was 31.803 seconds"
