WARNING: ignoring environment value of R_HOME

Attaching package: ‘dplyr’

The following objects are masked from ‘package:stats’:

    filter, lag

The following objects are masked from ‘package:base’:

    intersect, setdiff, setequal, union

Loading required package: splines
Loading required package: foreach
Loaded gam 1.20.2

Super Learner
Version: 2.0-28
Package created on 2021-05-04

Loading required package: lattice
Loading required package: ggplot2
Loading required package: Matrix
Loaded glmnet 4.1-7
Loading required package: Formula
Loading required package: plotmo
Loading required package: plotrix
Loading required package: TeachingDemos
Loaded gbm 2.1.8.1

Attaching package: ‘xgboost’

The following object is masked from ‘package:dplyr’:

    slice

[1] "[Simulation setting]"
[1] "m: 100"
[1] "deltas: 0.5, 1, 2"
[1] "Sim.id 1"
[1] "Data generated"
[1] "   Split: 1"
[1] "   Split: 2"
[1] "Estimates and SE estimates computed"
[1] ""
[[1]]
[[1]]$est
  delta        mu      mu_1      mu_0         de         se_1         se_0
1   0.5 0.4237759 0.2317567 0.5386796 -0.3069228  0.004837382  0.008465461
2   1.0 0.3587393 0.2269194 0.5302141 -0.3032947  0.000000000  0.000000000
3   2.0 0.2963680 0.2146994 0.5032338 -0.2885343 -0.012219914 -0.026980314
           oe         te
1  0.06503660 -0.2984574
2  0.00000000 -0.3032947
3 -0.06237135 -0.3155147

[[1]]$se
  delta         mu       mu_1       mu_0         de       se_1       se_0
1   0.5 0.03919700 0.03716905 0.05514360 0.05850446 0.02102105 0.02612978
2   1.0 0.03048038 0.03105275 0.04231991 0.04309128 0.00000000 0.00000000
3   2.0 0.03110164 0.03870750 0.04443958 0.05461276 0.02034724 0.02521791
          oe         te
1 0.02082649 0.04617195
2 0.00000000 0.04309128
3 0.01587902 0.05085715


[1] "Total run time was 17.441 seconds"
