WARNING: ignoring environment value of R_HOME

Attaching package: ‘dplyr’

The following objects are masked from ‘package:stats’:

    filter, lag

The following objects are masked from ‘package:base’:

    intersect, setdiff, setequal, union

Loading required package: splines
Loading required package: foreach
Loaded gam 1.20.2

Super Learner
Version: 2.0-28
Package created on 2021-05-04

Loading required package: lattice
Loading required package: ggplot2
Loading required package: Matrix
Loaded glmnet 4.1-7
Loading required package: Formula
Loading required package: plotmo
Loading required package: plotrix
Loading required package: TeachingDemos
Loaded gbm 2.1.8.1

Attaching package: ‘xgboost’

The following object is masked from ‘package:dplyr’:

    slice

[1] "[Simulation setting]"
[1] "m: 100"
[1] "deltas: 0.5, 1, 2"
[1] "Sim.id 1"
[1] "Data generated"
[1] "   Split: 1"
[1] "   Split: 2"
[1] "Estimates and SE estimates computed"
[1] ""
[[1]]
[[1]]$est
  delta        mu      mu_1      mu_0         de       se_1         se_0
1   0.5 0.4056882 0.2104278 0.5246118 -0.3141840 0.00113453  0.001013714
2   1.0 0.3433099 0.2092933 0.5235981 -0.3143048 0.00000000  0.000000000
3   2.0 0.2957857 0.2255038 0.5022371 -0.2767333 0.01621047 -0.021361011
           oe         te
1  0.06237826 -0.3131703
2  0.00000000 -0.3143048
3 -0.04752426 -0.2980943

[[1]]$se
  delta         mu       mu_1       mu_0         de       se_1       se_0
1   0.5 0.03571441 0.03324107 0.04733331 0.04954766 0.01849598 0.02216582
2   1.0 0.02771572 0.02912345 0.04411284 0.04986597 0.00000000 0.00000000
3   2.0 0.02861490 0.03521122 0.05076241 0.06055729 0.01635102 0.02294719
          oe         te
1 0.01825655 0.04921514
2 0.00000000 0.04986597
3 0.01587173 0.05442423


[1] "Total run time was 24.607 seconds"
