WARNING: ignoring environment value of R_HOME

Attaching package: ‘dplyr’

The following objects are masked from ‘package:stats’:

    filter, lag

The following objects are masked from ‘package:base’:

    intersect, setdiff, setequal, union

Loading required package: splines
Loading required package: foreach
Loaded gam 1.20.2

Super Learner
Version: 2.0-28
Package created on 2021-05-04

Loading required package: lattice
Loading required package: ggplot2
Loading required package: Matrix
Loaded glmnet 4.1-7
Loading required package: Formula
Loading required package: plotmo
Loading required package: plotrix
Loading required package: TeachingDemos
Loaded gbm 2.1.8.1

Attaching package: ‘xgboost’

The following object is masked from ‘package:dplyr’:

    slice

[1] "[Simulation setting]"
[1] "m: 100"
[1] "deltas: 0.5, 1, 2"
[1] "Sim.id 1"
[1] "Data generated"
[1] "   Split: 1"
[1] "   Split: 2"
[1] "Estimates and SE estimates computed"
[1] ""
[[1]]
[[1]]$est
  delta        mu      mu_1      mu_0         de          se_1        se_0
1   0.5 0.4164880 0.2663244 0.5154707 -0.2491463 -0.0005734248 -0.01603574
2   1.0 0.3816253 0.2668979 0.5315064 -0.2646086  0.0000000000  0.00000000
3   2.0 0.3587641 0.2836744 0.5477039 -0.2640296  0.0167765089  0.01619750
           oe         te
1  0.03486269 -0.2651820
2  0.00000000 -0.2646086
3 -0.02286125 -0.2478321

[[1]]$se
  delta         mu       mu_1       mu_0         de       se_1       se_0
1   0.5 0.03936297 0.03355668 0.06092645 0.06398896 0.01678491 0.03716528
2   1.0 0.02829526 0.03076536 0.04019503 0.04392037 0.00000000 0.00000000
3   2.0 0.03017427 0.03428576 0.04419990 0.05127702 0.01360540 0.02120187
          oe         te
1 0.02446345 0.04447196
2 0.00000000 0.04392037
3 0.01437029 0.04740411


[1] "Total run time was 30.422 seconds"
