WARNING: ignoring environment value of R_HOME

Attaching package: ‘dplyr’

The following objects are masked from ‘package:stats’:

    filter, lag

The following objects are masked from ‘package:base’:

    intersect, setdiff, setequal, union

Loading required package: splines
Loading required package: foreach
Loaded gam 1.20.2

Super Learner
Version: 2.0-28
Package created on 2021-05-04

Loading required package: lattice
Loading required package: ggplot2
Loading required package: Matrix
Loaded glmnet 4.1-7
Loading required package: Formula
Loading required package: plotmo
Loading required package: plotrix
Loading required package: TeachingDemos
Loaded gbm 2.1.8.1

Attaching package: ‘xgboost’

The following object is masked from ‘package:dplyr’:

    slice

[1] "[Simulation setting]"
[1] "m: 100"
[1] "deltas: 0.5, 1, 2"
[1] "Sim.id 1"
[1] "Data generated"
[1] "   Split: 1"
[1] "   Split: 2"
[1] "Estimates and SE estimates computed"
[1] ""
[[1]]
[[1]]$est
  delta        mu      mu_1      mu_0         de        se_1         se_0
1   0.5 0.4503533 0.2955831 0.5774066 -0.2818235  0.03162475 0.0231713286
2   1.0 0.3746952 0.2639583 0.5542352 -0.2902769  0.00000000 0.0000000000
3   2.0 0.3115004 0.2367164 0.5547372 -0.3180207 -0.02724191 0.0005019103
           oe         te
1  0.07565813 -0.2586522
2  0.00000000 -0.2902769
3 -0.06319483 -0.3175188

[[1]]$se
  delta         mu       mu_1       mu_0         de       se_1       se_0
1   0.5 0.03519035 0.04217264 0.06002340 0.07561800 0.02237423 0.02662615
2   1.0 0.02868999 0.03232554 0.05178119 0.06265457 0.00000000 0.00000000
3   2.0 0.03103646 0.03522919 0.05242885 0.06419117 0.01702438 0.02274972
          oe         te
1 0.01709114 0.07060136
2 0.00000000 0.06265457
3 0.01550815 0.06250955


[1] "Total run time was 29.623 seconds"
