WARNING: ignoring environment value of R_HOME

Attaching package: ‘dplyr’

The following objects are masked from ‘package:stats’:

    filter, lag

The following objects are masked from ‘package:base’:

    intersect, setdiff, setequal, union

Loading required package: splines
Loading required package: foreach
Loaded gam 1.20.2

Super Learner
Version: 2.0-28
Package created on 2021-05-04

Loading required package: lattice
Loading required package: ggplot2
Loading required package: Matrix
Loaded glmnet 4.1-7
Loading required package: Formula
Loading required package: plotmo
Loading required package: plotrix
Loading required package: TeachingDemos
Loaded gbm 2.1.8.1

Attaching package: ‘xgboost’

The following object is masked from ‘package:dplyr’:

    slice

[1] "[Simulation setting]"
[1] "m: 100"
[1] "deltas: 0.5, 1, 2"
[1] "Sim.id 1"
[1] "Data generated"
[1] "   Split: 1"
[1] "   Split: 2"
[1] "Estimates and SE estimates computed"
[1] ""
[[1]]
[[1]]$est
  delta        mu      mu_1      mu_0         de        se_1        se_0
1   0.5 0.4708806 0.2782794 0.5767593 -0.2984799  0.03228259  0.02896768
2   1.0 0.3811740 0.2459968 0.5477916 -0.3017948  0.00000000  0.00000000
3   2.0 0.2970195 0.2159625 0.5020865 -0.2861240 -0.03003425 -0.04570510
           oe         te
1  0.08970656 -0.2695123
2  0.00000000 -0.3017948
3 -0.08415454 -0.3318291

[[1]]$se
  delta         mu       mu_1       mu_0         de       se_1       se_0
1   0.5 0.03898402 0.03867330 0.05572517 0.06025405 0.02318411 0.02699958
2   1.0 0.03275904 0.03125497 0.04882177 0.04792204 0.00000000 0.00000000
3   2.0 0.03312503 0.03453614 0.05637109 0.05791145 0.01449156 0.02778837
          oe         te
1 0.01967707 0.05217569
2 0.00000000 0.04792204
3 0.01460065 0.05148265


[1] "Total run time was 35.379 seconds"
