WARNING: ignoring environment value of R_HOME

Attaching package: ‘dplyr’

The following objects are masked from ‘package:stats’:

    filter, lag

The following objects are masked from ‘package:base’:

    intersect, setdiff, setequal, union

Loading required package: splines
Loading required package: foreach
Loaded gam 1.20.2

Super Learner
Version: 2.0-28
Package created on 2021-05-04

Loading required package: lattice
Loading required package: ggplot2
Loading required package: Matrix
Loaded glmnet 4.1-7
Loading required package: Formula
Loading required package: plotmo
Loading required package: plotrix
Loading required package: TeachingDemos
Loaded gbm 2.1.8.1

Attaching package: ‘xgboost’

The following object is masked from ‘package:dplyr’:

    slice

[1] "[Simulation setting]"
[1] "m: 100"
[1] "deltas: 0.5, 1, 2"
[1] "Sim.id 1"
[1] "Data generated"
[1] "   Split: 1"
[1] "   Split: 2"
[1] "Estimates and SE estimates computed"
[1] ""
[[1]]
[[1]]$est
  delta        mu      mu_1      mu_0         de        se_1        se_0
1   0.5 0.4060982 0.2355926 0.5048818 -0.2692892 0.011561783  0.01465742
2   1.0 0.3473430 0.2240308 0.4902244 -0.2661936 0.000000000  0.00000000
3   2.0 0.3048325 0.2332159 0.4673335 -0.2341177 0.009185037 -0.02289087
           oe         te
1  0.05875515 -0.2546318
2  0.00000000 -0.2661936
3 -0.04251050 -0.2570085

[[1]]$se
  delta         mu       mu_1       mu_0         de       se_1       se_0
1   0.5 0.03734120 0.03658765 0.04690263 0.04937618 0.01838419 0.02395639
2   1.0 0.03081484 0.03022403 0.04010393 0.03804470 0.00000000 0.00000000
3   2.0 0.03174053 0.03458117 0.04517250 0.04644271 0.01736040 0.02149497
          oe         te
1 0.01868483 0.04134412
2 0.00000000 0.03804470
3 0.01619286 0.04329040


[1] "Total run time was 33.982 seconds"
