WARNING: ignoring environment value of R_HOME

Attaching package: ‘dplyr’

The following objects are masked from ‘package:stats’:

    filter, lag

The following objects are masked from ‘package:base’:

    intersect, setdiff, setequal, union

Loading required package: splines
Loading required package: foreach
Loaded gam 1.20.2

Super Learner
Version: 2.0-28
Package created on 2021-05-04

Loading required package: lattice
Loading required package: ggplot2
Loading required package: Matrix
Loaded glmnet 4.1-7
Loading required package: Formula
Loading required package: plotmo
Loading required package: plotrix
Loading required package: TeachingDemos
Loaded gbm 2.1.8.1

Attaching package: ‘xgboost’

The following object is masked from ‘package:dplyr’:

    slice

[1] "[Simulation setting]"
[1] "m: 100"
[1] "deltas: 0.5, 1, 2"
[1] "Sim.id 1"
[1] "Data generated"
[1] "   Split: 1"
[1] "   Split: 2"
[1] "Estimates and SE estimates computed"
[1] ""
[[1]]
[[1]]$est
  delta        mu      mu_1      mu_0         de        se_1        se_0
1   0.5 0.4842479 0.2985527 0.6314245 -0.3328718  0.03494482  0.04190322
2   1.0 0.3846310 0.2636079 0.5895213 -0.3259134  0.00000000  0.00000000
3   2.0 0.3126856 0.2499655 0.5489486 -0.2989831 -0.01364243 -0.04057270
           oe         te
1  0.09961693 -0.2909686
2  0.00000000 -0.3259134
3 -0.07194531 -0.3395558

[[1]]$se
  delta         mu       mu_1       mu_0         de       se_1       se_0
1   0.5 0.03361963 0.03732244 0.04570782 0.05820122 0.02237298 0.02179533
2   1.0 0.02869507 0.02921339 0.04155931 0.04838384 0.00000000 0.00000000
3   2.0 0.03379033 0.04159794 0.04626383 0.06026340 0.02435749 0.02020008
          oe         te
1 0.01680379 0.05473665
2 0.00000000 0.04838384
3 0.01993577 0.05632468


[1] "Total run time was 23.877 seconds"
