WARNING: ignoring environment value of R_HOME

Attaching package: ‘dplyr’

The following objects are masked from ‘package:stats’:

    filter, lag

The following objects are masked from ‘package:base’:

    intersect, setdiff, setequal, union

Loading required package: splines
Loading required package: foreach
Loaded gam 1.20.2

Super Learner
Version: 2.0-28
Package created on 2021-05-04

Loading required package: lattice
Loading required package: ggplot2
Loading required package: Matrix
Loaded glmnet 4.1-7
Loading required package: Formula
Loading required package: plotmo
Loading required package: plotrix
Loading required package: TeachingDemos
Loaded gbm 2.1.8.1

Attaching package: ‘xgboost’

The following object is masked from ‘package:dplyr’:

    slice

[1] "[Simulation setting]"
[1] "m: 100"
[1] "deltas: 0.5, 1, 2"
[1] "Sim.id 1"
[1] "Data generated"
[1] "   Split: 1"
[1] "   Split: 2"
[1] "Estimates and SE estimates computed"
[1] ""
[[1]]
[[1]]$est
  delta        mu      mu_1      mu_0         de        se_1        se_0
1   0.5 0.3957010 0.2302607 0.4942082 -0.2639475  0.02810668 -0.01288779
2   1.0 0.3357514 0.2021540 0.5070960 -0.3049420  0.00000000  0.00000000
3   2.0 0.2555932 0.1642923 0.4966572 -0.3323649 -0.03786165 -0.01043880
           oe         te
1  0.05994960 -0.2768353
2  0.00000000 -0.3049420
3 -0.08015828 -0.3428037

[[1]]$se
  delta         mu       mu_1       mu_0         de       se_1       se_0
1   0.5 0.04881633 0.03546473 0.07804722 0.08244682 0.01530660 0.04702266
2   1.0 0.03105718 0.03063743 0.04614311 0.05030620 0.00000000 0.00000000
3   2.0 0.02967991 0.02952194 0.04527144 0.04789926 0.01236488 0.02402326
          oe         te
1 0.03131632 0.05259209
2 0.00000000 0.05030620
3 0.01384348 0.05044162


[1] "Total run time was 33.777 seconds"
