WARNING: ignoring environment value of R_HOME

Attaching package: ‘dplyr’

The following objects are masked from ‘package:stats’:

    filter, lag

The following objects are masked from ‘package:base’:

    intersect, setdiff, setequal, union

Loading required package: splines
Loading required package: foreach
Loaded gam 1.20.2

Super Learner
Version: 2.0-28
Package created on 2021-05-04

Loading required package: lattice
Loading required package: ggplot2
Loading required package: Matrix
Loaded glmnet 4.1-7
Loading required package: Formula
Loading required package: plotmo
Loading required package: plotrix
Loading required package: TeachingDemos
Loaded gbm 2.1.8.1

Attaching package: ‘xgboost’

The following object is masked from ‘package:dplyr’:

    slice

[1] "[Simulation setting]"
[1] "m: 100"
[1] "deltas: 0.5, 1, 2"
[1] "Sim.id 1"
[1] "Data generated"
[1] "   Split: 1"
[1] "   Split: 2"
[1] "Estimates and SE estimates computed"
[1] ""
[[1]]
[[1]]$est
  delta        mu      mu_1      mu_0         de          se_1        se_0
1   0.5 0.4060969 0.1925414 0.5647121 -0.3721707  0.0029735204  0.03932079
2   1.0 0.3216391 0.1895678 0.5253913 -0.3358235  0.0000000000  0.00000000
3   2.0 0.2600862 0.1890728 0.4927701 -0.3036973 -0.0004950277 -0.03262119
           oe         te
1  0.08445776 -0.3328499
2  0.00000000 -0.3358235
3 -0.06155288 -0.3363185

[[1]]$se
  delta         mu       mu_1       mu_0         de        se_1       se_0
1   0.5 0.03391574 0.02523224 0.04919785 0.05301977 0.011120974 0.02559359
2   1.0 0.02659131 0.02689366 0.04224372 0.04744980 0.000000000 0.00000000
3   2.0 0.02542993 0.02831009 0.05036180 0.05748305 0.008795262 0.02358749
          oe         te
1 0.01647575 0.04759003
2 0.00000000 0.04744980
3 0.01034868 0.04777422


[1] "Total run time was 38.731 seconds"
